<?xml version="1.0" encoding="UTF-8"?>
<testsuites>
  <testsuite name="DataJoint" timestamp="2023-06-05T13:15:06Z" hostname="539e4dfdae9e" tests="4" skipped="0" failures="0" errors="0" time="1.258">
    <testcase time="1.137" classname="DataJoint" name="DataJoint_errors_if_subjects_don_t_allign_after"/>
    <testcase time="0.0699999999999998" classname="DataJoint" name="DataJoint_errors_if_subjects_don_t_allign_after"/>
    <testcase time="0.0390000000000001" classname="DataJoint" name="DataJoint_errors_if_subjects_don_t_allign_after"/>
    <testcase time="0.012" classname="DataJoint" name="DataJoint_errors_if_subjects_don_t_allign_after"/>
  </testsuite>
  <testsuite name="DataLongitudinal" timestamp="2023-06-05T13:15:07Z" hostname="539e4dfdae9e" tests="10" skipped="0" failures="0" errors="0" time="0.093">
    <testcase time="0.04" classname="DataLongitudinal" name="DataLongitudinal_being_rendered_to_list_is_as_expected_for_simple_inputs"/>
    <testcase time="0.00599999999999978" classname="DataLongitudinal" name="DataLongitudinal_being_rendered_to_list_is_as_expected_for_simple_inputs"/>
    <testcase time="0.00600000000000023" classname="DataLongitudinal" name="DataLongitudinal_being_rendered_to_list_is_as_expected_for_simple_inputs"/>
    <testcase time="0.00599999999999978" classname="DataLongitudinal" name="DataLongitudinal_being_rendered_to_list_is_as_expected_for_simple_inputs"/>
    <testcase time="0.00700000000000012" classname="DataLongitudinal" name="DataLongitudinal_being_rendered_to_list_is_as_expected_for_simple_inputs"/>
    <testcase time="0.00700000000000012" classname="DataLongitudinal" name="DataLongitudinal_being_rendered_to_list_is_as_expected_for_simple_inputs"/>
    <testcase time="0.00700000000000012" classname="DataLongitudinal" name="DataLongitudinal_being_rendered_to_list_is_as_expected_for_simple_inputs"/>
    <testcase time="0.00599999999999978" classname="DataLongitudinal" name="DataLongitudinal_being_rendered_to_list_is_as_expected_for_simple_inputs"/>
    <testcase time="0.00600000000000023" classname="DataLongitudinal" name="DataLongitudinal_being_rendered_to_list_is_as_expected_for_simple_inputs"/>
    <testcase time="0.00199999999999978" classname="DataLongitudinal" name="DataLongitudinal_being_rendered_to_list_is_as_expected_for_simple_inputs"/>
  </testsuite>
  <testsuite name="DataSurvival" timestamp="2023-06-05T13:15:07Z" hostname="539e4dfdae9e" tests="10" skipped="0" failures="0" errors="0" time="0.117">
    <testcase time="0.0499999999999998" classname="DataSurvival" name="Error_Handling"/>
    <testcase time="0.0150000000000006" classname="DataSurvival" name="as.list_returns_expected_values"/>
    <testcase time="0.00699999999999967" classname="DataSurvival" name="as.list_returns_expected_values"/>
    <testcase time="0.00699999999999967" classname="DataSurvival" name="as.list_returns_expected_values"/>
    <testcase time="0.00700000000000056" classname="DataSurvival" name="as.list_returns_expected_values"/>
    <testcase time="0.00599999999999934" classname="DataSurvival" name="as.list_returns_expected_values"/>
    <testcase time="0.00700000000000056" classname="DataSurvival" name="as.list_returns_expected_values"/>
    <testcase time="0.00600000000000023" classname="DataSurvival" name="as.list_returns_expected_values"/>
    <testcase time="0.00599999999999934" classname="DataSurvival" name="as.list_returns_expected_values"/>
    <testcase time="0.00600000000000023" classname="DataSurvival" name="as.list_returns_expected_values"/>
  </testsuite>
  <testsuite name="JointModel" timestamp="2023-06-05T13:15:07Z" hostname="539e4dfdae9e" tests="2" skipped="0" failures="0" errors="0" time="0.692">
    <testcase time="0.686" classname="JointModel" name="JointModel_smoke_tests"/>
    <testcase time="0.00600000000000023" classname="JointModel" name="JointModel_smoke_tests"/>
  </testsuite>
  <testsuite name="JointModelSamples" timestamp="2023-06-05T13:15:08Z" hostname="539e4dfdae9e" tests="17" skipped="0" failures="0" errors="0" time="10.561">
    <testcase time="0.378" classname="JointModelSamples" name="longitudinal_works_as_expected_for_JointModelSamples"/>
    <testcase time="9.248" classname="JointModelSamples" name="longitudinal_works_as_expected_for_JointModelSamples"/>
    <testcase time="0.00200000000000067" classname="JointModelSamples" name="longitudinal_works_as_expected_for_JointModelSamples"/>
    <testcase time="0.00200000000000067" classname="JointModelSamples" name="longitudinal_works_as_expected_for_JointModelSamples"/>
    <testcase time="0.00599999999999845" classname="JointModelSamples" name="longitudinal_works_as_expected_for_JointModelSamples"/>
    <testcase time="0.00200000000000067" classname="JointModelSamples" name="longitudinal_works_as_expected_for_JointModelSamples"/>
    <testcase time="0.000999999999999446" classname="JointModelSamples" name="longitudinal_works_as_expected_for_JointModelSamples"/>
    <testcase time="0.00700000000000145" classname="JointModelSamples" name="longitudinal_works_as_expected_for_JointModelSamples"/>
    <testcase time="0.00199999999999889" classname="JointModelSamples" name="longitudinal_works_as_expected_for_JointModelSamples"/>
    <testcase time="0.00600000000000023" classname="JointModelSamples" name="longitudinal_works_as_expected_for_JointModelSamples"/>
    <testcase time="0.000999999999999446" classname="JointModelSamples" name="longitudinal_works_as_expected_for_JointModelSamples"/>
    <testcase time="0.00600000000000023" classname="JointModelSamples" name="longitudinal_works_as_expected_for_JointModelSamples"/>
    <testcase time="0.00600000000000023" classname="JointModelSamples" name="longitudinal_works_as_expected_for_JointModelSamples"/>
    <testcase time="0.883000000000001" classname="JointModelSamples" name="longitudinal_allows_to_subset_patients"/>
    <testcase time="0.00199999999999889" classname="JointModelSamples" name="longitudinal_allows_to_subset_patients"/>
    <testcase time="0.00200000000000067" classname="JointModelSamples" name="longitudinal_allows_to_subset_patients"/>
    <testcase time="0.00699999999999967" classname="JointModelSamples" name="longitudinal_allows_to_subset_patients"/>
  </testsuite>
  <testsuite name="LinkGSF" timestamp="2023-06-05T13:15:19Z" hostname="539e4dfdae9e" tests="8" skipped="0" failures="0" errors="0" time="0.193">
    <testcase time="0.0129999999999999" classname="LinkGSF" name="LinkGSF_class_initialization_works_as_expected"/>
    <testcase time="0.000999999999999446" classname="LinkGSF" name="LinkGSF_class_initialization_works_as_expected"/>
    <testcase time="0.127000000000001" classname="LinkGSF" name="LinkGSF_user_constructor_works_as_expected_with_defaults"/>
    <testcase time="0.00200000000000067" classname="LinkGSF" name="LinkGSF_user_constructor_works_as_expected_with_defaults"/>
    <testcase time="0.0269999999999992" classname="LinkGSF" name="link_gsf_ttg_user_constructor_works_as_expected_with_defaults"/>
    <testcase time="0.000999999999999446" classname="LinkGSF" name="link_gsf_ttg_user_constructor_works_as_expected_with_defaults"/>
    <testcase time="0.0210000000000008" classname="LinkGSF" name="link_gsf_dsld_user_constructor_works_as_expected_with_defaults"/>
    <testcase time="0.000999999999999446" classname="LinkGSF" name="link_gsf_dsld_user_constructor_works_as_expected_with_defaults"/>
  </testsuite>
  <testsuite name="LinkNone" timestamp="2023-06-05T13:15:19Z" hostname="539e4dfdae9e" tests="5" skipped="0" failures="0" errors="0" time="0.043">
    <testcase time="0.0180000000000007" classname="LinkNone" name="LinkNone_object_is_generated_without_unexpected_input"/>
    <testcase time="0.00999999999999979" classname="LinkNone" name="LinkNone_object_is_generated_without_unexpected_input"/>
    <testcase time="0.00500000000000078" classname="LinkNone" name="LinkNone_object_is_generated_without_unexpected_input"/>
    <testcase time="0.00499999999999901" classname="LinkNone" name="LinkNone_object_is_generated_without_unexpected_input"/>
    <testcase time="0.00500000000000078" classname="LinkNone" name="LinkNone_object_is_generated_without_unexpected_input"/>
  </testsuite>
  <testsuite name="LinkRandomSlope" timestamp="2023-06-05T13:15:19Z" hostname="539e4dfdae9e" tests="3" skipped="0" failures="0" errors="0" time="0.041">
    <testcase time="0.0280000000000005" classname="LinkRandomSlope" name="LinkRandomSlope_smoke_tests"/>
    <testcase time="0.00499999999999901" classname="LinkRandomSlope" name="LinkRandomSlope_smoke_tests"/>
    <testcase time="0.0080000000000009" classname="LinkRandomSlope" name="LinkRandomSlope_smoke_tests"/>
  </testsuite>
  <testsuite name="LongitudinalGSF" timestamp="2023-06-05T13:15:19Z" hostname="539e4dfdae9e" tests="4" skipped="0" failures="0" errors="0" time="246.945">
    <testcase time="0.193" classname="LongitudinalGSF" name="LongitudinalGSF_works_as_expected_with_default_arguments"/>
    <testcase time="0.00200000000000067" classname="LongitudinalGSF" name="LongitudinalGSF_works_as_expected_with_default_arguments"/>
    <testcase time="245.356" classname="LongitudinalGSF" name="LongitudinalGSF_works_as_expected_with_a_single_study"/>
    <testcase time="1.39400000000001" classname="LongitudinalGSF" name="LongitudinalGSF_works_as_expected_with_a_single_study"/>
  </testsuite>
  <testsuite name="LongitudinalSamples" timestamp="2023-06-05T13:19:26Z" hostname="539e4dfdae9e" tests="15" skipped="0" failures="0" errors="0" time="1.713">
    <testcase time="0.911999999999978" classname="LongitudinalSamples" name="subsetting_works_as_expected_for_LongitudinalSamples"/>
    <testcase time="0.00200000000000955" classname="LongitudinalSamples" name="subsetting_works_as_expected_for_LongitudinalSamples"/>
    <testcase time="0.00599999999997181" classname="LongitudinalSamples" name="subsetting_works_as_expected_for_LongitudinalSamples"/>
    <testcase time="0.477000000000032" classname="LongitudinalSamples" name="autoplot_works_as_expected_for_LongitudinalSamples"/>
    <testcase time="0.0999999999999659" classname="LongitudinalSamples" name="autoplot_works_as_expected_for_LongitudinalSamples"/>
    <testcase time="0.0100000000000477" classname="LongitudinalSamples" name="autoplot_works_as_expected_for_LongitudinalSamples"/>
    <testcase time="0.00599999999997181" classname="LongitudinalSamples" name="autoplot_works_as_expected_for_LongitudinalSamples"/>
    <testcase time="0.00600000000002865" classname="LongitudinalSamples" name="autoplot_works_as_expected_for_LongitudinalSamples"/>
    <testcase time="0.0799999999999841" classname="LongitudinalSamples" name="autoplot_works_as_expected_for_LongitudinalSamples"/>
    <testcase time="0.007000000000005" classname="LongitudinalSamples" name="autoplot_works_as_expected_for_LongitudinalSamples"/>
    <testcase time="0.00599999999997181" classname="LongitudinalSamples" name="autoplot_works_as_expected_for_LongitudinalSamples"/>
    <testcase time="0.007000000000005" classname="LongitudinalSamples" name="autoplot_works_as_expected_for_LongitudinalSamples"/>
    <testcase time="0.00600000000002865" classname="LongitudinalSamples" name="autoplot_works_as_expected_for_LongitudinalSamples"/>
    <testcase time="0.0830000000000268" classname="LongitudinalSamples" name="autoplot_works_as_expected_for_LongitudinalSamples"/>
    <testcase time="0.00499999999999545" classname="LongitudinalSamples" name="autoplot_works_as_expected_for_LongitudinalSamples"/>
  </testsuite>
  <testsuite name="ParameterList" timestamp="2023-06-05T13:19:28Z" hostname="539e4dfdae9e" tests="3" skipped="0" failures="0" errors="0" time="0.033">
    <testcase time="0.0169999999999959" classname="ParameterList" name="ParameterList_smoke_tests"/>
    <testcase time="0.007000000000005" classname="ParameterList" name="ParameterList_smoke_tests"/>
    <testcase time="0.00899999999995771" classname="ParameterList" name="ParameterList_smoke_tests"/>
  </testsuite>
  <testsuite name="Parameters" timestamp="2023-06-05T13:19:28Z" hostname="539e4dfdae9e" tests="4" skipped="0" failures="0" errors="0" time="0.036">
    <testcase time="0.0180000000000291" classname="Parameters" name="Parameters_smoke_tests"/>
    <testcase time="0.00599999999997181" classname="Parameters" name="Parameters_smoke_tests"/>
    <testcase time="0.00600000000002865" classname="Parameters" name="Parameters_smoke_tests"/>
    <testcase time="0.00599999999997181" classname="Parameters" name="Parameters_smoke_tests"/>
  </testsuite>
  <testsuite name="Prior" timestamp="2023-06-05T13:19:28Z" hostname="539e4dfdae9e" tests="4" skipped="0" failures="0" errors="0" time="0.04">
    <testcase time="0.0190000000000055" classname="Prior" name="Priors_work_as_expected"/>
    <testcase time="0.007000000000005" classname="Prior" name="Priors_work_as_expected"/>
    <testcase time="0.007000000000005" classname="Prior" name="Priors_work_as_expected"/>
    <testcase time="0.007000000000005" classname="Prior" name="Priors_work_as_expected"/>
  </testsuite>
  <testsuite name="compile" timestamp="2023-06-05T13:19:28Z" hostname="539e4dfdae9e" tests="1" skipped="0" failures="0" errors="0" time="10.989">
    <testcase time="10.989" classname="compile" name="compileStanModel_doesn_t_error_if_the_directory_doesn_t_exist"/>
  </testsuite>
  <testsuite name="simulations" timestamp="2023-06-05T13:19:39Z" hostname="539e4dfdae9e" tests="26" skipped="0" failures="0" errors="0" time="1.582">
    <testcase time="0.0169999999999959" classname="simulations" name="sim_lm_gsf_works_as_expected"/>
    <testcase time="0.007000000000005" classname="simulations" name="sim_lm_gsf_works_as_expected"/>
    <testcase time="0.0409999999999968" classname="simulations" name="sim_lm_gsf_works_as_expected"/>
    <testcase time="0.00799999999998136" classname="simulations" name="sim_lm_gsf_works_as_expected"/>
    <testcase time="0.00600000000002865" classname="simulations" name="sim_lm_gsf_works_as_expected"/>
    <testcase time="0.00900000000001455" classname="simulations" name="sim_lm_gsf_works_as_expected"/>
    <testcase time="0.00699999999994816" classname="simulations" name="sim_lm_gsf_works_as_expected"/>
    <testcase time="0.00600000000002865" classname="simulations" name="sim_lm_gsf_works_as_expected"/>
    <testcase time="0.007000000000005" classname="simulations" name="sim_lm_gsf_works_as_expected"/>
    <testcase time="0.00799999999998136" classname="simulations" name="sim_lm_random_slope_works_as_expected"/>
    <testcase time="0.00600000000002865" classname="simulations" name="sim_lm_random_slope_works_as_expected"/>
    <testcase time="0.0260000000000105" classname="simulations" name="sim_lm_random_slope_works_as_expected"/>
    <testcase time="0.00699999999994816" classname="simulations" name="sim_lm_random_slope_works_as_expected"/>
    <testcase time="0.00600000000002865" classname="simulations" name="sim_lm_random_slope_works_as_expected"/>
    <testcase time="0.0110000000000241" classname="simulations" name="sim_lm_random_slope_works_as_expected"/>
    <testcase time="0.00599999999997181" classname="simulations" name="sim_lm_random_slope_works_as_expected"/>
    <testcase time="0.00799999999998136" classname="simulations" name="sim_lm_random_slope_works_as_expected"/>
    <testcase time="0.00600000000002865" classname="simulations" name="sim_lm_random_slope_works_as_expected"/>
    <testcase time="1.358" classname="simulations" name="simulate_joint_data_works_as_expected"/>
    <testcase time="0.00200000000000955" classname="simulations" name="simulate_joint_data_works_as_expected"/>
    <testcase time="0.00199999999995271" classname="simulations" name="simulate_joint_data_works_as_expected"/>
    <testcase time="0.00600000000002865" classname="simulations" name="simulate_joint_data_works_as_expected"/>
    <testcase time="0.007000000000005" classname="simulations" name="simulate_joint_data_works_as_expected"/>
    <testcase time="0.00200000000000955" classname="simulations" name="simulate_joint_data_works_as_expected"/>
    <testcase time="0.00600000000002865" classname="simulations" name="simulate_joint_data_works_as_expected"/>
    <testcase time="0.00699999999994816" classname="simulations" name="simulate_joint_data_works_as_expected"/>
  </testsuite>
  <testsuite name="utilities" timestamp="2023-06-05T13:19:40Z" hostname="539e4dfdae9e" tests="10" skipped="0" failures="0" errors="0" time="0.117">
    <testcase time="0.0180000000000291" classname="utilities" name="get_missing_rownumbers_works_as_expected"/>
    <testcase time="0.0110000000000241" classname="utilities" name="remove_missing_rows_works_as_expected"/>
    <testcase time="0.0109999999999673" classname="utilities" name="expand_initial_values_works_as_expected"/>
    <testcase time="0.0110000000000241" classname="utilities" name="replace_with_lookup_works_and_sets_array_attributes_as_expected"/>
    <testcase time="0.0129999999999768" classname="utilities" name="replace_with_lookup_asserts_sizes_as_numbers_as_expected"/>
    <testcase time="0.0120000000000005" classname="utilities" name="replace_with_lookup_asserts_looked_up_sizes_as_numbers_as_expected"/>
    <testcase time="0.00799999999998136" classname="utilities" name="samples_median_ci_works_as_expected"/>
    <testcase time="0.01400000000001" classname="utilities" name="samples_median_ci_works_as_expected"/>
    <testcase time="0.0080000000000382" classname="utilities" name="samples_median_ci_works_with_a_custom_credibility_level"/>
    <testcase time="0.0109999999999673" classname="utilities" name="samples_median_ci_works_with_a_custom_credibility_level"/>
  </testsuite>
</testsuites>
