<?xml version="1.0" encoding="UTF-8"?>
<testsuites>
  <testsuite name="DataJoint" timestamp="2023-06-06T08:50:18Z" hostname="d77e3a124823" tests="4" skipped="0" failures="0" errors="0" time="0.902">
    <testcase time="0.817" classname="DataJoint" name="DataJoint_errors_if_subjects_don_t_allign_after"/>
    <testcase time="0.048" classname="DataJoint" name="DataJoint_errors_if_subjects_don_t_allign_after"/>
    <testcase time="0.028" classname="DataJoint" name="DataJoint_errors_if_subjects_don_t_allign_after"/>
    <testcase time="0.0089999999999999" classname="DataJoint" name="DataJoint_errors_if_subjects_don_t_allign_after"/>
  </testsuite>
  <testsuite name="DataLongitudinal" timestamp="2023-06-06T08:50:18Z" hostname="d77e3a124823" tests="10" skipped="0" failures="0" errors="0" time="0.063">
    <testcase time="0.0260000000000002" classname="DataLongitudinal" name="DataLongitudinal_being_rendered_to_list_is_as_expected_for_simple_inputs"/>
    <testcase time="0.004" classname="DataLongitudinal" name="DataLongitudinal_being_rendered_to_list_is_as_expected_for_simple_inputs"/>
    <testcase time="0.00499999999999989" classname="DataLongitudinal" name="DataLongitudinal_being_rendered_to_list_is_as_expected_for_simple_inputs"/>
    <testcase time="0.00499999999999989" classname="DataLongitudinal" name="DataLongitudinal_being_rendered_to_list_is_as_expected_for_simple_inputs"/>
    <testcase time="0.00500000000000034" classname="DataLongitudinal" name="DataLongitudinal_being_rendered_to_list_is_as_expected_for_simple_inputs"/>
    <testcase time="0.004" classname="DataLongitudinal" name="DataLongitudinal_being_rendered_to_list_is_as_expected_for_simple_inputs"/>
    <testcase time="0.00499999999999989" classname="DataLongitudinal" name="DataLongitudinal_being_rendered_to_list_is_as_expected_for_simple_inputs"/>
    <testcase time="0.004" classname="DataLongitudinal" name="DataLongitudinal_being_rendered_to_list_is_as_expected_for_simple_inputs"/>
    <testcase time="0.004" classname="DataLongitudinal" name="DataLongitudinal_being_rendered_to_list_is_as_expected_for_simple_inputs"/>
    <testcase time="0.00099999999999989" classname="DataLongitudinal" name="DataLongitudinal_being_rendered_to_list_is_as_expected_for_simple_inputs"/>
  </testsuite>
  <testsuite name="DataSurvival" timestamp="2023-06-06T08:50:19Z" hostname="d77e3a124823" tests="10" skipped="0" failures="0" errors="0" time="0.08">
    <testcase time="0.0369999999999999" classname="DataSurvival" name="Error_Handling"/>
    <testcase time="0.0100000000000002" classname="DataSurvival" name="as.list_returns_expected_values"/>
    <testcase time="0.00499999999999989" classname="DataSurvival" name="as.list_returns_expected_values"/>
    <testcase time="0.004" classname="DataSurvival" name="as.list_returns_expected_values"/>
    <testcase time="0.00499999999999989" classname="DataSurvival" name="as.list_returns_expected_values"/>
    <testcase time="0.004" classname="DataSurvival" name="as.list_returns_expected_values"/>
    <testcase time="0.00300000000000011" classname="DataSurvival" name="as.list_returns_expected_values"/>
    <testcase time="0.004" classname="DataSurvival" name="as.list_returns_expected_values"/>
    <testcase time="0.004" classname="DataSurvival" name="as.list_returns_expected_values"/>
    <testcase time="0.004" classname="DataSurvival" name="as.list_returns_expected_values"/>
  </testsuite>
  <testsuite name="JointModel" timestamp="2023-06-06T08:50:19Z" hostname="d77e3a124823" tests="2" skipped="0" failures="0" errors="0" time="0.397">
    <testcase time="0.393" classname="JointModel" name="JointModel_smoke_tests"/>
    <testcase time="0.004" classname="JointModel" name="JointModel_smoke_tests"/>
  </testsuite>
  <testsuite name="JointModelSamples" timestamp="2023-06-06T08:50:19Z" hostname="d77e3a124823" tests="17" skipped="0" failures="0" errors="0" time="6.21">
    <testcase time="0.295" classname="JointModelSamples" name="longitudinal_works_as_expected_for_JointModelSamples"/>
    <testcase time="5.266" classname="JointModelSamples" name="longitudinal_works_as_expected_for_JointModelSamples"/>
    <testcase time="0.00100000000000122" classname="JointModelSamples" name="longitudinal_works_as_expected_for_JointModelSamples"/>
    <testcase time="0.000999999999999446" classname="JointModelSamples" name="longitudinal_works_as_expected_for_JointModelSamples"/>
    <testcase time="0.00399999999999956" classname="JointModelSamples" name="longitudinal_works_as_expected_for_JointModelSamples"/>
    <testcase time="0.00200000000000067" classname="JointModelSamples" name="longitudinal_works_as_expected_for_JointModelSamples"/>
    <testcase time="0.000999999999999446" classname="JointModelSamples" name="longitudinal_works_as_expected_for_JointModelSamples"/>
    <testcase time="0.00399999999999956" classname="JointModelSamples" name="longitudinal_works_as_expected_for_JointModelSamples"/>
    <testcase time="0.00100000000000122" classname="JointModelSamples" name="longitudinal_works_as_expected_for_JointModelSamples"/>
    <testcase time="0.00399999999999956" classname="JointModelSamples" name="longitudinal_works_as_expected_for_JointModelSamples"/>
    <testcase time="0.000999999999999446" classname="JointModelSamples" name="longitudinal_works_as_expected_for_JointModelSamples"/>
    <testcase time="0.00300000000000011" classname="JointModelSamples" name="longitudinal_works_as_expected_for_JointModelSamples"/>
    <testcase time="0.00399999999999956" classname="JointModelSamples" name="longitudinal_works_as_expected_for_JointModelSamples"/>
    <testcase time="0.616" classname="JointModelSamples" name="longitudinal_allows_to_subset_patients"/>
    <testcase time="0.00200000000000067" classname="JointModelSamples" name="longitudinal_allows_to_subset_patients"/>
    <testcase time="0.000999999999999446" classname="JointModelSamples" name="longitudinal_allows_to_subset_patients"/>
    <testcase time="0.00399999999999956" classname="JointModelSamples" name="longitudinal_allows_to_subset_patients"/>
  </testsuite>
  <testsuite name="LinkGSF" timestamp="2023-06-06T08:50:25Z" hostname="d77e3a124823" tests="8" skipped="0" failures="0" errors="0" time="0.121">
    <testcase time="0.00900000000000034" classname="LinkGSF" name="LinkGSF_class_initialization_works_as_expected"/>
    <testcase time="0.000999999999999446" classname="LinkGSF" name="LinkGSF_class_initialization_works_as_expected"/>
    <testcase time="0.077" classname="LinkGSF" name="LinkGSF_user_constructor_works_as_expected_with_defaults"/>
    <testcase time="0.00100000000000122" classname="LinkGSF" name="LinkGSF_user_constructor_works_as_expected_with_defaults"/>
    <testcase time="0.0190000000000001" classname="LinkGSF" name="link_gsf_ttg_user_constructor_works_as_expected_with_defaults"/>
    <testcase time="0.000999999999999446" classname="LinkGSF" name="link_gsf_ttg_user_constructor_works_as_expected_with_defaults"/>
    <testcase time="0.0120000000000005" classname="LinkGSF" name="link_gsf_dsld_user_constructor_works_as_expected_with_defaults"/>
    <testcase time="0.00100000000000122" classname="LinkGSF" name="link_gsf_dsld_user_constructor_works_as_expected_with_defaults"/>
  </testsuite>
  <testsuite name="LinkNone" timestamp="2023-06-06T08:50:25Z" hostname="d77e3a124823" tests="5" skipped="0" failures="0" errors="0" time="0.029">
    <testcase time="0.0109999999999992" classname="LinkNone" name="LinkNone_object_is_generated_without_unexpected_input"/>
    <testcase time="0.00600000000000023" classname="LinkNone" name="LinkNone_object_is_generated_without_unexpected_input"/>
    <testcase time="0.00399999999999956" classname="LinkNone" name="LinkNone_object_is_generated_without_unexpected_input"/>
    <testcase time="0.00399999999999956" classname="LinkNone" name="LinkNone_object_is_generated_without_unexpected_input"/>
    <testcase time="0.00400000000000134" classname="LinkNone" name="LinkNone_object_is_generated_without_unexpected_input"/>
  </testsuite>
  <testsuite name="LinkRandomSlope" timestamp="2023-06-06T08:50:25Z" hostname="d77e3a124823" tests="3" skipped="0" failures="0" errors="0" time="0.028">
    <testcase time="0.0190000000000001" classname="LinkRandomSlope" name="LinkRandomSlope_smoke_tests"/>
    <testcase time="0.00399999999999956" classname="LinkRandomSlope" name="LinkRandomSlope_smoke_tests"/>
    <testcase time="0.00499999999999901" classname="LinkRandomSlope" name="LinkRandomSlope_smoke_tests"/>
  </testsuite>
  <testsuite name="LongitudinalGSF" timestamp="2023-06-06T08:50:25Z" hostname="d77e3a124823" tests="4" skipped="0" failures="0" errors="0" time="180.83">
    <testcase time="0.111000000000001" classname="LongitudinalGSF" name="LongitudinalGSF_works_as_expected_with_default_arguments"/>
    <testcase time="0.00200000000000067" classname="LongitudinalGSF" name="LongitudinalGSF_works_as_expected_with_default_arguments"/>
    <testcase time="179.573" classname="LongitudinalGSF" name="LongitudinalGSF_works_as_expected_with_a_single_study"/>
    <testcase time="1.14400000000001" classname="LongitudinalGSF" name="LongitudinalGSF_works_as_expected_with_a_single_study"/>
  </testsuite>
  <testsuite name="LongitudinalSamples" timestamp="2023-06-06T08:53:26Z" hostname="d77e3a124823" tests="15" skipped="0" failures="0" errors="0" time="1.173">
    <testcase time="0.641999999999996" classname="LongitudinalSamples" name="subsetting_works_as_expected_for_LongitudinalSamples"/>
    <testcase time="0.00100000000000477" classname="LongitudinalSamples" name="subsetting_works_as_expected_for_LongitudinalSamples"/>
    <testcase time="0.0040000000000191" classname="LongitudinalSamples" name="subsetting_works_as_expected_for_LongitudinalSamples"/>
    <testcase time="0.33499999999998" classname="LongitudinalSamples" name="autoplot_works_as_expected_for_LongitudinalSamples"/>
    <testcase time="0.0590000000000259" classname="LongitudinalSamples" name="autoplot_works_as_expected_for_LongitudinalSamples"/>
    <testcase time="0.00499999999999545" classname="LongitudinalSamples" name="autoplot_works_as_expected_for_LongitudinalSamples"/>
    <testcase time="0.00399999999999068" classname="LongitudinalSamples" name="autoplot_works_as_expected_for_LongitudinalSamples"/>
    <testcase time="0.00399999999999068" classname="LongitudinalSamples" name="autoplot_works_as_expected_for_LongitudinalSamples"/>
    <testcase time="0.0460000000000207" classname="LongitudinalSamples" name="autoplot_works_as_expected_for_LongitudinalSamples"/>
    <testcase time="0.00499999999999545" classname="LongitudinalSamples" name="autoplot_works_as_expected_for_LongitudinalSamples"/>
    <testcase time="0.00399999999999068" classname="LongitudinalSamples" name="autoplot_works_as_expected_for_LongitudinalSamples"/>
    <testcase time="0.00399999999999068" classname="LongitudinalSamples" name="autoplot_works_as_expected_for_LongitudinalSamples"/>
    <testcase time="0.0040000000000191" classname="LongitudinalSamples" name="autoplot_works_as_expected_for_LongitudinalSamples"/>
    <testcase time="0.0519999999999925" classname="LongitudinalSamples" name="autoplot_works_as_expected_for_LongitudinalSamples"/>
    <testcase time="0.00399999999999068" classname="LongitudinalSamples" name="autoplot_works_as_expected_for_LongitudinalSamples"/>
  </testsuite>
  <testsuite name="ParameterList" timestamp="2023-06-06T08:53:27Z" hostname="d77e3a124823" tests="3" skipped="0" failures="0" errors="0" time="0.022">
    <testcase time="0.0120000000000005" classname="ParameterList" name="ParameterList_smoke_tests"/>
    <testcase time="0.0040000000000191" classname="ParameterList" name="ParameterList_smoke_tests"/>
    <testcase time="0.00600000000000023" classname="ParameterList" name="ParameterList_smoke_tests"/>
  </testsuite>
  <testsuite name="Parameters" timestamp="2023-06-06T08:53:27Z" hostname="d77e3a124823" tests="4" skipped="0" failures="0" errors="0" time="0.022">
    <testcase time="0.00999999999999091" classname="Parameters" name="Parameters_smoke_tests"/>
    <testcase time="0.00399999999999068" classname="Parameters" name="Parameters_smoke_tests"/>
    <testcase time="0.0040000000000191" classname="Parameters" name="Parameters_smoke_tests"/>
    <testcase time="0.00399999999999068" classname="Parameters" name="Parameters_smoke_tests"/>
  </testsuite>
  <testsuite name="Prior" timestamp="2023-06-06T08:53:27Z" hostname="d77e3a124823" tests="4" skipped="0" failures="0" errors="0" time="0.023">
    <testcase time="0.00999999999999091" classname="Prior" name="Priors_work_as_expected"/>
    <testcase time="0.00499999999999545" classname="Prior" name="Priors_work_as_expected"/>
    <testcase time="0.0040000000000191" classname="Prior" name="Priors_work_as_expected"/>
    <testcase time="0.00399999999999068" classname="Prior" name="Priors_work_as_expected"/>
  </testsuite>
  <testsuite name="compile" timestamp="2023-06-06T08:53:27Z" hostname="d77e3a124823" tests="1" skipped="0" failures="0" errors="0" time="8.325">
    <testcase time="8.32500000000002" classname="compile" name="compileStanModel_doesn_t_error_if_the_directory_doesn_t_exist"/>
  </testsuite>
  <testsuite name="simulations" timestamp="2023-06-06T08:53:36Z" hostname="d77e3a124823" tests="26" skipped="0" failures="0" errors="0" time="1.172">
    <testcase time="0.0129999999999768" classname="simulations" name="sim_lm_gsf_works_as_expected"/>
    <testcase time="0.00600000000000023" classname="simulations" name="sim_lm_gsf_works_as_expected"/>
    <testcase time="0.0320000000000107" classname="simulations" name="sim_lm_gsf_works_as_expected"/>
    <testcase time="0.00499999999999545" classname="simulations" name="sim_lm_gsf_works_as_expected"/>
    <testcase time="0.00499999999999545" classname="simulations" name="sim_lm_gsf_works_as_expected"/>
    <testcase time="0.00499999999999545" classname="simulations" name="sim_lm_gsf_works_as_expected"/>
    <testcase time="0.00500000000002387" classname="simulations" name="sim_lm_gsf_works_as_expected"/>
    <testcase time="0.00499999999999545" classname="simulations" name="sim_lm_gsf_works_as_expected"/>
    <testcase time="0.00499999999999545" classname="simulations" name="sim_lm_gsf_works_as_expected"/>
    <testcase time="0.00600000000000023" classname="simulations" name="sim_lm_random_slope_works_as_expected"/>
    <testcase time="0.00499999999999545" classname="simulations" name="sim_lm_random_slope_works_as_expected"/>
    <testcase time="0.0159999999999911" classname="simulations" name="sim_lm_random_slope_works_as_expected"/>
    <testcase time="0.00500000000002387" classname="simulations" name="sim_lm_random_slope_works_as_expected"/>
    <testcase time="0.00499999999999545" classname="simulations" name="sim_lm_random_slope_works_as_expected"/>
    <testcase time="0.00499999999999545" classname="simulations" name="sim_lm_random_slope_works_as_expected"/>
    <testcase time="0.00499999999999545" classname="simulations" name="sim_lm_random_slope_works_as_expected"/>
    <testcase time="0.00399999999999068" classname="simulations" name="sim_lm_random_slope_works_as_expected"/>
    <testcase time="0.00500000000002387" classname="simulations" name="sim_lm_random_slope_works_as_expected"/>
    <testcase time="1.01199999999997" classname="simulations" name="simulate_joint_data_works_as_expected"/>
    <testcase time="0.00200000000000955" classname="simulations" name="simulate_joint_data_works_as_expected"/>
    <testcase time="0.00100000000000477" classname="simulations" name="simulate_joint_data_works_as_expected"/>
    <testcase time="0.00499999999999545" classname="simulations" name="simulate_joint_data_works_as_expected"/>
    <testcase time="0.00499999999999545" classname="simulations" name="simulate_joint_data_works_as_expected"/>
    <testcase time="0.00100000000000477" classname="simulations" name="simulate_joint_data_works_as_expected"/>
    <testcase time="0.00399999999999068" classname="simulations" name="simulate_joint_data_works_as_expected"/>
    <testcase time="0.00500000000002387" classname="simulations" name="simulate_joint_data_works_as_expected"/>
  </testsuite>
  <testsuite name="utilities" timestamp="2023-06-06T08:53:37Z" hostname="d77e3a124823" tests="10" skipped="0" failures="0" errors="0" time="0.081">
    <testcase time="0.0129999999999768" classname="utilities" name="get_missing_rownumbers_works_as_expected"/>
    <testcase time="0.00800000000000978" classname="utilities" name="remove_missing_rows_works_as_expected"/>
    <testcase time="0.007000000000005" classname="utilities" name="expand_initial_values_works_as_expected"/>
    <testcase time="0.007000000000005" classname="utilities" name="replace_with_lookup_works_and_sets_array_attributes_as_expected"/>
    <testcase time="0.00899999999998613" classname="utilities" name="replace_with_lookup_asserts_sizes_as_numbers_as_expected"/>
    <testcase time="0.00900000000001455" classname="utilities" name="replace_with_lookup_asserts_looked_up_sizes_as_numbers_as_expected"/>
    <testcase time="0.00600000000000023" classname="utilities" name="samples_median_ci_works_as_expected"/>
    <testcase time="0.00799999999998136" classname="utilities" name="samples_median_ci_works_as_expected"/>
    <testcase time="0.00600000000000023" classname="utilities" name="samples_median_ci_works_with_a_custom_credibility_level"/>
    <testcase time="0.00800000000000978" classname="utilities" name="samples_median_ci_works_with_a_custom_credibility_level"/>
  </testsuite>
</testsuites>
