<?xml version="1.0" encoding="UTF-8"?>
<testsuites>
  <testsuite name="DataJoint" timestamp="2023-08-16T16:22:26Z" hostname="c7d822c65aee" tests="4" skipped="0" failures="0" errors="0" time="0.887">
    <testcase time="0.76" classname="DataJoint" name="DataJoint_errors_if_subjects_don_t_allign_after"/>
    <testcase time="0.0759999999999996" classname="DataJoint" name="DataJoint_errors_if_subjects_don_t_allign_after"/>
    <testcase time="0.0389999999999997" classname="DataJoint" name="DataJoint_errors_if_subjects_don_t_allign_after"/>
    <testcase time="0.0120000000000005" classname="DataJoint" name="DataJoint_errors_if_subjects_don_t_allign_after"/>
  </testsuite>
  <testsuite name="DataLongitudinal" timestamp="2023-08-16T16:22:27Z" hostname="c7d822c65aee" tests="15" skipped="0" failures="0" errors="0" time="0.154">
    <testcase time="0.0419999999999998" classname="DataLongitudinal" name="DataLongitudinal_being_rendered_to_list_is_as_expected_for_simple_inputs"/>
    <testcase time="0.00600000000000023" classname="DataLongitudinal" name="DataLongitudinal_being_rendered_to_list_is_as_expected_for_simple_inputs"/>
    <testcase time="0.00600000000000023" classname="DataLongitudinal" name="DataLongitudinal_being_rendered_to_list_is_as_expected_for_simple_inputs"/>
    <testcase time="0.00599999999999934" classname="DataLongitudinal" name="DataLongitudinal_being_rendered_to_list_is_as_expected_for_simple_inputs"/>
    <testcase time="0.00700000000000056" classname="DataLongitudinal" name="DataLongitudinal_being_rendered_to_list_is_as_expected_for_simple_inputs"/>
    <testcase time="0.00599999999999934" classname="DataLongitudinal" name="DataLongitudinal_being_rendered_to_list_is_as_expected_for_simple_inputs"/>
    <testcase time="0.00700000000000056" classname="DataLongitudinal" name="DataLongitudinal_being_rendered_to_list_is_as_expected_for_simple_inputs"/>
    <testcase time="0.00499999999999989" classname="DataLongitudinal" name="DataLongitudinal_being_rendered_to_list_is_as_expected_for_simple_inputs"/>
    <testcase time="0.00600000000000023" classname="DataLongitudinal" name="DataLongitudinal_being_rendered_to_list_is_as_expected_for_simple_inputs"/>
    <testcase time="0.000999999999999446" classname="DataLongitudinal" name="DataLongitudinal_being_rendered_to_list_is_as_expected_for_simple_inputs"/>
    <testcase time="0.0140000000000002" classname="DataLongitudinal" name="time_grid_is_rejected_if_in_an_invalid_format"/>
    <testcase time="0.0119999999999996" classname="DataLongitudinal" name="time_grid_is_rejected_if_in_an_invalid_format"/>
    <testcase time="0.0140000000000002" classname="DataLongitudinal" name="time_grid_is_rejected_if_in_an_invalid_format"/>
    <testcase time="0.0110000000000001" classname="DataLongitudinal" name="time_grid_is_rejected_if_in_an_invalid_format"/>
    <testcase time="0.0110000000000001" classname="DataLongitudinal" name="time_grid_is_rejected_if_in_an_invalid_format"/>
  </testsuite>
  <testsuite name="DataSurvival" timestamp="2023-08-16T16:22:27Z" hostname="c7d822c65aee" tests="17" skipped="0" failures="0" errors="0" time="0.21">
    <testcase time="0.0579999999999998" classname="DataSurvival" name="Error_Handling"/>
    <testcase time="0.0190000000000001" classname="DataSurvival" name="DataSurvival_being_rendered_to_list_is_as_expected_for_simple_inputs"/>
    <testcase time="0.00900000000000034" classname="DataSurvival" name="DataSurvival_being_rendered_to_list_is_as_expected_for_simple_inputs"/>
    <testcase time="0.00699999999999967" classname="DataSurvival" name="DataSurvival_being_rendered_to_list_is_as_expected_for_simple_inputs"/>
    <testcase time="0.00600000000000023" classname="DataSurvival" name="DataSurvival_being_rendered_to_list_is_as_expected_for_simple_inputs"/>
    <testcase time="0.00600000000000023" classname="DataSurvival" name="DataSurvival_being_rendered_to_list_is_as_expected_for_simple_inputs"/>
    <testcase time="0.00499999999999989" classname="DataSurvival" name="DataSurvival_being_rendered_to_list_is_as_expected_for_simple_inputs"/>
    <testcase time="0.00600000000000023" classname="DataSurvival" name="DataSurvival_being_rendered_to_list_is_as_expected_for_simple_inputs"/>
    <testcase time="0.00599999999999934" classname="DataSurvival" name="DataSurvival_being_rendered_to_list_is_as_expected_for_simple_inputs"/>
    <testcase time="0.00600000000000023" classname="DataSurvival" name="DataSurvival_being_rendered_to_list_is_as_expected_for_simple_inputs"/>
    <testcase time="0.00600000000000023" classname="DataSurvival" name="DataSurvival_being_rendered_to_list_is_as_expected_for_simple_inputs"/>
    <testcase time="0.00600000000000023" classname="DataSurvival" name="DataSurvival_being_rendered_to_list_is_as_expected_for_simple_inputs"/>
    <testcase time="0.0129999999999999" classname="DataSurvival" name="time_grid_is_rejected_if_in_an_invalid_format"/>
    <testcase time="0.0129999999999999" classname="DataSurvival" name="time_grid_is_rejected_if_in_an_invalid_format"/>
    <testcase time="0.016" classname="DataSurvival" name="time_grid_is_rejected_if_in_an_invalid_format"/>
    <testcase time="0.016" classname="DataSurvival" name="time_grid_is_rejected_if_in_an_invalid_format"/>
    <testcase time="0.0120000000000005" classname="DataSurvival" name="time_grid_is_rejected_if_in_an_invalid_format"/>
  </testsuite>
  <testsuite name="JointModel" timestamp="2023-08-16T16:22:28Z" hostname="c7d822c65aee" tests="2" skipped="0" failures="0" errors="0" time="0.694">
    <testcase time="0.689" classname="JointModel" name="JointModel_smoke_tests"/>
    <testcase time="0.00499999999999989" classname="JointModel" name="JointModel_smoke_tests"/>
  </testsuite>
  <testsuite name="JointModelSamples" timestamp="2023-08-16T16:22:28Z" hostname="c7d822c65aee" tests="34" skipped="0" failures="0" errors="0" time="19.05">
    <testcase time="0.0149999999999997" classname="JointModelSamples" name="longitudinal_works_as_expected_for_JointModelSamples"/>
    <testcase time="8.905" classname="JointModelSamples" name="longitudinal_works_as_expected_for_JointModelSamples"/>
    <testcase time="0.000999999999999446" classname="JointModelSamples" name="longitudinal_works_as_expected_for_JointModelSamples"/>
    <testcase time="0.00200000000000067" classname="JointModelSamples" name="longitudinal_works_as_expected_for_JointModelSamples"/>
    <testcase time="0.00499999999999901" classname="JointModelSamples" name="longitudinal_works_as_expected_for_JointModelSamples"/>
    <testcase time="0.00200000000000067" classname="JointModelSamples" name="longitudinal_works_as_expected_for_JointModelSamples"/>
    <testcase time="0.000999999999999446" classname="JointModelSamples" name="longitudinal_works_as_expected_for_JointModelSamples"/>
    <testcase time="0.00600000000000023" classname="JointModelSamples" name="longitudinal_works_as_expected_for_JointModelSamples"/>
    <testcase time="0.00200000000000067" classname="JointModelSamples" name="longitudinal_works_as_expected_for_JointModelSamples"/>
    <testcase time="0.00499999999999901" classname="JointModelSamples" name="longitudinal_works_as_expected_for_JointModelSamples"/>
    <testcase time="0.00200000000000067" classname="JointModelSamples" name="longitudinal_works_as_expected_for_JointModelSamples"/>
    <testcase time="0.00499999999999901" classname="JointModelSamples" name="longitudinal_works_as_expected_for_JointModelSamples"/>
    <testcase time="0.00500000000000078" classname="JointModelSamples" name="longitudinal_works_as_expected_for_JointModelSamples"/>
    <testcase time="0.708" classname="JointModelSamples" name="longitudinal_allows_to_subset_patients"/>
    <testcase time="0.00199999999999889" classname="JointModelSamples" name="longitudinal_allows_to_subset_patients"/>
    <testcase time="0.00100000000000122" classname="JointModelSamples" name="longitudinal_allows_to_subset_patients"/>
    <testcase time="0.00600000000000023" classname="JointModelSamples" name="longitudinal_allows_to_subset_patients"/>
    <testcase time="0.00899999999999856" classname="JointModelSamples" name="survival_works_as_expected_for_JointModelSamples"/>
    <testcase time="8.831" classname="JointModelSamples" name="survival_works_as_expected_for_JointModelSamples"/>
    <testcase time="0.00100000000000122" classname="JointModelSamples" name="survival_works_as_expected_for_JointModelSamples"/>
    <testcase time="0.00199999999999889" classname="JointModelSamples" name="survival_works_as_expected_for_JointModelSamples"/>
    <testcase time="0.00600000000000023" classname="JointModelSamples" name="survival_works_as_expected_for_JointModelSamples"/>
    <testcase time="0.00100000000000122" classname="JointModelSamples" name="survival_works_as_expected_for_JointModelSamples"/>
    <testcase time="0.00199999999999889" classname="JointModelSamples" name="survival_works_as_expected_for_JointModelSamples"/>
    <testcase time="0.00500000000000256" classname="JointModelSamples" name="survival_works_as_expected_for_JointModelSamples"/>
    <testcase time="0.000999999999997669" classname="JointModelSamples" name="survival_works_as_expected_for_JointModelSamples"/>
    <testcase time="0.00499999999999901" classname="JointModelSamples" name="survival_works_as_expected_for_JointModelSamples"/>
    <testcase time="0.00199999999999889" classname="JointModelSamples" name="survival_works_as_expected_for_JointModelSamples"/>
    <testcase time="0.00500000000000256" classname="JointModelSamples" name="survival_works_as_expected_for_JointModelSamples"/>
    <testcase time="0.00600000000000023" classname="JointModelSamples" name="survival_works_as_expected_for_JointModelSamples"/>
    <testcase time="0.491" classname="JointModelSamples" name="survival_allows_to_subset_patients"/>
    <testcase time="0.00199999999999889" classname="JointModelSamples" name="survival_allows_to_subset_patients"/>
    <testcase time="0.00199999999999889" classname="JointModelSamples" name="survival_allows_to_subset_patients"/>
    <testcase time="0.00600000000000023" classname="JointModelSamples" name="survival_allows_to_subset_patients"/>
  </testsuite>
  <testsuite name="LinkGSF" timestamp="2023-08-16T16:22:47Z" hostname="c7d822c65aee" tests="13" skipped="0" failures="0" errors="0" time="0.518">
    <testcase time="0.0190000000000019" classname="LinkGSF" name="LinkGSF_class_initialization_works_as_expected"/>
    <testcase time="0.00199999999999889" classname="LinkGSF" name="LinkGSF_class_initialization_works_as_expected"/>
    <testcase time="0.137" classname="LinkGSF" name="LinkGSF_user_constructor_works_as_expected_with_defaults"/>
    <testcase time="0.00199999999999889" classname="LinkGSF" name="LinkGSF_user_constructor_works_as_expected_with_defaults"/>
    <testcase time="0.0199999999999996" classname="LinkGSF" name="link_gsf_ttg_user_constructor_works_as_expected_with_defaults"/>
    <testcase time="0.00200000000000244" classname="LinkGSF" name="link_gsf_ttg_user_constructor_works_as_expected_with_defaults"/>
    <testcase time="0.0239999999999974" classname="LinkGSF" name="link_gsf_dsld_user_constructor_works_as_expected_with_defaults"/>
    <testcase time="0.00200000000000244" classname="LinkGSF" name="link_gsf_dsld_user_constructor_works_as_expected_with_defaults"/>
    <testcase time="0.0249999999999986" classname="LinkGSF" name="link_gsf_identity_user_constructor_works_as_expected_with_defaults"/>
    <testcase time="0.00199999999999889" classname="LinkGSF" name="link_gsf_identity_user_constructor_works_as_expected_with_defaults"/>
    <testcase time="0.129000000000001" classname="LinkGSF" name="LinkGSF_returns_correct_defaults_when_no_arguments_are_supplied"/>
    <testcase time="0.0659999999999989" classname="LinkGSF" name="LinkGSF_returns_correct_defaults_when_no_arguments_are_supplied"/>
    <testcase time="0.088000000000001" classname="LinkGSF" name="LinkGSF_returns_correct_defaults_when_no_arguments_are_supplied"/>
  </testsuite>
  <testsuite name="LinkNone" timestamp="2023-08-16T16:22:48Z" hostname="c7d822c65aee" tests="5" skipped="0" failures="0" errors="0" time="0.051">
    <testcase time="0.0199999999999996" classname="LinkNone" name="LinkNone_object_is_generated_without_unexpected_input"/>
    <testcase time="0.00900000000000034" classname="LinkNone" name="LinkNone_object_is_generated_without_unexpected_input"/>
    <testcase time="0.0100000000000016" classname="LinkNone" name="LinkNone_object_is_generated_without_unexpected_input"/>
    <testcase time="0.00600000000000023" classname="LinkNone" name="LinkNone_object_is_generated_without_unexpected_input"/>
    <testcase time="0.00600000000000023" classname="LinkNone" name="LinkNone_object_is_generated_without_unexpected_input"/>
  </testsuite>
  <testsuite name="LinkRandomSlope" timestamp="2023-08-16T16:22:48Z" hostname="c7d822c65aee" tests="3" skipped="0" failures="0" errors="0" time="0.062">
    <testcase time="0.0489999999999995" classname="LinkRandomSlope" name="LinkRandomSlope_smoke_tests"/>
    <testcase time="0.00500000000000256" classname="LinkRandomSlope" name="LinkRandomSlope_smoke_tests"/>
    <testcase time="0.00799999999999912" classname="LinkRandomSlope" name="LinkRandomSlope_smoke_tests"/>
  </testsuite>
  <testsuite name="LongitudinalGSF" timestamp="2023-08-16T16:22:48Z" hostname="c7d822c65aee" tests="3" skipped="0" failures="0" errors="1" time="61.157">
    <testcase time="0.184999999999999" classname="LongitudinalGSF" name="LongitudinalGSF_works_as_expected_with_default_arguments"/>
    <testcase time="0.00200000000000244" classname="LongitudinalGSF" name="LongitudinalGSF_works_as_expected_with_default_arguments"/>
    <testcase time="60.97" classname="LongitudinalGSF" name="LongitudinalGSF_works_as_expected_with_a_single_study">
      <error type="error" message="Error in `(function (data = NULL, seed = NULL, refresh = NULL, init = NULL,  ('test-LongitudinalGSF.R:46:5')">Error in `(function (data = NULL, seed = NULL, refresh = NULL, init = NULL, 
    save_latent_dynamics = FALSE, output_dir = NULL, output_basename = NULL, 
    sig_figs = NULL, chains = 4, parallel_chains = getOption("mc.cores", 
        1), chain_ids = seq_len(chains), threads_per_chain = NULL, 
    opencl_ids = NULL, iter_warmup = NULL, iter_sampling = NULL, 
    save_warmup = FALSE, thin = NULL, max_treedepth = NULL, adapt_engaged = TRUE, 
    adapt_delta = NULL, step_size = NULL, metric = NULL, metric_file = NULL, 
    inv_metric = NULL, init_buffer = NULL, term_buffer = NULL, 
    window = NULL, fixed_param = FALSE, show_messages = TRUE, 
    show_exceptions = TRUE, diagnostics = c("divergences", "treedepth", 
        "ebfmi"), cores = NULL, num_cores = NULL, num_chains = NULL, 
    num_warmup = NULL, num_samples = NULL, validate_csv = NULL, 
    save_extra_diagnostics = NULL, max_depth = NULL, stepsize = NULL) 
{
    if (!is.null(cores)) {
        warning("'cores' is deprecated. Please use 'parallel_chains' instead.")
        parallel_chains &lt;- cores
    }
    if (!is.null(num_cores)) {
        warning("'num_cores' is deprecated. Please use 'parallel_chains' instead.")
        parallel_chains &lt;- num_cores
    }
    if (!is.null(num_chains)) {
        warning("'num_chains' is deprecated. Please use 'chains' instead.")
        chains &lt;- num_chains
    }
    if (!is.null(num_warmup)) {
        warning("'num_warmup' is deprecated. Please use 'iter_warmup' instead.")
        iter_warmup &lt;- num_warmup
    }
    if (!is.null(num_samples)) {
        warning("'num_samples' is deprecated. Please use 'iter_sampling' instead.")
        iter_sampling &lt;- num_samples
    }
    if (!is.null(max_depth)) {
        warning("'max_depth' is deprecated. Please use 'max_treedepth' instead.")
        max_treedepth &lt;- max_depth
    }
    if (!is.null(stepsize)) {
        warning("'stepsize' is deprecated. Please use 'step_size' instead.")
        step_size &lt;- stepsize
    }
    if (!is.null(save_extra_diagnostics)) {
        warning("'save_extra_diagnostics' is deprecated. Please use 'save_latent_dynamics' instead.")
        save_latent_dynamics &lt;- save_extra_diagnostics
    }
    if (!is.null(validate_csv)) {
        warning("'validate_csv' is deprecated. Please use 'diagnostics' instead.")
        if (is.logical(validate_csv)) {
            if (validate_csv) {
                diagnostics &lt;- c("divergences", "treedepth", 
                  "ebfmi")
            }
            else {
                diagnostics &lt;- NULL
            }
        }
    }
    if (cmdstan_version() &gt;= "2.27.0" &amp;&amp; !fixed_param) {
        if (self$has_stan_file() &amp;&amp; file.exists(self$stan_file())) {
            if (!is.null(self$variables()) &amp;&amp; length(self$variables()$parameters) == 
                0) {
                stop("Model contains no parameters. Please use 'fixed_param = TRUE'.", 
                  call. = FALSE)
            }
        }
    }
    if (fixed_param) {
        save_warmup &lt;- FALSE
    }
    procs &lt;- CmdStanMCMCProcs$new(num_procs = checkmate::assert_integerish(chains, 
        lower = 1, len = 1), parallel_procs = checkmate::assert_integerish(parallel_chains, 
        lower = 1, null.ok = TRUE), threads_per_proc = assert_valid_threads(threads_per_chain, 
        self$cpp_options(), multiple_chains = TRUE), show_stderr_messages = show_exceptions, 
        show_stdout_messages = show_messages)
    model_variables &lt;- NULL
    if (is_variables_method_supported(self)) {
        model_variables &lt;- self$variables()
    }
    sample_args &lt;- SampleArgs$new(iter_warmup = iter_warmup, 
        iter_sampling = iter_sampling, save_warmup = save_warmup, 
        thin = thin, max_treedepth = max_treedepth, adapt_engaged = adapt_engaged, 
        adapt_delta = adapt_delta, step_size = step_size, metric = metric, 
        metric_file = metric_file, inv_metric = inv_metric, init_buffer = init_buffer, 
        term_buffer = term_buffer, window = window, fixed_param = fixed_param, 
        diagnostics = diagnostics)
    args &lt;- CmdStanArgs$new(method_args = sample_args, stan_file = self$stan_file(), 
        stan_code = suppressWarnings(self$code()), model_methods_env = private$model_methods_env_, 
        standalone_env = self$functions, model_name = self$model_name(), 
        exe_file = self$exe_file(), proc_ids = checkmate::assert_integerish(chain_ids, 
            lower = 1, len = chains, unique = TRUE, null.ok = FALSE), 
        data_file = process_data(data, model_variables), save_latent_dynamics = save_latent_dynamics, 
        seed = seed, init = init, refresh = refresh, output_dir = output_dir, 
        output_basename = output_basename, sig_figs = sig_figs, 
        opencl_ids = assert_valid_opencl(opencl_ids, self$cpp_options()), 
        model_variables = model_variables)
    runset &lt;- CmdStanRun$new(args, procs)
    runset$run_cmdstan()
    CmdStanMCMC$new(runset)
})(iter_sampling = 75, iter_warmup = 75, chains = 1, parallel_chains = 1, 
    exe_file = "/tmp/RtmpcfZE6k/gsf_joint_model_with_link_single_study", 
    data = list(Nind = 130L, Nind_dead = 1, dead_ind_index = 80L, 
        Times = c(7.14871950596016, 0.800945994144711, 3.01061032979254, 
        6.07741195497043, 0.416295975912362, 1.1015094869704, 
        0.994410855229944, 0.179354751482606, 0.0590573963709176, 
        10.5000200432943, 9.89792472073689, 0.418135386340543, 
        0.901569002307951, 0.922600094228983, 3.82248667894367, 
        1.87382897129282, 0.282140505965799, 1.15058409132984, 
        0.524768202099949, 3.55384441276735, 4.03910643874172, 
        10.9231117827104, 0.400404496584088, 3.76972118816705, 
        3.49419291491125, 0.314698880548125, 1.00023094704375, 
        0.126393083392936, 0.183746318877949, 0.0502237784676254, 
        3.12938150937173, 0.0664831315830069, 1.1189421066083, 
        4.52067225950198, 1.80857750214636, 4.66965247479208, 
        1.93630434991792, 3.0514154852039, 3.56947419593546, 
        0.778472542762756, 7.87674429043572, 11.6200010490822, 
        1.21426669347871, 1.52919272147119, 0.0918012470097658, 
        1.65244554821402, 3.60123854397301, 9.36013884046927, 
        3.4523745215169, 2.36445677919749, 0.633143766299634, 
        1.55481203645468, 2.06900774594396, 2.29586698106081, 
        5.72270118752171, 1.91373229958117, 4.09276676258508, 
        0.56303095864132, 1.79294134676456, 0.187819494139774, 
        0.754461822565645, 1.47381730377674, 7.33649057670872, 
        2.68565287614677, 0.687372943852097, 1.5175923476927, 
        0.989295365009874, 1.41972207650542, 0.117243541627438, 
        0.0174498246051371, 3.28597881818626, 2.07333673769608, 
        1.83861098298803, 6.7275524618877, 6.83624868243377, 
        0.326821304631077, 5.32330899101622, 11.2514174741911, 
        0.12788307806477, 2, 2.47546969434682, 4.12466035398159, 
        0.523668745066971, 1.84016657760367, 6.00676809598632, 
        3.01132894927923, 1.28852886334062, 1.98733187327161, 
        1.14497528496985, 0.134014596696943, 5.2556412105722, 
        2.16216305084647, 0.808803058695048, 0.237365484237671, 
        4.52136828166373, 2.48398286370996, 0.498183571267873, 
        5.11950449620314, 7.86077793836038, 2.81922692039956, 
        2.20103122560743, 11.8409502071546, 0.695756105870413, 
        0.278557552490383, 3.59677545993093, 5.61983544540532, 
        3.16250276353989, 0.95772802317515, 1.3761655879207, 
        2.08710267757461, 0.224344460428884, 1.26402589006555, 
        1.27423945797364, 11.7853069317745, 4.08241613755438, 
        1.34612027604112, 5.29228538808353, 2.86919501131836, 
        1.82553767552599, 0.00247792159382373, 4.71934048619993, 
        10.0567386964883, 0.584120895713568, 2.93538286338065, 
        0.16757400194183, 1.77253212220967, 6.54708927273195, 
        1.17012418387458, 0.518626414110354, 4.98533460658915
        ), p_os_cov_design = 3L, os_cov_design = structure(c(1, 
        0, 1, 0, 1, 0, 0, 0, 0, 0, 0, 1, 0, 1, 0, 0, 0, 0, 1, 
        0, 0, 0, 1, 0, 0, 0, 0, 0, 0, 1, 1, 1, 0, 0, 1, 1, 0, 
        1, 0, 0, 1, 0, 0, 0, 0, 1, 0, 1, 1, 1, 0, 0, 0, 0, 0, 
        0, 0, 1, 0, 1, 1, 0, 0, 0, 0, 0, 0, 0, 0, 1, 1, 0, 1, 
        0, 0, 0, 0, 0, 0, 0, 0, 0, 0, 0, 1, 0, 0, 0, 1, 0, 1, 
        0, 0, 0, 0, 1, 1, 0, 0, 0, 0, 1, 0, 1, 1, 1, 1, 0, 0, 
        0, 0, 0, 0, 0, 0, 1, 0, 0, 0, 0, 0, 0, 1, 0, 1, 0, 1, 
        1, 1, 0, 0, 1, 0, 1, 0, 1, 0, 0, 0, 0, 1, 0, 0, 0, 0, 
        1, 1, 0, 0, 1, 0, 1, 0, 0, 0, 0, 0, 0, 1, 0, 0, 0, 1, 
        0, 0, 0, 0, 0, 0, 0, 0, 1, 0, 1, 0, 0, 0, 0, 0, 0, 1, 
        0, 0, 0, 0, 1, 0, 0, 0, 0, 0, 0, 0, 0, 0, 1, 0, 0, 0, 
        0, 0, 1, 0, 1, 0, 0, 0, 0, 0, 1, 0, 0, 1, 1, 0, 0, 0, 
        0, 0, 0, 0, 0, 0, 1, 1, 0, 0, 0, 1, 0, 0, 0, 0, 0, 0, 
        0, 0, 1, 1, 1, 1, 0, 1, 1, 1, 0, 1, 1, 1, 0, 0, 1, 0, 
        1, 0, 0, 0, 0, 0, 0, -0.560475646552213, -0.23017748948328, 
        1.55870831414912, 0.070508391424576, 0.129287735160946, 
        1.71506498688328, 0.460916205989202, -1.26506123460653, 
        -0.686852851893526, -0.445661970099958, 1.22408179743946, 
        0.359813827057364, 0.400771450594052, 0.11068271594512, 
        -0.555841134754075, 1.78691313680308, 0.497850478229239, 
        -1.96661715662964, 0.701355901563686, -0.472791407727934, 
        -1.06782370598685, -0.217974914658295, -1.02600444830724, 
        -0.72889122929114, -0.625039267849257, -1.68669331074241, 
        0.837787044494525, 0.153373117836515, -1.13813693701195, 
        1.25381492106993, 0.426464221476814, -0.295071482992271, 
        0.895125661045022, 0.878133487533042, 0.821581081637487, 
        0.688640254100091, 0.553917653537589, -0.0619117105767217, 
        -0.305962663739917, -0.380471001012383, -0.694706978920513, 
        -0.207917278019599, -1.26539635156826, 2.16895596533851, 
        1.20796199830499, -1.12310858320335, -0.402884835299076, 
        -0.466655353623219, 0.779965118336318, -0.0833690664718293, 
        0.253318513994755, -0.028546755348703, -0.0428704572913161, 
        1.36860228401446, -0.225770985659268, 1.51647060442954, 
        -1.54875280423022, 0.584613749636069, 0.123854243844614, 
        0.215941568743973, 0.379639482759882, -0.502323453109302, 
        -0.33320738366942, -1.01857538310709, -1.07179122647558, 
        0.303528641404258, 0.448209778629426, 0.0530042267305041, 
        0.922267467879738, 2.05008468562714, -0.491031166056535, 
        -2.30916887564081, 1.00573852446226, -0.709200762582393, 
        -0.688008616467358, 1.0255713696967, -0.284773007051009, 
        -1.22071771225454, 0.18130347974915, -0.138891362439045, 
        0.00576418589988693, 0.38528040112633, -0.370660031792409, 
        0.644376548518833, -0.220486561818751, 0.331781963915697, 
        1.09683901314935, 0.435181490833803, -0.325931585531227, 
        1.14880761845109, 0.993503855962119, 0.54839695950807, 
        0.238731735111441, -0.627906076039371, 1.36065244853001, 
        -0.600259587147127, 2.18733299301658, 1.53261062618519, 
        -0.235700359100477, -1.02642090030678, -0.710406563699301, 
        0.25688370915653, -0.246691878462374, -0.347542599397733, 
        -0.951618567265016, -0.0450277248089203, -0.784904469457076, 
        -1.66794193658814, -0.380226520287762, 0.918996609060766, 
        -0.575346962608392, 0.607964322225033, -1.61788270828916, 
        -0.0555619655245394, 0.519407203943462, 0.301153362166714, 
        0.105676194148943, -0.640706008305376, -0.849704346033582, 
        -1.02412879060491, 0.117646597100126, -0.947474614184802, 
        -0.490557443700668, -0.256092192198247, 1.84386200523221, 
        -0.651949901695459, 0.235386572284857, 0.0779608495637108, 
        -0.961856634130129, -0.0713080861235987), dim = c(130L, 
        3L), dimnames = list(c("1", "2", "3", "4", "5", "6", 
        "7", "8", "9", "10", "11", "12", "13", "14", "15", "16", 
        "17", "18", "19", "20", "21", "22", "23", "24", "25", 
        "26", "27", "28", "29", "30", "31", "32", "33", "34", 
        "35", "36", "37", "38", "39", "40", "41", "42", "43", 
        "44", "45", "46", "47", "48", "49", "50", "51", "52", 
        "53", "54", "55", "56", "57", "58", "59", "60", "61", 
        "62", "63", "64", "65", "66", "67", "68", "69", "70", 
        "71", "72", "73", "74", "75", "76", "77", "78", "79", 
        "80", "81", "82", "83", "84", "85", "86", "87", "88", 
        "89", "90", "91", "92", "93", "94", "95", "96", "97", 
        "98", "99", "100", "101", "102", "103", "104", "105", 
        "106", "107", "108", "109", "110", "111", "112", "113", 
        "114", "115", "116", "117", "118", "119", "120", "121", 
        "122", "123", "124", "125", "126", "127", "128", "129", 
        "130"), c("cov_catB", "cov_catC", "cov_cont"))), n_nodes = 15L, 
        nodes = c(-0.987992518020485, -0.937273392400706, -0.848206583410427, 
        -0.72441773136017, -0.570972172608539, -0.394151347077563, 
        -0.201194093997434, 7.76897533334697e-17, 0.201194093997435, 
        0.394151347077563, 0.570972172608539, 0.72441773136017, 
        0.848206583410427, 0.937273392400706, 0.987992518020485
        ), weights = c(0.0307532419961173, 0.0703660474881082, 
        0.107159220467172, 0.139570677926155, 0.166269205816994, 
        0.186161000015562, 0.198431485327112, 0.202578241925561, 
        0.19843148532711, 0.186161000015563, 0.166269205816993, 
        0.139570677926154, 0.107159220467173, 0.0703660474881077, 
        0.0307532419961179), study_index = c(1, 1, 1, 1, 1, 1, 
        1, 1, 1, 1, 1, 1, 1, 1, 1, 1, 1, 1, 1, 1, 1, 1, 1, 1, 
        1, 1, 1, 1, 1, 1, 1, 1, 1, 1, 1, 1, 1, 1, 1, 1, 1, 1, 
        1, 1, 1, 1, 1, 1, 1, 1, 1, 1, 1, 1, 1, 1, 1, 1, 1, 1, 
        1, 1, 1, 1, 1, 1, 1, 1, 1, 1, 1, 1, 1, 1, 1, 1, 1, 1, 
        1, 1, 1, 1, 1, 1, 1, 1, 1, 1, 1, 1, 1, 1, 1, 1, 1, 1, 
        1, 1, 1, 1, 1, 1, 1, 1, 1, 1, 1, 1, 1, 1, 1, 1, 1, 1, 
        1, 1, 1, 1, 1, 1, 1, 1, 1, 1, 1, 1, 1, 1, 1, 1), arm_index = c(1, 
        1, 1, 1, 1, 1, 1, 1, 1, 1, 1, 1, 1, 1, 1, 1, 1, 1, 1, 
        1, 1, 1, 1, 1, 1, 1, 1, 1, 1, 1, 1, 1, 1, 1, 1, 1, 1, 
        1, 1, 1, 1, 1, 1, 1, 1, 1, 1, 1, 1, 1, 2, 2, 2, 2, 2, 
        2, 2, 2, 2, 2, 2, 2, 2, 2, 2, 2, 2, 2, 2, 2, 2, 2, 2, 
        2, 2, 2, 2, 2, 2, 2, 2, 2, 2, 2, 2, 2, 2, 2, 2, 2, 2, 
        2, 2, 2, 2, 2, 2, 2, 2, 2, 2, 2, 2, 2, 2, 2, 2, 2, 2, 
        2, 2, 2, 2, 2, 2, 2, 2, 2, 2, 2, 2, 2, 2, 2, 2, 2, 2, 
        2, 2, 2), sm_time_grid = c(1, 50, 100), n_sm_time_grid = 3L, 
        index_per_arm = c(1, 2, 3, 4, 5, 6, 7, 8, 9, 10, 11, 
        12, 13, 14, 15, 16, 17, 18, 19, 20, 21, 22, 23, 24, 25, 
        26, 27, 28, 29, 30, 31, 32, 33, 34, 35, 36, 37, 38, 39, 
        40, 41, 42, 43, 44, 45, 46, 47, 48, 49, 50, 51, 52, 53, 
        54, 55, 56, 57, 58, 59, 60, 61, 62, 63, 64, 65, 66, 67, 
        68, 69, 70, 71, 72, 73, 74, 75, 76, 77, 78, 79, 80, 81, 
        82, 83, 84, 85, 86, 87, 88, 89, 90, 91, 92, 93, 94, 95, 
        96, 97, 98, 99, 100, 101, 102, 103, 104, 105, 106, 107, 
        108, 109, 110, 111, 112, 113, 114, 115, 116, 117, 118, 
        119, 120, 121, 122, 123, 124, 125, 126, 127, 128, 129, 
        130), n_index_per_arm = c(50, 80), n_arms = 2L, arm_to_study_index = c(1, 
        1), n_studies = 1L, Nta_total = 130L, Yobs = c(50.0350831998615, 
        54.0940009045424, 50.1395192287771, 52.2348818717516, 
        47.6642125489075, 49.7867741065944, 49.2829449527336, 
        52.0889594631656, 44.1865379521365, 52.4919006774154, 
        51.0429752490759, 50.9091458215137, 51.1836084856176, 
        50.0552729105262, 51.1518216177172, 46.0467021614938, 
        48.7370201708394, 49.5299297994442, 49.4291942213049, 
        50.9212641860803, 49.1533628591818, 48.3841964785226, 
        50.9413469844516, 50.3672100363078, 51.6100014655075, 
        48.7663988372586, 45.9076200040447, 50.126620860594, 
        50.5796004971612, 47.2687344525121, 53.638835128646, 
        47.2951944289522, 49.0289449993172, 47.849999124515, 
        52.61600788045, 50.6276566013889, 46.8979543659449, 49.3114165406637, 
        49.0216934510119, 51.6686545255063, 49.285284988866, 
        50.8156430502022, 51.4848900592487, 47.5489326812696, 
        52.7236795821516, 51.4844054262395, 48.1509342765395, 
        50.7484755165271, 51.0938558399601, 51.5613309225125, 
        50.2120871895701, 49.582338800239, 48.6619725833888, 
        49.0939280992888, 50.8197816096441, 50.5940480615587, 
        47.0917292389269, 49.8893536009017, 50.3283874121961, 
        53.0711142593983, 45.2768557853279, 50.4595366809086, 
        45.0931937936755, 49.0246801174773, 50.903154727779, 
        49.6387929126589, 48.2952338617345, 51.7585918357559, 
        54.1462835324476, 49.0728368400867, 50.3336715735644, 
        53.3408218365233, 51.8491948605964, 47.8147650645688, 
        50.851189190409, 51.2615561912193, 50.0454388154264, 
        47.6889674874205, 50.8084019579023, 50.2470398652551, 
        51.0121934598273, 48.4382996351037, 50.3163337219945, 
        50.2936840394042, 52.2692290170982, 49.6428452466926, 
        49.2387395142962, 50.8507717223277, 48.4344402987504, 
        49.3077546600616, 50.7921626345234, 50.775627248385, 
        52.5787502630293, 51.7452807448193, 51.7347358508405, 
        49.2435568024325, 48.9384461976453, 47.3120898201097, 
        48.6399889513862, 49.6211468861976, 51.4718204505637, 
        46.7857481823016, 53.2837508971526, 49.0113610397295, 
        50.2661639377343, 52.263548998457, 45.8739022702587, 
        51.0740879662134, 50.4980623121898, 50.2385693117047, 
        51.7393236294029, 49.7998178233831, 52.0473851419057, 
        48.5189740946782, 50.6022992449529, 53.1227108866651, 
        50.7357711018904, 51.6032736420659, 52.8819502214703, 
        51.809938461558, 50.1665545305123, 51.8221620028694, 
        50.6440867522251, 47.9706844678419, 50.0687728350479, 
        49.8382588690572, 48.8742632255708, 50.7963417075494, 
        48.6073900832144, 53.8347147016592), Tobs = c(0, 0, 0, 
        0, 0, 0, 0, 0, 0, 0, 0, 0, 0, 0, 0, 0, 0, 0, 0, 0, 0, 
        0, 0, 0, 0, 0, 0, 0, 0, 0, 0, 0, 0, 0, 0, 0, 0, 0, 0, 
        0, 0, 0, 0, 0, 0, 0, 0, 0, 0, 0, 0, 0, 0, 0, 0, 0, 0, 
        0, 0, 0, 0, 0, 0, 0, 0, 0, 0, 0, 0, 0, 0, 0, 0, 0, 0, 
        0, 0, 0, 0, 0, 0, 0, 0, 0, 0, 0, 0, 0, 0, 0, 0, 0, 0, 
        0, 0, 0, 0, 0, 0, 0, 0, 0, 0, 0, 0, 0, 0, 0, 0, 0, 0, 
        0, 0, 0, 0, 0, 0, 0, 0, 0, 0, 0, 0, 0, 0, 0, 0, 0, 0, 
        0), Ythreshold = 5, Nta_obs_y = 130L, Nta_cens_y = 0L, 
        ind_index = c(1, 2, 3, 4, 5, 6, 7, 8, 9, 10, 11, 12, 
        13, 14, 15, 16, 17, 18, 19, 20, 21, 22, 23, 24, 25, 26, 
        27, 28, 29, 30, 31, 32, 33, 34, 35, 36, 37, 38, 39, 40, 
        41, 42, 43, 44, 45, 46, 47, 48, 49, 50, 51, 52, 53, 54, 
        55, 56, 57, 58, 59, 60, 61, 62, 63, 64, 65, 66, 67, 68, 
        69, 70, 71, 72, 73, 74, 75, 76, 77, 78, 79, 80, 81, 82, 
        83, 84, 85, 86, 87, 88, 89, 90, 91, 92, 93, 94, 95, 96, 
        97, 98, 99, 100, 101, 102, 103, 104, 105, 106, 107, 108, 
        109, 110, 111, 112, 113, 114, 115, 116, 117, 118, 119, 
        120, 121, 122, 123, 124, 125, 126, 127, 128, 129, 130
        ), pt_to_ind = structure(1:130, names = c("pt_00001", 
        "pt_00002", "pt_00003", "pt_00004", "pt_00005", "pt_00006", 
        "pt_00007", "pt_00008", "pt_00009", "pt_00010", "pt_00011", 
        "pt_00012", "pt_00013", "pt_00014", "pt_00015", "pt_00016", 
        "pt_00017", "pt_00018", "pt_00019", "pt_00020", "pt_00021", 
        "pt_00022", "pt_00023", "pt_00024", "pt_00025", "pt_00026", 
        "pt_00027", "pt_00028", "pt_00029", "pt_00030", "pt_00031", 
        "pt_00032", "pt_00033", "pt_00034", "pt_00035", "pt_00036", 
        "pt_00037", "pt_00038", "pt_00039", "pt_00040", "pt_00041", 
        "pt_00042", "pt_00043", "pt_00044", "pt_00045", "pt_00046", 
        "pt_00047", "pt_00048", "pt_00049", "pt_00050", "pt_00051", 
        "pt_00052", "pt_00053", "pt_00054", "pt_00055", "pt_00056", 
        "pt_00057", "pt_00058", "pt_00059", "pt_00060", "pt_00061", 
        "pt_00062", "pt_00063", "pt_00064", "pt_00065", "pt_00066", 
        "pt_00067", "pt_00068", "pt_00069", "pt_00070", "pt_00071", 
        "pt_00072", "pt_00073", "pt_00074", "pt_00075", "pt_00076", 
        "pt_00077", "pt_00078", "pt_00079", "pt_00080", "pt_00081", 
        "pt_00082", "pt_00083", "pt_00084", "pt_00085", "pt_00086", 
        "pt_00087", "pt_00088", "pt_00089", "pt_00090", "pt_00091", 
        "pt_00092", "pt_00093", "pt_00094", "pt_00095", "pt_00096", 
        "pt_00097", "pt_00098", "pt_00099", "pt_00100", "pt_00101", 
        "pt_00102", "pt_00103", "pt_00104", "pt_00105", "pt_00106", 
        "pt_00107", "pt_00108", "pt_00109", "pt_00110", "pt_00111", 
        "pt_00112", "pt_00113", "pt_00114", "pt_00115", "pt_00116", 
        "pt_00117", "pt_00118", "pt_00119", "pt_00120", "pt_00121", 
        "pt_00122", "pt_00123", "pt_00124", "pt_00125", "pt_00126", 
        "pt_00127", "pt_00128", "pt_00129", "pt_00130")), obs_y_index = 1:130, 
        cens_y_index = integer(0), n_mat_inds_obs_y = c(259L, 
        259L, 131L), w_mat_inds_obs_y = c(1, 1, 1, 1, 1, 1, 1, 
        1, 1, 1, 1, 1, 1, 1, 1, 1, 1, 1, 1, 1, 1, 1, 1, 1, 1, 
        1, 1, 1, 1, 1, 1, 1, 1, 1, 1, 1, 1, 1, 1, 1, 1, 1, 1, 
        1, 1, 1, 1, 1, 1, 1, 1, 1, 1, 1, 1, 1, 1, 1, 1, 1, 1, 
        1, 1, 1, 1, 1, 1, 1, 1, 1, 1, 1, 1, 1, 1, 1, 1, 1, 1, 
        1, 1, 1, 1, 1, 1, 1, 1, 1, 1, 1, 1, 1, 1, 1, 1, 1, 1, 
        1, 1, 1, 1, 1, 1, 1, 1, 1, 1, 1, 1, 1, 1, 1, 1, 1, 1, 
        1, 1, 1, 1, 1, 1, 1, 1, 1, 1, 1, 1, 1, 1, 1, 1, 1, 1, 
        1, 1, 1, 1, 1, 1, 1, 1, 1, 1, 1, 1, 1, 1, 1, 1, 1, 1, 
        1, 1, 1, 1, 1, 1, 1, 1, 1, 1, 1, 1, 1, 1, 1, 1, 1, 1, 
        1, 1, 1, 1, 1, 1, 1, 1, 1, 1, 1, 1, 1, 1, 1, 1, 1, 1, 
        1, 1, 1, 1, 1, 1, 1, 1, 1, 1, 1, 1, 1, 1, 1, 1, 1, 1, 
        1, 1, 1, 1, 1, 1, 1, 1, 1, 1, 1, 1, 1, 1, 1, 1, 1, 1, 
        1, 1, 1, 1, 1, 1, 1, 1, 1, 1, 1, 1, 1, 1, 1, 1, 1, 1, 
        1, 1, 1, 1, 1, 1, 1, 1, 1, 1, 1, 1, 1, 1, 1, 1, 1, 1), 
        v_mat_inds_obs_y = c(1L, 2L, 3L, 4L, 5L, 6L, 7L, 8L, 
        9L, 10L, 11L, 12L, 13L, 14L, 15L, 16L, 17L, 18L, 19L, 
        20L, 21L, 22L, 23L, 24L, 25L, 26L, 27L, 28L, 29L, 30L, 
        31L, 32L, 33L, 34L, 35L, 36L, 37L, 38L, 39L, 40L, 41L, 
        42L, 43L, 44L, 45L, 46L, 47L, 48L, 49L, 50L, 51L, 52L, 
        53L, 54L, 55L, 56L, 57L, 58L, 59L, 60L, 61L, 62L, 63L, 
        64L, 65L, 66L, 67L, 68L, 69L, 70L, 71L, 72L, 73L, 74L, 
        75L, 76L, 77L, 78L, 79L, 80L, 81L, 82L, 83L, 84L, 85L, 
        86L, 87L, 88L, 89L, 90L, 91L, 92L, 93L, 94L, 95L, 96L, 
        97L, 98L, 99L, 100L, 101L, 102L, 103L, 104L, 105L, 106L, 
        107L, 108L, 109L, 110L, 111L, 112L, 113L, 114L, 115L, 
        116L, 117L, 118L, 119L, 120L, 121L, 122L, 123L, 124L, 
        125L, 126L, 127L, 128L, 129L, 130L, 2L, 3L, 4L, 5L, 6L, 
        7L, 8L, 9L, 10L, 11L, 12L, 13L, 14L, 15L, 16L, 17L, 18L, 
        19L, 20L, 21L, 22L, 23L, 24L, 25L, 26L, 27L, 28L, 29L, 
        30L, 31L, 32L, 33L, 34L, 35L, 36L, 37L, 38L, 39L, 40L, 
        41L, 42L, 43L, 44L, 45L, 46L, 47L, 48L, 49L, 50L, 51L, 
        52L, 53L, 54L, 55L, 56L, 57L, 58L, 59L, 60L, 61L, 62L, 
        63L, 64L, 65L, 66L, 67L, 68L, 69L, 70L, 71L, 72L, 73L, 
        74L, 75L, 76L, 77L, 78L, 79L, 80L, 81L, 82L, 83L, 84L, 
        85L, 86L, 87L, 88L, 89L, 90L, 91L, 92L, 93L, 94L, 95L, 
        96L, 97L, 98L, 99L, 100L, 101L, 102L, 103L, 104L, 105L, 
        106L, 107L, 108L, 109L, 110L, 111L, 112L, 113L, 114L, 
        115L, 116L, 117L, 118L, 119L, 120L, 121L, 122L, 123L, 
        124L, 125L, 126L, 127L, 128L, 129L, 130L), u_mat_inds_obs_y = c(1L, 
        131L, 132L, 133L, 134L, 135L, 136L, 137L, 138L, 139L, 
        140L, 141L, 142L, 143L, 144L, 145L, 146L, 147L, 148L, 
        149L, 150L, 151L, 152L, 153L, 154L, 155L, 156L, 157L, 
        158L, 159L, 160L, 161L, 162L, 163L, 164L, 165L, 166L, 
        167L, 168L, 169L, 170L, 171L, 172L, 173L, 174L, 175L, 
        176L, 177L, 178L, 179L, 180L, 181L, 182L, 183L, 184L, 
        185L, 186L, 187L, 188L, 189L, 190L, 191L, 192L, 193L, 
        194L, 195L, 196L, 197L, 198L, 199L, 200L, 201L, 202L, 
        203L, 204L, 205L, 206L, 207L, 208L, 209L, 210L, 211L, 
        212L, 213L, 214L, 215L, 216L, 217L, 218L, 219L, 220L, 
        221L, 222L, 223L, 224L, 225L, 226L, 227L, 228L, 229L, 
        230L, 231L, 232L, 233L, 234L, 235L, 236L, 237L, 238L, 
        239L, 240L, 241L, 242L, 243L, 244L, 245L, 246L, 247L, 
        248L, 249L, 250L, 251L, 252L, 253L, 254L, 255L, 256L, 
        257L, 258L, 259L, 260L), n_mat_inds_cens_y = c(0L, 0L, 
        131L), w_mat_inds_cens_y = numeric(0), v_mat_inds_cens_y = integer(0), 
        u_mat_inds_cens_y = c(1L, 1L, 1L, 1L, 1L, 1L, 1L, 1L, 
        1L, 1L, 1L, 1L, 1L, 1L, 1L, 1L, 1L, 1L, 1L, 1L, 1L, 1L, 
        1L, 1L, 1L, 1L, 1L, 1L, 1L, 1L, 1L, 1L, 1L, 1L, 1L, 1L, 
        1L, 1L, 1L, 1L, 1L, 1L, 1L, 1L, 1L, 1L, 1L, 1L, 1L, 1L, 
        1L, 1L, 1L, 1L, 1L, 1L, 1L, 1L, 1L, 1L, 1L, 1L, 1L, 1L, 
        1L, 1L, 1L, 1L, 1L, 1L, 1L, 1L, 1L, 1L, 1L, 1L, 1L, 1L, 
        1L, 1L, 1L, 1L, 1L, 1L, 1L, 1L, 1L, 1L, 1L, 1L, 1L, 1L, 
        1L, 1L, 1L, 1L, 1L, 1L, 1L, 1L, 1L, 1L, 1L, 1L, 1L, 1L, 
        1L, 1L, 1L, 1L, 1L, 1L, 1L, 1L, 1L, 1L, 1L, 1L, 1L, 1L, 
        1L, 1L, 1L, 1L, 1L, 1L, 1L, 1L, 1L, 1L, 1L), n_mat_inds_all_y = c(259L, 
        259L, 131L), w_mat_inds_all_y = c(1, 1, 1, 1, 1, 1, 1, 
        1, 1, 1, 1, 1, 1, 1, 1, 1, 1, 1, 1, 1, 1, 1, 1, 1, 1, 
        1, 1, 1, 1, 1, 1, 1, 1, 1, 1, 1, 1, 1, 1, 1, 1, 1, 1, 
        1, 1, 1, 1, 1, 1, 1, 1, 1, 1, 1, 1, 1, 1, 1, 1, 1, 1, 
        1, 1, 1, 1, 1, 1, 1, 1, 1, 1, 1, 1, 1, 1, 1, 1, 1, 1, 
        1, 1, 1, 1, 1, 1, 1, 1, 1, 1, 1, 1, 1, 1, 1, 1, 1, 1, 
        1, 1, 1, 1, 1, 1, 1, 1, 1, 1, 1, 1, 1, 1, 1, 1, 1, 1, 
        1, 1, 1, 1, 1, 1, 1, 1, 1, 1, 1, 1, 1, 1, 1, 1, 1, 1, 
        1, 1, 1, 1, 1, 1, 1, 1, 1, 1, 1, 1, 1, 1, 1, 1, 1, 1, 
        1, 1, 1, 1, 1, 1, 1, 1, 1, 1, 1, 1, 1, 1, 1, 1, 1, 1, 
        1, 1, 1, 1, 1, 1, 1, 1, 1, 1, 1, 1, 1, 1, 1, 1, 1, 1, 
        1, 1, 1, 1, 1, 1, 1, 1, 1, 1, 1, 1, 1, 1, 1, 1, 1, 1, 
        1, 1, 1, 1, 1, 1, 1, 1, 1, 1, 1, 1, 1, 1, 1, 1, 1, 1, 
        1, 1, 1, 1, 1, 1, 1, 1, 1, 1, 1, 1, 1, 1, 1, 1, 1, 1, 
        1, 1, 1, 1, 1, 1, 1, 1, 1, 1, 1, 1, 1, 1, 1, 1, 1, 1), 
        v_mat_inds_all_y = c(1L, 2L, 3L, 4L, 5L, 6L, 7L, 8L, 
        9L, 10L, 11L, 12L, 13L, 14L, 15L, 16L, 17L, 18L, 19L, 
        20L, 21L, 22L, 23L, 24L, 25L, 26L, 27L, 28L, 29L, 30L, 
        31L, 32L, 33L, 34L, 35L, 36L, 37L, 38L, 39L, 40L, 41L, 
        42L, 43L, 44L, 45L, 46L, 47L, 48L, 49L, 50L, 51L, 52L, 
        53L, 54L, 55L, 56L, 57L, 58L, 59L, 60L, 61L, 62L, 63L, 
        64L, 65L, 66L, 67L, 68L, 69L, 70L, 71L, 72L, 73L, 74L, 
        75L, 76L, 77L, 78L, 79L, 80L, 81L, 82L, 83L, 84L, 85L, 
        86L, 87L, 88L, 89L, 90L, 91L, 92L, 93L, 94L, 95L, 96L, 
        97L, 98L, 99L, 100L, 101L, 102L, 103L, 104L, 105L, 106L, 
        107L, 108L, 109L, 110L, 111L, 112L, 113L, 114L, 115L, 
        116L, 117L, 118L, 119L, 120L, 121L, 122L, 123L, 124L, 
        125L, 126L, 127L, 128L, 129L, 130L, 2L, 3L, 4L, 5L, 6L, 
        7L, 8L, 9L, 10L, 11L, 12L, 13L, 14L, 15L, 16L, 17L, 18L, 
        19L, 20L, 21L, 22L, 23L, 24L, 25L, 26L, 27L, 28L, 29L, 
        30L, 31L, 32L, 33L, 34L, 35L, 36L, 37L, 38L, 39L, 40L, 
        41L, 42L, 43L, 44L, 45L, 46L, 47L, 48L, 49L, 50L, 51L, 
        52L, 53L, 54L, 55L, 56L, 57L, 58L, 59L, 60L, 61L, 62L, 
        63L, 64L, 65L, 66L, 67L, 68L, 69L, 70L, 71L, 72L, 73L, 
        74L, 75L, 76L, 77L, 78L, 79L, 80L, 81L, 82L, 83L, 84L, 
        85L, 86L, 87L, 88L, 89L, 90L, 91L, 92L, 93L, 94L, 95L, 
        96L, 97L, 98L, 99L, 100L, 101L, 102L, 103L, 104L, 105L, 
        106L, 107L, 108L, 109L, 110L, 111L, 112L, 113L, 114L, 
        115L, 116L, 117L, 118L, 119L, 120L, 121L, 122L, 123L, 
        124L, 125L, 126L, 127L, 128L, 129L, 130L), u_mat_inds_all_y = c(1L, 
        131L, 132L, 133L, 134L, 135L, 136L, 137L, 138L, 139L, 
        140L, 141L, 142L, 143L, 144L, 145L, 146L, 147L, 148L, 
        149L, 150L, 151L, 152L, 153L, 154L, 155L, 156L, 157L, 
        158L, 159L, 160L, 161L, 162L, 163L, 164L, 165L, 166L, 
        167L, 168L, 169L, 170L, 171L, 172L, 173L, 174L, 175L, 
        176L, 177L, 178L, 179L, 180L, 181L, 182L, 183L, 184L, 
        185L, 186L, 187L, 188L, 189L, 190L, 191L, 192L, 193L, 
        194L, 195L, 196L, 197L, 198L, 199L, 200L, 201L, 202L, 
        203L, 204L, 205L, 206L, 207L, 208L, 209L, 210L, 211L, 
        212L, 213L, 214L, 215L, 216L, 217L, 218L, 219L, 220L, 
        221L, 222L, 223L, 224L, 225L, 226L, 227L, 228L, 229L, 
        230L, 231L, 232L, 233L, 234L, 235L, 236L, 237L, 238L, 
        239L, 240L, 241L, 242L, 243L, 244L, 245L, 246L, 247L, 
        248L, 249L, 250L, 251L, 252L, 253L, 254L, 255L, 256L, 
        257L, 258L, 259L, 260L), lm_time_grid = c(1, 50, 100), 
        n_lm_time_grid = 3L), init = function () 
    values_initial_expanded)`: unused argument (exe_file = "/tmp/RtmpcfZE6k/gsf_joint_model_with_link_single_study")
Backtrace:
    x
 1. +-base::suppressWarnings(...) at test-LongitudinalGSF.R:46:4
 2. | \-base::withCallingHandlers(...)
 3. +-jmpost::sampleStanModel(...)
 4. \-jmpost::sampleStanModel(...)
 5.   \-jmpost (local) .local(object, ..., exe_dir = exe_dir)
 6.     \-base::do.call(model$sample, args)</error>
    </testcase>
  </testsuite>
  <testsuite name="LongitudinalSamples" timestamp="2023-08-16T16:23:49Z" hostname="c7d822c65aee" tests="17" skipped="0" failures="0" errors="0" time="0.667">
    <testcase time="0.0559999999999974" classname="LongitudinalSamples" name="LongitudinalSamples_can_be_initialized"/>
    <testcase time="0.00600000000000023" classname="LongitudinalSamples" name="LongitudinalSamples_can_be_initialized"/>
    <testcase time="0.01400000000001" classname="LongitudinalSamples" name="subsetting_works_as_expected_for_LongitudinalSamples"/>
    <testcase time="0.000999999999990564" classname="LongitudinalSamples" name="subsetting_works_as_expected_for_LongitudinalSamples"/>
    <testcase time="0.00600000000000023" classname="LongitudinalSamples" name="subsetting_works_as_expected_for_LongitudinalSamples"/>
    <testcase time="0.301000000000002" classname="LongitudinalSamples" name="autoplot_works_as_expected_for_LongitudinalSamples"/>
    <testcase time="0.0970000000000084" classname="LongitudinalSamples" name="autoplot_works_as_expected_for_LongitudinalSamples"/>
    <testcase time="0.00699999999999079" classname="LongitudinalSamples" name="autoplot_works_as_expected_for_LongitudinalSamples"/>
    <testcase time="0.00600000000000023" classname="LongitudinalSamples" name="autoplot_works_as_expected_for_LongitudinalSamples"/>
    <testcase time="0.00600000000000023" classname="LongitudinalSamples" name="autoplot_works_as_expected_for_LongitudinalSamples"/>
    <testcase time="0.0870000000000033" classname="LongitudinalSamples" name="autoplot_works_as_expected_for_LongitudinalSamples"/>
    <testcase time="0.00600000000000023" classname="LongitudinalSamples" name="autoplot_works_as_expected_for_LongitudinalSamples"/>
    <testcase time="0.00499999999999545" classname="LongitudinalSamples" name="autoplot_works_as_expected_for_LongitudinalSamples"/>
    <testcase time="0.00500000000000966" classname="LongitudinalSamples" name="autoplot_works_as_expected_for_LongitudinalSamples"/>
    <testcase time="0.00600000000000023" classname="LongitudinalSamples" name="autoplot_works_as_expected_for_LongitudinalSamples"/>
    <testcase time="0.0519999999999925" classname="LongitudinalSamples" name="autoplot_works_as_expected_for_LongitudinalSamples"/>
    <testcase time="0.00600000000000023" classname="LongitudinalSamples" name="autoplot_works_as_expected_for_LongitudinalSamples"/>
  </testsuite>
  <testsuite name="ParameterList" timestamp="2023-08-16T16:23:50Z" hostname="c7d822c65aee" tests="3" skipped="0" failures="0" errors="0" time="0.033">
    <testcase time="0.019999999999996" classname="ParameterList" name="ParameterList_smoke_tests"/>
    <testcase time="0.00500000000000966" classname="ParameterList" name="ParameterList_smoke_tests"/>
    <testcase time="0.00799999999999557" classname="ParameterList" name="ParameterList_smoke_tests"/>
  </testsuite>
  <testsuite name="Parameters" timestamp="2023-08-16T16:23:50Z" hostname="c7d822c65aee" tests="4" skipped="0" failures="0" errors="0" time="0.034">
    <testcase time="0.0180000000000007" classname="Parameters" name="Parameters_smoke_tests"/>
    <testcase time="0.00499999999999545" classname="Parameters" name="Parameters_smoke_tests"/>
    <testcase time="0.00600000000000023" classname="Parameters" name="Parameters_smoke_tests"/>
    <testcase time="0.00500000000000966" classname="Parameters" name="Parameters_smoke_tests"/>
  </testsuite>
  <testsuite name="Prior" timestamp="2023-08-16T16:23:50Z" hostname="c7d822c65aee" tests="11" skipped="0" failures="0" errors="0" time="0.109">
    <testcase time="0.0189999999999912" classname="Prior" name="Priors_work_as_expected"/>
    <testcase time="0.00600000000000023" classname="Prior" name="Priors_work_as_expected"/>
    <testcase time="0.00600000000000023" classname="Prior" name="Priors_work_as_expected"/>
    <testcase time="0.00600000000000023" classname="Prior" name="Priors_work_as_expected"/>
    <testcase time="0.0220000000000056" classname="Prior" name="Invalid_prior_parameters_are_rejected"/>
    <testcase time="0.0120000000000005" classname="Prior" name="Invalid_prior_parameters_are_rejected"/>
    <testcase time="0.0109999999999957" classname="Prior" name="Invalid_prior_parameters_are_rejected"/>
    <testcase time="0.0109999999999957" classname="Prior" name="Invalid_prior_parameters_are_rejected"/>
    <testcase time="0.0110000000000099" classname="Prior" name="Invalid_prior_parameters_are_rejected"/>
    <testcase time="0.00300000000000011" classname="Prior" name="Invalid_prior_parameters_are_rejected"/>
    <testcase time="0.00199999999999534" classname="Prior" name="Invalid_prior_parameters_are_rejected"/>
  </testsuite>
  <testsuite name="SurvivalExponential" timestamp="2023-08-16T16:23:50Z" hostname="c7d822c65aee" tests="2" skipped="0" failures="0" errors="2" time="34.96">
    <testcase time="32.782" classname="SurvivalExponential" name="SurvivalExponential_can_recover_true_parameter_no_covariates_">
      <error type="error" message="Error in `(function (data = NULL, seed = NULL, refresh = NULL, init = NULL,  ('test-SurvivalExponential.R:42:5')">Error in `(function (data = NULL, seed = NULL, refresh = NULL, init = NULL, 
    save_latent_dynamics = FALSE, output_dir = NULL, output_basename = NULL, 
    sig_figs = NULL, chains = 4, parallel_chains = getOption("mc.cores", 
        1), chain_ids = seq_len(chains), threads_per_chain = NULL, 
    opencl_ids = NULL, iter_warmup = NULL, iter_sampling = NULL, 
    save_warmup = FALSE, thin = NULL, max_treedepth = NULL, adapt_engaged = TRUE, 
    adapt_delta = NULL, step_size = NULL, metric = NULL, metric_file = NULL, 
    inv_metric = NULL, init_buffer = NULL, term_buffer = NULL, 
    window = NULL, fixed_param = FALSE, show_messages = TRUE, 
    show_exceptions = TRUE, diagnostics = c("divergences", "treedepth", 
        "ebfmi"), cores = NULL, num_cores = NULL, num_chains = NULL, 
    num_warmup = NULL, num_samples = NULL, validate_csv = NULL, 
    save_extra_diagnostics = NULL, max_depth = NULL, stepsize = NULL) 
{
    if (!is.null(cores)) {
        warning("'cores' is deprecated. Please use 'parallel_chains' instead.")
        parallel_chains &lt;- cores
    }
    if (!is.null(num_cores)) {
        warning("'num_cores' is deprecated. Please use 'parallel_chains' instead.")
        parallel_chains &lt;- num_cores
    }
    if (!is.null(num_chains)) {
        warning("'num_chains' is deprecated. Please use 'chains' instead.")
        chains &lt;- num_chains
    }
    if (!is.null(num_warmup)) {
        warning("'num_warmup' is deprecated. Please use 'iter_warmup' instead.")
        iter_warmup &lt;- num_warmup
    }
    if (!is.null(num_samples)) {
        warning("'num_samples' is deprecated. Please use 'iter_sampling' instead.")
        iter_sampling &lt;- num_samples
    }
    if (!is.null(max_depth)) {
        warning("'max_depth' is deprecated. Please use 'max_treedepth' instead.")
        max_treedepth &lt;- max_depth
    }
    if (!is.null(stepsize)) {
        warning("'stepsize' is deprecated. Please use 'step_size' instead.")
        step_size &lt;- stepsize
    }
    if (!is.null(save_extra_diagnostics)) {
        warning("'save_extra_diagnostics' is deprecated. Please use 'save_latent_dynamics' instead.")
        save_latent_dynamics &lt;- save_extra_diagnostics
    }
    if (!is.null(validate_csv)) {
        warning("'validate_csv' is deprecated. Please use 'diagnostics' instead.")
        if (is.logical(validate_csv)) {
            if (validate_csv) {
                diagnostics &lt;- c("divergences", "treedepth", 
                  "ebfmi")
            }
            else {
                diagnostics &lt;- NULL
            }
        }
    }
    if (cmdstan_version() &gt;= "2.27.0" &amp;&amp; !fixed_param) {
        if (self$has_stan_file() &amp;&amp; file.exists(self$stan_file())) {
            if (!is.null(self$variables()) &amp;&amp; length(self$variables()$parameters) == 
                0) {
                stop("Model contains no parameters. Please use 'fixed_param = TRUE'.", 
                  call. = FALSE)
            }
        }
    }
    if (fixed_param) {
        save_warmup &lt;- FALSE
    }
    procs &lt;- CmdStanMCMCProcs$new(num_procs = checkmate::assert_integerish(chains, 
        lower = 1, len = 1), parallel_procs = checkmate::assert_integerish(parallel_chains, 
        lower = 1, null.ok = TRUE), threads_per_proc = assert_valid_threads(threads_per_chain, 
        self$cpp_options(), multiple_chains = TRUE), show_stderr_messages = show_exceptions, 
        show_stdout_messages = show_messages)
    model_variables &lt;- NULL
    if (is_variables_method_supported(self)) {
        model_variables &lt;- self$variables()
    }
    sample_args &lt;- SampleArgs$new(iter_warmup = iter_warmup, 
        iter_sampling = iter_sampling, save_warmup = save_warmup, 
        thin = thin, max_treedepth = max_treedepth, adapt_engaged = adapt_engaged, 
        adapt_delta = adapt_delta, step_size = step_size, metric = metric, 
        metric_file = metric_file, inv_metric = inv_metric, init_buffer = init_buffer, 
        term_buffer = term_buffer, window = window, fixed_param = fixed_param, 
        diagnostics = diagnostics)
    args &lt;- CmdStanArgs$new(method_args = sample_args, stan_file = self$stan_file(), 
        stan_code = suppressWarnings(self$code()), model_methods_env = private$model_methods_env_, 
        standalone_env = self$functions, model_name = self$model_name(), 
        exe_file = self$exe_file(), proc_ids = checkmate::assert_integerish(chain_ids, 
            lower = 1, len = chains, unique = TRUE, null.ok = FALSE), 
        data_file = process_data(data, model_variables), save_latent_dynamics = save_latent_dynamics, 
        seed = seed, init = init, refresh = refresh, output_dir = output_dir, 
        output_basename = output_basename, sig_figs = sig_figs, 
        opencl_ids = assert_valid_opencl(opencl_ids, self$cpp_options()), 
        model_variables = model_variables)
    runset &lt;- CmdStanRun$new(args, procs)
    runset$run_cmdstan()
    CmdStanMCMC$new(runset)
})(iter_sampling = 200, iter_warmup = 200, chains = 1, parallel_chains = 1, 
    exe_file = "/tmp/RtmpcfZE6k/Survival_Exponential_No_Covariates", 
    data = list(Nind = 500L, Nind_dead = 494, dead_ind_index = c(1L, 
    2L, 3L, 4L, 5L, 6L, 7L, 8L, 9L, 10L, 11L, 12L, 13L, 14L, 
    15L, 16L, 17L, 18L, 19L, 20L, 21L, 22L, 23L, 24L, 25L, 26L, 
    27L, 28L, 29L, 30L, 31L, 32L, 33L, 34L, 35L, 36L, 37L, 38L, 
    39L, 40L, 41L, 42L, 43L, 44L, 45L, 46L, 47L, 48L, 49L, 50L, 
    51L, 52L, 53L, 54L, 56L, 57L, 58L, 59L, 60L, 61L, 62L, 63L, 
    64L, 65L, 66L, 67L, 68L, 69L, 70L, 71L, 72L, 73L, 74L, 75L, 
    76L, 77L, 78L, 79L, 80L, 81L, 82L, 83L, 84L, 85L, 86L, 87L, 
    88L, 89L, 90L, 91L, 92L, 93L, 94L, 95L, 96L, 97L, 98L, 99L, 
    100L, 101L, 102L, 103L, 104L, 105L, 106L, 107L, 108L, 109L, 
    110L, 111L, 112L, 113L, 114L, 115L, 116L, 117L, 118L, 119L, 
    120L, 121L, 122L, 123L, 124L, 125L, 126L, 128L, 129L, 130L, 
    131L, 132L, 133L, 134L, 135L, 136L, 137L, 138L, 139L, 140L, 
    141L, 142L, 143L, 144L, 145L, 146L, 147L, 148L, 149L, 150L, 
    151L, 152L, 153L, 154L, 155L, 156L, 158L, 159L, 160L, 161L, 
    162L, 163L, 164L, 165L, 166L, 167L, 168L, 169L, 170L, 171L, 
    172L, 173L, 174L, 175L, 176L, 177L, 178L, 179L, 180L, 181L, 
    182L, 183L, 184L, 185L, 186L, 187L, 188L, 189L, 190L, 191L, 
    192L, 193L, 194L, 195L, 196L, 197L, 198L, 199L, 200L, 201L, 
    202L, 203L, 204L, 205L, 206L, 207L, 208L, 209L, 210L, 211L, 
    212L, 213L, 214L, 215L, 216L, 217L, 218L, 219L, 220L, 221L, 
    222L, 223L, 224L, 225L, 226L, 227L, 228L, 229L, 230L, 231L, 
    232L, 233L, 234L, 235L, 236L, 237L, 238L, 239L, 240L, 241L, 
    242L, 243L, 244L, 245L, 246L, 247L, 248L, 249L, 250L, 251L, 
    252L, 253L, 254L, 255L, 256L, 258L, 259L, 260L, 261L, 262L, 
    263L, 264L, 265L, 266L, 267L, 268L, 269L, 270L, 271L, 272L, 
    273L, 274L, 275L, 276L, 277L, 278L, 279L, 280L, 281L, 282L, 
    283L, 284L, 285L, 286L, 287L, 288L, 289L, 290L, 291L, 292L, 
    293L, 294L, 295L, 296L, 297L, 298L, 299L, 300L, 301L, 302L, 
    303L, 304L, 305L, 306L, 307L, 308L, 309L, 310L, 311L, 312L, 
    313L, 314L, 315L, 316L, 317L, 318L, 319L, 320L, 321L, 322L, 
    323L, 324L, 325L, 326L, 327L, 328L, 329L, 330L, 331L, 332L, 
    333L, 334L, 335L, 336L, 337L, 338L, 339L, 340L, 341L, 342L, 
    343L, 344L, 345L, 346L, 347L, 348L, 349L, 350L, 351L, 352L, 
    353L, 354L, 355L, 356L, 357L, 358L, 359L, 360L, 361L, 362L, 
    363L, 364L, 365L, 366L, 367L, 368L, 369L, 370L, 371L, 372L, 
    373L, 374L, 375L, 376L, 377L, 378L, 380L, 381L, 382L, 383L, 
    384L, 385L, 386L, 387L, 388L, 389L, 390L, 391L, 392L, 393L, 
    394L, 395L, 396L, 397L, 398L, 399L, 400L, 401L, 402L, 403L, 
    404L, 405L, 406L, 407L, 408L, 409L, 410L, 411L, 412L, 413L, 
    414L, 415L, 416L, 417L, 418L, 419L, 420L, 421L, 422L, 423L, 
    424L, 425L, 426L, 427L, 428L, 429L, 430L, 431L, 432L, 433L, 
    434L, 435L, 436L, 437L, 438L, 439L, 440L, 441L, 442L, 443L, 
    444L, 445L, 446L, 447L, 448L, 449L, 450L, 451L, 452L, 453L, 
    454L, 455L, 456L, 457L, 458L, 459L, 460L, 461L, 462L, 463L, 
    464L, 465L, 466L, 467L, 468L, 469L, 470L, 471L, 472L, 473L, 
    474L, 476L, 477L, 478L, 479L, 480L, 481L, 482L, 483L, 484L, 
    485L, 486L, 487L, 488L, 489L, 490L, 491L, 492L, 493L, 494L, 
    495L, 496L, 497L, 498L, 499L, 500L), Times = c(228, 312, 
    4.5, 167, 21, 18, 78, 174.5, 123.5, 178, 209, 30, 264, 187.5, 
    110, 34, 66, 56, 35.5, 66, 151.5, 46, 198.5, 111.5, 18.5, 
    40.5, 106.5, 55, 48.5, 12, 43, 39, 159, 8.5, 27, 5, 150.5, 
    228, 137, 251, 120.5, 95, 88, 153, 49.5, 136, 10, 209, 44, 
    94, 92, 72.5, 207, 281.5, 86.8978137150407, 106, 135.5, 9, 
    56, 19, 79.5, 37, 1.5, 29.5, 106, 261.5, 153, 3.5, 34.5, 
    381.5, 61, 13.5, 33.5, 80.5, 12.5, 8.5, 48.5, 78, 35.5, 319.5, 
    81, 97, 63.5, 18, 100.5, 7, 78.5, 61.5, 25.5, 55, 84.5, 84, 
    16, 166, 19, 34.5, 215.5, 142, 7, 14.5, 32.5, 74.5, 120.5, 
    65, 229.5, 7, 117, 201, 145, 9, 9.5, 26, 14.5, 20.5, 90, 
    80.5, 62, 51, 48, 19, 40, 402, 28.5, 59.5, 90.5, 58, 52.1598667837679, 
    103, 22.5, 122.5, 79, 146, 69.5, 55.5, 259.5, 69.5, 146.5, 
    66, 276, 21, 39, 30, 37.5, 7, 362.5, 229, 101.5, 55, 123.5, 
    74, 45, 56.5, 47, 12, 108, 42.5, 40.934023543256, 20.5, 81, 
    14.5, 91, 20, 101, 7.5, 55.5, 117, 74.5, 93, 7, 56.5, 43, 
    68.5, 6.5, 153, 4, 17, 11.5, 132.5, 40.5, 49, 20.5, 214.5, 
    129.5, 130, 28.5, 137, 20, 134, 20.5, 21.5, 145.5, 26.5, 
    45.5, 442, 113.5, 35.5, 188, 58.5, 3.5, 38, 81, 8, 1.5, 244, 
    80, 294.5, 29.5, 192, 75, 35.5, 88.5, 138.5, 128.5, 80, 253, 
    84.5, 177, 97.5, 46, 13, 14, 17, 74, 249, 305, 56, 135, 135.5, 
    127.5, 87, 1.5, 39.5, 8, 11.5, 56, 105, 6, 185.5, 221.5, 
    72.5, 15.5, 28, 179.5, 134.5, 79.5, 145, 112, 151.5, 91, 
    10, 28.5, 264, 74, 185.5, 48, 201.5, 91.6350935585797, 110, 
    4.5, 39.5, 136, 34, 29, 167.5, 96.5, 21.5, 281.5, 25.5, 27, 
    26, 25.5, 248, 248, 32.5, 102.5, 39, 159.5, 35.5, 89, 4, 
    11.5, 15.5, 61, 41, 347.5, 83, 74, 15, 51, 196.5, 25.5, 216, 
    122.5, 29.5, 17, 77, 123.5, 14, 279.5, 67, 104.5, 47.5, 91, 
    9, 59, 9, 16, 50, 67, 219, 191, 24, 65, 98, 51.5, 5, 123.5, 
    13.5, 22, 13.5, 37.5, 23, 6.5, 60.5, 12, 14.5, 28, 28.5, 
    51, 231, 21.5, 478, 149, 82.5, 354, 235.5, 1, 179.5, 58.5, 
    27.5, 37.5, 10.5, 20, 1, 120, 6.5, 172, 25, 18, 86, 202.5, 
    37, 370, 78, 64, 81, 72, 8.5, 118, 218, 86.5, 92, 10, 41.5, 
    86.5, 28, 92.5, 148, 47.5, 53, 110.5, 4.5, 143, 23, 21.5, 
    29.5, 245.5, 78, 56.6648924723268, 84, 357.5, 26, 160, 197, 
    116.5, 110.5, 44, 2.5, 54.5, 13, 8, 7, 28.5, 79, 86, 50, 
    44.5, 20.5, 394, 116.5, 5.5, 44, 124, 117, 66, 23, 92.5, 
    7, 47.5, 243, 59, 74.5, 38, 69.5, 91, 121, 138.5, 88.5, 17.5, 
    2, 33.5, 140.5, 337, 192, 161, 95, 40.5, 88.5, 79.5, 114, 
    61, 53, 132, 35.5, 95.5, 31, 7.5, 22.5, 13, 17, 233.5, 8.5, 
    28.5, 27.5, 82.5, 161, 71.5, 7, 14.5, 112.5, 12, 148.5, 86.5, 
    52.5, 279, 171, 7, 38, 43, 270.5, 61, 255, 73, 121.5, 141, 
    1.5, 306, 186.5, 8, 94, 15, 9.5, 43.5, 96.5, 179.848673287779, 
    25.5, 3.5, 109, 291.5, 553.5, 50, 157.5, 131, 57.5, 31.5, 
    128, 87.5, 165, 45, 82, 264.5, 216, 89.5, 42.5, 2.5, 16.5, 
    140.5, 2, 8, 57.5), p_os_cov_design = 0L, os_cov_design = structure(numeric(0), dim = c(500L, 
    0L), dimnames = list(c("1", "2", "3", "4", "5", "6", "7", 
    "8", "9", "10", "11", "12", "13", "14", "15", "16", "17", 
    "18", "19", "20", "21", "22", "23", "24", "25", "26", "27", 
    "28", "29", "30", "31", "32", "33", "34", "35", "36", "37", 
    "38", "39", "40", "41", "42", "43", "44", "45", "46", "47", 
    "48", "49", "50", "51", "52", "53", "54", "55", "56", "57", 
    "58", "59", "60", "61", "62", "63", "64", "65", "66", "67", 
    "68", "69", "70", "71", "72", "73", "74", "75", "76", "77", 
    "78", "79", "80", "81", "82", "83", "84", "85", "86", "87", 
    "88", "89", "90", "91", "92", "93", "94", "95", "96", "97", 
    "98", "99", "100", "101", "102", "103", "104", "105", "106", 
    "107", "108", "109", "110", "111", "112", "113", "114", "115", 
    "116", "117", "118", "119", "120", "121", "122", "123", "124", 
    "125", "126", "127", "128", "129", "130", "131", "132", "133", 
    "134", "135", "136", "137", "138", "139", "140", "141", "142", 
    "143", "144", "145", "146", "147", "148", "149", "150", "151", 
    "152", "153", "154", "155", "156", "157", "158", "159", "160", 
    "161", "162", "163", "164", "165", "166", "167", "168", "169", 
    "170", "171", "172", "173", "174", "175", "176", "177", "178", 
    "179", "180", "181", "182", "183", "184", "185", "186", "187", 
    "188", "189", "190", "191", "192", "193", "194", "195", "196", 
    "197", "198", "199", "200", "201", "202", "203", "204", "205", 
    "206", "207", "208", "209", "210", "211", "212", "213", "214", 
    "215", "216", "217", "218", "219", "220", "221", "222", "223", 
    "224", "225", "226", "227", "228", "229", "230", "231", "232", 
    "233", "234", "235", "236", "237", "238", "239", "240", "241", 
    "242", "243", "244", "245", "246", "247", "248", "249", "250", 
    "251", "252", "253", "254", "255", "256", "257", "258", "259", 
    "260", "261", "262", "263", "264", "265", "266", "267", "268", 
    "269", "270", "271", "272", "273", "274", "275", "276", "277", 
    "278", "279", "280", "281", "282", "283", "284", "285", "286", 
    "287", "288", "289", "290", "291", "292", "293", "294", "295", 
    "296", "297", "298", "299", "300", "301", "302", "303", "304", 
    "305", "306", "307", "308", "309", "310", "311", "312", "313", 
    "314", "315", "316", "317", "318", "319", "320", "321", "322", 
    "323", "324", "325", "326", "327", "328", "329", "330", "331", 
    "332", "333", "334", "335", "336", "337", "338", "339", "340", 
    "341", "342", "343", "344", "345", "346", "347", "348", "349", 
    "350", "351", "352", "353", "354", "355", "356", "357", "358", 
    "359", "360", "361", "362", "363", "364", "365", "366", "367", 
    "368", "369", "370", "371", "372", "373", "374", "375", "376", 
    "377", "378", "379", "380", "381", "382", "383", "384", "385", 
    "386", "387", "388", "389", "390", "391", "392", "393", "394", 
    "395", "396", "397", "398", "399", "400", "401", "402", "403", 
    "404", "405", "406", "407", "408", "409", "410", "411", "412", 
    "413", "414", "415", "416", "417", "418", "419", "420", "421", 
    "422", "423", "424", "425", "426", "427", "428", "429", "430", 
    "431", "432", "433", "434", "435", "436", "437", "438", "439", 
    "440", "441", "442", "443", "444", "445", "446", "447", "448", 
    "449", "450", "451", "452", "453", "454", "455", "456", "457", 
    "458", "459", "460", "461", "462", "463", "464", "465", "466", 
    "467", "468", "469", "470", "471", "472", "473", "474", "475", 
    "476", "477", "478", "479", "480", "481", "482", "483", "484", 
    "485", "486", "487", "488", "489", "490", "491", "492", "493", 
    "494", "495", "496", "497", "498", "499", "500"), NULL)), 
        n_nodes = 15L, nodes = c(-0.987992518020485, -0.937273392400706, 
        -0.848206583410427, -0.72441773136017, -0.570972172608539, 
        -0.394151347077563, -0.201194093997434, 7.76897533334697e-17, 
        0.201194093997435, 0.394151347077563, 0.570972172608539, 
        0.72441773136017, 0.848206583410427, 0.937273392400706, 
        0.987992518020485), weights = c(0.0307532419961173, 0.0703660474881082, 
        0.107159220467172, 0.139570677926155, 0.166269205816994, 
        0.186161000015562, 0.198431485327112, 0.202578241925561, 
        0.19843148532711, 0.186161000015563, 0.166269205816993, 
        0.139570677926154, 0.107159220467173, 0.0703660474881077, 
        0.0307532419961179), study_index = c(1, 1, 1, 1, 1, 1, 
        1, 1, 1, 1, 1, 1, 1, 1, 1, 1, 1, 1, 1, 1, 1, 1, 1, 1, 
        1, 1, 1, 1, 1, 1, 1, 1, 1, 1, 1, 1, 1, 1, 1, 1, 1, 1, 
        1, 1, 1, 1, 1, 1, 1, 1, 1, 1, 1, 1, 1, 1, 1, 1, 1, 1, 
        1, 1, 1, 1, 1, 1, 1, 1, 1, 1, 1, 1, 1, 1, 1, 1, 1, 1, 
        1, 1, 1, 1, 1, 1, 1, 1, 1, 1, 1, 1, 1, 1, 1, 1, 1, 1, 
        1, 1, 1, 1, 1, 1, 1, 1, 1, 1, 1, 1, 1, 1, 1, 1, 1, 1, 
        1, 1, 1, 1, 1, 1, 1, 1, 1, 1, 1, 1, 1, 1, 1, 1, 1, 1, 
        1, 1, 1, 1, 1, 1, 1, 1, 1, 1, 1, 1, 1, 1, 1, 1, 1, 1, 
        1, 1, 1, 1, 1, 1, 1, 1, 1, 1, 1, 1, 1, 1, 1, 1, 1, 1, 
        1, 1, 1, 1, 1, 1, 1, 1, 1, 1, 1, 1, 1, 1, 1, 1, 1, 1, 
        1, 1, 1, 1, 1, 1, 1, 1, 1, 1, 1, 1, 1, 1, 1, 1, 1, 1, 
        1, 1, 1, 1, 1, 1, 1, 1, 1, 1, 1, 1, 1, 1, 1, 1, 1, 1, 
        1, 1, 1, 1, 1, 1, 1, 1, 1, 1, 1, 1, 1, 1, 1, 1, 1, 1, 
        1, 1, 1, 1, 1, 1, 1, 1, 1, 1, 1, 1, 1, 1, 1, 1, 1, 1, 
        1, 1, 1, 1, 1, 1, 1, 1, 1, 1, 1, 1, 1, 1, 1, 1, 1, 1, 
        1, 1, 1, 1, 1, 1, 1, 1, 1, 1, 1, 1, 1, 1, 1, 1, 1, 1, 
        1, 1, 1, 1, 1, 1, 1, 1, 1, 1, 1, 1, 1, 1, 1, 1, 1, 1, 
        1, 1, 1, 1, 1, 1, 1, 1, 1, 1, 1, 1, 1, 1, 1, 1, 1, 1, 
        1, 1, 1, 1, 1, 1, 1, 1, 1, 1, 1, 1, 1, 1, 1, 1, 1, 1, 
        1, 1, 1, 1, 1, 1, 1, 1, 1, 1, 1, 1, 1, 1, 1, 1, 1, 1, 
        1, 1, 1, 1, 1, 1, 1, 1, 1, 1, 1, 1, 1, 1, 1, 1, 1, 1, 
        1, 1, 1, 1, 1, 1, 1, 1, 1, 1, 1, 1, 1, 1, 1, 1, 1, 1, 
        1, 1, 1, 1, 1, 1, 1, 1, 1, 1, 1, 1, 1, 1, 1, 1, 1, 1, 
        1, 1, 1, 1, 1, 1, 1, 1, 1, 1, 1, 1, 1, 1, 1, 1, 1, 1, 
        1, 1, 1, 1, 1, 1, 1, 1, 1, 1, 1, 1, 1, 1, 1, 1, 1, 1, 
        1, 1, 1, 1, 1, 1, 1, 1, 1, 1, 1, 1, 1, 1, 1, 1, 1, 1, 
        1, 1, 1, 1, 1, 1, 1, 1, 1, 1, 1, 1, 1, 1, 1, 1, 1, 1, 
        1, 1, 1, 1, 1, 1, 1, 1), arm_index = c(1, 1, 1, 1, 1, 
        1, 1, 1, 1, 1, 1, 1, 1, 1, 1, 1, 1, 1, 1, 1, 1, 1, 1, 
        1, 1, 1, 1, 1, 1, 1, 1, 1, 1, 1, 1, 1, 1, 1, 1, 1, 1, 
        1, 1, 1, 1, 1, 1, 1, 1, 1, 1, 1, 1, 1, 1, 1, 1, 1, 1, 
        1, 1, 1, 1, 1, 1, 1, 1, 1, 1, 1, 1, 1, 1, 1, 1, 1, 1, 
        1, 1, 1, 1, 1, 1, 1, 1, 1, 1, 1, 1, 1, 1, 1, 1, 1, 1, 
        1, 1, 1, 1, 1, 1, 1, 1, 1, 1, 1, 1, 1, 1, 1, 1, 1, 1, 
        1, 1, 1, 1, 1, 1, 1, 1, 1, 1, 1, 1, 1, 1, 1, 1, 1, 1, 
        1, 1, 1, 1, 1, 1, 1, 1, 1, 1, 1, 1, 1, 1, 1, 1, 1, 1, 
        1, 1, 1, 1, 1, 1, 1, 1, 1, 1, 1, 1, 1, 1, 1, 1, 1, 1, 
        1, 1, 1, 1, 1, 1, 1, 1, 1, 1, 1, 1, 1, 1, 1, 1, 1, 1, 
        1, 1, 1, 1, 1, 1, 1, 1, 1, 1, 1, 1, 1, 1, 1, 1, 1, 1, 
        1, 1, 1, 1, 1, 1, 1, 1, 1, 1, 1, 1, 1, 1, 1, 1, 1, 1, 
        1, 1, 1, 1, 1, 1, 1, 1, 1, 1, 1, 1, 1, 1, 1, 1, 1, 1, 
        1, 1, 1, 1, 1, 1, 1, 1, 1, 1, 1, 1, 1, 1, 1, 1, 1, 1, 
        1, 1, 1, 1, 1, 1, 1, 1, 1, 1, 1, 1, 1, 1, 1, 1, 1, 1, 
        1, 1, 1, 1, 1, 1, 1, 1, 1, 1, 1, 1, 1, 1, 1, 1, 1, 1, 
        1, 1, 1, 1, 1, 1, 1, 1, 1, 1, 1, 1, 1, 1, 1, 1, 1, 1, 
        1, 1, 1, 1, 1, 1, 1, 1, 1, 1, 1, 1, 1, 1, 1, 1, 1, 1, 
        1, 1, 1, 1, 1, 1, 1, 1, 1, 1, 1, 1, 1, 1, 1, 1, 1, 1, 
        1, 1, 1, 1, 1, 1, 1, 1, 1, 1, 1, 1, 1, 1, 1, 1, 1, 1, 
        1, 1, 1, 1, 1, 1, 1, 1, 1, 1, 1, 1, 1, 1, 1, 1, 1, 1, 
        1, 1, 1, 1, 1, 1, 1, 1, 1, 1, 1, 1, 1, 1, 1, 1, 1, 1, 
        1, 1, 1, 1, 1, 1, 1, 1, 1, 1, 1, 1, 1, 1, 1, 1, 1, 1, 
        1, 1, 1, 1, 1, 1, 1, 1, 1, 1, 1, 1, 1, 1, 1, 1, 1, 1, 
        1, 1, 1, 1, 1, 1, 1, 1, 1, 1, 1, 1, 1, 1, 1, 1, 1, 1, 
        1, 1, 1, 1, 1, 1, 1, 1, 1, 1, 1, 1, 1, 1, 1, 1, 1, 1, 
        1, 1, 1, 1, 1, 1, 1, 1, 1, 1, 1, 1, 1, 1, 1, 1, 1, 1, 
        1, 1, 1, 1, 1, 1, 1, 1, 1), sm_time_grid = 1, n_sm_time_grid = 1L, 
        index_per_arm = c(1, 2, 3, 4, 5, 6, 7, 8, 9, 10, 11, 
        12, 13, 14, 15, 16, 17, 18, 19, 20, 21, 22, 23, 24, 25, 
        26, 27, 28, 29, 30, 31, 32, 33, 34, 35, 36, 37, 38, 39, 
        40, 41, 42, 43, 44, 45, 46, 47, 48, 49, 50, 51, 52, 53, 
        54, 55, 56, 57, 58, 59, 60, 61, 62, 63, 64, 65, 66, 67, 
        68, 69, 70, 71, 72, 73, 74, 75, 76, 77, 78, 79, 80, 81, 
        82, 83, 84, 85, 86, 87, 88, 89, 90, 91, 92, 93, 94, 95, 
        96, 97, 98, 99, 100, 101, 102, 103, 104, 105, 106, 107, 
        108, 109, 110, 111, 112, 113, 114, 115, 116, 117, 118, 
        119, 120, 121, 122, 123, 124, 125, 126, 127, 128, 129, 
        130, 131, 132, 133, 134, 135, 136, 137, 138, 139, 140, 
        141, 142, 143, 144, 145, 146, 147, 148, 149, 150, 151, 
        152, 153, 154, 155, 156, 157, 158, 159, 160, 161, 162, 
        163, 164, 165, 166, 167, 168, 169, 170, 171, 172, 173, 
        174, 175, 176, 177, 178, 179, 180, 181, 182, 183, 184, 
        185, 186, 187, 188, 189, 190, 191, 192, 193, 194, 195, 
        196, 197, 198, 199, 200, 201, 202, 203, 204, 205, 206, 
        207, 208, 209, 210, 211, 212, 213, 214, 215, 216, 217, 
        218, 219, 220, 221, 222, 223, 224, 225, 226, 227, 228, 
        229, 230, 231, 232, 233, 234, 235, 236, 237, 238, 239, 
        240, 241, 242, 243, 244, 245, 246, 247, 248, 249, 250, 
        251, 252, 253, 254, 255, 256, 257, 258, 259, 260, 261, 
        262, 263, 264, 265, 266, 267, 268, 269, 270, 271, 272, 
        273, 274, 275, 276, 277, 278, 279, 280, 281, 282, 283, 
        284, 285, 286, 287, 288, 289, 290, 291, 292, 293, 294, 
        295, 296, 297, 298, 299, 300, 301, 302, 303, 304, 305, 
        306, 307, 308, 309, 310, 311, 312, 313, 314, 315, 316, 
        317, 318, 319, 320, 321, 322, 323, 324, 325, 326, 327, 
        328, 329, 330, 331, 332, 333, 334, 335, 336, 337, 338, 
        339, 340, 341, 342, 343, 344, 345, 346, 347, 348, 349, 
        350, 351, 352, 353, 354, 355, 356, 357, 358, 359, 360, 
        361, 362, 363, 364, 365, 366, 367, 368, 369, 370, 371, 
        372, 373, 374, 375, 376, 377, 378, 379, 380, 381, 382, 
        383, 384, 385, 386, 387, 388, 389, 390, 391, 392, 393, 
        394, 395, 396, 397, 398, 399, 400, 401, 402, 403, 404, 
        405, 406, 407, 408, 409, 410, 411, 412, 413, 414, 415, 
        416, 417, 418, 419, 420, 421, 422, 423, 424, 425, 426, 
        427, 428, 429, 430, 431, 432, 433, 434, 435, 436, 437, 
        438, 439, 440, 441, 442, 443, 444, 445, 446, 447, 448, 
        449, 450, 451, 452, 453, 454, 455, 456, 457, 458, 459, 
        460, 461, 462, 463, 464, 465, 466, 467, 468, 469, 470, 
        471, 472, 473, 474, 475, 476, 477, 478, 479, 480, 481, 
        482, 483, 484, 485, 486, 487, 488, 489, 490, 491, 492, 
        493, 494, 495, 496, 497, 498, 499, 500), n_index_per_arm = 500, 
        n_arms = 1L, arm_to_study_index = 1, n_studies = 1L, 
        Nta_total = 1000L, Yobs = c(50.2730390538606, 91.3431765365514, 
        49.2247842368075, 63.9112649433542, 51.6462656441903, 
        27.5029048760449, 53.4969133396304, 87.4312254129682, 
        49.5152768761631, 18.2574120016165, 47.1132394600016, 
        72.5550878624785, 50.6823047892044, 20.3602653021272, 
        49.0010867648282, 29.0083194762506, 49.7739397309408, 
        43.6537647949871, 46.6443372679851, 61.3619628544693, 
        51.2496245120867, 97.2169916194179, 51.3536887436694, 
        56.3091023541205, 50.8792909798785, 120.506612679394, 
        49.4152469599159, 130.16756204355, 51.6289774299656, 
        57.7379881986066, 51.4732246585137, -18.1326216308882, 
        47.8286826334554, 16.7627072995847, 50.1122901721774, 
        -14.0944513982902, 49.8740230786552, 36.3922361203554, 
        52.425640041314, 49.1247219004902, 48.0544766975368, 
        32.9111547629762, 44.8411898212747, -11.4435832092608, 
        48.8483201176515, 111.721531440246, 49.3587370212603, 
        -29.6395503227391, 47.2263235965112, 24.6331814144722, 
        49.6528966169687, 0.99035067530705, 46.7753586672521, 
        49.6290931421192, 51.3587066411563, -14.1644250244774, 
        52.6717734006475, 78.1875043560086, 47.354971006064, 
        81.0304613868974, 47.9619339353476, 94.1236185442722, 
        50.2765310534712, 41.1883735561223, 51.0974545180205, 
        41.453590341728, 48.2663851663168, 32.3944123734738, 
        48.1480751106153, 76.6279612916649, 50.754845923804, 
        81.0427536717824, 48.9704313362752, -62.8466894037036, 
        49.801477560683, 42.5031028667469, 49.3773389678507, 
        44.8287462590265, 50.1541918726188, 25.5066350527793, 
        50.895418166783, 65.5123046086317, 48.9567960514477, 
        107.849139906479, 45.1888110679631, 52.2894016390661, 
        48.4470738998005, 8.7366246536858, 45.3407354540638, 
        -31.047606875432, 50.8807709037619, -15.4486149370319, 
        48.8218943921405, 28.4045058488325, 51.102431160955, 
        95.6287589345344, 52.2775091737086, 62.7189511770906, 
        52.6241398314701, 108.802666413769, 52.383034504772, 
        17.0591568487079, 51.0818915213302, 29.9446627334858, 
        47.8367538204451, 38.5970303595007, 49.986869357581, 
        47.0556019398424, 52.1875144563041, -3.95265513117602, 
        49.4309583728178, 35.4604015034993, 53.1337992225475, 
        77.832904531676, 48.6289176472676, 42.3855200590203, 
        48.2152617185372, -14.1117818993891, 48.5324159672058, 
        -6.23997546618252, 48.0075758104121, 56.3707284634931, 
        50.0342392047428, -27.1693913408667, 47.4780950762048, 
        42.2584582375643, 49.9720012957204, -14.9361599820634, 
        50.3165891272757, 106.892205185225, 50.5398424205888, 
        -38.2122669838675, 49.2872039875612, 8.95681150283453, 
        45.880544047519, 47.7163846786144, 52.3797061067324, 
        19.9818996981759, 50.4679738113896, 65.5176659300533, 
        51.7590997935485, 19.6109258527201, 49.6361985627071, 
        16.0512898948476, 50.8538539326869, 29.7181051461148, 
        51.6904465812015, 86.9272262246482, 50.8894029859503, 
        41.2754750737361, 51.5429742297422, -2.02192809048896, 
        50.9480829974482, 20.4020448367751, 52.7191963964446, 
        89.0497648801457, 50.3521201271093, 86.9501686754737, 
        50.2147446282225, -60.6721727370511, 48.0107631868787, 
        -20.651698356602, 48.2764930451642, 11.8756577317264, 
        48.9428020079316, 82.3847822349386, 50.5739121158622, 
        -5.22514789168149, 53.296840544948, 28.7215713957619, 
        49.1207077111318, 27.4406297473996, 50.2822984176069, 
        75.7568161332371, 50.3823717733262, 17.2939701904877, 
        50.3487513300952, 27.0418116048268, 53.6546572972962, 
        79.3780890614079, 51.6443878458873, 50.1268664513546, 
        48.374791944847, 87.8495936367264, 51.6074764279903, 
        40.2886789988636, 47.1181053987626, 54.0758019186476, 
        53.3063124742194, 46.4793002370625, 48.7299561148717, 
        62.7472278263871, 47.5018516672621, -20.7179979752529, 
        48.5261763620932, 29.2616208412565, 52.4267157824446, 
        188.962908014378, 50.8415571598456, 91.7117927285982, 
        48.3073765532923, -31.5428326494378, 48.2278222312902, 
        27.4032265758108, 51.461008244717, -5.73176420777189, 
        46.9580753487081, -34.0906366731311, 48.3992635443532, 
        -36.3480063676433, 49.8101574604181, 62.9868183650854, 
        48.9077821857205, 93.2101917485409, 47.766834491305, 
        51.9252829760886, 48.8249242358887, -14.7109700834103, 
        51.8165923262305, -17.6702210908426, 48.7650335674494, 
        -4.0870888490257, 51.4384836346827, 124.650837620665, 
        52.0956865768152, 116.856630197533, 57.7380080510224, 
        109.634194488537, 51.3758802178371, 61.4249263496558, 
        48.899433968883, 65.5630463875864, 49.6697453563048, 
        28.1563882756352, 47.963977070751, -18.7022013779654, 
        52.0199384091107, 62.0875473055538, 53.9153930365154, 
        95.4746821885778, 50.8862439725679, 39.2750522943497, 
        49.7505055948978, 119.826865977175, 49.8034918887507, 
        93.8278108148282, 47.8565271374349, -25.2148505579311, 
        48.9101788200044, 4.23979093287448, 49.6616012882501, 
        39.1998176460233, 47.0011679279794, 27.6833407824423, 
        50.7840642727231, 40.9084900270945, 50.1945832450904, 
        25.6639571324462, 51.234371341481, 55.4818358519794, 
        47.8403956553402, 25.3367287464655, 47.989789225859, 
        59.9140091851656, 51.9229102282852, 43.1974071082039, 
        49.2503685701098, 51.7118535541133, 52.1711683633552, 
        -13.1565037056851, 51.1870685526357, 63.6564041364733, 
        51.7969509061275, 69.2882398716616, 51.7105442098344, 
        105.547035844812, 51.6030234886956, 13.8963608493208, 
        50.0493307863394, 21.3190560195911, 52.1463346499033, 
        163.39530883548, 51.1219555985832, -34.5595169729062, 
        50.8334557482796, 35.4075293715669, 50.4784619833624, 
        -21.8794350574032, 48.6388680055269, 93.6380357338129, 
        55.6434625376907, 35.8986900247274, 53.1064234820214, 
        115.04535809222, 47.9200594607416, -17.8590514669047, 
        50.6767487324247, 25.544942722027, 46.9961102230367, 
        -2.27597305569054, 49.7863080004167, 17.0827249889167, 
        52.0354531538373, 35.0322152287426, 49.3822181142926, 
        52.1514190707091, 50.827248526547, 49.726897451911, 47.4559650116856, 
        53.3419045516184, 49.8739320581592, 135.098599774832, 
        48.6435069819888, 23.7308818612473, 52.4910742705863, 
        78.8855732296459, 47.1776611549664, 17.7078155760337, 
        50.7686778184919, 60.6755142341859, 48.8870458340704, 
        -25.4550044375303, 49.7147897833238, 91.7755851983653, 
        47.4291189294016, 83.8618443854143, 50.8413306339306, 
        41.2201870486449, 51.5642196508092, 115.329767587133, 
        50.2259027486606, 36.0748608866447, 48.7837531267863, 
        13.3893979435557, 50.3506099914608, 41.0930868880907, 
        47.0863501109109, -5.32634879262469, 47.3319852142022, 
        48.825656385878, 48.5573269541559, 66.9087581558129, 
        45.6300072187806, -63.1117180884052, 50.8296361162143, 
        125.421234324763, 50.1990230279418, 31.0108737844798, 
        49.1717291589657, 59.6012755071228, 52.5940724005418, 
        105.94051571039, 51.959797467826, 109.190152706878, 51.3449419757479, 
        38.7265460442728, 48.6948443811007, 71.009120421755, 
        53.2253539895493, -23.5371879854465, 47.8489965903045, 
        46.7826565970595, 48.8489049330938, 51.8551427146844, 
        47.8710688027123, 0.0761218706187133, 52.711261755975, 
        68.5932317025786, 48.9824915746828, 10.1590477692278, 
        52.7293942652737, 43.1425834262308, 48.2255425118913, 
        71.0084788242746, 52.5016550423275, 124.84984568772, 
        49.2368068107498, 81.4705304558873, 50.3299889738437, 
        8.40965432928262, 48.2541164544382, 63.5746495285142, 
        47.7517537644073, 86.7253831035671, 51.4572207282657, 
        7.04984197749397, 52.6119540347902, 40.1589296057029, 
        51.0993616982114, 115.500343207635, 48.3927744067749, 
        -15.3910042433901, 46.4390383945364, 75.5177967535706, 
        46.6563823984288, 49.6981527908151, 47.5099610530982, 
        34.0461135957736, 50.7848995532646, 20.6753526132577, 
        50.6288864049607, 69.4623936571918, 50.484810579214, 
        56.0411048217541, 46.9272503675271, -0.801665343433667, 
        52.3939168835221, 42.3025010063603, 51.347791067532, 
        36.8549551071297, 50.0781680120952, 49.7551630421714, 
        51.1503087451172, -34.4836763108205, 50.5784490918183, 
        50.6240312179609, 54.5115695106636, 142.600981684088, 
        51.5443850277422, -86.2732082898697, 49.1700380958738, 
        85.6776674432604, 51.0934308004963, -23.966830305378, 
        47.9222255410733, 32.9401540517314, 50.059119040943, 
        15.1078546543461, 48.2151860094438, 75.1397261705782, 
        48.6068594000908, 8.97739656385843, 49.8998071560985, 
        -4.61454579646811, 49.737324380476, 56.4830417154372, 
        47.9253615112893, 44.4960040600708, 47.0273248693121, 
        38.6641064087197, 51.6664053024395, 127.520516894067, 
        46.4650715867952, 56.2523187560564, 49.8733393037683, 
        112.854543075271, 48.5453335395776, 64.7044016547067, 
        48.307774848493, 68.6046567486562, 51.3321519195658, 
        74.1422514078593, 53.3494923166106, 61.3182514152697, 
        52.6275333429376, 131.580948161258, 48.7194939345563, 
        105.191958548208, 48.85047064587, 138.149967130089, 50.7751318123747, 
        59.498905936787, 51.6452272849635, 30.2131220376561, 
        51.0596205265508, -9.19412785566463, 50.9233171341967, 
        1.17875693884644, 50.9914690060358, 122.959161272565, 
        49.0223421918247, 86.7284176867223, 49.814028803277, 
        -3.45727380778999, 50.4707518925755, 56.6648029400474, 
        52.1450781510523, -6.7534176739759, 46.6900034415929, 
        17.6670249116703, 50.1455303769514, 1.70404175858552, 
        50.6663867356176, 9.43809711576555, 50.2190203494104, 
        56.0352723972904, 45.3197786236265, 4.6847640033801, 
        46.3784949670651, 94.6058823956688, 54.7450190270073, 
        -57.2982124145724, 51.2997463583204, 107.239982415542, 
        52.2488274024096, 111.423491603817, 46.8730861110209, 
        -51.3431738213091, 50.5245410126323, 57.2789000652198, 
        48.4867865178895, 91.8807888620721, 50.8895497439718, 
        68.2269705705268, 53.0414405911924, 42.3752286402235, 
        46.4870823262006, -27.1790402306696, 48.7528286964908, 
        87.9198305317016, 49.2186180448715, -18.8614594841645, 
        51.3078883530609, 74.5513365227675, 52.0982787592113, 
        -53.7130679619861, 50.2286439050412, -8.1385535311681, 
        48.882918485934, 38.6405663591836, 52.0025950160065, 
        88.6699704829584, 47.4438541381265, 167.777753659132, 
        50.3773177147422, 65.8181334789539, 47.3603186001057, 
        -25.3294757750831, 48.7540845220375, 45.1573568025823, 
        45.3116561614932, 33.3550734599857, 50.9221021812389, 
        91.5585922975462, 46.6587938827647, -44.6156608527583, 
        49.7664832985308, -44.1342883200664, 50.9541586569757, 
        48.6080410066664, 51.5412336064252, 40.0316132814037, 
        50.789677410695, 38.0370324276424, 51.1891456882501, 
        68.9080472228441, 49.2914055471389, 47.2543142885284, 
        48.0002432150121, -2.3871806649803, 52.485533687066, 
        88.7428517439665, 50.3420115330237, 51.0374199638126, 
        51.8135908624846, 79.8531435836757, 50.7052982187884, 
        25.9086569447382, 47.5953775224478, 59.7416665636382, 
        47.8995437538942, -48.2497681880176, 50.7337947592311, 
        148.112951683559, 51.6663429012322, 65.7832472823153, 
        50.2212530565652, 73.8952267067555, 51.8127019899794, 
        132.129817509219, 49.212357950606, 46.4181988977584, 
        50.2772498128366, 90.5703199537717, 49.9054591716146, 
        128.875144527298, 46.1940152621596, 38.131664500487, 
        52.8102984875815, 77.0687760560474, 50.7376165766978, 
        61.5235427142146, 48.0949210301524, 49.072042582905, 
        49.9804872860442, 54.767675523532, 51.7194814849184, 
        71.7905843194563, 48.7640891868686, 39.3700526395187, 
        52.1603086047349, 103.424081466585, 50.2848288214323, 
        73.6455157696711, 52.109844592724, 106.03370295329, 51.6560933483333, 
        -4.91157853811293, 55.1567290387224, 75.0317809862861, 
        47.6182208716545, 42.6483460603872, 50.0862776494802, 
        42.1073504029442, 50.31267452629, 16.0022427580304, 44.3138727583605, 
        -90.5908822453477, 52.5610422961359, 54.1501308338253, 
        48.4836771426903, 56.8748786933234, 52.2192414060114, 
        -10.826147514638, 50.0561478647936, 132.682829477391, 
        52.0025810351219, 42.8270633313098, 47.590995917614, 
        37.6170835287729, 47.8606772070331, 30.1368199461312, 
        50.2875884636526, 64.6850763593857, 50.4158644563492, 
        85.6671289801185, 52.0622340452062, 28.6375564075983, 
        51.5765655167416, 33.5855547815144, 49.5951742961535, 
        81.7019167422457, 50.4237800110313, -7.7267602029869, 
        50.8526101603003, 138.732053864766, 53.631710381654, 
        3.24169458831236, 50.7837985207943, 58.9756311490148, 
        53.9135735876097, 83.6636528835294, 50.2374633327706, 
        -21.3536415107371, 52.2650330547112, 87.4975074442268, 
        52.0117164451296, 35.8081015249311, 46.2704228097201, 
        11.679547248856, 52.0971415607143, -22.1796432034615, 
        49.5315968730051, 137.528655146995, 47.1157085658834, 
        117.663265280494, 48.2678665486074, 50.0837327000719, 
        51.6445892730685, 163.545012931835, 52.4142110166899, 
        26.136179527065, 46.861384577454, 86.8760376422111, 50.9092133896381, 
        42.2588434789271, 49.0502082501187, 24.9950820120764, 
        49.7585935024704, -19.0747498990008, 51.7907164408471, 
        82.0753887536639, 49.6001478348974, 10.509680323458, 
        47.5828038499263, 43.6292534034525, 51.7181236821918, 
        -4.52818367329403, 49.2338886674266, 135.602819968001, 
        52.3349469366018, 57.2356046767258, 52.9344663420045, 
        53.0313477949597, 50.9124044927943, 50.478092371124, 
        47.3232500104128, 15.6872150796108, 51.0992093318744, 
        86.440896451572, 48.3011930470464, -43.9557588103149, 
        53.6463640091103, 5.43999448005508, 46.5001307910153, 
        36.6700250473556, 52.131152392661, 40.3358562430058, 
        51.023117927456, 113.987031145561, 50.2522337484194, 
        115.084182298387, 50.9571269879883, 65.6570816452326, 
        48.4526756602768, -3.48427475328962, 50.0678322592288, 
        -2.55980727307188, 51.4674440949244, -21.5104664509048, 
        50.9967037544315, 29.898897763934, 52.4977970075813, 
        10.8232780704088, 49.680457796581, 24.7378402592637, 
        48.8314657274385, 26.7033654468183, 49.8093160844553, 
        -40.1198717357298, 45.9348851056721, 26.1764419857693, 
        48.7018519115974, 60.3291887690176, 47.0848159763064, 
        -49.8106924351353, 59.425505959209, 89.4266350136493, 
        52.3405702729437, -1.55503879130832, 48.2879868889498, 
        105.672867369819, 50.6080132086018, 3.50300237968738, 
        51.3515873930495, 118.871694522369, 51.4194942631532, 
        121.467391684919, 50.8448467152763, 11.904917850601, 
        48.8375219339401, -2.79039226883065, 49.982880059948, 
        134.863587259444, 48.8538276290065, 32.2531534643175, 
        49.5912257751023, 63.5265538727658, 50.4662332673073, 
        53.5067440357445, 50.5889978134589, 137.169600383602, 
        51.4043999966844, -39.8261126727053, 47.0655876124528, 
        1.75423431442468, 46.5875611165807, 12.5888211913168, 
        48.7479795555779, 49.2118710043756, 51.5618356674278, 
        40.1208074228759, 50.6544497250656, 33.8761462761317, 
        49.4233045859876, -40.9284106590316, 49.4813159971789, 
        44.9765372413383, 51.366050276479, 5.15076091953897, 
        53.1528736588633, 152.908415049411, 52.1881031195619, 
        147.384931304753, 49.3098061049301, 69.4103031963325, 
        52.2502627715509, 26.2218045774582, 51.0576739419202, 
        75.3497069284795, 53.4527316731019, 106.067418410124, 
        49.2462852152489, 103.496964130875, 48.3210058778727, 
        68.9377654133776, 52.4960880149541, 71.6991693193553, 
        48.6620559121384, 44.5101612573968, 51.1000125112309, 
        90.6228990363789, 51.7761741090929, 33.763407889932, 
        49.956238528151, 21.4655879367843, 47.1258110688593, 
        4.72515668502469, 50.5156294658294, -6.43276634022854, 
        46.6543820685215, 24.9490189167718, 48.8993832535798, 
        52.4252480231093, 49.1837187939792, 86.4370445204991, 
        52.0138322267371, 23.943722981832, 53.9022296669845, 
        -20.7687078998205, 51.7515576927927, 1.84738506508536, 
        49.7348253212296, -35.0300278387933, 52.1194993781638, 
        16.3798527467535, 49.2917443897947, 111.63789372823, 
        49.8763578915886, 31.9326966340943, 52.3745328156154, 
        78.3081592382654, 49.4816391305709, 126.078291502924, 
        46.8194885993291, 12.9358719560079, 47.155193488084, 
        111.877110611167, 54.5568863940117, 115.495011070361, 
        49.9599242632304, 0.0855481387612111, 49.7546619112326, 
        20.2769921561307, 48.8890278078558, 71.3441657653676, 
        50.120394264065, 46.1071263362778, 53.2450071586983, 
        78.0407519593338, 54.9860716179237, 9.13257936167737, 
        52.0113733435519, 126.725230207998, 50.9720279038686, 
        -11.9598197512334, 49.1166627322924, 267.161563815289, 
        49.6104343712865, 58.2272279704292, 42.9618721373942, 
        -47.118459436186, 52.0482095677236, 99.1020859714014, 
        49.7130288809031, 71.3670424689394, 51.2293748143605, 
        33.0951173437731, 48.7768652722523, 77.1796189337512, 
        49.3964900454115, 20.1958029278219, 49.0918446903079, 
        -24.2671501462372, 45.9312986850796, 29.406925946418, 
        52.2883073595006, 89.0419323728547, 50.9124810894421, 
        -49.7814869639662, 49.1853541045526, 68.3253971724723, 
        47.4190579845163, 44.0137948352126, 45.8675007380307, 
        12.5866520790211, 51.7222331141658, 40.5690960647927, 
        50.9049266115094, 53.3088814082713, 51.4209934763359, 
        62.6922936710261, 49.5973771177343, 101.840480378856, 
        48.8699683817092, 25.7753399196272, 50.4735919976856, 
        25.2198235090387, 48.3621695306158, 12.7433754591481, 
        51.5716432367322, 43.8589200120948, 51.7310717206524, 
        64.4383301974383, 48.6683379811353, 66.0136292164012, 
        49.0586208435855, 9.98674415530254, 46.9894639631354, 
        -18.7883363973595, 48.3354721160655, 33.7169398366722, 
        53.0159111843696, 142.141984172128, 49.7783222127169, 
        69.3427985758239, 52.0114893965626, 162.542013595162, 
        49.2213890863646, 100.062986165619, 45.9913178911424, 
        3.66480504909103, 50.5315037067537, 125.324609828545, 
        48.2124601030549, -6.15580104881665, 49.8868244538756, 
        58.8121038274919, 50.8178265432027, 130.512853500612, 
        48.7316493837954, -25.0248205075262, 47.9838907011422, 
        24.50384613391, 48.9983266350373, 6.99992845900659, 50.7091328292846, 
        -1.25396782957022, 48.6077383148019, 89.3303452327806, 
        51.4906243443362, 46.8155110964758, 50.7998127598877, 
        80.5913470709869, 47.9444500063109, -3.30412315584518, 
        49.7623585947723, 57.010138564806, 48.7629975461145, 
        -4.93296960086824, 53.1710093200185, -60.9110997057119, 
        53.1561795827611, 77.5299654260563, 48.970096606272, 
        9.7595502816055, 46.4693862335906, 39.2355267842743, 
        48.5070343382334, -42.9684095799195, 47.1205792034769, 
        -16.8330905921894, 52.292659537806, 45.2273074718713, 
        47.5180027711073, 128.204347508248, 51.9242992750382, 
        -18.7290939294256, 51.5221547639888, 100.064102267516, 
        51.4965346573379, 80.7488664010959, 48.0054592997659, 
        -45.1653689484618, 51.0714433440641, 63.9594256465124, 
        51.5225821734026, 46.0878407206803, 52.965190823616, 
        -15.9347546882962, 50.9961605637927, 108.422647434117, 
        54.448214325333, 42.0521908315369, 47.7276780268057, 
        101.812800160278, 48.6589760420958, 147.540207819987, 
        54.1955959511367, -11.5446585883458, 50.0718633242136, 
        41.7020099735577, 48.6356860939485, -5.55415094627696, 
        52.8341556604577, -0.866488675242982, 51.2621624298338, 
        146.337652422346, 48.3083843188632, 39.281268717047, 
        47.7168596048957, -3.64424502285553, 48.3222650027658, 
        -6.2791321858962, 48.9343388704127, -24.2685308638281, 
        50.8619192457655, 132.50651524994, 48.9565831276726, 
        9.11946296532475), Tobs = c(1, 100, 1, 100, 1, 100, 1, 
        100, 1, 100, 1, 100, 1, 100, 1, 100, 1, 100, 1, 100, 
        1, 100, 1, 100, 1, 100, 1, 100, 1, 100, 1, 100, 1, 100, 
        1, 100, 1, 100, 1, 100, 1, 100, 1, 100, 1, 100, 1, 100, 
        1, 100, 1, 100, 1, 100, 1, 100, 1, 100, 1, 100, 1, 100, 
        1, 100, 1, 100, 1, 100, 1, 100, 1, 100, 1, 100, 1, 100, 
        1, 100, 1, 100, 1, 100, 1, 100, 1, 100, 1, 100, 1, 100, 
        1, 100, 1, 100, 1, 100, 1, 100, 1, 100, 1, 100, 1, 100, 
        1, 100, 1, 100, 1, 100, 1, 100, 1, 100, 1, 100, 1, 100, 
        1, 100, 1, 100, 1, 100, 1, 100, 1, 100, 1, 100, 1, 100, 
        1, 100, 1, 100, 1, 100, 1, 100, 1, 100, 1, 100, 1, 100, 
        1, 100, 1, 100, 1, 100, 1, 100, 1, 100, 1, 100, 1, 100, 
        1, 100, 1, 100, 1, 100, 1, 100, 1, 100, 1, 100, 1, 100, 
        1, 100, 1, 100, 1, 100, 1, 100, 1, 100, 1, 100, 1, 100, 
        1, 100, 1, 100, 1, 100, 1, 100, 1, 100, 1, 100, 1, 100, 
        1, 100, 1, 100, 1, 100, 1, 100, 1, 100, 1, 100, 1, 100, 
        1, 100, 1, 100, 1, 100, 1, 100, 1, 100, 1, 100, 1, 100, 
        1, 100, 1, 100, 1, 100, 1, 100, 1, 100, 1, 100, 1, 100, 
        1, 100, 1, 100, 1, 100, 1, 100, 1, 100, 1, 100, 1, 100, 
        1, 100, 1, 100, 1, 100, 1, 100, 1, 100, 1, 100, 1, 100, 
        1, 100, 1, 100, 1, 100, 1, 100, 1, 100, 1, 100, 1, 100, 
        1, 100, 1, 100, 1, 100, 1, 100, 1, 100, 1, 100, 1, 100, 
        1, 100, 1, 100, 1, 100, 1, 100, 1, 100, 1, 100, 1, 100, 
        1, 100, 1, 100, 1, 100, 1, 100, 1, 100, 1, 100, 1, 100, 
        1, 100, 1, 100, 1, 100, 1, 100, 1, 100, 1, 100, 1, 100, 
        1, 100, 1, 100, 1, 100, 1, 100, 1, 100, 1, 100, 1, 100, 
        1, 100, 1, 100, 1, 100, 1, 100, 1, 100, 1, 100, 1, 100, 
        1, 100, 1, 100, 1, 100, 1, 100, 1, 100, 1, 100, 1, 100, 
        1, 100, 1, 100, 1, 100, 1, 100, 1, 100, 1, 100, 1, 100, 
        1, 100, 1, 100, 1, 100, 1, 100, 1, 100, 1, 100, 1, 100, 
        1, 100, 1, 100, 1, 100, 1, 100, 1, 100, 1, 100, 1, 100, 
        1, 100, 1, 100, 1, 100, 1, 100, 1, 100, 1, 100, 1, 100, 
        1, 100, 1, 100, 1, 100, 1, 100, 1, 100, 1, 100, 1, 100, 
        1, 100, 1, 100, 1, 100, 1, 100, 1, 100, 1, 100, 1, 100, 
        1, 100, 1, 100, 1, 100, 1, 100, 1, 100, 1, 100, 1, 100, 
        1, 100, 1, 100, 1, 100, 1, 100, 1, 100, 1, 100, 1, 100, 
        1, 100, 1, 100, 1, 100, 1, 100, 1, 100, 1, 100, 1, 100, 
        1, 100, 1, 100, 1, 100, 1, 100, 1, 100, 1, 100, 1, 100, 
        1, 100, 1, 100, 1, 100, 1, 100, 1, 100, 1, 100, 1, 100, 
        1, 100, 1, 100, 1, 100, 1, 100, 1, 100, 1, 100, 1, 100, 
        1, 100, 1, 100, 1, 100, 1, 100, 1, 100, 1, 100, 1, 100, 
        1, 100, 1, 100, 1, 100, 1, 100, 1, 100, 1, 100, 1, 100, 
        1, 100, 1, 100, 1, 100, 1, 100, 1, 100, 1, 100, 1, 100, 
        1, 100, 1, 100, 1, 100, 1, 100, 1, 100, 1, 100, 1, 100, 
        1, 100, 1, 100, 1, 100, 1, 100, 1, 100, 1, 100, 1, 100, 
        1, 100, 1, 100, 1, 100, 1, 100, 1, 100, 1, 100, 1, 100, 
        1, 100, 1, 100, 1, 100, 1, 100, 1, 100, 1, 100, 1, 100, 
        1, 100, 1, 100, 1, 100, 1, 100, 1, 100, 1, 100, 1, 100, 
        1, 100, 1, 100, 1, 100, 1, 100, 1, 100, 1, 100, 1, 100, 
        1, 100, 1, 100, 1, 100, 1, 100, 1, 100, 1, 100, 1, 100, 
        1, 100, 1, 100, 1, 100, 1, 100, 1, 100, 1, 100, 1, 100, 
        1, 100, 1, 100, 1, 100, 1, 100, 1, 100, 1, 100, 1, 100, 
        1, 100, 1, 100, 1, 100, 1, 100, 1, 100, 1, 100, 1, 100, 
        1, 100, 1, 100, 1, 100, 1, 100, 1, 100, 1, 100, 1, 100, 
        1, 100, 1, 100, 1, 100, 1, 100, 1, 100, 1, 100, 1, 100, 
        1, 100, 1, 100, 1, 100, 1, 100, 1, 100, 1, 100, 1, 100, 
        1, 100, 1, 100, 1, 100, 1, 100, 1, 100, 1, 100, 1, 100, 
        1, 100, 1, 100, 1, 100, 1, 100, 1, 100, 1, 100, 1, 100, 
        1, 100, 1, 100, 1, 100, 1, 100, 1, 100, 1, 100, 1, 100, 
        1, 100, 1, 100, 1, 100, 1, 100, 1, 100, 1, 100, 1, 100, 
        1, 100, 1, 100, 1, 100, 1, 100, 1, 100, 1, 100, 1, 100, 
        1, 100, 1, 100, 1, 100, 1, 100, 1, 100, 1, 100, 1, 100, 
        1, 100, 1, 100, 1, 100, 1, 100, 1, 100, 1, 100, 1, 100, 
        1, 100, 1, 100, 1, 100, 1, 100, 1, 100, 1, 100, 1, 100, 
        1, 100, 1, 100, 1, 100, 1, 100, 1, 100, 1, 100, 1, 100, 
        1, 100, 1, 100, 1, 100, 1, 100, 1, 100, 1, 100, 1, 100, 
        1, 100, 1, 100, 1, 100, 1, 100, 1, 100, 1, 100, 1, 100, 
        1, 100, 1, 100, 1, 100, 1, 100, 1, 100, 1, 100, 1, 100, 
        1, 100, 1, 100, 1, 100, 1, 100, 1, 100, 1, 100, 1, 100, 
        1, 100, 1, 100, 1, 100, 1, 100, 1, 100, 1, 100, 1, 100, 
        1, 100, 1, 100, 1, 100, 1, 100, 1, 100, 1, 100, 1, 100, 
        1, 100, 1, 100, 1, 100, 1, 100, 1, 100, 1, 100, 1, 100
        ), Ythreshold = -999999, Nta_obs_y = 1000L, Nta_cens_y = 0L, 
        ind_index = c(1, 1, 2, 2, 3, 3, 4, 4, 5, 5, 6, 6, 7, 
        7, 8, 8, 9, 9, 10, 10, 11, 11, 12, 12, 13, 13, 14, 14, 
        15, 15, 16, 16, 17, 17, 18, 18, 19, 19, 20, 20, 21, 21, 
        22, 22, 23, 23, 24, 24, 25, 25, 26, 26, 27, 27, 28, 28, 
        29, 29, 30, 30, 31, 31, 32, 32, 33, 33, 34, 34, 35, 35, 
        36, 36, 37, 37, 38, 38, 39, 39, 40, 40, 41, 41, 42, 42, 
        43, 43, 44, 44, 45, 45, 46, 46, 47, 47, 48, 48, 49, 49, 
        50, 50, 51, 51, 52, 52, 53, 53, 54, 54, 55, 55, 56, 56, 
        57, 57, 58, 58, 59, 59, 60, 60, 61, 61, 62, 62, 63, 63, 
        64, 64, 65, 65, 66, 66, 67, 67, 68, 68, 69, 69, 70, 70, 
        71, 71, 72, 72, 73, 73, 74, 74, 75, 75, 76, 76, 77, 77, 
        78, 78, 79, 79, 80, 80, 81, 81, 82, 82, 83, 83, 84, 84, 
        85, 85, 86, 86, 87, 87, 88, 88, 89, 89, 90, 90, 91, 91, 
        92, 92, 93, 93, 94, 94, 95, 95, 96, 96, 97, 97, 98, 98, 
        99, 99, 100, 100, 101, 101, 102, 102, 103, 103, 104, 
        104, 105, 105, 106, 106, 107, 107, 108, 108, 109, 109, 
        110, 110, 111, 111, 112, 112, 113, 113, 114, 114, 115, 
        115, 116, 116, 117, 117, 118, 118, 119, 119, 120, 120, 
        121, 121, 122, 122, 123, 123, 124, 124, 125, 125, 126, 
        126, 127, 127, 128, 128, 129, 129, 130, 130, 131, 131, 
        132, 132, 133, 133, 134, 134, 135, 135, 136, 136, 137, 
        137, 138, 138, 139, 139, 140, 140, 141, 141, 142, 142, 
        143, 143, 144, 144, 145, 145, 146, 146, 147, 147, 148, 
        148, 149, 149, 150, 150, 151, 151, 152, 152, 153, 153, 
        154, 154, 155, 155, 156, 156, 157, 157, 158, 158, 159, 
        159, 160, 160, 161, 161, 162, 162, 163, 163, 164, 164, 
        165, 165, 166, 166, 167, 167, 168, 168, 169, 169, 170, 
        170, 171, 171, 172, 172, 173, 173, 174, 174, 175, 175, 
        176, 176, 177, 177, 178, 178, 179, 179, 180, 180, 181, 
        181, 182, 182, 183, 183, 184, 184, 185, 185, 186, 186, 
        187, 187, 188, 188, 189, 189, 190, 190, 191, 191, 192, 
        192, 193, 193, 194, 194, 195, 195, 196, 196, 197, 197, 
        198, 198, 199, 199, 200, 200, 201, 201, 202, 202, 203, 
        203, 204, 204, 205, 205, 206, 206, 207, 207, 208, 208, 
        209, 209, 210, 210, 211, 211, 212, 212, 213, 213, 214, 
        214, 215, 215, 216, 216, 217, 217, 218, 218, 219, 219, 
        220, 220, 221, 221, 222, 222, 223, 223, 224, 224, 225, 
        225, 226, 226, 227, 227, 228, 228, 229, 229, 230, 230, 
        231, 231, 232, 232, 233, 233, 234, 234, 235, 235, 236, 
        236, 237, 237, 238, 238, 239, 239, 240, 240, 241, 241, 
        242, 242, 243, 243, 244, 244, 245, 245, 246, 246, 247, 
        247, 248, 248, 249, 249, 250, 250, 251, 251, 252, 252, 
        253, 253, 254, 254, 255, 255, 256, 256, 257, 257, 258, 
        258, 259, 259, 260, 260, 261, 261, 262, 262, 263, 263, 
        264, 264, 265, 265, 266, 266, 267, 267, 268, 268, 269, 
        269, 270, 270, 271, 271, 272, 272, 273, 273, 274, 274, 
        275, 275, 276, 276, 277, 277, 278, 278, 279, 279, 280, 
        280, 281, 281, 282, 282, 283, 283, 284, 284, 285, 285, 
        286, 286, 287, 287, 288, 288, 289, 289, 290, 290, 291, 
        291, 292, 292, 293, 293, 294, 294, 295, 295, 296, 296, 
        297, 297, 298, 298, 299, 299, 300, 300, 301, 301, 302, 
        302, 303, 303, 304, 304, 305, 305, 306, 306, 307, 307, 
        308, 308, 309, 309, 310, 310, 311, 311, 312, 312, 313, 
        313, 314, 314, 315, 315, 316, 316, 317, 317, 318, 318, 
        319, 319, 320, 320, 321, 321, 322, 322, 323, 323, 324, 
        324, 325, 325, 326, 326, 327, 327, 328, 328, 329, 329, 
        330, 330, 331, 331, 332, 332, 333, 333, 334, 334, 335, 
        335, 336, 336, 337, 337, 338, 338, 339, 339, 340, 340, 
        341, 341, 342, 342, 343, 343, 344, 344, 345, 345, 346, 
        346, 347, 347, 348, 348, 349, 349, 350, 350, 351, 351, 
        352, 352, 353, 353, 354, 354, 355, 355, 356, 356, 357, 
        357, 358, 358, 359, 359, 360, 360, 361, 361, 362, 362, 
        363, 363, 364, 364, 365, 365, 366, 366, 367, 367, 368, 
        368, 369, 369, 370, 370, 371, 371, 372, 372, 373, 373, 
        374, 374, 375, 375, 376, 376, 377, 377, 378, 378, 379, 
        379, 380, 380, 381, 381, 382, 382, 383, 383, 384, 384, 
        385, 385, 386, 386, 387, 387, 388, 388, 389, 389, 390, 
        390, 391, 391, 392, 392, 393, 393, 394, 394, 395, 395, 
        396, 396, 397, 397, 398, 398, 399, 399, 400, 400, 401, 
        401, 402, 402, 403, 403, 404, 404, 405, 405, 406, 406, 
        407, 407, 408, 408, 409, 409, 410, 410, 411, 411, 412, 
        412, 413, 413, 414, 414, 415, 415, 416, 416, 417, 417, 
        418, 418, 419, 419, 420, 420, 421, 421, 422, 422, 423, 
        423, 424, 424, 425, 425, 426, 426, 427, 427, 428, 428, 
        429, 429, 430, 430, 431, 431, 432, 432, 433, 433, 434, 
        434, 435, 435, 436, 436, 437, 437, 438, 438, 439, 439, 
        440, 440, 441, 441, 442, 442, 443, 443, 444, 444, 445, 
        445, 446, 446, 447, 447, 448, 448, 449, 449, 450, 450, 
        451, 451, 452, 452, 453, 453, 454, 454, 455, 455, 456, 
        456, 457, 457, 458, 458, 459, 459, 460, 460, 461, 461, 
        462, 462, 463, 463, 464, 464, 465, 465, 466, 466, 467, 
        467, 468, 468, 469, 469, 470, 470, 471, 471, 472, 472, 
        473, 473, 474, 474, 475, 475, 476, 476, 477, 477, 478, 
        478, 479, 479, 480, 480, 481, 481, 482, 482, 483, 483, 
        484, 484, 485, 485, 486, 486, 487, 487, 488, 488, 489, 
        489, 490, 490, 491, 491, 492, 492, 493, 493, 494, 494, 
        495, 495, 496, 496, 497, 497, 498, 498, 499, 499, 500, 
        500), pt_to_ind = structure(1:500, names = c("pt_00001", 
        "pt_00002", "pt_00003", "pt_00004", "pt_00005", "pt_00006", 
        "pt_00007", "pt_00008", "pt_00009", "pt_00010", "pt_00011", 
        "pt_00012", "pt_00013", "pt_00014", "pt_00015", "pt_00016", 
        "pt_00017", "pt_00018", "pt_00019", "pt_00020", "pt_00021", 
        "pt_00022", "pt_00023", "pt_00024", "pt_00025", "pt_00026", 
        "pt_00027", "pt_00028", "pt_00029", "pt_00030", "pt_00031", 
        "pt_00032", "pt_00033", "pt_00034", "pt_00035", "pt_00036", 
        "pt_00037", "pt_00038", "pt_00039", "pt_00040", "pt_00041", 
        "pt_00042", "pt_00043", "pt_00044", "pt_00045", "pt_00046", 
        "pt_00047", "pt_00048", "pt_00049", "pt_00050", "pt_00051", 
        "pt_00052", "pt_00053", "pt_00054", "pt_00055", "pt_00056", 
        "pt_00057", "pt_00058", "pt_00059", "pt_00060", "pt_00061", 
        "pt_00062", "pt_00063", "pt_00064", "pt_00065", "pt_00066", 
        "pt_00067", "pt_00068", "pt_00069", "pt_00070", "pt_00071", 
        "pt_00072", "pt_00073", "pt_00074", "pt_00075", "pt_00076", 
        "pt_00077", "pt_00078", "pt_00079", "pt_00080", "pt_00081", 
        "pt_00082", "pt_00083", "pt_00084", "pt_00085", "pt_00086", 
        "pt_00087", "pt_00088", "pt_00089", "pt_00090", "pt_00091", 
        "pt_00092", "pt_00093", "pt_00094", "pt_00095", "pt_00096", 
        "pt_00097", "pt_00098", "pt_00099", "pt_00100", "pt_00101", 
        "pt_00102", "pt_00103", "pt_00104", "pt_00105", "pt_00106", 
        "pt_00107", "pt_00108", "pt_00109", "pt_00110", "pt_00111", 
        "pt_00112", "pt_00113", "pt_00114", "pt_00115", "pt_00116", 
        "pt_00117", "pt_00118", "pt_00119", "pt_00120", "pt_00121", 
        "pt_00122", "pt_00123", "pt_00124", "pt_00125", "pt_00126", 
        "pt_00127", "pt_00128", "pt_00129", "pt_00130", "pt_00131", 
        "pt_00132", "pt_00133", "pt_00134", "pt_00135", "pt_00136", 
        "pt_00137", "pt_00138", "pt_00139", "pt_00140", "pt_00141", 
        "pt_00142", "pt_00143", "pt_00144", "pt_00145", "pt_00146", 
        "pt_00147", "pt_00148", "pt_00149", "pt_00150", "pt_00151", 
        "pt_00152", "pt_00153", "pt_00154", "pt_00155", "pt_00156", 
        "pt_00157", "pt_00158", "pt_00159", "pt_00160", "pt_00161", 
        "pt_00162", "pt_00163", "pt_00164", "pt_00165", "pt_00166", 
        "pt_00167", "pt_00168", "pt_00169", "pt_00170", "pt_00171", 
        "pt_00172", "pt_00173", "pt_00174", "pt_00175", "pt_00176", 
        "pt_00177", "pt_00178", "pt_00179", "pt_00180", "pt_00181", 
        "pt_00182", "pt_00183", "pt_00184", "pt_00185", "pt_00186", 
        "pt_00187", "pt_00188", "pt_00189", "pt_00190", "pt_00191", 
        "pt_00192", "pt_00193", "pt_00194", "pt_00195", "pt_00196", 
        "pt_00197", "pt_00198", "pt_00199", "pt_00200", "pt_00201", 
        "pt_00202", "pt_00203", "pt_00204", "pt_00205", "pt_00206", 
        "pt_00207", "pt_00208", "pt_00209", "pt_00210", "pt_00211", 
        "pt_00212", "pt_00213", "pt_00214", "pt_00215", "pt_00216", 
        "pt_00217", "pt_00218", "pt_00219", "pt_00220", "pt_00221", 
        "pt_00222", "pt_00223", "pt_00224", "pt_00225", "pt_00226", 
        "pt_00227", "pt_00228", "pt_00229", "pt_00230", "pt_00231", 
        "pt_00232", "pt_00233", "pt_00234", "pt_00235", "pt_00236", 
        "pt_00237", "pt_00238", "pt_00239", "pt_00240", "pt_00241", 
        "pt_00242", "pt_00243", "pt_00244", "pt_00245", "pt_00246", 
        "pt_00247", "pt_00248", "pt_00249", "pt_00250", "pt_00251", 
        "pt_00252", "pt_00253", "pt_00254", "pt_00255", "pt_00256", 
        "pt_00257", "pt_00258", "pt_00259", "pt_00260", "pt_00261", 
        "pt_00262", "pt_00263", "pt_00264", "pt_00265", "pt_00266", 
        "pt_00267", "pt_00268", "pt_00269", "pt_00270", "pt_00271", 
        "pt_00272", "pt_00273", "pt_00274", "pt_00275", "pt_00276", 
        "pt_00277", "pt_00278", "pt_00279", "pt_00280", "pt_00281", 
        "pt_00282", "pt_00283", "pt_00284", "pt_00285", "pt_00286", 
        "pt_00287", "pt_00288", "pt_00289", "pt_00290", "pt_00291", 
        "pt_00292", "pt_00293", "pt_00294", "pt_00295", "pt_00296", 
        "pt_00297", "pt_00298", "pt_00299", "pt_00300", "pt_00301", 
        "pt_00302", "pt_00303", "pt_00304", "pt_00305", "pt_00306", 
        "pt_00307", "pt_00308", "pt_00309", "pt_00310", "pt_00311", 
        "pt_00312", "pt_00313", "pt_00314", "pt_00315", "pt_00316", 
        "pt_00317", "pt_00318", "pt_00319", "pt_00320", "pt_00321", 
        "pt_00322", "pt_00323", "pt_00324", "pt_00325", "pt_00326", 
        "pt_00327", "pt_00328", "pt_00329", "pt_00330", "pt_00331", 
        "pt_00332", "pt_00333", "pt_00334", "pt_00335", "pt_00336", 
        "pt_00337", "pt_00338", "pt_00339", "pt_00340", "pt_00341", 
        "pt_00342", "pt_00343", "pt_00344", "pt_00345", "pt_00346", 
        "pt_00347", "pt_00348", "pt_00349", "pt_00350", "pt_00351", 
        "pt_00352", "pt_00353", "pt_00354", "pt_00355", "pt_00356", 
        "pt_00357", "pt_00358", "pt_00359", "pt_00360", "pt_00361", 
        "pt_00362", "pt_00363", "pt_00364", "pt_00365", "pt_00366", 
        "pt_00367", "pt_00368", "pt_00369", "pt_00370", "pt_00371", 
        "pt_00372", "pt_00373", "pt_00374", "pt_00375", "pt_00376", 
        "pt_00377", "pt_00378", "pt_00379", "pt_00380", "pt_00381", 
        "pt_00382", "pt_00383", "pt_00384", "pt_00385", "pt_00386", 
        "pt_00387", "pt_00388", "pt_00389", "pt_00390", "pt_00391", 
        "pt_00392", "pt_00393", "pt_00394", "pt_00395", "pt_00396", 
        "pt_00397", "pt_00398", "pt_00399", "pt_00400", "pt_00401", 
        "pt_00402", "pt_00403", "pt_00404", "pt_00405", "pt_00406", 
        "pt_00407", "pt_00408", "pt_00409", "pt_00410", "pt_00411", 
        "pt_00412", "pt_00413", "pt_00414", "pt_00415", "pt_00416", 
        "pt_00417", "pt_00418", "pt_00419", "pt_00420", "pt_00421", 
        "pt_00422", "pt_00423", "pt_00424", "pt_00425", "pt_00426", 
        "pt_00427", "pt_00428", "pt_00429", "pt_00430", "pt_00431", 
        "pt_00432", "pt_00433", "pt_00434", "pt_00435", "pt_00436", 
        "pt_00437", "pt_00438", "pt_00439", "pt_00440", "pt_00441", 
        "pt_00442", "pt_00443", "pt_00444", "pt_00445", "pt_00446", 
        "pt_00447", "pt_00448", "pt_00449", "pt_00450", "pt_00451", 
        "pt_00452", "pt_00453", "pt_00454", "pt_00455", "pt_00456", 
        "pt_00457", "pt_00458", "pt_00459", "pt_00460", "pt_00461", 
        "pt_00462", "pt_00463", "pt_00464", "pt_00465", "pt_00466", 
        "pt_00467", "pt_00468", "pt_00469", "pt_00470", "pt_00471", 
        "pt_00472", "pt_00473", "pt_00474", "pt_00475", "pt_00476", 
        "pt_00477", "pt_00478", "pt_00479", "pt_00480", "pt_00481", 
        "pt_00482", "pt_00483", "pt_00484", "pt_00485", "pt_00486", 
        "pt_00487", "pt_00488", "pt_00489", "pt_00490", "pt_00491", 
        "pt_00492", "pt_00493", "pt_00494", "pt_00495", "pt_00496", 
        "pt_00497", "pt_00498", "pt_00499", "pt_00500")), obs_y_index = 1:1000, 
        cens_y_index = integer(0), n_mat_inds_obs_y = c(1998L, 
        1998L, 501L), w_mat_inds_obs_y = c(1, 1, 1, 1, 1, 1, 
        1, 1, 1, 1, 1, 1, 1, 1, 1, 1, 1, 1, 1, 1, 1, 1, 1, 1, 
        1, 1, 1, 1, 1, 1, 1, 1, 1, 1, 1, 1, 1, 1, 1, 1, 1, 1, 
        1, 1, 1, 1, 1, 1, 1, 1, 1, 1, 1, 1, 1, 1, 1, 1, 1, 1, 
        1, 1, 1, 1, 1, 1, 1, 1, 1, 1, 1, 1, 1, 1, 1, 1, 1, 1, 
        1, 1, 1, 1, 1, 1, 1, 1, 1, 1, 1, 1, 1, 1, 1, 1, 1, 1, 
        1, 1, 1, 1, 1, 1, 1, 1, 1, 1, 1, 1, 1, 1, 1, 1, 1, 1, 
        1, 1, 1, 1, 1, 1, 1, 1, 1, 1, 1, 1, 1, 1, 1, 1, 1, 1, 
        1, 1, 1, 1, 1, 1, 1, 1, 1, 1, 1, 1, 1, 1, 1, 1, 1, 1, 
        1, 1, 1, 1, 1, 1, 1, 1, 1, 1, 1, 1, 1, 1, 1, 1, 1, 1, 
        1, 1, 1, 1, 1, 1, 1, 1, 1, 1, 1, 1, 1, 1, 1, 1, 1, 1, 
        1, 1, 1, 1, 1, 1, 1, 1, 1, 1, 1, 1, 1, 1, 1, 1, 1, 1, 
        1, 1, 1, 1, 1, 1, 1, 1, 1, 1, 1, 1, 1, 1, 1, 1, 1, 1, 
        1, 1, 1, 1, 1, 1, 1, 1, 1, 1, 1, 1, 1, 1, 1, 1, 1, 1, 
        1, 1, 1, 1, 1, 1, 1, 1, 1, 1, 1, 1, 1, 1, 1, 1, 1, 1, 
        1, 1, 1, 1, 1, 1, 1, 1, 1, 1, 1, 1, 1, 1, 1, 1, 1, 1, 
        1, 1, 1, 1, 1, 1, 1, 1, 1, 1, 1, 1, 1, 1, 1, 1, 1, 1, 
        1, 1, 1, 1, 1, 1, 1, 1, 1, 1, 1, 1, 1, 1, 1, 1, 1, 1, 
        1, 1, 1, 1, 1, 1, 1, 1, 1, 1, 1, 1, 1, 1, 1, 1, 1, 1, 
        1, 1, 1, 1, 1, 1, 1, 1, 1, 1, 1, 1, 1, 1, 1, 1, 1, 1, 
        1, 1, 1, 1, 1, 1, 1, 1, 1, 1, 1, 1, 1, 1, 1, 1, 1, 1, 
        1, 1, 1, 1, 1, 1, 1, 1, 1, 1, 1, 1, 1, 1, 1, 1, 1, 1, 
        1, 1, 1, 1, 1, 1, 1, 1, 1, 1, 1, 1, 1, 1, 1, 1, 1, 1, 
        1, 1, 1, 1, 1, 1, 1, 1, 1, 1, 1, 1, 1, 1, 1, 1, 1, 1, 
        1, 1, 1, 1, 1, 1, 1, 1, 1, 1, 1, 1, 1, 1, 1, 1, 1, 1, 
        1, 1, 1, 1, 1, 1, 1, 1, 1, 1, 1, 1, 1, 1, 1, 1, 1, 1, 
        1, 1, 1, 1, 1, 1, 1, 1, 1, 1, 1, 1, 1, 1, 1, 1, 1, 1, 
        1, 1, 1, 1, 1, 1, 1, 1, 1, 1, 1, 1, 1, 1, 1, 1, 1, 1, 
        1, 1, 1, 1, 1, 1, 1, 1, 1, 1, 1, 1, 1, 1, 1, 1, 1, 1, 
        1, 1, 1, 1, 1, 1, 1, 1, 1, 1, 1, 1, 1, 1, 1, 1, 1, 1, 
        1, 1, 1, 1, 1, 1, 1, 1, 1, 1, 1, 1, 1, 1, 1, 1, 1, 1, 
        1, 1, 1, 1, 1, 1, 1, 1, 1, 1, 1, 1, 1, 1, 1, 1, 1, 1, 
        1, 1, 1, 1, 1, 1, 1, 1, 1, 1, 1, 1, 1, 1, 1, 1, 1, 1, 
        1, 1, 1, 1, 1, 1, 1, 1, 1, 1, 1, 1, 1, 1, 1, 1, 1, 1, 
        1, 1, 1, 1, 1, 1, 1, 1, 1, 1, 1, 1, 1, 1, 1, 1, 1, 1, 
        1, 1, 1, 1, 1, 1, 1, 1, 1, 1, 1, 1, 1, 1, 1, 1, 1, 1, 
        1, 1, 1, 1, 1, 1, 1, 1, 1, 1, 1, 1, 1, 1, 1, 1, 1, 1, 
        1, 1, 1, 1, 1, 1, 1, 1, 1, 1, 1, 1, 1, 1, 1, 1, 1, 1, 
        1, 1, 1, 1, 1, 1, 1, 1, 1, 1, 1, 1, 1, 1, 1, 1, 1, 1, 
        1, 1, 1, 1, 1, 1, 1, 1, 1, 1, 1, 1, 1, 1, 1, 1, 1, 1, 
        1, 1, 1, 1, 1, 1, 1, 1, 1, 1, 1, 1, 1, 1, 1, 1, 1, 1, 
        1, 1, 1, 1, 1, 1, 1, 1, 1, 1, 1, 1, 1, 1, 1, 1, 1, 1, 
        1, 1, 1, 1, 1, 1, 1, 1, 1, 1, 1, 1, 1, 1, 1, 1, 1, 1, 
        1, 1, 1, 1, 1, 1, 1, 1, 1, 1, 1, 1, 1, 1, 1, 1, 1, 1, 
        1, 1, 1, 1, 1, 1, 1, 1, 1, 1, 1, 1, 1, 1, 1, 1, 1, 1, 
        1, 1, 1, 1, 1, 1, 1, 1, 1, 1, 1, 1, 1, 1, 1, 1, 1, 1, 
        1, 1, 1, 1, 1, 1, 1, 1, 1, 1, 1, 1, 1, 1, 1, 1, 1, 1, 
        1, 1, 1, 1, 1, 1, 1, 1, 1, 1, 1, 1, 1, 1, 1, 1, 1, 1, 
        1, 1, 1, 1, 1, 1, 1, 1, 1, 1, 1, 1, 1, 1, 1, 1, 1, 1, 
        1, 1, 1, 1, 1, 1, 1, 1, 1, 1, 1, 1, 1, 1, 1, 1, 1, 1, 
        1, 1, 1, 1, 1, 1, 1, 1, 1, 1, 1, 1, 1, 1, 1, 1, 1, 1, 
        1, 1, 1, 1, 1, 1, 1, 1, 1, 1, 1, 1, 1, 1, 1, 1, 1, 1, 
        1, 1, 1, 1, 1, 1, 1, 1, 1, 1, 1, 1, 1, 1, 1, 1, 1, 1, 
        1, 1, 1, 1, 1, 1, 1, 1, 1, 1, 1, 1, 1, 1, 1, 1, 1, 1, 
        1, 1, 1, 1, 1, 1, 1, 1, 1, 1, 1, 1, 1, 1, 1, 1, 1, 1, 
        1, 1, 1, 1, 1, 1, 1, 1, 1, 1, 1, 1, 1, 1, 1, 1, 1, 1, 
        1, 1, 1, 1, 1, 1, 1, 1, 1, 1, 1, 1, 1, 1, 1, 1, 1, 1, 
        1, 1, 1, 1, 1, 1, 1, 1, 1, 1, 1, 1, 1, 1, 1, 1, 1, 1, 
        1, 1, 1, 1, 1, 1, 1, 1, 1, 1, 1, 1, 1, 1, 1, 1, 1, 1, 
        1, 1, 1, 1, 1, 1, 1, 1, 1, 1, 1, 1, 1, 1, 1, 1, 1, 1, 
        1, 1, 1, 1, 1, 1, 1, 1, 1, 1, 1, 1, 1, 1, 1, 1, 1, 1, 
        1, 1, 1, 1, 1, 1, 1, 1, 1, 1, 1, 1, 1, 1, 1, 1, 1, 1, 
        1, 1, 1, 1, 1, 1, 1, 1, 1, 1, 1, 1, 1, 1, 1, 1, 1, 1, 
        1, 1, 1, 1, 1, 1, 1, 1, 1, 1, 1, 1, 1, 1, 1, 1, 1, 1, 
        1, 1, 1, 1, 1, 1, 1, 1, 1, 1, 1, 1, 1, 1, 1, 1, 1, 1, 
        1, 1, 1, 1, 1, 1, 1, 1, 1, 1, 1, 1, 1, 1, 1, 1, 1, 1, 
        1, 1, 1, 1, 1, 1, 1, 1, 1, 1, 1, 1, 1, 1, 1, 1, 1, 1, 
        1, 1, 1, 1, 1, 1, 1, 1, 1, 1, 1, 1, 1, 1, 1, 1, 1, 1, 
        1, 1, 1, 1, 1, 1, 1, 1, 1, 1, 1, 1, 1, 1, 1, 1, 1, 1, 
        1, 1, 1, 1, 1, 1, 1, 1, 1, 1, 1, 1, 1, 1, 1, 1, 1, 1, 
        1, 1, 1, 1, 1, 1, 1, 1, 1, 1, 1, 1, 1, 1, 1, 1, 1, 1, 
        1, 1, 1, 1, 1, 1, 1, 1, 1, 1, 1, 1, 1, 1, 1, 1, 1, 1, 
        1, 1, 1, 1, 1, 1, 1, 1, 1, 1, 1, 1, 1, 1, 1, 1, 1, 1, 
        1, 1, 1, 1, 1, 1, 1, 1, 1, 1, 1, 1, 1, 1, 1, 1, 1, 1, 
        1, 1, 1, 1, 1, 1, 1, 1, 1, 1, 1, 1, 1, 1, 1, 1, 1, 1, 
        1, 1, 1, 1, 1, 1, 1, 1, 1, 1, 1, 1, 1, 1, 1, 1, 1, 1, 
        1, 1, 1, 1, 1, 1, 1, 1, 1, 1, 1, 1, 1, 1, 1, 1, 1, 1, 
        1, 1, 1, 1, 1, 1, 1, 1, 1, 1, 1, 1, 1, 1, 1, 1, 1, 1, 
        1, 1, 1, 1, 1, 1, 1, 1, 1, 1, 1, 1, 1, 1, 1, 1, 1, 1, 
        1, 1, 1, 1, 1, 1, 1, 1, 1, 1, 1, 1, 1, 1, 1, 1, 1, 1, 
        1, 1, 1, 1, 1, 1, 1, 1, 1, 1, 1, 1, 1, 1, 1, 1, 1, 1, 
        1, 1, 1, 1, 1, 1, 1, 1, 1, 1, 1, 1, 1, 1, 1, 1, 1, 1, 
        1, 1, 1, 1, 1, 1, 1, 1, 1, 1, 1, 1, 1, 1, 1, 1, 1, 1, 
        1, 1, 1, 1, 1, 1, 1, 1, 1, 1, 1, 1, 1, 1, 1, 1, 1, 1, 
        1, 1, 1, 1, 1, 1, 1, 1, 1, 1, 1, 1, 1, 1, 1, 1, 1, 1, 
        1, 1, 1, 1, 1, 1, 1, 1, 1, 1, 1, 1, 1, 1, 1, 1, 1, 1, 
        1, 1, 1, 1, 1, 1, 1, 1, 1, 1, 1, 1, 1, 1, 1, 1, 1, 1, 
        1, 1, 1, 1, 1, 1, 1, 1, 1, 1, 1, 1, 1, 1, 1, 1, 1, 1, 
        1, 1, 1, 1, 1, 1, 1, 1, 1, 1, 1, 1, 1, 1, 1, 1, 1, 1, 
        1, 1, 1, 1, 1, 1, 1, 1, 1, 1, 1, 1, 1, 1, 1, 1, 1, 1, 
        1, 1, 1, 1, 1, 1, 1, 1, 1, 1, 1, 1, 1, 1, 1, 1, 1, 1, 
        1, 1, 1, 1, 1, 1, 1, 1, 1, 1, 1, 1, 1, 1, 1, 1, 1, 1, 
        1, 1, 1, 1, 1, 1, 1, 1, 1, 1, 1, 1, 1, 1, 1, 1, 1, 1, 
        1, 1, 1, 1, 1, 1, 1, 1, 1, 1, 1, 1, 1, 1, 1, 1, 1, 1, 
        1, 1, 1, 1, 1, 1, 1, 1, 1, 1, 1, 1, 1, 1, 1, 1, 1, 1, 
        1, 1, 1, 1, 1, 1, 1, 1, 1, 1, 1, 1, 1, 1, 1, 1, 1, 1, 
        1, 1, 1, 1, 1, 1, 1, 1, 1, 1, 1, 1, 1, 1, 1, 1, 1, 1, 
        1, 1, 1, 1, 1, 1, 1, 1, 1, 1, 1, 1, 1, 1, 1, 1, 1, 1, 
        1, 1, 1, 1, 1, 1, 1, 1, 1, 1, 1, 1, 1, 1, 1, 1, 1, 1, 
        1, 1, 1, 1, 1, 1, 1, 1, 1, 1, 1, 1, 1, 1, 1, 1, 1, 1, 
        1, 1, 1, 1, 1, 1, 1, 1, 1, 1, 1, 1, 1, 1, 1, 1, 1, 1, 
        1, 1, 1, 1, 1, 1, 1, 1, 1, 1, 1, 1, 1, 1, 1, 1, 1, 1, 
        1, 1, 1, 1, 1, 1, 1, 1, 1, 1, 1, 1, 1, 1, 1, 1, 1, 1, 
        1, 1, 1, 1, 1, 1, 1, 1, 1, 1, 1, 1, 1, 1, 1, 1, 1, 1, 
        1, 1, 1, 1, 1, 1, 1, 1, 1, 1, 1, 1, 1, 1, 1, 1, 1, 1, 
        1, 1, 1, 1, 1, 1, 1, 1, 1, 1, 1, 1, 1, 1, 1, 1, 1, 1, 
        1, 1, 1, 1, 1, 1, 1, 1, 1, 1, 1, 1, 1, 1, 1, 1, 1, 1, 
        1, 1, 1, 1, 1, 1, 1, 1, 1, 1, 1, 1, 1, 1, 1, 1, 1, 1, 
        1, 1, 1, 1, 1, 1, 1, 1, 1, 1, 1, 1, 1, 1, 1, 1, 1, 1, 
        1, 1, 1, 1, 1, 1, 1, 1, 1, 1, 1, 1, 1, 1, 1, 1, 1, 1, 
        1, 1, 1, 1, 1, 1, 1, 1, 1, 1, 1, 1, 1, 1, 1, 1, 1, 1, 
        1, 1, 1, 1, 1, 1, 1, 1, 1, 1, 1, 1), v_mat_inds_obs_y = c(1L, 
        2L, 3L, 4L, 5L, 6L, 7L, 8L, 9L, 10L, 11L, 12L, 13L, 14L, 
        15L, 16L, 17L, 18L, 19L, 20L, 21L, 22L, 23L, 24L, 25L, 
        26L, 27L, 28L, 29L, 30L, 31L, 32L, 33L, 34L, 35L, 36L, 
        37L, 38L, 39L, 40L, 41L, 42L, 43L, 44L, 45L, 46L, 47L, 
        48L, 49L, 50L, 51L, 52L, 53L, 54L, 55L, 56L, 57L, 58L, 
        59L, 60L, 61L, 62L, 63L, 64L, 65L, 66L, 67L, 68L, 69L, 
        70L, 71L, 72L, 73L, 74L, 75L, 76L, 77L, 78L, 79L, 80L, 
        81L, 82L, 83L, 84L, 85L, 86L, 87L, 88L, 89L, 90L, 91L, 
        92L, 93L, 94L, 95L, 96L, 97L, 98L, 99L, 100L, 101L, 102L, 
        103L, 104L, 105L, 106L, 107L, 108L, 109L, 110L, 111L, 
        112L, 113L, 114L, 115L, 116L, 117L, 118L, 119L, 120L, 
        121L, 122L, 123L, 124L, 125L, 126L, 127L, 128L, 129L, 
        130L, 131L, 132L, 133L, 134L, 135L, 136L, 137L, 138L, 
        139L, 140L, 141L, 142L, 143L, 144L, 145L, 146L, 147L, 
        148L, 149L, 150L, 151L, 152L, 153L, 154L, 155L, 156L, 
        157L, 158L, 159L, 160L, 161L, 162L, 163L, 164L, 165L, 
        166L, 167L, 168L, 169L, 170L, 171L, 172L, 173L, 174L, 
        175L, 176L, 177L, 178L, 179L, 180L, 181L, 182L, 183L, 
        184L, 185L, 186L, 187L, 188L, 189L, 190L, 191L, 192L, 
        193L, 194L, 195L, 196L, 197L, 198L, 199L, 200L, 201L, 
        202L, 203L, 204L, 205L, 206L, 207L, 208L, 209L, 210L, 
        211L, 212L, 213L, 214L, 215L, 216L, 217L, 218L, 219L, 
        220L, 221L, 222L, 223L, 224L, 225L, 226L, 227L, 228L, 
        229L, 230L, 231L, 232L, 233L, 234L, 235L, 236L, 237L, 
        238L, 239L, 240L, 241L, 242L, 243L, 244L, 245L, 246L, 
        247L, 248L, 249L, 250L, 251L, 252L, 253L, 254L, 255L, 
        256L, 257L, 258L, 259L, 260L, 261L, 262L, 263L, 264L, 
        265L, 266L, 267L, 268L, 269L, 270L, 271L, 272L, 273L, 
        274L, 275L, 276L, 277L, 278L, 279L, 280L, 281L, 282L, 
        283L, 284L, 285L, 286L, 287L, 288L, 289L, 290L, 291L, 
        292L, 293L, 294L, 295L, 296L, 297L, 298L, 299L, 300L, 
        301L, 302L, 303L, 304L, 305L, 306L, 307L, 308L, 309L, 
        310L, 311L, 312L, 313L, 314L, 315L, 316L, 317L, 318L, 
        319L, 320L, 321L, 322L, 323L, 324L, 325L, 326L, 327L, 
        328L, 329L, 330L, 331L, 332L, 333L, 334L, 335L, 336L, 
        337L, 338L, 339L, 340L, 341L, 342L, 343L, 344L, 345L, 
        346L, 347L, 348L, 349L, 350L, 351L, 352L, 353L, 354L, 
        355L, 356L, 357L, 358L, 359L, 360L, 361L, 362L, 363L, 
        364L, 365L, 366L, 367L, 368L, 369L, 370L, 371L, 372L, 
        373L, 374L, 375L, 376L, 377L, 378L, 379L, 380L, 381L, 
        382L, 383L, 384L, 385L, 386L, 387L, 388L, 389L, 390L, 
        391L, 392L, 393L, 394L, 395L, 396L, 397L, 398L, 399L, 
        400L, 401L, 402L, 403L, 404L, 405L, 406L, 407L, 408L, 
        409L, 410L, 411L, 412L, 413L, 414L, 415L, 416L, 417L, 
        418L, 419L, 420L, 421L, 422L, 423L, 424L, 425L, 426L, 
        427L, 428L, 429L, 430L, 431L, 432L, 433L, 434L, 435L, 
        436L, 437L, 438L, 439L, 440L, 441L, 442L, 443L, 444L, 
        445L, 446L, 447L, 448L, 449L, 450L, 451L, 452L, 453L, 
        454L, 455L, 456L, 457L, 458L, 459L, 460L, 461L, 462L, 
        463L, 464L, 465L, 466L, 467L, 468L, 469L, 470L, 471L, 
        472L, 473L, 474L, 475L, 476L, 477L, 478L, 479L, 480L, 
        481L, 482L, 483L, 484L, 485L, 486L, 487L, 488L, 489L, 
        490L, 491L, 492L, 493L, 494L, 495L, 496L, 497L, 498L, 
        499L, 500L, 501L, 502L, 503L, 504L, 505L, 506L, 507L, 
        508L, 509L, 510L, 511L, 512L, 513L, 514L, 515L, 516L, 
        517L, 518L, 519L, 520L, 521L, 522L, 523L, 524L, 525L, 
        526L, 527L, 528L, 529L, 530L, 531L, 532L, 533L, 534L, 
        535L, 536L, 537L, 538L, 539L, 540L, 541L, 542L, 543L, 
        544L, 545L, 546L, 547L, 548L, 549L, 550L, 551L, 552L, 
        553L, 554L, 555L, 556L, 557L, 558L, 559L, 560L, 561L, 
        562L, 563L, 564L, 565L, 566L, 567L, 568L, 569L, 570L, 
        571L, 572L, 573L, 574L, 575L, 576L, 577L, 578L, 579L, 
        580L, 581L, 582L, 583L, 584L, 585L, 586L, 587L, 588L, 
        589L, 590L, 591L, 592L, 593L, 594L, 595L, 596L, 597L, 
        598L, 599L, 600L, 601L, 602L, 603L, 604L, 605L, 606L, 
        607L, 608L, 609L, 610L, 611L, 612L, 613L, 614L, 615L, 
        616L, 617L, 618L, 619L, 620L, 621L, 622L, 623L, 624L, 
        625L, 626L, 627L, 628L, 629L, 630L, 631L, 632L, 633L, 
        634L, 635L, 636L, 637L, 638L, 639L, 640L, 641L, 642L, 
        643L, 644L, 645L, 646L, 647L, 648L, 649L, 650L, 651L, 
        652L, 653L, 654L, 655L, 656L, 657L, 658L, 659L, 660L, 
        661L, 662L, 663L, 664L, 665L, 666L, 667L, 668L, 669L, 
        670L, 671L, 672L, 673L, 674L, 675L, 676L, 677L, 678L, 
        679L, 680L, 681L, 682L, 683L, 684L, 685L, 686L, 687L, 
        688L, 689L, 690L, 691L, 692L, 693L, 694L, 695L, 696L, 
        697L, 698L, 699L, 700L, 701L, 702L, 703L, 704L, 705L, 
        706L, 707L, 708L, 709L, 710L, 711L, 712L, 713L, 714L, 
        715L, 716L, 717L, 718L, 719L, 720L, 721L, 722L, 723L, 
        724L, 725L, 726L, 727L, 728L, 729L, 730L, 731L, 732L, 
        733L, 734L, 735L, 736L, 737L, 738L, 739L, 740L, 741L, 
        742L, 743L, 744L, 745L, 746L, 747L, 748L, 749L, 750L, 
        751L, 752L, 753L, 754L, 755L, 756L, 757L, 758L, 759L, 
        760L, 761L, 762L, 763L, 764L, 765L, 766L, 767L, 768L, 
        769L, 770L, 771L, 772L, 773L, 774L, 775L, 776L, 777L, 
        778L, 779L, 780L, 781L, 782L, 783L, 784L, 785L, 786L, 
        787L, 788L, 789L, 790L, 791L, 792L, 793L, 794L, 795L, 
        796L, 797L, 798L, 799L, 800L, 801L, 802L, 803L, 804L, 
        805L, 806L, 807L, 808L, 809L, 810L, 811L, 812L, 813L, 
        814L, 815L, 816L, 817L, 818L, 819L, 820L, 821L, 822L, 
        823L, 824L, 825L, 826L, 827L, 828L, 829L, 830L, 831L, 
        832L, 833L, 834L, 835L, 836L, 837L, 838L, 839L, 840L, 
        841L, 842L, 843L, 844L, 845L, 846L, 847L, 848L, 849L, 
        850L, 851L, 852L, 853L, 854L, 855L, 856L, 857L, 858L, 
        859L, 860L, 861L, 862L, 863L, 864L, 865L, 866L, 867L, 
        868L, 869L, 870L, 871L, 872L, 873L, 874L, 875L, 876L, 
        877L, 878L, 879L, 880L, 881L, 882L, 883L, 884L, 885L, 
        886L, 887L, 888L, 889L, 890L, 891L, 892L, 893L, 894L, 
        895L, 896L, 897L, 898L, 899L, 900L, 901L, 902L, 903L, 
        904L, 905L, 906L, 907L, 908L, 909L, 910L, 911L, 912L, 
        913L, 914L, 915L, 916L, 917L, 918L, 919L, 920L, 921L, 
        922L, 923L, 924L, 925L, 926L, 927L, 928L, 929L, 930L, 
        931L, 932L, 933L, 934L, 935L, 936L, 937L, 938L, 939L, 
        940L, 941L, 942L, 943L, 944L, 945L, 946L, 947L, 948L, 
        949L, 950L, 951L, 952L, 953L, 954L, 955L, 956L, 957L, 
        958L, 959L, 960L, 961L, 962L, 963L, 964L, 965L, 966L, 
        967L, 968L, 969L, 970L, 971L, 972L, 973L, 974L, 975L, 
        976L, 977L, 978L, 979L, 980L, 981L, 982L, 983L, 984L, 
        985L, 986L, 987L, 988L, 989L, 990L, 991L, 992L, 993L, 
        994L, 995L, 996L, 997L, 998L, 999L, 1000L, 3L, 4L, 5L, 
        6L, 7L, 8L, 9L, 10L, 11L, 12L, 13L, 14L, 15L, 16L, 17L, 
        18L, 19L, 20L, 21L, 22L, 23L, 24L, 25L, 26L, 27L, 28L, 
        29L, 30L, 31L, 32L, 33L, 34L, 35L, 36L, 37L, 38L, 39L, 
        40L, 41L, 42L, 43L, 44L, 45L, 46L, 47L, 48L, 49L, 50L, 
        51L, 52L, 53L, 54L, 55L, 56L, 57L, 58L, 59L, 60L, 61L, 
        62L, 63L, 64L, 65L, 66L, 67L, 68L, 69L, 70L, 71L, 72L, 
        73L, 74L, 75L, 76L, 77L, 78L, 79L, 80L, 81L, 82L, 83L, 
        84L, 85L, 86L, 87L, 88L, 89L, 90L, 91L, 92L, 93L, 94L, 
        95L, 96L, 97L, 98L, 99L, 100L, 101L, 102L, 103L, 104L, 
        105L, 106L, 107L, 108L, 109L, 110L, 111L, 112L, 113L, 
        114L, 115L, 116L, 117L, 118L, 119L, 120L, 121L, 122L, 
        123L, 124L, 125L, 126L, 127L, 128L, 129L, 130L, 131L, 
        132L, 133L, 134L, 135L, 136L, 137L, 138L, 139L, 140L, 
        141L, 142L, 143L, 144L, 145L, 146L, 147L, 148L, 149L, 
        150L, 151L, 152L, 153L, 154L, 155L, 156L, 157L, 158L, 
        159L, 160L, 161L, 162L, 163L, 164L, 165L, 166L, 167L, 
        168L, 169L, 170L, 171L, 172L, 173L, 174L, 175L, 176L, 
        177L, 178L, 179L, 180L, 181L, 182L, 183L, 184L, 185L, 
        186L, 187L, 188L, 189L, 190L, 191L, 192L, 193L, 194L, 
        195L, 196L, 197L, 198L, 199L, 200L, 201L, 202L, 203L, 
        204L, 205L, 206L, 207L, 208L, 209L, 210L, 211L, 212L, 
        213L, 214L, 215L, 216L, 217L, 218L, 219L, 220L, 221L, 
        222L, 223L, 224L, 225L, 226L, 227L, 228L, 229L, 230L, 
        231L, 232L, 233L, 234L, 235L, 236L, 237L, 238L, 239L, 
        240L, 241L, 242L, 243L, 244L, 245L, 246L, 247L, 248L, 
        249L, 250L, 251L, 252L, 253L, 254L, 255L, 256L, 257L, 
        258L, 259L, 260L, 261L, 262L, 263L, 264L, 265L, 266L, 
        267L, 268L, 269L, 270L, 271L, 272L, 273L, 274L, 275L, 
        276L, 277L, 278L, 279L, 280L, 281L, 282L, 283L, 284L, 
        285L, 286L, 287L, 288L, 289L, 290L, 291L, 292L, 293L, 
        294L, 295L, 296L, 297L, 298L, 299L, 300L, 301L, 302L, 
        303L, 304L, 305L, 306L, 307L, 308L, 309L, 310L, 311L, 
        312L, 313L, 314L, 315L, 316L, 317L, 318L, 319L, 320L, 
        321L, 322L, 323L, 324L, 325L, 326L, 327L, 328L, 329L, 
        330L, 331L, 332L, 333L, 334L, 335L, 336L, 337L, 338L, 
        339L, 340L, 341L, 342L, 343L, 344L, 345L, 346L, 347L, 
        348L, 349L, 350L, 351L, 352L, 353L, 354L, 355L, 356L, 
        357L, 358L, 359L, 360L, 361L, 362L, 363L, 364L, 365L, 
        366L, 367L, 368L, 369L, 370L, 371L, 372L, 373L, 374L, 
        375L, 376L, 377L, 378L, 379L, 380L, 381L, 382L, 383L, 
        384L, 385L, 386L, 387L, 388L, 389L, 390L, 391L, 392L, 
        393L, 394L, 395L, 396L, 397L, 398L, 399L, 400L, 401L, 
        402L, 403L, 404L, 405L, 406L, 407L, 408L, 409L, 410L, 
        411L, 412L, 413L, 414L, 415L, 416L, 417L, 418L, 419L, 
        420L, 421L, 422L, 423L, 424L, 425L, 426L, 427L, 428L, 
        429L, 430L, 431L, 432L, 433L, 434L, 435L, 436L, 437L, 
        438L, 439L, 440L, 441L, 442L, 443L, 444L, 445L, 446L, 
        447L, 448L, 449L, 450L, 451L, 452L, 453L, 454L, 455L, 
        456L, 457L, 458L, 459L, 460L, 461L, 462L, 463L, 464L, 
        465L, 466L, 467L, 468L, 469L, 470L, 471L, 472L, 473L, 
        474L, 475L, 476L, 477L, 478L, 479L, 480L, 481L, 482L, 
        483L, 484L, 485L, 486L, 487L, 488L, 489L, 490L, 491L, 
        492L, 493L, 494L, 495L, 496L, 497L, 498L, 499L, 500L, 
        501L, 502L, 503L, 504L, 505L, 506L, 507L, 508L, 509L, 
        510L, 511L, 512L, 513L, 514L, 515L, 516L, 517L, 518L, 
        519L, 520L, 521L, 522L, 523L, 524L, 525L, 526L, 527L, 
        528L, 529L, 530L, 531L, 532L, 533L, 534L, 535L, 536L, 
        537L, 538L, 539L, 540L, 541L, 542L, 543L, 544L, 545L, 
        546L, 547L, 548L, 549L, 550L, 551L, 552L, 553L, 554L, 
        555L, 556L, 557L, 558L, 559L, 560L, 561L, 562L, 563L, 
        564L, 565L, 566L, 567L, 568L, 569L, 570L, 571L, 572L, 
        573L, 574L, 575L, 576L, 577L, 578L, 579L, 580L, 581L, 
        582L, 583L, 584L, 585L, 586L, 587L, 588L, 589L, 590L, 
        591L, 592L, 593L, 594L, 595L, 596L, 597L, 598L, 599L, 
        600L, 601L, 602L, 603L, 604L, 605L, 606L, 607L, 608L, 
        609L, 610L, 611L, 612L, 613L, 614L, 615L, 616L, 617L, 
        618L, 619L, 620L, 621L, 622L, 623L, 624L, 625L, 626L, 
        627L, 628L, 629L, 630L, 631L, 632L, 633L, 634L, 635L, 
        636L, 637L, 638L, 639L, 640L, 641L, 642L, 643L, 644L, 
        645L, 646L, 647L, 648L, 649L, 650L, 651L, 652L, 653L, 
        654L, 655L, 656L, 657L, 658L, 659L, 660L, 661L, 662L, 
        663L, 664L, 665L, 666L, 667L, 668L, 669L, 670L, 671L, 
        672L, 673L, 674L, 675L, 676L, 677L, 678L, 679L, 680L, 
        681L, 682L, 683L, 684L, 685L, 686L, 687L, 688L, 689L, 
        690L, 691L, 692L, 693L, 694L, 695L, 696L, 697L, 698L, 
        699L, 700L, 701L, 702L, 703L, 704L, 705L, 706L, 707L, 
        708L, 709L, 710L, 711L, 712L, 713L, 714L, 715L, 716L, 
        717L, 718L, 719L, 720L, 721L, 722L, 723L, 724L, 725L, 
        726L, 727L, 728L, 729L, 730L, 731L, 732L, 733L, 734L, 
        735L, 736L, 737L, 738L, 739L, 740L, 741L, 742L, 743L, 
        744L, 745L, 746L, 747L, 748L, 749L, 750L, 751L, 752L, 
        753L, 754L, 755L, 756L, 757L, 758L, 759L, 760L, 761L, 
        762L, 763L, 764L, 765L, 766L, 767L, 768L, 769L, 770L, 
        771L, 772L, 773L, 774L, 775L, 776L, 777L, 778L, 779L, 
        780L, 781L, 782L, 783L, 784L, 785L, 786L, 787L, 788L, 
        789L, 790L, 791L, 792L, 793L, 794L, 795L, 796L, 797L, 
        798L, 799L, 800L, 801L, 802L, 803L, 804L, 805L, 806L, 
        807L, 808L, 809L, 810L, 811L, 812L, 813L, 814L, 815L, 
        816L, 817L, 818L, 819L, 820L, 821L, 822L, 823L, 824L, 
        825L, 826L, 827L, 828L, 829L, 830L, 831L, 832L, 833L, 
        834L, 835L, 836L, 837L, 838L, 839L, 840L, 841L, 842L, 
        843L, 844L, 845L, 846L, 847L, 848L, 849L, 850L, 851L, 
        852L, 853L, 854L, 855L, 856L, 857L, 858L, 859L, 860L, 
        861L, 862L, 863L, 864L, 865L, 866L, 867L, 868L, 869L, 
        870L, 871L, 872L, 873L, 874L, 875L, 876L, 877L, 878L, 
        879L, 880L, 881L, 882L, 883L, 884L, 885L, 886L, 887L, 
        888L, 889L, 890L, 891L, 892L, 893L, 894L, 895L, 896L, 
        897L, 898L, 899L, 900L, 901L, 902L, 903L, 904L, 905L, 
        906L, 907L, 908L, 909L, 910L, 911L, 912L, 913L, 914L, 
        915L, 916L, 917L, 918L, 919L, 920L, 921L, 922L, 923L, 
        924L, 925L, 926L, 927L, 928L, 929L, 930L, 931L, 932L, 
        933L, 934L, 935L, 936L, 937L, 938L, 939L, 940L, 941L, 
        942L, 943L, 944L, 945L, 946L, 947L, 948L, 949L, 950L, 
        951L, 952L, 953L, 954L, 955L, 956L, 957L, 958L, 959L, 
        960L, 961L, 962L, 963L, 964L, 965L, 966L, 967L, 968L, 
        969L, 970L, 971L, 972L, 973L, 974L, 975L, 976L, 977L, 
        978L, 979L, 980L, 981L, 982L, 983L, 984L, 985L, 986L, 
        987L, 988L, 989L, 990L, 991L, 992L, 993L, 994L, 995L, 
        996L, 997L, 998L, 999L, 1000L), u_mat_inds_obs_y = c(1L, 
        1001L, 1003L, 1005L, 1007L, 1009L, 1011L, 1013L, 1015L, 
        1017L, 1019L, 1021L, 1023L, 1025L, 1027L, 1029L, 1031L, 
        1033L, 1035L, 1037L, 1039L, 1041L, 1043L, 1045L, 1047L, 
        1049L, 1051L, 1053L, 1055L, 1057L, 1059L, 1061L, 1063L, 
        1065L, 1067L, 1069L, 1071L, 1073L, 1075L, 1077L, 1079L, 
        1081L, 1083L, 1085L, 1087L, 1089L, 1091L, 1093L, 1095L, 
        1097L, 1099L, 1101L, 1103L, 1105L, 1107L, 1109L, 1111L, 
        1113L, 1115L, 1117L, 1119L, 1121L, 1123L, 1125L, 1127L, 
        1129L, 1131L, 1133L, 1135L, 1137L, 1139L, 1141L, 1143L, 
        1145L, 1147L, 1149L, 1151L, 1153L, 1155L, 1157L, 1159L, 
        1161L, 1163L, 1165L, 1167L, 1169L, 1171L, 1173L, 1175L, 
        1177L, 1179L, 1181L, 1183L, 1185L, 1187L, 1189L, 1191L, 
        1193L, 1195L, 1197L, 1199L, 1201L, 1203L, 1205L, 1207L, 
        1209L, 1211L, 1213L, 1215L, 1217L, 1219L, 1221L, 1223L, 
        1225L, 1227L, 1229L, 1231L, 1233L, 1235L, 1237L, 1239L, 
        1241L, 1243L, 1245L, 1247L, 1249L, 1251L, 1253L, 1255L, 
        1257L, 1259L, 1261L, 1263L, 1265L, 1267L, 1269L, 1271L, 
        1273L, 1275L, 1277L, 1279L, 1281L, 1283L, 1285L, 1287L, 
        1289L, 1291L, 1293L, 1295L, 1297L, 1299L, 1301L, 1303L, 
        1305L, 1307L, 1309L, 1311L, 1313L, 1315L, 1317L, 1319L, 
        1321L, 1323L, 1325L, 1327L, 1329L, 1331L, 1333L, 1335L, 
        1337L, 1339L, 1341L, 1343L, 1345L, 1347L, 1349L, 1351L, 
        1353L, 1355L, 1357L, 1359L, 1361L, 1363L, 1365L, 1367L, 
        1369L, 1371L, 1373L, 1375L, 1377L, 1379L, 1381L, 1383L, 
        1385L, 1387L, 1389L, 1391L, 1393L, 1395L, 1397L, 1399L, 
        1401L, 1403L, 1405L, 1407L, 1409L, 1411L, 1413L, 1415L, 
        1417L, 1419L, 1421L, 1423L, 1425L, 1427L, 1429L, 1431L, 
        1433L, 1435L, 1437L, 1439L, 1441L, 1443L, 1445L, 1447L, 
        1449L, 1451L, 1453L, 1455L, 1457L, 1459L, 1461L, 1463L, 
        1465L, 1467L, 1469L, 1471L, 1473L, 1475L, 1477L, 1479L, 
        1481L, 1483L, 1485L, 1487L, 1489L, 1491L, 1493L, 1495L, 
        1497L, 1499L, 1501L, 1503L, 1505L, 1507L, 1509L, 1511L, 
        1513L, 1515L, 1517L, 1519L, 1521L, 1523L, 1525L, 1527L, 
        1529L, 1531L, 1533L, 1535L, 1537L, 1539L, 1541L, 1543L, 
        1545L, 1547L, 1549L, 1551L, 1553L, 1555L, 1557L, 1559L, 
        1561L, 1563L, 1565L, 1567L, 1569L, 1571L, 1573L, 1575L, 
        1577L, 1579L, 1581L, 1583L, 1585L, 1587L, 1589L, 1591L, 
        1593L, 1595L, 1597L, 1599L, 1601L, 1603L, 1605L, 1607L, 
        1609L, 1611L, 1613L, 1615L, 1617L, 1619L, 1621L, 1623L, 
        1625L, 1627L, 1629L, 1631L, 1633L, 1635L, 1637L, 1639L, 
        1641L, 1643L, 1645L, 1647L, 1649L, 1651L, 1653L, 1655L, 
        1657L, 1659L, 1661L, 1663L, 1665L, 1667L, 1669L, 1671L, 
        1673L, 1675L, 1677L, 1679L, 1681L, 1683L, 1685L, 1687L, 
        1689L, 1691L, 1693L, 1695L, 1697L, 1699L, 1701L, 1703L, 
        1705L, 1707L, 1709L, 1711L, 1713L, 1715L, 1717L, 1719L, 
        1721L, 1723L, 1725L, 1727L, 1729L, 1731L, 1733L, 1735L, 
        1737L, 1739L, 1741L, 1743L, 1745L, 1747L, 1749L, 1751L, 
        1753L, 1755L, 1757L, 1759L, 1761L, 1763L, 1765L, 1767L, 
        1769L, 1771L, 1773L, 1775L, 1777L, 1779L, 1781L, 1783L, 
        1785L, 1787L, 1789L, 1791L, 1793L, 1795L, 1797L, 1799L, 
        1801L, 1803L, 1805L, 1807L, 1809L, 1811L, 1813L, 1815L, 
        1817L, 1819L, 1821L, 1823L, 1825L, 1827L, 1829L, 1831L, 
        1833L, 1835L, 1837L, 1839L, 1841L, 1843L, 1845L, 1847L, 
        1849L, 1851L, 1853L, 1855L, 1857L, 1859L, 1861L, 1863L, 
        1865L, 1867L, 1869L, 1871L, 1873L, 1875L, 1877L, 1879L, 
        1881L, 1883L, 1885L, 1887L, 1889L, 1891L, 1893L, 1895L, 
        1897L, 1899L, 1901L, 1903L, 1905L, 1907L, 1909L, 1911L, 
        1913L, 1915L, 1917L, 1919L, 1921L, 1923L, 1925L, 1927L, 
        1929L, 1931L, 1933L, 1935L, 1937L, 1939L, 1941L, 1943L, 
        1945L, 1947L, 1949L, 1951L, 1953L, 1955L, 1957L, 1959L, 
        1961L, 1963L, 1965L, 1967L, 1969L, 1971L, 1973L, 1975L, 
        1977L, 1979L, 1981L, 1983L, 1985L, 1987L, 1989L, 1991L, 
        1993L, 1995L, 1997L, 1999L), n_mat_inds_cens_y = c(0L, 
        0L, 501L), w_mat_inds_cens_y = numeric(0), v_mat_inds_cens_y = integer(0), 
        u_mat_inds_cens_y = c(1L, 1L, 1L, 1L, 1L, 1L, 1L, 1L, 
        1L, 1L, 1L, 1L, 1L, 1L, 1L, 1L, 1L, 1L, 1L, 1L, 1L, 1L, 
        1L, 1L, 1L, 1L, 1L, 1L, 1L, 1L, 1L, 1L, 1L, 1L, 1L, 1L, 
        1L, 1L, 1L, 1L, 1L, 1L, 1L, 1L, 1L, 1L, 1L, 1L, 1L, 1L, 
        1L, 1L, 1L, 1L, 1L, 1L, 1L, 1L, 1L, 1L, 1L, 1L, 1L, 1L, 
        1L, 1L, 1L, 1L, 1L, 1L, 1L, 1L, 1L, 1L, 1L, 1L, 1L, 1L, 
        1L, 1L, 1L, 1L, 1L, 1L, 1L, 1L, 1L, 1L, 1L, 1L, 1L, 1L, 
        1L, 1L, 1L, 1L, 1L, 1L, 1L, 1L, 1L, 1L, 1L, 1L, 1L, 1L, 
        1L, 1L, 1L, 1L, 1L, 1L, 1L, 1L, 1L, 1L, 1L, 1L, 1L, 1L, 
        1L, 1L, 1L, 1L, 1L, 1L, 1L, 1L, 1L, 1L, 1L, 1L, 1L, 1L, 
        1L, 1L, 1L, 1L, 1L, 1L, 1L, 1L, 1L, 1L, 1L, 1L, 1L, 1L, 
        1L, 1L, 1L, 1L, 1L, 1L, 1L, 1L, 1L, 1L, 1L, 1L, 1L, 1L, 
        1L, 1L, 1L, 1L, 1L, 1L, 1L, 1L, 1L, 1L, 1L, 1L, 1L, 1L, 
        1L, 1L, 1L, 1L, 1L, 1L, 1L, 1L, 1L, 1L, 1L, 1L, 1L, 1L, 
        1L, 1L, 1L, 1L, 1L, 1L, 1L, 1L, 1L, 1L, 1L, 1L, 1L, 1L, 
        1L, 1L, 1L, 1L, 1L, 1L, 1L, 1L, 1L, 1L, 1L, 1L, 1L, 1L, 
        1L, 1L, 1L, 1L, 1L, 1L, 1L, 1L, 1L, 1L, 1L, 1L, 1L, 1L, 
        1L, 1L, 1L, 1L, 1L, 1L, 1L, 1L, 1L, 1L, 1L, 1L, 1L, 1L, 
        1L, 1L, 1L, 1L, 1L, 1L, 1L, 1L, 1L, 1L, 1L, 1L, 1L, 1L, 
        1L, 1L, 1L, 1L, 1L, 1L, 1L, 1L, 1L, 1L, 1L, 1L, 1L, 1L, 
        1L, 1L, 1L, 1L, 1L, 1L, 1L, 1L, 1L, 1L, 1L, 1L, 1L, 1L, 
        1L, 1L, 1L, 1L, 1L, 1L, 1L, 1L, 1L, 1L, 1L, 1L, 1L, 1L, 
        1L, 1L, 1L, 1L, 1L, 1L, 1L, 1L, 1L, 1L, 1L, 1L, 1L, 1L, 
        1L, 1L, 1L, 1L, 1L, 1L, 1L, 1L, 1L, 1L, 1L, 1L, 1L, 1L, 
        1L, 1L, 1L, 1L, 1L, 1L, 1L, 1L, 1L, 1L, 1L, 1L, 1L, 1L, 
        1L, 1L, 1L, 1L, 1L, 1L, 1L, 1L, 1L, 1L, 1L, 1L, 1L, 1L, 
        1L, 1L, 1L, 1L, 1L, 1L, 1L, 1L, 1L, 1L, 1L, 1L, 1L, 1L, 
        1L, 1L, 1L, 1L, 1L, 1L, 1L, 1L, 1L, 1L, 1L, 1L, 1L, 1L, 
        1L, 1L, 1L, 1L, 1L, 1L, 1L, 1L, 1L, 1L, 1L, 1L, 1L, 1L, 
        1L, 1L, 1L, 1L, 1L, 1L, 1L, 1L, 1L, 1L, 1L, 1L, 1L, 1L, 
        1L, 1L, 1L, 1L, 1L, 1L, 1L, 1L, 1L, 1L, 1L, 1L, 1L, 1L, 
        1L, 1L, 1L, 1L, 1L, 1L, 1L, 1L, 1L, 1L, 1L, 1L, 1L, 1L, 
        1L, 1L, 1L, 1L, 1L, 1L, 1L, 1L, 1L, 1L, 1L, 1L, 1L, 1L, 
        1L, 1L, 1L, 1L, 1L, 1L, 1L, 1L, 1L, 1L, 1L, 1L, 1L, 1L, 
        1L, 1L, 1L, 1L, 1L, 1L, 1L, 1L, 1L, 1L, 1L, 1L, 1L, 1L, 
        1L, 1L, 1L, 1L, 1L, 1L, 1L, 1L, 1L, 1L, 1L, 1L, 1L, 1L, 
        1L, 1L, 1L), n_mat_inds_all_y = c(1998L, 1998L, 501L), 
        w_mat_inds_all_y = c(1, 1, 1, 1, 1, 1, 1, 1, 1, 1, 1, 
        1, 1, 1, 1, 1, 1, 1, 1, 1, 1, 1, 1, 1, 1, 1, 1, 1, 1, 
        1, 1, 1, 1, 1, 1, 1, 1, 1, 1, 1, 1, 1, 1, 1, 1, 1, 1, 
        1, 1, 1, 1, 1, 1, 1, 1, 1, 1, 1, 1, 1, 1, 1, 1, 1, 1, 
        1, 1, 1, 1, 1, 1, 1, 1, 1, 1, 1, 1, 1, 1, 1, 1, 1, 1, 
        1, 1, 1, 1, 1, 1, 1, 1, 1, 1, 1, 1, 1, 1, 1, 1, 1, 1, 
        1, 1, 1, 1, 1, 1, 1, 1, 1, 1, 1, 1, 1, 1, 1, 1, 1, 1, 
        1, 1, 1, 1, 1, 1, 1, 1, 1, 1, 1, 1, 1, 1, 1, 1, 1, 1, 
        1, 1, 1, 1, 1, 1, 1, 1, 1, 1, 1, 1, 1, 1, 1, 1, 1, 1, 
        1, 1, 1, 1, 1, 1, 1, 1, 1, 1, 1, 1, 1, 1, 1, 1, 1, 1, 
        1, 1, 1, 1, 1, 1, 1, 1, 1, 1, 1, 1, 1, 1, 1, 1, 1, 1, 
        1, 1, 1, 1, 1, 1, 1, 1, 1, 1, 1, 1, 1, 1, 1, 1, 1, 1, 
        1, 1, 1, 1, 1, 1, 1, 1, 1, 1, 1, 1, 1, 1, 1, 1, 1, 1, 
        1, 1, 1, 1, 1, 1, 1, 1, 1, 1, 1, 1, 1, 1, 1, 1, 1, 1, 
        1, 1, 1, 1, 1, 1, 1, 1, 1, 1, 1, 1, 1, 1, 1, 1, 1, 1, 
        1, 1, 1, 1, 1, 1, 1, 1, 1, 1, 1, 1, 1, 1, 1, 1, 1, 1, 
        1, 1, 1, 1, 1, 1, 1, 1, 1, 1, 1, 1, 1, 1, 1, 1, 1, 1, 
        1, 1, 1, 1, 1, 1, 1, 1, 1, 1, 1, 1, 1, 1, 1, 1, 1, 1, 
        1, 1, 1, 1, 1, 1, 1, 1, 1, 1, 1, 1, 1, 1, 1, 1, 1, 1, 
        1, 1, 1, 1, 1, 1, 1, 1, 1, 1, 1, 1, 1, 1, 1, 1, 1, 1, 
        1, 1, 1, 1, 1, 1, 1, 1, 1, 1, 1, 1, 1, 1, 1, 1, 1, 1, 
        1, 1, 1, 1, 1, 1, 1, 1, 1, 1, 1, 1, 1, 1, 1, 1, 1, 1, 
        1, 1, 1, 1, 1, 1, 1, 1, 1, 1, 1, 1, 1, 1, 1, 1, 1, 1, 
        1, 1, 1, 1, 1, 1, 1, 1, 1, 1, 1, 1, 1, 1, 1, 1, 1, 1, 
        1, 1, 1, 1, 1, 1, 1, 1, 1, 1, 1, 1, 1, 1, 1, 1, 1, 1, 
        1, 1, 1, 1, 1, 1, 1, 1, 1, 1, 1, 1, 1, 1, 1, 1, 1, 1, 
        1, 1, 1, 1, 1, 1, 1, 1, 1, 1, 1, 1, 1, 1, 1, 1, 1, 1, 
        1, 1, 1, 1, 1, 1, 1, 1, 1, 1, 1, 1, 1, 1, 1, 1, 1, 1, 
        1, 1, 1, 1, 1, 1, 1, 1, 1, 1, 1, 1, 1, 1, 1, 1, 1, 1, 
        1, 1, 1, 1, 1, 1, 1, 1, 1, 1, 1, 1, 1, 1, 1, 1, 1, 1, 
        1, 1, 1, 1, 1, 1, 1, 1, 1, 1, 1, 1, 1, 1, 1, 1, 1, 1, 
        1, 1, 1, 1, 1, 1, 1, 1, 1, 1, 1, 1, 1, 1, 1, 1, 1, 1, 
        1, 1, 1, 1, 1, 1, 1, 1, 1, 1, 1, 1, 1, 1, 1, 1, 1, 1, 
        1, 1, 1, 1, 1, 1, 1, 1, 1, 1, 1, 1, 1, 1, 1, 1, 1, 1, 
        1, 1, 1, 1, 1, 1, 1, 1, 1, 1, 1, 1, 1, 1, 1, 1, 1, 1, 
        1, 1, 1, 1, 1, 1, 1, 1, 1, 1, 1, 1, 1, 1, 1, 1, 1, 1, 
        1, 1, 1, 1, 1, 1, 1, 1, 1, 1, 1, 1, 1, 1, 1, 1, 1, 1, 
        1, 1, 1, 1, 1, 1, 1, 1, 1, 1, 1, 1, 1, 1, 1, 1, 1, 1, 
        1, 1, 1, 1, 1, 1, 1, 1, 1, 1, 1, 1, 1, 1, 1, 1, 1, 1, 
        1, 1, 1, 1, 1, 1, 1, 1, 1, 1, 1, 1, 1, 1, 1, 1, 1, 1, 
        1, 1, 1, 1, 1, 1, 1, 1, 1, 1, 1, 1, 1, 1, 1, 1, 1, 1, 
        1, 1, 1, 1, 1, 1, 1, 1, 1, 1, 1, 1, 1, 1, 1, 1, 1, 1, 
        1, 1, 1, 1, 1, 1, 1, 1, 1, 1, 1, 1, 1, 1, 1, 1, 1, 1, 
        1, 1, 1, 1, 1, 1, 1, 1, 1, 1, 1, 1, 1, 1, 1, 1, 1, 1, 
        1, 1, 1, 1, 1, 1, 1, 1, 1, 1, 1, 1, 1, 1, 1, 1, 1, 1, 
        1, 1, 1, 1, 1, 1, 1, 1, 1, 1, 1, 1, 1, 1, 1, 1, 1, 1, 
        1, 1, 1, 1, 1, 1, 1, 1, 1, 1, 1, 1, 1, 1, 1, 1, 1, 1, 
        1, 1, 1, 1, 1, 1, 1, 1, 1, 1, 1, 1, 1, 1, 1, 1, 1, 1, 
        1, 1, 1, 1, 1, 1, 1, 1, 1, 1, 1, 1, 1, 1, 1, 1, 1, 1, 
        1, 1, 1, 1, 1, 1, 1, 1, 1, 1, 1, 1, 1, 1, 1, 1, 1, 1, 
        1, 1, 1, 1, 1, 1, 1, 1, 1, 1, 1, 1, 1, 1, 1, 1, 1, 1, 
        1, 1, 1, 1, 1, 1, 1, 1, 1, 1, 1, 1, 1, 1, 1, 1, 1, 1, 
        1, 1, 1, 1, 1, 1, 1, 1, 1, 1, 1, 1, 1, 1, 1, 1, 1, 1, 
        1, 1, 1, 1, 1, 1, 1, 1, 1, 1, 1, 1, 1, 1, 1, 1, 1, 1, 
        1, 1, 1, 1, 1, 1, 1, 1, 1, 1, 1, 1, 1, 1, 1, 1, 1, 1, 
        1, 1, 1, 1, 1, 1, 1, 1, 1, 1, 1, 1, 1, 1, 1, 1, 1, 1, 
        1, 1, 1, 1, 1, 1, 1, 1, 1, 1, 1, 1, 1, 1, 1, 1, 1, 1, 
        1, 1, 1, 1, 1, 1, 1, 1, 1, 1, 1, 1, 1, 1, 1, 1, 1, 1, 
        1, 1, 1, 1, 1, 1, 1, 1, 1, 1, 1, 1, 1, 1, 1, 1, 1, 1, 
        1, 1, 1, 1, 1, 1, 1, 1, 1, 1, 1, 1, 1, 1, 1, 1, 1, 1, 
        1, 1, 1, 1, 1, 1, 1, 1, 1, 1, 1, 1, 1, 1, 1, 1, 1, 1, 
        1, 1, 1, 1, 1, 1, 1, 1, 1, 1, 1, 1, 1, 1, 1, 1, 1, 1, 
        1, 1, 1, 1, 1, 1, 1, 1, 1, 1, 1, 1, 1, 1, 1, 1, 1, 1, 
        1, 1, 1, 1, 1, 1, 1, 1, 1, 1, 1, 1, 1, 1, 1, 1, 1, 1, 
        1, 1, 1, 1, 1, 1, 1, 1, 1, 1, 1, 1, 1, 1, 1, 1, 1, 1, 
        1, 1, 1, 1, 1, 1, 1, 1, 1, 1, 1, 1, 1, 1, 1, 1, 1, 1, 
        1, 1, 1, 1, 1, 1, 1, 1, 1, 1, 1, 1, 1, 1, 1, 1, 1, 1, 
        1, 1, 1, 1, 1, 1, 1, 1, 1, 1, 1, 1, 1, 1, 1, 1, 1, 1, 
        1, 1, 1, 1, 1, 1, 1, 1, 1, 1, 1, 1, 1, 1, 1, 1, 1, 1, 
        1, 1, 1, 1, 1, 1, 1, 1, 1, 1, 1, 1, 1, 1, 1, 1, 1, 1, 
        1, 1, 1, 1, 1, 1, 1, 1, 1, 1, 1, 1, 1, 1, 1, 1, 1, 1, 
        1, 1, 1, 1, 1, 1, 1, 1, 1, 1, 1, 1, 1, 1, 1, 1, 1, 1, 
        1, 1, 1, 1, 1, 1, 1, 1, 1, 1, 1, 1, 1, 1, 1, 1, 1, 1, 
        1, 1, 1, 1, 1, 1, 1, 1, 1, 1, 1, 1, 1, 1, 1, 1, 1, 1, 
        1, 1, 1, 1, 1, 1, 1, 1, 1, 1, 1, 1, 1, 1, 1, 1, 1, 1, 
        1, 1, 1, 1, 1, 1, 1, 1, 1, 1, 1, 1, 1, 1, 1, 1, 1, 1, 
        1, 1, 1, 1, 1, 1, 1, 1, 1, 1, 1, 1, 1, 1, 1, 1, 1, 1, 
        1, 1, 1, 1, 1, 1, 1, 1, 1, 1, 1, 1, 1, 1, 1, 1, 1, 1, 
        1, 1, 1, 1, 1, 1, 1, 1, 1, 1, 1, 1, 1, 1, 1, 1, 1, 1, 
        1, 1, 1, 1, 1, 1, 1, 1, 1, 1, 1, 1, 1, 1, 1, 1, 1, 1, 
        1, 1, 1, 1, 1, 1, 1, 1, 1, 1, 1, 1, 1, 1, 1, 1, 1, 1, 
        1, 1, 1, 1, 1, 1, 1, 1, 1, 1, 1, 1, 1, 1, 1, 1, 1, 1, 
        1, 1, 1, 1, 1, 1, 1, 1, 1, 1, 1, 1, 1, 1, 1, 1, 1, 1, 
        1, 1, 1, 1, 1, 1, 1, 1, 1, 1, 1, 1, 1, 1, 1, 1, 1, 1, 
        1, 1, 1, 1, 1, 1, 1, 1, 1, 1, 1, 1, 1, 1, 1, 1, 1, 1, 
        1, 1, 1, 1, 1, 1, 1, 1, 1, 1, 1, 1, 1, 1, 1, 1, 1, 1, 
        1, 1, 1, 1, 1, 1, 1, 1, 1, 1, 1, 1, 1, 1, 1, 1, 1, 1, 
        1, 1, 1, 1, 1, 1, 1, 1, 1, 1, 1, 1, 1, 1, 1, 1, 1, 1, 
        1, 1, 1, 1, 1, 1, 1, 1, 1, 1, 1, 1, 1, 1, 1, 1, 1, 1, 
        1, 1, 1, 1, 1, 1, 1, 1, 1, 1, 1, 1, 1, 1, 1, 1, 1, 1, 
        1, 1, 1, 1, 1, 1, 1, 1, 1, 1, 1, 1, 1, 1, 1, 1, 1, 1, 
        1, 1, 1, 1, 1, 1, 1, 1, 1, 1, 1, 1, 1, 1, 1, 1, 1, 1, 
        1, 1, 1, 1, 1, 1, 1, 1, 1, 1, 1, 1, 1, 1, 1, 1, 1, 1, 
        1, 1, 1, 1, 1, 1, 1, 1, 1, 1, 1, 1, 1, 1, 1, 1, 1, 1, 
        1, 1, 1, 1, 1, 1, 1, 1, 1, 1, 1, 1, 1, 1, 1, 1, 1, 1, 
        1, 1, 1, 1, 1, 1, 1, 1, 1, 1, 1, 1, 1, 1, 1, 1, 1, 1, 
        1, 1, 1, 1, 1, 1, 1, 1, 1, 1, 1, 1, 1, 1, 1, 1, 1, 1, 
        1, 1, 1, 1, 1, 1, 1, 1, 1, 1, 1, 1, 1, 1, 1, 1, 1, 1, 
        1, 1, 1, 1, 1, 1, 1, 1, 1, 1, 1, 1, 1, 1, 1, 1, 1, 1, 
        1, 1, 1, 1, 1, 1, 1, 1, 1, 1, 1, 1, 1, 1, 1, 1, 1, 1, 
        1, 1, 1, 1, 1, 1, 1, 1, 1, 1, 1, 1, 1, 1, 1, 1, 1, 1, 
        1, 1, 1, 1, 1, 1, 1, 1, 1, 1, 1, 1, 1, 1, 1, 1, 1, 1, 
        1, 1, 1, 1, 1, 1, 1, 1, 1, 1, 1, 1, 1, 1, 1, 1, 1, 1, 
        1, 1, 1, 1, 1, 1, 1, 1, 1, 1, 1, 1, 1, 1, 1, 1, 1, 1, 
        1, 1, 1, 1, 1, 1, 1, 1, 1, 1, 1, 1, 1, 1, 1, 1, 1, 1, 
        1, 1, 1, 1, 1, 1, 1, 1, 1, 1, 1, 1, 1, 1, 1, 1, 1, 1, 
        1, 1, 1, 1, 1, 1, 1, 1, 1, 1, 1, 1, 1, 1, 1, 1, 1, 1, 
        1, 1, 1, 1, 1, 1, 1, 1, 1, 1, 1, 1, 1, 1, 1, 1, 1, 1, 
        1, 1, 1, 1, 1, 1, 1, 1, 1, 1, 1, 1, 1, 1, 1, 1, 1, 1, 
        1, 1, 1, 1, 1, 1, 1, 1, 1, 1, 1, 1, 1, 1, 1, 1, 1, 1, 
        1, 1, 1, 1, 1, 1, 1, 1, 1, 1, 1, 1, 1, 1, 1, 1, 1, 1, 
        1, 1, 1, 1, 1, 1, 1), v_mat_inds_all_y = c(1L, 2L, 3L, 
        4L, 5L, 6L, 7L, 8L, 9L, 10L, 11L, 12L, 13L, 14L, 15L, 
        16L, 17L, 18L, 19L, 20L, 21L, 22L, 23L, 24L, 25L, 26L, 
        27L, 28L, 29L, 30L, 31L, 32L, 33L, 34L, 35L, 36L, 37L, 
        38L, 39L, 40L, 41L, 42L, 43L, 44L, 45L, 46L, 47L, 48L, 
        49L, 50L, 51L, 52L, 53L, 54L, 55L, 56L, 57L, 58L, 59L, 
        60L, 61L, 62L, 63L, 64L, 65L, 66L, 67L, 68L, 69L, 70L, 
        71L, 72L, 73L, 74L, 75L, 76L, 77L, 78L, 79L, 80L, 81L, 
        82L, 83L, 84L, 85L, 86L, 87L, 88L, 89L, 90L, 91L, 92L, 
        93L, 94L, 95L, 96L, 97L, 98L, 99L, 100L, 101L, 102L, 
        103L, 104L, 105L, 106L, 107L, 108L, 109L, 110L, 111L, 
        112L, 113L, 114L, 115L, 116L, 117L, 118L, 119L, 120L, 
        121L, 122L, 123L, 124L, 125L, 126L, 127L, 128L, 129L, 
        130L, 131L, 132L, 133L, 134L, 135L, 136L, 137L, 138L, 
        139L, 140L, 141L, 142L, 143L, 144L, 145L, 146L, 147L, 
        148L, 149L, 150L, 151L, 152L, 153L, 154L, 155L, 156L, 
        157L, 158L, 159L, 160L, 161L, 162L, 163L, 164L, 165L, 
        166L, 167L, 168L, 169L, 170L, 171L, 172L, 173L, 174L, 
        175L, 176L, 177L, 178L, 179L, 180L, 181L, 182L, 183L, 
        184L, 185L, 186L, 187L, 188L, 189L, 190L, 191L, 192L, 
        193L, 194L, 195L, 196L, 197L, 198L, 199L, 200L, 201L, 
        202L, 203L, 204L, 205L, 206L, 207L, 208L, 209L, 210L, 
        211L, 212L, 213L, 214L, 215L, 216L, 217L, 218L, 219L, 
        220L, 221L, 222L, 223L, 224L, 225L, 226L, 227L, 228L, 
        229L, 230L, 231L, 232L, 233L, 234L, 235L, 236L, 237L, 
        238L, 239L, 240L, 241L, 242L, 243L, 244L, 245L, 246L, 
        247L, 248L, 249L, 250L, 251L, 252L, 253L, 254L, 255L, 
        256L, 257L, 258L, 259L, 260L, 261L, 262L, 263L, 264L, 
        265L, 266L, 267L, 268L, 269L, 270L, 271L, 272L, 273L, 
        274L, 275L, 276L, 277L, 278L, 279L, 280L, 281L, 282L, 
        283L, 284L, 285L, 286L, 287L, 288L, 289L, 290L, 291L, 
        292L, 293L, 294L, 295L, 296L, 297L, 298L, 299L, 300L, 
        301L, 302L, 303L, 304L, 305L, 306L, 307L, 308L, 309L, 
        310L, 311L, 312L, 313L, 314L, 315L, 316L, 317L, 318L, 
        319L, 320L, 321L, 322L, 323L, 324L, 325L, 326L, 327L, 
        328L, 329L, 330L, 331L, 332L, 333L, 334L, 335L, 336L, 
        337L, 338L, 339L, 340L, 341L, 342L, 343L, 344L, 345L, 
        346L, 347L, 348L, 349L, 350L, 351L, 352L, 353L, 354L, 
        355L, 356L, 357L, 358L, 359L, 360L, 361L, 362L, 363L, 
        364L, 365L, 366L, 367L, 368L, 369L, 370L, 371L, 372L, 
        373L, 374L, 375L, 376L, 377L, 378L, 379L, 380L, 381L, 
        382L, 383L, 384L, 385L, 386L, 387L, 388L, 389L, 390L, 
        391L, 392L, 393L, 394L, 395L, 396L, 397L, 398L, 399L, 
        400L, 401L, 402L, 403L, 404L, 405L, 406L, 407L, 408L, 
        409L, 410L, 411L, 412L, 413L, 414L, 415L, 416L, 417L, 
        418L, 419L, 420L, 421L, 422L, 423L, 424L, 425L, 426L, 
        427L, 428L, 429L, 430L, 431L, 432L, 433L, 434L, 435L, 
        436L, 437L, 438L, 439L, 440L, 441L, 442L, 443L, 444L, 
        445L, 446L, 447L, 448L, 449L, 450L, 451L, 452L, 453L, 
        454L, 455L, 456L, 457L, 458L, 459L, 460L, 461L, 462L, 
        463L, 464L, 465L, 466L, 467L, 468L, 469L, 470L, 471L, 
        472L, 473L, 474L, 475L, 476L, 477L, 478L, 479L, 480L, 
        481L, 482L, 483L, 484L, 485L, 486L, 487L, 488L, 489L, 
        490L, 491L, 492L, 493L, 494L, 495L, 496L, 497L, 498L, 
        499L, 500L, 501L, 502L, 503L, 504L, 505L, 506L, 507L, 
        508L, 509L, 510L, 511L, 512L, 513L, 514L, 515L, 516L, 
        517L, 518L, 519L, 520L, 521L, 522L, 523L, 524L, 525L, 
        526L, 527L, 528L, 529L, 530L, 531L, 532L, 533L, 534L, 
        535L, 536L, 537L, 538L, 539L, 540L, 541L, 542L, 543L, 
        544L, 545L, 546L, 547L, 548L, 549L, 550L, 551L, 552L, 
        553L, 554L, 555L, 556L, 557L, 558L, 559L, 560L, 561L, 
        562L, 563L, 564L, 565L, 566L, 567L, 568L, 569L, 570L, 
        571L, 572L, 573L, 574L, 575L, 576L, 577L, 578L, 579L, 
        580L, 581L, 582L, 583L, 584L, 585L, 586L, 587L, 588L, 
        589L, 590L, 591L, 592L, 593L, 594L, 595L, 596L, 597L, 
        598L, 599L, 600L, 601L, 602L, 603L, 604L, 605L, 606L, 
        607L, 608L, 609L, 610L, 611L, 612L, 613L, 614L, 615L, 
        616L, 617L, 618L, 619L, 620L, 621L, 622L, 623L, 624L, 
        625L, 626L, 627L, 628L, 629L, 630L, 631L, 632L, 633L, 
        634L, 635L, 636L, 637L, 638L, 639L, 640L, 641L, 642L, 
        643L, 644L, 645L, 646L, 647L, 648L, 649L, 650L, 651L, 
        652L, 653L, 654L, 655L, 656L, 657L, 658L, 659L, 660L, 
        661L, 662L, 663L, 664L, 665L, 666L, 667L, 668L, 669L, 
        670L, 671L, 672L, 673L, 674L, 675L, 676L, 677L, 678L, 
        679L, 680L, 681L, 682L, 683L, 684L, 685L, 686L, 687L, 
        688L, 689L, 690L, 691L, 692L, 693L, 694L, 695L, 696L, 
        697L, 698L, 699L, 700L, 701L, 702L, 703L, 704L, 705L, 
        706L, 707L, 708L, 709L, 710L, 711L, 712L, 713L, 714L, 
        715L, 716L, 717L, 718L, 719L, 720L, 721L, 722L, 723L, 
        724L, 725L, 726L, 727L, 728L, 729L, 730L, 731L, 732L, 
        733L, 734L, 735L, 736L, 737L, 738L, 739L, 740L, 741L, 
        742L, 743L, 744L, 745L, 746L, 747L, 748L, 749L, 750L, 
        751L, 752L, 753L, 754L, 755L, 756L, 757L, 758L, 759L, 
        760L, 761L, 762L, 763L, 764L, 765L, 766L, 767L, 768L, 
        769L, 770L, 771L, 772L, 773L, 774L, 775L, 776L, 777L, 
        778L, 779L, 780L, 781L, 782L, 783L, 784L, 785L, 786L, 
        787L, 788L, 789L, 790L, 791L, 792L, 793L, 794L, 795L, 
        796L, 797L, 798L, 799L, 800L, 801L, 802L, 803L, 804L, 
        805L, 806L, 807L, 808L, 809L, 810L, 811L, 812L, 813L, 
        814L, 815L, 816L, 817L, 818L, 819L, 820L, 821L, 822L, 
        823L, 824L, 825L, 826L, 827L, 828L, 829L, 830L, 831L, 
        832L, 833L, 834L, 835L, 836L, 837L, 838L, 839L, 840L, 
        841L, 842L, 843L, 844L, 845L, 846L, 847L, 848L, 849L, 
        850L, 851L, 852L, 853L, 854L, 855L, 856L, 857L, 858L, 
        859L, 860L, 861L, 862L, 863L, 864L, 865L, 866L, 867L, 
        868L, 869L, 870L, 871L, 872L, 873L, 874L, 875L, 876L, 
        877L, 878L, 879L, 880L, 881L, 882L, 883L, 884L, 885L, 
        886L, 887L, 888L, 889L, 890L, 891L, 892L, 893L, 894L, 
        895L, 896L, 897L, 898L, 899L, 900L, 901L, 902L, 903L, 
        904L, 905L, 906L, 907L, 908L, 909L, 910L, 911L, 912L, 
        913L, 914L, 915L, 916L, 917L, 918L, 919L, 920L, 921L, 
        922L, 923L, 924L, 925L, 926L, 927L, 928L, 929L, 930L, 
        931L, 932L, 933L, 934L, 935L, 936L, 937L, 938L, 939L, 
        940L, 941L, 942L, 943L, 944L, 945L, 946L, 947L, 948L, 
        949L, 950L, 951L, 952L, 953L, 954L, 955L, 956L, 957L, 
        958L, 959L, 960L, 961L, 962L, 963L, 964L, 965L, 966L, 
        967L, 968L, 969L, 970L, 971L, 972L, 973L, 974L, 975L, 
        976L, 977L, 978L, 979L, 980L, 981L, 982L, 983L, 984L, 
        985L, 986L, 987L, 988L, 989L, 990L, 991L, 992L, 993L, 
        994L, 995L, 996L, 997L, 998L, 999L, 1000L, 3L, 4L, 5L, 
        6L, 7L, 8L, 9L, 10L, 11L, 12L, 13L, 14L, 15L, 16L, 17L, 
        18L, 19L, 20L, 21L, 22L, 23L, 24L, 25L, 26L, 27L, 28L, 
        29L, 30L, 31L, 32L, 33L, 34L, 35L, 36L, 37L, 38L, 39L, 
        40L, 41L, 42L, 43L, 44L, 45L, 46L, 47L, 48L, 49L, 50L, 
        51L, 52L, 53L, 54L, 55L, 56L, 57L, 58L, 59L, 60L, 61L, 
        62L, 63L, 64L, 65L, 66L, 67L, 68L, 69L, 70L, 71L, 72L, 
        73L, 74L, 75L, 76L, 77L, 78L, 79L, 80L, 81L, 82L, 83L, 
        84L, 85L, 86L, 87L, 88L, 89L, 90L, 91L, 92L, 93L, 94L, 
        95L, 96L, 97L, 98L, 99L, 100L, 101L, 102L, 103L, 104L, 
        105L, 106L, 107L, 108L, 109L, 110L, 111L, 112L, 113L, 
        114L, 115L, 116L, 117L, 118L, 119L, 120L, 121L, 122L, 
        123L, 124L, 125L, 126L, 127L, 128L, 129L, 130L, 131L, 
        132L, 133L, 134L, 135L, 136L, 137L, 138L, 139L, 140L, 
        141L, 142L, 143L, 144L, 145L, 146L, 147L, 148L, 149L, 
        150L, 151L, 152L, 153L, 154L, 155L, 156L, 157L, 158L, 
        159L, 160L, 161L, 162L, 163L, 164L, 165L, 166L, 167L, 
        168L, 169L, 170L, 171L, 172L, 173L, 174L, 175L, 176L, 
        177L, 178L, 179L, 180L, 181L, 182L, 183L, 184L, 185L, 
        186L, 187L, 188L, 189L, 190L, 191L, 192L, 193L, 194L, 
        195L, 196L, 197L, 198L, 199L, 200L, 201L, 202L, 203L, 
        204L, 205L, 206L, 207L, 208L, 209L, 210L, 211L, 212L, 
        213L, 214L, 215L, 216L, 217L, 218L, 219L, 220L, 221L, 
        222L, 223L, 224L, 225L, 226L, 227L, 228L, 229L, 230L, 
        231L, 232L, 233L, 234L, 235L, 236L, 237L, 238L, 239L, 
        240L, 241L, 242L, 243L, 244L, 245L, 246L, 247L, 248L, 
        249L, 250L, 251L, 252L, 253L, 254L, 255L, 256L, 257L, 
        258L, 259L, 260L, 261L, 262L, 263L, 264L, 265L, 266L, 
        267L, 268L, 269L, 270L, 271L, 272L, 273L, 274L, 275L, 
        276L, 277L, 278L, 279L, 280L, 281L, 282L, 283L, 284L, 
        285L, 286L, 287L, 288L, 289L, 290L, 291L, 292L, 293L, 
        294L, 295L, 296L, 297L, 298L, 299L, 300L, 301L, 302L, 
        303L, 304L, 305L, 306L, 307L, 308L, 309L, 310L, 311L, 
        312L, 313L, 314L, 315L, 316L, 317L, 318L, 319L, 320L, 
        321L, 322L, 323L, 324L, 325L, 326L, 327L, 328L, 329L, 
        330L, 331L, 332L, 333L, 334L, 335L, 336L, 337L, 338L, 
        339L, 340L, 341L, 342L, 343L, 344L, 345L, 346L, 347L, 
        348L, 349L, 350L, 351L, 352L, 353L, 354L, 355L, 356L, 
        357L, 358L, 359L, 360L, 361L, 362L, 363L, 364L, 365L, 
        366L, 367L, 368L, 369L, 370L, 371L, 372L, 373L, 374L, 
        375L, 376L, 377L, 378L, 379L, 380L, 381L, 382L, 383L, 
        384L, 385L, 386L, 387L, 388L, 389L, 390L, 391L, 392L, 
        393L, 394L, 395L, 396L, 397L, 398L, 399L, 400L, 401L, 
        402L, 403L, 404L, 405L, 406L, 407L, 408L, 409L, 410L, 
        411L, 412L, 413L, 414L, 415L, 416L, 417L, 418L, 419L, 
        420L, 421L, 422L, 423L, 424L, 425L, 426L, 427L, 428L, 
        429L, 430L, 431L, 432L, 433L, 434L, 435L, 436L, 437L, 
        438L, 439L, 440L, 441L, 442L, 443L, 444L, 445L, 446L, 
        447L, 448L, 449L, 450L, 451L, 452L, 453L, 454L, 455L, 
        456L, 457L, 458L, 459L, 460L, 461L, 462L, 463L, 464L, 
        465L, 466L, 467L, 468L, 469L, 470L, 471L, 472L, 473L, 
        474L, 475L, 476L, 477L, 478L, 479L, 480L, 481L, 482L, 
        483L, 484L, 485L, 486L, 487L, 488L, 489L, 490L, 491L, 
        492L, 493L, 494L, 495L, 496L, 497L, 498L, 499L, 500L, 
        501L, 502L, 503L, 504L, 505L, 506L, 507L, 508L, 509L, 
        510L, 511L, 512L, 513L, 514L, 515L, 516L, 517L, 518L, 
        519L, 520L, 521L, 522L, 523L, 524L, 525L, 526L, 527L, 
        528L, 529L, 530L, 531L, 532L, 533L, 534L, 535L, 536L, 
        537L, 538L, 539L, 540L, 541L, 542L, 543L, 544L, 545L, 
        546L, 547L, 548L, 549L, 550L, 551L, 552L, 553L, 554L, 
        555L, 556L, 557L, 558L, 559L, 560L, 561L, 562L, 563L, 
        564L, 565L, 566L, 567L, 568L, 569L, 570L, 571L, 572L, 
        573L, 574L, 575L, 576L, 577L, 578L, 579L, 580L, 581L, 
        582L, 583L, 584L, 585L, 586L, 587L, 588L, 589L, 590L, 
        591L, 592L, 593L, 594L, 595L, 596L, 597L, 598L, 599L, 
        600L, 601L, 602L, 603L, 604L, 605L, 606L, 607L, 608L, 
        609L, 610L, 611L, 612L, 613L, 614L, 615L, 616L, 617L, 
        618L, 619L, 620L, 621L, 622L, 623L, 624L, 625L, 626L, 
        627L, 628L, 629L, 630L, 631L, 632L, 633L, 634L, 635L, 
        636L, 637L, 638L, 639L, 640L, 641L, 642L, 643L, 644L, 
        645L, 646L, 647L, 648L, 649L, 650L, 651L, 652L, 653L, 
        654L, 655L, 656L, 657L, 658L, 659L, 660L, 661L, 662L, 
        663L, 664L, 665L, 666L, 667L, 668L, 669L, 670L, 671L, 
        672L, 673L, 674L, 675L, 676L, 677L, 678L, 679L, 680L, 
        681L, 682L, 683L, 684L, 685L, 686L, 687L, 688L, 689L, 
        690L, 691L, 692L, 693L, 694L, 695L, 696L, 697L, 698L, 
        699L, 700L, 701L, 702L, 703L, 704L, 705L, 706L, 707L, 
        708L, 709L, 710L, 711L, 712L, 713L, 714L, 715L, 716L, 
        717L, 718L, 719L, 720L, 721L, 722L, 723L, 724L, 725L, 
        726L, 727L, 728L, 729L, 730L, 731L, 732L, 733L, 734L, 
        735L, 736L, 737L, 738L, 739L, 740L, 741L, 742L, 743L, 
        744L, 745L, 746L, 747L, 748L, 749L, 750L, 751L, 752L, 
        753L, 754L, 755L, 756L, 757L, 758L, 759L, 760L, 761L, 
        762L, 763L, 764L, 765L, 766L, 767L, 768L, 769L, 770L, 
        771L, 772L, 773L, 774L, 775L, 776L, 777L, 778L, 779L, 
        780L, 781L, 782L, 783L, 784L, 785L, 786L, 787L, 788L, 
        789L, 790L, 791L, 792L, 793L, 794L, 795L, 796L, 797L, 
        798L, 799L, 800L, 801L, 802L, 803L, 804L, 805L, 806L, 
        807L, 808L, 809L, 810L, 811L, 812L, 813L, 814L, 815L, 
        816L, 817L, 818L, 819L, 820L, 821L, 822L, 823L, 824L, 
        825L, 826L, 827L, 828L, 829L, 830L, 831L, 832L, 833L, 
        834L, 835L, 836L, 837L, 838L, 839L, 840L, 841L, 842L, 
        843L, 844L, 845L, 846L, 847L, 848L, 849L, 850L, 851L, 
        852L, 853L, 854L, 855L, 856L, 857L, 858L, 859L, 860L, 
        861L, 862L, 863L, 864L, 865L, 866L, 867L, 868L, 869L, 
        870L, 871L, 872L, 873L, 874L, 875L, 876L, 877L, 878L, 
        879L, 880L, 881L, 882L, 883L, 884L, 885L, 886L, 887L, 
        888L, 889L, 890L, 891L, 892L, 893L, 894L, 895L, 896L, 
        897L, 898L, 899L, 900L, 901L, 902L, 903L, 904L, 905L, 
        906L, 907L, 908L, 909L, 910L, 911L, 912L, 913L, 914L, 
        915L, 916L, 917L, 918L, 919L, 920L, 921L, 922L, 923L, 
        924L, 925L, 926L, 927L, 928L, 929L, 930L, 931L, 932L, 
        933L, 934L, 935L, 936L, 937L, 938L, 939L, 940L, 941L, 
        942L, 943L, 944L, 945L, 946L, 947L, 948L, 949L, 950L, 
        951L, 952L, 953L, 954L, 955L, 956L, 957L, 958L, 959L, 
        960L, 961L, 962L, 963L, 964L, 965L, 966L, 967L, 968L, 
        969L, 970L, 971L, 972L, 973L, 974L, 975L, 976L, 977L, 
        978L, 979L, 980L, 981L, 982L, 983L, 984L, 985L, 986L, 
        987L, 988L, 989L, 990L, 991L, 992L, 993L, 994L, 995L, 
        996L, 997L, 998L, 999L, 1000L), u_mat_inds_all_y = c(1L, 
        1001L, 1003L, 1005L, 1007L, 1009L, 1011L, 1013L, 1015L, 
        1017L, 1019L, 1021L, 1023L, 1025L, 1027L, 1029L, 1031L, 
        1033L, 1035L, 1037L, 1039L, 1041L, 1043L, 1045L, 1047L, 
        1049L, 1051L, 1053L, 1055L, 1057L, 1059L, 1061L, 1063L, 
        1065L, 1067L, 1069L, 1071L, 1073L, 1075L, 1077L, 1079L, 
        1081L, 1083L, 1085L, 1087L, 1089L, 1091L, 1093L, 1095L, 
        1097L, 1099L, 1101L, 1103L, 1105L, 1107L, 1109L, 1111L, 
        1113L, 1115L, 1117L, 1119L, 1121L, 1123L, 1125L, 1127L, 
        1129L, 1131L, 1133L, 1135L, 1137L, 1139L, 1141L, 1143L, 
        1145L, 1147L, 1149L, 1151L, 1153L, 1155L, 1157L, 1159L, 
        1161L, 1163L, 1165L, 1167L, 1169L, 1171L, 1173L, 1175L, 
        1177L, 1179L, 1181L, 1183L, 1185L, 1187L, 1189L, 1191L, 
        1193L, 1195L, 1197L, 1199L, 1201L, 1203L, 1205L, 1207L, 
        1209L, 1211L, 1213L, 1215L, 1217L, 1219L, 1221L, 1223L, 
        1225L, 1227L, 1229L, 1231L, 1233L, 1235L, 1237L, 1239L, 
        1241L, 1243L, 1245L, 1247L, 1249L, 1251L, 1253L, 1255L, 
        1257L, 1259L, 1261L, 1263L, 1265L, 1267L, 1269L, 1271L, 
        1273L, 1275L, 1277L, 1279L, 1281L, 1283L, 1285L, 1287L, 
        1289L, 1291L, 1293L, 1295L, 1297L, 1299L, 1301L, 1303L, 
        1305L, 1307L, 1309L, 1311L, 1313L, 1315L, 1317L, 1319L, 
        1321L, 1323L, 1325L, 1327L, 1329L, 1331L, 1333L, 1335L, 
        1337L, 1339L, 1341L, 1343L, 1345L, 1347L, 1349L, 1351L, 
        1353L, 1355L, 1357L, 1359L, 1361L, 1363L, 1365L, 1367L, 
        1369L, 1371L, 1373L, 1375L, 1377L, 1379L, 1381L, 1383L, 
        1385L, 1387L, 1389L, 1391L, 1393L, 1395L, 1397L, 1399L, 
        1401L, 1403L, 1405L, 1407L, 1409L, 1411L, 1413L, 1415L, 
        1417L, 1419L, 1421L, 1423L, 1425L, 1427L, 1429L, 1431L, 
        1433L, 1435L, 1437L, 1439L, 1441L, 1443L, 1445L, 1447L, 
        1449L, 1451L, 1453L, 1455L, 1457L, 1459L, 1461L, 1463L, 
        1465L, 1467L, 1469L, 1471L, 1473L, 1475L, 1477L, 1479L, 
        1481L, 1483L, 1485L, 1487L, 1489L, 1491L, 1493L, 1495L, 
        1497L, 1499L, 1501L, 1503L, 1505L, 1507L, 1509L, 1511L, 
        1513L, 1515L, 1517L, 1519L, 1521L, 1523L, 1525L, 1527L, 
        1529L, 1531L, 1533L, 1535L, 1537L, 1539L, 1541L, 1543L, 
        1545L, 1547L, 1549L, 1551L, 1553L, 1555L, 1557L, 1559L, 
        1561L, 1563L, 1565L, 1567L, 1569L, 1571L, 1573L, 1575L, 
        1577L, 1579L, 1581L, 1583L, 1585L, 1587L, 1589L, 1591L, 
        1593L, 1595L, 1597L, 1599L, 1601L, 1603L, 1605L, 1607L, 
        1609L, 1611L, 1613L, 1615L, 1617L, 1619L, 1621L, 1623L, 
        1625L, 1627L, 1629L, 1631L, 1633L, 1635L, 1637L, 1639L, 
        1641L, 1643L, 1645L, 1647L, 1649L, 1651L, 1653L, 1655L, 
        1657L, 1659L, 1661L, 1663L, 1665L, 1667L, 1669L, 1671L, 
        1673L, 1675L, 1677L, 1679L, 1681L, 1683L, 1685L, 1687L, 
        1689L, 1691L, 1693L, 1695L, 1697L, 1699L, 1701L, 1703L, 
        1705L, 1707L, 1709L, 1711L, 1713L, 1715L, 1717L, 1719L, 
        1721L, 1723L, 1725L, 1727L, 1729L, 1731L, 1733L, 1735L, 
        1737L, 1739L, 1741L, 1743L, 1745L, 1747L, 1749L, 1751L, 
        1753L, 1755L, 1757L, 1759L, 1761L, 1763L, 1765L, 1767L, 
        1769L, 1771L, 1773L, 1775L, 1777L, 1779L, 1781L, 1783L, 
        1785L, 1787L, 1789L, 1791L, 1793L, 1795L, 1797L, 1799L, 
        1801L, 1803L, 1805L, 1807L, 1809L, 1811L, 1813L, 1815L, 
        1817L, 1819L, 1821L, 1823L, 1825L, 1827L, 1829L, 1831L, 
        1833L, 1835L, 1837L, 1839L, 1841L, 1843L, 1845L, 1847L, 
        1849L, 1851L, 1853L, 1855L, 1857L, 1859L, 1861L, 1863L, 
        1865L, 1867L, 1869L, 1871L, 1873L, 1875L, 1877L, 1879L, 
        1881L, 1883L, 1885L, 1887L, 1889L, 1891L, 1893L, 1895L, 
        1897L, 1899L, 1901L, 1903L, 1905L, 1907L, 1909L, 1911L, 
        1913L, 1915L, 1917L, 1919L, 1921L, 1923L, 1925L, 1927L, 
        1929L, 1931L, 1933L, 1935L, 1937L, 1939L, 1941L, 1943L, 
        1945L, 1947L, 1949L, 1951L, 1953L, 1955L, 1957L, 1959L, 
        1961L, 1963L, 1965L, 1967L, 1969L, 1971L, 1973L, 1975L, 
        1977L, 1979L, 1981L, 1983L, 1985L, 1987L, 1989L, 1991L, 
        1993L, 1995L, 1997L, 1999L), lm_time_grid = 1, n_lm_time_grid = 1L), 
    init = function () 
    values_initial_expanded)`: unused argument (exe_file = "/tmp/RtmpcfZE6k/Survival_Exponential_No_Covariates")
Backtrace:
    x
 1. +-jmpost::sampleStanModel(...) at test-SurvivalExponential.R:42:4
 2. \-jmpost::sampleStanModel(...)
 3.   \-jmpost (local) .local(object, ..., exe_dir = exe_dir)
 4.     \-base::do.call(model$sample, args)</error>
    </testcase>
    <testcase time="2.17800000000001" classname="SurvivalExponential" name="SurvivalExponential_can_recover_true_parameter_including_covariates_">
      <error type="error" message="Error in `(function (data = NULL, seed = NULL, refresh = NULL, init = NULL,  ('test-SurvivalExponential.R:99:5')">Error in `(function (data = NULL, seed = NULL, refresh = NULL, init = NULL, 
    save_latent_dynamics = FALSE, output_dir = NULL, output_basename = NULL, 
    sig_figs = NULL, chains = 4, parallel_chains = getOption("mc.cores", 
        1), chain_ids = seq_len(chains), threads_per_chain = NULL, 
    opencl_ids = NULL, iter_warmup = NULL, iter_sampling = NULL, 
    save_warmup = FALSE, thin = NULL, max_treedepth = NULL, adapt_engaged = TRUE, 
    adapt_delta = NULL, step_size = NULL, metric = NULL, metric_file = NULL, 
    inv_metric = NULL, init_buffer = NULL, term_buffer = NULL, 
    window = NULL, fixed_param = FALSE, show_messages = TRUE, 
    show_exceptions = TRUE, diagnostics = c("divergences", "treedepth", 
        "ebfmi"), cores = NULL, num_cores = NULL, num_chains = NULL, 
    num_warmup = NULL, num_samples = NULL, validate_csv = NULL, 
    save_extra_diagnostics = NULL, max_depth = NULL, stepsize = NULL) 
{
    if (!is.null(cores)) {
        warning("'cores' is deprecated. Please use 'parallel_chains' instead.")
        parallel_chains &lt;- cores
    }
    if (!is.null(num_cores)) {
        warning("'num_cores' is deprecated. Please use 'parallel_chains' instead.")
        parallel_chains &lt;- num_cores
    }
    if (!is.null(num_chains)) {
        warning("'num_chains' is deprecated. Please use 'chains' instead.")
        chains &lt;- num_chains
    }
    if (!is.null(num_warmup)) {
        warning("'num_warmup' is deprecated. Please use 'iter_warmup' instead.")
        iter_warmup &lt;- num_warmup
    }
    if (!is.null(num_samples)) {
        warning("'num_samples' is deprecated. Please use 'iter_sampling' instead.")
        iter_sampling &lt;- num_samples
    }
    if (!is.null(max_depth)) {
        warning("'max_depth' is deprecated. Please use 'max_treedepth' instead.")
        max_treedepth &lt;- max_depth
    }
    if (!is.null(stepsize)) {
        warning("'stepsize' is deprecated. Please use 'step_size' instead.")
        step_size &lt;- stepsize
    }
    if (!is.null(save_extra_diagnostics)) {
        warning("'save_extra_diagnostics' is deprecated. Please use 'save_latent_dynamics' instead.")
        save_latent_dynamics &lt;- save_extra_diagnostics
    }
    if (!is.null(validate_csv)) {
        warning("'validate_csv' is deprecated. Please use 'diagnostics' instead.")
        if (is.logical(validate_csv)) {
            if (validate_csv) {
                diagnostics &lt;- c("divergences", "treedepth", 
                  "ebfmi")
            }
            else {
                diagnostics &lt;- NULL
            }
        }
    }
    if (cmdstan_version() &gt;= "2.27.0" &amp;&amp; !fixed_param) {
        if (self$has_stan_file() &amp;&amp; file.exists(self$stan_file())) {
            if (!is.null(self$variables()) &amp;&amp; length(self$variables()$parameters) == 
                0) {
                stop("Model contains no parameters. Please use 'fixed_param = TRUE'.", 
                  call. = FALSE)
            }
        }
    }
    if (fixed_param) {
        save_warmup &lt;- FALSE
    }
    procs &lt;- CmdStanMCMCProcs$new(num_procs = checkmate::assert_integerish(chains, 
        lower = 1, len = 1), parallel_procs = checkmate::assert_integerish(parallel_chains, 
        lower = 1, null.ok = TRUE), threads_per_proc = assert_valid_threads(threads_per_chain, 
        self$cpp_options(), multiple_chains = TRUE), show_stderr_messages = show_exceptions, 
        show_stdout_messages = show_messages)
    model_variables &lt;- NULL
    if (is_variables_method_supported(self)) {
        model_variables &lt;- self$variables()
    }
    sample_args &lt;- SampleArgs$new(iter_warmup = iter_warmup, 
        iter_sampling = iter_sampling, save_warmup = save_warmup, 
        thin = thin, max_treedepth = max_treedepth, adapt_engaged = adapt_engaged, 
        adapt_delta = adapt_delta, step_size = step_size, metric = metric, 
        metric_file = metric_file, inv_metric = inv_metric, init_buffer = init_buffer, 
        term_buffer = term_buffer, window = window, fixed_param = fixed_param, 
        diagnostics = diagnostics)
    args &lt;- CmdStanArgs$new(method_args = sample_args, stan_file = self$stan_file(), 
        stan_code = suppressWarnings(self$code()), model_methods_env = private$model_methods_env_, 
        standalone_env = self$functions, model_name = self$model_name(), 
        exe_file = self$exe_file(), proc_ids = checkmate::assert_integerish(chain_ids, 
            lower = 1, len = chains, unique = TRUE, null.ok = FALSE), 
        data_file = process_data(data, model_variables), save_latent_dynamics = save_latent_dynamics, 
        seed = seed, init = init, refresh = refresh, output_dir = output_dir, 
        output_basename = output_basename, sig_figs = sig_figs, 
        opencl_ids = assert_valid_opencl(opencl_ids, self$cpp_options()), 
        model_variables = model_variables)
    runset &lt;- CmdStanRun$new(args, procs)
    runset$run_cmdstan()
    CmdStanMCMC$new(runset)
})(iter_sampling = 300, iter_warmup = 300, chains = 1, parallel_chains = 1, 
    exe_file = "/tmp/RtmpcfZE6k/Survival_Exponential_With_Covariates", 
    data = list(Nind = 500L, Nind_dead = 493, dead_ind_index = c(1L, 
    2L, 3L, 4L, 5L, 6L, 7L, 8L, 9L, 10L, 11L, 12L, 13L, 14L, 
    15L, 16L, 17L, 18L, 19L, 20L, 21L, 22L, 23L, 24L, 25L, 26L, 
    27L, 28L, 29L, 30L, 31L, 32L, 33L, 34L, 35L, 36L, 37L, 38L, 
    39L, 40L, 41L, 42L, 43L, 44L, 45L, 46L, 47L, 48L, 49L, 50L, 
    51L, 52L, 53L, 54L, 55L, 56L, 57L, 58L, 59L, 60L, 61L, 62L, 
    63L, 64L, 65L, 66L, 67L, 68L, 69L, 70L, 71L, 72L, 73L, 74L, 
    75L, 76L, 77L, 78L, 79L, 80L, 81L, 82L, 83L, 84L, 85L, 86L, 
    87L, 88L, 89L, 90L, 91L, 92L, 93L, 94L, 95L, 96L, 97L, 98L, 
    99L, 101L, 102L, 103L, 104L, 105L, 106L, 107L, 108L, 109L, 
    110L, 111L, 112L, 113L, 114L, 115L, 116L, 117L, 119L, 120L, 
    121L, 122L, 123L, 124L, 125L, 126L, 127L, 128L, 129L, 130L, 
    131L, 132L, 133L, 134L, 135L, 136L, 137L, 138L, 139L, 140L, 
    141L, 142L, 143L, 144L, 145L, 146L, 147L, 148L, 149L, 150L, 
    151L, 152L, 153L, 154L, 155L, 156L, 157L, 158L, 159L, 160L, 
    161L, 162L, 163L, 164L, 166L, 167L, 168L, 169L, 171L, 172L, 
    173L, 174L, 175L, 176L, 177L, 178L, 179L, 180L, 181L, 182L, 
    183L, 184L, 185L, 186L, 187L, 188L, 189L, 190L, 191L, 192L, 
    193L, 194L, 195L, 196L, 197L, 198L, 199L, 200L, 201L, 202L, 
    203L, 204L, 205L, 206L, 207L, 208L, 209L, 210L, 211L, 212L, 
    213L, 214L, 215L, 216L, 217L, 218L, 219L, 220L, 221L, 222L, 
    223L, 224L, 225L, 226L, 227L, 228L, 229L, 230L, 232L, 233L, 
    234L, 235L, 236L, 237L, 238L, 239L, 240L, 241L, 242L, 243L, 
    244L, 245L, 246L, 247L, 248L, 249L, 250L, 251L, 252L, 253L, 
    254L, 255L, 256L, 257L, 258L, 259L, 260L, 261L, 262L, 263L, 
    264L, 265L, 266L, 267L, 268L, 269L, 270L, 271L, 272L, 273L, 
    274L, 275L, 276L, 277L, 278L, 279L, 280L, 281L, 282L, 283L, 
    284L, 285L, 286L, 287L, 288L, 289L, 290L, 291L, 292L, 293L, 
    294L, 295L, 296L, 297L, 298L, 299L, 300L, 301L, 302L, 303L, 
    304L, 305L, 306L, 307L, 308L, 309L, 310L, 311L, 312L, 313L, 
    314L, 315L, 316L, 317L, 318L, 319L, 320L, 321L, 322L, 323L, 
    324L, 325L, 326L, 327L, 328L, 329L, 330L, 331L, 332L, 333L, 
    334L, 335L, 336L, 337L, 338L, 339L, 340L, 341L, 342L, 343L, 
    344L, 345L, 346L, 347L, 348L, 349L, 350L, 351L, 352L, 353L, 
    354L, 355L, 356L, 357L, 358L, 359L, 360L, 361L, 362L, 363L, 
    364L, 365L, 366L, 367L, 368L, 369L, 370L, 371L, 372L, 373L, 
    374L, 375L, 376L, 377L, 378L, 379L, 380L, 381L, 382L, 383L, 
    384L, 385L, 386L, 387L, 388L, 389L, 390L, 391L, 392L, 393L, 
    394L, 395L, 396L, 397L, 398L, 399L, 400L, 401L, 402L, 403L, 
    404L, 405L, 406L, 407L, 408L, 409L, 410L, 411L, 412L, 413L, 
    414L, 415L, 416L, 417L, 418L, 419L, 420L, 421L, 422L, 423L, 
    424L, 425L, 426L, 427L, 428L, 429L, 430L, 431L, 432L, 433L, 
    434L, 435L, 436L, 437L, 438L, 439L, 440L, 441L, 442L, 443L, 
    444L, 445L, 446L, 447L, 448L, 449L, 450L, 451L, 452L, 453L, 
    454L, 455L, 456L, 457L, 458L, 459L, 460L, 461L, 462L, 463L, 
    464L, 465L, 466L, 468L, 469L, 470L, 471L, 472L, 473L, 474L, 
    475L, 476L, 477L, 478L, 479L, 480L, 481L, 482L, 483L, 484L, 
    485L, 486L, 487L, 488L, 489L, 491L, 492L, 493L, 494L, 495L, 
    496L, 497L, 498L, 499L, 500L), Times = c(23, 41, 4.5, 3, 
    45.5, 181.5, 131.5, 18, 205, 51, 124.5, 45.5, 124.5, 93.5, 
    1, 62.5, 2.5, 11, 9, 23, 26, 8, 52.5, 26, 51.5, 9, 73.5, 
    212.5, 57, 57, 129, 84, 84, 39, 289, 39.5, 156.5, 103, 125.5, 
    65.5, 2.5, 58.5, 93.5, 37.5, 32.5, 188.5, 13, 154.5, 74.5, 
    45.5, 1, 51.5, 89.5, 2.5, 5.5, 58, 19, 26, 105, 171.5, 207.5, 
    99, 13.5, 81, 13, 2, 105, 14.5, 26.5, 26, 87.5, 157, 187, 
    42.5, 5, 57, 9.5, 23, 139.5, 25, 2, 170, 44.5, 155, 16.5, 
    255.5, 65.5, 38.5, 16, 18, 1, 12, 41, 1, 18, 9.5, 208, 31, 
    90, 65.935944766919, 2.5, 39, 2, 16, 71.5, 97, 120, 159, 
    66.5, 6, 79.5, 83, 79, 102, 69.5, 301, 16.5, 21.886030821852, 
    158, 288.5, 4, 106, 77.5, 80, 288.5, 37.5, 1.5, 199, 47.5, 
    90, 93.5, 17, 255, 8, 1, 50.5, 270, 220, 97, 183.5, 30.5, 
    264, 45, 34.5, 54.5, 3, 119, 4.5, 17, 186, 4, 7, 120.5, 12.5, 
    23.5, 47.5, 41, 5, 160, 13, 58, 142, 19.5, 25.5, 106.732183601707, 
    72, 107.5, 55, 57, 26.8875989131629, 9, 179.5, 190, 138, 
    62.5, 509.5, 47, 7, 58.5, 24, 23, 1.5, 24.5, 17, 121.5, 56.5, 
    129, 21, 39, 80, 96, 188, 1, 189.5, 40.5, 30.5, 75, 213, 
    12.5, 1, 21.5, 171.5, 53.5, 186, 144.5, 81, 208, 314.5, 79, 
    78.5, 57, 45.5, 186.5, 27, 128.5, 1, 10.5, 25, 10.5, 14.5, 
    192, 2, 74, 3, 88, 120.5, 64.5, 80, 367.5, 122, 405.265449862183, 
    158.5, 5, 82, 34.5, 49, 56.5, 46.5, 69.5, 69.5, 1, 108.5, 
    187.5, 22, 89, 138.5, 45.5, 49.5, 156, 219, 121.5, 1.5, 6, 
    103, 40.5, 33.5, 101.5, 2, 67.5, 105, 90, 40.5, 106.5, 1, 
    99.5, 34.5, 42, 74, 19.5, 66, 53, 119, 112.5, 489.5, 18, 
    96, 54, 15.5, 93, 1, 32.5, 117, 55, 215.5, 76.5, 15, 160, 
    31, 283.5, 42.5, 22, 105.5, 96, 226, 124.5, 65.5, 42.5, 38.5, 
    217, 47.5, 3, 64.5, 1, 30.5, 23, 17, 275.5, 305, 50, 31.5, 
    29, 8, 60.5, 369.5, 135.5, 37, 57.5, 26, 152.5, 150, 37.5, 
    25.5, 88, 31, 4, 13.5, 50, 64, 62.5, 140, 49, 23, 161, 147.5, 
    22, 60, 70, 12, 71, 60.5, 1.5, 446, 3.5, 129.5, 95, 23, 73, 
    28, 15, 168.5, 203, 43.5, 102.5, 198, 42, 93, 67.5, 57.5, 
    17, 100.5, 220, 237.5, 31.5, 124.5, 156.5, 17.5, 47, 144, 
    104.5, 147, 28.5, 880, 17, 86.5, 13, 439.5, 141, 84.5, 130, 
    33, 5, 129, 89.5, 18.5, 99, 29, 8, 9, 273, 43, 56, 154, 6.5, 
    10, 85, 76.5, 15.5, 43, 158, 128, 67, 68, 145.5, 37, 94, 
    176.5, 12, 17.5, 160, 97, 190.5, 8, 301, 146.5, 14, 206.5, 
    108.5, 70, 121.5, 11.5, 161, 18, 35.5, 4.5, 184.5, 112.5, 
    146.5, 145, 146.5, 94, 18.5, 58.5, 28.5, 4.5, 1.5, 90, 67, 
    57.5, 358.5, 1, 100.5, 46, 238, 20, 55, 153, 68.5, 10.5, 
    59, 67.5, 135, 2, 210.5, 40, 16, 80.5, 25, 33, 56, 73.5, 
    2.5, 381.5, 5.5, 3, 336, 18.5, 46.1321761831641, 365.5, 72, 
    100, 36.5, 55.5, 115, 22.5, 211.5, 94, 78, 71.5, 106, 153.5, 
    22.5, 96.5, 81.5, 50.5, 77.5, 295, 20.5, 67, 63.5, 138.360936737041, 
    35, 157, 59, 1, 59, 63.5, 1.5, 36.5, 1, 13), p_os_cov_design = 3L, 
        os_cov_design = structure(c(0, 0, 1, 0, 1, 0, 0, 0, 0, 
        1, 0, 1, 0, 0, 0, 1, 0, 0, 0, 0, 0, 0, 0, 1, 0, 0, 0, 
        1, 0, 0, 0, 0, 1, 1, 0, 1, 1, 1, 0, 0, 0, 1, 1, 0, 1, 
        0, 0, 0, 1, 0, 0, 0, 1, 0, 0, 1, 1, 0, 0, 0, 0, 1, 1, 
        0, 1, 0, 1, 1, 0, 0, 1, 1, 0, 0, 1, 0, 0, 0, 1, 0, 0, 
        0, 0, 0, 1, 0, 0, 0, 1, 1, 1, 1, 0, 0, 0, 1, 0, 1, 0, 
        0, 1, 1, 0, 1, 0, 0, 0, 0, 0, 0, 1, 0, 0, 0, 0, 0, 0, 
        0, 0, 0, 0, 0, 0, 1, 1, 0, 0, 0, 0, 0, 0, 0, 0, 1, 0, 
        0, 0, 0, 0, 0, 0, 0, 1, 0, 1, 0, 1, 0, 0, 1, 1, 0, 0, 
        0, 1, 0, 0, 0, 1, 0, 0, 0, 0, 0, 1, 1, 0, 0, 1, 0, 1, 
        1, 0, 0, 1, 0, 0, 0, 0, 0, 0, 1, 1, 1, 0, 1, 0, 0, 0, 
        0, 0, 0, 0, 0, 0, 1, 0, 0, 0, 1, 1, 1, 0, 1, 1, 0, 0, 
        0, 1, 0, 0, 0, 0, 0, 0, 1, 0, 0, 1, 1, 1, 1, 1, 1, 0, 
        0, 0, 0, 0, 0, 0, 0, 1, 0, 1, 1, 1, 0, 0, 1, 0, 1, 1, 
        1, 0, 0, 0, 0, 0, 0, 1, 1, 0, 1, 0, 1, 0, 0, 0, 0, 0, 
        1, 0, 0, 0, 0, 0, 0, 0, 0, 0, 0, 1, 0, 1, 0, 0, 1, 1, 
        0, 1, 0, 1, 0, 0, 1, 0, 0, 0, 0, 0, 0, 0, 0, 0, 0, 0, 
        0, 0, 1, 1, 1, 0, 0, 0, 1, 0, 0, 0, 1, 0, 0, 0, 0, 1, 
        1, 0, 1, 0, 0, 0, 0, 1, 0, 0, 0, 0, 1, 0, 1, 1, 0, 1, 
        1, 0, 1, 0, 0, 0, 0, 1, 0, 1, 1, 0, 1, 0, 0, 1, 0, 0, 
        1, 0, 0, 0, 0, 0, 1, 0, 1, 1, 0, 1, 0, 1, 0, 1, 0, 0, 
        1, 0, 0, 1, 0, 1, 0, 1, 0, 0, 1, 0, 1, 0, 1, 0, 0, 0, 
        1, 0, 1, 1, 0, 1, 1, 1, 0, 1, 0, 0, 0, 0, 0, 0, 0, 0, 
        0, 0, 0, 0, 0, 0, 1, 0, 0, 1, 0, 0, 0, 0, 0, 0, 1, 1, 
        0, 0, 0, 0, 0, 0, 0, 0, 0, 0, 1, 1, 0, 0, 0, 0, 1, 0, 
        0, 0, 1, 0, 0, 1, 1, 0, 0, 1, 0, 0, 0, 1, 0, 1, 1, 0, 
        1, 0, 1, 1, 0, 0, 1, 0, 0, 0, 0, 0, 0, 0, 0, 0, 1, 1, 
        0, 0, 0, 0, 1, 0, 0, 0, 0, 0, 1, 1, 1, 0, 0, 1, 0, 0, 
        0, 1, 0, 0, 0, 0, 0, 0, 0, 0, 1, 1, 1, 0, 0, 1, 0, 1, 
        0, 1, 0, 1, 1, 0, 0, 1, 0, 0, 0, 0, 0, 0, 0, 0, 0, 0, 
        1, 0, 0, 0, 0, 0, 0, 0, 1, 1, 0, 0, 0, 0, 1, 1, 1, 0, 
        1, 0, 0, 0, 0, 1, 0, 0, 1, 1, 0, 1, 0, 0, 1, 0, 0, 0, 
        0, 1, 0, 0, 0, 1, 0, 0, 0, 1, 0, 0, 0, 1, 1, 0, 1, 0, 
        0, 0, 0, 0, 0, 0, 0, 1, 1, 1, 0, 1, 0, 0, 1, 0, 0, 1, 
        0, 0, 1, 1, 1, 0, 1, 0, 0, 0, 1, 0, 0, 1, 1, 1, 0, 0, 
        0, 0, 0, 0, 1, 0, 1, 1, 0, 1, 0, 1, 0, 1, 0, 1, 0, 1, 
        1, 0, 1, 0, 1, 0, 0, 0, 0, 1, 0, 0, 0, 0, 1, 0, 1, 0, 
        1, 0, 1, 1, 1, 1, 0, 0, 0, 0, 1, 0, 0, 0, 0, 1, 1, 0, 
        0, 1, 0, 0, 1, 0, 0, 0, 0, 1, 0, 0, 1, 1, 1, 0, 0, 1, 
        1, 1, 0, 1, 1, 0, 0, 0, 0, 1, 0, 0, 0, 0, 1, 0, 1, 0, 
        0, 1, 0, 1, 0, 0, 1, 0, 0, 0, 0, 0, 0, 1, 1, 1, 1, 1, 
        1, 1, 1, 0, 1, 0, 0, 0, 1, 1, 0, 1, 0, 0, 0, 1, 0, 1, 
        0, 0, 1, 0, 0, 0, 0, 1, 0, 0, 1, 0, 1, 0, 0, 0, 1, 0, 
        1, 1, 1, 0, 0, 0, 0, 0, 1, 0, 1, 0, 0, 0, 1, 0, 1, 0, 
        0, 1, 0, 0, 0, 0, 0, 0, 0, 1, 1, 0, 0, 1, 1, 0, 0, 0, 
        0, 0, 1, 0, 0, 1, 1, 0, 0, 0, 0, 0, 0, 0, 0, 1, 0, 0, 
        0, 0, 0, 0, 1, 1, 1, 1, 0, 1, 0, 0, 1, 0, 0, 1, 0, 1, 
        0, 0, 1, 0, 1, 0, 0, 1, 0, 1, 1, 0, 0, 1, 0, 0, 1, 1, 
        1, 0, 0, 1, 0, 0, 0, 0, 1, 0, 0, 0, 1, 1, 0, 0, 0, 0, 
        0, 0, 1, 0, 1, 0, 0, 0, 0, 1, 0, 1, 1, 0, 0, 0, 0, 0, 
        1, 0, 0, 0, 0, 0, 0, 0, 1, 1, 0, 0, 0, 0, 0, 0, 1, 0, 
        1, 1, 0, 0, 1, 0, 1, 0, 1, 0, 0, 0, 0, 0, 0, 0, 1, 1, 
        0, 0, 1, 1, 0, 0, 0, 0, 1, 0, 0, 1, 0, 1, 1, 1, 0, 1, 
        0, 0, 0, 1, 1, 0, 0, 0, 1, 0, 1, 0, 0, 1, 0, 1, 0, 0, 
        0, 1, 0, 1, 0, 0, 0, 1, 1, 0, 0, 0, 0, 0, 1, 0, 0, 1, 
        0, 0, 0, 1, 1, 0, 0, 0, 0, 0, 0, 0, 1, 0, 1, 0, 0, 1, 
        1, 0.107836197595244, -0.873876755123572, 0.607138857972279, 
        1.30579762726955, -0.197367293390356, 0.510619263995199, 
        0.584617036536051, -0.67637507272615, 0.293326232882609, 
        0.227325292911496, 0.386483745378807, 0.817933726150435, 
        0.573590976974951, 0.428580640917533, -0.00137965726734003, 
        -0.834388941781999, 0.324651452131394, -0.918872237263016, 
        -1.55330123440335, 1.61850150092867, -0.411066863575977, 
        3.06481554096466, -0.56131020089424, -1.56681369724067, 
        2.02394272390986, -1.54135836401352, 1.72033340948139, 
        -1.02610157473286, -0.714935120336357, -1.17655220372056, 
        0.919734149678849, 0.0710386444738999, 0.101597836993943, 
        1.30698121530306, -0.900734488858533, -1.39661979408513, 
        0.383465043896804, 0.823311824321928, 1.25656148845259, 
        0.753058821422622, 1.13884352806802, 1.1519098080577, 
        -1.09668108652367, -1.23919881955634, -0.453139762466587, 
        -2.50146344918051, 1.82695327726535, -0.0924454090709344, 
        -0.100442488299127, -0.16738178248029, -1.87928853869109, 
        0.0239745509833275, 0.6028786222187, -0.211966719762152, 
        0.608885872132127, -0.209546886029507, -0.600174672052862, 
        3.80029477085089, 1.50816108635506, -0.209109578557257, 
        1.15639177777841, 0.138927254576059, -0.245109635831185, 
        0.262161816548588, 0.268687344573826, 0.11163232923838, 
        0.131871092646628, -0.494441366770222, 1.1179672054111, 
        -1.1523731401659, 0.628506568547176, 0.727665399648553, 
        0.0443992654185693, -0.625741524354945, 1.35202532519322, 
        -0.824496131743784, -0.475733325707858, -0.700773681323597, 
        0.145284473289512, 0.482907679740702, 1.77079437140602, 
        -0.743088863786279, 0.648997843185354, -0.463334843839225, 
        1.1851017615583, -1.03825628383976, 0.427463703260403, 
        0.963639925053389, -1.00233018125657, 1.53672644900177, 
        -1.21965554620339, 0.352824158283706, -0.0369374428451303, 
        1.73503486269424, 0.695259863134698, -0.637406546249881, 
        -0.0310564658915925, 0.22632457981512, 0.117897080052441, 
        -0.585624250609808, 0.17515155571137, -1.9493847360945, 
        0.115971158868743, -0.274135019121507, 0.599366390521947, 
        0.27318452283166, 1.49199993889656, 1.60071383395621, 
        0.493836158607272, 2.1135392268901, 0.478582636932114, 
        1.64810357565757, 0.449913247273462, 0.502601622001434, 
        1.63628252960863, -0.343626132375539, -0.313388782212923, 
        0.445414664011161, 0.832757403859957, -1.43436230368285, 
        0.382593792582544, 0.206726380108766, 1.13041808025758, 
        1.74127681102184, -0.705318206792165, -0.644927769282278, 
        -1.56366477844922, -1.01677210536771, 0.0335224769353347, 
        -0.395370396238937, 0.206305868001957, 0.0670181338219638, 
        -0.931596490262969, 0.958082416303708, 0.157485507118179, 
        -0.636407091857387, -0.464576771679184, 0.58323495443969, 
        1.69934711477989, -0.682267046343968, 0.706503133276837, 
        -1.15576984060923, 0.236004349914017, 0.136087431721988, 
        -0.113882198977439, 1.11022152101637, -0.426422378770118, 
        -0.0511445591589959, -0.138985654312165, 0.328332981107979, 
        -0.457675712898408, -0.118841005123399, -0.0783492297342812, 
        1.13724040740688, 1.17490796122061, -0.402861333806808, 
        0.44856523043098, -0.732982504738914, 0.853997296771042, 
        1.18129145080241, 0.374028033909375, 0.0543858570915137, 
        -0.365260090682864, 0.590402314539628, -1.71114982661643, 
        -0.581573730707445, -0.825577005275835, -0.0251372530395132, 
        0.776896773231249, -1.22696639824147, 0.412177225954906, 
        -0.116833277897226, -1.00218852692695, -0.579477730848964, 
        2.26691177099776, 0.0722718758317007, 0.847544410906904, 
        -0.558872392238817, -0.778891658714236, 1.21232800647063, 
        -0.891439428637992, -0.203700010873355, -2.01521543514985, 
        -1.2460018360341, -0.502865441831277, -0.058996109151371, 
        -0.514144307347453, 0.497342649579279, 1.18152029769414, 
        -1.38507382651831, 0.0815518260670921, 0.43431668707258, 
        -0.196767168625227, 0.00470917296362564, 1.70200843939619, 
        -1.38868347410523, 1.1003084053787, -1.16778921768351, 
        1.87112041459653, 1.62412074575682, 1.09939425907553, 
        -0.40894581675208, 0.417142683147628, -0.0955176947181093, 
        0.418679067505781, -0.497614768180026, -1.24090223278367, 
        0.149423211320648, 1.01580272214762, 0.291397508084579, 
        0.938494553386976, -1.4241022138242, -0.352629221468926, 
        1.43880097595294, -1.01470307908204, 1.09803979342377, 
        0.867105224376484, 1.06779278552896, 0.565108663778925, 
        -0.150101933439266, -1.91577237054023, 0.644546495820977, 
        0.495630443675262, -0.172021876557767, 0.73355056014782, 
        1.17406311007998, 0.300151849212716, 1.67865109026741, 
        -0.299406600866911, 0.601354727301058, 0.56947426484416, 
        0.671865799989925, 0.608562020875907, 0.340656833503816, 
        1.04625512433263, -0.57872527591039, 0.588880320963475, 
        0.357719895284512, 1.16308804804474, 0.884429516540539, 
        0.252717329092629, -0.0530386554540326, -1.29339977163158, 
        0.71388005050828, -1.22510467329714, 0.35943919901327, 
        -0.160029665383756, -0.178063761979701, -0.395404125125225, 
        -0.234185899908759, -2.16037381310425, -1.23194453808049, 
        -0.158405295650795, 0.0505182575011205, 0.202881101920931, 
        0.236731577042262, -1.90212570744448, 0.883850155389419, 
        0.654552816020295, 0.106357857542948, -1.32222014672501, 
        -1.03344840574834, -0.357681268187731, 1.41255310787497, 
        -0.702985086419866, 0.112789361764808, 0.557484323604605, 
        -0.173154995015475, 0.0530569718645835, -2.44605899365174, 
        -0.343825726341119, 0.662650510811687, -1.78040924009217, 
        0.0720334903223184, 0.376617250687661, 0.996372354664962, 
        -0.44381201395682, -0.169624412462792, 0.947106601586066, 
        1.3783759245725, 0.0878139323692291, -0.95377837454959, 
        1.642549605438, 0.487875967975379, -0.677846289361338, 
        2.04864629758333, 1.57963729224618, -0.245566308529045, 
        0.123338703286408, 0.866412508536917, -1.55256554250763, 
        0.434951621083332, 0.76697334490847, 0.0538426191783412, 
        -0.348208761546305, 0.906922246681196, -0.190385330868935, 
        1.41585102769581, -0.117092924938039, 0.951569447325637, 
        0.0777541193405037, -1.20928087265535, -0.13832637159617, 
        -0.220422069872827, 1.65361195322046, -0.487709448912449, 
        0.983586986568552, -2.18536538921837, 0.628222901977487, 
        0.174247654223992, 0.464020518125536, 2.36724659213994, 
        0.48619251474738, -0.63966116425464, 0.412359204282717, 
        0.312379179873895, 0.83088943882552, -0.669208175524527, 
        -1.5869101704273, 1.27276640747351, -0.408420731456491, 
        0.469541648057579, 0.994572730652084, -0.520550974548953, 
        -0.015015817084774, -0.143808962773431, -0.0169052859780745, 
        -0.371690889085295, 0.0990648889381015, 1.09263291660207, 
        -0.19164285991744, 2.13318893368866, -0.852075055925397, 
        0.640605731907035, -0.877459686514709, 0.68273368037151, 
        -0.99628819622998, 1.17405994654954, 1.14834216701764, 
        0.94570374410364, -1.98081192822372, -0.688595552061889, 
        -0.728705287225592, 0.0404622517188484, 0.651389556222101, 
        1.06700013875134, 0.097901425752502, 1.62036678448583, 
        -0.0111026826162091, -0.357030647932384, -0.0582293529867966, 
        0.0786543218845581, -0.382331007877579, -1.22049829329964, 
        0.718448661924749, -0.0417751856408535, -1.41009463179401, 
        0.840190304438509, -0.293552960051636, 0.15683408159396, 
        -0.521741736344505, 1.02986812094004, 0.712662011893831, 
        -2.46045022033894, -0.372374575793988, -1.49388838030973, 
        -1.13801575646071, 1.19598699700704, 0.18875358398587, 
        0.127098139520809, 1.00560868344546, -0.695011695491609, 
        -0.621425537512454, -0.0471457315277264, -0.386888557511972, 
        -0.341012323030648, 0.570789548244858, 0.402686560895928, 
        -0.222006601925866, 0.99596013683457, 0.981978070302631, 
        0.220112567998859, 0.691431210233786, -0.732459590721844, 
        -0.494586530663599, 0.0914894490349161, 0.909692133047213, 
        0.810996481106348, 0.125663584069777, 2.54276517298339, 
        -0.286484790104182, -1.86073058616033, 0.643935411851161, 
        0.748340087410207, 1.43698004073229, 1.31872740193121, 
        -0.416650730581954, 0.841449124787397, 0.0946630456245805, 
        0.365864890741776, -1.47938083363592, 0.67683429275753, 
        2.29658940446899, -2.18923850980981, 0.43126744660153, 
        -0.497322249505833, -1.22112009422422, -0.726957164230042, 
        -0.813519045096359, 0.44913191735344, 0.120750576228138, 
        0.00746942747100046, -0.275036140975394, -0.173489181049945, 
        -1.49569556454811, 0.551094839371503, -1.52392858346084, 
        0.666160286277492, -0.796500381208102, 0.0950963826668216, 
        0.0608829791245809, -0.653208257375209, -0.122621805932402, 
        0.0896664267573905, -2.22315863775148, 1.42143342241486, 
        0.719807051499485, -0.624815089515654, -1.29220034416518, 
        -0.470010799008893, -0.715274314198477, 0.583894254449449, 
        0.66116913460866, -0.0994064436812088, -0.666519736317545, 
        -0.29716607015113, -1.93065677454009, 0.0982291106220049, 
        -0.54306902480327, -1.61798898373062, 0.82123721149061, 
        -1.57803847350338, 1.73908555978423, 1.52179349742729, 
        -0.115510804345516, 2.86625877682296, -0.750546769775794, 
        -0.382044777984154, -0.951301030588457, -0.786538676022483, 
        0.139362876856362, -0.185580849931521, -0.965410730870268, 
        0.224509569814751, 1.30694518907951, 0.738989450594921, 
        -0.223830597804975, 0.322751162126536, 1.05871915479778, 
        0.112360805028637, -1.77838363562657, -0.211258542322487, 
        -0.220546197864235, -1.54861987282514, -0.318855255934576, 
        -1.51169386984189, 0.405787780451003, 1.47913002686865, 
        -0.75165263564737, 0.335619333659731, -0.439784501209113, 
        2.94925476191138, 0.387767724453074, 1.0132750219165, 
        0.188285651885262, -1.0109231636053, 0.804187288025627, 
        -1.54602582802596, -0.857381326828452, -0.306668357192746, 
        -0.443449309734043, -0.816143827806591, 0.425821967094214, 
        -0.931543098440251, -0.675216162785497, 0.890390423852339, 
        0.0962778774478836, 0.50433005323089, -2.03252084661734, 
        -1.19380109743387, -0.0337668731866093, -0.39831223728058, 
        0.495529641762676, 0.082976669212039, 1.3484160980182, 
        0.597878012888032, -0.880656333318525, -0.623444139235612, 
        -0.310876942859076, -0.190372877607729), dim = c(500L, 
        3L), dimnames = list(c("1", "2", "3", "4", "5", "6", 
        "7", "8", "9", "10", "11", "12", "13", "14", "15", "16", 
        "17", "18", "19", "20", "21", "22", "23", "24", "25", 
        "26", "27", "28", "29", "30", "31", "32", "33", "34", 
        "35", "36", "37", "38", "39", "40", "41", "42", "43", 
        "44", "45", "46", "47", "48", "49", "50", "51", "52", 
        "53", "54", "55", "56", "57", "58", "59", "60", "61", 
        "62", "63", "64", "65", "66", "67", "68", "69", "70", 
        "71", "72", "73", "74", "75", "76", "77", "78", "79", 
        "80", "81", "82", "83", "84", "85", "86", "87", "88", 
        "89", "90", "91", "92", "93", "94", "95", "96", "97", 
        "98", "99", "100", "101", "102", "103", "104", "105", 
        "106", "107", "108", "109", "110", "111", "112", "113", 
        "114", "115", "116", "117", "118", "119", "120", "121", 
        "122", "123", "124", "125", "126", "127", "128", "129", 
        "130", "131", "132", "133", "134", "135", "136", "137", 
        "138", "139", "140", "141", "142", "143", "144", "145", 
        "146", "147", "148", "149", "150", "151", "152", "153", 
        "154", "155", "156", "157", "158", "159", "160", "161", 
        "162", "163", "164", "165", "166", "167", "168", "169", 
        "170", "171", "172", "173", "174", "175", "176", "177", 
        "178", "179", "180", "181", "182", "183", "184", "185", 
        "186", "187", "188", "189", "190", "191", "192", "193", 
        "194", "195", "196", "197", "198", "199", "200", "201", 
        "202", "203", "204", "205", "206", "207", "208", "209", 
        "210", "211", "212", "213", "214", "215", "216", "217", 
        "218", "219", "220", "221", "222", "223", "224", "225", 
        "226", "227", "228", "229", "230", "231", "232", "233", 
        "234", "235", "236", "237", "238", "239", "240", "241", 
        "242", "243", "244", "245", "246", "247", "248", "249", 
        "250", "251", "252", "253", "254", "255", "256", "257", 
        "258", "259", "260", "261", "262", "263", "264", "265", 
        "266", "267", "268", "269", "270", "271", "272", "273", 
        "274", "275", "276", "277", "278", "279", "280", "281", 
        "282", "283", "284", "285", "286", "287", "288", "289", 
        "290", "291", "292", "293", "294", "295", "296", "297", 
        "298", "299", "300", "301", "302", "303", "304", "305", 
        "306", "307", "308", "309", "310", "311", "312", "313", 
        "314", "315", "316", "317", "318", "319", "320", "321", 
        "322", "323", "324", "325", "326", "327", "328", "329", 
        "330", "331", "332", "333", "334", "335", "336", "337", 
        "338", "339", "340", "341", "342", "343", "344", "345", 
        "346", "347", "348", "349", "350", "351", "352", "353", 
        "354", "355", "356", "357", "358", "359", "360", "361", 
        "362", "363", "364", "365", "366", "367", "368", "369", 
        "370", "371", "372", "373", "374", "375", "376", "377", 
        "378", "379", "380", "381", "382", "383", "384", "385", 
        "386", "387", "388", "389", "390", "391", "392", "393", 
        "394", "395", "396", "397", "398", "399", "400", "401", 
        "402", "403", "404", "405", "406", "407", "408", "409", 
        "410", "411", "412", "413", "414", "415", "416", "417", 
        "418", "419", "420", "421", "422", "423", "424", "425", 
        "426", "427", "428", "429", "430", "431", "432", "433", 
        "434", "435", "436", "437", "438", "439", "440", "441", 
        "442", "443", "444", "445", "446", "447", "448", "449", 
        "450", "451", "452", "453", "454", "455", "456", "457", 
        "458", "459", "460", "461", "462", "463", "464", "465", 
        "466", "467", "468", "469", "470", "471", "472", "473", 
        "474", "475", "476", "477", "478", "479", "480", "481", 
        "482", "483", "484", "485", "486", "487", "488", "489", 
        "490", "491", "492", "493", "494", "495", "496", "497", 
        "498", "499", "500"), c("cov_catB", "cov_catC", "cov_cont"
        ))), n_nodes = 15L, nodes = c(-0.987992518020485, -0.937273392400706, 
        -0.848206583410427, -0.72441773136017, -0.570972172608539, 
        -0.394151347077563, -0.201194093997434, 7.76897533334697e-17, 
        0.201194093997435, 0.394151347077563, 0.570972172608539, 
        0.72441773136017, 0.848206583410427, 0.937273392400706, 
        0.987992518020485), weights = c(0.0307532419961173, 0.0703660474881082, 
        0.107159220467172, 0.139570677926155, 0.166269205816994, 
        0.186161000015562, 0.198431485327112, 0.202578241925561, 
        0.19843148532711, 0.186161000015563, 0.166269205816993, 
        0.139570677926154, 0.107159220467173, 0.0703660474881077, 
        0.0307532419961179), study_index = c(1, 1, 1, 1, 1, 1, 
        1, 1, 1, 1, 1, 1, 1, 1, 1, 1, 1, 1, 1, 1, 1, 1, 1, 1, 
        1, 1, 1, 1, 1, 1, 1, 1, 1, 1, 1, 1, 1, 1, 1, 1, 1, 1, 
        1, 1, 1, 1, 1, 1, 1, 1, 1, 1, 1, 1, 1, 1, 1, 1, 1, 1, 
        1, 1, 1, 1, 1, 1, 1, 1, 1, 1, 1, 1, 1, 1, 1, 1, 1, 1, 
        1, 1, 1, 1, 1, 1, 1, 1, 1, 1, 1, 1, 1, 1, 1, 1, 1, 1, 
        1, 1, 1, 1, 1, 1, 1, 1, 1, 1, 1, 1, 1, 1, 1, 1, 1, 1, 
        1, 1, 1, 1, 1, 1, 1, 1, 1, 1, 1, 1, 1, 1, 1, 1, 1, 1, 
        1, 1, 1, 1, 1, 1, 1, 1, 1, 1, 1, 1, 1, 1, 1, 1, 1, 1, 
        1, 1, 1, 1, 1, 1, 1, 1, 1, 1, 1, 1, 1, 1, 1, 1, 1, 1, 
        1, 1, 1, 1, 1, 1, 1, 1, 1, 1, 1, 1, 1, 1, 1, 1, 1, 1, 
        1, 1, 1, 1, 1, 1, 1, 1, 1, 1, 1, 1, 1, 1, 1, 1, 1, 1, 
        1, 1, 1, 1, 1, 1, 1, 1, 1, 1, 1, 1, 1, 1, 1, 1, 1, 1, 
        1, 1, 1, 1, 1, 1, 1, 1, 1, 1, 1, 1, 1, 1, 1, 1, 1, 1, 
        1, 1, 1, 1, 1, 1, 1, 1, 1, 1, 1, 1, 1, 1, 1, 1, 1, 1, 
        1, 1, 1, 1, 1, 1, 1, 1, 1, 1, 1, 1, 1, 1, 1, 1, 1, 1, 
        1, 1, 1, 1, 1, 1, 1, 1, 1, 1, 1, 1, 1, 1, 1, 1, 1, 1, 
        1, 1, 1, 1, 1, 1, 1, 1, 1, 1, 1, 1, 1, 1, 1, 1, 1, 1, 
        1, 1, 1, 1, 1, 1, 1, 1, 1, 1, 1, 1, 1, 1, 1, 1, 1, 1, 
        1, 1, 1, 1, 1, 1, 1, 1, 1, 1, 1, 1, 1, 1, 1, 1, 1, 1, 
        1, 1, 1, 1, 1, 1, 1, 1, 1, 1, 1, 1, 1, 1, 1, 1, 1, 1, 
        1, 1, 1, 1, 1, 1, 1, 1, 1, 1, 1, 1, 1, 1, 1, 1, 1, 1, 
        1, 1, 1, 1, 1, 1, 1, 1, 1, 1, 1, 1, 1, 1, 1, 1, 1, 1, 
        1, 1, 1, 1, 1, 1, 1, 1, 1, 1, 1, 1, 1, 1, 1, 1, 1, 1, 
        1, 1, 1, 1, 1, 1, 1, 1, 1, 1, 1, 1, 1, 1, 1, 1, 1, 1, 
        1, 1, 1, 1, 1, 1, 1, 1, 1, 1, 1, 1, 1, 1, 1, 1, 1, 1, 
        1, 1, 1, 1, 1, 1, 1, 1, 1, 1, 1, 1, 1, 1, 1, 1, 1, 1, 
        1, 1, 1, 1, 1, 1, 1, 1, 1, 1, 1, 1, 1, 1, 1, 1, 1, 1, 
        1, 1, 1, 1, 1, 1, 1, 1), arm_index = c(1, 1, 1, 1, 1, 
        1, 1, 1, 1, 1, 1, 1, 1, 1, 1, 1, 1, 1, 1, 1, 1, 1, 1, 
        1, 1, 1, 1, 1, 1, 1, 1, 1, 1, 1, 1, 1, 1, 1, 1, 1, 1, 
        1, 1, 1, 1, 1, 1, 1, 1, 1, 1, 1, 1, 1, 1, 1, 1, 1, 1, 
        1, 1, 1, 1, 1, 1, 1, 1, 1, 1, 1, 1, 1, 1, 1, 1, 1, 1, 
        1, 1, 1, 1, 1, 1, 1, 1, 1, 1, 1, 1, 1, 1, 1, 1, 1, 1, 
        1, 1, 1, 1, 1, 1, 1, 1, 1, 1, 1, 1, 1, 1, 1, 1, 1, 1, 
        1, 1, 1, 1, 1, 1, 1, 1, 1, 1, 1, 1, 1, 1, 1, 1, 1, 1, 
        1, 1, 1, 1, 1, 1, 1, 1, 1, 1, 1, 1, 1, 1, 1, 1, 1, 1, 
        1, 1, 1, 1, 1, 1, 1, 1, 1, 1, 1, 1, 1, 1, 1, 1, 1, 1, 
        1, 1, 1, 1, 1, 1, 1, 1, 1, 1, 1, 1, 1, 1, 1, 1, 1, 1, 
        1, 1, 1, 1, 1, 1, 1, 1, 1, 1, 1, 1, 1, 1, 1, 1, 1, 1, 
        1, 1, 1, 1, 1, 1, 1, 1, 1, 1, 1, 1, 1, 1, 1, 1, 1, 1, 
        1, 1, 1, 1, 1, 1, 1, 1, 1, 1, 1, 1, 1, 1, 1, 1, 1, 1, 
        1, 1, 1, 1, 1, 1, 1, 1, 1, 1, 1, 1, 1, 1, 1, 1, 1, 1, 
        1, 1, 1, 1, 1, 1, 1, 1, 1, 1, 1, 1, 1, 1, 1, 1, 1, 1, 
        1, 1, 1, 1, 1, 1, 1, 1, 1, 1, 1, 1, 1, 1, 1, 1, 1, 1, 
        1, 1, 1, 1, 1, 1, 1, 1, 1, 1, 1, 1, 1, 1, 1, 1, 1, 1, 
        1, 1, 1, 1, 1, 1, 1, 1, 1, 1, 1, 1, 1, 1, 1, 1, 1, 1, 
        1, 1, 1, 1, 1, 1, 1, 1, 1, 1, 1, 1, 1, 1, 1, 1, 1, 1, 
        1, 1, 1, 1, 1, 1, 1, 1, 1, 1, 1, 1, 1, 1, 1, 1, 1, 1, 
        1, 1, 1, 1, 1, 1, 1, 1, 1, 1, 1, 1, 1, 1, 1, 1, 1, 1, 
        1, 1, 1, 1, 1, 1, 1, 1, 1, 1, 1, 1, 1, 1, 1, 1, 1, 1, 
        1, 1, 1, 1, 1, 1, 1, 1, 1, 1, 1, 1, 1, 1, 1, 1, 1, 1, 
        1, 1, 1, 1, 1, 1, 1, 1, 1, 1, 1, 1, 1, 1, 1, 1, 1, 1, 
        1, 1, 1, 1, 1, 1, 1, 1, 1, 1, 1, 1, 1, 1, 1, 1, 1, 1, 
        1, 1, 1, 1, 1, 1, 1, 1, 1, 1, 1, 1, 1, 1, 1, 1, 1, 1, 
        1, 1, 1, 1, 1, 1, 1, 1, 1, 1, 1, 1, 1, 1, 1, 1, 1, 1, 
        1, 1, 1, 1, 1, 1, 1, 1, 1), sm_time_grid = 1, n_sm_time_grid = 1L, 
        index_per_arm = c(1, 2, 3, 4, 5, 6, 7, 8, 9, 10, 11, 
        12, 13, 14, 15, 16, 17, 18, 19, 20, 21, 22, 23, 24, 25, 
        26, 27, 28, 29, 30, 31, 32, 33, 34, 35, 36, 37, 38, 39, 
        40, 41, 42, 43, 44, 45, 46, 47, 48, 49, 50, 51, 52, 53, 
        54, 55, 56, 57, 58, 59, 60, 61, 62, 63, 64, 65, 66, 67, 
        68, 69, 70, 71, 72, 73, 74, 75, 76, 77, 78, 79, 80, 81, 
        82, 83, 84, 85, 86, 87, 88, 89, 90, 91, 92, 93, 94, 95, 
        96, 97, 98, 99, 100, 101, 102, 103, 104, 105, 106, 107, 
        108, 109, 110, 111, 112, 113, 114, 115, 116, 117, 118, 
        119, 120, 121, 122, 123, 124, 125, 126, 127, 128, 129, 
        130, 131, 132, 133, 134, 135, 136, 137, 138, 139, 140, 
        141, 142, 143, 144, 145, 146, 147, 148, 149, 150, 151, 
        152, 153, 154, 155, 156, 157, 158, 159, 160, 161, 162, 
        163, 164, 165, 166, 167, 168, 169, 170, 171, 172, 173, 
        174, 175, 176, 177, 178, 179, 180, 181, 182, 183, 184, 
        185, 186, 187, 188, 189, 190, 191, 192, 193, 194, 195, 
        196, 197, 198, 199, 200, 201, 202, 203, 204, 205, 206, 
        207, 208, 209, 210, 211, 212, 213, 214, 215, 216, 217, 
        218, 219, 220, 221, 222, 223, 224, 225, 226, 227, 228, 
        229, 230, 231, 232, 233, 234, 235, 236, 237, 238, 239, 
        240, 241, 242, 243, 244, 245, 246, 247, 248, 249, 250, 
        251, 252, 253, 254, 255, 256, 257, 258, 259, 260, 261, 
        262, 263, 264, 265, 266, 267, 268, 269, 270, 271, 272, 
        273, 274, 275, 276, 277, 278, 279, 280, 281, 282, 283, 
        284, 285, 286, 287, 288, 289, 290, 291, 292, 293, 294, 
        295, 296, 297, 298, 299, 300, 301, 302, 303, 304, 305, 
        306, 307, 308, 309, 310, 311, 312, 313, 314, 315, 316, 
        317, 318, 319, 320, 321, 322, 323, 324, 325, 326, 327, 
        328, 329, 330, 331, 332, 333, 334, 335, 336, 337, 338, 
        339, 340, 341, 342, 343, 344, 345, 346, 347, 348, 349, 
        350, 351, 352, 353, 354, 355, 356, 357, 358, 359, 360, 
        361, 362, 363, 364, 365, 366, 367, 368, 369, 370, 371, 
        372, 373, 374, 375, 376, 377, 378, 379, 380, 381, 382, 
        383, 384, 385, 386, 387, 388, 389, 390, 391, 392, 393, 
        394, 395, 396, 397, 398, 399, 400, 401, 402, 403, 404, 
        405, 406, 407, 408, 409, 410, 411, 412, 413, 414, 415, 
        416, 417, 418, 419, 420, 421, 422, 423, 424, 425, 426, 
        427, 428, 429, 430, 431, 432, 433, 434, 435, 436, 437, 
        438, 439, 440, 441, 442, 443, 444, 445, 446, 447, 448, 
        449, 450, 451, 452, 453, 454, 455, 456, 457, 458, 459, 
        460, 461, 462, 463, 464, 465, 466, 467, 468, 469, 470, 
        471, 472, 473, 474, 475, 476, 477, 478, 479, 480, 481, 
        482, 483, 484, 485, 486, 487, 488, 489, 490, 491, 492, 
        493, 494, 495, 496, 497, 498, 499, 500), n_index_per_arm = 500, 
        n_arms = 1L, arm_to_study_index = 1, n_studies = 1L, 
        Nta_total = 1000L, Yobs = c(50.0239598846427, 54.8793838649405, 
        53.1300542964809, -82.138080264955, 49.9770471529858, 
        99.8286368058649, 50.5290646911618, 39.9197298877563, 
        52.7732083168584, 73.5263008373078, 50.7455955128924, 
        50.2497483550751, 50.7414721431206, 115.515684428081, 
        49.7695806457829, -29.8207251863516, 47.6952437604952, 
        -17.2544569570925, 54.4934860621089, 123.324162444311, 
        48.6782033474449, 19.666357585855, 48.4809386253161, 
        38.1990297580325, 49.6739474058756, 135.617399384646, 
        50.4790092677776, 201.007791491671, 47.109550632241, 
        28.1386680828054, 51.2727182374528, -38.0868581205997, 
        51.4593450615548, 178.219082893381, 53.7299865134216, 
        108.918045941905, 52.1520679546872, 138.953417015463, 
        52.0827547586486, 69.1687201638414, 52.2751373603146, 
        53.6692488717196, 53.5780556074225, 128.375913375083, 
        47.8843279948226, 63.5137791289758, 51.6662694260167, 
        84.2184879106075, 50.7387162120939, -39.7107257422214, 
        50.7754955749386, 76.9111216241214, 51.3074003545963, 
        8.44918278577475, 50.5210852622911, 62.4299835172709, 
        50.2009362811219, 25.7052742252811, 48.1700948504939, 
        91.2520320365067, 52.5748903333519, 23.3889683440926, 
        48.9899934159098, 34.339927173729, 53.3030618128503, 
        80.6610331353465, 52.2975020822371, 17.4659262940803, 
        52.1694969372079, 81.9736617964893, 48.7811100750976, 
        54.4291191252081, 49.7814228069775, 4.70363359771497, 
        48.5717134982794, 40.2653312125078, 49.820849555867, 
        5.86272585363936, 47.2475129351652, 39.534430284076, 
        52.3290443834143, 142.346697321596, 50.3196455574084, 
        54.6479638048093, 54.0735338415147, 121.468233037606, 
        52.5261993736926, 66.5616758816717, 51.1372915150415, 
        56.0379044890858, 48.079713226139, 103.307508504657, 
        51.3174831597871, 79.0677933072633, 48.7910537389558, 
        54.0001802008349, 47.5555921530452, 81.8975419519004, 
        52.4308553099116, 126.40333940156, 44.3131519808399, 
        78.145411701606, 52.0206387803369, 62.2861391151216, 
        47.6052393448615, 33.8994051153251, 50.3495877281462, 
        98.1371421723891, 47.2123883958674, -29.3383853885485, 
        50.4909089374063, 43.0610998113868, 48.4759551409293, 
        87.9404368087675, 50.6095854301606, 109.033905107388, 
        48.9603152459874, 50.6051416313887, 49.1522238075582, 
        -34.2114942188269, 48.36039763706, -24.4528322268216, 
        49.3840781540649, 71.2231671568772, 52.7035754584584, 
        142.608485666337, 45.6639125298291, 40.0084274367953, 
        48.0802179581504, -28.7450779738354, 50.7567573828378, 
        86.6058433815467, 50.078586280924, -41.7053452271592, 
        48.5242587481286, 138.153454830499, 48.5042297594902, 
        3.05216022443932, 51.2670083277949, 19.5365031211649, 
        50.1401105925996, 106.12583233698, 47.9082670010929, 
        16.4081860819522, 49.1110334728854, 51.7363448760323, 
        51.712239807332, -36.3454672756293, 53.0459773843643, 
        47.4871909453295, 49.2968210308575, 104.460504945663, 
        51.3212698106222, 36.384814407838, 48.96469215733, 90.0705199942606, 
        47.5763242845104, 48.0536389994681, 50.5369264222908, 
        -55.159209531261, 48.6240955468877, 14.0416214271277, 
        46.302367331738, 52.9050362837708, 47.7755049835991, 
        97.6388175052204, 49.9404440430528, 132.648794512719, 
        53.1972706514901, 40.1969263695397, 49.8650723516514, 
        96.4861276807489, 46.5377543609814, -37.5251683005687, 
        52.2706438235507, -10.6086934040022, 50.2176187112194, 
        186.544630847308, 52.8449275006354, -4.41481544195466, 
        49.0553427868823, 33.3562994254978, 43.9955273960041, 
        63.4938754463461, 52.8203598376319, 97.3231721066201, 
        50.0898213620635, 71.9103282330531, 46.0467237743795, 
        55.0246057206242, 52.7538877427006, 38.0156884946448, 
        49.4781607145785, -2.0296422760164, 48.5729120995942, 
        149.963503145611, 52.1948867674152, 91.7346723693755, 
        49.4030504711867, 76.4575662364036, 49.8695207822831, 
        -27.3306259463042, 44.3184587751766, 15.6801259401688, 
        49.7097577282147, 94.2287861390678, 47.0970385280209, 
        -36.5081165136568, 50.0251650569544, 26.5491413132941, 
        53.4795609769125, 29.3984254365356, 53.4359071903069, 
        -54.5644047599591, 48.7755533806518, 33.367487726394, 
        51.2431874515038, 52.4491935666866, 50.6424588795483, 
        36.1876239780175, 52.742134300156, 71.4814814731716, 
        52.3934940306348, 22.7800168840505, 47.257190979766, 
        52.2269558641499, 46.0008086226639, 43.8950830598344, 
        52.3431272221466, 69.1001794283151, 47.8426961340202, 
        89.9678744890525, 53.0143448456121, 49.0047497636812, 
        50.164115909507, 166.880991170564, 51.5359698627279, 
        -28.8572600895033, 46.5951330563428, 62.3845151204106, 
        47.627869655415, 44.8054932711094, 48.5991440719082, 
        49.5740318143093, 53.0359798233208, 42.401391264672, 
        46.3661379106558, 0.969342331418092, 52.416431042371, 
        -33.1408282223026, 47.3244987434105, -83.8868466682757, 
        48.0467738477403, 31.8285968946493, 46.8731621899071, 
        6.45838161721489, 50.3995302844427, 78.4968134402079, 
        46.1980512582785, 103.473202507138, 49.6691933586431, 
        96.9054333562992, 51.0807437549024, 151.557880544209, 
        50.0809846525062, 3.0627164291454, 51.4577137113501, 
        106.835032887842, 53.1637015256369, 173.620681151172, 
        55.4468979371131, 37.6357702783939, 48.8422442791713, 
        98.1999030982204, 47.7838927547205, 63.7823502221911, 
        52.3980917925531, 66.357998584979, 51.6334035383654, 
        78.6248606863361, 46.4117466447121, -36.809173873037, 
        52.3095983296004, 57.9945885667069, 47.3264656885353, 
        9.39938698857631, 53.7090712086024, 93.535636230449, 
        51.08793067463, 41.5681278497229, 52.0451922180467, 57.7413752915697, 
        54.7751595565331, 22.4394579531358, 45.9469164163965, 
        -19.5252973588767, 48.992362389229, 14.2930354228149, 
        52.1052296075557, 16.2676132378281, 51.2831791920445, 
        -53.0797946423245, 51.2286039459754, 75.8238160167324, 
        53.6151002953807, 38.8927050389885, 52.0166752312437, 
        68.4546170074297, 51.1838261617937, 28.259893547177, 
        52.1705041227371, 68.9377331023529, 49.9931865397987, 
        101.604543598096, 49.2407949122833, 79.1133277479665, 
        49.6890893878488, -14.0977008351723, 50.2093903205263, 
        60.9788112519615, 50.9293444825185, 24.9345530682605, 
        45.7293488419806, 43.2096710919833, 48.0337376250225, 
        53.0131447811362, 46.9826124442949, 25.1678762572002, 
        48.1193413648585, 59.943686651489, 49.7161263226689, 
        90.0935490124144, 52.2140762920575, 35.0098942959886, 
        52.5945746510303, 39.2555670488021, 50.0383020827519, 
        88.2728029458689, 51.7391940629439, 64.6614763689173, 
        52.2607121057976, 24.6358238648806, 50.7277316578548, 
        87.1761525831294, 50.683839716968, 1.66750264514909, 
        48.4889092599826, 47.570765163972, 51.4133444460352, 
        71.5431137947041, 51.6199029654892, 38.7547137522939, 
        49.7861142662895, 106.275162148728, 55.676910151284, 
        78.5870631345194, 54.5861339049522, 16.4808484160959, 
        47.8263429289287, 152.798040000562, 46.3722991145843, 
        105.102766705459, 48.0382663491783, 25.3376438725856, 
        50.0813311415449, 75.4352231887487, 47.2427223806401, 
        23.5261559158029, 48.0584892805694, 35.9733184120017, 
        51.2935587288669, 44.4100629458579, 47.4367827919749, 
        73.2624999907514, 52.2188901445995, 0.962126855397627, 
        51.8481451535406, 79.3072649643122, 51.6007287270835, 
        -15.2305335068133, 53.6919998280574, -34.2052099061365, 
        52.06334525781, 5.03647949518409, 51.6451965183364, 74.3052872034668, 
        54.039103774069, 28.9554213942111, 51.6721114504342, 
        85.5939869854312, 49.3189410313627, 75.024642532499, 
        51.8935749108415, 120.388983185076, 52.0878608204521, 
        77.9181505886301, 49.8643851499492, 56.1149072222697, 
        49.6130261856632, 82.9681512816446, 47.161450018077, 
        129.919644428533, 52.7738628510034, 95.7798394963156, 
        48.3545142532768, 30.5347879453862, 51.1984273825506, 
        13.844356725781, 51.3800620233545, 92.0855409523386, 
        48.3024947572652, 89.9535421551186, 51.7506101431121, 
        48.9366749280893, 52.2756677947035, 6.58986500849296, 
        51.0214390665857, 67.3506835612234, 48.9433731315441, 
        20.8560183179366, 51.6232968108431, 6.18713144986492, 
        49.7015606365627, 15.6717538451218, 51.8330558160128, 
        -12.4062315261676, 48.816842029119, 9.18188108040284, 
        52.2530431727341, -9.64078430613277, 52.1811203227852, 
        102.110400296712, 47.6066581456025, 10.7947864924558, 
        47.6132951417516, -58.1005446154552, 51.240749184359, 
        18.1848622953311, 49.2905313547491, 68.084904040451, 
        48.2045259843455, 48.2450280529609, 50.2482144082718, 
        71.2026041000065, 48.1270760526557, 33.5620261912831, 
        48.9057723387054, 34.4435135819044, 48.7308479353519, 
        70.5114175611194, 45.298729509497, -75.2549235936474, 
        48.2759601928803, 67.6380288256212, 53.5240695707273, 
        40.46920818976, 51.6850877095627, 124.062699421852, 48.0298360383699, 
        58.0244481774183, 50.3427306294136, 17.1753290790793, 
        47.4453284263475, -24.1605977340532, 45.8500423657085, 
        127.368327218931, 51.599428376947, 28.9864805734289, 
        53.4453185102395, 59.902619647817, 49.0250251748178, 
        29.0450506031258, 47.7738123865128, -8.44991344521785, 
        47.720680601372, 23.662233259557, 48.8587468795948, 22.5042444849184, 
        49.7819894164711, 21.8126434980018, 47.0100387073518, 
        -15.6148193810582, 53.4611235835704, 66.8210405540832, 
        51.0891990955025, 79.2515047068722, 48.9748030063867, 
        -1.5305845667529, 49.8957711882645, 52.7114792982526, 
        51.4598941145107, 100.897597102567, 50.0823063465325, 
        45.5574635601109, 52.722279487338, 83.3717709009536, 
        51.3740077805385, 6.76860342350977, 48.7838287008841, 
        71.3641177276484, 47.963789248004, 38.5124679778086, 
        49.2531843730986, 43.5234038265918, 50.5073706349335, 
        67.0561400338214, 49.5974699982016, 135.26054923667, 
        50.718461646566, 37.2440333952154, 49.6614258679564, 
        45.2889419769431, 50.6361191853729, 91.4551344782786, 
        52.999592144663, 77.5548717812049, 52.8175834379371, 
        86.3317991433728, 54.998570572033, 114.285787199598, 
        47.6932379526344, 5.25228594225001, 49.3191096837103, 
        97.7475689826146, 49.3971790252615, 54.5506171346473, 
        47.2857959339067, 69.8960629827315, 48.0720841274194, 
        -2.35965835221237, 49.0876510456353, -12.1720501920141, 
        49.9766790373385, 150.19521834291, 48.5348580686536, 
        37.4573903565525, 48.5751663852018, 85.6226771846074, 
        47.3625653785219, 58.7934732826643, 50.8822503092488, 
        94.255006286982, 51.51584023217, 74.5671538156842, 50.3957701363334, 
        19.8240124891463, 49.8238682549213, 66.532248795807, 
        50.6532798247796, -12.7716774907373, 52.3906441867688, 
        -9.76776884582096, 46.3191961749875, 53.1644241036712, 
        48.1019656527339, -26.3497638388059, 52.8125288241903, 
        68.3623444353929, 51.14276137093, 89.3364079994966, 50.331214396149, 
        146.117065444763, 52.0642296730701, 134.750151473016, 
        50.1629159193716, 58.3195680207106, 47.5204969096209, 
        105.57548166731, 49.0293242447435, 123.928132774308, 
        51.6951904917111, 59.4204633325101, 51.0283509284866, 
        66.0826989226944, 50.7437834875412, 134.797163180455, 
        45.7230566974168, 5.82540854518477, 48.9771112210227, 
        66.4264176541629, 51.1900336995523, 46.9856574500692, 
        47.6040941445459, 31.2735743787835, 47.6733144567708, 
        0.620548612706606, 49.7936383550525, 120.953778650918, 
        52.1059997068352, 91.8713579744887, 48.589395398941, 
        50.4127854553601, 47.7534972948127, -48.2615840861841, 
        47.8713808983905, 32.3202792338886, 50.5489801620954, 
        76.5034518739714, 48.5770000410707, 1.01663874470752, 
        50.4795829644387, 78.0657090637433, 49.5670138267957, 
        126.757600113857, 48.8400662790309, 18.2098611197821, 
        50.4792613279471, 58.0957988522584, 48.9373837928664, 
        8.81084304786749, 51.5853209477956, 60.8691057335704, 
        51.1039573575546, -7.12426219337252, 53.3651117416929, 
        -19.1728418733697, 50.130123284959, 60.1035246739462, 
        47.4406177932366, 109.926671674076, 56.1206851316317, 
        95.5777696564422, 49.6895815080225, 82.0165550533328, 
        53.291301746335, -59.8443354136308, 48.9885605219262, 
        6.58431482552125, 47.621748070168, 13.8738572255747, 
        50.6893024591526, 108.004332155336, 48.9969067191433, 
        58.2482932138624, 52.1896280485404, 91.5436417260897, 
        49.3214505502896, 47.289851677211, 45.823733960111, 16.2245306689338, 
        53.6908295143787, 65.490482975166, 48.3027580445919, 
        -59.7025633531565, 47.9004563705379, 59.0497564707526, 
        50.4797295391249, 37.1956241635524, 50.9423057346031, 
        77.0206745330654, 50.0879255068997, 34.4353315606237, 
        48.2336343690879, -42.4723146946234, 49.1533446112488, 
        29.6765538095382, 49.0727392612279, 46.69078453724, 51.5851160395247, 
        69.4660735936465, 49.37429887383, 67.4620628786011, 51.4974881042206, 
        87.0142792352412, 52.8586673397953, 146.201055663436, 
        48.9779264567502, 43.131943522976, 49.6609249634395, 
        81.9392215514822, 49.9430740943778, 25.6051913883936, 
        54.412473116101, 35.075935241236, 50.735535829253, 55.70057506295, 
        49.585485230054, 9.49714232606177, 49.1180102960613, 
        63.1607853509547, 47.2891772475284, 86.578472137649, 
        47.469039813472, -67.2038460609143, 47.2814541631321, 
        90.4702062887571, 50.2039623886566, -10.2163348030509, 
        49.9438582237976, 127.002074216094, 49.0856542510829, 
        110.883499341653, 48.9127865079106, 71.2224606033735, 
        54.0515441594062, 75.2508931993493, 48.2893911443154, 
        81.7692647903404, 51.9843564314392, 76.2234230269337, 
        50.5665366192803, 76.9280626433777, 48.5381920070014, 
        -1.92313931647643, 48.6009918228922, 57.4420932507361, 
        50.5519412503579, -47.757539701507, 54.9701536654411, 
        47.289688442805, 52.2907795325597, 44.4836598180354, 
        45.8029935973746, 30.1289554189933, 47.8089420819843, 
        17.4114695082512, 47.911944993313, 37.0201618352689, 
        50.1962593320735, 21.883747075842, 48.8067117232317, 
        85.9335338630994, 50.1803700853818, 51.233859010904, 
        50.3859507987649, 131.553484172133, 51.4140272041501, 
        43.1487602495264, 48.5574820054801, 83.7243493795305, 
        48.3566601424627, 54.8024493467003, 48.3944349745177, 
        40.8283692359212, 51.0389676052135, 0.793441109563804, 
        46.4953507053953, -4.40345036018449, 45.4454784655366, 
        10.0336468679167, 47.7278591626628, 28.5904777548892, 
        46.8617988926103, -14.7316065682079, 50.3872485704485, 
        32.8748887801105, 50.9329616306582, -7.09053930551654, 
        51.2898439665998, 35.3013964549904, 50.5558952657278, 
        -12.8128206027449, 49.5603920499961, 43.2979512802141, 
        50.9152134482312, 160.635820948978, 49.5995615447334, 
        22.6306505693869, 51.543274907548, 47.7007349571489, 
        49.222516773799, 24.4008220181775, 52.9453014502766, 
        -1.52837463753927, 46.3365831305302, 28.8651688092315, 
        47.7388497029121, 34.9512716651793, 49.1091204209836, 
        -7.84320545933185, 52.1070264724654, 97.7000836534241, 
        49.3502414316983, 36.3776728414356, 47.2435024266035, 
        19.0573818554041, 46.7850645309862, -9.42664312009457, 
        51.1386601761514, 23.3524134941891, 49.5901006298843, 
        69.5636959209918, 48.46920076878, 106.742304780697, 47.5642674705724, 
        56.6343737924648, 49.3810843320958, 117.874898354339, 
        48.8750116636001, 44.3866720058751, 50.3454196859547, 
        146.174275391826, 47.0672050819832, 30.2231863409836, 
        50.1716414111803, 37.7406983596007, 51.2273804239602, 
        32.3396218424295, 49.5469450825511, 167.197754963607, 
        50.1558842622733, 78.5991246027208, 52.2728977559791, 
        52.4209514532706, 45.9438295654587, 5.27924204078298, 
        47.5111385159352, 91.0572235788426, 49.8120492359942, 
        1.55835355319303, 53.0295891004375, 124.583602002108, 
        51.813058215152, 58.1102143807373, 51.1151469680795, 
        97.0713426905174, 50.7679127703803, -15.7891750628604, 
        50.8743022063847, 42.2948590623078, 49.3019865433633, 
        8.02904802920841, 48.3431591243547, 107.828093796478, 
        51.0462875278939, 66.9823770891072, 49.0870347000826, 
        74.5105033855695, 50.8119155929785, 75.162972254928, 
        49.5661351469909, 128.814225083584, 51.7670205884478, 
        71.696165682276, 50.2534323231377, -49.6748800471463, 
        48.4115916161212, 2.03999195451915, 49.0886195908057, 
        82.7289289778983, 49.082785881842, 55.5306319240069, 
        50.861459996071, 63.3952470970887, 50.8624267311383, 
        -31.2351896210013, 45.2695896725118, -21.1087599969819, 
        51.8053098814642, 31.7518525874846, 50.5963207062587, 
        61.1163150781402, 51.598160476254, 102.227394795811, 
        51.1753862938186, 42.1201909230248, 52.5886249574432, 
        49.7122951803704, 53.0532147993116, 70.8397374888903, 
        51.1707994340096, 49.7784759777404, 46.61758674814, 148.950013926292, 
        52.2724030652168, -6.86796497554963, 49.0257083764603, 
        32.9756790302434, 48.9667904683623, 46.3298561630775, 
        53.2557898939454, 35.7507923918448, 49.6773424021093, 
        73.6190735704048, 48.6996714880815, 24.6920297237252, 
        47.6286901688344, 50.286625917946, 49.7280864095522, 
        16.5402046288842, 50.8586171078022, -26.000894550164, 
        48.5898345559185, -9.77357620024251, 50.7072454623869, 
        51.3364080382304, 50.5413517730136, 27.1126794718352, 
        47.0571354685248, -61.2902683755315, 50.625304087087, 
        33.7849468385382, 48.2536001911954, -4.65472624675979, 
        48.8487186624519, 75.3806112590086, 50.134877051312, 
        -0.132705892579676, 55.6276410680409, 42.7009360365108, 
        50.0364152150911, 107.090653387518, 47.9291682082267, 
        -25.3433973259708, 49.0710732336522, 93.8861687935702, 
        50.5242201995277, 19.2084994221911, 51.050031827134, 
        43.5910743930228, 49.2546256234097, 59.6314553415405, 
        49.2093275339846, 11.0333154491747, 48.9498840825828, 
        27.3122968601817, 50.0565652749727, -7.46174249023338, 
        51.5350170793978, -40.8834731847412, 49.6914009248588, 
        75.329426944746, 50.4469979355966, 1.05404782969947, 
        50.4649422185862, 14.7302508358952, 48.8909144189711, 
        84.2794421636818, 51.3554328620799, 94.2214531882652, 
        52.2751647723155, 144.990314673792, 49.0191545077021, 
        17.4033275571511, 50.8823698005638, 42.7716633389172, 
        49.1680515302815, 81.2994641944334, 48.9152231126809, 
        40.1698980135328, 53.3184468591381, 28.2624742260248, 
        53.9369026227196, 72.4447143038394, 51.5844239507437, 
        83.2758064901055, 46.6391581358608, 102.656271062683, 
        49.7686411126999, 31.9507071317683, 50.5438360368478, 
        88.3475669317331, 49.3980839957084, 97.203825075324, 
        50.5443180723417, 112.566552648905, 49.0320823575771, 
        80.4236347947299, 49.0476609588431, 66.3891749528573, 
        47.7966156286953, 82.2930859448108, 50.8453534073268, 
        59.2933994419931, 47.5749696945563, 79.4150403111327, 
        49.1479162515996, -97.1768731683723, 50.6347685170087, 
        158.804598227074, 50.6871532024373, 10.0759644202464, 
        55.3469093837614, 104.13950527469, 52.4465170308939, 
        56.3527203025643, 51.5141580248273, 53.720564913589, 
        52.1857930566518, -25.7219690080779, 47.1288020878094, 
        31.9980592305495, 47.5595884172936, 115.923760356311, 
        50.644888681316, 56.2211899187243, 45.7488972629507, 
        -91.1692082345967, 51.662176038911, 113.701724703512, 
        50.53178789411, 34.5363364657544, 49.6483563473643, 75.6103197776122, 
        49.0161153967811, 101.051218048517, 51.2330853667811, 
        124.053696977388, 49.2401923417739, 81.6386374478396), 
        Tobs = c(1, 100, 1, 100, 1, 100, 1, 100, 1, 100, 1, 100, 
        1, 100, 1, 100, 1, 100, 1, 100, 1, 100, 1, 100, 1, 100, 
        1, 100, 1, 100, 1, 100, 1, 100, 1, 100, 1, 100, 1, 100, 
        1, 100, 1, 100, 1, 100, 1, 100, 1, 100, 1, 100, 1, 100, 
        1, 100, 1, 100, 1, 100, 1, 100, 1, 100, 1, 100, 1, 100, 
        1, 100, 1, 100, 1, 100, 1, 100, 1, 100, 1, 100, 1, 100, 
        1, 100, 1, 100, 1, 100, 1, 100, 1, 100, 1, 100, 1, 100, 
        1, 100, 1, 100, 1, 100, 1, 100, 1, 100, 1, 100, 1, 100, 
        1, 100, 1, 100, 1, 100, 1, 100, 1, 100, 1, 100, 1, 100, 
        1, 100, 1, 100, 1, 100, 1, 100, 1, 100, 1, 100, 1, 100, 
        1, 100, 1, 100, 1, 100, 1, 100, 1, 100, 1, 100, 1, 100, 
        1, 100, 1, 100, 1, 100, 1, 100, 1, 100, 1, 100, 1, 100, 
        1, 100, 1, 100, 1, 100, 1, 100, 1, 100, 1, 100, 1, 100, 
        1, 100, 1, 100, 1, 100, 1, 100, 1, 100, 1, 100, 1, 100, 
        1, 100, 1, 100, 1, 100, 1, 100, 1, 100, 1, 100, 1, 100, 
        1, 100, 1, 100, 1, 100, 1, 100, 1, 100, 1, 100, 1, 100, 
        1, 100, 1, 100, 1, 100, 1, 100, 1, 100, 1, 100, 1, 100, 
        1, 100, 1, 100, 1, 100, 1, 100, 1, 100, 1, 100, 1, 100, 
        1, 100, 1, 100, 1, 100, 1, 100, 1, 100, 1, 100, 1, 100, 
        1, 100, 1, 100, 1, 100, 1, 100, 1, 100, 1, 100, 1, 100, 
        1, 100, 1, 100, 1, 100, 1, 100, 1, 100, 1, 100, 1, 100, 
        1, 100, 1, 100, 1, 100, 1, 100, 1, 100, 1, 100, 1, 100, 
        1, 100, 1, 100, 1, 100, 1, 100, 1, 100, 1, 100, 1, 100, 
        1, 100, 1, 100, 1, 100, 1, 100, 1, 100, 1, 100, 1, 100, 
        1, 100, 1, 100, 1, 100, 1, 100, 1, 100, 1, 100, 1, 100, 
        1, 100, 1, 100, 1, 100, 1, 100, 1, 100, 1, 100, 1, 100, 
        1, 100, 1, 100, 1, 100, 1, 100, 1, 100, 1, 100, 1, 100, 
        1, 100, 1, 100, 1, 100, 1, 100, 1, 100, 1, 100, 1, 100, 
        1, 100, 1, 100, 1, 100, 1, 100, 1, 100, 1, 100, 1, 100, 
        1, 100, 1, 100, 1, 100, 1, 100, 1, 100, 1, 100, 1, 100, 
        1, 100, 1, 100, 1, 100, 1, 100, 1, 100, 1, 100, 1, 100, 
        1, 100, 1, 100, 1, 100, 1, 100, 1, 100, 1, 100, 1, 100, 
        1, 100, 1, 100, 1, 100, 1, 100, 1, 100, 1, 100, 1, 100, 
        1, 100, 1, 100, 1, 100, 1, 100, 1, 100, 1, 100, 1, 100, 
        1, 100, 1, 100, 1, 100, 1, 100, 1, 100, 1, 100, 1, 100, 
        1, 100, 1, 100, 1, 100, 1, 100, 1, 100, 1, 100, 1, 100, 
        1, 100, 1, 100, 1, 100, 1, 100, 1, 100, 1, 100, 1, 100, 
        1, 100, 1, 100, 1, 100, 1, 100, 1, 100, 1, 100, 1, 100, 
        1, 100, 1, 100, 1, 100, 1, 100, 1, 100, 1, 100, 1, 100, 
        1, 100, 1, 100, 1, 100, 1, 100, 1, 100, 1, 100, 1, 100, 
        1, 100, 1, 100, 1, 100, 1, 100, 1, 100, 1, 100, 1, 100, 
        1, 100, 1, 100, 1, 100, 1, 100, 1, 100, 1, 100, 1, 100, 
        1, 100, 1, 100, 1, 100, 1, 100, 1, 100, 1, 100, 1, 100, 
        1, 100, 1, 100, 1, 100, 1, 100, 1, 100, 1, 100, 1, 100, 
        1, 100, 1, 100, 1, 100, 1, 100, 1, 100, 1, 100, 1, 100, 
        1, 100, 1, 100, 1, 100, 1, 100, 1, 100, 1, 100, 1, 100, 
        1, 100, 1, 100, 1, 100, 1, 100, 1, 100, 1, 100, 1, 100, 
        1, 100, 1, 100, 1, 100, 1, 100, 1, 100, 1, 100, 1, 100, 
        1, 100, 1, 100, 1, 100, 1, 100, 1, 100, 1, 100, 1, 100, 
        1, 100, 1, 100, 1, 100, 1, 100, 1, 100, 1, 100, 1, 100, 
        1, 100, 1, 100, 1, 100, 1, 100, 1, 100, 1, 100, 1, 100, 
        1, 100, 1, 100, 1, 100, 1, 100, 1, 100, 1, 100, 1, 100, 
        1, 100, 1, 100, 1, 100, 1, 100, 1, 100, 1, 100, 1, 100, 
        1, 100, 1, 100, 1, 100, 1, 100, 1, 100, 1, 100, 1, 100, 
        1, 100, 1, 100, 1, 100, 1, 100, 1, 100, 1, 100, 1, 100, 
        1, 100, 1, 100, 1, 100, 1, 100, 1, 100, 1, 100, 1, 100, 
        1, 100, 1, 100, 1, 100, 1, 100, 1, 100, 1, 100, 1, 100, 
        1, 100, 1, 100, 1, 100, 1, 100, 1, 100, 1, 100, 1, 100, 
        1, 100, 1, 100, 1, 100, 1, 100, 1, 100, 1, 100, 1, 100, 
        1, 100, 1, 100, 1, 100, 1, 100, 1, 100, 1, 100, 1, 100, 
        1, 100, 1, 100, 1, 100, 1, 100, 1, 100, 1, 100, 1, 100, 
        1, 100, 1, 100, 1, 100, 1, 100, 1, 100, 1, 100, 1, 100, 
        1, 100, 1, 100, 1, 100, 1, 100, 1, 100, 1, 100, 1, 100, 
        1, 100, 1, 100, 1, 100, 1, 100, 1, 100, 1, 100, 1, 100, 
        1, 100, 1, 100, 1, 100, 1, 100, 1, 100, 1, 100, 1, 100, 
        1, 100, 1, 100, 1, 100, 1, 100, 1, 100, 1, 100, 1, 100, 
        1, 100, 1, 100, 1, 100, 1, 100, 1, 100, 1, 100, 1, 100, 
        1, 100, 1, 100, 1, 100, 1, 100, 1, 100, 1, 100, 1, 100, 
        1, 100, 1, 100, 1, 100, 1, 100, 1, 100, 1, 100, 1, 100, 
        1, 100, 1, 100, 1, 100, 1, 100, 1, 100, 1, 100, 1, 100, 
        1, 100, 1, 100, 1, 100, 1, 100, 1, 100, 1, 100, 1, 100, 
        1, 100, 1, 100, 1, 100, 1, 100), Ythreshold = -999999, 
        Nta_obs_y = 1000L, Nta_cens_y = 0L, ind_index = c(1, 
        1, 2, 2, 3, 3, 4, 4, 5, 5, 6, 6, 7, 7, 8, 8, 9, 9, 10, 
        10, 11, 11, 12, 12, 13, 13, 14, 14, 15, 15, 16, 16, 17, 
        17, 18, 18, 19, 19, 20, 20, 21, 21, 22, 22, 23, 23, 24, 
        24, 25, 25, 26, 26, 27, 27, 28, 28, 29, 29, 30, 30, 31, 
        31, 32, 32, 33, 33, 34, 34, 35, 35, 36, 36, 37, 37, 38, 
        38, 39, 39, 40, 40, 41, 41, 42, 42, 43, 43, 44, 44, 45, 
        45, 46, 46, 47, 47, 48, 48, 49, 49, 50, 50, 51, 51, 52, 
        52, 53, 53, 54, 54, 55, 55, 56, 56, 57, 57, 58, 58, 59, 
        59, 60, 60, 61, 61, 62, 62, 63, 63, 64, 64, 65, 65, 66, 
        66, 67, 67, 68, 68, 69, 69, 70, 70, 71, 71, 72, 72, 73, 
        73, 74, 74, 75, 75, 76, 76, 77, 77, 78, 78, 79, 79, 80, 
        80, 81, 81, 82, 82, 83, 83, 84, 84, 85, 85, 86, 86, 87, 
        87, 88, 88, 89, 89, 90, 90, 91, 91, 92, 92, 93, 93, 94, 
        94, 95, 95, 96, 96, 97, 97, 98, 98, 99, 99, 100, 100, 
        101, 101, 102, 102, 103, 103, 104, 104, 105, 105, 106, 
        106, 107, 107, 108, 108, 109, 109, 110, 110, 111, 111, 
        112, 112, 113, 113, 114, 114, 115, 115, 116, 116, 117, 
        117, 118, 118, 119, 119, 120, 120, 121, 121, 122, 122, 
        123, 123, 124, 124, 125, 125, 126, 126, 127, 127, 128, 
        128, 129, 129, 130, 130, 131, 131, 132, 132, 133, 133, 
        134, 134, 135, 135, 136, 136, 137, 137, 138, 138, 139, 
        139, 140, 140, 141, 141, 142, 142, 143, 143, 144, 144, 
        145, 145, 146, 146, 147, 147, 148, 148, 149, 149, 150, 
        150, 151, 151, 152, 152, 153, 153, 154, 154, 155, 155, 
        156, 156, 157, 157, 158, 158, 159, 159, 160, 160, 161, 
        161, 162, 162, 163, 163, 164, 164, 165, 165, 166, 166, 
        167, 167, 168, 168, 169, 169, 170, 170, 171, 171, 172, 
        172, 173, 173, 174, 174, 175, 175, 176, 176, 177, 177, 
        178, 178, 179, 179, 180, 180, 181, 181, 182, 182, 183, 
        183, 184, 184, 185, 185, 186, 186, 187, 187, 188, 188, 
        189, 189, 190, 190, 191, 191, 192, 192, 193, 193, 194, 
        194, 195, 195, 196, 196, 197, 197, 198, 198, 199, 199, 
        200, 200, 201, 201, 202, 202, 203, 203, 204, 204, 205, 
        205, 206, 206, 207, 207, 208, 208, 209, 209, 210, 210, 
        211, 211, 212, 212, 213, 213, 214, 214, 215, 215, 216, 
        216, 217, 217, 218, 218, 219, 219, 220, 220, 221, 221, 
        222, 222, 223, 223, 224, 224, 225, 225, 226, 226, 227, 
        227, 228, 228, 229, 229, 230, 230, 231, 231, 232, 232, 
        233, 233, 234, 234, 235, 235, 236, 236, 237, 237, 238, 
        238, 239, 239, 240, 240, 241, 241, 242, 242, 243, 243, 
        244, 244, 245, 245, 246, 246, 247, 247, 248, 248, 249, 
        249, 250, 250, 251, 251, 252, 252, 253, 253, 254, 254, 
        255, 255, 256, 256, 257, 257, 258, 258, 259, 259, 260, 
        260, 261, 261, 262, 262, 263, 263, 264, 264, 265, 265, 
        266, 266, 267, 267, 268, 268, 269, 269, 270, 270, 271, 
        271, 272, 272, 273, 273, 274, 274, 275, 275, 276, 276, 
        277, 277, 278, 278, 279, 279, 280, 280, 281, 281, 282, 
        282, 283, 283, 284, 284, 285, 285, 286, 286, 287, 287, 
        288, 288, 289, 289, 290, 290, 291, 291, 292, 292, 293, 
        293, 294, 294, 295, 295, 296, 296, 297, 297, 298, 298, 
        299, 299, 300, 300, 301, 301, 302, 302, 303, 303, 304, 
        304, 305, 305, 306, 306, 307, 307, 308, 308, 309, 309, 
        310, 310, 311, 311, 312, 312, 313, 313, 314, 314, 315, 
        315, 316, 316, 317, 317, 318, 318, 319, 319, 320, 320, 
        321, 321, 322, 322, 323, 323, 324, 324, 325, 325, 326, 
        326, 327, 327, 328, 328, 329, 329, 330, 330, 331, 331, 
        332, 332, 333, 333, 334, 334, 335, 335, 336, 336, 337, 
        337, 338, 338, 339, 339, 340, 340, 341, 341, 342, 342, 
        343, 343, 344, 344, 345, 345, 346, 346, 347, 347, 348, 
        348, 349, 349, 350, 350, 351, 351, 352, 352, 353, 353, 
        354, 354, 355, 355, 356, 356, 357, 357, 358, 358, 359, 
        359, 360, 360, 361, 361, 362, 362, 363, 363, 364, 364, 
        365, 365, 366, 366, 367, 367, 368, 368, 369, 369, 370, 
        370, 371, 371, 372, 372, 373, 373, 374, 374, 375, 375, 
        376, 376, 377, 377, 378, 378, 379, 379, 380, 380, 381, 
        381, 382, 382, 383, 383, 384, 384, 385, 385, 386, 386, 
        387, 387, 388, 388, 389, 389, 390, 390, 391, 391, 392, 
        392, 393, 393, 394, 394, 395, 395, 396, 396, 397, 397, 
        398, 398, 399, 399, 400, 400, 401, 401, 402, 402, 403, 
        403, 404, 404, 405, 405, 406, 406, 407, 407, 408, 408, 
        409, 409, 410, 410, 411, 411, 412, 412, 413, 413, 414, 
        414, 415, 415, 416, 416, 417, 417, 418, 418, 419, 419, 
        420, 420, 421, 421, 422, 422, 423, 423, 424, 424, 425, 
        425, 426, 426, 427, 427, 428, 428, 429, 429, 430, 430, 
        431, 431, 432, 432, 433, 433, 434, 434, 435, 435, 436, 
        436, 437, 437, 438, 438, 439, 439, 440, 440, 441, 441, 
        442, 442, 443, 443, 444, 444, 445, 445, 446, 446, 447, 
        447, 448, 448, 449, 449, 450, 450, 451, 451, 452, 452, 
        453, 453, 454, 454, 455, 455, 456, 456, 457, 457, 458, 
        458, 459, 459, 460, 460, 461, 461, 462, 462, 463, 463, 
        464, 464, 465, 465, 466, 466, 467, 467, 468, 468, 469, 
        469, 470, 470, 471, 471, 472, 472, 473, 473, 474, 474, 
        475, 475, 476, 476, 477, 477, 478, 478, 479, 479, 480, 
        480, 481, 481, 482, 482, 483, 483, 484, 484, 485, 485, 
        486, 486, 487, 487, 488, 488, 489, 489, 490, 490, 491, 
        491, 492, 492, 493, 493, 494, 494, 495, 495, 496, 496, 
        497, 497, 498, 498, 499, 499, 500, 500), pt_to_ind = structure(1:500, names = c("pt_00001", 
        "pt_00002", "pt_00003", "pt_00004", "pt_00005", "pt_00006", 
        "pt_00007", "pt_00008", "pt_00009", "pt_00010", "pt_00011", 
        "pt_00012", "pt_00013", "pt_00014", "pt_00015", "pt_00016", 
        "pt_00017", "pt_00018", "pt_00019", "pt_00020", "pt_00021", 
        "pt_00022", "pt_00023", "pt_00024", "pt_00025", "pt_00026", 
        "pt_00027", "pt_00028", "pt_00029", "pt_00030", "pt_00031", 
        "pt_00032", "pt_00033", "pt_00034", "pt_00035", "pt_00036", 
        "pt_00037", "pt_00038", "pt_00039", "pt_00040", "pt_00041", 
        "pt_00042", "pt_00043", "pt_00044", "pt_00045", "pt_00046", 
        "pt_00047", "pt_00048", "pt_00049", "pt_00050", "pt_00051", 
        "pt_00052", "pt_00053", "pt_00054", "pt_00055", "pt_00056", 
        "pt_00057", "pt_00058", "pt_00059", "pt_00060", "pt_00061", 
        "pt_00062", "pt_00063", "pt_00064", "pt_00065", "pt_00066", 
        "pt_00067", "pt_00068", "pt_00069", "pt_00070", "pt_00071", 
        "pt_00072", "pt_00073", "pt_00074", "pt_00075", "pt_00076", 
        "pt_00077", "pt_00078", "pt_00079", "pt_00080", "pt_00081", 
        "pt_00082", "pt_00083", "pt_00084", "pt_00085", "pt_00086", 
        "pt_00087", "pt_00088", "pt_00089", "pt_00090", "pt_00091", 
        "pt_00092", "pt_00093", "pt_00094", "pt_00095", "pt_00096", 
        "pt_00097", "pt_00098", "pt_00099", "pt_00100", "pt_00101", 
        "pt_00102", "pt_00103", "pt_00104", "pt_00105", "pt_00106", 
        "pt_00107", "pt_00108", "pt_00109", "pt_00110", "pt_00111", 
        "pt_00112", "pt_00113", "pt_00114", "pt_00115", "pt_00116", 
        "pt_00117", "pt_00118", "pt_00119", "pt_00120", "pt_00121", 
        "pt_00122", "pt_00123", "pt_00124", "pt_00125", "pt_00126", 
        "pt_00127", "pt_00128", "pt_00129", "pt_00130", "pt_00131", 
        "pt_00132", "pt_00133", "pt_00134", "pt_00135", "pt_00136", 
        "pt_00137", "pt_00138", "pt_00139", "pt_00140", "pt_00141", 
        "pt_00142", "pt_00143", "pt_00144", "pt_00145", "pt_00146", 
        "pt_00147", "pt_00148", "pt_00149", "pt_00150", "pt_00151", 
        "pt_00152", "pt_00153", "pt_00154", "pt_00155", "pt_00156", 
        "pt_00157", "pt_00158", "pt_00159", "pt_00160", "pt_00161", 
        "pt_00162", "pt_00163", "pt_00164", "pt_00165", "pt_00166", 
        "pt_00167", "pt_00168", "pt_00169", "pt_00170", "pt_00171", 
        "pt_00172", "pt_00173", "pt_00174", "pt_00175", "pt_00176", 
        "pt_00177", "pt_00178", "pt_00179", "pt_00180", "pt_00181", 
        "pt_00182", "pt_00183", "pt_00184", "pt_00185", "pt_00186", 
        "pt_00187", "pt_00188", "pt_00189", "pt_00190", "pt_00191", 
        "pt_00192", "pt_00193", "pt_00194", "pt_00195", "pt_00196", 
        "pt_00197", "pt_00198", "pt_00199", "pt_00200", "pt_00201", 
        "pt_00202", "pt_00203", "pt_00204", "pt_00205", "pt_00206", 
        "pt_00207", "pt_00208", "pt_00209", "pt_00210", "pt_00211", 
        "pt_00212", "pt_00213", "pt_00214", "pt_00215", "pt_00216", 
        "pt_00217", "pt_00218", "pt_00219", "pt_00220", "pt_00221", 
        "pt_00222", "pt_00223", "pt_00224", "pt_00225", "pt_00226", 
        "pt_00227", "pt_00228", "pt_00229", "pt_00230", "pt_00231", 
        "pt_00232", "pt_00233", "pt_00234", "pt_00235", "pt_00236", 
        "pt_00237", "pt_00238", "pt_00239", "pt_00240", "pt_00241", 
        "pt_00242", "pt_00243", "pt_00244", "pt_00245", "pt_00246", 
        "pt_00247", "pt_00248", "pt_00249", "pt_00250", "pt_00251", 
        "pt_00252", "pt_00253", "pt_00254", "pt_00255", "pt_00256", 
        "pt_00257", "pt_00258", "pt_00259", "pt_00260", "pt_00261", 
        "pt_00262", "pt_00263", "pt_00264", "pt_00265", "pt_00266", 
        "pt_00267", "pt_00268", "pt_00269", "pt_00270", "pt_00271", 
        "pt_00272", "pt_00273", "pt_00274", "pt_00275", "pt_00276", 
        "pt_00277", "pt_00278", "pt_00279", "pt_00280", "pt_00281", 
        "pt_00282", "pt_00283", "pt_00284", "pt_00285", "pt_00286", 
        "pt_00287", "pt_00288", "pt_00289", "pt_00290", "pt_00291", 
        "pt_00292", "pt_00293", "pt_00294", "pt_00295", "pt_00296", 
        "pt_00297", "pt_00298", "pt_00299", "pt_00300", "pt_00301", 
        "pt_00302", "pt_00303", "pt_00304", "pt_00305", "pt_00306", 
        "pt_00307", "pt_00308", "pt_00309", "pt_00310", "pt_00311", 
        "pt_00312", "pt_00313", "pt_00314", "pt_00315", "pt_00316", 
        "pt_00317", "pt_00318", "pt_00319", "pt_00320", "pt_00321", 
        "pt_00322", "pt_00323", "pt_00324", "pt_00325", "pt_00326", 
        "pt_00327", "pt_00328", "pt_00329", "pt_00330", "pt_00331", 
        "pt_00332", "pt_00333", "pt_00334", "pt_00335", "pt_00336", 
        "pt_00337", "pt_00338", "pt_00339", "pt_00340", "pt_00341", 
        "pt_00342", "pt_00343", "pt_00344", "pt_00345", "pt_00346", 
        "pt_00347", "pt_00348", "pt_00349", "pt_00350", "pt_00351", 
        "pt_00352", "pt_00353", "pt_00354", "pt_00355", "pt_00356", 
        "pt_00357", "pt_00358", "pt_00359", "pt_00360", "pt_00361", 
        "pt_00362", "pt_00363", "pt_00364", "pt_00365", "pt_00366", 
        "pt_00367", "pt_00368", "pt_00369", "pt_00370", "pt_00371", 
        "pt_00372", "pt_00373", "pt_00374", "pt_00375", "pt_00376", 
        "pt_00377", "pt_00378", "pt_00379", "pt_00380", "pt_00381", 
        "pt_00382", "pt_00383", "pt_00384", "pt_00385", "pt_00386", 
        "pt_00387", "pt_00388", "pt_00389", "pt_00390", "pt_00391", 
        "pt_00392", "pt_00393", "pt_00394", "pt_00395", "pt_00396", 
        "pt_00397", "pt_00398", "pt_00399", "pt_00400", "pt_00401", 
        "pt_00402", "pt_00403", "pt_00404", "pt_00405", "pt_00406", 
        "pt_00407", "pt_00408", "pt_00409", "pt_00410", "pt_00411", 
        "pt_00412", "pt_00413", "pt_00414", "pt_00415", "pt_00416", 
        "pt_00417", "pt_00418", "pt_00419", "pt_00420", "pt_00421", 
        "pt_00422", "pt_00423", "pt_00424", "pt_00425", "pt_00426", 
        "pt_00427", "pt_00428", "pt_00429", "pt_00430", "pt_00431", 
        "pt_00432", "pt_00433", "pt_00434", "pt_00435", "pt_00436", 
        "pt_00437", "pt_00438", "pt_00439", "pt_00440", "pt_00441", 
        "pt_00442", "pt_00443", "pt_00444", "pt_00445", "pt_00446", 
        "pt_00447", "pt_00448", "pt_00449", "pt_00450", "pt_00451", 
        "pt_00452", "pt_00453", "pt_00454", "pt_00455", "pt_00456", 
        "pt_00457", "pt_00458", "pt_00459", "pt_00460", "pt_00461", 
        "pt_00462", "pt_00463", "pt_00464", "pt_00465", "pt_00466", 
        "pt_00467", "pt_00468", "pt_00469", "pt_00470", "pt_00471", 
        "pt_00472", "pt_00473", "pt_00474", "pt_00475", "pt_00476", 
        "pt_00477", "pt_00478", "pt_00479", "pt_00480", "pt_00481", 
        "pt_00482", "pt_00483", "pt_00484", "pt_00485", "pt_00486", 
        "pt_00487", "pt_00488", "pt_00489", "pt_00490", "pt_00491", 
        "pt_00492", "pt_00493", "pt_00494", "pt_00495", "pt_00496", 
        "pt_00497", "pt_00498", "pt_00499", "pt_00500")), obs_y_index = 1:1000, 
        cens_y_index = integer(0), n_mat_inds_obs_y = c(1998L, 
        1998L, 501L), w_mat_inds_obs_y = c(1, 1, 1, 1, 1, 1, 
        1, 1, 1, 1, 1, 1, 1, 1, 1, 1, 1, 1, 1, 1, 1, 1, 1, 1, 
        1, 1, 1, 1, 1, 1, 1, 1, 1, 1, 1, 1, 1, 1, 1, 1, 1, 1, 
        1, 1, 1, 1, 1, 1, 1, 1, 1, 1, 1, 1, 1, 1, 1, 1, 1, 1, 
        1, 1, 1, 1, 1, 1, 1, 1, 1, 1, 1, 1, 1, 1, 1, 1, 1, 1, 
        1, 1, 1, 1, 1, 1, 1, 1, 1, 1, 1, 1, 1, 1, 1, 1, 1, 1, 
        1, 1, 1, 1, 1, 1, 1, 1, 1, 1, 1, 1, 1, 1, 1, 1, 1, 1, 
        1, 1, 1, 1, 1, 1, 1, 1, 1, 1, 1, 1, 1, 1, 1, 1, 1, 1, 
        1, 1, 1, 1, 1, 1, 1, 1, 1, 1, 1, 1, 1, 1, 1, 1, 1, 1, 
        1, 1, 1, 1, 1, 1, 1, 1, 1, 1, 1, 1, 1, 1, 1, 1, 1, 1, 
        1, 1, 1, 1, 1, 1, 1, 1, 1, 1, 1, 1, 1, 1, 1, 1, 1, 1, 
        1, 1, 1, 1, 1, 1, 1, 1, 1, 1, 1, 1, 1, 1, 1, 1, 1, 1, 
        1, 1, 1, 1, 1, 1, 1, 1, 1, 1, 1, 1, 1, 1, 1, 1, 1, 1, 
        1, 1, 1, 1, 1, 1, 1, 1, 1, 1, 1, 1, 1, 1, 1, 1, 1, 1, 
        1, 1, 1, 1, 1, 1, 1, 1, 1, 1, 1, 1, 1, 1, 1, 1, 1, 1, 
        1, 1, 1, 1, 1, 1, 1, 1, 1, 1, 1, 1, 1, 1, 1, 1, 1, 1, 
        1, 1, 1, 1, 1, 1, 1, 1, 1, 1, 1, 1, 1, 1, 1, 1, 1, 1, 
        1, 1, 1, 1, 1, 1, 1, 1, 1, 1, 1, 1, 1, 1, 1, 1, 1, 1, 
        1, 1, 1, 1, 1, 1, 1, 1, 1, 1, 1, 1, 1, 1, 1, 1, 1, 1, 
        1, 1, 1, 1, 1, 1, 1, 1, 1, 1, 1, 1, 1, 1, 1, 1, 1, 1, 
        1, 1, 1, 1, 1, 1, 1, 1, 1, 1, 1, 1, 1, 1, 1, 1, 1, 1, 
        1, 1, 1, 1, 1, 1, 1, 1, 1, 1, 1, 1, 1, 1, 1, 1, 1, 1, 
        1, 1, 1, 1, 1, 1, 1, 1, 1, 1, 1, 1, 1, 1, 1, 1, 1, 1, 
        1, 1, 1, 1, 1, 1, 1, 1, 1, 1, 1, 1, 1, 1, 1, 1, 1, 1, 
        1, 1, 1, 1, 1, 1, 1, 1, 1, 1, 1, 1, 1, 1, 1, 1, 1, 1, 
        1, 1, 1, 1, 1, 1, 1, 1, 1, 1, 1, 1, 1, 1, 1, 1, 1, 1, 
        1, 1, 1, 1, 1, 1, 1, 1, 1, 1, 1, 1, 1, 1, 1, 1, 1, 1, 
        1, 1, 1, 1, 1, 1, 1, 1, 1, 1, 1, 1, 1, 1, 1, 1, 1, 1, 
        1, 1, 1, 1, 1, 1, 1, 1, 1, 1, 1, 1, 1, 1, 1, 1, 1, 1, 
        1, 1, 1, 1, 1, 1, 1, 1, 1, 1, 1, 1, 1, 1, 1, 1, 1, 1, 
        1, 1, 1, 1, 1, 1, 1, 1, 1, 1, 1, 1, 1, 1, 1, 1, 1, 1, 
        1, 1, 1, 1, 1, 1, 1, 1, 1, 1, 1, 1, 1, 1, 1, 1, 1, 1, 
        1, 1, 1, 1, 1, 1, 1, 1, 1, 1, 1, 1, 1, 1, 1, 1, 1, 1, 
        1, 1, 1, 1, 1, 1, 1, 1, 1, 1, 1, 1, 1, 1, 1, 1, 1, 1, 
        1, 1, 1, 1, 1, 1, 1, 1, 1, 1, 1, 1, 1, 1, 1, 1, 1, 1, 
        1, 1, 1, 1, 1, 1, 1, 1, 1, 1, 1, 1, 1, 1, 1, 1, 1, 1, 
        1, 1, 1, 1, 1, 1, 1, 1, 1, 1, 1, 1, 1, 1, 1, 1, 1, 1, 
        1, 1, 1, 1, 1, 1, 1, 1, 1, 1, 1, 1, 1, 1, 1, 1, 1, 1, 
        1, 1, 1, 1, 1, 1, 1, 1, 1, 1, 1, 1, 1, 1, 1, 1, 1, 1, 
        1, 1, 1, 1, 1, 1, 1, 1, 1, 1, 1, 1, 1, 1, 1, 1, 1, 1, 
        1, 1, 1, 1, 1, 1, 1, 1, 1, 1, 1, 1, 1, 1, 1, 1, 1, 1, 
        1, 1, 1, 1, 1, 1, 1, 1, 1, 1, 1, 1, 1, 1, 1, 1, 1, 1, 
        1, 1, 1, 1, 1, 1, 1, 1, 1, 1, 1, 1, 1, 1, 1, 1, 1, 1, 
        1, 1, 1, 1, 1, 1, 1, 1, 1, 1, 1, 1, 1, 1, 1, 1, 1, 1, 
        1, 1, 1, 1, 1, 1, 1, 1, 1, 1, 1, 1, 1, 1, 1, 1, 1, 1, 
        1, 1, 1, 1, 1, 1, 1, 1, 1, 1, 1, 1, 1, 1, 1, 1, 1, 1, 
        1, 1, 1, 1, 1, 1, 1, 1, 1, 1, 1, 1, 1, 1, 1, 1, 1, 1, 
        1, 1, 1, 1, 1, 1, 1, 1, 1, 1, 1, 1, 1, 1, 1, 1, 1, 1, 
        1, 1, 1, 1, 1, 1, 1, 1, 1, 1, 1, 1, 1, 1, 1, 1, 1, 1, 
        1, 1, 1, 1, 1, 1, 1, 1, 1, 1, 1, 1, 1, 1, 1, 1, 1, 1, 
        1, 1, 1, 1, 1, 1, 1, 1, 1, 1, 1, 1, 1, 1, 1, 1, 1, 1, 
        1, 1, 1, 1, 1, 1, 1, 1, 1, 1, 1, 1, 1, 1, 1, 1, 1, 1, 
        1, 1, 1, 1, 1, 1, 1, 1, 1, 1, 1, 1, 1, 1, 1, 1, 1, 1, 
        1, 1, 1, 1, 1, 1, 1, 1, 1, 1, 1, 1, 1, 1, 1, 1, 1, 1, 
        1, 1, 1, 1, 1, 1, 1, 1, 1, 1, 1, 1, 1, 1, 1, 1, 1, 1, 
        1, 1, 1, 1, 1, 1, 1, 1, 1, 1, 1, 1, 1, 1, 1, 1, 1, 1, 
        1, 1, 1, 1, 1, 1, 1, 1, 1, 1, 1, 1, 1, 1, 1, 1, 1, 1, 
        1, 1, 1, 1, 1, 1, 1, 1, 1, 1, 1, 1, 1, 1, 1, 1, 1, 1, 
        1, 1, 1, 1, 1, 1, 1, 1, 1, 1, 1, 1, 1, 1, 1, 1, 1, 1, 
        1, 1, 1, 1, 1, 1, 1, 1, 1, 1, 1, 1, 1, 1, 1, 1, 1, 1, 
        1, 1, 1, 1, 1, 1, 1, 1, 1, 1, 1, 1, 1, 1, 1, 1, 1, 1, 
        1, 1, 1, 1, 1, 1, 1, 1, 1, 1, 1, 1, 1, 1, 1, 1, 1, 1, 
        1, 1, 1, 1, 1, 1, 1, 1, 1, 1, 1, 1, 1, 1, 1, 1, 1, 1, 
        1, 1, 1, 1, 1, 1, 1, 1, 1, 1, 1, 1, 1, 1, 1, 1, 1, 1, 
        1, 1, 1, 1, 1, 1, 1, 1, 1, 1, 1, 1, 1, 1, 1, 1, 1, 1, 
        1, 1, 1, 1, 1, 1, 1, 1, 1, 1, 1, 1, 1, 1, 1, 1, 1, 1, 
        1, 1, 1, 1, 1, 1, 1, 1, 1, 1, 1, 1, 1, 1, 1, 1, 1, 1, 
        1, 1, 1, 1, 1, 1, 1, 1, 1, 1, 1, 1, 1, 1, 1, 1, 1, 1, 
        1, 1, 1, 1, 1, 1, 1, 1, 1, 1, 1, 1, 1, 1, 1, 1, 1, 1, 
        1, 1, 1, 1, 1, 1, 1, 1, 1, 1, 1, 1, 1, 1, 1, 1, 1, 1, 
        1, 1, 1, 1, 1, 1, 1, 1, 1, 1, 1, 1, 1, 1, 1, 1, 1, 1, 
        1, 1, 1, 1, 1, 1, 1, 1, 1, 1, 1, 1, 1, 1, 1, 1, 1, 1, 
        1, 1, 1, 1, 1, 1, 1, 1, 1, 1, 1, 1, 1, 1, 1, 1, 1, 1, 
        1, 1, 1, 1, 1, 1, 1, 1, 1, 1, 1, 1, 1, 1, 1, 1, 1, 1, 
        1, 1, 1, 1, 1, 1, 1, 1, 1, 1, 1, 1, 1, 1, 1, 1, 1, 1, 
        1, 1, 1, 1, 1, 1, 1, 1, 1, 1, 1, 1, 1, 1, 1, 1, 1, 1, 
        1, 1, 1, 1, 1, 1, 1, 1, 1, 1, 1, 1, 1, 1, 1, 1, 1, 1, 
        1, 1, 1, 1, 1, 1, 1, 1, 1, 1, 1, 1, 1, 1, 1, 1, 1, 1, 
        1, 1, 1, 1, 1, 1, 1, 1, 1, 1, 1, 1, 1, 1, 1, 1, 1, 1, 
        1, 1, 1, 1, 1, 1, 1, 1, 1, 1, 1, 1, 1, 1, 1, 1, 1, 1, 
        1, 1, 1, 1, 1, 1, 1, 1, 1, 1, 1, 1, 1, 1, 1, 1, 1, 1, 
        1, 1, 1, 1, 1, 1, 1, 1, 1, 1, 1, 1, 1, 1, 1, 1, 1, 1, 
        1, 1, 1, 1, 1, 1, 1, 1, 1, 1, 1, 1, 1, 1, 1, 1, 1, 1, 
        1, 1, 1, 1, 1, 1, 1, 1, 1, 1, 1, 1, 1, 1, 1, 1, 1, 1, 
        1, 1, 1, 1, 1, 1, 1, 1, 1, 1, 1, 1, 1, 1, 1, 1, 1, 1, 
        1, 1, 1, 1, 1, 1, 1, 1, 1, 1, 1, 1, 1, 1, 1, 1, 1, 1, 
        1, 1, 1, 1, 1, 1, 1, 1, 1, 1, 1, 1, 1, 1, 1, 1, 1, 1, 
        1, 1, 1, 1, 1, 1, 1, 1, 1, 1, 1, 1, 1, 1, 1, 1, 1, 1, 
        1, 1, 1, 1, 1, 1, 1, 1, 1, 1, 1, 1, 1, 1, 1, 1, 1, 1, 
        1, 1, 1, 1, 1, 1, 1, 1, 1, 1, 1, 1, 1, 1, 1, 1, 1, 1, 
        1, 1, 1, 1, 1, 1, 1, 1, 1, 1, 1, 1, 1, 1, 1, 1, 1, 1, 
        1, 1, 1, 1, 1, 1, 1, 1, 1, 1, 1, 1, 1, 1, 1, 1, 1, 1, 
        1, 1, 1, 1, 1, 1, 1, 1, 1, 1, 1, 1, 1, 1, 1, 1, 1, 1, 
        1, 1, 1, 1, 1, 1, 1, 1, 1, 1, 1, 1, 1, 1, 1, 1, 1, 1, 
        1, 1, 1, 1, 1, 1, 1, 1, 1, 1, 1, 1, 1, 1, 1, 1, 1, 1, 
        1, 1, 1, 1, 1, 1, 1, 1, 1, 1, 1, 1, 1, 1, 1, 1, 1, 1, 
        1, 1, 1, 1, 1, 1, 1, 1, 1, 1, 1, 1, 1, 1, 1, 1, 1, 1, 
        1, 1, 1, 1, 1, 1, 1, 1, 1, 1, 1, 1, 1, 1, 1, 1, 1, 1, 
        1, 1, 1, 1, 1, 1, 1, 1, 1, 1, 1, 1, 1, 1, 1, 1, 1, 1, 
        1, 1, 1, 1, 1, 1, 1, 1, 1, 1, 1, 1, 1, 1, 1, 1, 1, 1, 
        1, 1, 1, 1, 1, 1, 1, 1, 1, 1, 1, 1, 1, 1, 1, 1, 1, 1, 
        1, 1, 1, 1, 1, 1, 1, 1, 1, 1, 1, 1, 1, 1, 1, 1, 1, 1, 
        1, 1, 1, 1, 1, 1, 1, 1, 1, 1, 1, 1, 1, 1, 1, 1, 1, 1, 
        1, 1, 1, 1, 1, 1, 1, 1, 1, 1, 1, 1, 1, 1, 1, 1, 1, 1, 
        1, 1, 1, 1, 1, 1, 1, 1, 1, 1, 1, 1, 1, 1, 1, 1, 1, 1, 
        1, 1, 1, 1, 1, 1, 1, 1, 1, 1, 1, 1, 1, 1, 1, 1, 1, 1, 
        1, 1, 1, 1, 1, 1, 1, 1, 1, 1, 1, 1, 1, 1, 1, 1, 1, 1, 
        1, 1, 1, 1, 1, 1, 1, 1, 1, 1, 1, 1, 1, 1, 1, 1, 1, 1, 
        1, 1, 1, 1, 1, 1, 1, 1, 1, 1, 1, 1, 1, 1, 1, 1, 1, 1, 
        1, 1, 1, 1, 1, 1, 1, 1, 1, 1, 1, 1, 1, 1, 1, 1, 1, 1, 
        1, 1, 1, 1, 1, 1, 1, 1, 1, 1, 1, 1, 1, 1, 1, 1, 1, 1, 
        1, 1, 1, 1, 1, 1, 1, 1, 1, 1, 1, 1), v_mat_inds_obs_y = c(1L, 
        2L, 3L, 4L, 5L, 6L, 7L, 8L, 9L, 10L, 11L, 12L, 13L, 14L, 
        15L, 16L, 17L, 18L, 19L, 20L, 21L, 22L, 23L, 24L, 25L, 
        26L, 27L, 28L, 29L, 30L, 31L, 32L, 33L, 34L, 35L, 36L, 
        37L, 38L, 39L, 40L, 41L, 42L, 43L, 44L, 45L, 46L, 47L, 
        48L, 49L, 50L, 51L, 52L, 53L, 54L, 55L, 56L, 57L, 58L, 
        59L, 60L, 61L, 62L, 63L, 64L, 65L, 66L, 67L, 68L, 69L, 
        70L, 71L, 72L, 73L, 74L, 75L, 76L, 77L, 78L, 79L, 80L, 
        81L, 82L, 83L, 84L, 85L, 86L, 87L, 88L, 89L, 90L, 91L, 
        92L, 93L, 94L, 95L, 96L, 97L, 98L, 99L, 100L, 101L, 102L, 
        103L, 104L, 105L, 106L, 107L, 108L, 109L, 110L, 111L, 
        112L, 113L, 114L, 115L, 116L, 117L, 118L, 119L, 120L, 
        121L, 122L, 123L, 124L, 125L, 126L, 127L, 128L, 129L, 
        130L, 131L, 132L, 133L, 134L, 135L, 136L, 137L, 138L, 
        139L, 140L, 141L, 142L, 143L, 144L, 145L, 146L, 147L, 
        148L, 149L, 150L, 151L, 152L, 153L, 154L, 155L, 156L, 
        157L, 158L, 159L, 160L, 161L, 162L, 163L, 164L, 165L, 
        166L, 167L, 168L, 169L, 170L, 171L, 172L, 173L, 174L, 
        175L, 176L, 177L, 178L, 179L, 180L, 181L, 182L, 183L, 
        184L, 185L, 186L, 187L, 188L, 189L, 190L, 191L, 192L, 
        193L, 194L, 195L, 196L, 197L, 198L, 199L, 200L, 201L, 
        202L, 203L, 204L, 205L, 206L, 207L, 208L, 209L, 210L, 
        211L, 212L, 213L, 214L, 215L, 216L, 217L, 218L, 219L, 
        220L, 221L, 222L, 223L, 224L, 225L, 226L, 227L, 228L, 
        229L, 230L, 231L, 232L, 233L, 234L, 235L, 236L, 237L, 
        238L, 239L, 240L, 241L, 242L, 243L, 244L, 245L, 246L, 
        247L, 248L, 249L, 250L, 251L, 252L, 253L, 254L, 255L, 
        256L, 257L, 258L, 259L, 260L, 261L, 262L, 263L, 264L, 
        265L, 266L, 267L, 268L, 269L, 270L, 271L, 272L, 273L, 
        274L, 275L, 276L, 277L, 278L, 279L, 280L, 281L, 282L, 
        283L, 284L, 285L, 286L, 287L, 288L, 289L, 290L, 291L, 
        292L, 293L, 294L, 295L, 296L, 297L, 298L, 299L, 300L, 
        301L, 302L, 303L, 304L, 305L, 306L, 307L, 308L, 309L, 
        310L, 311L, 312L, 313L, 314L, 315L, 316L, 317L, 318L, 
        319L, 320L, 321L, 322L, 323L, 324L, 325L, 326L, 327L, 
        328L, 329L, 330L, 331L, 332L, 333L, 334L, 335L, 336L, 
        337L, 338L, 339L, 340L, 341L, 342L, 343L, 344L, 345L, 
        346L, 347L, 348L, 349L, 350L, 351L, 352L, 353L, 354L, 
        355L, 356L, 357L, 358L, 359L, 360L, 361L, 362L, 363L, 
        364L, 365L, 366L, 367L, 368L, 369L, 370L, 371L, 372L, 
        373L, 374L, 375L, 376L, 377L, 378L, 379L, 380L, 381L, 
        382L, 383L, 384L, 385L, 386L, 387L, 388L, 389L, 390L, 
        391L, 392L, 393L, 394L, 395L, 396L, 397L, 398L, 399L, 
        400L, 401L, 402L, 403L, 404L, 405L, 406L, 407L, 408L, 
        409L, 410L, 411L, 412L, 413L, 414L, 415L, 416L, 417L, 
        418L, 419L, 420L, 421L, 422L, 423L, 424L, 425L, 426L, 
        427L, 428L, 429L, 430L, 431L, 432L, 433L, 434L, 435L, 
        436L, 437L, 438L, 439L, 440L, 441L, 442L, 443L, 444L, 
        445L, 446L, 447L, 448L, 449L, 450L, 451L, 452L, 453L, 
        454L, 455L, 456L, 457L, 458L, 459L, 460L, 461L, 462L, 
        463L, 464L, 465L, 466L, 467L, 468L, 469L, 470L, 471L, 
        472L, 473L, 474L, 475L, 476L, 477L, 478L, 479L, 480L, 
        481L, 482L, 483L, 484L, 485L, 486L, 487L, 488L, 489L, 
        490L, 491L, 492L, 493L, 494L, 495L, 496L, 497L, 498L, 
        499L, 500L, 501L, 502L, 503L, 504L, 505L, 506L, 507L, 
        508L, 509L, 510L, 511L, 512L, 513L, 514L, 515L, 516L, 
        517L, 518L, 519L, 520L, 521L, 522L, 523L, 524L, 525L, 
        526L, 527L, 528L, 529L, 530L, 531L, 532L, 533L, 534L, 
        535L, 536L, 537L, 538L, 539L, 540L, 541L, 542L, 543L, 
        544L, 545L, 546L, 547L, 548L, 549L, 550L, 551L, 552L, 
        553L, 554L, 555L, 556L, 557L, 558L, 559L, 560L, 561L, 
        562L, 563L, 564L, 565L, 566L, 567L, 568L, 569L, 570L, 
        571L, 572L, 573L, 574L, 575L, 576L, 577L, 578L, 579L, 
        580L, 581L, 582L, 583L, 584L, 585L, 586L, 587L, 588L, 
        589L, 590L, 591L, 592L, 593L, 594L, 595L, 596L, 597L, 
        598L, 599L, 600L, 601L, 602L, 603L, 604L, 605L, 606L, 
        607L, 608L, 609L, 610L, 611L, 612L, 613L, 614L, 615L, 
        616L, 617L, 618L, 619L, 620L, 621L, 622L, 623L, 624L, 
        625L, 626L, 627L, 628L, 629L, 630L, 631L, 632L, 633L, 
        634L, 635L, 636L, 637L, 638L, 639L, 640L, 641L, 642L, 
        643L, 644L, 645L, 646L, 647L, 648L, 649L, 650L, 651L, 
        652L, 653L, 654L, 655L, 656L, 657L, 658L, 659L, 660L, 
        661L, 662L, 663L, 664L, 665L, 666L, 667L, 668L, 669L, 
        670L, 671L, 672L, 673L, 674L, 675L, 676L, 677L, 678L, 
        679L, 680L, 681L, 682L, 683L, 684L, 685L, 686L, 687L, 
        688L, 689L, 690L, 691L, 692L, 693L, 694L, 695L, 696L, 
        697L, 698L, 699L, 700L, 701L, 702L, 703L, 704L, 705L, 
        706L, 707L, 708L, 709L, 710L, 711L, 712L, 713L, 714L, 
        715L, 716L, 717L, 718L, 719L, 720L, 721L, 722L, 723L, 
        724L, 725L, 726L, 727L, 728L, 729L, 730L, 731L, 732L, 
        733L, 734L, 735L, 736L, 737L, 738L, 739L, 740L, 741L, 
        742L, 743L, 744L, 745L, 746L, 747L, 748L, 749L, 750L, 
        751L, 752L, 753L, 754L, 755L, 756L, 757L, 758L, 759L, 
        760L, 761L, 762L, 763L, 764L, 765L, 766L, 767L, 768L, 
        769L, 770L, 771L, 772L, 773L, 774L, 775L, 776L, 777L, 
        778L, 779L, 780L, 781L, 782L, 783L, 784L, 785L, 786L, 
        787L, 788L, 789L, 790L, 791L, 792L, 793L, 794L, 795L, 
        796L, 797L, 798L, 799L, 800L, 801L, 802L, 803L, 804L, 
        805L, 806L, 807L, 808L, 809L, 810L, 811L, 812L, 813L, 
        814L, 815L, 816L, 817L, 818L, 819L, 820L, 821L, 822L, 
        823L, 824L, 825L, 826L, 827L, 828L, 829L, 830L, 831L, 
        832L, 833L, 834L, 835L, 836L, 837L, 838L, 839L, 840L, 
        841L, 842L, 843L, 844L, 845L, 846L, 847L, 848L, 849L, 
        850L, 851L, 852L, 853L, 854L, 855L, 856L, 857L, 858L, 
        859L, 860L, 861L, 862L, 863L, 864L, 865L, 866L, 867L, 
        868L, 869L, 870L, 871L, 872L, 873L, 874L, 875L, 876L, 
        877L, 878L, 879L, 880L, 881L, 882L, 883L, 884L, 885L, 
        886L, 887L, 888L, 889L, 890L, 891L, 892L, 893L, 894L, 
        895L, 896L, 897L, 898L, 899L, 900L, 901L, 902L, 903L, 
        904L, 905L, 906L, 907L, 908L, 909L, 910L, 911L, 912L, 
        913L, 914L, 915L, 916L, 917L, 918L, 919L, 920L, 921L, 
        922L, 923L, 924L, 925L, 926L, 927L, 928L, 929L, 930L, 
        931L, 932L, 933L, 934L, 935L, 936L, 937L, 938L, 939L, 
        940L, 941L, 942L, 943L, 944L, 945L, 946L, 947L, 948L, 
        949L, 950L, 951L, 952L, 953L, 954L, 955L, 956L, 957L, 
        958L, 959L, 960L, 961L, 962L, 963L, 964L, 965L, 966L, 
        967L, 968L, 969L, 970L, 971L, 972L, 973L, 974L, 975L, 
        976L, 977L, 978L, 979L, 980L, 981L, 982L, 983L, 984L, 
        985L, 986L, 987L, 988L, 989L, 990L, 991L, 992L, 993L, 
        994L, 995L, 996L, 997L, 998L, 999L, 1000L, 3L, 4L, 5L, 
        6L, 7L, 8L, 9L, 10L, 11L, 12L, 13L, 14L, 15L, 16L, 17L, 
        18L, 19L, 20L, 21L, 22L, 23L, 24L, 25L, 26L, 27L, 28L, 
        29L, 30L, 31L, 32L, 33L, 34L, 35L, 36L, 37L, 38L, 39L, 
        40L, 41L, 42L, 43L, 44L, 45L, 46L, 47L, 48L, 49L, 50L, 
        51L, 52L, 53L, 54L, 55L, 56L, 57L, 58L, 59L, 60L, 61L, 
        62L, 63L, 64L, 65L, 66L, 67L, 68L, 69L, 70L, 71L, 72L, 
        73L, 74L, 75L, 76L, 77L, 78L, 79L, 80L, 81L, 82L, 83L, 
        84L, 85L, 86L, 87L, 88L, 89L, 90L, 91L, 92L, 93L, 94L, 
        95L, 96L, 97L, 98L, 99L, 100L, 101L, 102L, 103L, 104L, 
        105L, 106L, 107L, 108L, 109L, 110L, 111L, 112L, 113L, 
        114L, 115L, 116L, 117L, 118L, 119L, 120L, 121L, 122L, 
        123L, 124L, 125L, 126L, 127L, 128L, 129L, 130L, 131L, 
        132L, 133L, 134L, 135L, 136L, 137L, 138L, 139L, 140L, 
        141L, 142L, 143L, 144L, 145L, 146L, 147L, 148L, 149L, 
        150L, 151L, 152L, 153L, 154L, 155L, 156L, 157L, 158L, 
        159L, 160L, 161L, 162L, 163L, 164L, 165L, 166L, 167L, 
        168L, 169L, 170L, 171L, 172L, 173L, 174L, 175L, 176L, 
        177L, 178L, 179L, 180L, 181L, 182L, 183L, 184L, 185L, 
        186L, 187L, 188L, 189L, 190L, 191L, 192L, 193L, 194L, 
        195L, 196L, 197L, 198L, 199L, 200L, 201L, 202L, 203L, 
        204L, 205L, 206L, 207L, 208L, 209L, 210L, 211L, 212L, 
        213L, 214L, 215L, 216L, 217L, 218L, 219L, 220L, 221L, 
        222L, 223L, 224L, 225L, 226L, 227L, 228L, 229L, 230L, 
        231L, 232L, 233L, 234L, 235L, 236L, 237L, 238L, 239L, 
        240L, 241L, 242L, 243L, 244L, 245L, 246L, 247L, 248L, 
        249L, 250L, 251L, 252L, 253L, 254L, 255L, 256L, 257L, 
        258L, 259L, 260L, 261L, 262L, 263L, 264L, 265L, 266L, 
        267L, 268L, 269L, 270L, 271L, 272L, 273L, 274L, 275L, 
        276L, 277L, 278L, 279L, 280L, 281L, 282L, 283L, 284L, 
        285L, 286L, 287L, 288L, 289L, 290L, 291L, 292L, 293L, 
        294L, 295L, 296L, 297L, 298L, 299L, 300L, 301L, 302L, 
        303L, 304L, 305L, 306L, 307L, 308L, 309L, 310L, 311L, 
        312L, 313L, 314L, 315L, 316L, 317L, 318L, 319L, 320L, 
        321L, 322L, 323L, 324L, 325L, 326L, 327L, 328L, 329L, 
        330L, 331L, 332L, 333L, 334L, 335L, 336L, 337L, 338L, 
        339L, 340L, 341L, 342L, 343L, 344L, 345L, 346L, 347L, 
        348L, 349L, 350L, 351L, 352L, 353L, 354L, 355L, 356L, 
        357L, 358L, 359L, 360L, 361L, 362L, 363L, 364L, 365L, 
        366L, 367L, 368L, 369L, 370L, 371L, 372L, 373L, 374L, 
        375L, 376L, 377L, 378L, 379L, 380L, 381L, 382L, 383L, 
        384L, 385L, 386L, 387L, 388L, 389L, 390L, 391L, 392L, 
        393L, 394L, 395L, 396L, 397L, 398L, 399L, 400L, 401L, 
        402L, 403L, 404L, 405L, 406L, 407L, 408L, 409L, 410L, 
        411L, 412L, 413L, 414L, 415L, 416L, 417L, 418L, 419L, 
        420L, 421L, 422L, 423L, 424L, 425L, 426L, 427L, 428L, 
        429L, 430L, 431L, 432L, 433L, 434L, 435L, 436L, 437L, 
        438L, 439L, 440L, 441L, 442L, 443L, 444L, 445L, 446L, 
        447L, 448L, 449L, 450L, 451L, 452L, 453L, 454L, 455L, 
        456L, 457L, 458L, 459L, 460L, 461L, 462L, 463L, 464L, 
        465L, 466L, 467L, 468L, 469L, 470L, 471L, 472L, 473L, 
        474L, 475L, 476L, 477L, 478L, 479L, 480L, 481L, 482L, 
        483L, 484L, 485L, 486L, 487L, 488L, 489L, 490L, 491L, 
        492L, 493L, 494L, 495L, 496L, 497L, 498L, 499L, 500L, 
        501L, 502L, 503L, 504L, 505L, 506L, 507L, 508L, 509L, 
        510L, 511L, 512L, 513L, 514L, 515L, 516L, 517L, 518L, 
        519L, 520L, 521L, 522L, 523L, 524L, 525L, 526L, 527L, 
        528L, 529L, 530L, 531L, 532L, 533L, 534L, 535L, 536L, 
        537L, 538L, 539L, 540L, 541L, 542L, 543L, 544L, 545L, 
        546L, 547L, 548L, 549L, 550L, 551L, 552L, 553L, 554L, 
        555L, 556L, 557L, 558L, 559L, 560L, 561L, 562L, 563L, 
        564L, 565L, 566L, 567L, 568L, 569L, 570L, 571L, 572L, 
        573L, 574L, 575L, 576L, 577L, 578L, 579L, 580L, 581L, 
        582L, 583L, 584L, 585L, 586L, 587L, 588L, 589L, 590L, 
        591L, 592L, 593L, 594L, 595L, 596L, 597L, 598L, 599L, 
        600L, 601L, 602L, 603L, 604L, 605L, 606L, 607L, 608L, 
        609L, 610L, 611L, 612L, 613L, 614L, 615L, 616L, 617L, 
        618L, 619L, 620L, 621L, 622L, 623L, 624L, 625L, 626L, 
        627L, 628L, 629L, 630L, 631L, 632L, 633L, 634L, 635L, 
        636L, 637L, 638L, 639L, 640L, 641L, 642L, 643L, 644L, 
        645L, 646L, 647L, 648L, 649L, 650L, 651L, 652L, 653L, 
        654L, 655L, 656L, 657L, 658L, 659L, 660L, 661L, 662L, 
        663L, 664L, 665L, 666L, 667L, 668L, 669L, 670L, 671L, 
        672L, 673L, 674L, 675L, 676L, 677L, 678L, 679L, 680L, 
        681L, 682L, 683L, 684L, 685L, 686L, 687L, 688L, 689L, 
        690L, 691L, 692L, 693L, 694L, 695L, 696L, 697L, 698L, 
        699L, 700L, 701L, 702L, 703L, 704L, 705L, 706L, 707L, 
        708L, 709L, 710L, 711L, 712L, 713L, 714L, 715L, 716L, 
        717L, 718L, 719L, 720L, 721L, 722L, 723L, 724L, 725L, 
        726L, 727L, 728L, 729L, 730L, 731L, 732L, 733L, 734L, 
        735L, 736L, 737L, 738L, 739L, 740L, 741L, 742L, 743L, 
        744L, 745L, 746L, 747L, 748L, 749L, 750L, 751L, 752L, 
        753L, 754L, 755L, 756L, 757L, 758L, 759L, 760L, 761L, 
        762L, 763L, 764L, 765L, 766L, 767L, 768L, 769L, 770L, 
        771L, 772L, 773L, 774L, 775L, 776L, 777L, 778L, 779L, 
        780L, 781L, 782L, 783L, 784L, 785L, 786L, 787L, 788L, 
        789L, 790L, 791L, 792L, 793L, 794L, 795L, 796L, 797L, 
        798L, 799L, 800L, 801L, 802L, 803L, 804L, 805L, 806L, 
        807L, 808L, 809L, 810L, 811L, 812L, 813L, 814L, 815L, 
        816L, 817L, 818L, 819L, 820L, 821L, 822L, 823L, 824L, 
        825L, 826L, 827L, 828L, 829L, 830L, 831L, 832L, 833L, 
        834L, 835L, 836L, 837L, 838L, 839L, 840L, 841L, 842L, 
        843L, 844L, 845L, 846L, 847L, 848L, 849L, 850L, 851L, 
        852L, 853L, 854L, 855L, 856L, 857L, 858L, 859L, 860L, 
        861L, 862L, 863L, 864L, 865L, 866L, 867L, 868L, 869L, 
        870L, 871L, 872L, 873L, 874L, 875L, 876L, 877L, 878L, 
        879L, 880L, 881L, 882L, 883L, 884L, 885L, 886L, 887L, 
        888L, 889L, 890L, 891L, 892L, 893L, 894L, 895L, 896L, 
        897L, 898L, 899L, 900L, 901L, 902L, 903L, 904L, 905L, 
        906L, 907L, 908L, 909L, 910L, 911L, 912L, 913L, 914L, 
        915L, 916L, 917L, 918L, 919L, 920L, 921L, 922L, 923L, 
        924L, 925L, 926L, 927L, 928L, 929L, 930L, 931L, 932L, 
        933L, 934L, 935L, 936L, 937L, 938L, 939L, 940L, 941L, 
        942L, 943L, 944L, 945L, 946L, 947L, 948L, 949L, 950L, 
        951L, 952L, 953L, 954L, 955L, 956L, 957L, 958L, 959L, 
        960L, 961L, 962L, 963L, 964L, 965L, 966L, 967L, 968L, 
        969L, 970L, 971L, 972L, 973L, 974L, 975L, 976L, 977L, 
        978L, 979L, 980L, 981L, 982L, 983L, 984L, 985L, 986L, 
        987L, 988L, 989L, 990L, 991L, 992L, 993L, 994L, 995L, 
        996L, 997L, 998L, 999L, 1000L), u_mat_inds_obs_y = c(1L, 
        1001L, 1003L, 1005L, 1007L, 1009L, 1011L, 1013L, 1015L, 
        1017L, 1019L, 1021L, 1023L, 1025L, 1027L, 1029L, 1031L, 
        1033L, 1035L, 1037L, 1039L, 1041L, 1043L, 1045L, 1047L, 
        1049L, 1051L, 1053L, 1055L, 1057L, 1059L, 1061L, 1063L, 
        1065L, 1067L, 1069L, 1071L, 1073L, 1075L, 1077L, 1079L, 
        1081L, 1083L, 1085L, 1087L, 1089L, 1091L, 1093L, 1095L, 
        1097L, 1099L, 1101L, 1103L, 1105L, 1107L, 1109L, 1111L, 
        1113L, 1115L, 1117L, 1119L, 1121L, 1123L, 1125L, 1127L, 
        1129L, 1131L, 1133L, 1135L, 1137L, 1139L, 1141L, 1143L, 
        1145L, 1147L, 1149L, 1151L, 1153L, 1155L, 1157L, 1159L, 
        1161L, 1163L, 1165L, 1167L, 1169L, 1171L, 1173L, 1175L, 
        1177L, 1179L, 1181L, 1183L, 1185L, 1187L, 1189L, 1191L, 
        1193L, 1195L, 1197L, 1199L, 1201L, 1203L, 1205L, 1207L, 
        1209L, 1211L, 1213L, 1215L, 1217L, 1219L, 1221L, 1223L, 
        1225L, 1227L, 1229L, 1231L, 1233L, 1235L, 1237L, 1239L, 
        1241L, 1243L, 1245L, 1247L, 1249L, 1251L, 1253L, 1255L, 
        1257L, 1259L, 1261L, 1263L, 1265L, 1267L, 1269L, 1271L, 
        1273L, 1275L, 1277L, 1279L, 1281L, 1283L, 1285L, 1287L, 
        1289L, 1291L, 1293L, 1295L, 1297L, 1299L, 1301L, 1303L, 
        1305L, 1307L, 1309L, 1311L, 1313L, 1315L, 1317L, 1319L, 
        1321L, 1323L, 1325L, 1327L, 1329L, 1331L, 1333L, 1335L, 
        1337L, 1339L, 1341L, 1343L, 1345L, 1347L, 1349L, 1351L, 
        1353L, 1355L, 1357L, 1359L, 1361L, 1363L, 1365L, 1367L, 
        1369L, 1371L, 1373L, 1375L, 1377L, 1379L, 1381L, 1383L, 
        1385L, 1387L, 1389L, 1391L, 1393L, 1395L, 1397L, 1399L, 
        1401L, 1403L, 1405L, 1407L, 1409L, 1411L, 1413L, 1415L, 
        1417L, 1419L, 1421L, 1423L, 1425L, 1427L, 1429L, 1431L, 
        1433L, 1435L, 1437L, 1439L, 1441L, 1443L, 1445L, 1447L, 
        1449L, 1451L, 1453L, 1455L, 1457L, 1459L, 1461L, 1463L, 
        1465L, 1467L, 1469L, 1471L, 1473L, 1475L, 1477L, 1479L, 
        1481L, 1483L, 1485L, 1487L, 1489L, 1491L, 1493L, 1495L, 
        1497L, 1499L, 1501L, 1503L, 1505L, 1507L, 1509L, 1511L, 
        1513L, 1515L, 1517L, 1519L, 1521L, 1523L, 1525L, 1527L, 
        1529L, 1531L, 1533L, 1535L, 1537L, 1539L, 1541L, 1543L, 
        1545L, 1547L, 1549L, 1551L, 1553L, 1555L, 1557L, 1559L, 
        1561L, 1563L, 1565L, 1567L, 1569L, 1571L, 1573L, 1575L, 
        1577L, 1579L, 1581L, 1583L, 1585L, 1587L, 1589L, 1591L, 
        1593L, 1595L, 1597L, 1599L, 1601L, 1603L, 1605L, 1607L, 
        1609L, 1611L, 1613L, 1615L, 1617L, 1619L, 1621L, 1623L, 
        1625L, 1627L, 1629L, 1631L, 1633L, 1635L, 1637L, 1639L, 
        1641L, 1643L, 1645L, 1647L, 1649L, 1651L, 1653L, 1655L, 
        1657L, 1659L, 1661L, 1663L, 1665L, 1667L, 1669L, 1671L, 
        1673L, 1675L, 1677L, 1679L, 1681L, 1683L, 1685L, 1687L, 
        1689L, 1691L, 1693L, 1695L, 1697L, 1699L, 1701L, 1703L, 
        1705L, 1707L, 1709L, 1711L, 1713L, 1715L, 1717L, 1719L, 
        1721L, 1723L, 1725L, 1727L, 1729L, 1731L, 1733L, 1735L, 
        1737L, 1739L, 1741L, 1743L, 1745L, 1747L, 1749L, 1751L, 
        1753L, 1755L, 1757L, 1759L, 1761L, 1763L, 1765L, 1767L, 
        1769L, 1771L, 1773L, 1775L, 1777L, 1779L, 1781L, 1783L, 
        1785L, 1787L, 1789L, 1791L, 1793L, 1795L, 1797L, 1799L, 
        1801L, 1803L, 1805L, 1807L, 1809L, 1811L, 1813L, 1815L, 
        1817L, 1819L, 1821L, 1823L, 1825L, 1827L, 1829L, 1831L, 
        1833L, 1835L, 1837L, 1839L, 1841L, 1843L, 1845L, 1847L, 
        1849L, 1851L, 1853L, 1855L, 1857L, 1859L, 1861L, 1863L, 
        1865L, 1867L, 1869L, 1871L, 1873L, 1875L, 1877L, 1879L, 
        1881L, 1883L, 1885L, 1887L, 1889L, 1891L, 1893L, 1895L, 
        1897L, 1899L, 1901L, 1903L, 1905L, 1907L, 1909L, 1911L, 
        1913L, 1915L, 1917L, 1919L, 1921L, 1923L, 1925L, 1927L, 
        1929L, 1931L, 1933L, 1935L, 1937L, 1939L, 1941L, 1943L, 
        1945L, 1947L, 1949L, 1951L, 1953L, 1955L, 1957L, 1959L, 
        1961L, 1963L, 1965L, 1967L, 1969L, 1971L, 1973L, 1975L, 
        1977L, 1979L, 1981L, 1983L, 1985L, 1987L, 1989L, 1991L, 
        1993L, 1995L, 1997L, 1999L), n_mat_inds_cens_y = c(0L, 
        0L, 501L), w_mat_inds_cens_y = numeric(0), v_mat_inds_cens_y = integer(0), 
        u_mat_inds_cens_y = c(1L, 1L, 1L, 1L, 1L, 1L, 1L, 1L, 
        1L, 1L, 1L, 1L, 1L, 1L, 1L, 1L, 1L, 1L, 1L, 1L, 1L, 1L, 
        1L, 1L, 1L, 1L, 1L, 1L, 1L, 1L, 1L, 1L, 1L, 1L, 1L, 1L, 
        1L, 1L, 1L, 1L, 1L, 1L, 1L, 1L, 1L, 1L, 1L, 1L, 1L, 1L, 
        1L, 1L, 1L, 1L, 1L, 1L, 1L, 1L, 1L, 1L, 1L, 1L, 1L, 1L, 
        1L, 1L, 1L, 1L, 1L, 1L, 1L, 1L, 1L, 1L, 1L, 1L, 1L, 1L, 
        1L, 1L, 1L, 1L, 1L, 1L, 1L, 1L, 1L, 1L, 1L, 1L, 1L, 1L, 
        1L, 1L, 1L, 1L, 1L, 1L, 1L, 1L, 1L, 1L, 1L, 1L, 1L, 1L, 
        1L, 1L, 1L, 1L, 1L, 1L, 1L, 1L, 1L, 1L, 1L, 1L, 1L, 1L, 
        1L, 1L, 1L, 1L, 1L, 1L, 1L, 1L, 1L, 1L, 1L, 1L, 1L, 1L, 
        1L, 1L, 1L, 1L, 1L, 1L, 1L, 1L, 1L, 1L, 1L, 1L, 1L, 1L, 
        1L, 1L, 1L, 1L, 1L, 1L, 1L, 1L, 1L, 1L, 1L, 1L, 1L, 1L, 
        1L, 1L, 1L, 1L, 1L, 1L, 1L, 1L, 1L, 1L, 1L, 1L, 1L, 1L, 
        1L, 1L, 1L, 1L, 1L, 1L, 1L, 1L, 1L, 1L, 1L, 1L, 1L, 1L, 
        1L, 1L, 1L, 1L, 1L, 1L, 1L, 1L, 1L, 1L, 1L, 1L, 1L, 1L, 
        1L, 1L, 1L, 1L, 1L, 1L, 1L, 1L, 1L, 1L, 1L, 1L, 1L, 1L, 
        1L, 1L, 1L, 1L, 1L, 1L, 1L, 1L, 1L, 1L, 1L, 1L, 1L, 1L, 
        1L, 1L, 1L, 1L, 1L, 1L, 1L, 1L, 1L, 1L, 1L, 1L, 1L, 1L, 
        1L, 1L, 1L, 1L, 1L, 1L, 1L, 1L, 1L, 1L, 1L, 1L, 1L, 1L, 
        1L, 1L, 1L, 1L, 1L, 1L, 1L, 1L, 1L, 1L, 1L, 1L, 1L, 1L, 
        1L, 1L, 1L, 1L, 1L, 1L, 1L, 1L, 1L, 1L, 1L, 1L, 1L, 1L, 
        1L, 1L, 1L, 1L, 1L, 1L, 1L, 1L, 1L, 1L, 1L, 1L, 1L, 1L, 
        1L, 1L, 1L, 1L, 1L, 1L, 1L, 1L, 1L, 1L, 1L, 1L, 1L, 1L, 
        1L, 1L, 1L, 1L, 1L, 1L, 1L, 1L, 1L, 1L, 1L, 1L, 1L, 1L, 
        1L, 1L, 1L, 1L, 1L, 1L, 1L, 1L, 1L, 1L, 1L, 1L, 1L, 1L, 
        1L, 1L, 1L, 1L, 1L, 1L, 1L, 1L, 1L, 1L, 1L, 1L, 1L, 1L, 
        1L, 1L, 1L, 1L, 1L, 1L, 1L, 1L, 1L, 1L, 1L, 1L, 1L, 1L, 
        1L, 1L, 1L, 1L, 1L, 1L, 1L, 1L, 1L, 1L, 1L, 1L, 1L, 1L, 
        1L, 1L, 1L, 1L, 1L, 1L, 1L, 1L, 1L, 1L, 1L, 1L, 1L, 1L, 
        1L, 1L, 1L, 1L, 1L, 1L, 1L, 1L, 1L, 1L, 1L, 1L, 1L, 1L, 
        1L, 1L, 1L, 1L, 1L, 1L, 1L, 1L, 1L, 1L, 1L, 1L, 1L, 1L, 
        1L, 1L, 1L, 1L, 1L, 1L, 1L, 1L, 1L, 1L, 1L, 1L, 1L, 1L, 
        1L, 1L, 1L, 1L, 1L, 1L, 1L, 1L, 1L, 1L, 1L, 1L, 1L, 1L, 
        1L, 1L, 1L, 1L, 1L, 1L, 1L, 1L, 1L, 1L, 1L, 1L, 1L, 1L, 
        1L, 1L, 1L, 1L, 1L, 1L, 1L, 1L, 1L, 1L, 1L, 1L, 1L, 1L, 
        1L, 1L, 1L, 1L, 1L, 1L, 1L, 1L, 1L, 1L, 1L, 1L, 1L, 1L, 
        1L, 1L, 1L), n_mat_inds_all_y = c(1998L, 1998L, 501L), 
        w_mat_inds_all_y = c(1, 1, 1, 1, 1, 1, 1, 1, 1, 1, 1, 
        1, 1, 1, 1, 1, 1, 1, 1, 1, 1, 1, 1, 1, 1, 1, 1, 1, 1, 
        1, 1, 1, 1, 1, 1, 1, 1, 1, 1, 1, 1, 1, 1, 1, 1, 1, 1, 
        1, 1, 1, 1, 1, 1, 1, 1, 1, 1, 1, 1, 1, 1, 1, 1, 1, 1, 
        1, 1, 1, 1, 1, 1, 1, 1, 1, 1, 1, 1, 1, 1, 1, 1, 1, 1, 
        1, 1, 1, 1, 1, 1, 1, 1, 1, 1, 1, 1, 1, 1, 1, 1, 1, 1, 
        1, 1, 1, 1, 1, 1, 1, 1, 1, 1, 1, 1, 1, 1, 1, 1, 1, 1, 
        1, 1, 1, 1, 1, 1, 1, 1, 1, 1, 1, 1, 1, 1, 1, 1, 1, 1, 
        1, 1, 1, 1, 1, 1, 1, 1, 1, 1, 1, 1, 1, 1, 1, 1, 1, 1, 
        1, 1, 1, 1, 1, 1, 1, 1, 1, 1, 1, 1, 1, 1, 1, 1, 1, 1, 
        1, 1, 1, 1, 1, 1, 1, 1, 1, 1, 1, 1, 1, 1, 1, 1, 1, 1, 
        1, 1, 1, 1, 1, 1, 1, 1, 1, 1, 1, 1, 1, 1, 1, 1, 1, 1, 
        1, 1, 1, 1, 1, 1, 1, 1, 1, 1, 1, 1, 1, 1, 1, 1, 1, 1, 
        1, 1, 1, 1, 1, 1, 1, 1, 1, 1, 1, 1, 1, 1, 1, 1, 1, 1, 
        1, 1, 1, 1, 1, 1, 1, 1, 1, 1, 1, 1, 1, 1, 1, 1, 1, 1, 
        1, 1, 1, 1, 1, 1, 1, 1, 1, 1, 1, 1, 1, 1, 1, 1, 1, 1, 
        1, 1, 1, 1, 1, 1, 1, 1, 1, 1, 1, 1, 1, 1, 1, 1, 1, 1, 
        1, 1, 1, 1, 1, 1, 1, 1, 1, 1, 1, 1, 1, 1, 1, 1, 1, 1, 
        1, 1, 1, 1, 1, 1, 1, 1, 1, 1, 1, 1, 1, 1, 1, 1, 1, 1, 
        1, 1, 1, 1, 1, 1, 1, 1, 1, 1, 1, 1, 1, 1, 1, 1, 1, 1, 
        1, 1, 1, 1, 1, 1, 1, 1, 1, 1, 1, 1, 1, 1, 1, 1, 1, 1, 
        1, 1, 1, 1, 1, 1, 1, 1, 1, 1, 1, 1, 1, 1, 1, 1, 1, 1, 
        1, 1, 1, 1, 1, 1, 1, 1, 1, 1, 1, 1, 1, 1, 1, 1, 1, 1, 
        1, 1, 1, 1, 1, 1, 1, 1, 1, 1, 1, 1, 1, 1, 1, 1, 1, 1, 
        1, 1, 1, 1, 1, 1, 1, 1, 1, 1, 1, 1, 1, 1, 1, 1, 1, 1, 
        1, 1, 1, 1, 1, 1, 1, 1, 1, 1, 1, 1, 1, 1, 1, 1, 1, 1, 
        1, 1, 1, 1, 1, 1, 1, 1, 1, 1, 1, 1, 1, 1, 1, 1, 1, 1, 
        1, 1, 1, 1, 1, 1, 1, 1, 1, 1, 1, 1, 1, 1, 1, 1, 1, 1, 
        1, 1, 1, 1, 1, 1, 1, 1, 1, 1, 1, 1, 1, 1, 1, 1, 1, 1, 
        1, 1, 1, 1, 1, 1, 1, 1, 1, 1, 1, 1, 1, 1, 1, 1, 1, 1, 
        1, 1, 1, 1, 1, 1, 1, 1, 1, 1, 1, 1, 1, 1, 1, 1, 1, 1, 
        1, 1, 1, 1, 1, 1, 1, 1, 1, 1, 1, 1, 1, 1, 1, 1, 1, 1, 
        1, 1, 1, 1, 1, 1, 1, 1, 1, 1, 1, 1, 1, 1, 1, 1, 1, 1, 
        1, 1, 1, 1, 1, 1, 1, 1, 1, 1, 1, 1, 1, 1, 1, 1, 1, 1, 
        1, 1, 1, 1, 1, 1, 1, 1, 1, 1, 1, 1, 1, 1, 1, 1, 1, 1, 
        1, 1, 1, 1, 1, 1, 1, 1, 1, 1, 1, 1, 1, 1, 1, 1, 1, 1, 
        1, 1, 1, 1, 1, 1, 1, 1, 1, 1, 1, 1, 1, 1, 1, 1, 1, 1, 
        1, 1, 1, 1, 1, 1, 1, 1, 1, 1, 1, 1, 1, 1, 1, 1, 1, 1, 
        1, 1, 1, 1, 1, 1, 1, 1, 1, 1, 1, 1, 1, 1, 1, 1, 1, 1, 
        1, 1, 1, 1, 1, 1, 1, 1, 1, 1, 1, 1, 1, 1, 1, 1, 1, 1, 
        1, 1, 1, 1, 1, 1, 1, 1, 1, 1, 1, 1, 1, 1, 1, 1, 1, 1, 
        1, 1, 1, 1, 1, 1, 1, 1, 1, 1, 1, 1, 1, 1, 1, 1, 1, 1, 
        1, 1, 1, 1, 1, 1, 1, 1, 1, 1, 1, 1, 1, 1, 1, 1, 1, 1, 
        1, 1, 1, 1, 1, 1, 1, 1, 1, 1, 1, 1, 1, 1, 1, 1, 1, 1, 
        1, 1, 1, 1, 1, 1, 1, 1, 1, 1, 1, 1, 1, 1, 1, 1, 1, 1, 
        1, 1, 1, 1, 1, 1, 1, 1, 1, 1, 1, 1, 1, 1, 1, 1, 1, 1, 
        1, 1, 1, 1, 1, 1, 1, 1, 1, 1, 1, 1, 1, 1, 1, 1, 1, 1, 
        1, 1, 1, 1, 1, 1, 1, 1, 1, 1, 1, 1, 1, 1, 1, 1, 1, 1, 
        1, 1, 1, 1, 1, 1, 1, 1, 1, 1, 1, 1, 1, 1, 1, 1, 1, 1, 
        1, 1, 1, 1, 1, 1, 1, 1, 1, 1, 1, 1, 1, 1, 1, 1, 1, 1, 
        1, 1, 1, 1, 1, 1, 1, 1, 1, 1, 1, 1, 1, 1, 1, 1, 1, 1, 
        1, 1, 1, 1, 1, 1, 1, 1, 1, 1, 1, 1, 1, 1, 1, 1, 1, 1, 
        1, 1, 1, 1, 1, 1, 1, 1, 1, 1, 1, 1, 1, 1, 1, 1, 1, 1, 
        1, 1, 1, 1, 1, 1, 1, 1, 1, 1, 1, 1, 1, 1, 1, 1, 1, 1, 
        1, 1, 1, 1, 1, 1, 1, 1, 1, 1, 1, 1, 1, 1, 1, 1, 1, 1, 
        1, 1, 1, 1, 1, 1, 1, 1, 1, 1, 1, 1, 1, 1, 1, 1, 1, 1, 
        1, 1, 1, 1, 1, 1, 1, 1, 1, 1, 1, 1, 1, 1, 1, 1, 1, 1, 
        1, 1, 1, 1, 1, 1, 1, 1, 1, 1, 1, 1, 1, 1, 1, 1, 1, 1, 
        1, 1, 1, 1, 1, 1, 1, 1, 1, 1, 1, 1, 1, 1, 1, 1, 1, 1, 
        1, 1, 1, 1, 1, 1, 1, 1, 1, 1, 1, 1, 1, 1, 1, 1, 1, 1, 
        1, 1, 1, 1, 1, 1, 1, 1, 1, 1, 1, 1, 1, 1, 1, 1, 1, 1, 
        1, 1, 1, 1, 1, 1, 1, 1, 1, 1, 1, 1, 1, 1, 1, 1, 1, 1, 
        1, 1, 1, 1, 1, 1, 1, 1, 1, 1, 1, 1, 1, 1, 1, 1, 1, 1, 
        1, 1, 1, 1, 1, 1, 1, 1, 1, 1, 1, 1, 1, 1, 1, 1, 1, 1, 
        1, 1, 1, 1, 1, 1, 1, 1, 1, 1, 1, 1, 1, 1, 1, 1, 1, 1, 
        1, 1, 1, 1, 1, 1, 1, 1, 1, 1, 1, 1, 1, 1, 1, 1, 1, 1, 
        1, 1, 1, 1, 1, 1, 1, 1, 1, 1, 1, 1, 1, 1, 1, 1, 1, 1, 
        1, 1, 1, 1, 1, 1, 1, 1, 1, 1, 1, 1, 1, 1, 1, 1, 1, 1, 
        1, 1, 1, 1, 1, 1, 1, 1, 1, 1, 1, 1, 1, 1, 1, 1, 1, 1, 
        1, 1, 1, 1, 1, 1, 1, 1, 1, 1, 1, 1, 1, 1, 1, 1, 1, 1, 
        1, 1, 1, 1, 1, 1, 1, 1, 1, 1, 1, 1, 1, 1, 1, 1, 1, 1, 
        1, 1, 1, 1, 1, 1, 1, 1, 1, 1, 1, 1, 1, 1, 1, 1, 1, 1, 
        1, 1, 1, 1, 1, 1, 1, 1, 1, 1, 1, 1, 1, 1, 1, 1, 1, 1, 
        1, 1, 1, 1, 1, 1, 1, 1, 1, 1, 1, 1, 1, 1, 1, 1, 1, 1, 
        1, 1, 1, 1, 1, 1, 1, 1, 1, 1, 1, 1, 1, 1, 1, 1, 1, 1, 
        1, 1, 1, 1, 1, 1, 1, 1, 1, 1, 1, 1, 1, 1, 1, 1, 1, 1, 
        1, 1, 1, 1, 1, 1, 1, 1, 1, 1, 1, 1, 1, 1, 1, 1, 1, 1, 
        1, 1, 1, 1, 1, 1, 1, 1, 1, 1, 1, 1, 1, 1, 1, 1, 1, 1, 
        1, 1, 1, 1, 1, 1, 1, 1, 1, 1, 1, 1, 1, 1, 1, 1, 1, 1, 
        1, 1, 1, 1, 1, 1, 1, 1, 1, 1, 1, 1, 1, 1, 1, 1, 1, 1, 
        1, 1, 1, 1, 1, 1, 1, 1, 1, 1, 1, 1, 1, 1, 1, 1, 1, 1, 
        1, 1, 1, 1, 1, 1, 1, 1, 1, 1, 1, 1, 1, 1, 1, 1, 1, 1, 
        1, 1, 1, 1, 1, 1, 1, 1, 1, 1, 1, 1, 1, 1, 1, 1, 1, 1, 
        1, 1, 1, 1, 1, 1, 1, 1, 1, 1, 1, 1, 1, 1, 1, 1, 1, 1, 
        1, 1, 1, 1, 1, 1, 1, 1, 1, 1, 1, 1, 1, 1, 1, 1, 1, 1, 
        1, 1, 1, 1, 1, 1, 1, 1, 1, 1, 1, 1, 1, 1, 1, 1, 1, 1, 
        1, 1, 1, 1, 1, 1, 1, 1, 1, 1, 1, 1, 1, 1, 1, 1, 1, 1, 
        1, 1, 1, 1, 1, 1, 1, 1, 1, 1, 1, 1, 1, 1, 1, 1, 1, 1, 
        1, 1, 1, 1, 1, 1, 1, 1, 1, 1, 1, 1, 1, 1, 1, 1, 1, 1, 
        1, 1, 1, 1, 1, 1, 1, 1, 1, 1, 1, 1, 1, 1, 1, 1, 1, 1, 
        1, 1, 1, 1, 1, 1, 1, 1, 1, 1, 1, 1, 1, 1, 1, 1, 1, 1, 
        1, 1, 1, 1, 1, 1, 1, 1, 1, 1, 1, 1, 1, 1, 1, 1, 1, 1, 
        1, 1, 1, 1, 1, 1, 1, 1, 1, 1, 1, 1, 1, 1, 1, 1, 1, 1, 
        1, 1, 1, 1, 1, 1, 1, 1, 1, 1, 1, 1, 1, 1, 1, 1, 1, 1, 
        1, 1, 1, 1, 1, 1, 1, 1, 1, 1, 1, 1, 1, 1, 1, 1, 1, 1, 
        1, 1, 1, 1, 1, 1, 1, 1, 1, 1, 1, 1, 1, 1, 1, 1, 1, 1, 
        1, 1, 1, 1, 1, 1, 1, 1, 1, 1, 1, 1, 1, 1, 1, 1, 1, 1, 
        1, 1, 1, 1, 1, 1, 1, 1, 1, 1, 1, 1, 1, 1, 1, 1, 1, 1, 
        1, 1, 1, 1, 1, 1, 1, 1, 1, 1, 1, 1, 1, 1, 1, 1, 1, 1, 
        1, 1, 1, 1, 1, 1, 1, 1, 1, 1, 1, 1, 1, 1, 1, 1, 1, 1, 
        1, 1, 1, 1, 1, 1, 1, 1, 1, 1, 1, 1, 1, 1, 1, 1, 1, 1, 
        1, 1, 1, 1, 1, 1, 1, 1, 1, 1, 1, 1, 1, 1, 1, 1, 1, 1, 
        1, 1, 1, 1, 1, 1, 1, 1, 1, 1, 1, 1, 1, 1, 1, 1, 1, 1, 
        1, 1, 1, 1, 1, 1, 1, 1, 1, 1, 1, 1, 1, 1, 1, 1, 1, 1, 
        1, 1, 1, 1, 1, 1, 1, 1, 1, 1, 1, 1, 1, 1, 1, 1, 1, 1, 
        1, 1, 1, 1, 1, 1, 1, 1, 1, 1, 1, 1, 1, 1, 1, 1, 1, 1, 
        1, 1, 1, 1, 1, 1, 1, 1, 1, 1, 1, 1, 1, 1, 1, 1, 1, 1, 
        1, 1, 1, 1, 1, 1, 1, 1, 1, 1, 1, 1, 1, 1, 1, 1, 1, 1, 
        1, 1, 1, 1, 1, 1, 1, 1, 1, 1, 1, 1, 1, 1, 1, 1, 1, 1, 
        1, 1, 1, 1, 1, 1, 1, 1, 1, 1, 1, 1, 1, 1, 1, 1, 1, 1, 
        1, 1, 1, 1, 1, 1, 1, 1, 1, 1, 1, 1, 1, 1, 1, 1, 1, 1, 
        1, 1, 1, 1, 1, 1, 1), v_mat_inds_all_y = c(1L, 2L, 3L, 
        4L, 5L, 6L, 7L, 8L, 9L, 10L, 11L, 12L, 13L, 14L, 15L, 
        16L, 17L, 18L, 19L, 20L, 21L, 22L, 23L, 24L, 25L, 26L, 
        27L, 28L, 29L, 30L, 31L, 32L, 33L, 34L, 35L, 36L, 37L, 
        38L, 39L, 40L, 41L, 42L, 43L, 44L, 45L, 46L, 47L, 48L, 
        49L, 50L, 51L, 52L, 53L, 54L, 55L, 56L, 57L, 58L, 59L, 
        60L, 61L, 62L, 63L, 64L, 65L, 66L, 67L, 68L, 69L, 70L, 
        71L, 72L, 73L, 74L, 75L, 76L, 77L, 78L, 79L, 80L, 81L, 
        82L, 83L, 84L, 85L, 86L, 87L, 88L, 89L, 90L, 91L, 92L, 
        93L, 94L, 95L, 96L, 97L, 98L, 99L, 100L, 101L, 102L, 
        103L, 104L, 105L, 106L, 107L, 108L, 109L, 110L, 111L, 
        112L, 113L, 114L, 115L, 116L, 117L, 118L, 119L, 120L, 
        121L, 122L, 123L, 124L, 125L, 126L, 127L, 128L, 129L, 
        130L, 131L, 132L, 133L, 134L, 135L, 136L, 137L, 138L, 
        139L, 140L, 141L, 142L, 143L, 144L, 145L, 146L, 147L, 
        148L, 149L, 150L, 151L, 152L, 153L, 154L, 155L, 156L, 
        157L, 158L, 159L, 160L, 161L, 162L, 163L, 164L, 165L, 
        166L, 167L, 168L, 169L, 170L, 171L, 172L, 173L, 174L, 
        175L, 176L, 177L, 178L, 179L, 180L, 181L, 182L, 183L, 
        184L, 185L, 186L, 187L, 188L, 189L, 190L, 191L, 192L, 
        193L, 194L, 195L, 196L, 197L, 198L, 199L, 200L, 201L, 
        202L, 203L, 204L, 205L, 206L, 207L, 208L, 209L, 210L, 
        211L, 212L, 213L, 214L, 215L, 216L, 217L, 218L, 219L, 
        220L, 221L, 222L, 223L, 224L, 225L, 226L, 227L, 228L, 
        229L, 230L, 231L, 232L, 233L, 234L, 235L, 236L, 237L, 
        238L, 239L, 240L, 241L, 242L, 243L, 244L, 245L, 246L, 
        247L, 248L, 249L, 250L, 251L, 252L, 253L, 254L, 255L, 
        256L, 257L, 258L, 259L, 260L, 261L, 262L, 263L, 264L, 
        265L, 266L, 267L, 268L, 269L, 270L, 271L, 272L, 273L, 
        274L, 275L, 276L, 277L, 278L, 279L, 280L, 281L, 282L, 
        283L, 284L, 285L, 286L, 287L, 288L, 289L, 290L, 291L, 
        292L, 293L, 294L, 295L, 296L, 297L, 298L, 299L, 300L, 
        301L, 302L, 303L, 304L, 305L, 306L, 307L, 308L, 309L, 
        310L, 311L, 312L, 313L, 314L, 315L, 316L, 317L, 318L, 
        319L, 320L, 321L, 322L, 323L, 324L, 325L, 326L, 327L, 
        328L, 329L, 330L, 331L, 332L, 333L, 334L, 335L, 336L, 
        337L, 338L, 339L, 340L, 341L, 342L, 343L, 344L, 345L, 
        346L, 347L, 348L, 349L, 350L, 351L, 352L, 353L, 354L, 
        355L, 356L, 357L, 358L, 359L, 360L, 361L, 362L, 363L, 
        364L, 365L, 366L, 367L, 368L, 369L, 370L, 371L, 372L, 
        373L, 374L, 375L, 376L, 377L, 378L, 379L, 380L, 381L, 
        382L, 383L, 384L, 385L, 386L, 387L, 388L, 389L, 390L, 
        391L, 392L, 393L, 394L, 395L, 396L, 397L, 398L, 399L, 
        400L, 401L, 402L, 403L, 404L, 405L, 406L, 407L, 408L, 
        409L, 410L, 411L, 412L, 413L, 414L, 415L, 416L, 417L, 
        418L, 419L, 420L, 421L, 422L, 423L, 424L, 425L, 426L, 
        427L, 428L, 429L, 430L, 431L, 432L, 433L, 434L, 435L, 
        436L, 437L, 438L, 439L, 440L, 441L, 442L, 443L, 444L, 
        445L, 446L, 447L, 448L, 449L, 450L, 451L, 452L, 453L, 
        454L, 455L, 456L, 457L, 458L, 459L, 460L, 461L, 462L, 
        463L, 464L, 465L, 466L, 467L, 468L, 469L, 470L, 471L, 
        472L, 473L, 474L, 475L, 476L, 477L, 478L, 479L, 480L, 
        481L, 482L, 483L, 484L, 485L, 486L, 487L, 488L, 489L, 
        490L, 491L, 492L, 493L, 494L, 495L, 496L, 497L, 498L, 
        499L, 500L, 501L, 502L, 503L, 504L, 505L, 506L, 507L, 
        508L, 509L, 510L, 511L, 512L, 513L, 514L, 515L, 516L, 
        517L, 518L, 519L, 520L, 521L, 522L, 523L, 524L, 525L, 
        526L, 527L, 528L, 529L, 530L, 531L, 532L, 533L, 534L, 
        535L, 536L, 537L, 538L, 539L, 540L, 541L, 542L, 543L, 
        544L, 545L, 546L, 547L, 548L, 549L, 550L, 551L, 552L, 
        553L, 554L, 555L, 556L, 557L, 558L, 559L, 560L, 561L, 
        562L, 563L, 564L, 565L, 566L, 567L, 568L, 569L, 570L, 
        571L, 572L, 573L, 574L, 575L, 576L, 577L, 578L, 579L, 
        580L, 581L, 582L, 583L, 584L, 585L, 586L, 587L, 588L, 
        589L, 590L, 591L, 592L, 593L, 594L, 595L, 596L, 597L, 
        598L, 599L, 600L, 601L, 602L, 603L, 604L, 605L, 606L, 
        607L, 608L, 609L, 610L, 611L, 612L, 613L, 614L, 615L, 
        616L, 617L, 618L, 619L, 620L, 621L, 622L, 623L, 624L, 
        625L, 626L, 627L, 628L, 629L, 630L, 631L, 632L, 633L, 
        634L, 635L, 636L, 637L, 638L, 639L, 640L, 641L, 642L, 
        643L, 644L, 645L, 646L, 647L, 648L, 649L, 650L, 651L, 
        652L, 653L, 654L, 655L, 656L, 657L, 658L, 659L, 660L, 
        661L, 662L, 663L, 664L, 665L, 666L, 667L, 668L, 669L, 
        670L, 671L, 672L, 673L, 674L, 675L, 676L, 677L, 678L, 
        679L, 680L, 681L, 682L, 683L, 684L, 685L, 686L, 687L, 
        688L, 689L, 690L, 691L, 692L, 693L, 694L, 695L, 696L, 
        697L, 698L, 699L, 700L, 701L, 702L, 703L, 704L, 705L, 
        706L, 707L, 708L, 709L, 710L, 711L, 712L, 713L, 714L, 
        715L, 716L, 717L, 718L, 719L, 720L, 721L, 722L, 723L, 
        724L, 725L, 726L, 727L, 728L, 729L, 730L, 731L, 732L, 
        733L, 734L, 735L, 736L, 737L, 738L, 739L, 740L, 741L, 
        742L, 743L, 744L, 745L, 746L, 747L, 748L, 749L, 750L, 
        751L, 752L, 753L, 754L, 755L, 756L, 757L, 758L, 759L, 
        760L, 761L, 762L, 763L, 764L, 765L, 766L, 767L, 768L, 
        769L, 770L, 771L, 772L, 773L, 774L, 775L, 776L, 777L, 
        778L, 779L, 780L, 781L, 782L, 783L, 784L, 785L, 786L, 
        787L, 788L, 789L, 790L, 791L, 792L, 793L, 794L, 795L, 
        796L, 797L, 798L, 799L, 800L, 801L, 802L, 803L, 804L, 
        805L, 806L, 807L, 808L, 809L, 810L, 811L, 812L, 813L, 
        814L, 815L, 816L, 817L, 818L, 819L, 820L, 821L, 822L, 
        823L, 824L, 825L, 826L, 827L, 828L, 829L, 830L, 831L, 
        832L, 833L, 834L, 835L, 836L, 837L, 838L, 839L, 840L, 
        841L, 842L, 843L, 844L, 845L, 846L, 847L, 848L, 849L, 
        850L, 851L, 852L, 853L, 854L, 855L, 856L, 857L, 858L, 
        859L, 860L, 861L, 862L, 863L, 864L, 865L, 866L, 867L, 
        868L, 869L, 870L, 871L, 872L, 873L, 874L, 875L, 876L, 
        877L, 878L, 879L, 880L, 881L, 882L, 883L, 884L, 885L, 
        886L, 887L, 888L, 889L, 890L, 891L, 892L, 893L, 894L, 
        895L, 896L, 897L, 898L, 899L, 900L, 901L, 902L, 903L, 
        904L, 905L, 906L, 907L, 908L, 909L, 910L, 911L, 912L, 
        913L, 914L, 915L, 916L, 917L, 918L, 919L, 920L, 921L, 
        922L, 923L, 924L, 925L, 926L, 927L, 928L, 929L, 930L, 
        931L, 932L, 933L, 934L, 935L, 936L, 937L, 938L, 939L, 
        940L, 941L, 942L, 943L, 944L, 945L, 946L, 947L, 948L, 
        949L, 950L, 951L, 952L, 953L, 954L, 955L, 956L, 957L, 
        958L, 959L, 960L, 961L, 962L, 963L, 964L, 965L, 966L, 
        967L, 968L, 969L, 970L, 971L, 972L, 973L, 974L, 975L, 
        976L, 977L, 978L, 979L, 980L, 981L, 982L, 983L, 984L, 
        985L, 986L, 987L, 988L, 989L, 990L, 991L, 992L, 993L, 
        994L, 995L, 996L, 997L, 998L, 999L, 1000L, 3L, 4L, 5L, 
        6L, 7L, 8L, 9L, 10L, 11L, 12L, 13L, 14L, 15L, 16L, 17L, 
        18L, 19L, 20L, 21L, 22L, 23L, 24L, 25L, 26L, 27L, 28L, 
        29L, 30L, 31L, 32L, 33L, 34L, 35L, 36L, 37L, 38L, 39L, 
        40L, 41L, 42L, 43L, 44L, 45L, 46L, 47L, 48L, 49L, 50L, 
        51L, 52L, 53L, 54L, 55L, 56L, 57L, 58L, 59L, 60L, 61L, 
        62L, 63L, 64L, 65L, 66L, 67L, 68L, 69L, 70L, 71L, 72L, 
        73L, 74L, 75L, 76L, 77L, 78L, 79L, 80L, 81L, 82L, 83L, 
        84L, 85L, 86L, 87L, 88L, 89L, 90L, 91L, 92L, 93L, 94L, 
        95L, 96L, 97L, 98L, 99L, 100L, 101L, 102L, 103L, 104L, 
        105L, 106L, 107L, 108L, 109L, 110L, 111L, 112L, 113L, 
        114L, 115L, 116L, 117L, 118L, 119L, 120L, 121L, 122L, 
        123L, 124L, 125L, 126L, 127L, 128L, 129L, 130L, 131L, 
        132L, 133L, 134L, 135L, 136L, 137L, 138L, 139L, 140L, 
        141L, 142L, 143L, 144L, 145L, 146L, 147L, 148L, 149L, 
        150L, 151L, 152L, 153L, 154L, 155L, 156L, 157L, 158L, 
        159L, 160L, 161L, 162L, 163L, 164L, 165L, 166L, 167L, 
        168L, 169L, 170L, 171L, 172L, 173L, 174L, 175L, 176L, 
        177L, 178L, 179L, 180L, 181L, 182L, 183L, 184L, 185L, 
        186L, 187L, 188L, 189L, 190L, 191L, 192L, 193L, 194L, 
        195L, 196L, 197L, 198L, 199L, 200L, 201L, 202L, 203L, 
        204L, 205L, 206L, 207L, 208L, 209L, 210L, 211L, 212L, 
        213L, 214L, 215L, 216L, 217L, 218L, 219L, 220L, 221L, 
        222L, 223L, 224L, 225L, 226L, 227L, 228L, 229L, 230L, 
        231L, 232L, 233L, 234L, 235L, 236L, 237L, 238L, 239L, 
        240L, 241L, 242L, 243L, 244L, 245L, 246L, 247L, 248L, 
        249L, 250L, 251L, 252L, 253L, 254L, 255L, 256L, 257L, 
        258L, 259L, 260L, 261L, 262L, 263L, 264L, 265L, 266L, 
        267L, 268L, 269L, 270L, 271L, 272L, 273L, 274L, 275L, 
        276L, 277L, 278L, 279L, 280L, 281L, 282L, 283L, 284L, 
        285L, 286L, 287L, 288L, 289L, 290L, 291L, 292L, 293L, 
        294L, 295L, 296L, 297L, 298L, 299L, 300L, 301L, 302L, 
        303L, 304L, 305L, 306L, 307L, 308L, 309L, 310L, 311L, 
        312L, 313L, 314L, 315L, 316L, 317L, 318L, 319L, 320L, 
        321L, 322L, 323L, 324L, 325L, 326L, 327L, 328L, 329L, 
        330L, 331L, 332L, 333L, 334L, 335L, 336L, 337L, 338L, 
        339L, 340L, 341L, 342L, 343L, 344L, 345L, 346L, 347L, 
        348L, 349L, 350L, 351L, 352L, 353L, 354L, 355L, 356L, 
        357L, 358L, 359L, 360L, 361L, 362L, 363L, 364L, 365L, 
        366L, 367L, 368L, 369L, 370L, 371L, 372L, 373L, 374L, 
        375L, 376L, 377L, 378L, 379L, 380L, 381L, 382L, 383L, 
        384L, 385L, 386L, 387L, 388L, 389L, 390L, 391L, 392L, 
        393L, 394L, 395L, 396L, 397L, 398L, 399L, 400L, 401L, 
        402L, 403L, 404L, 405L, 406L, 407L, 408L, 409L, 410L, 
        411L, 412L, 413L, 414L, 415L, 416L, 417L, 418L, 419L, 
        420L, 421L, 422L, 423L, 424L, 425L, 426L, 427L, 428L, 
        429L, 430L, 431L, 432L, 433L, 434L, 435L, 436L, 437L, 
        438L, 439L, 440L, 441L, 442L, 443L, 444L, 445L, 446L, 
        447L, 448L, 449L, 450L, 451L, 452L, 453L, 454L, 455L, 
        456L, 457L, 458L, 459L, 460L, 461L, 462L, 463L, 464L, 
        465L, 466L, 467L, 468L, 469L, 470L, 471L, 472L, 473L, 
        474L, 475L, 476L, 477L, 478L, 479L, 480L, 481L, 482L, 
        483L, 484L, 485L, 486L, 487L, 488L, 489L, 490L, 491L, 
        492L, 493L, 494L, 495L, 496L, 497L, 498L, 499L, 500L, 
        501L, 502L, 503L, 504L, 505L, 506L, 507L, 508L, 509L, 
        510L, 511L, 512L, 513L, 514L, 515L, 516L, 517L, 518L, 
        519L, 520L, 521L, 522L, 523L, 524L, 525L, 526L, 527L, 
        528L, 529L, 530L, 531L, 532L, 533L, 534L, 535L, 536L, 
        537L, 538L, 539L, 540L, 541L, 542L, 543L, 544L, 545L, 
        546L, 547L, 548L, 549L, 550L, 551L, 552L, 553L, 554L, 
        555L, 556L, 557L, 558L, 559L, 560L, 561L, 562L, 563L, 
        564L, 565L, 566L, 567L, 568L, 569L, 570L, 571L, 572L, 
        573L, 574L, 575L, 576L, 577L, 578L, 579L, 580L, 581L, 
        582L, 583L, 584L, 585L, 586L, 587L, 588L, 589L, 590L, 
        591L, 592L, 593L, 594L, 595L, 596L, 597L, 598L, 599L, 
        600L, 601L, 602L, 603L, 604L, 605L, 606L, 607L, 608L, 
        609L, 610L, 611L, 612L, 613L, 614L, 615L, 616L, 617L, 
        618L, 619L, 620L, 621L, 622L, 623L, 624L, 625L, 626L, 
        627L, 628L, 629L, 630L, 631L, 632L, 633L, 634L, 635L, 
        636L, 637L, 638L, 639L, 640L, 641L, 642L, 643L, 644L, 
        645L, 646L, 647L, 648L, 649L, 650L, 651L, 652L, 653L, 
        654L, 655L, 656L, 657L, 658L, 659L, 660L, 661L, 662L, 
        663L, 664L, 665L, 666L, 667L, 668L, 669L, 670L, 671L, 
        672L, 673L, 674L, 675L, 676L, 677L, 678L, 679L, 680L, 
        681L, 682L, 683L, 684L, 685L, 686L, 687L, 688L, 689L, 
        690L, 691L, 692L, 693L, 694L, 695L, 696L, 697L, 698L, 
        699L, 700L, 701L, 702L, 703L, 704L, 705L, 706L, 707L, 
        708L, 709L, 710L, 711L, 712L, 713L, 714L, 715L, 716L, 
        717L, 718L, 719L, 720L, 721L, 722L, 723L, 724L, 725L, 
        726L, 727L, 728L, 729L, 730L, 731L, 732L, 733L, 734L, 
        735L, 736L, 737L, 738L, 739L, 740L, 741L, 742L, 743L, 
        744L, 745L, 746L, 747L, 748L, 749L, 750L, 751L, 752L, 
        753L, 754L, 755L, 756L, 757L, 758L, 759L, 760L, 761L, 
        762L, 763L, 764L, 765L, 766L, 767L, 768L, 769L, 770L, 
        771L, 772L, 773L, 774L, 775L, 776L, 777L, 778L, 779L, 
        780L, 781L, 782L, 783L, 784L, 785L, 786L, 787L, 788L, 
        789L, 790L, 791L, 792L, 793L, 794L, 795L, 796L, 797L, 
        798L, 799L, 800L, 801L, 802L, 803L, 804L, 805L, 806L, 
        807L, 808L, 809L, 810L, 811L, 812L, 813L, 814L, 815L, 
        816L, 817L, 818L, 819L, 820L, 821L, 822L, 823L, 824L, 
        825L, 826L, 827L, 828L, 829L, 830L, 831L, 832L, 833L, 
        834L, 835L, 836L, 837L, 838L, 839L, 840L, 841L, 842L, 
        843L, 844L, 845L, 846L, 847L, 848L, 849L, 850L, 851L, 
        852L, 853L, 854L, 855L, 856L, 857L, 858L, 859L, 860L, 
        861L, 862L, 863L, 864L, 865L, 866L, 867L, 868L, 869L, 
        870L, 871L, 872L, 873L, 874L, 875L, 876L, 877L, 878L, 
        879L, 880L, 881L, 882L, 883L, 884L, 885L, 886L, 887L, 
        888L, 889L, 890L, 891L, 892L, 893L, 894L, 895L, 896L, 
        897L, 898L, 899L, 900L, 901L, 902L, 903L, 904L, 905L, 
        906L, 907L, 908L, 909L, 910L, 911L, 912L, 913L, 914L, 
        915L, 916L, 917L, 918L, 919L, 920L, 921L, 922L, 923L, 
        924L, 925L, 926L, 927L, 928L, 929L, 930L, 931L, 932L, 
        933L, 934L, 935L, 936L, 937L, 938L, 939L, 940L, 941L, 
        942L, 943L, 944L, 945L, 946L, 947L, 948L, 949L, 950L, 
        951L, 952L, 953L, 954L, 955L, 956L, 957L, 958L, 959L, 
        960L, 961L, 962L, 963L, 964L, 965L, 966L, 967L, 968L, 
        969L, 970L, 971L, 972L, 973L, 974L, 975L, 976L, 977L, 
        978L, 979L, 980L, 981L, 982L, 983L, 984L, 985L, 986L, 
        987L, 988L, 989L, 990L, 991L, 992L, 993L, 994L, 995L, 
        996L, 997L, 998L, 999L, 1000L), u_mat_inds_all_y = c(1L, 
        1001L, 1003L, 1005L, 1007L, 1009L, 1011L, 1013L, 1015L, 
        1017L, 1019L, 1021L, 1023L, 1025L, 1027L, 1029L, 1031L, 
        1033L, 1035L, 1037L, 1039L, 1041L, 1043L, 1045L, 1047L, 
        1049L, 1051L, 1053L, 1055L, 1057L, 1059L, 1061L, 1063L, 
        1065L, 1067L, 1069L, 1071L, 1073L, 1075L, 1077L, 1079L, 
        1081L, 1083L, 1085L, 1087L, 1089L, 1091L, 1093L, 1095L, 
        1097L, 1099L, 1101L, 1103L, 1105L, 1107L, 1109L, 1111L, 
        1113L, 1115L, 1117L, 1119L, 1121L, 1123L, 1125L, 1127L, 
        1129L, 1131L, 1133L, 1135L, 1137L, 1139L, 1141L, 1143L, 
        1145L, 1147L, 1149L, 1151L, 1153L, 1155L, 1157L, 1159L, 
        1161L, 1163L, 1165L, 1167L, 1169L, 1171L, 1173L, 1175L, 
        1177L, 1179L, 1181L, 1183L, 1185L, 1187L, 1189L, 1191L, 
        1193L, 1195L, 1197L, 1199L, 1201L, 1203L, 1205L, 1207L, 
        1209L, 1211L, 1213L, 1215L, 1217L, 1219L, 1221L, 1223L, 
        1225L, 1227L, 1229L, 1231L, 1233L, 1235L, 1237L, 1239L, 
        1241L, 1243L, 1245L, 1247L, 1249L, 1251L, 1253L, 1255L, 
        1257L, 1259L, 1261L, 1263L, 1265L, 1267L, 1269L, 1271L, 
        1273L, 1275L, 1277L, 1279L, 1281L, 1283L, 1285L, 1287L, 
        1289L, 1291L, 1293L, 1295L, 1297L, 1299L, 1301L, 1303L, 
        1305L, 1307L, 1309L, 1311L, 1313L, 1315L, 1317L, 1319L, 
        1321L, 1323L, 1325L, 1327L, 1329L, 1331L, 1333L, 1335L, 
        1337L, 1339L, 1341L, 1343L, 1345L, 1347L, 1349L, 1351L, 
        1353L, 1355L, 1357L, 1359L, 1361L, 1363L, 1365L, 1367L, 
        1369L, 1371L, 1373L, 1375L, 1377L, 1379L, 1381L, 1383L, 
        1385L, 1387L, 1389L, 1391L, 1393L, 1395L, 1397L, 1399L, 
        1401L, 1403L, 1405L, 1407L, 1409L, 1411L, 1413L, 1415L, 
        1417L, 1419L, 1421L, 1423L, 1425L, 1427L, 1429L, 1431L, 
        1433L, 1435L, 1437L, 1439L, 1441L, 1443L, 1445L, 1447L, 
        1449L, 1451L, 1453L, 1455L, 1457L, 1459L, 1461L, 1463L, 
        1465L, 1467L, 1469L, 1471L, 1473L, 1475L, 1477L, 1479L, 
        1481L, 1483L, 1485L, 1487L, 1489L, 1491L, 1493L, 1495L, 
        1497L, 1499L, 1501L, 1503L, 1505L, 1507L, 1509L, 1511L, 
        1513L, 1515L, 1517L, 1519L, 1521L, 1523L, 1525L, 1527L, 
        1529L, 1531L, 1533L, 1535L, 1537L, 1539L, 1541L, 1543L, 
        1545L, 1547L, 1549L, 1551L, 1553L, 1555L, 1557L, 1559L, 
        1561L, 1563L, 1565L, 1567L, 1569L, 1571L, 1573L, 1575L, 
        1577L, 1579L, 1581L, 1583L, 1585L, 1587L, 1589L, 1591L, 
        1593L, 1595L, 1597L, 1599L, 1601L, 1603L, 1605L, 1607L, 
        1609L, 1611L, 1613L, 1615L, 1617L, 1619L, 1621L, 1623L, 
        1625L, 1627L, 1629L, 1631L, 1633L, 1635L, 1637L, 1639L, 
        1641L, 1643L, 1645L, 1647L, 1649L, 1651L, 1653L, 1655L, 
        1657L, 1659L, 1661L, 1663L, 1665L, 1667L, 1669L, 1671L, 
        1673L, 1675L, 1677L, 1679L, 1681L, 1683L, 1685L, 1687L, 
        1689L, 1691L, 1693L, 1695L, 1697L, 1699L, 1701L, 1703L, 
        1705L, 1707L, 1709L, 1711L, 1713L, 1715L, 1717L, 1719L, 
        1721L, 1723L, 1725L, 1727L, 1729L, 1731L, 1733L, 1735L, 
        1737L, 1739L, 1741L, 1743L, 1745L, 1747L, 1749L, 1751L, 
        1753L, 1755L, 1757L, 1759L, 1761L, 1763L, 1765L, 1767L, 
        1769L, 1771L, 1773L, 1775L, 1777L, 1779L, 1781L, 1783L, 
        1785L, 1787L, 1789L, 1791L, 1793L, 1795L, 1797L, 1799L, 
        1801L, 1803L, 1805L, 1807L, 1809L, 1811L, 1813L, 1815L, 
        1817L, 1819L, 1821L, 1823L, 1825L, 1827L, 1829L, 1831L, 
        1833L, 1835L, 1837L, 1839L, 1841L, 1843L, 1845L, 1847L, 
        1849L, 1851L, 1853L, 1855L, 1857L, 1859L, 1861L, 1863L, 
        1865L, 1867L, 1869L, 1871L, 1873L, 1875L, 1877L, 1879L, 
        1881L, 1883L, 1885L, 1887L, 1889L, 1891L, 1893L, 1895L, 
        1897L, 1899L, 1901L, 1903L, 1905L, 1907L, 1909L, 1911L, 
        1913L, 1915L, 1917L, 1919L, 1921L, 1923L, 1925L, 1927L, 
        1929L, 1931L, 1933L, 1935L, 1937L, 1939L, 1941L, 1943L, 
        1945L, 1947L, 1949L, 1951L, 1953L, 1955L, 1957L, 1959L, 
        1961L, 1963L, 1965L, 1967L, 1969L, 1971L, 1973L, 1975L, 
        1977L, 1979L, 1981L, 1983L, 1985L, 1987L, 1989L, 1991L, 
        1993L, 1995L, 1997L, 1999L), lm_time_grid = 1, n_lm_time_grid = 1L), 
    init = function () 
    values_initial_expanded)`: unused argument (exe_file = "/tmp/RtmpcfZE6k/Survival_Exponential_With_Covariates")
Backtrace:
    x
 1. +-jmpost::sampleStanModel(...) at test-SurvivalExponential.R:99:4
 2. \-jmpost::sampleStanModel(...)
 3.   \-jmpost (local) .local(object, ..., exe_dir = exe_dir)
 4.     \-base::do.call(model$sample, args)</error>
    </testcase>
  </testsuite>
  <testsuite name="SurvivalSamples" timestamp="2023-08-16T16:24:25Z" hostname="c7d822c65aee" tests="26" skipped="1" failures="0" errors="0" time="2.357">
    <testcase time="0.0849999999999937" classname="SurvivalSamples" name="SurvivalSamples_can_be_initialized"/>
    <testcase time="0.00799999999999557" classname="SurvivalSamples" name="SurvivalSamples_can_be_initialized"/>
    <testcase time="0.0190000000000055" classname="SurvivalSamples" name="subsetting_works_as_expected_for_SurvivalSamples"/>
    <testcase time="0.00199999999999534" classname="SurvivalSamples" name="subsetting_works_as_expected_for_SurvivalSamples"/>
    <testcase time="0.00600000000000023" classname="SurvivalSamples" name="subsetting_works_as_expected_for_SurvivalSamples"/>
    <testcase time="0.0210000000000008" classname="SurvivalSamples" name="aggregate_works_as_expected_for_SurvivalSamples"/>
    <testcase time="0.007000000000005" classname="SurvivalSamples" name="aggregate_works_as_expected_for_SurvivalSamples"/>
    <testcase time="0.00600000000000023" classname="SurvivalSamples" name="aggregate_works_as_expected_for_SurvivalSamples"/>
    <testcase time="0.00699999999999079" classname="SurvivalSamples" name="aggregate_works_as_expected_for_SurvivalSamples"/>
    <testcase time="0.76100000000001" classname="SurvivalSamples" name="autoplot_works_as_expected_for_SurvivalSamples"/>
    <testcase time="0.0819999999999936" classname="SurvivalSamples" name="autoplot_works_as_expected_for_SurvivalSamples"/>
    <testcase time="0.00600000000000023" classname="SurvivalSamples" name="autoplot_works_as_expected_for_SurvivalSamples"/>
    <testcase time="0.00500000000000966" classname="SurvivalSamples" name="autoplot_works_as_expected_for_SurvivalSamples"/>
    <testcase time="0.00600000000000023" classname="SurvivalSamples" name="autoplot_works_as_expected_for_SurvivalSamples"/>
    <testcase time="0.0879999999999939" classname="SurvivalSamples" name="autoplot_works_as_expected_for_SurvivalSamples"/>
    <testcase time="0.007000000000005" classname="SurvivalSamples" name="autoplot_works_as_expected_for_SurvivalSamples"/>
    <testcase time="0.00600000000000023" classname="SurvivalSamples" name="autoplot_works_as_expected_for_SurvivalSamples"/>
    <testcase time="0.00600000000000023" classname="SurvivalSamples" name="autoplot_works_as_expected_for_SurvivalSamples"/>
    <testcase time="0.0180000000000007" classname="SurvivalSamples" name="autoplot_works_as_expected_for_SurvivalSamples"/>
    <testcase time="0.0779999999999887" classname="SurvivalSamples" name="autoplot_works_as_expected_for_SurvivalSamples"/>
    <testcase time="0.00600000000000023" classname="SurvivalSamples" name="autoplot_works_as_expected_for_SurvivalSamples"/>
    <testcase time="0.347000000000008" classname="SurvivalSamples" name="autoplot_does_not_show_the_Kaplan_Meier_plot_if_disabled"/>
    <testcase time="0.00600000000000023" classname="SurvivalSamples" name="autoplot_does_not_show_the_Kaplan_Meier_plot_if_disabled"/>
    <testcase time="0.35199999999999" classname="SurvivalSamples" name="autoplot_works_end_to_end_with_Kaplan_Meier_plot"/>
    <testcase time="0.00600000000000023" classname="SurvivalSamples" name="autoplot_works_end_to_end_with_Kaplan_Meier_plot"/>
    <testcase time="0.416000000000011" classname="SurvivalSamples" name="autoplot_works_end_to_end_with_Kaplan_Meier_plot">
      <skipped message="Reason: On CRAN ('test-SurvivalSamples.R:113:5')"/>
    </testcase>
  </testsuite>
  <testsuite name="compile" timestamp="2023-08-16T16:24:27Z" hostname="c7d822c65aee" tests="1" skipped="0" failures="0" errors="0" time="11.681">
    <testcase time="11.681" classname="compile" name="compileStanModel_doesn_t_error_if_the_directory_doesn_t_exist"/>
  </testsuite>
  <testsuite name="jinjar_render" timestamp="2023-08-16T16:24:39Z" hostname="c7d822c65aee" tests="3" skipped="0" failures="0" errors="0" time="0.056">
    <testcase time="0.0300000000000011" classname="jinjar_render" name="Basic_Jinjar_syntax_works_with_decorated_render_"/>
    <testcase time="0.00600000000000023" classname="jinjar_render" name="Basic_Jinjar_syntax_works_with_decorated_render_"/>
    <testcase time="0.0200000000000102" classname="jinjar_render" name="Global_variables_defined_by_decorated_render_are_usable"/>
  </testsuite>
  <testsuite name="misc_models" timestamp="2023-08-16T16:24:39Z" hostname="c7d822c65aee" tests="1" skipped="0" failures="0" errors="1" time="25.322">
    <testcase time="25.322" classname="misc_models" name="Longitudinal_Model_doesn_t_print_sampler_rejection_messages">
      <error type="error" message="Error in `(function (data = NULL, seed = NULL, refresh = NULL, init = NULL,  ('test-misc_models.R:52:5')">Error in `(function (data = NULL, seed = NULL, refresh = NULL, init = NULL, 
    save_latent_dynamics = FALSE, output_dir = NULL, output_basename = NULL, 
    sig_figs = NULL, chains = 4, parallel_chains = getOption("mc.cores", 
        1), chain_ids = seq_len(chains), threads_per_chain = NULL, 
    opencl_ids = NULL, iter_warmup = NULL, iter_sampling = NULL, 
    save_warmup = FALSE, thin = NULL, max_treedepth = NULL, adapt_engaged = TRUE, 
    adapt_delta = NULL, step_size = NULL, metric = NULL, metric_file = NULL, 
    inv_metric = NULL, init_buffer = NULL, term_buffer = NULL, 
    window = NULL, fixed_param = FALSE, show_messages = TRUE, 
    show_exceptions = TRUE, diagnostics = c("divergences", "treedepth", 
        "ebfmi"), cores = NULL, num_cores = NULL, num_chains = NULL, 
    num_warmup = NULL, num_samples = NULL, validate_csv = NULL, 
    save_extra_diagnostics = NULL, max_depth = NULL, stepsize = NULL) 
{
    if (!is.null(cores)) {
        warning("'cores' is deprecated. Please use 'parallel_chains' instead.")
        parallel_chains &lt;- cores
    }
    if (!is.null(num_cores)) {
        warning("'num_cores' is deprecated. Please use 'parallel_chains' instead.")
        parallel_chains &lt;- num_cores
    }
    if (!is.null(num_chains)) {
        warning("'num_chains' is deprecated. Please use 'chains' instead.")
        chains &lt;- num_chains
    }
    if (!is.null(num_warmup)) {
        warning("'num_warmup' is deprecated. Please use 'iter_warmup' instead.")
        iter_warmup &lt;- num_warmup
    }
    if (!is.null(num_samples)) {
        warning("'num_samples' is deprecated. Please use 'iter_sampling' instead.")
        iter_sampling &lt;- num_samples
    }
    if (!is.null(max_depth)) {
        warning("'max_depth' is deprecated. Please use 'max_treedepth' instead.")
        max_treedepth &lt;- max_depth
    }
    if (!is.null(stepsize)) {
        warning("'stepsize' is deprecated. Please use 'step_size' instead.")
        step_size &lt;- stepsize
    }
    if (!is.null(save_extra_diagnostics)) {
        warning("'save_extra_diagnostics' is deprecated. Please use 'save_latent_dynamics' instead.")
        save_latent_dynamics &lt;- save_extra_diagnostics
    }
    if (!is.null(validate_csv)) {
        warning("'validate_csv' is deprecated. Please use 'diagnostics' instead.")
        if (is.logical(validate_csv)) {
            if (validate_csv) {
                diagnostics &lt;- c("divergences", "treedepth", 
                  "ebfmi")
            }
            else {
                diagnostics &lt;- NULL
            }
        }
    }
    if (cmdstan_version() &gt;= "2.27.0" &amp;&amp; !fixed_param) {
        if (self$has_stan_file() &amp;&amp; file.exists(self$stan_file())) {
            if (!is.null(self$variables()) &amp;&amp; length(self$variables()$parameters) == 
                0) {
                stop("Model contains no parameters. Please use 'fixed_param = TRUE'.", 
                  call. = FALSE)
            }
        }
    }
    if (fixed_param) {
        save_warmup &lt;- FALSE
    }
    procs &lt;- CmdStanMCMCProcs$new(num_procs = checkmate::assert_integerish(chains, 
        lower = 1, len = 1), parallel_procs = checkmate::assert_integerish(parallel_chains, 
        lower = 1, null.ok = TRUE), threads_per_proc = assert_valid_threads(threads_per_chain, 
        self$cpp_options(), multiple_chains = TRUE), show_stderr_messages = show_exceptions, 
        show_stdout_messages = show_messages)
    model_variables &lt;- NULL
    if (is_variables_method_supported(self)) {
        model_variables &lt;- self$variables()
    }
    sample_args &lt;- SampleArgs$new(iter_warmup = iter_warmup, 
        iter_sampling = iter_sampling, save_warmup = save_warmup, 
        thin = thin, max_treedepth = max_treedepth, adapt_engaged = adapt_engaged, 
        adapt_delta = adapt_delta, step_size = step_size, metric = metric, 
        metric_file = metric_file, inv_metric = inv_metric, init_buffer = init_buffer, 
        term_buffer = term_buffer, window = window, fixed_param = fixed_param, 
        diagnostics = diagnostics)
    args &lt;- CmdStanArgs$new(method_args = sample_args, stan_file = self$stan_file(), 
        stan_code = suppressWarnings(self$code()), model_methods_env = private$model_methods_env_, 
        standalone_env = self$functions, model_name = self$model_name(), 
        exe_file = self$exe_file(), proc_ids = checkmate::assert_integerish(chain_ids, 
            lower = 1, len = chains, unique = TRUE, null.ok = FALSE), 
        data_file = process_data(data, model_variables), save_latent_dynamics = save_latent_dynamics, 
        seed = seed, init = init, refresh = refresh, output_dir = output_dir, 
        output_basename = output_basename, sig_figs = sig_figs, 
        opencl_ids = assert_valid_opencl(opencl_ids, self$cpp_options()), 
        model_variables = model_variables)
    runset &lt;- CmdStanRun$new(args, procs)
    runset$run_cmdstan()
    CmdStanMCMC$new(runset)
})(iter_sampling = 3, iter_warmup = 3, chains = 1, refresh = 0, 
    parallel_chains = 1, exe_file = "/tmp/RtmpcfZE6k/misc_longitudinal_sample_rejection", 
    data = list(Nind = 400L, Nind_dead = 327, dead_ind_index = c(1L, 
    2L, 3L, 5L, 6L, 7L, 8L, 9L, 10L, 11L, 12L, 14L, 15L, 16L, 
    17L, 18L, 19L, 20L, 21L, 22L, 24L, 25L, 26L, 27L, 28L, 29L, 
    30L, 31L, 32L, 34L, 35L, 36L, 37L, 38L, 40L, 44L, 45L, 46L, 
    47L, 48L, 49L, 50L, 52L, 53L, 54L, 55L, 56L, 57L, 58L, 59L, 
    60L, 61L, 62L, 63L, 64L, 65L, 66L, 67L, 68L, 69L, 71L, 72L, 
    73L, 76L, 77L, 78L, 80L, 82L, 83L, 84L, 85L, 86L, 87L, 88L, 
    89L, 92L, 93L, 94L, 96L, 97L, 99L, 102L, 104L, 105L, 107L, 
    108L, 109L, 110L, 111L, 112L, 114L, 115L, 116L, 117L, 118L, 
    119L, 121L, 122L, 123L, 124L, 125L, 126L, 127L, 128L, 129L, 
    130L, 131L, 133L, 134L, 135L, 136L, 137L, 138L, 139L, 140L, 
    142L, 143L, 146L, 147L, 148L, 149L, 150L, 151L, 153L, 154L, 
    155L, 156L, 158L, 159L, 160L, 161L, 162L, 163L, 164L, 165L, 
    166L, 168L, 169L, 170L, 172L, 173L, 174L, 175L, 176L, 177L, 
    178L, 179L, 180L, 182L, 183L, 187L, 188L, 189L, 190L, 191L, 
    192L, 193L, 195L, 196L, 200L, 203L, 204L, 205L, 206L, 207L, 
    208L, 209L, 211L, 212L, 213L, 214L, 215L, 216L, 217L, 218L, 
    219L, 221L, 222L, 223L, 224L, 225L, 226L, 227L, 228L, 229L, 
    231L, 232L, 233L, 235L, 236L, 237L, 238L, 239L, 240L, 241L, 
    242L, 243L, 244L, 246L, 247L, 248L, 249L, 250L, 251L, 252L, 
    254L, 255L, 256L, 257L, 258L, 259L, 260L, 262L, 263L, 264L, 
    265L, 267L, 268L, 271L, 272L, 273L, 274L, 275L, 276L, 278L, 
    279L, 280L, 282L, 283L, 284L, 285L, 286L, 287L, 288L, 289L, 
    290L, 291L, 292L, 293L, 295L, 296L, 297L, 298L, 299L, 300L, 
    302L, 303L, 304L, 305L, 306L, 307L, 308L, 309L, 310L, 311L, 
    314L, 317L, 318L, 319L, 321L, 322L, 323L, 324L, 326L, 328L, 
    329L, 330L, 331L, 332L, 333L, 335L, 336L, 337L, 339L, 340L, 
    341L, 343L, 344L, 345L, 346L, 349L, 351L, 352L, 353L, 354L, 
    355L, 356L, 357L, 358L, 359L, 360L, 361L, 362L, 363L, 364L, 
    365L, 366L, 367L, 368L, 369L, 370L, 371L, 372L, 374L, 375L, 
    376L, 378L, 379L, 381L, 382L, 383L, 384L, 385L, 386L, 387L, 
    388L, 389L, 390L, 391L, 392L, 393L, 394L, 395L, 396L, 397L, 
    399L, 400L), Times = c(122, 46, 55, 213.47086766613, 11, 
    46, 46, 63, 23, 116, 6, 116, 14.8029151657074, 176, 10, 42, 
    27, 11, 35, 60, 19, 132, 188.761047786102, 74, 69, 188, 44, 
    3, 80, 59, 20, 50, 72.1245282931869, 1, 123, 35, 16, 203, 
    8.02330300211906, 220, 61.2121499788488, 8.76977504231036, 
    111.270120600238, 7, 97, 334, 17, 51, 132, 15, 91.3246241398156, 
    18, 5, 318, 17, 23, 228, 70, 66, 5, 260, 138, 13, 7, 125, 
    117, 49, 5, 39, 72.7264501620084, 67, 210, 117, 13.5845802942813, 
    135.795931712777, 2, 73, 13, 19.6970861018462, 29, 76.6593373631895, 
    57, 209, 46, 15, 137, 77, 350, 13, 2.14255845718503, 23.2688015489852, 
    124, 5, 38, 83.5277163423598, 156, 126, 53.3624319921545, 
    69, 95.4147973097861, 35.3181871325827, 52, 215.973204001784, 
    373, 367, 174.906159942767, 96, 94, 32, 46, 172, 95, 117.137079127133, 
    87, 67, 195, 15, 56, 157, 43.5772697449612, 16, 215, 271, 
    71, 184, 31, 39, 98, 70, 66, 14, 64.61640750058, 49, 83, 
    14, 58, 8, 395, 44, 13, 65.8865741559578, 75, 1, 88.763486106351, 
    76.3764097355306, 10, 82, 9, 28, 18, 105, 8.79020616412163, 
    34, 320, 67, 4, 5.20571344532073, 249, 180, 18, 18, 30, 18, 
    48, 89, 18, 17.1057299064526, 276, 14, 83, 205.561784358735, 
    640, 20, 143, 62, 82, 316, 53, 25, 496, 68.6430279165506, 
    18, 110, 65.577660393772, 115.764303365722, 124.742758227512, 
    63, 89, 63, 30, 32, 95, 255, 2.01679155174592, 27, 169, 17.3121076992577, 
    227.087399922311, 188.153119990602, 74, 328.21558881551, 
    240.838711382821, 11, 3, 100, 57, 170, 269, 197, 184.776685899124, 
    39, 40, 25, 11, 137, 36, 64, 174, 23, 153.021783891284, 139, 
    128, 195, 28, 25, 65, 9, 181, 1, 69.5138010196388, 29, 28, 
    44, 22.4814699031413, 82, 37, 89, 234, 309, 99, 197, 126, 
    28, 403, 123.695232206956, 34, 7, 584, 22, 284, 1, 207, 141.997686121613, 
    265, 3, 64, 139, 254, 111, 318, 101.144967367873, 9, 13, 
    2, 71, 243.423903631833, 147, 13, 41.6121836751699, 33.8488193921251, 
    264, 15, 45, 65, 35, 220, 478.957285617894, 68, 1, 336, 66.0632412072651, 
    46, 90, 112, 181, 190, 59, 126, 1, 15, 54, 144, 101, 92.124669579789, 
    140, 95, 82, 11, 67, 18, 75.908537617607, 30, 20, 41, 18, 
    127, 40, 76, 76, 25, 31, 26.2455107296931, 307.049932423979, 
    3, 2.71257292479277, 26.3739121793252, 59, 210, 81, 30.3341830149293, 
    65, 191, 82, 83, 6.96566887199879, 229, 122.37060489133, 
    71, 25, 362, 8, 36, 101, 93.4494708199054, 101, 12, 3, 80.4273649118841, 
    85, 142, 21, 35.8419227413833, 331, 62, 44, 14, 382.623123915351, 
    21.3877581991255, 19, 50.7516129873693, 481, 138, 100, 26, 
    301, 10, 12, 196, 54, 30, 32, 27, 105, 45, 258, 24, 121, 
    22, 165, 2, 11, 32, 164.52580712644, 38, 136, 27, 12.9015810264546, 
    68, 6, 73.613592779787, 37, 123, 60, 112, 102, 32, 335, 179, 
    27, 45, 103, 49, 80, 160, 187, 27, 39, 4.15778090246022, 
    22, 9), p_os_cov_design = 3L, os_cov_design = structure(c(1, 
    1, 0, 0, 1, 0, 0, 0, 0, 0, 1, 0, 1, 0, 0, 0, 0, 0, 0, 0, 
    0, 1, 1, 0, 0, 0, 0, 0, 0, 1, 0, 0, 1, 1, 0, 1, 1, 1, 1, 
    1, 0, 1, 1, 0, 0, 1, 1, 0, 0, 1, 0, 0, 1, 0, 0, 1, 1, 0, 
    0, 1, 1, 0, 0, 1, 1, 1, 0, 0, 0, 0, 0, 0, 0, 1, 0, 0, 0, 
    1, 1, 1, 1, 0, 0, 0, 0, 0, 1, 0, 0, 0, 0, 0, 1, 0, 1, 1, 
    1, 1, 0, 0, 0, 1, 0, 1, 1, 0, 1, 0, 0, 0, 0, 0, 0, 1, 0, 
    0, 0, 0, 1, 1, 0, 0, 1, 0, 1, 0, 1, 0, 0, 0, 0, 0, 0, 0, 
    0, 0, 0, 0, 0, 0, 0, 0, 0, 1, 0, 0, 1, 0, 0, 1, 0, 0, 0, 
    0, 1, 0, 0, 0, 0, 0, 0, 0, 1, 0, 0, 1, 1, 1, 0, 1, 0, 1, 
    0, 0, 0, 0, 0, 0, 0, 0, 0, 0, 0, 0, 0, 0, 0, 0, 1, 0, 0, 
    0, 0, 0, 0, 0, 0, 1, 0, 0, 0, 1, 0, 0, 0, 0, 0, 1, 0, 1, 
    1, 1, 0, 0, 0, 1, 0, 1, 0, 0, 0, 0, 0, 0, 1, 1, 0, 0, 0, 
    0, 0, 0, 1, 0, 0, 0, 0, 0, 1, 1, 0, 1, 1, 0, 0, 0, 0, 0, 
    0, 0, 0, 1, 1, 0, 1, 0, 1, 1, 0, 0, 1, 0, 0, 0, 1, 0, 1, 
    0, 0, 1, 1, 0, 0, 0, 0, 0, 0, 0, 0, 1, 0, 1, 0, 1, 1, 1, 
    0, 1, 0, 0, 1, 0, 0, 1, 1, 1, 0, 0, 1, 0, 0, 0, 1, 0, 0, 
    1, 0, 1, 0, 0, 0, 0, 0, 1, 0, 0, 0, 0, 1, 0, 0, 0, 0, 1, 
    0, 1, 1, 0, 1, 0, 0, 1, 0, 1, 0, 0, 0, 0, 0, 1, 0, 1, 0, 
    0, 0, 0, 1, 1, 0, 0, 1, 0, 0, 0, 0, 0, 1, 0, 0, 0, 1, 0, 
    0, 0, 0, 1, 1, 0, 0, 0, 0, 0, 1, 0, 0, 0, 1, 1, 1, 1, 0, 
    0, 0, 0, 1, 0, 0, 1, 0, 0, 0, 0, 0, 1, 0, 0, 0, 1, 0, 0, 
    0, 0, 0, 0, 0, 1, 1, 1, 1, 0, 0, 0, 0, 1, 1, 0, 1, 0, 1, 
    0, 1, 0, 0, 1, 0, 0, 1, 1, 0, 0, 0, 1, 0, 0, 0, 0, 0, 0, 
    0, 0, 1, 0, 0, 1, 0, 0, 0, 0, 1, 0, 0, 0, 0, 1, 1, 0, 0, 
    1, 0, 0, 0, 1, 0, 0, 0, 0, 1, 0, 0, 0, 0, 1, 1, 0, 0, 1, 
    1, 0, 0, 0, 0, 0, 0, 0, 1, 0, 0, 0, 0, 1, 1, 1, 0, 0, 0, 
    0, 0, 0, 1, 0, 0, 0, 0, 0, 0, 0, 0, 1, 1, 0, 0, 0, 1, 0, 
    1, 1, 0, 1, 0, 0, 0, 1, 0, 0, 0, 1, 0, 1, 1, 0, 0, 1, 1, 
    0, 1, 1, 1, 1, 0, 0, 0, 1, 0, 0, 0, 1, 0, 1, 1, 0, 1, 1, 
    1, 0, 0, 0, 1, 0, 0, 0, 1, 1, 0, 1, 0, 0, 0, 0, 1, 0, 0, 
    0, 1, 1, 0, 0, 0, 1, 1, 0, 1, 0, 1, 1, 1, 1, 1, 1, 0, 1, 
    0, 1, 0, 0, 0, 1, 0, 0, 0, 1, 1, 0, 1, 1, 1, 1, 0, 0, 1, 
    0, 0, 0, 0, 1, 0, 0, 1, 0, 0, 0, 0, 0, 0, 0, 0, 0, 0, 0, 
    0, 1, 0, 0, 0, 0, 0, 1, 1, 0, 0, 0, 0, 0, 0, 0, 1, 0, 0, 
    0, 1, 0, 1, 0, 0, 1, 0, 1, 0, 0, 0, 1, 0, 0, 0, 1, 0, 0, 
    0, 1, 1, 0, 0, 0, 0, 0, 1, 0, 1, 1, 1, 0, 0, 0, 0, 0, 0, 
    0, 0, 0, 1, 1, 0, 1, 0, 0, 0, 0, 0, 0, 0, 1, 1, 0, 0, 0, 
    1, 0, 1, 0, 0, 1, 1, 1, 0, 0, 0, 0, 0, 0, 0, 1, 0, 0, 1, 
    0, 1, 0, 0, 1, 0, 1, 0, 0, 1, 0, 0, 1, 1, 0, 1, 0, 1, 0, 
    1, 1, 1, 1, 0, 0, 0, 1, 0, 1, 1, 0, 1, 0, 0, 1, 0, 0, 0, 
    0, 0, 1, 1, 0, 0, 1, 0, 0, 1, 0, 0, 0, 0, 1, 0, 0, 0, 0, 
    0, 0, 0, 0, 0, 0, 0, 0, 0, 1, 0, 1, 0, 0, 0, 1, 0, 0, 0, 
    1, 0.846577151370897, -1.55595597010151, -0.202949167996518, 
    -1.25331206127017, 0.107367636099226, 1.40688772957771, -0.277088599262107, 
    0.347019615057497, -1.7104606353569, -0.521778709754023, 
    -1.3209065993853, 0.726829385970307, 0.556153474381955, -1.0275944273084, 
    0.18362650208441, 1.0267943268062, -0.0305467416027591, 0.238134096980874, 
    -0.576281633040044, -0.427561590394258, 0.166586263051582, 
    0.85539617187935, -1.22870637879365, 0.766317020414389, 0.337347272507982, 
    0.674049589303041, 0.854119394168895, 2.0138731398562, -0.400359324870031, 
    -1.73259374165738, 0.29546767248558, 0.551933836353159, 0.379746975866613, 
    -0.294258513444956, -2.48565083488729, 0.702591978782593, 
    0.165331882236545, -0.477295276705621, -1.3040093884239, 
    -0.957473619468431, -0.411941759810055, -1.7167592209618, 
    -1.24936942272012, 0.882408359324661, -0.565800177913505, 
    -0.0418373429480102, -1.57740975086839, -0.232499923133282, 
    -0.622048846939665, -0.393809931435232, 0.289284159756878, 
    1.18193913302559, -0.303904766980856, -0.973687056672868, 
    -0.358811111075539, 0.994245616282368, -0.339838067209278, 
    -0.139585991738479, 1.67698747452249, 1.43047171584926, 0.571576940645969, 
    -1.24541128499758, -0.491333398012561, 0.00998879119133415, 
    0.134506343979623, 1.21446898399226, -1.50592140832701, 2.03173747719033, 
    1.40196450323084, -1.87823939806709, 0.44304952266217, -0.77086602542931, 
    -0.588900215845467, 0.0327942055330192, 1.08056688935465, 
    0.39977887418052, -0.331336763352149, -0.987255921802945, 
    -2.43030169364035, 1.32686434466742, -0.223339290483956, 
    -0.621647245873503, -0.120448759230811, 0.671308001559033, 
    1.11898622032565, -0.753537838632629, 0.75991593366778, 0.22097247336365, 
    -0.970132200589845, -0.521372131770936, -0.75496504587363, 
    -0.191930573257197, -1.26518407590893, -0.483150128817019, 
    1.14715373283067, -0.221880030943925, 0.294847534704865, 
    0.0713241072341148, 1.38368184219355, 0.586186448673167, 
    0.25985780335031, 0.0513212479473048, -0.343489518927527, 
    -0.955891258732968, 0.189722530342767, -0.443392701513054, 
    -0.681857073841226, -1.44947090585661, -0.799642575055711, 
    1.74429576359015, -0.104379526413385, -0.50369617024703, 
    0.316943617286883, 0.789444604292201, -0.128966295936472, 
    -0.190962176542246, -0.166888299920302, -0.962580774478458, 
    1.39241391204258, -0.631248271364382, 0.636567764078678, 
    -1.00607579734252, 0.299191503319998, 0.634841769522107, 
    -0.527784584135277, 0.791651963891566, 1.57951577109408, 
    -0.218179505241818, 0.940911229094125, 0.457204154185461, 
    0.622550901776442, -1.12089060648865, 0.372543460649975, 
    -0.444022057036951, -1.03670269025787, -0.889355107838241, 
    0.757956671927633, -0.82797251197739, -0.0648463026766869, 
    -0.898425321385216, 0.917093495349724, -0.552001082914916, 
    1.37128022474235, 1.37755047215133, -0.297131341360301, 1.69914162450113, 
    0.531198633786096, 0.389361085583027, 0.348917525996028, 
    0.481338342741005, 1.42937353528502, 0.296307414972608, 1.21232169609108, 
    -1.55547804993142, -1.05700066133544, 0.87067723640693, 0.533377891027218, 
    -0.0598408178236174, 0.293876187670197, -1.75358216462409, 
    1.39651032629006, -1.31872956297554, 0.129855546451095, 0.569124475978693, 
    -1.25876804424721, -1.031530871143, 0.412216248348473, -1.57020565548916, 
    -0.497281242632313, 0.613987396884527, -0.800730753841499, 
    -0.34253814167452, -0.744130482493806, -0.949803961442797, 
    -0.734152233669204, 0.621549952519685, -1.41720343912483, 
    1.00687655608723, 0.425811644500211, 0.238086802447994, -1.14144219354627, 
    -0.911794363321466, -0.297700597991629, 0.355811578941207, 
    -0.220970197088203, 0.841360636788244, -0.225884367332653, 
    -0.383564820456681, -0.0422981141439141, 0.0473949097485586, 
    -0.285252090437768, 1.07740621919953, -1.58189732335421, 
    -0.703065843930416, -0.827103029324465, -0.807074391118167, 
    0.285300025932965, 0.00566686346785816, -0.58355324530248, 
    0.156180019881766, -1.39429737255272, -1.86585797757079, 
    -0.142115992324698, -0.430481054634897, 1.05334046538966, 
    -1.9486393785451, 1.21657768706762, 1.41263179946759, -0.291073199079778, 
    -1.67585540848119, 0.113788428485662, 0.624006655063498, 
    -1.06660965513996, -1.00358150072534, 0.627968656525833, 
    -0.119653581039496, 0.177047935948999, -1.47332965970458, 
    0.354678780034682, 0.614885050991544, 0.275652596920111, 
    1.3237247172411, -1.4547017711982, 0.71681530782745, -0.428758057357565, 
    -0.455450753423579, -0.379563584917713, -0.773345485222685, 
    0.95663419365992, 0.250976923092979, 0.83660146137054, -0.108280877180262, 
    0.422979570276982, -1.11095987987075, 0.352374159216449, 
    0.00271659726466416, -0.80969068332721, -1.32279953146363, 
    -1.07532637804779, 0.0145783344924251, -0.00173293068413682, 
    0.396466368375396, 0.2782183867714, 0.553896223681939, -0.472042099966342, 
    0.891970495881147, -0.382610656877737, -0.691911567591972, 
    0.100406998009045, -0.619308253436679, 0.777456990383322, 
    0.347015691163985, -1.4804677193295, 0.0440370557330649, 
    -1.11659750823689, -0.921921561506474, -0.762250894950369, 
    1.37618770340382, -0.357808582770372, -0.903336020299686, 
    -0.832080952844221, 0.117623185295382, -0.450600763272016, 
    0.221911112548864, 0.605104320799692, 1.11325500042815, 0.585195295833931, 
    1.87495236440165, 2.07862977054574, -0.636688391172466, 0.0498315726693151, 
    2.09910858278224, 1.39120806223095, -0.107467344941993, 1.07874788991391, 
    0.152018978215014, -0.382466935264167, 0.546157720592229, 
    -0.322830823657642, -0.515590444411191, 1.8140555816677, 
    0.270196294484276, 0.63945324001928, 2.57960883777904, -1.39392034488195, 
    1.20547446392658, -1.06757578605374, 0.147323675358037, 0.964332587618119, 
    0.586639895271448, 0.766166277908688, 1.49392358679702, -1.13419377271338, 
    0.0647723526923307, 0.600800542870512, 0.482043617741754, 
    0.189615796840045, 0.505061073874718, 0.356240512174995, 
    2.7076636200253, -0.951123641034, -0.85207562931043, -0.103713343572534, 
    -0.418670103162324, 0.0200198694890329, 1.29486508588937, 
    1.07665259239704, -0.879463707141361, -0.24193416570174, 
    -0.112414623899716, 0.620226494151125, 0.700967439714073, 
    -1.42944237616437, 2.32613587789162, -0.576441779683008, 
    0.730949150172418, -0.521880899951045, -1.15236871239996, 
    -0.823643552148057, 0.499377959128788, -1.34390203720657, 
    -0.235610833085052, 1.65797627400145, 0.936091899059025, 
    0.696117097315533, 0.509824371306297, 0.195628934895379, 
    1.11963462667997, 0.58129303262125, -2.03246720244042, 0.999330759886674, 
    0.00820314602385393, -1.2935072057114, -1.18559808111214, 
    0.10068887767537, 0.428570485881, 0.142321237321067, 0.888305205051009, 
    0.317594075098641, 1.4078947006037, 1.30001924489352, 0.341224469493262, 
    -0.0669934691631998, -0.216748725990414, -0.0545157734160595, 
    1.95110371670098, 0.481417876635163, 1.12899340947375, 0.0227737752472945, 
    -0.504566347911039, -0.765678886179198, 1.5213565940549, 
    -0.935135401185402, -0.359887242131563, -0.610889463460654, 
    -0.785140220427931, 0.191111372928539, 0.218294233748524, 
    -0.0124624557925951, -1.67023508262111, -0.679003472787963, 
    -0.0559427257284235, 1.08385215778405, -1.02413638383565, 
    -0.551299269469437, -0.548545417162598, 0.648104868053375, 
    1.96049817648213, -0.31523608297012, 0.193288510057733, -0.146321113984635, 
    -1.41174782119278, -1.09432572663359, -0.922442937832738, 
    -0.618203170091922, 0.080068489826691, -0.902333923523862, 
    1.77489480885544, 0.067434953128381, -0.166551185191161, 
    -0.967981569139528, -0.853139335183044, -0.216493488678979, 
    -0.0127295477611751, -1.53831869695431, 0.190862372226929, 
    -0.613803477736924, -0.80285232445054, 2.41909570998717, 
    -0.867743348919008, -1.81290158312172, 0.686401929684743, 
    0.942332442299235, 0.612174420540411, -0.630427896194225, 
    -1.02997830956816, -0.831953276328813, 0.388704855744972, 
    -0.358722212301693, 0.048806457171595), dim = c(400L, 3L), dimnames = list(
        c("1", "2", "3", "4", "5", "6", "7", "8", "9", "10", 
        "11", "12", "13", "14", "15", "16", "17", "18", "19", 
        "20", "21", "22", "23", "24", "25", "26", "27", "28", 
        "29", "30", "31", "32", "33", "34", "35", "36", "37", 
        "38", "39", "40", "41", "42", "43", "44", "45", "46", 
        "47", "48", "49", "50", "51", "52", "53", "54", "55", 
        "56", "57", "58", "59", "60", "61", "62", "63", "64", 
        "65", "66", "67", "68", "69", "70", "71", "72", "73", 
        "74", "75", "76", "77", "78", "79", "80", "81", "82", 
        "83", "84", "85", "86", "87", "88", "89", "90", "91", 
        "92", "93", "94", "95", "96", "97", "98", "99", "100", 
        "101", "102", "103", "104", "105", "106", "107", "108", 
        "109", "110", "111", "112", "113", "114", "115", "116", 
        "117", "118", "119", "120", "121", "122", "123", "124", 
        "125", "126", "127", "128", "129", "130", "131", "132", 
        "133", "134", "135", "136", "137", "138", "139", "140", 
        "141", "142", "143", "144", "145", "146", "147", "148", 
        "149", "150", "151", "152", "153", "154", "155", "156", 
        "157", "158", "159", "160", "161", "162", "163", "164", 
        "165", "166", "167", "168", "169", "170", "171", "172", 
        "173", "174", "175", "176", "177", "178", "179", "180", 
        "181", "182", "183", "184", "185", "186", "187", "188", 
        "189", "190", "191", "192", "193", "194", "195", "196", 
        "197", "198", "199", "200", "201", "202", "203", "204", 
        "205", "206", "207", "208", "209", "210", "211", "212", 
        "213", "214", "215", "216", "217", "218", "219", "220", 
        "221", "222", "223", "224", "225", "226", "227", "228", 
        "229", "230", "231", "232", "233", "234", "235", "236", 
        "237", "238", "239", "240", "241", "242", "243", "244", 
        "245", "246", "247", "248", "249", "250", "251", "252", 
        "253", "254", "255", "256", "257", "258", "259", "260", 
        "261", "262", "263", "264", "265", "266", "267", "268", 
        "269", "270", "271", "272", "273", "274", "275", "276", 
        "277", "278", "279", "280", "281", "282", "283", "284", 
        "285", "286", "287", "288", "289", "290", "291", "292", 
        "293", "294", "295", "296", "297", "298", "299", "300", 
        "301", "302", "303", "304", "305", "306", "307", "308", 
        "309", "310", "311", "312", "313", "314", "315", "316", 
        "317", "318", "319", "320", "321", "322", "323", "324", 
        "325", "326", "327", "328", "329", "330", "331", "332", 
        "333", "334", "335", "336", "337", "338", "339", "340", 
        "341", "342", "343", "344", "345", "346", "347", "348", 
        "349", "350", "351", "352", "353", "354", "355", "356", 
        "357", "358", "359", "360", "361", "362", "363", "364", 
        "365", "366", "367", "368", "369", "370", "371", "372", 
        "373", "374", "375", "376", "377", "378", "379", "380", 
        "381", "382", "383", "384", "385", "386", "387", "388", 
        "389", "390", "391", "392", "393", "394", "395", "396", 
        "397", "398", "399", "400"), c("cov_catB", "cov_catC", 
        "cov_cont"))), n_nodes = 15L, nodes = c(-0.987992518020485, 
    -0.937273392400706, -0.848206583410427, -0.72441773136017, 
    -0.570972172608539, -0.394151347077563, -0.201194093997434, 
    7.76897533334697e-17, 0.201194093997435, 0.394151347077563, 
    0.570972172608539, 0.72441773136017, 0.848206583410427, 0.937273392400706, 
    0.987992518020485), weights = c(0.0307532419961173, 0.0703660474881082, 
    0.107159220467172, 0.139570677926155, 0.166269205816994, 
    0.186161000015562, 0.198431485327112, 0.202578241925561, 
    0.19843148532711, 0.186161000015563, 0.166269205816993, 0.139570677926154, 
    0.107159220467173, 0.0703660474881077, 0.0307532419961179
    ), study_index = c(1, 1, 1, 1, 1, 1, 1, 1, 1, 1, 1, 1, 1, 
    1, 1, 1, 1, 1, 1, 1, 1, 1, 1, 1, 1, 1, 1, 1, 1, 1, 1, 1, 
    1, 1, 1, 1, 1, 1, 1, 1, 1, 1, 1, 1, 1, 1, 1, 1, 1, 1, 1, 
    1, 1, 1, 1, 1, 1, 1, 1, 1, 1, 1, 1, 1, 1, 1, 1, 1, 1, 1, 
    1, 1, 1, 1, 1, 1, 1, 1, 1, 1, 1, 1, 1, 1, 1, 1, 1, 1, 1, 
    1, 1, 1, 1, 1, 1, 1, 1, 1, 1, 1, 1, 1, 1, 1, 1, 1, 1, 1, 
    1, 1, 1, 1, 1, 1, 1, 1, 1, 1, 1, 1, 1, 1, 1, 1, 1, 1, 1, 
    1, 1, 1, 1, 1, 1, 1, 1, 1, 1, 1, 1, 1, 1, 1, 1, 1, 1, 1, 
    1, 1, 1, 1, 1, 1, 1, 1, 1, 1, 1, 1, 1, 1, 1, 1, 1, 1, 1, 
    1, 1, 1, 1, 1, 1, 1, 1, 1, 1, 1, 1, 1, 1, 1, 1, 1, 1, 1, 
    1, 1, 1, 1, 1, 1, 1, 1, 1, 1, 1, 1, 1, 1, 1, 1, 1, 1, 1, 
    1, 1, 1, 1, 1, 1, 1, 1, 1, 1, 1, 1, 1, 1, 1, 1, 1, 1, 1, 
    1, 1, 1, 1, 1, 1, 1, 1, 1, 1, 1, 1, 1, 1, 1, 1, 1, 1, 1, 
    1, 1, 1, 1, 1, 1, 1, 1, 1, 1, 1, 1, 1, 1, 1, 1, 1, 1, 1, 
    1, 1, 1, 1, 1, 1, 1, 1, 1, 1, 1, 1, 1, 1, 1, 1, 1, 1, 1, 
    1, 1, 1, 1, 1, 1, 1, 1, 1, 1, 1, 1, 1, 1, 1, 1, 1, 1, 1, 
    1, 1, 1, 1, 1, 1, 1, 1, 1, 1, 1, 1, 1, 1, 1, 1, 1, 1, 1, 
    1, 1, 1, 1, 1, 1, 1, 1, 1, 1, 1, 1, 1, 1, 1, 1, 1, 1, 1, 
    1, 1, 1, 1, 1, 1, 1, 1, 1, 1, 1, 1, 1, 1, 1, 1, 1, 1, 1, 
    1, 1, 1, 1, 1, 1, 1, 1, 1, 1, 1, 1, 1, 1, 1, 1, 1, 1, 1, 
    1, 1, 1, 1, 1, 1, 1, 1, 1, 1, 1, 1, 1, 1, 1, 1, 1, 1, 1, 
    1, 1, 1, 1, 1, 1, 1), arm_index = c(1, 1, 1, 1, 1, 1, 1, 
    1, 1, 1, 1, 1, 1, 1, 1, 1, 1, 1, 1, 1, 1, 1, 1, 1, 1, 1, 
    1, 1, 1, 1, 1, 1, 1, 1, 1, 1, 1, 1, 1, 1, 1, 1, 1, 1, 1, 
    1, 1, 1, 1, 1, 1, 1, 1, 1, 1, 1, 1, 1, 1, 1, 1, 1, 1, 1, 
    1, 1, 1, 1, 1, 1, 1, 1, 1, 1, 1, 1, 1, 1, 1, 1, 1, 1, 1, 
    1, 1, 1, 1, 1, 1, 1, 1, 1, 1, 1, 1, 1, 1, 1, 1, 1, 1, 1, 
    1, 1, 1, 1, 1, 1, 1, 1, 1, 1, 1, 1, 1, 1, 1, 1, 1, 1, 1, 
    1, 1, 1, 1, 1, 1, 1, 1, 1, 1, 1, 1, 1, 1, 1, 1, 1, 1, 1, 
    1, 1, 1, 1, 1, 1, 1, 1, 1, 1, 1, 1, 1, 1, 1, 1, 1, 1, 1, 
    1, 1, 1, 1, 1, 1, 1, 1, 1, 1, 1, 1, 1, 1, 1, 1, 1, 1, 1, 
    1, 1, 1, 1, 1, 1, 1, 1, 1, 1, 1, 1, 1, 1, 1, 1, 1, 1, 1, 
    1, 1, 1, 2, 2, 2, 2, 2, 2, 2, 2, 2, 2, 2, 2, 2, 2, 2, 2, 
    2, 2, 2, 2, 2, 2, 2, 2, 2, 2, 2, 2, 2, 2, 2, 2, 2, 2, 2, 
    2, 2, 2, 2, 2, 2, 2, 2, 2, 2, 2, 2, 2, 2, 2, 2, 2, 2, 2, 
    2, 2, 2, 2, 2, 2, 2, 2, 2, 2, 2, 2, 2, 2, 2, 2, 2, 2, 2, 
    2, 2, 2, 2, 2, 2, 2, 2, 2, 2, 2, 2, 2, 2, 2, 2, 2, 2, 2, 
    2, 2, 2, 2, 2, 2, 2, 2, 2, 2, 2, 2, 2, 2, 2, 2, 2, 2, 2, 
    2, 2, 2, 2, 2, 2, 2, 2, 2, 2, 2, 2, 2, 2, 2, 2, 2, 2, 2, 
    2, 2, 2, 2, 2, 2, 2, 2, 2, 2, 2, 2, 2, 2, 2, 2, 2, 2, 2, 
    2, 2, 2, 2, 2, 2, 2, 2, 2, 2, 2, 2, 2, 2, 2, 2, 2, 2, 2, 
    2, 2, 2, 2, 2, 2, 2, 2, 2, 2, 2, 2, 2, 2, 2, 2, 2, 2, 2, 
    2, 2, 2, 2, 2, 2, 2, 2, 2, 2, 2, 2, 2), sm_time_grid = 1, 
        n_sm_time_grid = 1L, index_per_arm = c(1, 2, 3, 4, 5, 
        6, 7, 8, 9, 10, 11, 12, 13, 14, 15, 16, 17, 18, 19, 20, 
        21, 22, 23, 24, 25, 26, 27, 28, 29, 30, 31, 32, 33, 34, 
        35, 36, 37, 38, 39, 40, 41, 42, 43, 44, 45, 46, 47, 48, 
        49, 50, 51, 52, 53, 54, 55, 56, 57, 58, 59, 60, 61, 62, 
        63, 64, 65, 66, 67, 68, 69, 70, 71, 72, 73, 74, 75, 76, 
        77, 78, 79, 80, 81, 82, 83, 84, 85, 86, 87, 88, 89, 90, 
        91, 92, 93, 94, 95, 96, 97, 98, 99, 100, 101, 102, 103, 
        104, 105, 106, 107, 108, 109, 110, 111, 112, 113, 114, 
        115, 116, 117, 118, 119, 120, 121, 122, 123, 124, 125, 
        126, 127, 128, 129, 130, 131, 132, 133, 134, 135, 136, 
        137, 138, 139, 140, 141, 142, 143, 144, 145, 146, 147, 
        148, 149, 150, 151, 152, 153, 154, 155, 156, 157, 158, 
        159, 160, 161, 162, 163, 164, 165, 166, 167, 168, 169, 
        170, 171, 172, 173, 174, 175, 176, 177, 178, 179, 180, 
        181, 182, 183, 184, 185, 186, 187, 188, 189, 190, 191, 
        192, 193, 194, 195, 196, 197, 198, 199, 200, 201, 202, 
        203, 204, 205, 206, 207, 208, 209, 210, 211, 212, 213, 
        214, 215, 216, 217, 218, 219, 220, 221, 222, 223, 224, 
        225, 226, 227, 228, 229, 230, 231, 232, 233, 234, 235, 
        236, 237, 238, 239, 240, 241, 242, 243, 244, 245, 246, 
        247, 248, 249, 250, 251, 252, 253, 254, 255, 256, 257, 
        258, 259, 260, 261, 262, 263, 264, 265, 266, 267, 268, 
        269, 270, 271, 272, 273, 274, 275, 276, 277, 278, 279, 
        280, 281, 282, 283, 284, 285, 286, 287, 288, 289, 290, 
        291, 292, 293, 294, 295, 296, 297, 298, 299, 300, 301, 
        302, 303, 304, 305, 306, 307, 308, 309, 310, 311, 312, 
        313, 314, 315, 316, 317, 318, 319, 320, 321, 322, 323, 
        324, 325, 326, 327, 328, 329, 330, 331, 332, 333, 334, 
        335, 336, 337, 338, 339, 340, 341, 342, 343, 344, 345, 
        346, 347, 348, 349, 350, 351, 352, 353, 354, 355, 356, 
        357, 358, 359, 360, 361, 362, 363, 364, 365, 366, 367, 
        368, 369, 370, 371, 372, 373, 374, 375, 376, 377, 378, 
        379, 380, 381, 382, 383, 384, 385, 386, 387, 388, 389, 
        390, 391, 392, 393, 394, 395, 396, 397, 398, 399, 400
        ), n_index_per_arm = c(200, 200), n_arms = 2L, arm_to_study_index = c(1, 
        1), n_studies = 1L, Nta_total = 2800L, Yobs = c(52.1953298102351, 
        49.8791211963645, 48.5090172925741, 49.267914592203, 
        52.0674703448816, 52.2925849698988, 45.8034527816042, 
        52.7107348122081, 51.0870577784931, 48.2313262070689, 
        48.9851290062773, 53.4662622247812, 50.4974538905225, 
        50.7318033838926, 48.3946380719751, 50.128622093645, 
        49.8979705487661, 51.6603460062695, 52.8348883184503, 
        47.7806034036718, 49.186217352443, 50.0321581426713, 
        49.78317938252, 49.3594207918115, 47.6632864101007, 47.478574981697, 
        48.7078607316642, 48.410439130098, 50.7411690413338, 
        52.1562520550623, 54.3965807659892, 53.6000440426606, 
        46.2982750576466, 49.8795499462525, 51.1198065141815, 
        50.4944663101526, 48.8646450962606, 46.6575277085712, 
        50.889742198654, 46.2903451327179, 48.7744504627119, 
        52.9148022297365, 53.5901351841309, 48.9829974999309, 
        48.9339378956096, 51.4632451449159, 50.1223034687732, 
        51.5594868839866, 48.1264596734902, 51.2696697356745, 
        50.0410182248176, 50.436199230861, 47.3220763910248, 
        51.6888474363142, 52.3898145612304, 51.2001399119364, 
        52.3627916331916, 46.3041716715904, 50.0279839813025, 
        51.9419506114437, 49.6069907008349, 54.7565480594459, 
        49.5055102835563, 48.4216635558176, 48.8053721725702, 
        50.0816379330585, 47.1665786301354, 47.4884246734851, 
        48.3880785316472, 49.2294615095445, 51.0320989456315, 
        49.8070277337886, 51.1846063919603, 51.4832694494061, 
        53.6692594512685, 52.4968600464244, 51.051184439213, 
        50.5821586907223, 48.8294951748883, 51.7986807797296, 
        51.8706885003912, 49.9652153561901, 50.9234426874163, 
        53.1899091800401, 51.8159236769169, 49.9559178383578, 
        50.3754742220363, 48.4557364434956, 48.0671881275598, 
        48.4269167225257, 46.9532337152304, 49.1142650129624, 
        50.114996546172, 49.374483584098, 46.6538476178471, 48.2147507174839, 
        50.1419956896779, 52.1095816861752, 50.9683262112334, 
        54.6166180879478, 46.2487472127571, 47.8710846639485, 
        51.3640747460199, 49.670983447232, 51.3741557369602, 
        50.6698483265171, 50.2332865221258, 50.9577370890061, 
        48.3882160294291, 47.5327488987409, 52.3546029580349, 
        49.191196364106, 47.0461667202265, 52.5989216633529, 
        49.570817127201, 49.7408332826109, 52.4330058443918, 
        49.659460952333, 50.9470440013332, 45.5434946462608, 
        50.4495065211617, 48.6276471366893, 48.4754186644069, 
        52.6444447098569, 52.1529268652224, 45.3448698717771, 
        50.4602128140832, 49.0842601918927, 51.0137786039235, 
        48.7101831554903, 47.6622715976515, 52.6268162460964, 
        47.3469016464434, 49.3273837425263, 53.4192702327865, 
        49.5041208374486, 46.6149863643597, 50.4614559854243, 
        52.6158086141093, 51.3467138736672, 47.840542358068, 
        48.2830355748235, 51.5924902794383, 50.987493507746, 
        52.9760135663621, 51.5792592445329, 52.8453681736669, 
        50.0459749257314, 51.727394535229, 49.932503356231, 51.0034241455935, 
        51.4433661071497, 49.0202325726615, 49.6391372794209, 
        47.2326881081874, 50.4492089496206, 50.1919299741211, 
        49.3069709676037, 51.2565487632752, 51.6456477805616, 
        50.8133123531789, 49.4855279711931, 51.7615630593247, 
        50.0810035770708, 50.8606875236288, 52.0073429814651, 
        53.0069047564657, 47.2822160180988, 50.4732812225857, 
        51.1889086087395, 52.9438362454547, 50.9206626070086, 
        53.1029515451593, 51.284194453695, 53.7277403172712, 
        51.8662589297195, 49.5011030211277, 50.2963336943436, 
        48.3701001111766, 50.1288796751365, 49.2682525085059, 
        47.3211533538498, 47.5489236515328, 50.3179015025984, 
        54.3470737484379, 50.1692636258845, 51.3297438603814, 
        49.9669685456375, 48.8207576219604, 51.4806816886803, 
        51.4119416551326, 48.208504408466, 47.5597457622157, 
        54.1276356577504, 47.4808647962196, 51.2206300287632, 
        46.6120556260915, 51.1899749756453, 49.859138045928, 
        52.9174789304926, 48.3651337025602, 51.6891278249756, 
        53.2293983879377, 52.9521869384263, 52.5386269660335, 
        55.2385056555443, 47.7397465406325, 54.4859591647684, 
        48.548570395749, 47.9059706587787, 50.1438782553668, 
        52.3988433505249, 51.4169896493533, 52.2660480710845, 
        53.4949224923156, 49.3932120199171, 51.7276230951379, 
        49.7310207530048, 52.0264844794997, 49.1774063924233, 
        51.1282044613939, 50.4295751566176, 49.8805667929709, 
        47.7802411869867, 50.6396663030304, 51.74953643922, 53.5046978158531, 
        50.7643119116436, 48.2248836103062, 50.1678518021273, 
        52.6538773939875, 49.1585218231121, 47.7028417803235, 
        48.3779230969357, 50.9646974296431, 48.8844048149021, 
        49.8691186853963, 47.5974568717712, 49.578102235801, 
        52.4429171494633, 48.7195930409774, 50.648802813087, 
        51.2869766871396, 50.6738444112441, 49.6764564756648, 
        50.2875728386627, 51.7203503014712, 48.7560244594788, 
        49.2425338955078, 46.5797580142349, 49.5058922368116, 
        51.0987890538258, 50.4775331494668, 50.6287832521673, 
        52.4885673227332, 48.5153883694082, 51.4152369829878, 
        51.699908522886, 53.4096561984592, 49.6570925301425, 
        49.8433753680617, 53.404376503264, 52.9450624938371, 
        49.5414661428442, 48.4502252911748, 51.0461694768558, 
        49.9088517733271, 51.8489990130532, 47.7728458895779, 
        51.9697919532053, 51.1805943151394, 50.2572548536433, 
        47.7532537457122, 50.5829648804855, 48.5452450028916, 
        52.3616544490169, 48.9854442625389, 48.2275053062613, 
        51.1234780407132, 53.4448926962939, 46.1464721895152, 
        51.1021388492853, 48.8577863494901, 50.3521193721247, 
        49.1674501822102, 51.7924331740398, 50.762756736686, 
        50.4250327946741, 47.7622925353013, 49.7094331283697, 
        50.5072042138805, 53.0693589717423, 52.6004385553674, 
        46.9353860679993, 46.6467191965191, 49.1097290947305, 
        49.7318787976064, 52.7355815068818, 47.3950897367393, 
        47.847336455282, 51.4679174811883, 48.1719760563179, 
        47.1527401407736, 45.4818617329777, 52.7067868691279, 
        48.2134324166804, 51.2106395474176, 50.7940855293506, 
        49.9710153592437, 48.0929901028782, 48.7826837319634, 
        53.0961481329961, 49.6279330415941, 48.5843110193258, 
        50.1712103915906, 46.0919330136832, 50.691301033736, 
        48.5434613714362, 52.3247864655772, 48.420158291679, 
        50.8315306253921, 49.72799724961, 49.8134951490924, 49.7510696746496, 
        49.992088141976, 53.809945288704, 48.4139658842443, 51.3488452240286, 
        47.68893841294, 47.9060340700815, 49.8508502529277, 44.7099139212395, 
        48.5799131315936, 50.2413607938664, 52.7541815376826, 
        50.7814207618858, 51.7480747869917, 50.8043960366084, 
        44.7036807233475, 52.631994823752, 48.9115139500241, 
        50.3848095746988, 51.1887241517056, 52.9617641382982, 
        48.9198301607183, 47.3524362727777, 51.6052120529524, 
        48.4969894159087, 53.3780825100398, 49.7637720109432, 
        49.7377697146363, 48.6016799585109, 46.8265170108415, 
        50.5888480032882, 50.4976362482605, 53.3304431786628, 
        51.5438724800344, 49.8621192423508, 49.8679730201901, 
        49.9790857625237, 48.3065885836892, 49.0090513558198, 
        49.7906712208669, 50.9152260368611, 47.5073967751002, 
        47.1206874595857, 50.2421355290436, 48.4986239790287, 
        48.7187083019962, 49.7629534987893, 51.2816952128846, 
        48.3599441929006, 48.7834816182648, 48.5650372641383, 
        53.7649142317692, 49.4213218819718, 48.3226520017404, 
        49.3869502565824, 49.3546334396195, 50.688239514736, 
        53.072690818627, 47.2500448483028, 52.336004996482, 48.5518514304621, 
        50.5741551181338, 52.0575858519239, 46.4639905627546, 
        51.5439382814418, 49.871539005629, 52.5585677131806, 
        49.390508155784, 51.8052911245708, 52.0210948207028, 
        48.4505313993165, 51.0161531988304, 49.1805896349866, 
        48.5171858675376, 48.4203929596845, 50.3780758264961, 
        51.0338888113887, 51.6023084677724, 53.6346444576374, 
        46.8996003026409, 61.8167631398699, 80.5094529611265, 
        74.3237068897832, 67.7884528997639, 10.1823926585195, 
        43.7364754045887, 31.2438406832824, 78.9834478676659, 
        10.8211872402637, 24.1424966606339, 38.836385553119, 
        44.3027915261025, 49.3577928917243, 70.5051987711262, 
        78.9338458421556, 56.8492104111947, 44.5747810143382, 
        76.4267833159918, 43.1169944409328, 70.0065820393137, 
        62.4227350013056, 52.5178684994283, 43.5222910797633, 
        -13.0317945529586, 38.5584160150721, 36.7539144762691, 
        53.8199270213328, 63.2293216195973, 31.6436670846086, 
        14.0530017371303, 43.8340411178788, 71.5205903679215, 
        37.5666067429755, 12.3059112800474, 26.1698973747393, 
        59.5334790569287, 72.0050069995512, 15.7457323222654, 
        34.8420687326495, 54.9040332145878, 33.2814995057571, 
        70.7646151445815, 45.473871638193, -1.19448264663751, 
        85.0805317136304, 74.7324361787837, 59.1087796180971, 
        82.6807727878489, 20.3835621410305, 63.8464391647086, 
        81.0964661702608, 46.14168143964, 58.1764469502263, 76.2562150090358, 
        29.4055845613119, 67.2507982639841, 44.6422327635155, 
        42.0257593516359, 97.5339241490379, 36.8630871708576, 
        86.6767322286392, 41.4629695866449, 64.1545263913439, 
        52.9625397581416, 49.0608964194907, -7.26846521131477, 
        5.01404436139984, 70.4967886461711, 55.6668995903956, 
        69.9476576811158, 36.4318876100424, 47.2058619980965, 
        24.7819349143281, 5.84878824710271, 41.7055569145499, 
        49.2408716915512, 95.5200399272015, 61.7838926049068, 
        24.048076316546, 58.109925703118, 89.8773276487824, 61.7363345404618, 
        34.9489682084728, 32.4095861625613, 46.0262500674233, 
        19.8831330829444, 48.5507687977794, 64.7771160183959, 
        38.1737731392808, 33.5247598420077, 67.3634399208935, 
        79.5748834700703, 57.7561268673957, 83.4071838544223, 
        34.3465438035105, 75.3823215649438, 21.3208243401441, 
        41.7185139220894, 62.4255361156996, 77.9798250782001, 
        42.9078297327892, 40.1576390516138, 17.5964567194598, 
        50.5784382838924, 50.0823945692494, 63.6729769686375, 
        41.5553153308616, 71.1050905644617, 51.8862206974639, 
        40.5114470401802, 65.4494861500294, 83.0026455170717, 
        73.6908997167182, 44.8544812868263, 46.7563455934945, 
        47.1602556430445, 22.1074576805189, 17.1361076874393, 
        24.7067066811293, 30.2924030710245, 71.5532495547289, 
        83.5467517169479, 44.4145141662061, 58.4629016885444, 
        80.739108037921, 51.1666068094849, 19.8779588617024, 
        58.8071177218466, 24.9854834964915, 42.2387752916631, 
        64.1489753464453, 31.6169299569028, 15.8690640463468, 
        10.1223349154939, 59.08794817963, 52.3717929815045, -1.49770927635392, 
        35.7523036522328, 54.3061237292791, 53.1993856534362, 
        64.4401024628984, 63.0584314923691, 13.5478532069018, 
        24.1807946542046, 90.9237990982149, 37.4243826692316, 
        83.0359419158439, 30.0540086895946, 50.9757365211855, 
        37.8442973649777, 44.2927344912631, 56.5019708019292, 
        71.457634820283, 37.4225238951782, 73.205107984174, 57.4794470750385, 
        47.8758439204958, 36.3957679561987, 56.4695702341246, 
        54.7995822227103, 31.1901644846678, 31.0176778007967, 
        39.4595734267545, 49.6015104121099, 47.8787017968825, 
        34.607990254646, 87.8145052840705, 44.3733668376885, 
        24.1800893266751, 54.8260992941666, 55.8964124983968, 
        65.0353369040121, 57.3653100078358, 4.91909941584251, 
        60.5075807284086, 35.417473743648, 87.6818181569052, 
        51.3572927713521, 16.4943302402205, 0.997797246599479, 
        24.3520917500572, 65.4827318145569, 31.108720357763, 
        59.4481292143483, 62.6739040101236, 61.9666595083524, 
        28.6609822128456, 95.1622081194444, 54.1279344649043, 
        70.8957464435855, 38.0283148510154, 44.5687962603204, 
        71.3155858211751, 74.2976571046825, 44.8807996394179, 
        40.9415198051756, 22.0599315705705, 45.9481445858325, 
        57.1150031353846, 104.143352196104, 28.0717042842191, 
        81.9300147624047, 70.5025446392405, 37.211729331438, 
        46.8544008303821, 85.276196598445, 82.1221243427936, 
        33.8567691292846, 65.4248552607842, 78.3152626872303, 
        51.5112386392312, 67.7780698565548, 37.7047310360782, 
        59.1292130952658, 28.4011182389288, 49.5088493827465, 
        56.3453916704293, 83.2150013241371, 34.6465088015406, 
        33.8655638995505, 55.3636056809809, 34.1264319808656, 
        42.1605116466601, 43.4031169363872, 66.0014998306189, 
        50.0209247530891, 47.3663388660548, 104.368934927868, 
        6.75624347624864, 29.4032565065777, 42.6176840260294, 
        -5.9885749800112, 84.0295809326552, 66.0510254464862, 
        45.2022375965009, 46.9137350612872, 49.9765646117217, 
        22.5807364283245, 44.5222043115396, 90.0125350436966, 
        -1.25106976187473, 74.4136575244781, 81.2216832399527, 
        73.0105276191628, -3.59783969358217, 69.9882217630962, 
        -8.85597840528627, 26.0249846220518, 38.4756606241489, 
        65.7130145931576, 19.5615557225432, 54.8271821239402, 
        20.3708658071029, 84.61637881781, 8.51738781587951, 40.8662955108355, 
        41.6118101325676, 54.3909192275671, 95.594308628758, 
        86.5167362656324, 41.475369494003, 80.5733329408609, 
        43.4452819511625, 41.9765569355637, 54.0032196959734, 
        44.0622351548475, 36.1416708523775, 76.4186453714412, 
        28.8273602717248, 46.0402193696737, 78.4004745756702, 
        77.6078759642534, 31.3633860842849, 43.9103975391208, 
        84.3476946347203, 22.6845109089949, 59.9389914195222, 
        65.8058124925403, 63.8429819218203, -2.50481730110337, 
        25.2670449602911, 67.968217857259, 61.5861188140287, 
        14.3404068078693, 38.6870736163282, 32.3302817220685, 
        47.5539056176392, 12.2708514750388, 50.6331997608457, 
        34.691148837904, 25.0253330505832, 34.00015766038, 49.0220876054587, 
        93.4311829298289, 36.7201889775545, 39.7085557928478, 
        44.2967020311475, 18.4857457868978, 55.7908813048271, 
        45.9171642329255, 41.528240667232, 85.5782470623754, 
        39.4461933209816, 56.934555371409, 58.1028000825579, 
        65.4170804097319, 68.1996217002276, 47.2100437470131, 
        49.5726733748208, 40.6957472849923, 19.6978235101692, 
        57.2131354639516, -2.51117019049563, 89.76566976028, 
        30.7358937453982, 87.9586916480347, 61.7415549970189, 
        69.5106820067084, 50.402107213902, 49.4256916121699, 
        34.0459328085112, 79.9228286078767, 88.0942255506838, 
        8.41625488681441, 47.0161274737854, 20.0833530191112, 
        18.6233373598479, 78.2312045823923, 59.4914572002314, 
        85.1656434036035, 19.2638751976946, 62.3250741164567, 
        21.9890586331115, 64.9263636629729, 88.2597987169877, 
        46.4876340796075, 66.7049068009206, 94.9900557277044, 
        23.4889163181466, 80.0124306331321, 64.4041860708261, 
        94.4866690963766, 37.6598560124911, 53.0499767746047, 
        39.3956370244326, 72.5341959687317, 53.6632877052169, 
        44.1735864948016, 28.1435231405487, 51.683108106354, 
        79.7459167064534, 38.9282545625953, 36.9241157836004, 
        28.3573850308157, 13.5373647494385, 22.778827368087, 
        49.2415777598364, -3.63220322551509, 39.6325037471947, 
        19.7787814405965, 67.4625689910685, 29.2216963857712, 
        52.9178993365347, 50.3700416437617, 40.0976333131199, 
        44.6663659057621, 74.1159129395028, 47.6257756131752, 
        77.100294198889, 38.6048196766511, 87.2447451626976, 
        37.8184225371141, 28.5859020070222, 21.1136815517071, 
        55.7645494494306, 36.1875042597975, 30.5212414943424, 
        59.2115659132856, 17.9076747749998, 65.2532677122735, 
        44.1278529992987, 38.5081297395641, 67.4449091527339, 
        22.4045724400896, 66.1643049041, 52.7712846668259, 64.8881312556194, 
        71.3337869628637, 76.5814057316585, 5.42086789689622, 
        72.4823938050061, 50.4024036962027, 32.2138106611704, 
        28.1481006011171, 25.2903456669539, 25.7952685227327, 
        55.8664164303116, 51.1726159582209, 58.4794710302153, 
        49.3909760301166, 70.2784078855344, 111.556030497494, 
        93.3403997487933, 82.2850419138026, -25.9569866463395, 
        32.7204466132657, 18.8966967619563, 104.793181758568, 
        -30.9022762964323, -5.28208047828306, 26.9255388183118, 
        35.3756590787093, 51.6295013190704, 91.9537493481091, 
        111.736577361789, 72.498779718337, 40.2258527052951, 
        105.480509322617, 35.5525009910003, 91.3975500907824, 
        73.2554193648806, 49.8511520373371, 37.7550776893844, 
        -73.9740455044209, 30.4100081220018, 27.8176607193656, 
        57.7679925855099, 69.3856990481146, 17.519075097176, 
        -15.9571144572637, 52.1717842295591, 87.614119185137, 
        25.9414456060963, -32.3970040599645, -0.825233306619814, 
        67.5932196067363, 95.8181502867048, -19.0523568388942, 
        17.0018924964422, 65.8430538441553, 18.6281708231862, 
        92.9383573300862, 32.440100621215, -52.3026286730381, 
        123.085976430182, 103.171279105423, 71.3730122650596, 
        108.774372372544, -16.5727815998601, 79.5436765731582, 
        114.318659215178, 45.0529942568872, 62.596873201585, 
        107.239712292088, 16.8111882405645, 85.580937200574, 
        41.6408602320401, 39.486693408107, 137.168738301652, 
        16.0281000222168, 117.271490206529, 46.4901421152606, 
        75.5360910131632, 53.5930822497294, 38.8029109455758, 
        -70.7259056115194, -34.6122352061709, 95.8711038904924, 
        65.3239955108496, 93.4151059901594, 28.7460121032465, 
        44.6162306641412, -2.66808681358622, -40.84107047132, 
        33.2553723999283, 44.761822772372, 136.44142388158, 72.9198105485173, 
        -3.10673470067231, 63.5380487039517, 132.101411967197, 
        65.0123450877652, 22.7826089403037, 15.4270237374908, 
        47.0130322350909, -2.44043533183768, 39.5072146636513, 
        81.0250780734351, 20.4117907042922, 14.8655029515232, 
        70.8658227680507, 108.61686762743, 61.5585821991807, 
        108.326984970972, 24.4698963214036, 103.69908223344, 
        -7.06787703149693, 35.7253201439814, 80.5024650425117, 
        102.583908994681, 31.4410732457984, 34.4692817995595, 
        -19.7761383366434, 62.2998196353361, 41.1867317324823, 
        72.2335462733774, 37.5275525162699, 96.1003893490321, 
        51.0090583999552, 25.7370626746501, 87.7357180890786, 
        118.681184385757, 91.9364755355481, 35.2565305983573, 
        39.4621637906201, 40.623519807998, -8.93931547455412, 
        -22.9511304354385, 2.84319802195226, 0.55673762979305, 
        90.2815221276935, 105.986802790247, 43.4175583333426, 
        66.9366150832696, 108.631742239137, 57.7030362353415, 
        -12.2518695843193, 62.2900875926697, 14.3343523882628, 
        31.9381824153336, 71.7363595127723, 18.0324530551447, 
        -14.1721238983499, -30.2288588742799, 57.750049931428, 
        47.0094460721675, -54.5822684113532, 15.8629744500975, 
        66.9207308819951, 51.5378422252695, 83.7011518753744, 
        72.6536850658319, -18.5528352300392, 7.90480745030298, 
        136.280117236825, 15.6747689721163, 120.218345222257, 
        9.69543326186159, 57.706244166374, 26.69494986683, 31.1663426090098, 
        56.4607206608875, 87.2084108804694, 21.7675103285286, 
        96.6634605149585, 66.7245127393453, 50.9584075485003, 
        19.38085259379, 62.3164683913546, 71.8270979202692, 19.6814417839124, 
        6.087394215728, 23.8796600984359, 42.875429163571, 44.5650524296907, 
        21.4670572163472, 127.974585516603, 43.9511047345084, 
        -6.16126648500747, 56.4254643279835, 55.106748209726, 
        71.9685023299888, 63.3704066240358, -36.5379241264857, 
        71.0145203616194, 17.0953893328549, 129.748200628015, 
        54.6500490491314, -20.2718920702863, -53.640480497998, 
        -0.466228816120502, 74.5799853030013, 14.2700948557728, 
        73.0714524283167, 76.714309497716, 70.3876693576502, 
        -4.43522398297433, 135.933088807228, 47.5454183646666, 
        100.062354824969, 19.4303413334874, 48.7320115152658, 
        96.2471653594457, 101.346193920783, 44.9628273542748, 
        30.0195080257279, -1.62160315106492, 49.081056915798, 
        52.0902447740059, 155.922964144293, 4.14505810668823, 
        114.955292822965, 91.869680204102, 24.1483367210523, 
        41.5286074994897, 118.329262469562, 120.28411148559, 
        22.5377432432787, 80.6377582416402, 91.4192531892422, 
        45.7048483179734, 84.4353035883921, 28.9851268267977, 
        69.4767297782676, 9.08959030559058, 48.1045178813792, 
        70.5003641239873, 117.620210627816, 14.8170869721295, 
        18.3840912844697, 61.3356323750892, 24.1819092084353, 
        34.6389417800044, 39.2702250339375, 83.2362521914355, 
        51.4476944183622, 46.7793800192682, 163.685664564344, 
        -41.4993529553662, 12.1458195716475, 25.0879945886851, 
        -66.8642593901828, 111.811350964686, 78.7296108712782, 
        44.0601137041673, 50.5919864091764, 52.1297678607923, 
        0.769896409306934, 39.7698394947144, 125.640017434461, 
        -47.423916027473, 99.8097840741991, 110.916776758027, 
        90.0369914204487, -49.8338608889858, 85.0581575158073, 
        -64.4850644737925, 2.20436947469435, 27.9789519938685, 
        78.784553107017, -5.20692960228117, 62.4612802940889, 
        -7.90535358866944, 120.972654606371, -30.3283890622599, 
        29.1275050098214, 29.8041300520167, 55.4115770944939, 
        135.089728724034, 110.352712366211, 24.5186597349266, 
        110.079006497537, 41.4492411711293, 31.2697525778885, 
        55.0167425501424, 41.9017094043011, 18.0777862452423, 
        102.07727565448, 9.57911055160038, 44.0339756659144, 
        106.425647759267, 101.760686532092, 15.519005923342, 
        38.5664864787468, 124.317080183311, -10.7801319737004, 
        59.3933546913057, 83.8659180353085, 70.9709562990593, 
        -47.5600032860889, 9.09561038470532, 84.0610575478834, 
        70.9658231325042, -28.9993609170156, 20.8019163607481, 
        19.8412921757577, 48.4993581983028, -17.4250243043319, 
        48.6697922621148, 20.4175360112952, 5.84239897412081, 
        12.4795529714202, 63.6901245738838, 142.977449954747, 
        26.0366164390466, 32.4152336415969, 38.9597705994596, 
        -13.6405289483898, 50.7979372611051, 39.3034733940553, 
        31.2135677720181, 125.518722464463, 30.8161804382621, 
        60.8790260189866, 70.615998150626, 81.8055429092622, 
        82.2688555862224, 46.9851481654539, 50.722819715426, 
        37.1610889837945, -14.0856313605107, 61.4862273553292, 
        -58.1215652040286, 124.685290048745, 10.4557538897667, 
        124.975602308926, 74.3987756743016, 96.2653945911061, 
        47.2020480234286, 45.0375510185449, 26.6907111669768, 
        115.765389823179, 114.279510933653, -37.0624302555594, 
        37.6730157910113, -7.04455331454193, -9.50609796700269, 
        99.8770659030943, 74.7827999285748, 126.677600352846, 
        -2.30071852178948, 80.6499923913278, -7.12066567623036, 
        82.574029140774, 133.866376554319, 36.3820502726801, 
        84.6062016830803, 141.260842319474, -10.7017078918109, 
        113.513869239866, 69.202848213866, 134.188503309716, 
        25.8116568759207, 55.1057687624136, 28.6382540862559, 
        91.2430230142919, 60.5993631127263, 45.1082855528992, 
        9.99955417510232, 46.8534062653517, 101.671360473281, 
        31.6844222843539, 16.3639752178414, 8.54218748989818, 
        -18.0196738331673, -3.16261897773486, 52.160109064829, 
        -57.4946434373247, 19.4591323575228, -12.6397400373124, 
        88.7380758342705, 13.235734173776, 49.1524281745872, 
        50.4650974295719, 30.0288477780868, 41.7159114227627, 
        88.7275751301285, 45.0661263834089, 105.560796682907, 
        26.2130500737559, 122.297776706783, 25.1573683315978, 
        3.74424143404543, -7.31232675928138, 65.057060240163, 
        22.8374581764301, 11.2704030776325, 68.0266087248082, 
        -15.2977202181661, 77.9679755211144, 39.4954921491228, 
        30.9959760381506, 84.3563152956529, -9.09834179654647, 
        86.5685075564487, 51.3112422160836, 81.2372710110571, 
        91.4410951366173, 104.384392494502, -37.427376554376, 
        93.6277415325282, 57.061964324493, 18.0389396871403, 
        6.44518073997015, -4.3389390136651, 0.263614264035044, 
        60.3984012059069, 53.01988861338, 58.3123650318114, 46.2256582367758, 
        82.024668671844, 145.288002482954, 116.898286783331, 
        100.348351216788, -63.870371250769, 28.2386833794594, 
        1.52955280142566, 138.002653319284, -74.240562873959, 
        -35.1944074405153, 15.9146102301567, 30.7993982814591, 
        51.3042983448432, 110.653146689813, 144.920912303191, 
        83.4148027727004, 41.9245201539165, 133.717061861038, 
        31.398359727237, 110.325702526158, 88.1788691659811, 
        52.1058869724033, 29.5004409731008, -134.986608533872, 
        22.3031447498848, 22.4868536082482, 59.4284969579012, 
        80.3793653523848, 2.46031438011706, -44.4228612026567, 
        54.8892595936796, 106.521600925216, 16.4190731819168, 
        -70.2379676748997, -26.2777076563788, 76.603382868906, 
        122.871955734243, -54.5717015744194, 6.78353719420599, 
        72.0469674327916, 2.72994855180518, 114.501174742334, 
        21.9980660952927, -101.874422371016, 162.171194804382, 
        128.359749279183, 77.0908411085116, 138.414997928632, 
        -50.1915169408758, 91.800698000695, 154.55514630079, 
        43.7747053768951, 71.036415281814, 133.808583150932, 
        -7.72571298512353, 105.357113181756, 39.0381678331379, 
        33.4899243247591, 181.216773483508, 4.92079991853492, 
        150.038655162828, 42.5963039936238, 92.7546069007106, 
        58.2425123259605, 39.3940210940896, -130.70560239023, 
        -81.0756340933953, 115.309280024303, 68.5167320698592, 
        110.275216022277, 16.3179731619576, 41.1627431447718, 
        -32.9737771550489, -82.6350356605869, 27.2960617622872, 
        42.382777571758, 179.565733854321, 81.205746027502, -32.7731333897548, 
        76.9339987732915, 171.786583300408, 66.7670690468753, 
        6.80181928498736, 0.462470884318761, 39.9924528800625, 
        -25.1847362304595, 36.4183831198712, 96.7277598222352, 
        11.4364926829703, -0.206682174072916, 86.9450755551862, 
        136.546179042158, 68.9532495587179, 144.206990130482, 
        6.90136584802702, 134.70017840181, -31.0271501068977, 
        25.8754480803568, 95.8096630957616, 131.393977491301, 
        27.9444888723794, 26.8937369495297, -50.1053761146338, 
        67.1369889891045, 41.0365149252372, 81.8060631350825, 
        31.3118807546086, 117.100334850721, 55.6035421697791, 
        17.093071097723, 106.317740324002, 154.323744711123, 
        116.918232817634, 28.9817126894384, 38.5462858345242, 
        40.0582997889549, -46.4682195010788, -59.9389917450277, 
        -17.9074737119844, -25.139115217574, 111.663530115236, 
        137.945694365565, 35.7407823962878, 81.2459658156309, 
        140.599256729972, 61.5579220625578, -46.6567756818119, 
        69.3228637066137, -5.94643145635553, 25.3425141982743, 
        87.341137271553, -5.83681406672397, -43.5613609890208, 
        -72.9900305859969, 65.5378974740851, 44.789263267832, 
        -106.72249509749, -4.08988523131851, 73.0790899780249, 
        51.6216109785544, 101.662475200586, 86.132197861516, 
        -51.2639140453454, -14.4004096026803, 174.76731184074, 
        2.30359185990896, 154.346321663176, -7.44814694503206, 
        63.9738617659819, 9.8680764914728, 17.5048158923677, 
        64.3151927016361, 108.568952969445, 8.00918494953596, 
        119.744993962269, 75.4531887431765, 47.2054975776645, 
        2.19276960976196, 65.9791828852244, 77.5300584205833, 
        3.26755409290212, -13.0676558749869, 9.93975033026192, 
        36.5796227851931, 44.196205868182, 2.92347213260901, 
        163.860648332504, 36.309664224924, -28.129821051079, 
        59.3101776353165, 62.0058443402568, 93.0931870324937, 
        72.2902352652079, -83.9078225842234, 82.2337622147631, 
        0.157270406780763, 171.28097008241, 56.6990499093086, 
        -50.6419135702335, -105.186071740696, -23.1552743632254, 
        83.7638860062244, -11.881093473289, 88.7807973885667, 
        89.0749361470787, 80.2107645195507, -30.5317262649037, 
        183.801900443404, 51.2484459291271, 124.434947182122, 
        -1.75966684253974, 41.0041804943096, 116.305591850621, 
        121.333264841895, 43.607711329232, 17.932850084855, -28.3122455548353, 
        43.5848991697314, 58.300691337746, 200.221589304465, 
        -18.645892633493, 142.506547820563, 110.737153924907, 
        6.32188416350183, 36.346787317174, 152.538443632289, 
        149.216831648651, 3.18556705219707, 95.8412942775339, 
        121.126831840047, 46.8993193835654, 101.959611606904, 
        12.5759307893581, 74.3045324593431, -13.7407041744208, 
        49.279031368188, 80.4368172480015, 147.5232322256, -7.4651795329866, 
        5.68185594478791, 65.7528400559054, 7.48320222467236, 
        24.9556819299885, 28.5122162200788, 100.821249994364, 
        49.1142932244229, 44.9309606035517, 217.892819466933, 
        -85.0051186547608, -9.78396307687518, 18.9464376174188, 
        -126.675267553565, 147.543478402806, 98.79540336588, 
        39.6302850658639, 49.9832523733341, 53.3809052340133, 
        -32.8052519386771, 34.324665431787, 166.311932602174, 
        -94.101302783215, 123.201819915114, 146.10787504982, 
        108.658217197069, -100.30877596005, 95.7026004007635, 
        -119.053896602421, -22.9097651377134, 7.01926000966581, 
        91.0784230775606, -33.6283597847236, 71.073088725638, 
        -30.1406615899375, 154.34884351557, -73.2142901827476, 
        21.2480413067881, 19.883202537313, 62.5525593761009, 
        176.409582617878, 141.753750971815, 10.0028441040278, 
        141.045894807781, 37.3933487067813, 29.4330970757681, 
        60.4017253854216, 34.7549558428216, 5.04352300693507, 
        127.269405431672, -9.49295614247509, 36.0674419762426, 
        137.846462581274, 130.002731245376, -0.325178898880485, 
        36.3367342374485, 159.999076858331, -44.184828492316, 
        70.3517443691733, 97.3108764744397, 86.3379103092308, 
        -95.8175874453538, -11.1133512934646, 100.632548270228, 
        76.8887480151666, -73.1246510354401, 9.30445454735223, 
        2.44225794123492, 52.8453563606263, -54.586935097661, 
        47.3122025807203, 3.59676081511451, -19.5448063918539, 
        -11.1971652664427, 63.6029351283267, 194.447677378167, 
        11.0597321764603, 17.3891182909999, 32.6721908012316, 
        -42.548165010058, 56.9588309816807, 42.1777167151808, 
        18.431972780508, 164.022592254611, 22.9101492661647, 
        67.1025418326315, 78.8001384605213, 98.6819798739987, 
        97.7440074840866, 44.3849571861691, 50.1178884649082, 
        35.1121634405906, -45.8917721629224, 69.5179294383411, 
        -116.248375452446, 164.558788843024, -12.2686748155772, 
        163.194306474031, 77.093199603093, 108.106155115467, 
        40.8530904740611, 46.4417398131089, 13.6780581281679, 
        143.41838645687, 151.789263390253, -83.5655627332658, 
        31.7067541020961, -35.7588212252589, -36.2032631689638, 
        132.527744041677, 89.8445697434238, 161.759709983757, 
        -32.3907683730032, 95.3513116069596, -41.0593247111517, 
        95.7055160701294, 177.112427821813, 31.7128235276556, 
        102.952117045388, 190.358955833705, -40.0690654833103, 
        143.372071740653, 83.0456554907123, 176.688295983048, 
        11.578231757327, 54.5345672005007, 21.4758424728061, 
        116.938357980026, 63.9145483968152, 41.2585368994501, 
        -13.6262369322782, 50.2919791816073, 129.717639594554, 
        21.5043509543413, 1.23249676388275, -17.1629472586288, 
        -54.7279341944802, -31.2976106510417, 51.6433222140477, 
        -111.748056601331, 7.13169146301866, -48.5828155509647, 
        104.439506758263, -9.7757294189753, 51.7100266431303, 
        50.068542887884, 19.2678975563892, 37.2409446661617, 
        109.064676909896, 46.0454638157139, 129.841353544043, 
        13.9469695918162, 158.691788831116, 7.83383929847555, 
        -13.9096425012357, -36.0103784134578, 74.3231814669061, 
        8.95265970838777, -13.0835393075113, 83.5642134889797, 
        -47.3754539312143, 94.3522953314432, 32.4717595138556, 
        14.2482873661275, 99.1368634691364, -37.4414336068746, 
        100.222902939339, 55.0159636853991, 86.0940484480036, 
        111.397918526795, 135.558690336492, -84.3186410467286, 
        108.647671330459, 57.112469213048, 8.33991922812139, 
        -16.838090529109, -29.3214534000989, -22.0898911490209, 
        67.9957479065099, 51.31089121127, 60.6163918932182, 47.1489586977333, 
        87.7900388534294, 172.584123557392, 139.202675551739, 
        121.014103073817, -101.904523983461, 19.5882002801867, 
        -17.542773103596, 167.921026411963, -111.879606409781, 
        -61.4176114274159, 5.69749945152979, 24.7880643812657, 
        55.9886414970336, 132.806452231217, 176.113292870061, 
        91.2847951400226, 33.486079232575, 158.343373816517, 
        21.9330485210673, 132.515734038645, 99.0497012520879, 
        57.2977811433946, 21.6802590719701, -198.270466643148, 
        7.23043839058062, 7.68595063684296, 65.3825788349203, 
        89.4313174211951, -15.4187047348735, -81.4861194135237, 
        53.3357792603184, 127.804591883093, 7.72641878499466, 
        -111.198318899643, -51.4570042426433, 90.1384997891654, 
        149.058337012323, -85.0867854831701, -9.97987942697441, 
        75.3490180719276, -14.0949015182187, 130.394402273068, 
        13.8456402472168, -161.89370750526, 200.610017396569, 
        158.696950763327, 91.2217661359013, 170.215471162036, 
        -83.0969172059194, 101.408164390593, 187.88928443856, 
        34.9029548959078, 80.4818910809664, 162.116521564034, 
        -28.2546273177422, 119.324018941704, 35.9926924812325, 
        25.07495814126, 227.347129666667, -13.3671182319157, 
        180.640775092908, 41.8965074956616, 103.835014157919, 
        66.6327709054537, 31.0370437143741, -189.5416633435, 
        -125.365884180615, 134.048279577344, 77.1567153229266, 
        134.677981943631, 8.24724222593854, 40.6808364071397, 
        -55.8683396347079, -127.886054010335, 17.289573559989, 
        40.7478951559346, 224.740254106094, 91.6698644346745, 
        -55.1225515115943, 78.3192672808986, 210.71841651206, 
        72.5052886982794, -6.58761185552896, -20.4857548694466, 
        33.7370744148681, -53.542971816082, 31.3023283747822, 
        114.271619649393, -0.503482197541686, -17.1872973848158, 
        98.9077333732507, 164.452611030914, 70.9354887918882, 
        168.696511300011, -7.94005205415922, 159.550530955792, 
        -55.2813741695209, 24.2018142813221, 111.690461164759, 
        155.075844225825, 19.7596271287195, 17.9883235824472, 
        -80.2618285991389, 70.519583816903, 38.0750846052498, 
        95.8661897248147, 28.6601424068389, 135.723018726712, 
        48.4154547589647, 2.09641123917091, 122.956158395206, 
        188.98650766911, 140.242161768665, 22.032396746441, 36.1849133978349, 
        39.6603957333383, -81.9300020878, -88.3807621774987, 
        -44.7550300590317, -46.4582302698987, 129.298553845155, 
        165.864585358709, 32.2975587005419, 88.0021104148347, 
        168.321202355226, 64.7809297927086, -75.9622024693187, 
        75.9315108823383, -29.62868885128, 16.3991240606461, 
        100.778334305969, -19.7731436506874, -77.8912658533966, 
        -109.370817774655, 71.2060837754945, 45.1806080569528, 
        -162.501551517722, -16.5847121540787, 79.5663623855466, 
        53.5605749035534, 116.512290448632, 94.4030586107045, 
        -86.8198977345325, -37.8571994445243, 220.704422061308, 
        -13.3277816255652, 190.100090779238, -25.35397621562, 
        66.923768485614, -3.28999873513886, 9.90959952244829, 
        69.1379989172533, 131.102757994017, -1.02793735588148, 
        140.127075558807, 76.5693045371655, 49.5375155613471, 
        -8.24344911096276, 73.0256550994068, 84.538154780263, 
        -9.46218548740003, -32.0493861180942, -4.30949344600078, 
        35.3602944737725, 41.7018306717895, -15.7693281358731, 
        198.284467827915, 28.8437872869117, -53.9390735794034, 
        60.8388505510163, 64.6692742945629, 102.699453451108, 
        85.8115332608599, -124.103912556987, 96.9653855731197, 
        -18.9172200499273, 213.554760688117, 59.033708251373, 
        -84.2952309365031, -160.304750493511, -51.2190032923148, 
        98.3875908451984, -26.2904863266169, 97.9434294745363, 
        98.5268280200219, 84.2966491483661, -56.2929046548338, 
        228.801680911916, 55.9902084361464, 146.08755280618, 
        -11.7062591453931, 40.940309314936, 136.626048928258, 
        147.378150973163, 39.3832847738512, 11.0368534266873, 
        -56.6008399281626, 39.020873430001, 58.838959755675, 
        255.340975161237, -42.3211715162981, 177.223730982495, 
        130.781715860375, -7.80012446926135, 33.1812166050876, 
        186.582576620812, 191.252586113116, -14.7640836821198, 
        109.423590855436, 140.044419500806, 50.8831489763215, 
        123.467363519126, 0.219292136039772, 90.2075247667589, 
        -36.8048174467876, 50.1555461982721, 92.2538986748695, 
        179.787760824512, -22.6414453656786, -9.92988175268088, 
        71.7497255185995, -10.8977193202943, 13.0906194821906, 
        26.2565913839469, 115.034835152484, 49.2782438955451, 
        42.9367244181418, 276.34421346027, -132.018038215345, 
        -28.1881942756719, 8.52649042908076, -183.960106668889, 
        176.536537991397, 115.776018601581, 32.0653915159736, 
        49.9084135701375, 56.4618192360312, -56.7369626043796, 
        29.2087157509858, 203.613495376126, -141.104809974462, 
        150.928674319038, 179.094857779739, 130.837194527977, 
        -159.449937939659, 116.589362647005, -177.725570197448, 
        -48.7106974838616, 0.147113663595623, 101.799655679358, 
        -64.2576425371709, 77.0721581531205, -61.6546794959076, 
        188.38320553396, -114.982588097476, 8.86676496246809, 
        8.58202803535331, 67.8103542790489, 221.00589594231, 
        172.690457297156, -0.1935507108802, 176.884335285937, 
        30.8650762855735, 17.8433342583163, 65.8097627224095, 
        26.8892126969151, -8.16541730893489, 157.652786397604, 
        -26.0924185603306, 38.7468312407759, 164.150130414647, 
        160.007566665234, -14.8870459946794, 27.3444314224454, 
        198.986772860217, -69.286756415437, 71.3909890177456, 
        113.313318538599, 100.400726474523, -141.559067668868, 
        -37.9446456379032, 114.051414687415, 93.893628693417, 
        -114.317542542233, -7.60428160920611, -15.9657135131243, 
        43.9563947259987, -88.4501517750661, 50.764663379614, 
        -10.0630957347385, -40.7951731857758, -35.7714957070915, 
        69.3006738210803, 239.943649073335, 0.252847033967343, 
        9.95178000895966, 22.5258951488724, -74.6559400323475, 
        59.0911180430257, 36.1532025159616, 8.37730865842478, 
        203.297013089372, 13.8040630038393, 76.7975933163103, 
        90.0782011557339, 114.291101570751, 113.328205862577, 
        41.6311095395301, 53.6912928483669, 24.7585769624436, 
        -75.5749637337004, 72.8657019586211, -167.54694198888, 
        198.067619572956, -28.9122322981286, 201.558646572307, 
        90.6223601909781, 132.050597636691, 39.2513462593089, 
        43.8159610641245, 3.42086298462931, 175.037474308908, 
        183.563209651689, -124.573081338466, 26.0313631823766, 
        -62.802581059287, -67.0369903157758, 156.498964694396, 
        99.6908977581514, 205.309677929472, -58.5885890071891, 
        115.400712483553, -70.3084918906371, 110.297161094974, 
        216.722979798141, 25.8428613499015, 121.539235538155, 
        230.110005784338, -70.5687518719365, 177.919981341566, 
        97.1925911196577, 219.774463804411, -7.01364646160595, 
        56.4377575599964, 3.10841215193108, 136.179191866612, 
        68.243500577574, 40.2906834188584, -31.8215951262517, 
        51.7994201467716, 155.725883907675, 6.44050875057132, 
        -12.4532171591369, -38.8706600009142, -88.6266524901384, 
        -59.5368194273521, 58.7410651286311, -167.694445043289, 
        -8.36137165263316, -80.6377271246318, 125.812895204053, 
        -26.0807337419356, 51.4393654777028, 51.7104211015179, 
        2.28691650485759, 31.409053544702, 134.866519334744, 
        39.7373277604792, 156.898231290344, 1.24347638664762, 
        199.593359075155, -5.21408018198893, -38.1233966497281, 
        -63.8949157128395, 86.4416931088292, -5.52003316964061, 
        -32.0343145448348, 91.2425159170978, -76.193887712659, 
        109.406711916237, 29.1573976185975, 6.41626436342789, 
        118.055420795774, -68.2070885808661, 114.868663686859, 
        57.1195308056421, 101.035815747763, 130.230057380763, 
        160.086325881256, -131.065364023003, 137.768500066743, 
        60.6229016826011, -7.53277242500475, -37.6530347455797, 
        -60.2167083113816, -49.1995409623294, 71.0564500546329, 
        56.1090424554187, 65.2231117841824, 50.0329283390913, 
        98.6339335177696, 202.130574358243, 161.395981023108, 
        135.740019421115, -140.524892205803, 10.7779123839245, 
        -35.6184364633778, 196.557965682093, -153.590799723149, 
        -89.8779148781823, -7.80834333112358, 19.7440501041938, 
        53.0262426328772, 153.201383882342, 205.039010864531, 
        104.712144494342, 26.5790120873225, 186.947344683688, 
        15.1710977362292, 150.685053801543, 110.730747469422, 
        65.6680140606435, 17.5611396770191, -260.040979153852, 
        0.943647035940784, -3.1873421245314, 66.923162058888, 
        94.849666677167, -31.8898673276285, -115.742100594934, 
        53.9470011931041, 149.369179216957, -11.2440894987372, 
        -153.378199917138, -74.9037215039095, 95.2906685571822, 
        171.654736388112, -121.721741960539, -24.9056599562673, 
        80.6553986846857, -30.0013789246845, 154.432156683631, 
        7.94286275832817, -205.897623151695, 235.540716716985, 
        184.978399527802, 101.647276002865, 197.369361427714, 
        -119.043063350215, 115.721633843566, 217.618467018407, 
        33.982120136225, 84.6065172429237, 187.836724740822, 
        -46.2020327609312, 137.185941579372, 34.5756710778658, 
        18.8169252118913, 270.260852581859, -27.1549828884284, 
        219.757527935193, 36.7917896260986, 122.671420450506, 
        66.4203665493673, 29.3356939402321, -249.831898013358, 
        -164.928624129759, 155.946704912395, 82.5742978742528, 
        148.71628477592, -2.04703893789258, 35.4604678054044, 
        -90.1364001929159, -171.08660309959, 16.2447146869723, 
        37.277314973681, 264.40983266809, 103.794213335401, -83.2023925068805, 
        82.8712618309445, 252.884391225002, 84.375963499796, 
        -23.5217030957173, -39.3012458278729, 36.0094222988365, 
        -80.4635224935752, 27.0086622494016, 130.055517746518, 
        -11.0486421368117, -38.1674024693425, 109.641674889451, 
        194.28315024655, 76.7278525342952, 200.045602733672, 
        -21.9966070482519, 189.232202074729, -85.2667727720023, 
        12.9795783611659, 120.625628227158, 185.413275313704, 
        9.81086896277833, 9.7043522134333, -113.664367587823, 
        72.4775445527275, 35.0990699538344, 106.865981410506, 
        19.0628455956634, 158.806676264984, 51.9509047420168, 
        -9.41092829377637, 150.409856838557, 222.929480371875, 
        157.064701470623, 12.3385306800575, 32.1736013888115, 
        38.7054434831293, -112.211107936949, -134.325516391029, 
        -65.5369265918501, -76.3529143235883, 150.780521809327, 
        191.938957986882, 23.5972593768959, 104.371703271641, 
        204.194529349981, 67.832667272991, -111.150181534271, 
        82.359917141546, -46.2324836501806, 4.88898722480449, 
        112.198864092228, -41.0824855393115, -107.908827298035, 
        -146.056074640754, 70.4513655452657, 41.2381447253139, 
        -216.36566858426, -24.7228870125548, 84.5400393835795, 
        54.2063840072947, 136.045692860456, 107.686495063285, 
        -121.741192824085, -58.8030098851595, 259.801486633065, 
        -29.8310925679966, 225.543627107657, -46.5713345766659, 
        69.793584912985, -12.9231342104558, -0.734379117937266, 
        69.9666821210841, 150.557000187691, -17.5881374607552, 
        162.997302641195, 83.8807493844993, 47.7401679999791, 
        -25.6528044039144, 77.7606654918812, 96.3803830186431, 
        -23.6201788260527, -52.7028669049345, -23.9843187348935, 
        27.0043804835351, 45.2669572667267, -31.0446486200668, 
        241.795309428547, 24.6178955027503, -79.1712546661944, 
        62.5814331995092, 64.1285975726252, 116.965155681303, 
        90.0026143240787, -173.743479027102, 102.996286552227, 
        -32.3107439332274, 252.069763838394, 63.0402959060583, 
        -116.304453956018, -209.195912789912, -75.7969787723938, 
        112.272134355913, -45.2065606641299, 110.052669093028, 
        108.490041387066, 97.5468621203582, -80.0834557961614, 
        269.962801944882, 54.7993458805207, 168.246669752765, 
        -24.1513726616174, 33.0492195799021, 160.574906327979, 
        172.126813296749, 37.9660682830921, 0.7533685488396, 
        -82.2751615904975, 38.983037931067, 63.5125802706569, 
        302.978180156016, -66.3533898616246, 208.759743784052, 
        153.506500805115, -21.047851148186, 25.6269184111425, 
        219.704394518331, 222.704944741961, -26.1751335857673, 
        120.009309072253, 166.01656260312, 48.0791448741106, 
        141.308860665397, -11.2553838060656, 94.8706632383064, 
        -58.517213242453, 48.8918887282767, 100.176323789031, 
        212.44967754149, -44.8263475557624, -24.9530962622223, 
        79.5667666992879, -18.0258429453971, 6.48792930376507, 
        17.2071323093472, 133.263086933501, 46.0341535342264, 
        39.5310369837952, 333.909788850355, -179.152607055018, 
        -48.3380230747844, -4.63983903514567, -243.495702889743, 
        211.351533707937, 132.015701104977, 31.0043898975513, 
        52.6794452683647, 51.655547416846, -84.4131758232058, 
        21.832499409442, 241.502693441293, -197.032698770049, 
        172.774495827087, 208.206805405609, 152.371509566179, 
        -203.416075362643, 135.467056367749, -234.151700481276, 
        -74.6295080250274, -8.81002445861541, 111.996317825486, 
        -87.6438052875678, 79.2756143087373, -90.6963636515755, 
        222.89076362257, -158.276109971488, 0.200752443185295, 
        -2.47584383215971, 76.4518258671666, 258.70078072238, 
        202.512462568648, -13.8189854179405, 210.274358269937, 
        27.9357730328285, 12.7953702425982, 64.3784008051198, 
        20.7442740997863, -24.0622597536256, 179.606835164141, 
        -48.4143137202962, 36.1274632153156, 190.360826056957, 
        185.538767639581, -28.9979745622103, 23.2626631602317, 
        234.702611855973, -104.480718867129, 76.9528123205064, 
        129.532419456014, 112.170699773971, -188.174054331565, 
        -59.8547885267379, 132.658843121031, 96.7086742304637, 
        -151.596738864715, -12.6483772241824, -29.0857487645314, 
        41.6916499043896, -120.528365482649, 47.6646796448803, 
        -21.712027878468, -63.1219922016294, -45.4020932968717, 
        76.7084494147836, 280.433624296873, -6.77475475568863, 
        -1.35694276957364, 14.5042434378076, -108.944655648419, 
        58.9289194265349, 35.0550428958166, 1.02628842506256, 
        239.55539731092, 7.86657008061097, 80.2147791969066, 
        99.1796172427517, 129.560860914456, 132.773849703114, 
        36.4826397678764, 51.9494643039229, 18.5097693582978, 
        -104.611784718915, 79.3369395726799, -225.155442117516, 
        236.334622222184, -48.9862440522213, 240.445399290734, 
        102.70887774264, 153.024761038939, 34.3544790532018, 
        48.1986113508286, -11.0978299175807, 206.891148748285, 
        218.727433540232, -169.53151313116, 21.8399872413087, 
        -90.5202465027995, -98.5988862920904, 184.765480316231, 
        114.333940323398, 241.059681549874, -94.4312394387927, 
        130.980164605589, -95.9026272881176, 128.03953245952, 
        256.497356662641, 18.0393405448025, 138.951294460275, 
        279.191758300388, -103.777154721327, 210.688907324026, 
        104.696263592582, 264.501723871881, -15.6337600796893, 
        56.3795511381283, -5.71808143461969, 155.730992305352, 
        74.3093024968548, 36.2703642754307, -54.5401957408831, 
        47.2403486332619, 181.260309537719, 0.159025086294032, 
        -28.0225759833933, -61.5087286072714, -124.512283157232, 
        -85.3572073994135, 58.0892428058209, -218.284542608526, 
        -16.3759482270064, -111.79409825653, 143.276061885309, 
        -47.7254928646267, 52.9859743130468, 50.9904438837512, 
        -5.01976913173863, 29.9323214905347, 156.571480195351, 
        39.319937949737, 184.251129754477, -11.2205633929535, 
        233.337548756627, -19.5892442261819, -65.6318775826023, 
        -92.3343433254354, 93.6946918255641, -18.3233851236726, 
        -53.6883743379786, 102.87864924323, -110.09942390165, 
        118.70759353725, 20.5851360295956, -5.74682764773464, 
        135.048270575818, -98.6596409660328, 134.346149687854, 
        53.1549026102116, 115.687012267159, 154.698315344356, 
        188.187386417438, -175.349964002246, 160.372200654344, 
        60.4217448819069, -23.7709513468994, -59.5353480188219, 
        -85.7235590666267, -72.5970706578782, 76.5068171845157, 
        51.3435940618508, 68.0924314431154, 45.2761332021523, 
        111.11912465628, 239.457335106976, 185.917183873279, 
        153.811972882328, -178.357651375814, 2.22927189694032, 
        -52.7085430366562, 226.998757004579, -192.519226749204, 
        -121.213347140429, -18.3872898062986, 9.31546258721415, 
        53.4979370744107, 175.74457896721, 235.956011434323, 
        114.603236609603, 25.7490923446479, 217.575357390889, 
        6.7933383708527, 171.637742069304, 119.166935371741, 
        65.7080095802859, 13.8390447727489, -320.325181133063, 
        -10.1456419372476, -11.282959287801, 71.1795377295166, 
        108.493468089839, -49.6106901649475, -145.302458479759, 
        53.5633116715014, 168.303468327814, -13.7996891900187, 
        -191.219432915973, -100.277713067449, 105.449898433918, 
        194.358856081682, -155.302798673696, -41.7337583422166, 
        84.242087682139, -45.9527763751497, 175.432934299476, 
        -1.2625199968312, -261.310198776619, 277.967715114988, 
        214.260118112877, 112.355932747314, 231.729881146219, 
        -150.328411890943, 134.438554452602, 252.946751030874, 
        26.5652617007761, 90.4955198618286, 219.592215070328, 
        -58.7638107569663, 154.361217451885, 27.7712898311028, 
        13.1341576059338, 315.229050256262, -39.7850954975575, 
        252.53323017777, 35.1772198533766, 135.553517060528, 
        69.469093159435, 28.5780962939241, -312.484841087469, 
        -206.333528838635, 171.541025895388, 87.7252142552424, 
        167.868841473034, -12.9910251704833, 40.0655709771013, 
        -117.327883067021, -220.844120793732, 6.82418817490508, 
        36.9996102972636, 309.274554719027, 113.348963588042, 
        -108.159205406674, 93.1483401716573, 289.74546568442, 
        89.4061925648065, -36.9076894284707, -53.6715585794717, 
        33.4913302425959, -105.528962148671, 26.1067178403304, 
        145.040008543707, -24.7312837236778, -56.7811624639258, 
        122.954794828754, 225.011042788613, 83.6600221594067, 
        227.995873512106, -40.9987221143318, 212.758855742676, 
        -112.539414194555, 12.7461772028195, 143.487345371199, 
        208.040745662133, 2.09366216084088, 4.97996347168334, 
        -147.160141644748, 81.1864776321195, 30.6484217465837, 
        118.265213743592, 14.3458102364846, 181.862342296752, 
        52.2286111795523, -23.3266743864059, 162.476925696236, 
        258.743514578953, 185.213411154009, 4.86697535550592, 
        29.2460629817234, 29.9891115201883, -146.632918992026, 
        -168.397411868253, -92.3159428876803, -96.7353540705329, 
        174.944872253241, 225.823732474859, 24.2377023657401, 
        110.70428870044, 231.921211046609, 67.4443532589596, 
        -142.464241246804, 91.0038093082556, -66.0828828413832, 
        -4.20913648064518, 118.547421358755, -59.0606637552691, 
        -136.864042615194, -192.312302391004, 76.9976754076911, 
        40.7553289961018, -266.245782210048, -51.8915019970823, 
        95.8487585129317, 55.3228590442107, 149.144176270362, 
        116.296586166425, -157.385632717647, -75.6959636165529, 
        306.106586217299, -43.7087714183441, 263.214194455772, 
        -64.6423090529023, 73.7895353273427, -26.7100666872983, 
        -7.37035597542415, 81.5508570204374, 168.458242442175, 
        -27.9905219473778, 186.150990462818, 96.2886757084895, 
        49.7186613758672, -36.3868483305004, 80.0146828684363, 
        102.113171759661, -40.6290006186911, -70.7921199664229, 
        -35.6710431365734, 22.2236841185436, 41.0239806727653, 
        -47.2376074691072, 277.580594760542, 20.7963657471594, 
        -105.221586293265, 62.2697838605621, 69.1062085537584, 
        128.322716923204, 100.146208061599, -212.752830133225, 
        112.275901192085, -50.7705573479591, 291.996748637137, 
        59.4969707791533, -153.18555113863, -258.75306434544, 
        -103.012070105635, 125.261428759615, -67.3196736520752, 
        121.632084958968, 116.864051314621, 103.875294100386, 
        -110.417335346475, 311.291244269505, 57.6612198408443, 
        196.638387066558, -35.6178311840054, 35.4385599688655, 
        176.029600731073, 193.368656751597, 33.9592131547599, 
        -11.3999230907114, -105.803801491786, 34.4286784683563, 
        64.31016938032, 356.923620892966, -87.5931468987545, 
        237.794910243062, 176.03893003947, -36.20358531091, 28.5981955659693, 
        255.648651248685, 253.178176035544, -44.5304269529728, 
        138.043005935103, 187.684859381087, 46.8593282512383, 
        158.466377384313, -22.6837434084352, 106.554637968014, 
        -80.1104946452014, 46.1910477427084, 111.287037708383, 
        245.714896230091, -66.2807223939721, -40.6839961340865, 
        85.1465718246195, -35.5268867605642, -1.29611333992952, 
        7.06777495154698, 152.077901239592, 50.2185329568051, 
        37.1584790895701, 391.832374930395, -221.182756326105, 
        -67.3805290893908, -13.9934503754439, -303.059797982683, 
        240.887366220258, 150.473056477546, 27.7380541295793, 
        49.6264457987915, 60.0781100792428, -112.287319678118, 
        16.7122612334821, 274.647815288655, -247.091214436182, 
        197.54632277526, 239.174027149338, 171.869518375254, 
        -256.700065167631, 149.554493166416, -287.927292641224, 
        -94.3387141500133, -21.2821435592586, 128.471795344332, 
        -117.617666144509, 85.6999436021432, -110.165056353971, 
        256.366454401338, -201.037353451561, -9.89358002070189, 
        -10.6175159668008, 83.4656388286536, 304.24868164789, 
        230.57034373618, -28.981939269286, 238.492049860891, 
        21.6984145023381, 2.04259656933263, 67.9741967146226, 
        19.1759114975605, -41.5245312209591, 210.413047776716, 
        -68.4645507942703, 31.5932926685761, 223.886921151551, 
        210.484254266932, -48.2598763290152, 22.1873165534564, 
        272.369525130393, -131.459757230059, 86.9725633829263, 
        147.766275043576, 125.586266994651, -235.50925102213, 
        -79.737348552986, 148.962755760774, 107.636386235955, 
        -196.684643733211, -31.9098284968707, -41.3871858464223, 
        43.3063468911434, -157.0530512899, 49.2687397227876, 
        -36.6535185324591, -86.6325912331575, -71.5941775414787, 
        83.6336267282004, 327.523500353313, -19.2036142003685, 
        -10.6503908650425, 10.049271271981, -137.76487125274, 
        61.5451334041247, 28.5620023411327, -10.6429684472038, 
        276.987107968466, -2.94419468569723, 89.9310722467328, 
        108.352564386603, 146.983920402788, 149.395263247985, 
        39.0492980538726, 46.7747511746638, 10.695750393011, 
        -137.434308747192, 84.158992503261, -279.986752117017, 
        272.597463293386, -72.1731327006103, 279.382232510869, 
        113.623046556796, 174.398198019028, 32.8998607134454, 
        47.7427690372384, -21.5477674054021, 240.993528642555, 
        253.104697103495, -211.544369021667, 13.6246321271092, 
        -120.863450539064, -129.673701074939, 212.631063969459, 
        122.469176832328, 276.242221127906, -121.845227502177, 
        143.151068484115, -128.028855065565, 139.54778961135, 
        299.570781850387, 7.95179675155941, 161.03783856133, 
        321.443254063681, -130.229820860854, 239.198725368899, 
        120.630805829059, 308.505010931125, -32.1008402967858, 
        57.0999561448577, -12.2393861330287, 182.153836337161, 
        75.9586556810946, 35.0505515873899, -78.9224312696384, 
        50.1696760954047, 210.047852552568, -3.43686298686702, 
        -43.6291208146444, -85.4430774930766, -162.399597882138, 
        -113.399655365647, 61.9520198236221, -272.700819054855, 
        -27.3728850104895, -143.894207553998, 156.805006727248, 
        -67.2840619452875, 55.6152903089894, 45.3573889629216, 
        -15.1594931563243, 23.0597992115899, 175.49409501613, 
        37.4388558619866, 211.010081787948, -22.4481676384825, 
        270.093522189998, -38.0508088932111, -84.6389028491331, 
        -118.47765671887, 101.844787424861, -30.6629159431994, 
        -73.2081864402598, 115.558418949771, -135.117027958346, 
        135.982953430207, 17.289073936049, -15.8782358686343, 
        151.341810423341, -129.040962937235, 150.193598612325, 
        52.2351740690962, 133.207753595802, 175.184306494212, 
        218.521674097593, -212.329145544621, 179.209084582293, 
        63.6615335573062, -39.3173497848948, -84.1641792791668, 
        -116.662870300593, -94.8726959504712, 80.5663272385212
        ), Tobs = c(1, 1, 1, 1, 1, 1, 1, 1, 1, 1, 1, 1, 1, 1, 
        1, 1, 1, 1, 1, 1, 1, 1, 1, 1, 1, 1, 1, 1, 1, 1, 1, 1, 
        1, 1, 1, 1, 1, 1, 1, 1, 1, 1, 1, 1, 1, 1, 1, 1, 1, 1, 
        1, 1, 1, 1, 1, 1, 1, 1, 1, 1, 1, 1, 1, 1, 1, 1, 1, 1, 
        1, 1, 1, 1, 1, 1, 1, 1, 1, 1, 1, 1, 1, 1, 1, 1, 1, 1, 
        1, 1, 1, 1, 1, 1, 1, 1, 1, 1, 1, 1, 1, 1, 1, 1, 1, 1, 
        1, 1, 1, 1, 1, 1, 1, 1, 1, 1, 1, 1, 1, 1, 1, 1, 1, 1, 
        1, 1, 1, 1, 1, 1, 1, 1, 1, 1, 1, 1, 1, 1, 1, 1, 1, 1, 
        1, 1, 1, 1, 1, 1, 1, 1, 1, 1, 1, 1, 1, 1, 1, 1, 1, 1, 
        1, 1, 1, 1, 1, 1, 1, 1, 1, 1, 1, 1, 1, 1, 1, 1, 1, 1, 
        1, 1, 1, 1, 1, 1, 1, 1, 1, 1, 1, 1, 1, 1, 1, 1, 1, 1, 
        1, 1, 1, 1, 1, 1, 1, 1, 1, 1, 1, 1, 1, 1, 1, 1, 1, 1, 
        1, 1, 1, 1, 1, 1, 1, 1, 1, 1, 1, 1, 1, 1, 1, 1, 1, 1, 
        1, 1, 1, 1, 1, 1, 1, 1, 1, 1, 1, 1, 1, 1, 1, 1, 1, 1, 
        1, 1, 1, 1, 1, 1, 1, 1, 1, 1, 1, 1, 1, 1, 1, 1, 1, 1, 
        1, 1, 1, 1, 1, 1, 1, 1, 1, 1, 1, 1, 1, 1, 1, 1, 1, 1, 
        1, 1, 1, 1, 1, 1, 1, 1, 1, 1, 1, 1, 1, 1, 1, 1, 1, 1, 
        1, 1, 1, 1, 1, 1, 1, 1, 1, 1, 1, 1, 1, 1, 1, 1, 1, 1, 
        1, 1, 1, 1, 1, 1, 1, 1, 1, 1, 1, 1, 1, 1, 1, 1, 1, 1, 
        1, 1, 1, 1, 1, 1, 1, 1, 1, 1, 1, 1, 1, 1, 1, 1, 1, 1, 
        1, 1, 1, 1, 1, 1, 1, 1, 1, 1, 1, 1, 1, 1, 1, 1, 1, 1, 
        1, 1, 1, 1, 1, 1, 1, 1, 1, 1, 1, 1, 1, 1, 1, 1, 1, 1, 
        1, 1, 1, 1, 1, 1, 1, 1, 50, 50, 50, 50, 50, 50, 50, 50, 
        50, 50, 50, 50, 50, 50, 50, 50, 50, 50, 50, 50, 50, 50, 
        50, 50, 50, 50, 50, 50, 50, 50, 50, 50, 50, 50, 50, 50, 
        50, 50, 50, 50, 50, 50, 50, 50, 50, 50, 50, 50, 50, 50, 
        50, 50, 50, 50, 50, 50, 50, 50, 50, 50, 50, 50, 50, 50, 
        50, 50, 50, 50, 50, 50, 50, 50, 50, 50, 50, 50, 50, 50, 
        50, 50, 50, 50, 50, 50, 50, 50, 50, 50, 50, 50, 50, 50, 
        50, 50, 50, 50, 50, 50, 50, 50, 50, 50, 50, 50, 50, 50, 
        50, 50, 50, 50, 50, 50, 50, 50, 50, 50, 50, 50, 50, 50, 
        50, 50, 50, 50, 50, 50, 50, 50, 50, 50, 50, 50, 50, 50, 
        50, 50, 50, 50, 50, 50, 50, 50, 50, 50, 50, 50, 50, 50, 
        50, 50, 50, 50, 50, 50, 50, 50, 50, 50, 50, 50, 50, 50, 
        50, 50, 50, 50, 50, 50, 50, 50, 50, 50, 50, 50, 50, 50, 
        50, 50, 50, 50, 50, 50, 50, 50, 50, 50, 50, 50, 50, 50, 
        50, 50, 50, 50, 50, 50, 50, 50, 50, 50, 50, 50, 50, 50, 
        50, 50, 50, 50, 50, 50, 50, 50, 50, 50, 50, 50, 50, 50, 
        50, 50, 50, 50, 50, 50, 50, 50, 50, 50, 50, 50, 50, 50, 
        50, 50, 50, 50, 50, 50, 50, 50, 50, 50, 50, 50, 50, 50, 
        50, 50, 50, 50, 50, 50, 50, 50, 50, 50, 50, 50, 50, 50, 
        50, 50, 50, 50, 50, 50, 50, 50, 50, 50, 50, 50, 50, 50, 
        50, 50, 50, 50, 50, 50, 50, 50, 50, 50, 50, 50, 50, 50, 
        50, 50, 50, 50, 50, 50, 50, 50, 50, 50, 50, 50, 50, 50, 
        50, 50, 50, 50, 50, 50, 50, 50, 50, 50, 50, 50, 50, 50, 
        50, 50, 50, 50, 50, 50, 50, 50, 50, 50, 50, 50, 50, 50, 
        50, 50, 50, 50, 50, 50, 50, 50, 50, 50, 50, 50, 50, 50, 
        50, 50, 50, 50, 50, 50, 50, 50, 50, 50, 50, 50, 50, 50, 
        50, 50, 50, 50, 50, 50, 50, 50, 50, 50, 50, 50, 50, 50, 
        50, 50, 50, 50, 50, 50, 50, 50, 50, 50, 50, 50, 50, 50, 
        50, 50, 50, 50, 50, 50, 50, 50, 50, 50, 50, 50, 50, 50, 
        100, 100, 100, 100, 100, 100, 100, 100, 100, 100, 100, 
        100, 100, 100, 100, 100, 100, 100, 100, 100, 100, 100, 
        100, 100, 100, 100, 100, 100, 100, 100, 100, 100, 100, 
        100, 100, 100, 100, 100, 100, 100, 100, 100, 100, 100, 
        100, 100, 100, 100, 100, 100, 100, 100, 100, 100, 100, 
        100, 100, 100, 100, 100, 100, 100, 100, 100, 100, 100, 
        100, 100, 100, 100, 100, 100, 100, 100, 100, 100, 100, 
        100, 100, 100, 100, 100, 100, 100, 100, 100, 100, 100, 
        100, 100, 100, 100, 100, 100, 100, 100, 100, 100, 100, 
        100, 100, 100, 100, 100, 100, 100, 100, 100, 100, 100, 
        100, 100, 100, 100, 100, 100, 100, 100, 100, 100, 100, 
        100, 100, 100, 100, 100, 100, 100, 100, 100, 100, 100, 
        100, 100, 100, 100, 100, 100, 100, 100, 100, 100, 100, 
        100, 100, 100, 100, 100, 100, 100, 100, 100, 100, 100, 
        100, 100, 100, 100, 100, 100, 100, 100, 100, 100, 100, 
        100, 100, 100, 100, 100, 100, 100, 100, 100, 100, 100, 
        100, 100, 100, 100, 100, 100, 100, 100, 100, 100, 100, 
        100, 100, 100, 100, 100, 100, 100, 100, 100, 100, 100, 
        100, 100, 100, 100, 100, 100, 100, 100, 100, 100, 100, 
        100, 100, 100, 100, 100, 100, 100, 100, 100, 100, 100, 
        100, 100, 100, 100, 100, 100, 100, 100, 100, 100, 100, 
        100, 100, 100, 100, 100, 100, 100, 100, 100, 100, 100, 
        100, 100, 100, 100, 100, 100, 100, 100, 100, 100, 100, 
        100, 100, 100, 100, 100, 100, 100, 100, 100, 100, 100, 
        100, 100, 100, 100, 100, 100, 100, 100, 100, 100, 100, 
        100, 100, 100, 100, 100, 100, 100, 100, 100, 100, 100, 
        100, 100, 100, 100, 100, 100, 100, 100, 100, 100, 100, 
        100, 100, 100, 100, 100, 100, 100, 100, 100, 100, 100, 
        100, 100, 100, 100, 100, 100, 100, 100, 100, 100, 100, 
        100, 100, 100, 100, 100, 100, 100, 100, 100, 100, 100, 
        100, 100, 100, 100, 100, 100, 100, 100, 100, 100, 100, 
        100, 100, 100, 100, 100, 100, 100, 100, 100, 100, 100, 
        100, 100, 100, 100, 100, 100, 100, 100, 100, 100, 100, 
        100, 100, 100, 100, 100, 100, 100, 100, 100, 100, 100, 
        100, 100, 100, 100, 100, 100, 100, 100, 100, 100, 100, 
        100, 100, 100, 100, 100, 100, 100, 100, 100, 100, 100, 
        100, 100, 100, 100, 150, 150, 150, 150, 150, 150, 150, 
        150, 150, 150, 150, 150, 150, 150, 150, 150, 150, 150, 
        150, 150, 150, 150, 150, 150, 150, 150, 150, 150, 150, 
        150, 150, 150, 150, 150, 150, 150, 150, 150, 150, 150, 
        150, 150, 150, 150, 150, 150, 150, 150, 150, 150, 150, 
        150, 150, 150, 150, 150, 150, 150, 150, 150, 150, 150, 
        150, 150, 150, 150, 150, 150, 150, 150, 150, 150, 150, 
        150, 150, 150, 150, 150, 150, 150, 150, 150, 150, 150, 
        150, 150, 150, 150, 150, 150, 150, 150, 150, 150, 150, 
        150, 150, 150, 150, 150, 150, 150, 150, 150, 150, 150, 
        150, 150, 150, 150, 150, 150, 150, 150, 150, 150, 150, 
        150, 150, 150, 150, 150, 150, 150, 150, 150, 150, 150, 
        150, 150, 150, 150, 150, 150, 150, 150, 150, 150, 150, 
        150, 150, 150, 150, 150, 150, 150, 150, 150, 150, 150, 
        150, 150, 150, 150, 150, 150, 150, 150, 150, 150, 150, 
        150, 150, 150, 150, 150, 150, 150, 150, 150, 150, 150, 
        150, 150, 150, 150, 150, 150, 150, 150, 150, 150, 150, 
        150, 150, 150, 150, 150, 150, 150, 150, 150, 150, 150, 
        150, 150, 150, 150, 150, 150, 150, 150, 150, 150, 150, 
        150, 150, 150, 150, 150, 150, 150, 150, 150, 150, 150, 
        150, 150, 150, 150, 150, 150, 150, 150, 150, 150, 150, 
        150, 150, 150, 150, 150, 150, 150, 150, 150, 150, 150, 
        150, 150, 150, 150, 150, 150, 150, 150, 150, 150, 150, 
        150, 150, 150, 150, 150, 150, 150, 150, 150, 150, 150, 
        150, 150, 150, 150, 150, 150, 150, 150, 150, 150, 150, 
        150, 150, 150, 150, 150, 150, 150, 150, 150, 150, 150, 
        150, 150, 150, 150, 150, 150, 150, 150, 150, 150, 150, 
        150, 150, 150, 150, 150, 150, 150, 150, 150, 150, 150, 
        150, 150, 150, 150, 150, 150, 150, 150, 150, 150, 150, 
        150, 150, 150, 150, 150, 150, 150, 150, 150, 150, 150, 
        150, 150, 150, 150, 150, 150, 150, 150, 150, 150, 150, 
        150, 150, 150, 150, 150, 150, 150, 150, 150, 150, 150, 
        150, 150, 150, 150, 150, 150, 150, 150, 150, 150, 150, 
        150, 150, 150, 150, 150, 150, 150, 150, 150, 150, 150, 
        150, 150, 150, 150, 150, 150, 150, 150, 150, 150, 150, 
        150, 150, 150, 150, 150, 150, 150, 150, 150, 150, 150, 
        150, 150, 150, 150, 150, 150, 150, 150, 200, 200, 200, 
        200, 200, 200, 200, 200, 200, 200, 200, 200, 200, 200, 
        200, 200, 200, 200, 200, 200, 200, 200, 200, 200, 200, 
        200, 200, 200, 200, 200, 200, 200, 200, 200, 200, 200, 
        200, 200, 200, 200, 200, 200, 200, 200, 200, 200, 200, 
        200, 200, 200, 200, 200, 200, 200, 200, 200, 200, 200, 
        200, 200, 200, 200, 200, 200, 200, 200, 200, 200, 200, 
        200, 200, 200, 200, 200, 200, 200, 200, 200, 200, 200, 
        200, 200, 200, 200, 200, 200, 200, 200, 200, 200, 200, 
        200, 200, 200, 200, 200, 200, 200, 200, 200, 200, 200, 
        200, 200, 200, 200, 200, 200, 200, 200, 200, 200, 200, 
        200, 200, 200, 200, 200, 200, 200, 200, 200, 200, 200, 
        200, 200, 200, 200, 200, 200, 200, 200, 200, 200, 200, 
        200, 200, 200, 200, 200, 200, 200, 200, 200, 200, 200, 
        200, 200, 200, 200, 200, 200, 200, 200, 200, 200, 200, 
        200, 200, 200, 200, 200, 200, 200, 200, 200, 200, 200, 
        200, 200, 200, 200, 200, 200, 200, 200, 200, 200, 200, 
        200, 200, 200, 200, 200, 200, 200, 200, 200, 200, 200, 
        200, 200, 200, 200, 200, 200, 200, 200, 200, 200, 200, 
        200, 200, 200, 200, 200, 200, 200, 200, 200, 200, 200, 
        200, 200, 200, 200, 200, 200, 200, 200, 200, 200, 200, 
        200, 200, 200, 200, 200, 200, 200, 200, 200, 200, 200, 
        200, 200, 200, 200, 200, 200, 200, 200, 200, 200, 200, 
        200, 200, 200, 200, 200, 200, 200, 200, 200, 200, 200, 
        200, 200, 200, 200, 200, 200, 200, 200, 200, 200, 200, 
        200, 200, 200, 200, 200, 200, 200, 200, 200, 200, 200, 
        200, 200, 200, 200, 200, 200, 200, 200, 200, 200, 200, 
        200, 200, 200, 200, 200, 200, 200, 200, 200, 200, 200, 
        200, 200, 200, 200, 200, 200, 200, 200, 200, 200, 200, 
        200, 200, 200, 200, 200, 200, 200, 200, 200, 200, 200, 
        200, 200, 200, 200, 200, 200, 200, 200, 200, 200, 200, 
        200, 200, 200, 200, 200, 200, 200, 200, 200, 200, 200, 
        200, 200, 200, 200, 200, 200, 200, 200, 200, 200, 200, 
        200, 200, 200, 200, 200, 200, 200, 200, 200, 200, 200, 
        200, 200, 200, 200, 200, 200, 200, 200, 200, 200, 200, 
        200, 200, 200, 200, 200, 200, 200, 200, 200, 200, 200, 
        200, 200, 200, 200, 200, 200, 200, 200, 200, 200, 200, 
        200, 250, 250, 250, 250, 250, 250, 250, 250, 250, 250, 
        250, 250, 250, 250, 250, 250, 250, 250, 250, 250, 250, 
        250, 250, 250, 250, 250, 250, 250, 250, 250, 250, 250, 
        250, 250, 250, 250, 250, 250, 250, 250, 250, 250, 250, 
        250, 250, 250, 250, 250, 250, 250, 250, 250, 250, 250, 
        250, 250, 250, 250, 250, 250, 250, 250, 250, 250, 250, 
        250, 250, 250, 250, 250, 250, 250, 250, 250, 250, 250, 
        250, 250, 250, 250, 250, 250, 250, 250, 250, 250, 250, 
        250, 250, 250, 250, 250, 250, 250, 250, 250, 250, 250, 
        250, 250, 250, 250, 250, 250, 250, 250, 250, 250, 250, 
        250, 250, 250, 250, 250, 250, 250, 250, 250, 250, 250, 
        250, 250, 250, 250, 250, 250, 250, 250, 250, 250, 250, 
        250, 250, 250, 250, 250, 250, 250, 250, 250, 250, 250, 
        250, 250, 250, 250, 250, 250, 250, 250, 250, 250, 250, 
        250, 250, 250, 250, 250, 250, 250, 250, 250, 250, 250, 
        250, 250, 250, 250, 250, 250, 250, 250, 250, 250, 250, 
        250, 250, 250, 250, 250, 250, 250, 250, 250, 250, 250, 
        250, 250, 250, 250, 250, 250, 250, 250, 250, 250, 250, 
        250, 250, 250, 250, 250, 250, 250, 250, 250, 250, 250, 
        250, 250, 250, 250, 250, 250, 250, 250, 250, 250, 250, 
        250, 250, 250, 250, 250, 250, 250, 250, 250, 250, 250, 
        250, 250, 250, 250, 250, 250, 250, 250, 250, 250, 250, 
        250, 250, 250, 250, 250, 250, 250, 250, 250, 250, 250, 
        250, 250, 250, 250, 250, 250, 250, 250, 250, 250, 250, 
        250, 250, 250, 250, 250, 250, 250, 250, 250, 250, 250, 
        250, 250, 250, 250, 250, 250, 250, 250, 250, 250, 250, 
        250, 250, 250, 250, 250, 250, 250, 250, 250, 250, 250, 
        250, 250, 250, 250, 250, 250, 250, 250, 250, 250, 250, 
        250, 250, 250, 250, 250, 250, 250, 250, 250, 250, 250, 
        250, 250, 250, 250, 250, 250, 250, 250, 250, 250, 250, 
        250, 250, 250, 250, 250, 250, 250, 250, 250, 250, 250, 
        250, 250, 250, 250, 250, 250, 250, 250, 250, 250, 250, 
        250, 250, 250, 250, 250, 250, 250, 250, 250, 250, 250, 
        250, 250, 250, 250, 250, 250, 250, 250, 250, 250, 250, 
        250, 250, 250, 250, 250, 250, 250, 250, 250, 250, 250, 
        250, 250, 250, 250, 250, 250, 250, 250, 250, 250, 250, 
        250, 250, 250, 250, 250, 300, 300, 300, 300, 300, 300, 
        300, 300, 300, 300, 300, 300, 300, 300, 300, 300, 300, 
        300, 300, 300, 300, 300, 300, 300, 300, 300, 300, 300, 
        300, 300, 300, 300, 300, 300, 300, 300, 300, 300, 300, 
        300, 300, 300, 300, 300, 300, 300, 300, 300, 300, 300, 
        300, 300, 300, 300, 300, 300, 300, 300, 300, 300, 300, 
        300, 300, 300, 300, 300, 300, 300, 300, 300, 300, 300, 
        300, 300, 300, 300, 300, 300, 300, 300, 300, 300, 300, 
        300, 300, 300, 300, 300, 300, 300, 300, 300, 300, 300, 
        300, 300, 300, 300, 300, 300, 300, 300, 300, 300, 300, 
        300, 300, 300, 300, 300, 300, 300, 300, 300, 300, 300, 
        300, 300, 300, 300, 300, 300, 300, 300, 300, 300, 300, 
        300, 300, 300, 300, 300, 300, 300, 300, 300, 300, 300, 
        300, 300, 300, 300, 300, 300, 300, 300, 300, 300, 300, 
        300, 300, 300, 300, 300, 300, 300, 300, 300, 300, 300, 
        300, 300, 300, 300, 300, 300, 300, 300, 300, 300, 300, 
        300, 300, 300, 300, 300, 300, 300, 300, 300, 300, 300, 
        300, 300, 300, 300, 300, 300, 300, 300, 300, 300, 300, 
        300, 300, 300, 300, 300, 300, 300, 300, 300, 300, 300, 
        300, 300, 300, 300, 300, 300, 300, 300, 300, 300, 300, 
        300, 300, 300, 300, 300, 300, 300, 300, 300, 300, 300, 
        300, 300, 300, 300, 300, 300, 300, 300, 300, 300, 300, 
        300, 300, 300, 300, 300, 300, 300, 300, 300, 300, 300, 
        300, 300, 300, 300, 300, 300, 300, 300, 300, 300, 300, 
        300, 300, 300, 300, 300, 300, 300, 300, 300, 300, 300, 
        300, 300, 300, 300, 300, 300, 300, 300, 300, 300, 300, 
        300, 300, 300, 300, 300, 300, 300, 300, 300, 300, 300, 
        300, 300, 300, 300, 300, 300, 300, 300, 300, 300, 300, 
        300, 300, 300, 300, 300, 300, 300, 300, 300, 300, 300, 
        300, 300, 300, 300, 300, 300, 300, 300, 300, 300, 300, 
        300, 300, 300, 300, 300, 300, 300, 300, 300, 300, 300, 
        300, 300, 300, 300, 300, 300, 300, 300, 300, 300, 300, 
        300, 300, 300, 300, 300, 300, 300, 300, 300, 300, 300, 
        300, 300, 300, 300, 300, 300, 300, 300, 300, 300, 300, 
        300, 300, 300, 300, 300, 300, 300, 300, 300, 300, 300, 
        300, 300, 300, 300, 300, 300, 300, 300, 300, 300, 300, 
        300, 300, 300, 300, 300, 300, 300, 300, 300), Ythreshold = 5, 
        Nta_obs_y = 2174L, Nta_cens_y = 626L, ind_index = c(1, 
        2, 3, 4, 5, 6, 7, 8, 9, 10, 11, 12, 13, 14, 15, 16, 17, 
        18, 19, 20, 21, 22, 23, 24, 25, 26, 27, 28, 29, 30, 31, 
        32, 33, 34, 35, 36, 37, 38, 39, 40, 41, 42, 43, 44, 45, 
        46, 47, 48, 49, 50, 51, 52, 53, 54, 55, 56, 57, 58, 59, 
        60, 61, 62, 63, 64, 65, 66, 67, 68, 69, 70, 71, 72, 73, 
        74, 75, 76, 77, 78, 79, 80, 81, 82, 83, 84, 85, 86, 87, 
        88, 89, 90, 91, 92, 93, 94, 95, 96, 97, 98, 99, 100, 
        101, 102, 103, 104, 105, 106, 107, 108, 109, 110, 111, 
        112, 113, 114, 115, 116, 117, 118, 119, 120, 121, 122, 
        123, 124, 125, 126, 127, 128, 129, 130, 131, 132, 133, 
        134, 135, 136, 137, 138, 139, 140, 141, 142, 143, 144, 
        145, 146, 147, 148, 149, 150, 151, 152, 153, 154, 155, 
        156, 157, 158, 159, 160, 161, 162, 163, 164, 165, 166, 
        167, 168, 169, 170, 171, 172, 173, 174, 175, 176, 177, 
        178, 179, 180, 181, 182, 183, 184, 185, 186, 187, 188, 
        189, 190, 191, 192, 193, 194, 195, 196, 197, 198, 199, 
        200, 201, 202, 203, 204, 205, 206, 207, 208, 209, 210, 
        211, 212, 213, 214, 215, 216, 217, 218, 219, 220, 221, 
        222, 223, 224, 225, 226, 227, 228, 229, 230, 231, 232, 
        233, 234, 235, 236, 237, 238, 239, 240, 241, 242, 243, 
        244, 245, 246, 247, 248, 249, 250, 251, 252, 253, 254, 
        255, 256, 257, 258, 259, 260, 261, 262, 263, 264, 265, 
        266, 267, 268, 269, 270, 271, 272, 273, 274, 275, 276, 
        277, 278, 279, 280, 281, 282, 283, 284, 285, 286, 287, 
        288, 289, 290, 291, 292, 293, 294, 295, 296, 297, 298, 
        299, 300, 301, 302, 303, 304, 305, 306, 307, 308, 309, 
        310, 311, 312, 313, 314, 315, 316, 317, 318, 319, 320, 
        321, 322, 323, 324, 325, 326, 327, 328, 329, 330, 331, 
        332, 333, 334, 335, 336, 337, 338, 339, 340, 341, 342, 
        343, 344, 345, 346, 347, 348, 349, 350, 351, 352, 353, 
        354, 355, 356, 357, 358, 359, 360, 361, 362, 363, 364, 
        365, 366, 367, 368, 369, 370, 371, 372, 373, 374, 375, 
        376, 377, 378, 379, 380, 381, 382, 383, 384, 385, 386, 
        387, 388, 389, 390, 391, 392, 393, 394, 395, 396, 397, 
        398, 399, 400, 1, 2, 3, 4, 5, 6, 7, 8, 9, 10, 11, 12, 
        13, 14, 15, 16, 17, 18, 19, 20, 21, 22, 23, 24, 25, 26, 
        27, 28, 29, 30, 31, 32, 33, 34, 35, 36, 37, 38, 39, 40, 
        41, 42, 43, 44, 45, 46, 47, 48, 49, 50, 51, 52, 53, 54, 
        55, 56, 57, 58, 59, 60, 61, 62, 63, 64, 65, 66, 67, 68, 
        69, 70, 71, 72, 73, 74, 75, 76, 77, 78, 79, 80, 81, 82, 
        83, 84, 85, 86, 87, 88, 89, 90, 91, 92, 93, 94, 95, 96, 
        97, 98, 99, 100, 101, 102, 103, 104, 105, 106, 107, 108, 
        109, 110, 111, 112, 113, 114, 115, 116, 117, 118, 119, 
        120, 121, 122, 123, 124, 125, 126, 127, 128, 129, 130, 
        131, 132, 133, 134, 135, 136, 137, 138, 139, 140, 141, 
        142, 143, 144, 145, 146, 147, 148, 149, 150, 151, 152, 
        153, 154, 155, 156, 157, 158, 159, 160, 161, 162, 163, 
        164, 165, 166, 167, 168, 169, 170, 171, 172, 173, 174, 
        175, 176, 177, 178, 179, 180, 181, 182, 183, 184, 185, 
        186, 187, 188, 189, 190, 191, 192, 193, 194, 195, 196, 
        197, 198, 199, 200, 201, 202, 203, 204, 205, 206, 207, 
        208, 209, 210, 211, 212, 213, 214, 215, 216, 217, 218, 
        219, 220, 221, 222, 223, 224, 225, 226, 227, 228, 229, 
        230, 231, 232, 233, 234, 235, 236, 237, 238, 239, 240, 
        241, 242, 243, 244, 245, 246, 247, 248, 249, 250, 251, 
        252, 253, 254, 255, 256, 257, 258, 259, 260, 261, 262, 
        263, 264, 265, 266, 267, 268, 269, 270, 271, 272, 273, 
        274, 275, 276, 277, 278, 279, 280, 281, 282, 283, 284, 
        285, 286, 287, 288, 289, 290, 291, 292, 293, 294, 295, 
        296, 297, 298, 299, 300, 301, 302, 303, 304, 305, 306, 
        307, 308, 309, 310, 311, 312, 313, 314, 315, 316, 317, 
        318, 319, 320, 321, 322, 323, 324, 325, 326, 327, 328, 
        329, 330, 331, 332, 333, 334, 335, 336, 337, 338, 339, 
        340, 341, 342, 343, 344, 345, 346, 347, 348, 349, 350, 
        351, 352, 353, 354, 355, 356, 357, 358, 359, 360, 361, 
        362, 363, 364, 365, 366, 367, 368, 369, 370, 371, 372, 
        373, 374, 375, 376, 377, 378, 379, 380, 381, 382, 383, 
        384, 385, 386, 387, 388, 389, 390, 391, 392, 393, 394, 
        395, 396, 397, 398, 399, 400, 1, 2, 3, 4, 5, 6, 7, 8, 
        9, 10, 11, 12, 13, 14, 15, 16, 17, 18, 19, 20, 21, 22, 
        23, 24, 25, 26, 27, 28, 29, 30, 31, 32, 33, 34, 35, 36, 
        37, 38, 39, 40, 41, 42, 43, 44, 45, 46, 47, 48, 49, 50, 
        51, 52, 53, 54, 55, 56, 57, 58, 59, 60, 61, 62, 63, 64, 
        65, 66, 67, 68, 69, 70, 71, 72, 73, 74, 75, 76, 77, 78, 
        79, 80, 81, 82, 83, 84, 85, 86, 87, 88, 89, 90, 91, 92, 
        93, 94, 95, 96, 97, 98, 99, 100, 101, 102, 103, 104, 
        105, 106, 107, 108, 109, 110, 111, 112, 113, 114, 115, 
        116, 117, 118, 119, 120, 121, 122, 123, 124, 125, 126, 
        127, 128, 129, 130, 131, 132, 133, 134, 135, 136, 137, 
        138, 139, 140, 141, 142, 143, 144, 145, 146, 147, 148, 
        149, 150, 151, 152, 153, 154, 155, 156, 157, 158, 159, 
        160, 161, 162, 163, 164, 165, 166, 167, 168, 169, 170, 
        171, 172, 173, 174, 175, 176, 177, 178, 179, 180, 181, 
        182, 183, 184, 185, 186, 187, 188, 189, 190, 191, 192, 
        193, 194, 195, 196, 197, 198, 199, 200, 201, 202, 203, 
        204, 205, 206, 207, 208, 209, 210, 211, 212, 213, 214, 
        215, 216, 217, 218, 219, 220, 221, 222, 223, 224, 225, 
        226, 227, 228, 229, 230, 231, 232, 233, 234, 235, 236, 
        237, 238, 239, 240, 241, 242, 243, 244, 245, 246, 247, 
        248, 249, 250, 251, 252, 253, 254, 255, 256, 257, 258, 
        259, 260, 261, 262, 263, 264, 265, 266, 267, 268, 269, 
        270, 271, 272, 273, 274, 275, 276, 277, 278, 279, 280, 
        281, 282, 283, 284, 285, 286, 287, 288, 289, 290, 291, 
        292, 293, 294, 295, 296, 297, 298, 299, 300, 301, 302, 
        303, 304, 305, 306, 307, 308, 309, 310, 311, 312, 313, 
        314, 315, 316, 317, 318, 319, 320, 321, 322, 323, 324, 
        325, 326, 327, 328, 329, 330, 331, 332, 333, 334, 335, 
        336, 337, 338, 339, 340, 341, 342, 343, 344, 345, 346, 
        347, 348, 349, 350, 351, 352, 353, 354, 355, 356, 357, 
        358, 359, 360, 361, 362, 363, 364, 365, 366, 367, 368, 
        369, 370, 371, 372, 373, 374, 375, 376, 377, 378, 379, 
        380, 381, 382, 383, 384, 385, 386, 387, 388, 389, 390, 
        391, 392, 393, 394, 395, 396, 397, 398, 399, 400, 1, 
        2, 3, 4, 5, 6, 7, 8, 9, 10, 11, 12, 13, 14, 15, 16, 17, 
        18, 19, 20, 21, 22, 23, 24, 25, 26, 27, 28, 29, 30, 31, 
        32, 33, 34, 35, 36, 37, 38, 39, 40, 41, 42, 43, 44, 45, 
        46, 47, 48, 49, 50, 51, 52, 53, 54, 55, 56, 57, 58, 59, 
        60, 61, 62, 63, 64, 65, 66, 67, 68, 69, 70, 71, 72, 73, 
        74, 75, 76, 77, 78, 79, 80, 81, 82, 83, 84, 85, 86, 87, 
        88, 89, 90, 91, 92, 93, 94, 95, 96, 97, 98, 99, 100, 
        101, 102, 103, 104, 105, 106, 107, 108, 109, 110, 111, 
        112, 113, 114, 115, 116, 117, 118, 119, 120, 121, 122, 
        123, 124, 125, 126, 127, 128, 129, 130, 131, 132, 133, 
        134, 135, 136, 137, 138, 139, 140, 141, 142, 143, 144, 
        145, 146, 147, 148, 149, 150, 151, 152, 153, 154, 155, 
        156, 157, 158, 159, 160, 161, 162, 163, 164, 165, 166, 
        167, 168, 169, 170, 171, 172, 173, 174, 175, 176, 177, 
        178, 179, 180, 181, 182, 183, 184, 185, 186, 187, 188, 
        189, 190, 191, 192, 193, 194, 195, 196, 197, 198, 199, 
        200, 201, 202, 203, 204, 205, 206, 207, 208, 209, 210, 
        211, 212, 213, 214, 215, 216, 217, 218, 219, 220, 221, 
        222, 223, 224, 225, 226, 227, 228, 229, 230, 231, 232, 
        233, 234, 235, 236, 237, 238, 239, 240, 241, 242, 243, 
        244, 245, 246, 247, 248, 249, 250, 251, 252, 253, 254, 
        255, 256, 257, 258, 259, 260, 261, 262, 263, 264, 265, 
        266, 267, 268, 269, 270, 271, 272, 273, 274, 275, 276, 
        277, 278, 279, 280, 281, 282, 283, 284, 285, 286, 287, 
        288, 289, 290, 291, 292, 293, 294, 295, 296, 297, 298, 
        299, 300, 301, 302, 303, 304, 305, 306, 307, 308, 309, 
        310, 311, 312, 313, 314, 315, 316, 317, 318, 319, 320, 
        321, 322, 323, 324, 325, 326, 327, 328, 329, 330, 331, 
        332, 333, 334, 335, 336, 337, 338, 339, 340, 341, 342, 
        343, 344, 345, 346, 347, 348, 349, 350, 351, 352, 353, 
        354, 355, 356, 357, 358, 359, 360, 361, 362, 363, 364, 
        365, 366, 367, 368, 369, 370, 371, 372, 373, 374, 375, 
        376, 377, 378, 379, 380, 381, 382, 383, 384, 385, 386, 
        387, 388, 389, 390, 391, 392, 393, 394, 395, 396, 397, 
        398, 399, 400, 1, 2, 3, 4, 5, 6, 7, 8, 9, 10, 11, 12, 
        13, 14, 15, 16, 17, 18, 19, 20, 21, 22, 23, 24, 25, 26, 
        27, 28, 29, 30, 31, 32, 33, 34, 35, 36, 37, 38, 39, 40, 
        41, 42, 43, 44, 45, 46, 47, 48, 49, 50, 51, 52, 53, 54, 
        55, 56, 57, 58, 59, 60, 61, 62, 63, 64, 65, 66, 67, 68, 
        69, 70, 71, 72, 73, 74, 75, 76, 77, 78, 79, 80, 81, 82, 
        83, 84, 85, 86, 87, 88, 89, 90, 91, 92, 93, 94, 95, 96, 
        97, 98, 99, 100, 101, 102, 103, 104, 105, 106, 107, 108, 
        109, 110, 111, 112, 113, 114, 115, 116, 117, 118, 119, 
        120, 121, 122, 123, 124, 125, 126, 127, 128, 129, 130, 
        131, 132, 133, 134, 135, 136, 137, 138, 139, 140, 141, 
        142, 143, 144, 145, 146, 147, 148, 149, 150, 151, 152, 
        153, 154, 155, 156, 157, 158, 159, 160, 161, 162, 163, 
        164, 165, 166, 167, 168, 169, 170, 171, 172, 173, 174, 
        175, 176, 177, 178, 179, 180, 181, 182, 183, 184, 185, 
        186, 187, 188, 189, 190, 191, 192, 193, 194, 195, 196, 
        197, 198, 199, 200, 201, 202, 203, 204, 205, 206, 207, 
        208, 209, 210, 211, 212, 213, 214, 215, 216, 217, 218, 
        219, 220, 221, 222, 223, 224, 225, 226, 227, 228, 229, 
        230, 231, 232, 233, 234, 235, 236, 237, 238, 239, 240, 
        241, 242, 243, 244, 245, 246, 247, 248, 249, 250, 251, 
        252, 253, 254, 255, 256, 257, 258, 259, 260, 261, 262, 
        263, 264, 265, 266, 267, 268, 269, 270, 271, 272, 273, 
        274, 275, 276, 277, 278, 279, 280, 281, 282, 283, 284, 
        285, 286, 287, 288, 289, 290, 291, 292, 293, 294, 295, 
        296, 297, 298, 299, 300, 301, 302, 303, 304, 305, 306, 
        307, 308, 309, 310, 311, 312, 313, 314, 315, 316, 317, 
        318, 319, 320, 321, 322, 323, 324, 325, 326, 327, 328, 
        329, 330, 331, 332, 333, 334, 335, 336, 337, 338, 339, 
        340, 341, 342, 343, 344, 345, 346, 347, 348, 349, 350, 
        351, 352, 353, 354, 355, 356, 357, 358, 359, 360, 361, 
        362, 363, 364, 365, 366, 367, 368, 369, 370, 371, 372, 
        373, 374, 375, 376, 377, 378, 379, 380, 381, 382, 383, 
        384, 385, 386, 387, 388, 389, 390, 391, 392, 393, 394, 
        395, 396, 397, 398, 399, 400, 1, 2, 3, 4, 5, 6, 7, 8, 
        9, 10, 11, 12, 13, 14, 15, 16, 17, 18, 19, 20, 21, 22, 
        23, 24, 25, 26, 27, 28, 29, 30, 31, 32, 33, 34, 35, 36, 
        37, 38, 39, 40, 41, 42, 43, 44, 45, 46, 47, 48, 49, 50, 
        51, 52, 53, 54, 55, 56, 57, 58, 59, 60, 61, 62, 63, 64, 
        65, 66, 67, 68, 69, 70, 71, 72, 73, 74, 75, 76, 77, 78, 
        79, 80, 81, 82, 83, 84, 85, 86, 87, 88, 89, 90, 91, 92, 
        93, 94, 95, 96, 97, 98, 99, 100, 101, 102, 103, 104, 
        105, 106, 107, 108, 109, 110, 111, 112, 113, 114, 115, 
        116, 117, 118, 119, 120, 121, 122, 123, 124, 125, 126, 
        127, 128, 129, 130, 131, 132, 133, 134, 135, 136, 137, 
        138, 139, 140, 141, 142, 143, 144, 145, 146, 147, 148, 
        149, 150, 151, 152, 153, 154, 155, 156, 157, 158, 159, 
        160, 161, 162, 163, 164, 165, 166, 167, 168, 169, 170, 
        171, 172, 173, 174, 175, 176, 177, 178, 179, 180, 181, 
        182, 183, 184, 185, 186, 187, 188, 189, 190, 191, 192, 
        193, 194, 195, 196, 197, 198, 199, 200, 201, 202, 203, 
        204, 205, 206, 207, 208, 209, 210, 211, 212, 213, 214, 
        215, 216, 217, 218, 219, 220, 221, 222, 223, 224, 225, 
        226, 227, 228, 229, 230, 231, 232, 233, 234, 235, 236, 
        237, 238, 239, 240, 241, 242, 243, 244, 245, 246, 247, 
        248, 249, 250, 251, 252, 253, 254, 255, 256, 257, 258, 
        259, 260, 261, 262, 263, 264, 265, 266, 267, 268, 269, 
        270, 271, 272, 273, 274, 275, 276, 277, 278, 279, 280, 
        281, 282, 283, 284, 285, 286, 287, 288, 289, 290, 291, 
        292, 293, 294, 295, 296, 297, 298, 299, 300, 301, 302, 
        303, 304, 305, 306, 307, 308, 309, 310, 311, 312, 313, 
        314, 315, 316, 317, 318, 319, 320, 321, 322, 323, 324, 
        325, 326, 327, 328, 329, 330, 331, 332, 333, 334, 335, 
        336, 337, 338, 339, 340, 341, 342, 343, 344, 345, 346, 
        347, 348, 349, 350, 351, 352, 353, 354, 355, 356, 357, 
        358, 359, 360, 361, 362, 363, 364, 365, 366, 367, 368, 
        369, 370, 371, 372, 373, 374, 375, 376, 377, 378, 379, 
        380, 381, 382, 383, 384, 385, 386, 387, 388, 389, 390, 
        391, 392, 393, 394, 395, 396, 397, 398, 399, 400, 1, 
        2, 3, 4, 5, 6, 7, 8, 9, 10, 11, 12, 13, 14, 15, 16, 17, 
        18, 19, 20, 21, 22, 23, 24, 25, 26, 27, 28, 29, 30, 31, 
        32, 33, 34, 35, 36, 37, 38, 39, 40, 41, 42, 43, 44, 45, 
        46, 47, 48, 49, 50, 51, 52, 53, 54, 55, 56, 57, 58, 59, 
        60, 61, 62, 63, 64, 65, 66, 67, 68, 69, 70, 71, 72, 73, 
        74, 75, 76, 77, 78, 79, 80, 81, 82, 83, 84, 85, 86, 87, 
        88, 89, 90, 91, 92, 93, 94, 95, 96, 97, 98, 99, 100, 
        101, 102, 103, 104, 105, 106, 107, 108, 109, 110, 111, 
        112, 113, 114, 115, 116, 117, 118, 119, 120, 121, 122, 
        123, 124, 125, 126, 127, 128, 129, 130, 131, 132, 133, 
        134, 135, 136, 137, 138, 139, 140, 141, 142, 143, 144, 
        145, 146, 147, 148, 149, 150, 151, 152, 153, 154, 155, 
        156, 157, 158, 159, 160, 161, 162, 163, 164, 165, 166, 
        167, 168, 169, 170, 171, 172, 173, 174, 175, 176, 177, 
        178, 179, 180, 181, 182, 183, 184, 185, 186, 187, 188, 
        189, 190, 191, 192, 193, 194, 195, 196, 197, 198, 199, 
        200, 201, 202, 203, 204, 205, 206, 207, 208, 209, 210, 
        211, 212, 213, 214, 215, 216, 217, 218, 219, 220, 221, 
        222, 223, 224, 225, 226, 227, 228, 229, 230, 231, 232, 
        233, 234, 235, 236, 237, 238, 239, 240, 241, 242, 243, 
        244, 245, 246, 247, 248, 249, 250, 251, 252, 253, 254, 
        255, 256, 257, 258, 259, 260, 261, 262, 263, 264, 265, 
        266, 267, 268, 269, 270, 271, 272, 273, 274, 275, 276, 
        277, 278, 279, 280, 281, 282, 283, 284, 285, 286, 287, 
        288, 289, 290, 291, 292, 293, 294, 295, 296, 297, 298, 
        299, 300, 301, 302, 303, 304, 305, 306, 307, 308, 309, 
        310, 311, 312, 313, 314, 315, 316, 317, 318, 319, 320, 
        321, 322, 323, 324, 325, 326, 327, 328, 329, 330, 331, 
        332, 333, 334, 335, 336, 337, 338, 339, 340, 341, 342, 
        343, 344, 345, 346, 347, 348, 349, 350, 351, 352, 353, 
        354, 355, 356, 357, 358, 359, 360, 361, 362, 363, 364, 
        365, 366, 367, 368, 369, 370, 371, 372, 373, 374, 375, 
        376, 377, 378, 379, 380, 381, 382, 383, 384, 385, 386, 
        387, 388, 389, 390, 391, 392, 393, 394, 395, 396, 397, 
        398, 399, 400), pt_to_ind = structure(1:400, names = c("pt_00001", 
        "pt_00002", "pt_00003", "pt_00004", "pt_00005", "pt_00006", 
        "pt_00007", "pt_00008", "pt_00009", "pt_00010", "pt_00011", 
        "pt_00012", "pt_00013", "pt_00014", "pt_00015", "pt_00016", 
        "pt_00017", "pt_00018", "pt_00019", "pt_00020", "pt_00021", 
        "pt_00022", "pt_00023", "pt_00024", "pt_00025", "pt_00026", 
        "pt_00027", "pt_00028", "pt_00029", "pt_00030", "pt_00031", 
        "pt_00032", "pt_00033", "pt_00034", "pt_00035", "pt_00036", 
        "pt_00037", "pt_00038", "pt_00039", "pt_00040", "pt_00041", 
        "pt_00042", "pt_00043", "pt_00044", "pt_00045", "pt_00046", 
        "pt_00047", "pt_00048", "pt_00049", "pt_00050", "pt_00051", 
        "pt_00052", "pt_00053", "pt_00054", "pt_00055", "pt_00056", 
        "pt_00057", "pt_00058", "pt_00059", "pt_00060", "pt_00061", 
        "pt_00062", "pt_00063", "pt_00064", "pt_00065", "pt_00066", 
        "pt_00067", "pt_00068", "pt_00069", "pt_00070", "pt_00071", 
        "pt_00072", "pt_00073", "pt_00074", "pt_00075", "pt_00076", 
        "pt_00077", "pt_00078", "pt_00079", "pt_00080", "pt_00081", 
        "pt_00082", "pt_00083", "pt_00084", "pt_00085", "pt_00086", 
        "pt_00087", "pt_00088", "pt_00089", "pt_00090", "pt_00091", 
        "pt_00092", "pt_00093", "pt_00094", "pt_00095", "pt_00096", 
        "pt_00097", "pt_00098", "pt_00099", "pt_00100", "pt_00101", 
        "pt_00102", "pt_00103", "pt_00104", "pt_00105", "pt_00106", 
        "pt_00107", "pt_00108", "pt_00109", "pt_00110", "pt_00111", 
        "pt_00112", "pt_00113", "pt_00114", "pt_00115", "pt_00116", 
        "pt_00117", "pt_00118", "pt_00119", "pt_00120", "pt_00121", 
        "pt_00122", "pt_00123", "pt_00124", "pt_00125", "pt_00126", 
        "pt_00127", "pt_00128", "pt_00129", "pt_00130", "pt_00131", 
        "pt_00132", "pt_00133", "pt_00134", "pt_00135", "pt_00136", 
        "pt_00137", "pt_00138", "pt_00139", "pt_00140", "pt_00141", 
        "pt_00142", "pt_00143", "pt_00144", "pt_00145", "pt_00146", 
        "pt_00147", "pt_00148", "pt_00149", "pt_00150", "pt_00151", 
        "pt_00152", "pt_00153", "pt_00154", "pt_00155", "pt_00156", 
        "pt_00157", "pt_00158", "pt_00159", "pt_00160", "pt_00161", 
        "pt_00162", "pt_00163", "pt_00164", "pt_00165", "pt_00166", 
        "pt_00167", "pt_00168", "pt_00169", "pt_00170", "pt_00171", 
        "pt_00172", "pt_00173", "pt_00174", "pt_00175", "pt_00176", 
        "pt_00177", "pt_00178", "pt_00179", "pt_00180", "pt_00181", 
        "pt_00182", "pt_00183", "pt_00184", "pt_00185", "pt_00186", 
        "pt_00187", "pt_00188", "pt_00189", "pt_00190", "pt_00191", 
        "pt_00192", "pt_00193", "pt_00194", "pt_00195", "pt_00196", 
        "pt_00197", "pt_00198", "pt_00199", "pt_00200", "pt_00201", 
        "pt_00202", "pt_00203", "pt_00204", "pt_00205", "pt_00206", 
        "pt_00207", "pt_00208", "pt_00209", "pt_00210", "pt_00211", 
        "pt_00212", "pt_00213", "pt_00214", "pt_00215", "pt_00216", 
        "pt_00217", "pt_00218", "pt_00219", "pt_00220", "pt_00221", 
        "pt_00222", "pt_00223", "pt_00224", "pt_00225", "pt_00226", 
        "pt_00227", "pt_00228", "pt_00229", "pt_00230", "pt_00231", 
        "pt_00232", "pt_00233", "pt_00234", "pt_00235", "pt_00236", 
        "pt_00237", "pt_00238", "pt_00239", "pt_00240", "pt_00241", 
        "pt_00242", "pt_00243", "pt_00244", "pt_00245", "pt_00246", 
        "pt_00247", "pt_00248", "pt_00249", "pt_00250", "pt_00251", 
        "pt_00252", "pt_00253", "pt_00254", "pt_00255", "pt_00256", 
        "pt_00257", "pt_00258", "pt_00259", "pt_00260", "pt_00261", 
        "pt_00262", "pt_00263", "pt_00264", "pt_00265", "pt_00266", 
        "pt_00267", "pt_00268", "pt_00269", "pt_00270", "pt_00271", 
        "pt_00272", "pt_00273", "pt_00274", "pt_00275", "pt_00276", 
        "pt_00277", "pt_00278", "pt_00279", "pt_00280", "pt_00281", 
        "pt_00282", "pt_00283", "pt_00284", "pt_00285", "pt_00286", 
        "pt_00287", "pt_00288", "pt_00289", "pt_00290", "pt_00291", 
        "pt_00292", "pt_00293", "pt_00294", "pt_00295", "pt_00296", 
        "pt_00297", "pt_00298", "pt_00299", "pt_00300", "pt_00301", 
        "pt_00302", "pt_00303", "pt_00304", "pt_00305", "pt_00306", 
        "pt_00307", "pt_00308", "pt_00309", "pt_00310", "pt_00311", 
        "pt_00312", "pt_00313", "pt_00314", "pt_00315", "pt_00316", 
        "pt_00317", "pt_00318", "pt_00319", "pt_00320", "pt_00321", 
        "pt_00322", "pt_00323", "pt_00324", "pt_00325", "pt_00326", 
        "pt_00327", "pt_00328", "pt_00329", "pt_00330", "pt_00331", 
        "pt_00332", "pt_00333", "pt_00334", "pt_00335", "pt_00336", 
        "pt_00337", "pt_00338", "pt_00339", "pt_00340", "pt_00341", 
        "pt_00342", "pt_00343", "pt_00344", "pt_00345", "pt_00346", 
        "pt_00347", "pt_00348", "pt_00349", "pt_00350", "pt_00351", 
        "pt_00352", "pt_00353", "pt_00354", "pt_00355", "pt_00356", 
        "pt_00357", "pt_00358", "pt_00359", "pt_00360", "pt_00361", 
        "pt_00362", "pt_00363", "pt_00364", "pt_00365", "pt_00366", 
        "pt_00367", "pt_00368", "pt_00369", "pt_00370", "pt_00371", 
        "pt_00372", "pt_00373", "pt_00374", "pt_00375", "pt_00376", 
        "pt_00377", "pt_00378", "pt_00379", "pt_00380", "pt_00381", 
        "pt_00382", "pt_00383", "pt_00384", "pt_00385", "pt_00386", 
        "pt_00387", "pt_00388", "pt_00389", "pt_00390", "pt_00391", 
        "pt_00392", "pt_00393", "pt_00394", "pt_00395", "pt_00396", 
        "pt_00397", "pt_00398", "pt_00399", "pt_00400")), obs_y_index = c(1L, 
        2L, 3L, 4L, 5L, 6L, 7L, 8L, 9L, 10L, 11L, 12L, 13L, 14L, 
        15L, 16L, 17L, 18L, 19L, 20L, 21L, 22L, 23L, 24L, 25L, 
        26L, 27L, 28L, 29L, 30L, 31L, 32L, 33L, 34L, 35L, 36L, 
        37L, 38L, 39L, 40L, 41L, 42L, 43L, 44L, 45L, 46L, 47L, 
        48L, 49L, 50L, 51L, 52L, 53L, 54L, 55L, 56L, 57L, 58L, 
        59L, 60L, 61L, 62L, 63L, 64L, 65L, 66L, 67L, 68L, 69L, 
        70L, 71L, 72L, 73L, 74L, 75L, 76L, 77L, 78L, 79L, 80L, 
        81L, 82L, 83L, 84L, 85L, 86L, 87L, 88L, 89L, 90L, 91L, 
        92L, 93L, 94L, 95L, 96L, 97L, 98L, 99L, 100L, 101L, 102L, 
        103L, 104L, 105L, 106L, 107L, 108L, 109L, 110L, 111L, 
        112L, 113L, 114L, 115L, 116L, 117L, 118L, 119L, 120L, 
        121L, 122L, 123L, 124L, 125L, 126L, 127L, 128L, 129L, 
        130L, 131L, 132L, 133L, 134L, 135L, 136L, 137L, 138L, 
        139L, 140L, 141L, 142L, 143L, 144L, 145L, 146L, 147L, 
        148L, 149L, 150L, 151L, 152L, 153L, 154L, 155L, 156L, 
        157L, 158L, 159L, 160L, 161L, 162L, 163L, 164L, 165L, 
        166L, 167L, 168L, 169L, 170L, 171L, 172L, 173L, 174L, 
        175L, 176L, 177L, 178L, 179L, 180L, 181L, 182L, 183L, 
        184L, 185L, 186L, 187L, 188L, 189L, 190L, 191L, 192L, 
        193L, 194L, 195L, 196L, 197L, 198L, 199L, 200L, 201L, 
        202L, 203L, 204L, 205L, 206L, 207L, 208L, 209L, 210L, 
        211L, 212L, 213L, 214L, 215L, 216L, 217L, 218L, 219L, 
        220L, 221L, 222L, 223L, 224L, 225L, 226L, 227L, 228L, 
        229L, 230L, 231L, 232L, 233L, 234L, 235L, 236L, 237L, 
        238L, 239L, 240L, 241L, 242L, 243L, 244L, 245L, 246L, 
        247L, 248L, 249L, 250L, 251L, 252L, 253L, 254L, 255L, 
        256L, 257L, 258L, 259L, 260L, 261L, 262L, 263L, 264L, 
        265L, 266L, 267L, 268L, 269L, 270L, 271L, 272L, 273L, 
        274L, 275L, 276L, 277L, 278L, 279L, 280L, 281L, 282L, 
        283L, 284L, 285L, 286L, 287L, 288L, 289L, 290L, 291L, 
        292L, 293L, 294L, 295L, 296L, 297L, 298L, 299L, 300L, 
        301L, 302L, 303L, 304L, 305L, 306L, 307L, 308L, 309L, 
        310L, 311L, 312L, 313L, 314L, 315L, 316L, 317L, 318L, 
        319L, 320L, 321L, 322L, 323L, 324L, 325L, 326L, 327L, 
        328L, 329L, 330L, 331L, 332L, 333L, 334L, 335L, 336L, 
        337L, 338L, 339L, 340L, 341L, 342L, 343L, 344L, 345L, 
        346L, 347L, 348L, 349L, 350L, 351L, 352L, 353L, 354L, 
        355L, 356L, 357L, 358L, 359L, 360L, 361L, 362L, 363L, 
        364L, 365L, 366L, 367L, 368L, 369L, 370L, 371L, 372L, 
        373L, 374L, 375L, 376L, 377L, 378L, 379L, 380L, 381L, 
        382L, 383L, 384L, 385L, 386L, 387L, 388L, 389L, 390L, 
        391L, 392L, 393L, 394L, 395L, 396L, 397L, 398L, 399L, 
        400L, 401L, 402L, 403L, 404L, 405L, 406L, 407L, 408L, 
        409L, 410L, 411L, 412L, 413L, 414L, 415L, 416L, 417L, 
        418L, 419L, 420L, 421L, 422L, 423L, 424L, 425L, 426L, 
        428L, 429L, 430L, 431L, 432L, 433L, 434L, 435L, 436L, 
        437L, 438L, 439L, 440L, 441L, 442L, 443L, 444L, 445L, 
        446L, 448L, 449L, 450L, 451L, 452L, 453L, 454L, 455L, 
        456L, 457L, 458L, 459L, 460L, 461L, 462L, 463L, 464L, 
        465L, 466L, 467L, 468L, 470L, 471L, 472L, 473L, 474L, 
        475L, 476L, 477L, 478L, 479L, 480L, 481L, 482L, 483L, 
        484L, 485L, 486L, 487L, 488L, 489L, 490L, 491L, 492L, 
        493L, 494L, 495L, 496L, 497L, 498L, 499L, 500L, 501L, 
        502L, 503L, 504L, 505L, 506L, 507L, 508L, 509L, 510L, 
        511L, 512L, 513L, 514L, 515L, 516L, 517L, 518L, 519L, 
        520L, 521L, 522L, 523L, 524L, 525L, 526L, 527L, 528L, 
        529L, 530L, 531L, 532L, 533L, 534L, 535L, 536L, 537L, 
        538L, 539L, 541L, 542L, 543L, 544L, 545L, 546L, 547L, 
        548L, 549L, 550L, 551L, 552L, 553L, 554L, 555L, 556L, 
        557L, 558L, 559L, 560L, 561L, 562L, 563L, 564L, 565L, 
        566L, 567L, 568L, 569L, 570L, 571L, 572L, 573L, 574L, 
        575L, 576L, 578L, 579L, 580L, 581L, 582L, 584L, 585L, 
        586L, 587L, 588L, 589L, 590L, 591L, 592L, 593L, 594L, 
        595L, 596L, 597L, 598L, 599L, 600L, 601L, 602L, 603L, 
        604L, 605L, 606L, 607L, 608L, 609L, 610L, 611L, 612L, 
        613L, 614L, 615L, 616L, 617L, 618L, 619L, 620L, 621L, 
        622L, 623L, 624L, 625L, 626L, 627L, 628L, 629L, 630L, 
        631L, 632L, 633L, 634L, 636L, 637L, 638L, 639L, 640L, 
        641L, 642L, 643L, 645L, 646L, 647L, 649L, 651L, 652L, 
        653L, 654L, 655L, 656L, 657L, 658L, 659L, 660L, 661L, 
        662L, 663L, 664L, 665L, 666L, 667L, 668L, 669L, 670L, 
        671L, 672L, 673L, 674L, 675L, 676L, 677L, 678L, 679L, 
        680L, 681L, 682L, 684L, 685L, 686L, 687L, 688L, 689L, 
        690L, 691L, 692L, 693L, 694L, 695L, 696L, 697L, 698L, 
        699L, 700L, 701L, 702L, 703L, 704L, 705L, 706L, 707L, 
        708L, 709L, 710L, 711L, 712L, 713L, 714L, 715L, 717L, 
        718L, 719L, 720L, 721L, 722L, 723L, 724L, 725L, 726L, 
        727L, 728L, 729L, 730L, 731L, 732L, 733L, 734L, 735L, 
        736L, 737L, 738L, 739L, 740L, 741L, 742L, 743L, 744L, 
        745L, 746L, 747L, 748L, 749L, 750L, 751L, 752L, 753L, 
        754L, 755L, 756L, 757L, 758L, 759L, 760L, 762L, 763L, 
        764L, 765L, 766L, 767L, 768L, 769L, 770L, 771L, 772L, 
        773L, 774L, 775L, 776L, 777L, 778L, 779L, 780L, 781L, 
        782L, 783L, 784L, 785L, 786L, 787L, 788L, 789L, 790L, 
        791L, 792L, 793L, 794L, 795L, 796L, 797L, 798L, 799L, 
        800L, 801L, 802L, 803L, 804L, 805L, 806L, 807L, 809L, 
        810L, 811L, 814L, 815L, 816L, 817L, 818L, 819L, 820L, 
        821L, 822L, 823L, 824L, 825L, 826L, 828L, 829L, 830L, 
        831L, 832L, 834L, 835L, 836L, 839L, 840L, 842L, 843L, 
        844L, 845L, 846L, 848L, 849L, 850L, 851L, 853L, 854L, 
        855L, 856L, 857L, 858L, 859L, 860L, 861L, 862L, 863L, 
        864L, 865L, 866L, 867L, 868L, 871L, 872L, 873L, 874L, 
        875L, 878L, 879L, 880L, 881L, 883L, 884L, 885L, 886L, 
        887L, 888L, 890L, 891L, 892L, 893L, 894L, 895L, 896L, 
        897L, 898L, 899L, 901L, 902L, 903L, 904L, 905L, 907L, 
        908L, 909L, 910L, 911L, 912L, 913L, 914L, 915L, 916L, 
        917L, 918L, 919L, 924L, 925L, 926L, 927L, 928L, 929L, 
        931L, 932L, 933L, 934L, 935L, 938L, 939L, 941L, 942L, 
        943L, 944L, 945L, 947L, 948L, 949L, 950L, 951L, 952L, 
        953L, 954L, 955L, 956L, 957L, 958L, 959L, 960L, 961L, 
        962L, 963L, 964L, 965L, 966L, 967L, 968L, 969L, 970L, 
        971L, 973L, 974L, 975L, 976L, 978L, 979L, 980L, 981L, 
        985L, 986L, 987L, 988L, 989L, 991L, 992L, 993L, 994L, 
        995L, 996L, 997L, 998L, 999L, 1001L, 1002L, 1003L, 1005L, 
        1006L, 1007L, 1008L, 1009L, 1010L, 1011L, 1012L, 1013L, 
        1014L, 1015L, 1016L, 1017L, 1018L, 1019L, 1020L, 1021L, 
        1022L, 1023L, 1024L, 1025L, 1026L, 1027L, 1028L, 1029L, 
        1030L, 1031L, 1033L, 1034L, 1036L, 1037L, 1038L, 1039L, 
        1040L, 1042L, 1043L, 1045L, 1046L, 1047L, 1049L, 1052L, 
        1053L, 1055L, 1057L, 1059L, 1060L, 1061L, 1062L, 1063L, 
        1064L, 1065L, 1066L, 1067L, 1068L, 1069L, 1070L, 1071L, 
        1072L, 1073L, 1074L, 1075L, 1076L, 1077L, 1078L, 1080L, 
        1081L, 1082L, 1084L, 1085L, 1086L, 1088L, 1089L, 1090L, 
        1092L, 1093L, 1094L, 1095L, 1096L, 1097L, 1098L, 1099L, 
        1100L, 1102L, 1103L, 1104L, 1105L, 1106L, 1107L, 1108L, 
        1109L, 1110L, 1111L, 1112L, 1113L, 1115L, 1117L, 1118L, 
        1119L, 1120L, 1121L, 1122L, 1123L, 1124L, 1125L, 1126L, 
        1128L, 1131L, 1132L, 1133L, 1135L, 1137L, 1138L, 1139L, 
        1140L, 1141L, 1143L, 1144L, 1145L, 1146L, 1147L, 1148L, 
        1149L, 1150L, 1151L, 1152L, 1153L, 1154L, 1155L, 1156L, 
        1157L, 1160L, 1162L, 1164L, 1165L, 1166L, 1167L, 1168L, 
        1169L, 1170L, 1171L, 1172L, 1173L, 1174L, 1175L, 1178L, 
        1179L, 1180L, 1181L, 1183L, 1184L, 1185L, 1186L, 1188L, 
        1189L, 1190L, 1191L, 1192L, 1194L, 1195L, 1196L, 1197L, 
        1200L, 1201L, 1202L, 1203L, 1204L, 1205L, 1206L, 1207L, 
        1209L, 1211L, 1214L, 1215L, 1216L, 1217L, 1218L, 1219L, 
        1220L, 1221L, 1222L, 1223L, 1224L, 1225L, 1226L, 1228L, 
        1229L, 1230L, 1231L, 1234L, 1235L, 1236L, 1239L, 1240L, 
        1242L, 1243L, 1245L, 1246L, 1248L, 1249L, 1250L, 1251L, 
        1253L, 1254L, 1255L, 1256L, 1257L, 1259L, 1260L, 1261L, 
        1262L, 1264L, 1265L, 1266L, 1267L, 1268L, 1271L, 1272L, 
        1273L, 1274L, 1275L, 1278L, 1279L, 1280L, 1281L, 1283L, 
        1284L, 1285L, 1286L, 1288L, 1290L, 1291L, 1292L, 1294L, 
        1295L, 1296L, 1297L, 1298L, 1299L, 1301L, 1302L, 1303L, 
        1304L, 1305L, 1307L, 1308L, 1309L, 1310L, 1311L, 1312L, 
        1313L, 1314L, 1315L, 1316L, 1317L, 1318L, 1319L, 1324L, 
        1325L, 1326L, 1327L, 1328L, 1329L, 1331L, 1333L, 1334L, 
        1338L, 1339L, 1342L, 1343L, 1344L, 1345L, 1348L, 1350L, 
        1352L, 1353L, 1354L, 1355L, 1356L, 1357L, 1358L, 1359L, 
        1360L, 1362L, 1363L, 1366L, 1367L, 1368L, 1370L, 1371L, 
        1373L, 1374L, 1375L, 1376L, 1378L, 1380L, 1381L, 1385L, 
        1387L, 1388L, 1389L, 1391L, 1392L, 1393L, 1395L, 1396L, 
        1397L, 1398L, 1399L, 1401L, 1402L, 1403L, 1405L, 1406L, 
        1407L, 1408L, 1409L, 1410L, 1412L, 1413L, 1414L, 1415L, 
        1416L, 1417L, 1419L, 1420L, 1421L, 1423L, 1424L, 1425L, 
        1426L, 1427L, 1428L, 1429L, 1430L, 1431L, 1434L, 1436L, 
        1437L, 1438L, 1439L, 1440L, 1442L, 1443L, 1445L, 1446L, 
        1447L, 1449L, 1452L, 1453L, 1455L, 1457L, 1459L, 1460L, 
        1461L, 1462L, 1463L, 1464L, 1465L, 1466L, 1467L, 1468L, 
        1469L, 1470L, 1471L, 1473L, 1474L, 1475L, 1477L, 1478L, 
        1480L, 1481L, 1482L, 1485L, 1486L, 1488L, 1490L, 1492L, 
        1496L, 1497L, 1498L, 1499L, 1500L, 1502L, 1503L, 1504L, 
        1505L, 1506L, 1507L, 1508L, 1509L, 1510L, 1511L, 1512L, 
        1513L, 1515L, 1517L, 1519L, 1520L, 1521L, 1522L, 1523L, 
        1524L, 1525L, 1526L, 1528L, 1531L, 1532L, 1533L, 1535L, 
        1537L, 1538L, 1539L, 1540L, 1541L, 1543L, 1544L, 1545L, 
        1546L, 1547L, 1548L, 1549L, 1550L, 1551L, 1553L, 1554L, 
        1555L, 1560L, 1562L, 1564L, 1566L, 1567L, 1568L, 1569L, 
        1570L, 1571L, 1572L, 1573L, 1574L, 1575L, 1578L, 1579L, 
        1581L, 1583L, 1584L, 1585L, 1586L, 1588L, 1589L, 1590L, 
        1591L, 1592L, 1594L, 1595L, 1596L, 1600L, 1601L, 1602L, 
        1603L, 1604L, 1605L, 1606L, 1607L, 1609L, 1611L, 1614L, 
        1615L, 1616L, 1617L, 1618L, 1619L, 1620L, 1621L, 1622L, 
        1623L, 1624L, 1625L, 1626L, 1628L, 1629L, 1630L, 1631L, 
        1634L, 1635L, 1636L, 1639L, 1640L, 1643L, 1645L, 1646L, 
        1648L, 1649L, 1650L, 1651L, 1653L, 1654L, 1655L, 1656L, 
        1657L, 1659L, 1660L, 1661L, 1662L, 1664L, 1665L, 1666L, 
        1667L, 1668L, 1671L, 1672L, 1673L, 1674L, 1675L, 1678L, 
        1679L, 1680L, 1681L, 1683L, 1684L, 1685L, 1688L, 1690L, 
        1691L, 1694L, 1695L, 1696L, 1697L, 1699L, 1701L, 1702L, 
        1703L, 1704L, 1705L, 1707L, 1708L, 1709L, 1710L, 1711L, 
        1712L, 1714L, 1715L, 1716L, 1717L, 1718L, 1719L, 1724L, 
        1725L, 1726L, 1727L, 1728L, 1729L, 1731L, 1733L, 1734L, 
        1738L, 1739L, 1742L, 1743L, 1744L, 1745L, 1748L, 1750L, 
        1752L, 1754L, 1755L, 1756L, 1758L, 1759L, 1760L, 1762L, 
        1763L, 1767L, 1768L, 1770L, 1771L, 1773L, 1774L, 1775L, 
        1776L, 1778L, 1780L, 1781L, 1785L, 1787L, 1788L, 1789L, 
        1791L, 1792L, 1793L, 1795L, 1796L, 1797L, 1798L, 1799L, 
        1801L, 1802L, 1803L, 1805L, 1806L, 1808L, 1809L, 1810L, 
        1812L, 1813L, 1814L, 1815L, 1817L, 1819L, 1820L, 1821L, 
        1824L, 1826L, 1827L, 1828L, 1829L, 1830L, 1831L, 1834L, 
        1836L, 1837L, 1838L, 1839L, 1840L, 1842L, 1843L, 1845L, 
        1846L, 1847L, 1849L, 1853L, 1855L, 1857L, 1859L, 1860L, 
        1861L, 1862L, 1863L, 1865L, 1866L, 1867L, 1868L, 1869L, 
        1871L, 1873L, 1874L, 1875L, 1877L, 1878L, 1880L, 1881L, 
        1882L, 1885L, 1886L, 1890L, 1892L, 1896L, 1897L, 1899L, 
        1900L, 1902L, 1903L, 1904L, 1905L, 1906L, 1907L, 1908L, 
        1909L, 1910L, 1911L, 1912L, 1913L, 1915L, 1917L, 1919L, 
        1920L, 1921L, 1922L, 1923L, 1925L, 1926L, 1928L, 1931L, 
        1932L, 1933L, 1935L, 1937L, 1938L, 1939L, 1940L, 1941L, 
        1943L, 1944L, 1945L, 1947L, 1949L, 1950L, 1951L, 1953L, 
        1954L, 1955L, 1960L, 1964L, 1966L, 1967L, 1969L, 1970L, 
        1971L, 1972L, 1974L, 1978L, 1981L, 1983L, 1984L, 1985L, 
        1986L, 1988L, 1989L, 1990L, 1991L, 1992L, 1994L, 1995L, 
        2000L, 2001L, 2002L, 2003L, 2004L, 2005L, 2006L, 2007L, 
        2009L, 2011L, 2015L, 2016L, 2017L, 2018L, 2019L, 2020L, 
        2021L, 2022L, 2023L, 2024L, 2025L, 2026L, 2030L, 2031L, 
        2034L, 2035L, 2039L, 2040L, 2043L, 2045L, 2046L, 2048L, 
        2049L, 2050L, 2051L, 2053L, 2054L, 2055L, 2056L, 2057L, 
        2059L, 2060L, 2061L, 2062L, 2064L, 2065L, 2066L, 2067L, 
        2068L, 2071L, 2072L, 2073L, 2075L, 2078L, 2079L, 2080L, 
        2081L, 2083L, 2084L, 2085L, 2088L, 2090L, 2091L, 2094L, 
        2095L, 2096L, 2097L, 2099L, 2101L, 2102L, 2103L, 2104L, 
        2105L, 2107L, 2108L, 2109L, 2110L, 2111L, 2112L, 2114L, 
        2115L, 2116L, 2117L, 2118L, 2119L, 2124L, 2125L, 2126L, 
        2127L, 2128L, 2129L, 2131L, 2134L, 2138L, 2139L, 2142L, 
        2143L, 2144L, 2145L, 2148L, 2150L, 2152L, 2155L, 2156L, 
        2158L, 2159L, 2160L, 2162L, 2163L, 2167L, 2168L, 2170L, 
        2171L, 2173L, 2174L, 2175L, 2176L, 2178L, 2180L, 2181L, 
        2185L, 2187L, 2188L, 2189L, 2191L, 2192L, 2193L, 2195L, 
        2196L, 2197L, 2198L, 2201L, 2202L, 2203L, 2205L, 2206L, 
        2208L, 2209L, 2210L, 2212L, 2213L, 2214L, 2215L, 2217L, 
        2219L, 2220L, 2221L, 2224L, 2226L, 2227L, 2228L, 2229L, 
        2230L, 2231L, 2236L, 2237L, 2238L, 2239L, 2240L, 2242L, 
        2243L, 2245L, 2246L, 2247L, 2249L, 2253L, 2255L, 2257L, 
        2261L, 2262L, 2263L, 2265L, 2266L, 2267L, 2268L, 2269L, 
        2271L, 2273L, 2274L, 2275L, 2277L, 2278L, 2280L, 2281L, 
        2282L, 2285L, 2286L, 2290L, 2292L, 2296L, 2297L, 2300L, 
        2302L, 2303L, 2305L, 2306L, 2307L, 2308L, 2309L, 2310L, 
        2311L, 2312L, 2313L, 2315L, 2317L, 2319L, 2320L, 2321L, 
        2322L, 2323L, 2325L, 2326L, 2328L, 2331L, 2332L, 2333L, 
        2335L, 2337L, 2338L, 2339L, 2340L, 2341L, 2343L, 2344L, 
        2345L, 2347L, 2349L, 2350L, 2351L, 2353L, 2354L, 2360L, 
        2364L, 2366L, 2367L, 2369L, 2370L, 2371L, 2372L, 2374L, 
        2378L, 2381L, 2383L, 2384L, 2386L, 2388L, 2389L, 2390L, 
        2391L, 2392L, 2394L, 2395L, 2400L, 2401L, 2402L, 2403L, 
        2404L, 2405L, 2406L, 2407L, 2411L, 2415L, 2416L, 2417L, 
        2418L, 2419L, 2420L, 2421L, 2422L, 2423L, 2424L, 2425L, 
        2426L, 2430L, 2431L, 2434L, 2435L, 2439L, 2440L, 2443L, 
        2445L, 2448L, 2449L, 2450L, 2451L, 2453L, 2454L, 2455L, 
        2456L, 2457L, 2459L, 2460L, 2461L, 2462L, 2464L, 2465L, 
        2466L, 2467L, 2468L, 2471L, 2472L, 2473L, 2475L, 2478L, 
        2479L, 2480L, 2481L, 2483L, 2484L, 2485L, 2488L, 2490L, 
        2491L, 2494L, 2495L, 2496L, 2497L, 2499L, 2501L, 2502L, 
        2503L, 2507L, 2508L, 2509L, 2510L, 2511L, 2512L, 2514L, 
        2515L, 2516L, 2518L, 2519L, 2524L, 2525L, 2526L, 2527L, 
        2528L, 2529L, 2531L, 2534L, 2538L, 2539L, 2542L, 2543L, 
        2544L, 2545L, 2548L, 2550L, 2552L, 2555L, 2556L, 2558L, 
        2559L, 2560L, 2562L, 2563L, 2567L, 2568L, 2570L, 2571L, 
        2573L, 2574L, 2575L, 2576L, 2578L, 2580L, 2581L, 2585L, 
        2587L, 2588L, 2589L, 2591L, 2592L, 2593L, 2595L, 2596L, 
        2597L, 2598L, 2601L, 2602L, 2603L, 2605L, 2606L, 2608L, 
        2609L, 2610L, 2612L, 2613L, 2614L, 2615L, 2617L, 2619L, 
        2620L, 2621L, 2624L, 2627L, 2628L, 2629L, 2630L, 2631L, 
        2636L, 2637L, 2638L, 2639L, 2640L, 2642L, 2643L, 2645L, 
        2646L, 2647L, 2649L, 2653L, 2655L, 2657L, 2661L, 2662L, 
        2663L, 2665L, 2666L, 2668L, 2669L, 2671L, 2673L, 2674L, 
        2675L, 2677L, 2678L, 2680L, 2681L, 2682L, 2685L, 2686L, 
        2690L, 2692L, 2696L, 2697L, 2700L, 2702L, 2703L, 2705L, 
        2707L, 2708L, 2709L, 2710L, 2711L, 2712L, 2713L, 2715L, 
        2717L, 2719L, 2720L, 2721L, 2722L, 2723L, 2725L, 2726L, 
        2728L, 2731L, 2732L, 2733L, 2735L, 2737L, 2738L, 2739L, 
        2740L, 2741L, 2743L, 2744L, 2745L, 2747L, 2749L, 2750L, 
        2751L, 2753L, 2754L, 2760L, 2764L, 2766L, 2767L, 2769L, 
        2770L, 2771L, 2772L, 2774L, 2778L, 2781L, 2783L, 2784L, 
        2786L, 2788L, 2789L, 2790L, 2791L, 2792L, 2794L, 2795L, 
        2800L), cens_y_index = c(427L, 447L, 469L, 540L, 577L, 
        583L, 635L, 644L, 648L, 650L, 683L, 716L, 761L, 808L, 
        812L, 813L, 827L, 833L, 837L, 838L, 841L, 847L, 852L, 
        869L, 870L, 876L, 877L, 882L, 889L, 900L, 906L, 920L, 
        921L, 922L, 923L, 930L, 936L, 937L, 940L, 946L, 972L, 
        977L, 982L, 983L, 984L, 990L, 1000L, 1004L, 1032L, 1035L, 
        1041L, 1044L, 1048L, 1050L, 1051L, 1054L, 1056L, 1058L, 
        1079L, 1083L, 1087L, 1091L, 1101L, 1114L, 1116L, 1127L, 
        1129L, 1130L, 1134L, 1136L, 1142L, 1158L, 1159L, 1161L, 
        1163L, 1176L, 1177L, 1182L, 1187L, 1193L, 1198L, 1199L, 
        1208L, 1210L, 1212L, 1213L, 1227L, 1232L, 1233L, 1237L, 
        1238L, 1241L, 1244L, 1247L, 1252L, 1258L, 1263L, 1269L, 
        1270L, 1276L, 1277L, 1282L, 1287L, 1289L, 1293L, 1300L, 
        1306L, 1320L, 1321L, 1322L, 1323L, 1330L, 1332L, 1335L, 
        1336L, 1337L, 1340L, 1341L, 1346L, 1347L, 1349L, 1351L, 
        1361L, 1364L, 1365L, 1369L, 1372L, 1377L, 1379L, 1382L, 
        1383L, 1384L, 1386L, 1390L, 1394L, 1400L, 1404L, 1411L, 
        1418L, 1422L, 1432L, 1433L, 1435L, 1441L, 1444L, 1448L, 
        1450L, 1451L, 1454L, 1456L, 1458L, 1472L, 1476L, 1479L, 
        1483L, 1484L, 1487L, 1489L, 1491L, 1493L, 1494L, 1495L, 
        1501L, 1514L, 1516L, 1518L, 1527L, 1529L, 1530L, 1534L, 
        1536L, 1542L, 1552L, 1556L, 1557L, 1558L, 1559L, 1561L, 
        1563L, 1565L, 1576L, 1577L, 1580L, 1582L, 1587L, 1593L, 
        1597L, 1598L, 1599L, 1608L, 1610L, 1612L, 1613L, 1627L, 
        1632L, 1633L, 1637L, 1638L, 1641L, 1642L, 1644L, 1647L, 
        1652L, 1658L, 1663L, 1669L, 1670L, 1676L, 1677L, 1682L, 
        1686L, 1687L, 1689L, 1692L, 1693L, 1698L, 1700L, 1706L, 
        1713L, 1720L, 1721L, 1722L, 1723L, 1730L, 1732L, 1735L, 
        1736L, 1737L, 1740L, 1741L, 1746L, 1747L, 1749L, 1751L, 
        1753L, 1757L, 1761L, 1764L, 1765L, 1766L, 1769L, 1772L, 
        1777L, 1779L, 1782L, 1783L, 1784L, 1786L, 1790L, 1794L, 
        1800L, 1804L, 1807L, 1811L, 1816L, 1818L, 1822L, 1823L, 
        1825L, 1832L, 1833L, 1835L, 1841L, 1844L, 1848L, 1850L, 
        1851L, 1852L, 1854L, 1856L, 1858L, 1864L, 1870L, 1872L, 
        1876L, 1879L, 1883L, 1884L, 1887L, 1888L, 1889L, 1891L, 
        1893L, 1894L, 1895L, 1898L, 1901L, 1914L, 1916L, 1918L, 
        1924L, 1927L, 1929L, 1930L, 1934L, 1936L, 1942L, 1946L, 
        1948L, 1952L, 1956L, 1957L, 1958L, 1959L, 1961L, 1962L, 
        1963L, 1965L, 1968L, 1973L, 1975L, 1976L, 1977L, 1979L, 
        1980L, 1982L, 1987L, 1993L, 1996L, 1997L, 1998L, 1999L, 
        2008L, 2010L, 2012L, 2013L, 2014L, 2027L, 2028L, 2029L, 
        2032L, 2033L, 2036L, 2037L, 2038L, 2041L, 2042L, 2044L, 
        2047L, 2052L, 2058L, 2063L, 2069L, 2070L, 2074L, 2076L, 
        2077L, 2082L, 2086L, 2087L, 2089L, 2092L, 2093L, 2098L, 
        2100L, 2106L, 2113L, 2120L, 2121L, 2122L, 2123L, 2130L, 
        2132L, 2133L, 2135L, 2136L, 2137L, 2140L, 2141L, 2146L, 
        2147L, 2149L, 2151L, 2153L, 2154L, 2157L, 2161L, 2164L, 
        2165L, 2166L, 2169L, 2172L, 2177L, 2179L, 2182L, 2183L, 
        2184L, 2186L, 2190L, 2194L, 2199L, 2200L, 2204L, 2207L, 
        2211L, 2216L, 2218L, 2222L, 2223L, 2225L, 2232L, 2233L, 
        2234L, 2235L, 2241L, 2244L, 2248L, 2250L, 2251L, 2252L, 
        2254L, 2256L, 2258L, 2259L, 2260L, 2264L, 2270L, 2272L, 
        2276L, 2279L, 2283L, 2284L, 2287L, 2288L, 2289L, 2291L, 
        2293L, 2294L, 2295L, 2298L, 2299L, 2301L, 2304L, 2314L, 
        2316L, 2318L, 2324L, 2327L, 2329L, 2330L, 2334L, 2336L, 
        2342L, 2346L, 2348L, 2352L, 2355L, 2356L, 2357L, 2358L, 
        2359L, 2361L, 2362L, 2363L, 2365L, 2368L, 2373L, 2375L, 
        2376L, 2377L, 2379L, 2380L, 2382L, 2385L, 2387L, 2393L, 
        2396L, 2397L, 2398L, 2399L, 2408L, 2409L, 2410L, 2412L, 
        2413L, 2414L, 2427L, 2428L, 2429L, 2432L, 2433L, 2436L, 
        2437L, 2438L, 2441L, 2442L, 2444L, 2446L, 2447L, 2452L, 
        2458L, 2463L, 2469L, 2470L, 2474L, 2476L, 2477L, 2482L, 
        2486L, 2487L, 2489L, 2492L, 2493L, 2498L, 2500L, 2504L, 
        2505L, 2506L, 2513L, 2517L, 2520L, 2521L, 2522L, 2523L, 
        2530L, 2532L, 2533L, 2535L, 2536L, 2537L, 2540L, 2541L, 
        2546L, 2547L, 2549L, 2551L, 2553L, 2554L, 2557L, 2561L, 
        2564L, 2565L, 2566L, 2569L, 2572L, 2577L, 2579L, 2582L, 
        2583L, 2584L, 2586L, 2590L, 2594L, 2599L, 2600L, 2604L, 
        2607L, 2611L, 2616L, 2618L, 2622L, 2623L, 2625L, 2626L, 
        2632L, 2633L, 2634L, 2635L, 2641L, 2644L, 2648L, 2650L, 
        2651L, 2652L, 2654L, 2656L, 2658L, 2659L, 2660L, 2664L, 
        2667L, 2670L, 2672L, 2676L, 2679L, 2683L, 2684L, 2687L, 
        2688L, 2689L, 2691L, 2693L, 2694L, 2695L, 2698L, 2699L, 
        2701L, 2704L, 2706L, 2714L, 2716L, 2718L, 2724L, 2727L, 
        2729L, 2730L, 2734L, 2736L, 2742L, 2746L, 2748L, 2752L, 
        2755L, 2756L, 2757L, 2758L, 2759L, 2761L, 2762L, 2763L, 
        2765L, 2768L, 2773L, 2775L, 2776L, 2777L, 2779L, 2780L, 
        2782L, 2785L, 2787L, 2793L, 2796L, 2797L, 2798L, 2799L
        ), n_mat_inds_obs_y = c(4341L, 4341L, 401L), w_mat_inds_obs_y = c(1, 
        1, 1, 1, 1, 1, 1, 1, 1, 1, 1, 1, 1, 1, 1, 1, 1, 1, 1, 
        1, 1, 1, 1, 1, 1, 1, 1, 1, 1, 1, 1, 1, 1, 1, 1, 1, 1, 
        1, 1, 1, 1, 1, 1, 1, 1, 1, 1, 1, 1, 1, 1, 1, 1, 1, 1, 
        1, 1, 1, 1, 1, 1, 1, 1, 1, 1, 1, 1, 1, 1, 1, 1, 1, 1, 
        1, 1, 1, 1, 1, 1, 1, 1, 1, 1, 1, 1, 1, 1, 1, 1, 1, 1, 
        1, 1, 1, 1, 1, 1, 1, 1, 1, 1, 1, 1, 1, 1, 1, 1, 1, 1, 
        1, 1, 1, 1, 1, 1, 1, 1, 1, 1, 1, 1, 1, 1, 1, 1, 1, 1, 
        1, 1, 1, 1, 1, 1, 1, 1, 1, 1, 1, 1, 1, 1, 1, 1, 1, 1, 
        1, 1, 1, 1, 1, 1, 1, 1, 1, 1, 1, 1, 1, 1, 1, 1, 1, 1, 
        1, 1, 1, 1, 1, 1, 1, 1, 1, 1, 1, 1, 1, 1, 1, 1, 1, 1, 
        1, 1, 1, 1, 1, 1, 1, 1, 1, 1, 1, 1, 1, 1, 1, 1, 1, 1, 
        1, 1, 1, 1, 1, 1, 1, 1, 1, 1, 1, 1, 1, 1, 1, 1, 1, 1, 
        1, 1, 1, 1, 1, 1, 1, 1, 1, 1, 1, 1, 1, 1, 1, 1, 1, 1, 
        1, 1, 1, 1, 1, 1, 1, 1, 1, 1, 1, 1, 1, 1, 1, 1, 1, 1, 
        1, 1, 1, 1, 1, 1, 1, 1, 1, 1, 1, 1, 1, 1, 1, 1, 1, 1, 
        1, 1, 1, 1, 1, 1, 1, 1, 1, 1, 1, 1, 1, 1, 1, 1, 1, 1, 
        1, 1, 1, 1, 1, 1, 1, 1, 1, 1, 1, 1, 1, 1, 1, 1, 1, 1, 
        1, 1, 1, 1, 1, 1, 1, 1, 1, 1, 1, 1, 1, 1, 1, 1, 1, 1, 
        1, 1, 1, 1, 1, 1, 1, 1, 1, 1, 1, 1, 1, 1, 1, 1, 1, 1, 
        1, 1, 1, 1, 1, 1, 1, 1, 1, 1, 1, 1, 1, 1, 1, 1, 1, 1, 
        1, 1, 1, 1, 1, 1, 1, 1, 1, 1, 1, 1, 1, 1, 1, 1, 1, 1, 
        1, 1, 1, 1, 1, 1, 1, 1, 1, 1, 1, 1, 1, 1, 1, 1, 1, 1, 
        1, 1, 1, 1, 1, 1, 1, 1, 1, 1, 1, 1, 1, 1, 1, 1, 1, 1, 
        1, 1, 1, 1, 1, 1, 1, 1, 1, 1, 1, 1, 1, 1, 1, 1, 1, 1, 
        1, 1, 1, 1, 1, 1, 1, 1, 1, 1, 1, 1, 1, 1, 1, 1, 1, 1, 
        1, 1, 1, 1, 1, 1, 1, 1, 1, 1, 1, 1, 1, 1, 1, 1, 1, 1, 
        1, 1, 1, 1, 1, 1, 1, 1, 1, 1, 1, 1, 1, 1, 1, 1, 1, 1, 
        1, 1, 1, 1, 1, 1, 1, 1, 1, 1, 1, 1, 1, 1, 1, 1, 1, 1, 
        1, 1, 1, 1, 1, 1, 1, 1, 1, 1, 1, 1, 1, 1, 1, 1, 1, 1, 
        1, 1, 1, 1, 1, 1, 1, 1, 1, 1, 1, 1, 1, 1, 1, 1, 1, 1, 
        1, 1, 1, 1, 1, 1, 1, 1, 1, 1, 1, 1, 1, 1, 1, 1, 1, 1, 
        1, 1, 1, 1, 1, 1, 1, 1, 1, 1, 1, 1, 1, 1, 1, 1, 1, 1, 
        1, 1, 1, 1, 1, 1, 1, 1, 1, 1, 1, 1, 1, 1, 1, 1, 1, 1, 
        1, 1, 1, 1, 1, 1, 1, 1, 1, 1, 1, 1, 1, 1, 1, 1, 1, 1, 
        1, 1, 1, 1, 1, 1, 1, 1, 1, 1, 1, 1, 1, 1, 1, 1, 1, 1, 
        1, 1, 1, 1, 1, 1, 1, 1, 1, 1, 1, 1, 1, 1, 1, 1, 1, 1, 
        1, 1, 1, 1, 1, 1, 1, 1, 1, 1, 1, 1, 1, 1, 1, 1, 1, 1, 
        1, 1, 1, 1, 1, 1, 1, 1, 1, 1, 1, 1, 1, 1, 1, 1, 1, 1, 
        1, 1, 1, 1, 1, 1, 1, 1, 1, 1, 1, 1, 1, 1, 1, 1, 1, 1, 
        1, 1, 1, 1, 1, 1, 1, 1, 1, 1, 1, 1, 1, 1, 1, 1, 1, 1, 
        1, 1, 1, 1, 1, 1, 1, 1, 1, 1, 1, 1, 1, 1, 1, 1, 1, 1, 
        1, 1, 1, 1, 1, 1, 1, 1, 1, 1, 1, 1, 1, 1, 1, 1, 1, 1, 
        1, 1, 1, 1, 1, 1, 1, 1, 1, 1, 1, 1, 1, 1, 1, 1, 1, 1, 
        1, 1, 1, 1, 1, 1, 1, 1, 1, 1, 1, 1, 1, 1, 1, 1, 1, 1, 
        1, 1, 1, 1, 1, 1, 1, 1, 1, 1, 1, 1, 1, 1, 1, 1, 1, 1, 
        1, 1, 1, 1, 1, 1, 1, 1, 1, 1, 1, 1, 1, 1, 1, 1, 1, 1, 
        1, 1, 1, 1, 1, 1, 1, 1, 1, 1, 1, 1, 1, 1, 1, 1, 1, 1, 
        1, 1, 1, 1, 1, 1, 1, 1, 1, 1, 1, 1, 1, 1, 1, 1, 1, 1, 
        1, 1, 1, 1, 1, 1, 1, 1, 1, 1, 1, 1, 1, 1, 1, 1, 1, 1, 
        1, 1, 1, 1, 1, 1, 1, 1, 1, 1, 1, 1, 1, 1, 1, 1, 1, 1, 
        1, 1, 1, 1, 1, 1, 1, 1, 1, 1, 1, 1, 1, 1, 1, 1, 1, 1, 
        1, 1, 1, 1, 1, 1, 1, 1, 1, 1, 1, 1, 1, 1, 1, 1, 1, 1, 
        1, 1, 1, 1, 1, 1, 1, 1, 1, 1, 1, 1, 1, 1, 1, 1, 1, 1, 
        1, 1, 1, 1, 1, 1, 1, 1, 1, 1, 1, 1, 1, 1, 1, 1, 1, 1, 
        1, 1, 1, 1, 1, 1, 1, 1, 1, 1, 1, 1, 1, 1, 1, 1, 1, 1, 
        1, 1, 1, 1, 1, 1, 1, 1, 1, 1, 1, 1, 1, 1, 1, 1, 1, 1, 
        1, 1, 1, 1, 1, 1, 1, 1, 1, 1, 1, 1, 1, 1, 1, 1, 1, 1, 
        1, 1, 1, 1, 1, 1, 1, 1, 1, 1, 1, 1, 1, 1, 1, 1, 1, 1, 
        1, 1, 1, 1, 1, 1, 1, 1, 1, 1, 1, 1, 1, 1, 1, 1, 1, 1, 
        1, 1, 1, 1, 1, 1, 1, 1, 1, 1, 1, 1, 1, 1, 1, 1, 1, 1, 
        1, 1, 1, 1, 1, 1, 1, 1, 1, 1, 1, 1, 1, 1, 1, 1, 1, 1, 
        1, 1, 1, 1, 1, 1, 1, 1, 1, 1, 1, 1, 1, 1, 1, 1, 1, 1, 
        1, 1, 1, 1, 1, 1, 1, 1, 1, 1, 1, 1, 1, 1, 1, 1, 1, 1, 
        1, 1, 1, 1, 1, 1, 1, 1, 1, 1, 1, 1, 1, 1, 1, 1, 1, 1, 
        1, 1, 1, 1, 1, 1, 1, 1, 1, 1, 1, 1, 1, 1, 1, 1, 1, 1, 
        1, 1, 1, 1, 1, 1, 1, 1, 1, 1, 1, 1, 1, 1, 1, 1, 1, 1, 
        1, 1, 1, 1, 1, 1, 1, 1, 1, 1, 1, 1, 1, 1, 1, 1, 1, 1, 
        1, 1, 1, 1, 1, 1, 1, 1, 1, 1, 1, 1, 1, 1, 1, 1, 1, 1, 
        1, 1, 1, 1, 1, 1, 1, 1, 1, 1, 1, 1, 1, 1, 1, 1, 1, 1, 
        1, 1, 1, 1, 1, 1, 1, 1, 1, 1, 1, 1, 1, 1, 1, 1, 1, 1, 
        1, 1, 1, 1, 1, 1, 1, 1, 1, 1, 1, 1, 1, 1, 1, 1, 1, 1, 
        1, 1, 1, 1, 1, 1, 1, 1, 1, 1, 1, 1, 1, 1, 1, 1, 1, 1, 
        1, 1, 1, 1, 1, 1, 1, 1, 1, 1, 1, 1, 1, 1, 1, 1, 1, 1, 
        1, 1, 1, 1, 1, 1, 1, 1, 1, 1, 1, 1, 1, 1, 1, 1, 1, 1, 
        1, 1, 1, 1, 1, 1, 1, 1, 1, 1, 1, 1, 1, 1, 1, 1, 1, 1, 
        1, 1, 1, 1, 1, 1, 1, 1, 1, 1, 1, 1, 1, 1, 1, 1, 1, 1, 
        1, 1, 1, 1, 1, 1, 1, 1, 1, 1, 1, 1, 1, 1, 1, 1, 1, 1, 
        1, 1, 1, 1, 1, 1, 1, 1, 1, 1, 1, 1, 1, 1, 1, 1, 1, 1, 
        1, 1, 1, 1, 1, 1, 1, 1, 1, 1, 1, 1, 1, 1, 1, 1, 1, 1, 
        1, 1, 1, 1, 1, 1, 1, 1, 1, 1, 1, 1, 1, 1, 1, 1, 1, 1, 
        1, 1, 1, 1, 1, 1, 1, 1, 1, 1, 1, 1, 1, 1, 1, 1, 1, 1, 
        1, 1, 1, 1, 1, 1, 1, 1, 1, 1, 1, 1, 1, 1, 1, 1, 1, 1, 
        1, 1, 1, 1, 1, 1, 1, 1, 1, 1, 1, 1, 1, 1, 1, 1, 1, 1, 
        1, 1, 1, 1, 1, 1, 1, 1, 1, 1, 1, 1, 1, 1, 1, 1, 1, 1, 
        1, 1, 1, 1, 1, 1, 1, 1, 1, 1, 1, 1, 1, 1, 1, 1, 1, 1, 
        1, 1, 1, 1, 1, 1, 1, 1, 1, 1, 1, 1, 1, 1, 1, 1, 1, 1, 
        1, 1, 1, 1, 1, 1, 1, 1, 1, 1, 1, 1, 1, 1, 1, 1, 1, 1, 
        1, 1, 1, 1, 1, 1, 1, 1, 1, 1, 1, 1, 1, 1, 1, 1, 1, 1, 
        1, 1, 1, 1, 1, 1, 1, 1, 1, 1, 1, 1, 1, 1, 1, 1, 1, 1, 
        1, 1, 1, 1, 1, 1, 1, 1, 1, 1, 1, 1, 1, 1, 1, 1, 1, 1, 
        1, 1, 1, 1, 1, 1, 1, 1, 1, 1, 1, 1, 1, 1, 1, 1, 1, 1, 
        1, 1, 1, 1, 1, 1, 1, 1, 1, 1, 1, 1, 1, 1, 1, 1, 1, 1, 
        1, 1, 1, 1, 1, 1, 1, 1, 1, 1, 1, 1, 1, 1, 1, 1, 1, 1, 
        1, 1, 1, 1, 1, 1, 1, 1, 1, 1, 1, 1, 1, 1, 1, 1, 1, 1, 
        1, 1, 1, 1, 1, 1, 1, 1, 1, 1, 1, 1, 1, 1, 1, 1, 1, 1, 
        1, 1, 1, 1, 1, 1, 1, 1, 1, 1, 1, 1, 1, 1, 1, 1, 1, 1, 
        1, 1, 1, 1, 1, 1, 1, 1, 1, 1, 1, 1, 1, 1, 1, 1, 1, 1, 
        1, 1, 1, 1, 1, 1, 1, 1, 1, 1, 1, 1, 1, 1, 1, 1, 1, 1, 
        1, 1, 1, 1, 1, 1, 1, 1, 1, 1, 1, 1, 1, 1, 1, 1, 1, 1, 
        1, 1, 1, 1, 1, 1, 1, 1, 1, 1, 1, 1, 1, 1, 1, 1, 1, 1, 
        1, 1, 1, 1, 1, 1, 1, 1, 1, 1, 1, 1, 1, 1, 1, 1, 1, 1, 
        1, 1, 1, 1, 1, 1, 1, 1, 1, 1, 1, 1, 1, 1, 1, 1, 1, 1, 
        1, 1, 1, 1, 1, 1, 1, 1, 1, 1, 1, 1, 1, 1, 1, 1, 1, 1, 
        1, 1, 1, 1, 1, 1, 1, 1, 1, 1, 1, 1, 1, 1, 1, 1, 1, 1, 
        1, 1, 1, 1, 1, 1, 1, 1, 1, 1, 1, 1, 1, 1, 1, 1, 1, 1, 
        1, 1, 1, 1, 1, 1, 1, 1, 1, 1, 1, 1, 1, 1, 1, 1, 1, 1, 
        1, 1, 1, 1, 1, 1, 1, 1, 1, 1, 1, 1, 1, 1, 1, 1, 1, 1, 
        1, 1, 1, 1, 1, 1, 1, 1, 1, 1, 1, 1, 1, 1, 1, 1, 1, 1, 
        1, 1, 1, 1, 1, 1, 1, 1, 1, 1, 1, 1, 1, 1, 1, 1, 1, 1, 
        1, 1, 1, 1, 1, 1, 1, 1, 1, 1, 1, 1, 1, 1, 1, 1, 1, 1, 
        1, 1, 1, 1, 1, 1, 1, 1, 1, 1, 1, 1, 1, 1, 1, 1, 1, 1, 
        1, 1, 1, 1, 1, 1, 1, 1, 1, 1, 1, 1, 1, 1, 1, 1, 1, 1, 
        1, 1, 1, 1, 1, 1, 1, 1, 1, 1, 1, 1, 1, 1, 1, 1, 1, 1, 
        1, 1, 1, 1, 1, 1, 1, 1, 1, 1, 1, 1, 1, 1, 1, 1, 1, 1, 
        1, 1, 1, 1, 1, 1, 1, 1, 1, 1, 1, 1, 1, 1, 1, 1, 1, 1, 
        1, 1, 1, 1, 1, 1, 1, 1, 1, 1, 1, 1, 1, 1, 1, 1, 1, 1, 
        1, 1, 1, 1, 1, 1, 1, 1, 1, 1, 1, 1, 1, 1, 1, 1, 1, 1, 
        1, 1, 1, 1, 1, 1, 1, 1, 1, 1, 1, 1, 1, 1, 1, 1, 1, 1, 
        1, 1, 1, 1, 1, 1, 1, 1, 1, 1, 1, 1, 1, 1, 1, 1, 1, 1, 
        1, 1, 1, 1, 1, 1, 1, 1, 1, 1, 1, 1, 1, 1, 1, 1, 1, 1, 
        1, 1, 1, 1, 1, 1, 1, 1, 1, 1, 1, 1, 1, 1, 1, 1, 1, 1, 
        1, 1, 1, 1, 1, 1, 1, 1, 1, 1, 1, 1, 1, 1, 1, 1, 1, 1, 
        1, 1, 1, 1, 1, 1, 1, 1, 1, 1, 1, 1, 1, 1, 1, 1, 1, 1, 
        1, 1, 1, 1, 1, 1, 1, 1, 1, 1, 1, 1, 1, 1, 1, 1, 1, 1, 
        1, 1, 1, 1, 1, 1, 1, 1, 1, 1, 1, 1, 1, 1, 1, 1, 1, 1, 
        1, 1, 1, 1, 1, 1, 1, 1, 1, 1, 1, 1, 1, 1, 1, 1, 1, 1, 
        1, 1, 1, 1, 1, 1, 1, 1, 1, 1, 1, 1, 1, 1, 1, 1, 1, 1, 
        1, 1, 1, 1, 1, 1, 1, 1, 1, 1, 1, 1, 1, 1, 1, 1, 1, 1, 
        1, 1, 1, 1, 1, 1, 1, 1, 1, 1, 1, 1, 1, 1, 1, 1, 1, 1, 
        1, 1, 1, 1, 1, 1, 1, 1, 1, 1, 1, 1, 1, 1, 1, 1, 1, 1, 
        1, 1, 1, 1, 1, 1, 1, 1, 1, 1, 1, 1, 1, 1, 1, 1, 1, 1, 
        1, 1, 1, 1, 1, 1, 1, 1, 1, 1, 1, 1, 1, 1, 1, 1, 1, 1, 
        1, 1, 1, 1, 1, 1, 1, 1, 1, 1, 1, 1, 1, 1, 1, 1, 1, 1, 
        1, 1, 1, 1, 1, 1, 1, 1, 1, 1, 1, 1, 1, 1, 1, 1, 1, 1, 
        1, 1, 1, 1, 1, 1, 1, 1, 1, 1, 1, 1, 1, 1, 1, 1, 1, 1, 
        1, 1, 1, 1, 1, 1, 1, 1, 1, 1, 1, 1, 1, 1, 1, 1, 1, 1, 
        1, 1, 1, 1, 1, 1, 1, 1, 1, 1, 1, 1, 1, 1, 1, 1, 1, 1, 
        1, 1, 1, 1, 1, 1, 1, 1, 1, 1, 1, 1, 1, 1, 1, 1, 1, 1, 
        1, 1, 1, 1, 1, 1, 1, 1, 1, 1, 1, 1, 1, 1, 1, 1, 1, 1, 
        1, 1, 1, 1, 1, 1, 1, 1, 1, 1, 1, 1, 1, 1, 1, 1, 1, 1, 
        1, 1, 1, 1, 1, 1, 1, 1, 1, 1, 1, 1, 1, 1, 1, 1, 1, 1, 
        1, 1, 1, 1, 1, 1, 1, 1, 1, 1, 1, 1, 1, 1, 1, 1, 1, 1, 
        1, 1, 1, 1, 1, 1, 1, 1, 1, 1, 1, 1, 1, 1, 1, 1, 1, 1, 
        1, 1, 1, 1, 1, 1, 1, 1, 1, 1, 1, 1, 1, 1, 1, 1, 1, 1, 
        1, 1, 1, 1, 1, 1, 1, 1, 1, 1, 1, 1, 1, 1, 1, 1, 1, 1, 
        1, 1, 1, 1, 1, 1, 1, 1, 1, 1, 1, 1, 1, 1, 1, 1, 1, 1, 
        1, 1, 1, 1, 1, 1, 1, 1, 1, 1, 1, 1, 1, 1, 1, 1, 1, 1, 
        1, 1, 1, 1, 1, 1, 1, 1, 1, 1, 1, 1, 1, 1, 1, 1, 1, 1, 
        1, 1, 1, 1, 1, 1, 1, 1, 1, 1, 1, 1, 1, 1, 1, 1, 1, 1, 
        1, 1, 1, 1, 1, 1, 1, 1, 1, 1, 1, 1, 1, 1, 1, 1, 1, 1, 
        1, 1, 1, 1, 1, 1, 1, 1, 1, 1, 1, 1, 1, 1, 1, 1, 1, 1, 
        1, 1, 1, 1, 1, 1, 1, 1, 1, 1, 1, 1, 1, 1, 1, 1, 1, 1, 
        1, 1, 1, 1, 1, 1, 1, 1, 1, 1, 1, 1, 1, 1, 1, 1, 1, 1, 
        1, 1, 1, 1, 1, 1, 1, 1, 1, 1, 1, 1, 1, 1, 1, 1, 1, 1, 
        1, 1, 1, 1, 1, 1, 1, 1, 1, 1, 1, 1, 1, 1, 1, 1, 1, 1, 
        1, 1, 1, 1, 1, 1, 1, 1, 1, 1, 1, 1, 1, 1, 1, 1, 1, 1, 
        1, 1, 1, 1, 1, 1, 1, 1, 1, 1, 1, 1, 1, 1, 1, 1, 1, 1, 
        1, 1, 1, 1, 1, 1, 1, 1, 1, 1, 1, 1, 1, 1, 1, 1, 1, 1, 
        1, 1, 1, 1, 1, 1, 1, 1, 1, 1, 1, 1, 1, 1, 1, 1, 1, 1, 
        1, 1, 1, 1, 1, 1, 1, 1, 1, 1, 1, 1, 1, 1, 1, 1, 1, 1, 
        1, 1, 1, 1, 1, 1, 1, 1, 1, 1, 1, 1, 1, 1, 1, 1, 1, 1, 
        1, 1, 1, 1, 1, 1, 1, 1, 1, 1, 1, 1, 1, 1, 1, 1, 1, 1, 
        1, 1, 1, 1, 1, 1, 1, 1, 1, 1, 1, 1, 1, 1, 1, 1, 1, 1, 
        1, 1, 1, 1, 1, 1, 1, 1, 1, 1, 1, 1, 1, 1, 1, 1, 1, 1, 
        1, 1, 1, 1, 1, 1, 1, 1, 1, 1, 1, 1, 1, 1, 1, 1, 1, 1, 
        1, 1, 1, 1, 1, 1, 1, 1, 1, 1, 1, 1, 1, 1, 1, 1, 1, 1, 
        1, 1, 1, 1, 1, 1, 1, 1, 1, 1, 1, 1, 1, 1, 1, 1, 1, 1, 
        1, 1, 1, 1, 1, 1, 1, 1, 1, 1, 1, 1, 1, 1, 1, 1, 1, 1, 
        1, 1, 1, 1, 1, 1, 1, 1, 1, 1, 1, 1, 1, 1, 1, 1, 1, 1, 
        1, 1, 1, 1, 1, 1, 1, 1, 1, 1, 1, 1, 1, 1, 1, 1, 1, 1, 
        1, 1, 1, 1, 1, 1, 1, 1, 1, 1, 1, 1, 1, 1, 1, 1, 1, 1, 
        1, 1, 1, 1, 1, 1, 1, 1, 1, 1, 1, 1, 1, 1, 1, 1, 1, 1, 
        1, 1, 1, 1, 1, 1, 1, 1, 1, 1, 1, 1, 1, 1, 1, 1, 1, 1, 
        1, 1, 1, 1, 1, 1, 1, 1, 1, 1, 1, 1, 1, 1, 1, 1, 1, 1, 
        1, 1, 1, 1, 1, 1, 1, 1, 1, 1, 1, 1, 1, 1, 1, 1, 1, 1, 
        1, 1, 1, 1, 1, 1, 1, 1, 1, 1, 1, 1, 1, 1, 1, 1, 1, 1, 
        1, 1, 1, 1, 1, 1, 1, 1, 1, 1, 1, 1, 1, 1, 1, 1, 1, 1, 
        1, 1, 1, 1, 1, 1, 1, 1, 1, 1, 1, 1, 1, 1, 1, 1, 1, 1, 
        1, 1, 1, 1, 1, 1, 1, 1, 1, 1, 1, 1, 1, 1, 1, 1, 1, 1, 
        1, 1, 1, 1, 1, 1, 1, 1, 1, 1, 1, 1, 1, 1, 1, 1, 1, 1, 
        1, 1, 1, 1, 1, 1, 1, 1, 1, 1, 1, 1, 1, 1, 1, 1, 1, 1, 
        1, 1, 1, 1, 1, 1, 1, 1, 1, 1, 1, 1, 1, 1, 1, 1, 1, 1, 
        1, 1, 1, 1, 1, 1, 1, 1, 1, 1, 1, 1, 1, 1, 1, 1, 1, 1, 
        1, 1, 1, 1, 1, 1, 1, 1, 1, 1, 1, 1, 1, 1, 1, 1, 1, 1, 
        1, 1, 1, 1, 1, 1, 1, 1, 1, 1, 1, 1, 1, 1, 1, 1, 1, 1, 
        1, 1, 1, 1, 1, 1, 1, 1, 1, 1, 1, 1, 1, 1, 1, 1, 1, 1, 
        1, 1, 1, 1, 1, 1, 1, 1, 1, 1, 1, 1, 1, 1, 1, 1, 1, 1, 
        1, 1, 1, 1, 1, 1, 1, 1, 1, 1, 1, 1, 1, 1, 1, 1, 1, 1, 
        1, 1, 1, 1, 1, 1, 1, 1, 1, 1, 1, 1, 1, 1, 1, 1, 1, 1, 
        1, 1, 1, 1, 1, 1, 1, 1, 1, 1, 1, 1, 1, 1, 1, 1, 1, 1, 
        1, 1, 1, 1, 1, 1, 1, 1, 1, 1, 1, 1, 1, 1, 1, 1, 1, 1, 
        1, 1, 1, 1, 1, 1, 1, 1, 1, 1, 1, 1, 1, 1, 1, 1, 1, 1, 
        1, 1, 1, 1, 1, 1, 1, 1, 1, 1, 1, 1, 1, 1, 1, 1, 1, 1, 
        1, 1, 1, 1, 1, 1, 1, 1, 1, 1, 1, 1, 1, 1, 1, 1, 1, 1, 
        1, 1, 1, 1, 1, 1, 1, 1, 1, 1, 1, 1, 1, 1, 1, 1, 1, 1, 
        1, 1, 1, 1, 1, 1, 1, 1, 1, 1, 1, 1, 1, 1, 1, 1, 1, 1, 
        1, 1, 1, 1, 1, 1, 1, 1, 1, 1, 1, 1, 1, 1, 1, 1, 1, 1, 
        1, 1, 1, 1, 1, 1, 1, 1, 1, 1, 1, 1, 1, 1, 1, 1, 1, 1, 
        1, 1, 1, 1, 1, 1, 1, 1, 1, 1, 1, 1, 1, 1, 1, 1, 1, 1, 
        1, 1, 1, 1, 1, 1, 1, 1, 1, 1, 1, 1, 1, 1, 1, 1, 1, 1, 
        1, 1, 1, 1, 1, 1, 1, 1, 1, 1, 1, 1, 1, 1, 1, 1, 1, 1, 
        1, 1, 1, 1, 1, 1, 1, 1, 1, 1, 1, 1, 1, 1, 1, 1, 1, 1, 
        1, 1, 1, 1, 1, 1, 1, 1, 1, 1, 1, 1, 1, 1, 1, 1, 1, 1, 
        1, 1, 1, 1, 1, 1, 1, 1, 1, 1, 1, 1, 1, 1, 1, 1, 1, 1, 
        1, 1, 1, 1, 1, 1, 1, 1, 1, 1, 1, 1, 1, 1, 1, 1, 1, 1, 
        1, 1, 1, 1, 1, 1, 1, 1, 1, 1, 1, 1, 1, 1, 1, 1, 1, 1, 
        1, 1, 1, 1, 1, 1, 1, 1, 1, 1, 1, 1, 1, 1, 1, 1, 1, 1, 
        1, 1, 1, 1, 1, 1, 1, 1, 1, 1, 1, 1, 1, 1, 1, 1, 1, 1, 
        1, 1, 1, 1, 1, 1, 1, 1, 1, 1, 1, 1, 1, 1, 1, 1, 1, 1, 
        1, 1, 1, 1, 1, 1, 1, 1, 1, 1, 1, 1, 1, 1, 1, 1, 1, 1, 
        1, 1, 1, 1, 1, 1, 1, 1, 1, 1, 1, 1, 1, 1, 1, 1, 1, 1, 
        1, 1, 1, 1, 1, 1, 1, 1, 1, 1, 1, 1, 1, 1, 1, 1, 1, 1, 
        1, 1, 1, 1, 1, 1, 1, 1, 1, 1, 1, 1, 1, 1, 1, 1, 1, 1, 
        1, 1, 1, 1, 1, 1, 1, 1, 1, 1, 1, 1, 1, 1, 1, 1, 1, 1, 
        1, 1, 1, 1, 1, 1, 1, 1, 1, 1, 1, 1, 1, 1, 1, 1, 1, 1, 
        1, 1, 1, 1, 1, 1, 1, 1, 1, 1, 1, 1, 1, 1, 1, 1, 1, 1, 
        1, 1, 1, 1, 1, 1, 1, 1, 1, 1, 1, 1, 1, 1, 1, 1, 1, 1, 
        1, 1, 1, 1, 1, 1, 1, 1, 1, 1, 1, 1, 1, 1, 1, 1, 1, 1, 
        1, 1, 1, 1, 1, 1, 1, 1, 1, 1, 1, 1, 1, 1, 1, 1, 1, 1, 
        1, 1, 1, 1, 1, 1, 1, 1, 1, 1, 1, 1, 1, 1, 1, 1, 1, 1, 
        1, 1, 1, 1, 1, 1, 1, 1, 1, 1, 1, 1, 1, 1, 1, 1, 1, 1, 
        1, 1, 1, 1, 1, 1, 1, 1, 1, 1, 1, 1, 1, 1, 1, 1, 1, 1, 
        1, 1, 1, 1, 1, 1, 1, 1, 1, 1, 1, 1, 1, 1, 1, 1, 1, 1, 
        1, 1, 1, 1, 1, 1, 1, 1, 1, 1, 1, 1, 1, 1, 1, 1, 1, 1, 
        1, 1, 1, 1, 1, 1, 1, 1, 1, 1, 1, 1, 1, 1, 1, 1, 1, 1, 
        1, 1, 1, 1, 1, 1, 1, 1, 1, 1, 1, 1, 1, 1, 1, 1, 1, 1, 
        1, 1, 1, 1, 1, 1, 1, 1, 1, 1, 1, 1, 1, 1, 1, 1, 1, 1, 
        1, 1, 1, 1, 1, 1, 1, 1, 1, 1, 1, 1, 1, 1, 1, 1, 1, 1, 
        1, 1, 1, 1, 1, 1, 1, 1, 1, 1, 1, 1, 1, 1, 1, 1, 1, 1, 
        1, 1, 1, 1, 1, 1, 1, 1, 1, 1, 1, 1, 1, 1, 1, 1, 1, 1, 
        1, 1, 1, 1, 1, 1, 1, 1, 1, 1, 1, 1, 1, 1, 1, 1, 1, 1, 
        1, 1, 1, 1, 1, 1, 1, 1, 1, 1, 1, 1, 1, 1, 1, 1, 1, 1, 
        1, 1, 1, 1, 1, 1, 1, 1, 1, 1, 1, 1, 1, 1, 1, 1, 1, 1, 
        1, 1, 1, 1, 1, 1, 1, 1, 1, 1, 1, 1, 1, 1, 1, 1, 1, 1, 
        1, 1, 1, 1, 1, 1, 1, 1, 1, 1, 1, 1, 1, 1, 1, 1, 1, 1, 
        1, 1, 1, 1, 1, 1, 1, 1, 1, 1, 1, 1, 1, 1, 1, 1, 1, 1, 
        1, 1, 1, 1, 1, 1, 1, 1, 1, 1, 1, 1, 1, 1, 1, 1, 1, 1, 
        1, 1, 1, 1, 1, 1, 1, 1, 1, 1, 1, 1, 1, 1, 1, 1, 1, 1, 
        1, 1, 1, 1, 1, 1, 1, 1, 1, 1, 1, 1, 1, 1, 1, 1, 1, 1, 
        1, 1, 1, 1, 1, 1, 1, 1, 1, 1, 1, 1, 1, 1, 1, 1, 1, 1, 
        1, 1, 1, 1, 1, 1, 1, 1, 1, 1, 1, 1, 1, 1, 1, 1, 1, 1, 
        1, 1), v_mat_inds_obs_y = c(1L, 2L, 3L, 4L, 5L, 6L, 7L, 
        8L, 9L, 10L, 11L, 12L, 13L, 14L, 15L, 16L, 17L, 18L, 
        19L, 20L, 21L, 22L, 23L, 24L, 25L, 26L, 27L, 28L, 29L, 
        30L, 31L, 32L, 33L, 34L, 35L, 36L, 37L, 38L, 39L, 40L, 
        41L, 42L, 43L, 44L, 45L, 46L, 47L, 48L, 49L, 50L, 51L, 
        52L, 53L, 54L, 55L, 56L, 57L, 58L, 59L, 60L, 61L, 62L, 
        63L, 64L, 65L, 66L, 67L, 68L, 69L, 70L, 71L, 72L, 73L, 
        74L, 75L, 76L, 77L, 78L, 79L, 80L, 81L, 82L, 83L, 84L, 
        85L, 86L, 87L, 88L, 89L, 90L, 91L, 92L, 93L, 94L, 95L, 
        96L, 97L, 98L, 99L, 100L, 101L, 102L, 103L, 104L, 105L, 
        106L, 107L, 108L, 109L, 110L, 111L, 112L, 113L, 114L, 
        115L, 116L, 117L, 118L, 119L, 120L, 121L, 122L, 123L, 
        124L, 125L, 126L, 127L, 128L, 129L, 130L, 131L, 132L, 
        133L, 134L, 135L, 136L, 137L, 138L, 139L, 140L, 141L, 
        142L, 143L, 144L, 145L, 146L, 147L, 148L, 149L, 150L, 
        151L, 152L, 153L, 154L, 155L, 156L, 157L, 158L, 159L, 
        160L, 161L, 162L, 163L, 164L, 165L, 166L, 167L, 168L, 
        169L, 170L, 171L, 172L, 173L, 174L, 175L, 176L, 177L, 
        178L, 179L, 180L, 181L, 182L, 183L, 184L, 185L, 186L, 
        187L, 188L, 189L, 190L, 191L, 192L, 193L, 194L, 195L, 
        196L, 197L, 198L, 199L, 200L, 201L, 202L, 203L, 204L, 
        205L, 206L, 207L, 208L, 209L, 210L, 211L, 212L, 213L, 
        214L, 215L, 216L, 217L, 218L, 219L, 220L, 221L, 222L, 
        223L, 224L, 225L, 226L, 227L, 228L, 229L, 230L, 231L, 
        232L, 233L, 234L, 235L, 236L, 237L, 238L, 239L, 240L, 
        241L, 242L, 243L, 244L, 245L, 246L, 247L, 248L, 249L, 
        250L, 251L, 252L, 253L, 254L, 255L, 256L, 257L, 258L, 
        259L, 260L, 261L, 262L, 263L, 264L, 265L, 266L, 267L, 
        268L, 269L, 270L, 271L, 272L, 273L, 274L, 275L, 276L, 
        277L, 278L, 279L, 280L, 281L, 282L, 283L, 284L, 285L, 
        286L, 287L, 288L, 289L, 290L, 291L, 292L, 293L, 294L, 
        295L, 296L, 297L, 298L, 299L, 300L, 301L, 302L, 303L, 
        304L, 305L, 306L, 307L, 308L, 309L, 310L, 311L, 312L, 
        313L, 314L, 315L, 316L, 317L, 318L, 319L, 320L, 321L, 
        322L, 323L, 324L, 325L, 326L, 327L, 328L, 329L, 330L, 
        331L, 332L, 333L, 334L, 335L, 336L, 337L, 338L, 339L, 
        340L, 341L, 342L, 343L, 344L, 345L, 346L, 347L, 348L, 
        349L, 350L, 351L, 352L, 353L, 354L, 355L, 356L, 357L, 
        358L, 359L, 360L, 361L, 362L, 363L, 364L, 365L, 366L, 
        367L, 368L, 369L, 370L, 371L, 372L, 373L, 374L, 375L, 
        376L, 377L, 378L, 379L, 380L, 381L, 382L, 383L, 384L, 
        385L, 386L, 387L, 388L, 389L, 390L, 391L, 392L, 393L, 
        394L, 395L, 396L, 397L, 398L, 399L, 400L, 401L, 402L, 
        403L, 404L, 405L, 406L, 407L, 408L, 409L, 410L, 411L, 
        412L, 413L, 414L, 415L, 416L, 417L, 418L, 419L, 420L, 
        421L, 422L, 423L, 424L, 425L, 426L, 427L, 428L, 429L, 
        430L, 431L, 432L, 433L, 434L, 435L, 436L, 437L, 438L, 
        439L, 440L, 441L, 442L, 443L, 444L, 445L, 446L, 447L, 
        448L, 449L, 450L, 451L, 452L, 453L, 454L, 455L, 456L, 
        457L, 458L, 459L, 460L, 461L, 462L, 463L, 464L, 465L, 
        466L, 467L, 468L, 469L, 470L, 471L, 472L, 473L, 474L, 
        475L, 476L, 477L, 478L, 479L, 480L, 481L, 482L, 483L, 
        484L, 485L, 486L, 487L, 488L, 489L, 490L, 491L, 492L, 
        493L, 494L, 495L, 496L, 497L, 498L, 499L, 500L, 501L, 
        502L, 503L, 504L, 505L, 506L, 507L, 508L, 509L, 510L, 
        511L, 512L, 513L, 514L, 515L, 516L, 517L, 518L, 519L, 
        520L, 521L, 522L, 523L, 524L, 525L, 526L, 527L, 528L, 
        529L, 530L, 531L, 532L, 533L, 534L, 535L, 536L, 537L, 
        538L, 539L, 540L, 541L, 542L, 543L, 544L, 545L, 546L, 
        547L, 548L, 549L, 550L, 551L, 552L, 553L, 554L, 555L, 
        556L, 557L, 558L, 559L, 560L, 561L, 562L, 563L, 564L, 
        565L, 566L, 567L, 568L, 569L, 570L, 571L, 572L, 573L, 
        574L, 575L, 576L, 577L, 578L, 579L, 580L, 581L, 582L, 
        583L, 584L, 585L, 586L, 587L, 588L, 589L, 590L, 591L, 
        592L, 593L, 594L, 595L, 596L, 597L, 598L, 599L, 600L, 
        601L, 602L, 603L, 604L, 605L, 606L, 607L, 608L, 609L, 
        610L, 611L, 612L, 613L, 614L, 615L, 616L, 617L, 618L, 
        619L, 620L, 621L, 622L, 623L, 624L, 625L, 626L, 627L, 
        628L, 629L, 630L, 631L, 632L, 633L, 634L, 635L, 636L, 
        637L, 638L, 639L, 640L, 641L, 642L, 643L, 644L, 645L, 
        646L, 647L, 648L, 649L, 650L, 651L, 652L, 653L, 654L, 
        655L, 656L, 657L, 658L, 659L, 660L, 661L, 662L, 663L, 
        664L, 665L, 666L, 667L, 668L, 669L, 670L, 671L, 672L, 
        673L, 674L, 675L, 676L, 677L, 678L, 679L, 680L, 681L, 
        682L, 683L, 684L, 685L, 686L, 687L, 688L, 689L, 690L, 
        691L, 692L, 693L, 694L, 695L, 696L, 697L, 698L, 699L, 
        700L, 701L, 702L, 703L, 704L, 705L, 706L, 707L, 708L, 
        709L, 710L, 711L, 712L, 713L, 714L, 715L, 716L, 717L, 
        718L, 719L, 720L, 721L, 722L, 723L, 724L, 725L, 726L, 
        727L, 728L, 729L, 730L, 731L, 732L, 733L, 734L, 735L, 
        736L, 737L, 738L, 739L, 740L, 741L, 742L, 743L, 744L, 
        745L, 746L, 747L, 748L, 749L, 750L, 751L, 752L, 753L, 
        754L, 755L, 756L, 757L, 758L, 759L, 760L, 761L, 762L, 
        763L, 764L, 765L, 766L, 767L, 768L, 769L, 770L, 771L, 
        772L, 773L, 774L, 775L, 776L, 777L, 778L, 779L, 780L, 
        781L, 782L, 783L, 784L, 785L, 786L, 787L, 788L, 789L, 
        790L, 791L, 792L, 793L, 794L, 795L, 796L, 797L, 798L, 
        799L, 800L, 801L, 802L, 803L, 804L, 805L, 806L, 807L, 
        808L, 809L, 810L, 811L, 812L, 813L, 814L, 815L, 816L, 
        817L, 818L, 819L, 820L, 821L, 822L, 823L, 824L, 825L, 
        826L, 827L, 828L, 829L, 830L, 831L, 832L, 833L, 834L, 
        835L, 836L, 837L, 838L, 839L, 840L, 841L, 842L, 843L, 
        844L, 845L, 846L, 847L, 848L, 849L, 850L, 851L, 852L, 
        853L, 854L, 855L, 856L, 857L, 858L, 859L, 860L, 861L, 
        862L, 863L, 864L, 865L, 866L, 867L, 868L, 869L, 870L, 
        871L, 872L, 873L, 874L, 875L, 876L, 877L, 878L, 879L, 
        880L, 881L, 882L, 883L, 884L, 885L, 886L, 887L, 888L, 
        889L, 890L, 891L, 892L, 893L, 894L, 895L, 896L, 897L, 
        898L, 899L, 900L, 901L, 902L, 903L, 904L, 905L, 906L, 
        907L, 908L, 909L, 910L, 911L, 912L, 913L, 914L, 915L, 
        916L, 917L, 918L, 919L, 920L, 921L, 922L, 923L, 924L, 
        925L, 926L, 927L, 928L, 929L, 930L, 931L, 932L, 933L, 
        934L, 935L, 936L, 937L, 938L, 939L, 940L, 941L, 942L, 
        943L, 944L, 945L, 946L, 947L, 948L, 949L, 950L, 951L, 
        952L, 953L, 954L, 955L, 956L, 957L, 958L, 959L, 960L, 
        961L, 962L, 963L, 964L, 965L, 966L, 967L, 968L, 969L, 
        970L, 971L, 972L, 973L, 974L, 975L, 976L, 977L, 978L, 
        979L, 980L, 981L, 982L, 983L, 984L, 985L, 986L, 987L, 
        988L, 989L, 990L, 991L, 992L, 993L, 994L, 995L, 996L, 
        997L, 998L, 999L, 1000L, 1001L, 1002L, 1003L, 1004L, 
        1005L, 1006L, 1007L, 1008L, 1009L, 1010L, 1011L, 1012L, 
        1013L, 1014L, 1015L, 1016L, 1017L, 1018L, 1019L, 1020L, 
        1021L, 1022L, 1023L, 1024L, 1025L, 1026L, 1027L, 1028L, 
        1029L, 1030L, 1031L, 1032L, 1033L, 1034L, 1035L, 1036L, 
        1037L, 1038L, 1039L, 1040L, 1041L, 1042L, 1043L, 1044L, 
        1045L, 1046L, 1047L, 1048L, 1049L, 1050L, 1051L, 1052L, 
        1053L, 1054L, 1055L, 1056L, 1057L, 1058L, 1059L, 1060L, 
        1061L, 1062L, 1063L, 1064L, 1065L, 1066L, 1067L, 1068L, 
        1069L, 1070L, 1071L, 1072L, 1073L, 1074L, 1075L, 1076L, 
        1077L, 1078L, 1079L, 1080L, 1081L, 1082L, 1083L, 1084L, 
        1085L, 1086L, 1087L, 1088L, 1089L, 1090L, 1091L, 1092L, 
        1093L, 1094L, 1095L, 1096L, 1097L, 1098L, 1099L, 1100L, 
        1101L, 1102L, 1103L, 1104L, 1105L, 1106L, 1107L, 1108L, 
        1109L, 1110L, 1111L, 1112L, 1113L, 1114L, 1115L, 1116L, 
        1117L, 1118L, 1119L, 1120L, 1121L, 1122L, 1123L, 1124L, 
        1125L, 1126L, 1127L, 1128L, 1129L, 1130L, 1131L, 1132L, 
        1133L, 1134L, 1135L, 1136L, 1137L, 1138L, 1139L, 1140L, 
        1141L, 1142L, 1143L, 1144L, 1145L, 1146L, 1147L, 1148L, 
        1149L, 1150L, 1151L, 1152L, 1153L, 1154L, 1155L, 1156L, 
        1157L, 1158L, 1159L, 1160L, 1161L, 1162L, 1163L, 1164L, 
        1165L, 1166L, 1167L, 1168L, 1169L, 1170L, 1171L, 1172L, 
        1173L, 1174L, 1175L, 1176L, 1177L, 1178L, 1179L, 1180L, 
        1181L, 1182L, 1183L, 1184L, 1185L, 1186L, 1187L, 1188L, 
        1189L, 1190L, 1191L, 1192L, 1193L, 1194L, 1195L, 1196L, 
        1197L, 1198L, 1199L, 1200L, 1201L, 1202L, 1203L, 1204L, 
        1205L, 1206L, 1207L, 1208L, 1209L, 1210L, 1211L, 1212L, 
        1213L, 1214L, 1215L, 1216L, 1217L, 1218L, 1219L, 1220L, 
        1221L, 1222L, 1223L, 1224L, 1225L, 1226L, 1227L, 1228L, 
        1229L, 1230L, 1231L, 1232L, 1233L, 1234L, 1235L, 1236L, 
        1237L, 1238L, 1239L, 1240L, 1241L, 1242L, 1243L, 1244L, 
        1245L, 1246L, 1247L, 1248L, 1249L, 1250L, 1251L, 1252L, 
        1253L, 1254L, 1255L, 1256L, 1257L, 1258L, 1259L, 1260L, 
        1261L, 1262L, 1263L, 1264L, 1265L, 1266L, 1267L, 1268L, 
        1269L, 1270L, 1271L, 1272L, 1273L, 1274L, 1275L, 1276L, 
        1277L, 1278L, 1279L, 1280L, 1281L, 1282L, 1283L, 1284L, 
        1285L, 1286L, 1287L, 1288L, 1289L, 1290L, 1291L, 1292L, 
        1293L, 1294L, 1295L, 1296L, 1297L, 1298L, 1299L, 1300L, 
        1301L, 1302L, 1303L, 1304L, 1305L, 1306L, 1307L, 1308L, 
        1309L, 1310L, 1311L, 1312L, 1313L, 1314L, 1315L, 1316L, 
        1317L, 1318L, 1319L, 1320L, 1321L, 1322L, 1323L, 1324L, 
        1325L, 1326L, 1327L, 1328L, 1329L, 1330L, 1331L, 1332L, 
        1333L, 1334L, 1335L, 1336L, 1337L, 1338L, 1339L, 1340L, 
        1341L, 1342L, 1343L, 1344L, 1345L, 1346L, 1347L, 1348L, 
        1349L, 1350L, 1351L, 1352L, 1353L, 1354L, 1355L, 1356L, 
        1357L, 1358L, 1359L, 1360L, 1361L, 1362L, 1363L, 1364L, 
        1365L, 1366L, 1367L, 1368L, 1369L, 1370L, 1371L, 1372L, 
        1373L, 1374L, 1375L, 1376L, 1377L, 1378L, 1379L, 1380L, 
        1381L, 1382L, 1383L, 1384L, 1385L, 1386L, 1387L, 1388L, 
        1389L, 1390L, 1391L, 1392L, 1393L, 1394L, 1395L, 1396L, 
        1397L, 1398L, 1399L, 1400L, 1401L, 1402L, 1403L, 1404L, 
        1405L, 1406L, 1407L, 1408L, 1409L, 1410L, 1411L, 1412L, 
        1413L, 1414L, 1415L, 1416L, 1417L, 1418L, 1419L, 1420L, 
        1421L, 1422L, 1423L, 1424L, 1425L, 1426L, 1427L, 1428L, 
        1429L, 1430L, 1431L, 1432L, 1433L, 1434L, 1435L, 1436L, 
        1437L, 1438L, 1439L, 1440L, 1441L, 1442L, 1443L, 1444L, 
        1445L, 1446L, 1447L, 1448L, 1449L, 1450L, 1451L, 1452L, 
        1453L, 1454L, 1455L, 1456L, 1457L, 1458L, 1459L, 1460L, 
        1461L, 1462L, 1463L, 1464L, 1465L, 1466L, 1467L, 1468L, 
        1469L, 1470L, 1471L, 1472L, 1473L, 1474L, 1475L, 1476L, 
        1477L, 1478L, 1479L, 1480L, 1481L, 1482L, 1483L, 1484L, 
        1485L, 1486L, 1487L, 1488L, 1489L, 1490L, 1491L, 1492L, 
        1493L, 1494L, 1495L, 1496L, 1497L, 1498L, 1499L, 1500L, 
        1501L, 1502L, 1503L, 1504L, 1505L, 1506L, 1507L, 1508L, 
        1509L, 1510L, 1511L, 1512L, 1513L, 1514L, 1515L, 1516L, 
        1517L, 1518L, 1519L, 1520L, 1521L, 1522L, 1523L, 1524L, 
        1525L, 1526L, 1527L, 1528L, 1529L, 1530L, 1531L, 1532L, 
        1533L, 1534L, 1535L, 1536L, 1537L, 1538L, 1539L, 1540L, 
        1541L, 1542L, 1543L, 1544L, 1545L, 1546L, 1547L, 1548L, 
        1549L, 1550L, 1551L, 1552L, 1553L, 1554L, 1555L, 1556L, 
        1557L, 1558L, 1559L, 1560L, 1561L, 1562L, 1563L, 1564L, 
        1565L, 1566L, 1567L, 1568L, 1569L, 1570L, 1571L, 1572L, 
        1573L, 1574L, 1575L, 1576L, 1577L, 1578L, 1579L, 1580L, 
        1581L, 1582L, 1583L, 1584L, 1585L, 1586L, 1587L, 1588L, 
        1589L, 1590L, 1591L, 1592L, 1593L, 1594L, 1595L, 1596L, 
        1597L, 1598L, 1599L, 1600L, 1601L, 1602L, 1603L, 1604L, 
        1605L, 1606L, 1607L, 1608L, 1609L, 1610L, 1611L, 1612L, 
        1613L, 1614L, 1615L, 1616L, 1617L, 1618L, 1619L, 1620L, 
        1621L, 1622L, 1623L, 1624L, 1625L, 1626L, 1627L, 1628L, 
        1629L, 1630L, 1631L, 1632L, 1633L, 1634L, 1635L, 1636L, 
        1637L, 1638L, 1639L, 1640L, 1641L, 1642L, 1643L, 1644L, 
        1645L, 1646L, 1647L, 1648L, 1649L, 1650L, 1651L, 1652L, 
        1653L, 1654L, 1655L, 1656L, 1657L, 1658L, 1659L, 1660L, 
        1661L, 1662L, 1663L, 1664L, 1665L, 1666L, 1667L, 1668L, 
        1669L, 1670L, 1671L, 1672L, 1673L, 1674L, 1675L, 1676L, 
        1677L, 1678L, 1679L, 1680L, 1681L, 1682L, 1683L, 1684L, 
        1685L, 1686L, 1687L, 1688L, 1689L, 1690L, 1691L, 1692L, 
        1693L, 1694L, 1695L, 1696L, 1697L, 1698L, 1699L, 1700L, 
        1701L, 1702L, 1703L, 1704L, 1705L, 1706L, 1707L, 1708L, 
        1709L, 1710L, 1711L, 1712L, 1713L, 1714L, 1715L, 1716L, 
        1717L, 1718L, 1719L, 1720L, 1721L, 1722L, 1723L, 1724L, 
        1725L, 1726L, 1727L, 1728L, 1729L, 1730L, 1731L, 1732L, 
        1733L, 1734L, 1735L, 1736L, 1737L, 1738L, 1739L, 1740L, 
        1741L, 1742L, 1743L, 1744L, 1745L, 1746L, 1747L, 1748L, 
        1749L, 1750L, 1751L, 1752L, 1753L, 1754L, 1755L, 1756L, 
        1757L, 1758L, 1759L, 1760L, 1761L, 1762L, 1763L, 1764L, 
        1765L, 1766L, 1767L, 1768L, 1769L, 1770L, 1771L, 1772L, 
        1773L, 1774L, 1775L, 1776L, 1777L, 1778L, 1779L, 1780L, 
        1781L, 1782L, 1783L, 1784L, 1785L, 1786L, 1787L, 1788L, 
        1789L, 1790L, 1791L, 1792L, 1793L, 1794L, 1795L, 1796L, 
        1797L, 1798L, 1799L, 1800L, 1801L, 1802L, 1803L, 1804L, 
        1805L, 1806L, 1807L, 1808L, 1809L, 1810L, 1811L, 1812L, 
        1813L, 1814L, 1815L, 1816L, 1817L, 1818L, 1819L, 1820L, 
        1821L, 1822L, 1823L, 1824L, 1825L, 1826L, 1827L, 1828L, 
        1829L, 1830L, 1831L, 1832L, 1833L, 1834L, 1835L, 1836L, 
        1837L, 1838L, 1839L, 1840L, 1841L, 1842L, 1843L, 1844L, 
        1845L, 1846L, 1847L, 1848L, 1849L, 1850L, 1851L, 1852L, 
        1853L, 1854L, 1855L, 1856L, 1857L, 1858L, 1859L, 1860L, 
        1861L, 1862L, 1863L, 1864L, 1865L, 1866L, 1867L, 1868L, 
        1869L, 1870L, 1871L, 1872L, 1873L, 1874L, 1875L, 1876L, 
        1877L, 1878L, 1879L, 1880L, 1881L, 1882L, 1883L, 1884L, 
        1885L, 1886L, 1887L, 1888L, 1889L, 1890L, 1891L, 1892L, 
        1893L, 1894L, 1895L, 1896L, 1897L, 1898L, 1899L, 1900L, 
        1901L, 1902L, 1903L, 1904L, 1905L, 1906L, 1907L, 1908L, 
        1909L, 1910L, 1911L, 1912L, 1913L, 1914L, 1915L, 1916L, 
        1917L, 1918L, 1919L, 1920L, 1921L, 1922L, 1923L, 1924L, 
        1925L, 1926L, 1927L, 1928L, 1929L, 1930L, 1931L, 1932L, 
        1933L, 1934L, 1935L, 1936L, 1937L, 1938L, 1939L, 1940L, 
        1941L, 1942L, 1943L, 1944L, 1945L, 1946L, 1947L, 1948L, 
        1949L, 1950L, 1951L, 1952L, 1953L, 1954L, 1955L, 1956L, 
        1957L, 1958L, 1959L, 1960L, 1961L, 1962L, 1963L, 1964L, 
        1965L, 1966L, 1967L, 1968L, 1969L, 1970L, 1971L, 1972L, 
        1973L, 1974L, 1975L, 1976L, 1977L, 1978L, 1979L, 1980L, 
        1981L, 1982L, 1983L, 1984L, 1985L, 1986L, 1987L, 1988L, 
        1989L, 1990L, 1991L, 1992L, 1993L, 1994L, 1995L, 1996L, 
        1997L, 1998L, 1999L, 2000L, 2001L, 2002L, 2003L, 2004L, 
        2005L, 2006L, 2007L, 2008L, 2009L, 2010L, 2011L, 2012L, 
        2013L, 2014L, 2015L, 2016L, 2017L, 2018L, 2019L, 2020L, 
        2021L, 2022L, 2023L, 2024L, 2025L, 2026L, 2027L, 2028L, 
        2029L, 2030L, 2031L, 2032L, 2033L, 2034L, 2035L, 2036L, 
        2037L, 2038L, 2039L, 2040L, 2041L, 2042L, 2043L, 2044L, 
        2045L, 2046L, 2047L, 2048L, 2049L, 2050L, 2051L, 2052L, 
        2053L, 2054L, 2055L, 2056L, 2057L, 2058L, 2059L, 2060L, 
        2061L, 2062L, 2063L, 2064L, 2065L, 2066L, 2067L, 2068L, 
        2069L, 2070L, 2071L, 2072L, 2073L, 2074L, 2075L, 2076L, 
        2077L, 2078L, 2079L, 2080L, 2081L, 2082L, 2083L, 2084L, 
        2085L, 2086L, 2087L, 2088L, 2089L, 2090L, 2091L, 2092L, 
        2093L, 2094L, 2095L, 2096L, 2097L, 2098L, 2099L, 2100L, 
        2101L, 2102L, 2103L, 2104L, 2105L, 2106L, 2107L, 2108L, 
        2109L, 2110L, 2111L, 2112L, 2113L, 2114L, 2115L, 2116L, 
        2117L, 2118L, 2119L, 2120L, 2121L, 2122L, 2123L, 2124L, 
        2125L, 2126L, 2127L, 2128L, 2129L, 2130L, 2131L, 2132L, 
        2133L, 2134L, 2135L, 2136L, 2137L, 2138L, 2139L, 2140L, 
        2141L, 2142L, 2143L, 2144L, 2145L, 2146L, 2147L, 2148L, 
        2149L, 2150L, 2151L, 2152L, 2153L, 2154L, 2155L, 2156L, 
        2157L, 2158L, 2159L, 2160L, 2161L, 2162L, 2163L, 2164L, 
        2165L, 2166L, 2167L, 2168L, 2169L, 2170L, 2171L, 2172L, 
        2173L, 2174L, 2L, 402L, 789L, 1120L, 1413L, 1680L, 1932L, 
        3L, 403L, 790L, 1121L, 1414L, 1681L, 1933L, 4L, 404L, 
        791L, 1122L, 1415L, 1682L, 1934L, 5L, 405L, 792L, 1123L, 
        1416L, 1683L, 1935L, 6L, 406L, 793L, 1124L, 1417L, 1684L, 
        1936L, 7L, 407L, 794L, 1125L, 1418L, 1685L, 1937L, 8L, 
        408L, 9L, 409L, 795L, 1126L, 1419L, 1686L, 10L, 410L, 
        796L, 11L, 411L, 797L, 1127L, 1420L, 1687L, 1938L, 12L, 
        412L, 13L, 413L, 14L, 414L, 798L, 1128L, 1421L, 15L, 
        415L, 799L, 1129L, 1422L, 1688L, 1939L, 16L, 416L, 800L, 
        1130L, 1423L, 1689L, 1940L, 17L, 417L, 801L, 1131L, 1424L, 
        1690L, 1941L, 18L, 418L, 802L, 1132L, 1425L, 1691L, 1942L, 
        19L, 419L, 803L, 1133L, 1426L, 1692L, 1943L, 20L, 420L, 
        804L, 1134L, 1427L, 1693L, 1944L, 21L, 421L, 805L, 1135L, 
        1428L, 1694L, 1945L, 22L, 422L, 806L, 1136L, 1429L, 1695L, 
        1946L, 23L, 423L, 807L, 1137L, 1430L, 1696L, 1947L, 24L, 
        424L, 808L, 1138L, 1431L, 1697L, 1948L, 25L, 425L, 809L, 
        1139L, 1432L, 1698L, 1949L, 26L, 426L, 810L, 1140L, 1433L, 
        1699L, 1950L, 27L, 28L, 427L, 811L, 1141L, 1434L, 29L, 
        428L, 812L, 1142L, 1435L, 30L, 429L, 813L, 1143L, 1436L, 
        1700L, 1951L, 31L, 430L, 814L, 1144L, 1437L, 1701L, 1952L, 
        32L, 431L, 815L, 33L, 432L, 34L, 433L, 816L, 1145L, 1438L, 
        1702L, 1953L, 35L, 434L, 817L, 1146L, 1439L, 1703L, 1954L, 
        36L, 435L, 818L, 1147L, 1440L, 37L, 436L, 38L, 437L, 
        39L, 438L, 819L, 1148L, 1441L, 1704L, 1955L, 40L, 439L, 
        820L, 1149L, 1442L, 1705L, 1956L, 41L, 440L, 42L, 441L, 
        821L, 1150L, 43L, 442L, 822L, 1151L, 1443L, 1706L, 1957L, 
        44L, 443L, 823L, 45L, 444L, 824L, 1152L, 1444L, 1707L, 
        1958L, 46L, 445L, 825L, 1153L, 1445L, 1708L, 47L, 48L, 
        446L, 826L, 1154L, 1446L, 1709L, 1959L, 49L, 447L, 827L, 
        1155L, 1447L, 1710L, 1960L, 50L, 448L, 828L, 1156L, 1448L, 
        1711L, 1961L, 51L, 449L, 829L, 1157L, 1449L, 1712L, 1962L, 
        52L, 450L, 53L, 451L, 830L, 1158L, 1450L, 1713L, 1963L, 
        54L, 452L, 831L, 1159L, 1451L, 1714L, 1964L, 55L, 453L, 
        832L, 1160L, 1452L, 1715L, 1965L, 56L, 454L, 833L, 1161L, 
        1453L, 1716L, 1966L, 57L, 455L, 834L, 1162L, 1454L, 1717L, 
        1967L, 58L, 456L, 835L, 59L, 457L, 836L, 1163L, 1455L, 
        1718L, 1968L, 60L, 458L, 837L, 1164L, 1456L, 1719L, 1969L, 
        61L, 459L, 838L, 1165L, 1457L, 1720L, 1970L, 62L, 460L, 
        839L, 1166L, 1458L, 1721L, 1971L, 63L, 461L, 840L, 64L, 
        462L, 841L, 1167L, 1459L, 1722L, 1972L, 65L, 463L, 842L, 
        1168L, 1460L, 1723L, 1973L, 66L, 464L, 843L, 1169L, 1461L, 
        1724L, 1974L, 67L, 465L, 844L, 1170L, 1462L, 1725L, 1975L, 
        68L, 466L, 845L, 1171L, 1463L, 1726L, 1976L, 69L, 70L, 
        467L, 71L, 468L, 846L, 1172L, 1464L, 1727L, 1977L, 72L, 
        469L, 847L, 1173L, 1465L, 1728L, 1978L, 73L, 470L, 848L, 
        1174L, 1466L, 1729L, 1979L, 74L, 471L, 849L, 1175L, 1467L, 
        75L, 472L, 850L, 1176L, 1468L, 1730L, 1980L, 76L, 473L, 
        77L, 474L, 78L, 475L, 851L, 1177L, 1469L, 1731L, 1981L, 
        79L, 476L, 852L, 1178L, 1470L, 1732L, 1982L, 80L, 477L, 
        853L, 1179L, 1471L, 1733L, 1983L, 81L, 478L, 854L, 1180L, 
        1472L, 1734L, 1984L, 82L, 479L, 83L, 480L, 855L, 1181L, 
        1473L, 1735L, 1985L, 84L, 481L, 856L, 1182L, 1474L, 1736L, 
        1986L, 85L, 482L, 857L, 1183L, 1475L, 1737L, 1987L, 86L, 
        483L, 858L, 1184L, 87L, 484L, 859L, 88L, 485L, 860L, 
        1185L, 1476L, 1738L, 1988L, 89L, 486L, 90L, 487L, 861L, 
        1186L, 1477L, 1739L, 1989L, 91L, 488L, 862L, 1187L, 1478L, 
        1740L, 1990L, 92L, 489L, 863L, 1188L, 93L, 490L, 864L, 
        94L, 491L, 865L, 1189L, 1479L, 1741L, 1991L, 95L, 492L, 
        866L, 1190L, 1480L, 1742L, 1992L, 96L, 493L, 867L, 1191L, 
        1481L, 1743L, 1993L, 97L, 494L, 868L, 1192L, 1482L, 1744L, 
        1994L, 98L, 495L, 869L, 1193L, 99L, 496L, 870L, 1194L, 
        1483L, 1745L, 1995L, 100L, 497L, 101L, 498L, 871L, 1195L, 
        1484L, 1746L, 1996L, 102L, 499L, 872L, 1196L, 1485L, 
        1747L, 1997L, 103L, 500L, 873L, 1197L, 1486L, 1748L, 
        1998L, 104L, 501L, 874L, 1198L, 1487L, 1749L, 105L, 502L, 
        875L, 1199L, 1488L, 1750L, 106L, 503L, 107L, 504L, 876L, 
        1200L, 1489L, 1751L, 1999L, 108L, 505L, 877L, 1201L, 
        1490L, 1752L, 2000L, 109L, 506L, 878L, 1202L, 1491L, 
        1753L, 2001L, 110L, 507L, 879L, 1203L, 1492L, 1754L, 
        2002L, 111L, 508L, 880L, 1204L, 1493L, 1755L, 2003L, 
        112L, 509L, 881L, 1205L, 1494L, 1756L, 2004L, 113L, 510L, 
        882L, 1206L, 114L, 511L, 883L, 1207L, 1495L, 1757L, 2005L, 
        115L, 512L, 884L, 1208L, 1496L, 1758L, 2006L, 116L, 513L, 
        885L, 1209L, 1497L, 1759L, 2007L, 117L, 514L, 886L, 1210L, 
        1498L, 1760L, 118L, 515L, 887L, 1211L, 1499L, 1761L, 
        2008L, 119L, 516L, 888L, 1212L, 1500L, 1762L, 2009L, 
        120L, 517L, 121L, 518L, 122L, 519L, 123L, 520L, 124L, 
        521L, 889L, 1213L, 1501L, 1763L, 2010L, 125L, 522L, 890L, 
        1214L, 1502L, 1764L, 2011L, 126L, 523L, 891L, 1215L, 
        1503L, 1765L, 2012L, 127L, 524L, 892L, 1216L, 1504L, 
        1766L, 2013L, 128L, 525L, 893L, 1217L, 1505L, 1767L, 
        2014L, 129L, 526L, 894L, 1218L, 1506L, 1768L, 2015L, 
        130L, 527L, 131L, 528L, 895L, 1219L, 1507L, 1769L, 2016L, 
        132L, 529L, 896L, 133L, 530L, 897L, 1220L, 1508L, 134L, 
        531L, 898L, 1221L, 1509L, 1770L, 2017L, 135L, 532L, 899L, 
        136L, 533L, 137L, 534L, 138L, 535L, 900L, 1222L, 1510L, 
        1771L, 2018L, 139L, 536L, 901L, 1223L, 1511L, 1772L, 
        2019L, 140L, 141L, 537L, 902L, 142L, 538L, 903L, 1224L, 
        1512L, 1773L, 2020L, 143L, 539L, 904L, 1225L, 1513L, 
        1774L, 2021L, 144L, 540L, 905L, 1226L, 1514L, 1775L, 
        2022L, 145L, 541L, 906L, 1227L, 1515L, 1776L, 2023L, 
        146L, 542L, 147L, 543L, 907L, 148L, 544L, 908L, 1228L, 
        1516L, 1777L, 2024L, 149L, 545L, 909L, 150L, 546L, 910L, 
        1229L, 1517L, 1778L, 2025L, 151L, 547L, 911L, 152L, 548L, 
        912L, 1230L, 1518L, 1779L, 2026L, 153L, 549L, 913L, 1231L, 
        154L, 550L, 914L, 1232L, 1519L, 155L, 551L, 915L, 1233L, 
        1520L, 1780L, 2027L, 156L, 552L, 916L, 1234L, 1521L, 
        1781L, 2028L, 157L, 553L, 917L, 1235L, 158L, 554L, 918L, 
        1236L, 1522L, 1782L, 2029L, 159L, 555L, 919L, 1237L, 
        1523L, 1783L, 2030L, 160L, 556L, 920L, 1238L, 1524L, 
        1784L, 2031L, 161L, 557L, 921L, 162L, 558L, 922L, 1239L, 
        1525L, 1785L, 2032L, 163L, 559L, 923L, 1240L, 1526L, 
        1786L, 2033L, 164L, 560L, 924L, 165L, 561L, 925L, 166L, 
        562L, 926L, 1241L, 167L, 563L, 927L, 1242L, 1527L, 1787L, 
        2034L, 168L, 564L, 928L, 1243L, 1528L, 1788L, 2035L, 
        169L, 565L, 929L, 170L, 566L, 930L, 1244L, 1529L, 1789L, 
        2036L, 171L, 567L, 931L, 1245L, 1530L, 1790L, 2037L, 
        172L, 568L, 173L, 569L, 932L, 1246L, 1531L, 1791L, 2038L, 
        174L, 570L, 933L, 1247L, 1532L, 1792L, 2039L, 175L, 571L, 
        934L, 1248L, 1533L, 1793L, 2040L, 176L, 572L, 935L, 1249L, 
        1534L, 1794L, 2041L, 177L, 178L, 573L, 936L, 1250L, 1535L, 
        1795L, 2042L, 179L, 574L, 937L, 180L, 575L, 938L, 1251L, 
        1536L, 1796L, 2043L, 181L, 576L, 939L, 1252L, 1537L, 
        1797L, 2044L, 182L, 577L, 183L, 184L, 578L, 185L, 579L, 
        940L, 1253L, 1538L, 1798L, 2045L, 186L, 580L, 941L, 187L, 
        581L, 942L, 1254L, 1539L, 1799L, 2046L, 188L, 582L, 943L, 
        1255L, 1540L, 1800L, 2047L, 189L, 583L, 944L, 1256L, 
        1541L, 1801L, 2048L, 190L, 584L, 191L, 585L, 945L, 1257L, 
        1542L, 1802L, 2049L, 192L, 586L, 946L, 1258L, 1543L, 
        1803L, 2050L, 193L, 587L, 947L, 1259L, 1544L, 1804L, 
        2051L, 194L, 588L, 948L, 195L, 589L, 949L, 1260L, 1545L, 
        1805L, 2052L, 196L, 590L, 950L, 1261L, 1546L, 1806L, 
        2053L, 197L, 591L, 951L, 1262L, 1547L, 1807L, 2054L, 
        198L, 592L, 952L, 1263L, 1548L, 1808L, 2055L, 199L, 593L, 
        953L, 1264L, 1549L, 200L, 594L, 201L, 595L, 954L, 1265L, 
        1550L, 1809L, 2056L, 202L, 596L, 955L, 1266L, 1551L, 
        1810L, 2057L, 203L, 597L, 956L, 1267L, 1552L, 1811L, 
        2058L, 204L, 598L, 205L, 599L, 957L, 1268L, 1553L, 1812L, 
        2059L, 206L, 600L, 958L, 1269L, 1554L, 1813L, 2060L, 
        207L, 601L, 959L, 1270L, 208L, 602L, 960L, 1271L, 1555L, 
        1814L, 2061L, 209L, 603L, 961L, 1272L, 1556L, 1815L, 
        2062L, 210L, 604L, 962L, 1273L, 1557L, 1816L, 2063L, 
        211L, 605L, 963L, 212L, 606L, 964L, 1274L, 1558L, 1817L, 
        2064L, 213L, 607L, 965L, 1275L, 1559L, 1818L, 2065L, 
        214L, 608L, 966L, 1276L, 1560L, 1819L, 2066L, 215L, 609L, 
        967L, 1277L, 1561L, 1820L, 2067L, 216L, 610L, 968L, 1278L, 
        217L, 611L, 969L, 1279L, 1562L, 1821L, 2068L, 218L, 612L, 
        970L, 219L, 613L, 971L, 1280L, 1563L, 1822L, 2069L, 220L, 
        614L, 972L, 1281L, 1564L, 1823L, 2070L, 221L, 615L, 973L, 
        1282L, 1565L, 1824L, 2071L, 222L, 616L, 974L, 223L, 617L, 
        975L, 1283L, 224L, 618L, 976L, 1284L, 1566L, 1825L, 2072L, 
        225L, 619L, 977L, 1285L, 226L, 620L, 978L, 1286L, 1567L, 
        1826L, 227L, 621L, 979L, 1287L, 1568L, 1827L, 2073L, 
        228L, 622L, 980L, 1288L, 1569L, 1828L, 2074L, 229L, 623L, 
        981L, 1289L, 1570L, 1829L, 2075L, 230L, 624L, 982L, 1290L, 
        1571L, 1830L, 2076L, 231L, 625L, 983L, 1291L, 1572L, 
        1831L, 2077L, 232L, 626L, 233L, 627L, 984L, 234L, 628L, 
        985L, 1292L, 1573L, 235L, 236L, 629L, 986L, 1293L, 1574L, 
        1832L, 2078L, 237L, 630L, 987L, 1294L, 1575L, 1833L, 
        2079L, 238L, 631L, 988L, 1295L, 1576L, 1834L, 2080L, 
        239L, 632L, 989L, 1296L, 1577L, 1835L, 2081L, 240L, 633L, 
        990L, 1297L, 1578L, 1836L, 2082L, 241L, 634L, 242L, 635L, 
        991L, 1298L, 1579L, 1837L, 2083L, 243L, 636L, 992L, 1299L, 
        1580L, 1838L, 2084L, 244L, 245L, 637L, 993L, 1300L, 1581L, 
        1839L, 2085L, 246L, 638L, 994L, 1301L, 1582L, 1840L, 
        2086L, 247L, 639L, 995L, 1302L, 1583L, 1841L, 2087L, 
        248L, 249L, 640L, 996L, 1303L, 1584L, 1842L, 2088L, 250L, 
        251L, 641L, 252L, 642L, 997L, 1304L, 253L, 643L, 998L, 
        1305L, 1585L, 1843L, 2089L, 254L, 644L, 255L, 645L, 999L, 
        1306L, 1586L, 1844L, 2090L, 256L, 646L, 257L, 647L, 1000L, 
        1307L, 1587L, 1845L, 2091L, 258L, 648L, 259L, 649L, 1001L, 
        1308L, 1588L, 260L, 650L, 1002L, 1309L, 1589L, 261L, 
        651L, 1003L, 1310L, 1590L, 1846L, 2092L, 262L, 652L, 
        1004L, 1311L, 1591L, 1847L, 2093L, 263L, 653L, 1005L, 
        1312L, 1592L, 1848L, 2094L, 264L, 654L, 1006L, 1313L, 
        265L, 655L, 1007L, 1314L, 1593L, 1849L, 2095L, 266L, 
        656L, 1008L, 1315L, 1594L, 1850L, 2096L, 267L, 657L, 
        1009L, 1316L, 1595L, 1851L, 268L, 658L, 1010L, 1317L, 
        1596L, 1852L, 2097L, 269L, 659L, 1011L, 1318L, 1597L, 
        1853L, 2098L, 270L, 660L, 1012L, 1319L, 271L, 661L, 1013L, 
        1320L, 1598L, 1854L, 2099L, 272L, 662L, 1014L, 273L, 
        663L, 1015L, 1321L, 1599L, 1855L, 2100L, 274L, 664L, 
        1016L, 1322L, 1600L, 1856L, 2101L, 275L, 665L, 1017L, 
        1323L, 1601L, 1857L, 2102L, 276L, 666L, 1018L, 277L, 
        667L, 1019L, 1324L, 1602L, 1858L, 2103L, 278L, 668L, 
        1020L, 1325L, 1603L, 1859L, 2104L, 279L, 669L, 280L, 
        670L, 1021L, 1326L, 1604L, 1860L, 2105L, 281L, 671L, 
        1022L, 1327L, 1605L, 1861L, 2106L, 282L, 672L, 1023L, 
        1328L, 1606L, 1862L, 2107L, 283L, 284L, 673L, 1024L, 
        285L, 674L, 1025L, 1329L, 1607L, 1863L, 2108L, 286L, 
        675L, 1026L, 1330L, 1608L, 1864L, 2109L, 287L, 676L, 
        288L, 677L, 1027L, 1331L, 289L, 678L, 1028L, 290L, 679L, 
        1029L, 1332L, 1609L, 1865L, 2110L, 291L, 680L, 292L, 
        681L, 1030L, 1333L, 1610L, 1866L, 2111L, 293L, 682L, 
        1031L, 294L, 683L, 1032L, 295L, 684L, 1033L, 296L, 685L, 
        1034L, 1334L, 1611L, 1867L, 2112L, 297L, 686L, 1035L, 
        1335L, 1612L, 1868L, 2113L, 298L, 687L, 1036L, 1336L, 
        299L, 688L, 1037L, 1337L, 1613L, 300L, 689L, 1038L, 1338L, 
        1614L, 1869L, 2114L, 301L, 690L, 302L, 691L, 1039L, 1339L, 
        1615L, 1870L, 2115L, 303L, 692L, 1040L, 1340L, 1616L, 
        1871L, 2116L, 304L, 693L, 1041L, 1341L, 1617L, 305L, 
        694L, 1042L, 1342L, 1618L, 1872L, 2117L, 306L, 695L, 
        1043L, 1343L, 1619L, 1873L, 307L, 696L, 1044L, 1344L, 
        1620L, 1874L, 2118L, 308L, 697L, 1045L, 1345L, 1621L, 
        1875L, 2119L, 309L, 698L, 1046L, 1346L, 1622L, 1876L, 
        2120L, 310L, 699L, 1047L, 1347L, 1623L, 1877L, 2121L, 
        311L, 700L, 1048L, 1348L, 1624L, 1878L, 2122L, 312L, 
        701L, 1049L, 1349L, 1625L, 1879L, 2123L, 313L, 702L, 
        1050L, 1350L, 1626L, 1880L, 2124L, 314L, 703L, 315L, 
        704L, 1051L, 1351L, 1627L, 1881L, 2125L, 316L, 317L, 
        705L, 1052L, 1352L, 1628L, 1882L, 2126L, 318L, 706L, 
        1053L, 319L, 707L, 1054L, 1353L, 1629L, 1883L, 2127L, 
        320L, 708L, 1055L, 1354L, 1630L, 1884L, 2128L, 321L, 
        709L, 1056L, 1355L, 1631L, 1885L, 2129L, 322L, 710L, 
        1057L, 1356L, 1632L, 1886L, 2130L, 323L, 711L, 1058L, 
        1357L, 1633L, 1887L, 2131L, 324L, 712L, 1059L, 1358L, 
        325L, 713L, 1060L, 1359L, 1634L, 1888L, 2132L, 326L, 
        714L, 1061L, 1360L, 1635L, 1889L, 2133L, 327L, 715L, 
        328L, 716L, 1062L, 1361L, 1636L, 1890L, 2134L, 329L, 
        717L, 330L, 718L, 331L, 719L, 1063L, 1362L, 1637L, 1891L, 
        2135L, 332L, 720L, 1064L, 1363L, 1638L, 1892L, 2136L, 
        333L, 721L, 1065L, 1364L, 1639L, 1893L, 2137L, 334L, 
        722L, 335L, 723L, 1066L, 1365L, 1640L, 1894L, 2138L, 
        336L, 724L, 337L, 725L, 1067L, 1366L, 1641L, 1895L, 2139L, 
        338L, 726L, 1068L, 1367L, 1642L, 1896L, 2140L, 339L, 
        727L, 1069L, 1368L, 1643L, 1897L, 2141L, 340L, 728L, 
        1070L, 1369L, 1644L, 1898L, 2142L, 341L, 729L, 1071L, 
        1370L, 1645L, 1899L, 2143L, 342L, 730L, 343L, 731L, 1072L, 
        1371L, 1646L, 1900L, 2144L, 344L, 732L, 1073L, 1372L, 
        1647L, 1901L, 2145L, 345L, 733L, 1074L, 1373L, 1648L, 
        1902L, 2146L, 346L, 734L, 1075L, 1374L, 347L, 735L, 1076L, 
        1375L, 1649L, 1903L, 2147L, 348L, 736L, 1077L, 1376L, 
        349L, 737L, 1078L, 1377L, 1650L, 1904L, 2148L, 350L, 
        738L, 1079L, 1378L, 1651L, 1905L, 2149L, 351L, 739L, 
        1080L, 1379L, 1652L, 1906L, 2150L, 352L, 740L, 1081L, 
        353L, 741L, 1082L, 1380L, 1653L, 1907L, 2151L, 354L, 
        742L, 1083L, 1381L, 1654L, 1908L, 2152L, 355L, 743L, 
        1084L, 1382L, 1655L, 356L, 744L, 1085L, 357L, 745L, 1086L, 
        358L, 746L, 359L, 747L, 360L, 748L, 1087L, 1383L, 1656L, 
        1909L, 2153L, 361L, 362L, 749L, 1088L, 1384L, 363L, 750L, 
        364L, 751L, 1089L, 1385L, 1657L, 1910L, 2154L, 365L, 
        752L, 1090L, 366L, 753L, 1091L, 1386L, 1658L, 1911L, 
        2155L, 367L, 754L, 1092L, 1387L, 1659L, 1912L, 2156L, 
        368L, 755L, 1093L, 1388L, 369L, 756L, 1094L, 1389L, 1660L, 
        1913L, 2157L, 370L, 757L, 1095L, 1390L, 1661L, 1914L, 
        2158L, 371L, 758L, 1096L, 1391L, 1662L, 1915L, 2159L, 
        372L, 759L, 1097L, 1392L, 1663L, 1916L, 2160L, 373L, 
        760L, 1098L, 1393L, 374L, 761L, 1099L, 1394L, 1664L, 
        1917L, 2161L, 375L, 762L, 1100L, 1395L, 376L, 763L, 377L, 
        764L, 378L, 765L, 1101L, 1396L, 1665L, 1918L, 2162L, 
        379L, 766L, 1102L, 1397L, 380L, 767L, 1103L, 381L, 768L, 
        1104L, 1398L, 1666L, 1919L, 2163L, 382L, 769L, 383L, 
        770L, 1105L, 1399L, 1667L, 1920L, 2164L, 384L, 771L, 
        1106L, 1400L, 1668L, 1921L, 2165L, 385L, 772L, 1107L, 
        1401L, 1669L, 386L, 773L, 1108L, 1402L, 1670L, 1922L, 
        2166L, 387L, 774L, 388L, 775L, 1109L, 1403L, 1671L, 1923L, 
        2167L, 389L, 776L, 1110L, 1404L, 1672L, 1924L, 2168L, 
        390L, 777L, 1111L, 1405L, 1673L, 1925L, 2169L, 391L, 
        778L, 1112L, 1406L, 1674L, 1926L, 2170L, 392L, 779L, 
        1113L, 1407L, 1675L, 1927L, 2171L, 393L, 780L, 394L, 
        781L, 1114L, 1408L, 1676L, 1928L, 2172L, 395L, 782L, 
        1115L, 1409L, 1677L, 1929L, 2173L, 396L, 783L, 1116L, 
        1410L, 397L, 784L, 1117L, 398L, 785L, 399L, 786L, 400L, 
        787L, 1118L, 1411L, 1678L, 1930L, 2174L), u_mat_inds_obs_y = c(1L, 
        2175L, 2182L, 2189L, 2196L, 2203L, 2210L, 2217L, 2219L, 
        2225L, 2228L, 2235L, 2237L, 2239L, 2244L, 2251L, 2258L, 
        2265L, 2272L, 2279L, 2286L, 2293L, 2300L, 2307L, 2314L, 
        2321L, 2328L, 2329L, 2334L, 2339L, 2346L, 2353L, 2356L, 
        2358L, 2365L, 2372L, 2377L, 2379L, 2381L, 2388L, 2395L, 
        2397L, 2401L, 2408L, 2411L, 2418L, 2424L, 2425L, 2432L, 
        2439L, 2446L, 2453L, 2455L, 2462L, 2469L, 2476L, 2483L, 
        2490L, 2493L, 2500L, 2507L, 2514L, 2521L, 2524L, 2531L, 
        2538L, 2545L, 2552L, 2559L, 2560L, 2562L, 2569L, 2576L, 
        2583L, 2588L, 2595L, 2597L, 2599L, 2606L, 2613L, 2620L, 
        2627L, 2629L, 2636L, 2643L, 2650L, 2654L, 2657L, 2664L, 
        2666L, 2673L, 2680L, 2684L, 2687L, 2694L, 2701L, 2708L, 
        2715L, 2719L, 2726L, 2728L, 2735L, 2742L, 2749L, 2755L, 
        2761L, 2763L, 2770L, 2777L, 2784L, 2791L, 2798L, 2805L, 
        2809L, 2816L, 2823L, 2830L, 2836L, 2843L, 2850L, 2852L, 
        2854L, 2856L, 2858L, 2865L, 2872L, 2879L, 2886L, 2893L, 
        2900L, 2902L, 2909L, 2912L, 2917L, 2924L, 2927L, 2929L, 
        2931L, 2938L, 2945L, 2946L, 2949L, 2956L, 2963L, 2970L, 
        2977L, 2979L, 2982L, 2989L, 2992L, 2999L, 3002L, 3009L, 
        3013L, 3018L, 3025L, 3032L, 3036L, 3043L, 3050L, 3057L, 
        3060L, 3067L, 3074L, 3077L, 3080L, 3084L, 3091L, 3098L, 
        3101L, 3108L, 3115L, 3117L, 3124L, 3131L, 3138L, 3145L, 
        3146L, 3153L, 3156L, 3163L, 3170L, 3172L, 3173L, 3175L, 
        3182L, 3185L, 3192L, 3199L, 3206L, 3208L, 3215L, 3222L, 
        3229L, 3232L, 3239L, 3246L, 3253L, 3260L, 3265L, 3267L, 
        3274L, 3281L, 3288L, 3290L, 3297L, 3304L, 3308L, 3315L, 
        3322L, 3329L, 3332L, 3339L, 3346L, 3353L, 3360L, 3364L, 
        3371L, 3374L, 3381L, 3388L, 3395L, 3398L, 3402L, 3409L, 
        3413L, 3419L, 3426L, 3433L, 3440L, 3447L, 3454L, 3456L, 
        3459L, 3464L, 3465L, 3472L, 3479L, 3486L, 3493L, 3500L, 
        3502L, 3509L, 3516L, 3517L, 3524L, 3531L, 3538L, 3539L, 
        3546L, 3547L, 3549L, 3553L, 3560L, 3562L, 3569L, 3571L, 
        3578L, 3580L, 3585L, 3590L, 3597L, 3604L, 3611L, 3615L, 
        3622L, 3629L, 3635L, 3642L, 3649L, 3653L, 3660L, 3663L, 
        3670L, 3677L, 3684L, 3687L, 3694L, 3701L, 3703L, 3710L, 
        3717L, 3724L, 3725L, 3728L, 3735L, 3742L, 3744L, 3748L, 
        3751L, 3758L, 3760L, 3767L, 3770L, 3773L, 3776L, 3783L, 
        3790L, 3794L, 3799L, 3806L, 3808L, 3815L, 3822L, 3827L, 
        3834L, 3840L, 3847L, 3854L, 3861L, 3868L, 3875L, 3882L, 
        3889L, 3891L, 3898L, 3899L, 3906L, 3909L, 3916L, 3923L, 
        3930L, 3937L, 3944L, 3948L, 3955L, 3962L, 3964L, 3971L, 
        3973L, 3975L, 3982L, 3989L, 3996L, 3998L, 4005L, 4007L, 
        4014L, 4021L, 4028L, 4035L, 4042L, 4044L, 4051L, 4058L, 
        4065L, 4069L, 4076L, 4080L, 4087L, 4094L, 4101L, 4104L, 
        4111L, 4118L, 4123L, 4126L, 4129L, 4131L, 4133L, 4140L, 
        4141L, 4145L, 4147L, 4154L, 4157L, 4164L, 4171L, 4175L, 
        4182L, 4189L, 4196L, 4203L, 4207L, 4214L, 4218L, 4220L, 
        4222L, 4229L, 4233L, 4236L, 4243L, 4245L, 4252L, 4259L, 
        4264L, 4271L, 4273L, 4280L, 4287L, 4294L, 4301L, 4308L, 
        4310L, 4317L, 4324L, 4328L, 4331L, 4333L, 4335L, 4342L
        ), n_mat_inds_cens_y = c(1252L, 1252L, 401L), w_mat_inds_cens_y = c(1, 
        1, 1, 1, 1, 1, 1, 1, 1, 1, 1, 1, 1, 1, 1, 1, 1, 1, 1, 
        1, 1, 1, 1, 1, 1, 1, 1, 1, 1, 1, 1, 1, 1, 1, 1, 1, 1, 
        1, 1, 1, 1, 1, 1, 1, 1, 1, 1, 1, 1, 1, 1, 1, 1, 1, 1, 
        1, 1, 1, 1, 1, 1, 1, 1, 1, 1, 1, 1, 1, 1, 1, 1, 1, 1, 
        1, 1, 1, 1, 1, 1, 1, 1, 1, 1, 1, 1, 1, 1, 1, 1, 1, 1, 
        1, 1, 1, 1, 1, 1, 1, 1, 1, 1, 1, 1, 1, 1, 1, 1, 1, 1, 
        1, 1, 1, 1, 1, 1, 1, 1, 1, 1, 1, 1, 1, 1, 1, 1, 1, 1, 
        1, 1, 1, 1, 1, 1, 1, 1, 1, 1, 1, 1, 1, 1, 1, 1, 1, 1, 
        1, 1, 1, 1, 1, 1, 1, 1, 1, 1, 1, 1, 1, 1, 1, 1, 1, 1, 
        1, 1, 1, 1, 1, 1, 1, 1, 1, 1, 1, 1, 1, 1, 1, 1, 1, 1, 
        1, 1, 1, 1, 1, 1, 1, 1, 1, 1, 1, 1, 1, 1, 1, 1, 1, 1, 
        1, 1, 1, 1, 1, 1, 1, 1, 1, 1, 1, 1, 1, 1, 1, 1, 1, 1, 
        1, 1, 1, 1, 1, 1, 1, 1, 1, 1, 1, 1, 1, 1, 1, 1, 1, 1, 
        1, 1, 1, 1, 1, 1, 1, 1, 1, 1, 1, 1, 1, 1, 1, 1, 1, 1, 
        1, 1, 1, 1, 1, 1, 1, 1, 1, 1, 1, 1, 1, 1, 1, 1, 1, 1, 
        1, 1, 1, 1, 1, 1, 1, 1, 1, 1, 1, 1, 1, 1, 1, 1, 1, 1, 
        1, 1, 1, 1, 1, 1, 1, 1, 1, 1, 1, 1, 1, 1, 1, 1, 1, 1, 
        1, 1, 1, 1, 1, 1, 1, 1, 1, 1, 1, 1, 1, 1, 1, 1, 1, 1, 
        1, 1, 1, 1, 1, 1, 1, 1, 1, 1, 1, 1, 1, 1, 1, 1, 1, 1, 
        1, 1, 1, 1, 1, 1, 1, 1, 1, 1, 1, 1, 1, 1, 1, 1, 1, 1, 
        1, 1, 1, 1, 1, 1, 1, 1, 1, 1, 1, 1, 1, 1, 1, 1, 1, 1, 
        1, 1, 1, 1, 1, 1, 1, 1, 1, 1, 1, 1, 1, 1, 1, 1, 1, 1, 
        1, 1, 1, 1, 1, 1, 1, 1, 1, 1, 1, 1, 1, 1, 1, 1, 1, 1, 
        1, 1, 1, 1, 1, 1, 1, 1, 1, 1, 1, 1, 1, 1, 1, 1, 1, 1, 
        1, 1, 1, 1, 1, 1, 1, 1, 1, 1, 1, 1, 1, 1, 1, 1, 1, 1, 
        1, 1, 1, 1, 1, 1, 1, 1, 1, 1, 1, 1, 1, 1, 1, 1, 1, 1, 
        1, 1, 1, 1, 1, 1, 1, 1, 1, 1, 1, 1, 1, 1, 1, 1, 1, 1, 
        1, 1, 1, 1, 1, 1, 1, 1, 1, 1, 1, 1, 1, 1, 1, 1, 1, 1, 
        1, 1, 1, 1, 1, 1, 1, 1, 1, 1, 1, 1, 1, 1, 1, 1, 1, 1, 
        1, 1, 1, 1, 1, 1, 1, 1, 1, 1, 1, 1, 1, 1, 1, 1, 1, 1, 
        1, 1, 1, 1, 1, 1, 1, 1, 1, 1, 1, 1, 1, 1, 1, 1, 1, 1, 
        1, 1, 1, 1, 1, 1, 1, 1, 1, 1, 1, 1, 1, 1, 1, 1, 1, 1, 
        1, 1, 1, 1, 1, 1, 1, 1, 1, 1, 1, 1, 1, 1, 1, 1, 1, 1, 
        1, 1, 1, 1, 1, 1, 1, 1, 1, 1, 1, 1, 1, 1, 1, 1, 1, 1, 
        1, 1, 1, 1, 1, 1, 1, 1, 1, 1, 1, 1, 1, 1, 1, 1, 1, 1, 
        1, 1, 1, 1, 1, 1, 1, 1, 1, 1, 1, 1, 1, 1, 1, 1, 1, 1, 
        1, 1, 1, 1, 1, 1, 1, 1, 1, 1, 1, 1, 1, 1, 1, 1, 1, 1, 
        1, 1, 1, 1, 1, 1, 1, 1, 1, 1, 1, 1, 1, 1, 1, 1, 1, 1, 
        1, 1, 1, 1, 1, 1, 1, 1, 1, 1, 1, 1, 1, 1, 1, 1, 1, 1, 
        1, 1, 1, 1, 1, 1, 1, 1, 1, 1, 1, 1, 1, 1, 1, 1, 1, 1, 
        1, 1, 1, 1, 1, 1, 1, 1, 1, 1, 1, 1, 1, 1, 1, 1, 1, 1, 
        1, 1, 1, 1, 1, 1, 1, 1, 1, 1, 1, 1, 1, 1, 1, 1, 1, 1, 
        1, 1, 1, 1, 1, 1, 1, 1, 1, 1, 1, 1, 1, 1, 1, 1, 1, 1, 
        1, 1, 1, 1, 1, 1, 1, 1, 1, 1, 1, 1, 1, 1, 1, 1, 1, 1, 
        1, 1, 1, 1, 1, 1, 1, 1, 1, 1, 1, 1, 1, 1, 1, 1, 1, 1, 
        1, 1, 1, 1, 1, 1, 1, 1, 1, 1, 1, 1, 1, 1, 1, 1, 1, 1, 
        1, 1, 1, 1, 1, 1, 1, 1, 1, 1, 1, 1, 1, 1, 1, 1, 1, 1, 
        1, 1, 1, 1, 1, 1, 1, 1, 1, 1, 1, 1, 1, 1, 1, 1, 1, 1, 
        1, 1, 1, 1, 1, 1, 1, 1, 1, 1, 1, 1, 1, 1, 1, 1, 1, 1, 
        1, 1, 1, 1, 1, 1, 1, 1, 1, 1, 1, 1, 1, 1, 1, 1, 1, 1, 
        1, 1, 1, 1, 1, 1, 1, 1, 1, 1, 1, 1, 1, 1, 1, 1, 1, 1, 
        1, 1, 1, 1, 1, 1, 1, 1, 1, 1, 1, 1, 1, 1, 1, 1, 1, 1, 
        1, 1, 1, 1, 1, 1, 1, 1, 1, 1, 1, 1, 1, 1, 1, 1, 1, 1, 
        1, 1, 1, 1, 1, 1, 1, 1, 1, 1, 1, 1, 1, 1, 1, 1, 1, 1, 
        1, 1, 1, 1, 1, 1, 1, 1, 1, 1, 1, 1, 1, 1, 1, 1, 1, 1, 
        1, 1, 1, 1, 1, 1, 1, 1, 1, 1, 1, 1, 1, 1, 1, 1, 1, 1, 
        1, 1, 1, 1, 1, 1, 1, 1, 1, 1, 1, 1, 1, 1, 1, 1, 1, 1, 
        1, 1, 1, 1, 1, 1, 1, 1, 1, 1, 1, 1, 1, 1, 1, 1, 1, 1, 
        1, 1, 1, 1, 1, 1, 1, 1, 1, 1, 1, 1, 1, 1, 1, 1, 1, 1, 
        1, 1, 1, 1, 1, 1, 1, 1, 1, 1, 1, 1, 1, 1, 1, 1, 1, 1, 
        1, 1, 1, 1, 1, 1, 1, 1, 1, 1, 1, 1, 1, 1, 1, 1, 1, 1, 
        1, 1, 1, 1, 1, 1, 1, 1, 1, 1, 1, 1, 1, 1, 1, 1, 1, 1, 
        1, 1, 1, 1, 1, 1, 1, 1, 1, 1, 1, 1, 1, 1, 1, 1, 1, 1, 
        1, 1, 1, 1, 1, 1, 1, 1, 1, 1, 1, 1, 1, 1, 1, 1, 1, 1, 
        1, 1, 1, 1, 1, 1, 1, 1, 1, 1, 1, 1, 1, 1, 1, 1, 1, 1, 
        1, 1, 1, 1, 1, 1, 1, 1, 1, 1, 1, 1, 1, 1, 1, 1, 1, 1, 
        1, 1, 1, 1, 1, 1, 1, 1, 1, 1, 1, 1, 1, 1, 1, 1, 1, 1, 
        1, 1, 1, 1, 1, 1, 1, 1, 1, 1, 1, 1, 1, 1, 1, 1, 1, 1, 
        1, 1, 1, 1, 1, 1, 1, 1, 1, 1, 1, 1, 1, 1, 1, 1, 1, 1, 
        1, 1, 1, 1, 1, 1, 1, 1, 1), v_mat_inds_cens_y = c(1L, 
        2L, 3L, 4L, 5L, 6L, 7L, 8L, 9L, 10L, 11L, 12L, 13L, 14L, 
        15L, 16L, 17L, 18L, 19L, 20L, 21L, 22L, 23L, 24L, 25L, 
        26L, 27L, 28L, 29L, 30L, 31L, 32L, 33L, 34L, 35L, 36L, 
        37L, 38L, 39L, 40L, 41L, 42L, 43L, 44L, 45L, 46L, 47L, 
        48L, 49L, 50L, 51L, 52L, 53L, 54L, 55L, 56L, 57L, 58L, 
        59L, 60L, 61L, 62L, 63L, 64L, 65L, 66L, 67L, 68L, 69L, 
        70L, 71L, 72L, 73L, 74L, 75L, 76L, 77L, 78L, 79L, 80L, 
        81L, 82L, 83L, 84L, 85L, 86L, 87L, 88L, 89L, 90L, 91L, 
        92L, 93L, 94L, 95L, 96L, 97L, 98L, 99L, 100L, 101L, 102L, 
        103L, 104L, 105L, 106L, 107L, 108L, 109L, 110L, 111L, 
        112L, 113L, 114L, 115L, 116L, 117L, 118L, 119L, 120L, 
        121L, 122L, 123L, 124L, 125L, 126L, 127L, 128L, 129L, 
        130L, 131L, 132L, 133L, 134L, 135L, 136L, 137L, 138L, 
        139L, 140L, 141L, 142L, 143L, 144L, 145L, 146L, 147L, 
        148L, 149L, 150L, 151L, 152L, 153L, 154L, 155L, 156L, 
        157L, 158L, 159L, 160L, 161L, 162L, 163L, 164L, 165L, 
        166L, 167L, 168L, 169L, 170L, 171L, 172L, 173L, 174L, 
        175L, 176L, 177L, 178L, 179L, 180L, 181L, 182L, 183L, 
        184L, 185L, 186L, 187L, 188L, 189L, 190L, 191L, 192L, 
        193L, 194L, 195L, 196L, 197L, 198L, 199L, 200L, 201L, 
        202L, 203L, 204L, 205L, 206L, 207L, 208L, 209L, 210L, 
        211L, 212L, 213L, 214L, 215L, 216L, 217L, 218L, 219L, 
        220L, 221L, 222L, 223L, 224L, 225L, 226L, 227L, 228L, 
        229L, 230L, 231L, 232L, 233L, 234L, 235L, 236L, 237L, 
        238L, 239L, 240L, 241L, 242L, 243L, 244L, 245L, 246L, 
        247L, 248L, 249L, 250L, 251L, 252L, 253L, 254L, 255L, 
        256L, 257L, 258L, 259L, 260L, 261L, 262L, 263L, 264L, 
        265L, 266L, 267L, 268L, 269L, 270L, 271L, 272L, 273L, 
        274L, 275L, 276L, 277L, 278L, 279L, 280L, 281L, 282L, 
        283L, 284L, 285L, 286L, 287L, 288L, 289L, 290L, 291L, 
        292L, 293L, 294L, 295L, 296L, 297L, 298L, 299L, 300L, 
        301L, 302L, 303L, 304L, 305L, 306L, 307L, 308L, 309L, 
        310L, 311L, 312L, 313L, 314L, 315L, 316L, 317L, 318L, 
        319L, 320L, 321L, 322L, 323L, 324L, 325L, 326L, 327L, 
        328L, 329L, 330L, 331L, 332L, 333L, 334L, 335L, 336L, 
        337L, 338L, 339L, 340L, 341L, 342L, 343L, 344L, 345L, 
        346L, 347L, 348L, 349L, 350L, 351L, 352L, 353L, 354L, 
        355L, 356L, 357L, 358L, 359L, 360L, 361L, 362L, 363L, 
        364L, 365L, 366L, 367L, 368L, 369L, 370L, 371L, 372L, 
        373L, 374L, 375L, 376L, 377L, 378L, 379L, 380L, 381L, 
        382L, 383L, 384L, 385L, 386L, 387L, 388L, 389L, 390L, 
        391L, 392L, 393L, 394L, 395L, 396L, 397L, 398L, 399L, 
        400L, 401L, 402L, 403L, 404L, 405L, 406L, 407L, 408L, 
        409L, 410L, 411L, 412L, 413L, 414L, 415L, 416L, 417L, 
        418L, 419L, 420L, 421L, 422L, 423L, 424L, 425L, 426L, 
        427L, 428L, 429L, 430L, 431L, 432L, 433L, 434L, 435L, 
        436L, 437L, 438L, 439L, 440L, 441L, 442L, 443L, 444L, 
        445L, 446L, 447L, 448L, 449L, 450L, 451L, 452L, 453L, 
        454L, 455L, 456L, 457L, 458L, 459L, 460L, 461L, 462L, 
        463L, 464L, 465L, 466L, 467L, 468L, 469L, 470L, 471L, 
        472L, 473L, 474L, 475L, 476L, 477L, 478L, 479L, 480L, 
        481L, 482L, 483L, 484L, 485L, 486L, 487L, 488L, 489L, 
        490L, 491L, 492L, 493L, 494L, 495L, 496L, 497L, 498L, 
        499L, 500L, 501L, 502L, 503L, 504L, 505L, 506L, 507L, 
        508L, 509L, 510L, 511L, 512L, 513L, 514L, 515L, 516L, 
        517L, 518L, 519L, 520L, 521L, 522L, 523L, 524L, 525L, 
        526L, 527L, 528L, 529L, 530L, 531L, 532L, 533L, 534L, 
        535L, 536L, 537L, 538L, 539L, 540L, 541L, 542L, 543L, 
        544L, 545L, 546L, 547L, 548L, 549L, 550L, 551L, 552L, 
        553L, 554L, 555L, 556L, 557L, 558L, 559L, 560L, 561L, 
        562L, 563L, 564L, 565L, 566L, 567L, 568L, 569L, 570L, 
        571L, 572L, 573L, 574L, 575L, 576L, 577L, 578L, 579L, 
        580L, 581L, 582L, 583L, 584L, 585L, 586L, 587L, 588L, 
        589L, 590L, 591L, 592L, 593L, 594L, 595L, 596L, 597L, 
        598L, 599L, 600L, 601L, 602L, 603L, 604L, 605L, 606L, 
        607L, 608L, 609L, 610L, 611L, 612L, 613L, 614L, 615L, 
        616L, 617L, 618L, 619L, 620L, 621L, 622L, 623L, 624L, 
        625L, 626L, 14L, 83L, 190L, 323L, 471L, 472L, 84L, 191L, 
        324L, 473L, 15L, 85L, 192L, 325L, 474L, 16L, 86L, 193L, 
        326L, 475L, 327L, 476L, 1L, 17L, 87L, 194L, 328L, 477L, 
        329L, 478L, 330L, 479L, 88L, 195L, 331L, 480L, 18L, 89L, 
        196L, 332L, 481L, 333L, 482L, 19L, 90L, 197L, 334L, 483L, 
        20L, 91L, 198L, 335L, 484L, 21L, 92L, 199L, 336L, 485L, 
        200L, 337L, 486L, 93L, 201L, 338L, 487L, 488L, 2L, 22L, 
        94L, 202L, 339L, 489L, 23L, 95L, 203L, 340L, 490L, 96L, 
        204L, 341L, 491L, 97L, 205L, 342L, 492L, 3L, 24L, 98L, 
        206L, 343L, 493L, 25L, 99L, 207L, 344L, 494L, 345L, 495L, 
        26L, 100L, 208L, 346L, 496L, 27L, 101L, 209L, 347L, 497L, 
        28L, 102L, 210L, 348L, 498L, 211L, 349L, 499L, 103L, 
        212L, 350L, 500L, 29L, 104L, 213L, 351L, 501L, 214L, 
        352L, 502L, 105L, 215L, 353L, 503L, 216L, 354L, 504L, 
        30L, 106L, 217L, 355L, 505L, 506L, 507L, 31L, 107L, 218L, 
        356L, 508L, 219L, 357L, 509L, 510L, 32L, 108L, 220L, 
        358L, 511L, 33L, 109L, 221L, 359L, 512L, 34L, 110L, 222L, 
        360L, 513L, 35L, 111L, 223L, 361L, 514L, 36L, 112L, 224L, 
        362L, 515L, 113L, 225L, 363L, 516L, 364L, 517L, 114L, 
        226L, 365L, 518L, 37L, 115L, 227L, 366L, 519L, 38L, 116L, 
        228L, 367L, 520L, 4L, 39L, 117L, 229L, 368L, 521L, 118L, 
        230L, 369L, 522L, 40L, 119L, 231L, 370L, 523L, 120L, 
        232L, 371L, 524L, 121L, 233L, 372L, 525L, 122L, 234L, 
        373L, 526L, 235L, 374L, 527L, 375L, 528L, 236L, 376L, 
        529L, 123L, 237L, 377L, 530L, 124L, 238L, 378L, 531L, 
        125L, 239L, 379L, 532L, 240L, 380L, 533L, 126L, 241L, 
        381L, 534L, 41L, 127L, 242L, 382L, 535L, 5L, 42L, 128L, 
        243L, 383L, 536L, 129L, 244L, 384L, 537L, 43L, 130L, 
        245L, 385L, 538L, 6L, 44L, 131L, 246L, 386L, 539L, 45L, 
        132L, 247L, 387L, 540L, 133L, 248L, 388L, 541L, 46L, 
        134L, 249L, 389L, 542L, 135L, 250L, 390L, 543L, 391L, 
        544L, 47L, 136L, 251L, 392L, 545L, 48L, 137L, 252L, 393L, 
        546L, 253L, 394L, 547L, 138L, 254L, 395L, 548L, 255L, 
        396L, 549L, 139L, 256L, 397L, 550L, 140L, 257L, 398L, 
        551L, 258L, 399L, 552L, 259L, 400L, 553L, 554L, 49L, 
        141L, 260L, 401L, 555L, 142L, 261L, 402L, 556L, 403L, 
        557L, 7L, 50L, 143L, 262L, 404L, 558L, 51L, 144L, 263L, 
        405L, 559L, 8L, 52L, 145L, 264L, 406L, 560L, 9L, 53L, 
        146L, 265L, 407L, 561L, 10L, 54L, 147L, 266L, 408L, 562L, 
        55L, 148L, 267L, 409L, 563L, 268L, 410L, 564L, 56L, 149L, 
        269L, 411L, 565L, 57L, 150L, 270L, 412L, 566L, 58L, 151L, 
        271L, 413L, 567L, 414L, 568L, 415L, 569L, 272L, 416L, 
        570L, 571L, 273L, 417L, 572L, 152L, 274L, 418L, 573L, 
        153L, 275L, 419L, 574L, 59L, 154L, 276L, 420L, 575L, 
        11L, 60L, 155L, 277L, 421L, 576L, 156L, 278L, 422L, 577L, 
        61L, 157L, 279L, 423L, 578L, 280L, 424L, 579L, 158L, 
        281L, 425L, 580L, 62L, 159L, 282L, 426L, 581L, 160L, 
        283L, 427L, 582L, 161L, 284L, 428L, 583L, 162L, 285L, 
        429L, 584L, 286L, 430L, 585L, 431L, 586L, 63L, 163L, 
        287L, 432L, 587L, 433L, 588L, 589L, 64L, 164L, 288L, 
        434L, 590L, 12L, 65L, 165L, 289L, 435L, 591L, 166L, 290L, 
        436L, 592L, 291L, 437L, 593L, 66L, 167L, 292L, 438L, 
        594L, 67L, 168L, 293L, 439L, 595L, 68L, 169L, 294L, 440L, 
        596L, 69L, 170L, 295L, 441L, 597L, 70L, 171L, 296L, 442L, 
        598L, 71L, 172L, 297L, 443L, 599L, 298L, 444L, 600L, 
        299L, 445L, 601L, 173L, 300L, 446L, 602L, 447L, 603L, 
        174L, 301L, 448L, 604L, 175L, 302L, 449L, 605L, 72L, 
        176L, 303L, 450L, 606L, 73L, 177L, 304L, 451L, 607L, 
        13L, 74L, 178L, 305L, 452L, 608L, 306L, 453L, 609L, 75L, 
        179L, 307L, 454L, 610L, 180L, 308L, 455L, 611L, 309L, 
        456L, 612L, 310L, 457L, 613L, 311L, 458L, 614L, 76L, 
        181L, 312L, 459L, 615L, 77L, 182L, 313L, 460L, 616L, 
        314L, 461L, 617L, 183L, 315L, 462L, 618L, 78L, 184L, 
        316L, 463L, 619L, 464L, 620L, 79L, 185L, 317L, 465L, 
        621L, 80L, 186L, 318L, 466L, 622L, 319L, 467L, 623L, 
        187L, 320L, 468L, 624L, 81L, 188L, 321L, 469L, 625L, 
        82L, 189L, 322L, 470L, 626L), u_mat_inds_cens_y = c(1L, 
        627L, 627L, 627L, 627L, 627L, 627L, 627L, 632L, 633L, 
        637L, 637L, 642L, 647L, 649L, 649L, 649L, 649L, 649L, 
        649L, 649L, 649L, 649L, 649L, 649L, 649L, 649L, 655L, 
        657L, 659L, 659L, 659L, 663L, 668L, 668L, 668L, 670L, 
        675L, 680L, 680L, 680L, 685L, 688L, 688L, 692L, 692L, 
        693L, 699L, 699L, 699L, 699L, 699L, 704L, 704L, 704L, 
        704L, 704L, 704L, 708L, 708L, 708L, 708L, 708L, 712L, 
        712L, 712L, 712L, 712L, 712L, 718L, 723L, 723L, 723L, 
        723L, 725L, 725L, 730L, 735L, 735L, 735L, 735L, 735L, 
        740L, 740L, 740L, 740L, 743L, 747L, 747L, 752L, 752L, 
        752L, 755L, 759L, 759L, 759L, 759L, 759L, 762L, 762L, 
        767L, 767L, 767L, 767L, 768L, 769L, 774L, 774L, 774L, 
        774L, 774L, 774L, 774L, 777L, 777L, 777L, 777L, 778L, 
        778L, 778L, 783L, 788L, 793L, 798L, 798L, 798L, 798L, 
        798L, 798L, 798L, 803L, 803L, 807L, 809L, 809L, 813L, 
        818L, 823L, 823L, 823L, 829L, 833L, 833L, 833L, 833L, 
        833L, 838L, 842L, 842L, 846L, 846L, 850L, 850L, 853L, 
        855L, 855L, 855L, 858L, 858L, 858L, 858L, 862L, 862L, 
        862L, 866L, 870L, 873L, 873L, 873L, 877L, 877L, 877L, 
        882L, 882L, 882L, 882L, 882L, 888L, 888L, 892L, 892L, 
        892L, 897L, 903L, 908L, 908L, 912L, 912L, 912L, 912L, 
        917L, 917L, 917L, 917L, 921L, 921L, 921L, 921L, 921L, 
        923L, 928L, 928L, 928L, 928L, 933L, 933L, 933L, 936L, 
        936L, 936L, 936L, 940L, 940L, 940L, 940L, 940L, 943L, 
        943L, 947L, 947L, 947L, 947L, 951L, 954L, 954L, 957L, 
        958L, 958L, 958L, 958L, 958L, 958L, 963L, 967L, 969L, 
        975L, 975L, 975L, 975L, 975L, 975L, 980L, 980L, 980L, 
        986L, 986L, 986L, 986L, 992L, 992L, 998L, 1003L, 1006L, 
        1006L, 1011L, 1011L, 1016L, 1016L, 1021L, 1023L, 1025L, 
        1025L, 1025L, 1025L, 1028L, 1028L, 1028L, 1029L, 1029L, 
        1029L, 1032L, 1032L, 1036L, 1036L, 1036L, 1036L, 1040L, 
        1040L, 1040L, 1045L, 1045L, 1045L, 1045L, 1051L, 1055L, 
        1055L, 1055L, 1060L, 1063L, 1067L, 1067L, 1072L, 1072L, 
        1076L, 1080L, 1084L, 1084L, 1084L, 1087L, 1089L, 1089L, 
        1094L, 1094L, 1094L, 1096L, 1096L, 1097L, 1097L, 1097L, 
        1097L, 1097L, 1097L, 1097L, 1097L, 1102L, 1102L, 1108L, 
        1108L, 1112L, 1112L, 1112L, 1112L, 1112L, 1112L, 1115L, 
        1115L, 1115L, 1120L, 1120L, 1125L, 1130L, 1130L, 1130L, 
        1130L, 1135L, 1135L, 1140L, 1140L, 1140L, 1140L, 1140L, 
        1140L, 1145L, 1145L, 1145L, 1145L, 1148L, 1148L, 1151L, 
        1151L, 1151L, 1151L, 1155L, 1155L, 1155L, 1157L, 1161L, 
        1165L, 1170L, 1175L, 1175L, 1181L, 1184L, 1189L, 1189L, 
        1193L, 1193L, 1193L, 1196L, 1196L, 1196L, 1196L, 1196L, 
        1199L, 1199L, 1202L, 1207L, 1212L, 1212L, 1215L, 1219L, 
        1219L, 1224L, 1224L, 1224L, 1226L, 1226L, 1231L, 1231L, 
        1231L, 1231L, 1231L, 1231L, 1236L, 1236L, 1236L, 1239L, 
        1243L, 1248L, 1253L, 1253L), n_mat_inds_all_y = c(5593L, 
        5593L, 401L), w_mat_inds_all_y = c(1, 1, 1, 1, 1, 1, 
        1, 1, 1, 1, 1, 1, 1, 1, 1, 1, 1, 1, 1, 1, 1, 1, 1, 1, 
        1, 1, 1, 1, 1, 1, 1, 1, 1, 1, 1, 1, 1, 1, 1, 1, 1, 1, 
        1, 1, 1, 1, 1, 1, 1, 1, 1, 1, 1, 1, 1, 1, 1, 1, 1, 1, 
        1, 1, 1, 1, 1, 1, 1, 1, 1, 1, 1, 1, 1, 1, 1, 1, 1, 1, 
        1, 1, 1, 1, 1, 1, 1, 1, 1, 1, 1, 1, 1, 1, 1, 1, 1, 1, 
        1, 1, 1, 1, 1, 1, 1, 1, 1, 1, 1, 1, 1, 1, 1, 1, 1, 1, 
        1, 1, 1, 1, 1, 1, 1, 1, 1, 1, 1, 1, 1, 1, 1, 1, 1, 1, 
        1, 1, 1, 1, 1, 1, 1, 1, 1, 1, 1, 1, 1, 1, 1, 1, 1, 1, 
        1, 1, 1, 1, 1, 1, 1, 1, 1, 1, 1, 1, 1, 1, 1, 1, 1, 1, 
        1, 1, 1, 1, 1, 1, 1, 1, 1, 1, 1, 1, 1, 1, 1, 1, 1, 1, 
        1, 1, 1, 1, 1, 1, 1, 1, 1, 1, 1, 1, 1, 1, 1, 1, 1, 1, 
        1, 1, 1, 1, 1, 1, 1, 1, 1, 1, 1, 1, 1, 1, 1, 1, 1, 1, 
        1, 1, 1, 1, 1, 1, 1, 1, 1, 1, 1, 1, 1, 1, 1, 1, 1, 1, 
        1, 1, 1, 1, 1, 1, 1, 1, 1, 1, 1, 1, 1, 1, 1, 1, 1, 1, 
        1, 1, 1, 1, 1, 1, 1, 1, 1, 1, 1, 1, 1, 1, 1, 1, 1, 1, 
        1, 1, 1, 1, 1, 1, 1, 1, 1, 1, 1, 1, 1, 1, 1, 1, 1, 1, 
        1, 1, 1, 1, 1, 1, 1, 1, 1, 1, 1, 1, 1, 1, 1, 1, 1, 1, 
        1, 1, 1, 1, 1, 1, 1, 1, 1, 1, 1, 1, 1, 1, 1, 1, 1, 1, 
        1, 1, 1, 1, 1, 1, 1, 1, 1, 1, 1, 1, 1, 1, 1, 1, 1, 1, 
        1, 1, 1, 1, 1, 1, 1, 1, 1, 1, 1, 1, 1, 1, 1, 1, 1, 1, 
        1, 1, 1, 1, 1, 1, 1, 1, 1, 1, 1, 1, 1, 1, 1, 1, 1, 1, 
        1, 1, 1, 1, 1, 1, 1, 1, 1, 1, 1, 1, 1, 1, 1, 1, 1, 1, 
        1, 1, 1, 1, 1, 1, 1, 1, 1, 1, 1, 1, 1, 1, 1, 1, 1, 1, 
        1, 1, 1, 1, 1, 1, 1, 1, 1, 1, 1, 1, 1, 1, 1, 1, 1, 1, 
        1, 1, 1, 1, 1, 1, 1, 1, 1, 1, 1, 1, 1, 1, 1, 1, 1, 1, 
        1, 1, 1, 1, 1, 1, 1, 1, 1, 1, 1, 1, 1, 1, 1, 1, 1, 1, 
        1, 1, 1, 1, 1, 1, 1, 1, 1, 1, 1, 1, 1, 1, 1, 1, 1, 1, 
        1, 1, 1, 1, 1, 1, 1, 1, 1, 1, 1, 1, 1, 1, 1, 1, 1, 1, 
        1, 1, 1, 1, 1, 1, 1, 1, 1, 1, 1, 1, 1, 1, 1, 1, 1, 1, 
        1, 1, 1, 1, 1, 1, 1, 1, 1, 1, 1, 1, 1, 1, 1, 1, 1, 1, 
        1, 1, 1, 1, 1, 1, 1, 1, 1, 1, 1, 1, 1, 1, 1, 1, 1, 1, 
        1, 1, 1, 1, 1, 1, 1, 1, 1, 1, 1, 1, 1, 1, 1, 1, 1, 1, 
        1, 1, 1, 1, 1, 1, 1, 1, 1, 1, 1, 1, 1, 1, 1, 1, 1, 1, 
        1, 1, 1, 1, 1, 1, 1, 1, 1, 1, 1, 1, 1, 1, 1, 1, 1, 1, 
        1, 1, 1, 1, 1, 1, 1, 1, 1, 1, 1, 1, 1, 1, 1, 1, 1, 1, 
        1, 1, 1, 1, 1, 1, 1, 1, 1, 1, 1, 1, 1, 1, 1, 1, 1, 1, 
        1, 1, 1, 1, 1, 1, 1, 1, 1, 1, 1, 1, 1, 1, 1, 1, 1, 1, 
        1, 1, 1, 1, 1, 1, 1, 1, 1, 1, 1, 1, 1, 1, 1, 1, 1, 1, 
        1, 1, 1, 1, 1, 1, 1, 1, 1, 1, 1, 1, 1, 1, 1, 1, 1, 1, 
        1, 1, 1, 1, 1, 1, 1, 1, 1, 1, 1, 1, 1, 1, 1, 1, 1, 1, 
        1, 1, 1, 1, 1, 1, 1, 1, 1, 1, 1, 1, 1, 1, 1, 1, 1, 1, 
        1, 1, 1, 1, 1, 1, 1, 1, 1, 1, 1, 1, 1, 1, 1, 1, 1, 1, 
        1, 1, 1, 1, 1, 1, 1, 1, 1, 1, 1, 1, 1, 1, 1, 1, 1, 1, 
        1, 1, 1, 1, 1, 1, 1, 1, 1, 1, 1, 1, 1, 1, 1, 1, 1, 1, 
        1, 1, 1, 1, 1, 1, 1, 1, 1, 1, 1, 1, 1, 1, 1, 1, 1, 1, 
        1, 1, 1, 1, 1, 1, 1, 1, 1, 1, 1, 1, 1, 1, 1, 1, 1, 1, 
        1, 1, 1, 1, 1, 1, 1, 1, 1, 1, 1, 1, 1, 1, 1, 1, 1, 1, 
        1, 1, 1, 1, 1, 1, 1, 1, 1, 1, 1, 1, 1, 1, 1, 1, 1, 1, 
        1, 1, 1, 1, 1, 1, 1, 1, 1, 1, 1, 1, 1, 1, 1, 1, 1, 1, 
        1, 1, 1, 1, 1, 1, 1, 1, 1, 1, 1, 1, 1, 1, 1, 1, 1, 1, 
        1, 1, 1, 1, 1, 1, 1, 1, 1, 1, 1, 1, 1, 1, 1, 1, 1, 1, 
        1, 1, 1, 1, 1, 1, 1, 1, 1, 1, 1, 1, 1, 1, 1, 1, 1, 1, 
        1, 1, 1, 1, 1, 1, 1, 1, 1, 1, 1, 1, 1, 1, 1, 1, 1, 1, 
        1, 1, 1, 1, 1, 1, 1, 1, 1, 1, 1, 1, 1, 1, 1, 1, 1, 1, 
        1, 1, 1, 1, 1, 1, 1, 1, 1, 1, 1, 1, 1, 1, 1, 1, 1, 1, 
        1, 1, 1, 1, 1, 1, 1, 1, 1, 1, 1, 1, 1, 1, 1, 1, 1, 1, 
        1, 1, 1, 1, 1, 1, 1, 1, 1, 1, 1, 1, 1, 1, 1, 1, 1, 1, 
        1, 1, 1, 1, 1, 1, 1, 1, 1, 1, 1, 1, 1, 1, 1, 1, 1, 1, 
        1, 1, 1, 1, 1, 1, 1, 1, 1, 1, 1, 1, 1, 1, 1, 1, 1, 1, 
        1, 1, 1, 1, 1, 1, 1, 1, 1, 1, 1, 1, 1, 1, 1, 1, 1, 1, 
        1, 1, 1, 1, 1, 1, 1, 1, 1, 1, 1, 1, 1, 1, 1, 1, 1, 1, 
        1, 1, 1, 1, 1, 1, 1, 1, 1, 1, 1, 1, 1, 1, 1, 1, 1, 1, 
        1, 1, 1, 1, 1, 1, 1, 1, 1, 1, 1, 1, 1, 1, 1, 1, 1, 1, 
        1, 1, 1, 1, 1, 1, 1, 1, 1, 1, 1, 1, 1, 1, 1, 1, 1, 1, 
        1, 1, 1, 1, 1, 1, 1, 1, 1, 1, 1, 1, 1, 1, 1, 1, 1, 1, 
        1, 1, 1, 1, 1, 1, 1, 1, 1, 1, 1, 1, 1, 1, 1, 1, 1, 1, 
        1, 1, 1, 1, 1, 1, 1, 1, 1, 1, 1, 1, 1, 1, 1, 1, 1, 1, 
        1, 1, 1, 1, 1, 1, 1, 1, 1, 1, 1, 1, 1, 1, 1, 1, 1, 1, 
        1, 1, 1, 1, 1, 1, 1, 1, 1, 1, 1, 1, 1, 1, 1, 1, 1, 1, 
        1, 1, 1, 1, 1, 1, 1, 1, 1, 1, 1, 1, 1, 1, 1, 1, 1, 1, 
        1, 1, 1, 1, 1, 1, 1, 1, 1, 1, 1, 1, 1, 1, 1, 1, 1, 1, 
        1, 1, 1, 1, 1, 1, 1, 1, 1, 1, 1, 1, 1, 1, 1, 1, 1, 1, 
        1, 1, 1, 1, 1, 1, 1, 1, 1, 1, 1, 1, 1, 1, 1, 1, 1, 1, 
        1, 1, 1, 1, 1, 1, 1, 1, 1, 1, 1, 1, 1, 1, 1, 1, 1, 1, 
        1, 1, 1, 1, 1, 1, 1, 1, 1, 1, 1, 1, 1, 1, 1, 1, 1, 1, 
        1, 1, 1, 1, 1, 1, 1, 1, 1, 1, 1, 1, 1, 1, 1, 1, 1, 1, 
        1, 1, 1, 1, 1, 1, 1, 1, 1, 1, 1, 1, 1, 1, 1, 1, 1, 1, 
        1, 1, 1, 1, 1, 1, 1, 1, 1, 1, 1, 1, 1, 1, 1, 1, 1, 1, 
        1, 1, 1, 1, 1, 1, 1, 1, 1, 1, 1, 1, 1, 1, 1, 1, 1, 1, 
        1, 1, 1, 1, 1, 1, 1, 1, 1, 1, 1, 1, 1, 1, 1, 1, 1, 1, 
        1, 1, 1, 1, 1, 1, 1, 1, 1, 1, 1, 1, 1, 1, 1, 1, 1, 1, 
        1, 1, 1, 1, 1, 1, 1, 1, 1, 1, 1, 1, 1, 1, 1, 1, 1, 1, 
        1, 1, 1, 1, 1, 1, 1, 1, 1, 1, 1, 1, 1, 1, 1, 1, 1, 1, 
        1, 1, 1, 1, 1, 1, 1, 1, 1, 1, 1, 1, 1, 1, 1, 1, 1, 1, 
        1, 1, 1, 1, 1, 1, 1, 1, 1, 1, 1, 1, 1, 1, 1, 1, 1, 1, 
        1, 1, 1, 1, 1, 1, 1, 1, 1, 1, 1, 1, 1, 1, 1, 1, 1, 1, 
        1, 1, 1, 1, 1, 1, 1, 1, 1, 1, 1, 1, 1, 1, 1, 1, 1, 1, 
        1, 1, 1, 1, 1, 1, 1, 1, 1, 1, 1, 1, 1, 1, 1, 1, 1, 1, 
        1, 1, 1, 1, 1, 1, 1, 1, 1, 1, 1, 1, 1, 1, 1, 1, 1, 1, 
        1, 1, 1, 1, 1, 1, 1, 1, 1, 1, 1, 1, 1, 1, 1, 1, 1, 1, 
        1, 1, 1, 1, 1, 1, 1, 1, 1, 1, 1, 1, 1, 1, 1, 1, 1, 1, 
        1, 1, 1, 1, 1, 1, 1, 1, 1, 1, 1, 1, 1, 1, 1, 1, 1, 1, 
        1, 1, 1, 1, 1, 1, 1, 1, 1, 1, 1, 1, 1, 1, 1, 1, 1, 1, 
        1, 1, 1, 1, 1, 1, 1, 1, 1, 1, 1, 1, 1, 1, 1, 1, 1, 1, 
        1, 1, 1, 1, 1, 1, 1, 1, 1, 1, 1, 1, 1, 1, 1, 1, 1, 1, 
        1, 1, 1, 1, 1, 1, 1, 1, 1, 1, 1, 1, 1, 1, 1, 1, 1, 1, 
        1, 1, 1, 1, 1, 1, 1, 1, 1, 1, 1, 1, 1, 1, 1, 1, 1, 1, 
        1, 1, 1, 1, 1, 1, 1, 1, 1, 1, 1, 1, 1, 1, 1, 1, 1, 1, 
        1, 1, 1, 1, 1, 1, 1, 1, 1, 1, 1, 1, 1, 1, 1, 1, 1, 1, 
        1, 1, 1, 1, 1, 1, 1, 1, 1, 1, 1, 1, 1, 1, 1, 1, 1, 1, 
        1, 1, 1, 1, 1, 1, 1, 1, 1, 1, 1, 1, 1, 1, 1, 1, 1, 1, 
        1, 1, 1, 1, 1, 1, 1, 1, 1, 1, 1, 1, 1, 1, 1, 1, 1, 1, 
        1, 1, 1, 1, 1, 1, 1, 1, 1, 1, 1, 1, 1, 1, 1, 1, 1, 1, 
        1, 1, 1, 1, 1, 1, 1, 1, 1, 1, 1, 1, 1, 1, 1, 1, 1, 1, 
        1, 1, 1, 1, 1, 1, 1, 1, 1, 1, 1, 1, 1, 1, 1, 1, 1, 1, 
        1, 1, 1, 1, 1, 1, 1, 1, 1, 1, 1, 1, 1, 1, 1, 1, 1, 1, 
        1, 1, 1, 1, 1, 1, 1, 1, 1, 1, 1, 1, 1, 1, 1, 1, 1, 1, 
        1, 1, 1, 1, 1, 1, 1, 1, 1, 1, 1, 1, 1, 1, 1, 1, 1, 1, 
        1, 1, 1, 1, 1, 1, 1, 1, 1, 1, 1, 1, 1, 1, 1, 1, 1, 1, 
        1, 1, 1, 1, 1, 1, 1, 1, 1, 1, 1, 1, 1, 1, 1, 1, 1, 1, 
        1, 1, 1, 1, 1, 1, 1, 1, 1, 1, 1, 1, 1, 1, 1, 1, 1, 1, 
        1, 1, 1, 1, 1, 1, 1, 1, 1, 1, 1, 1, 1, 1, 1, 1, 1, 1, 
        1, 1, 1, 1, 1, 1, 1, 1, 1, 1, 1, 1, 1, 1, 1, 1, 1, 1, 
        1, 1, 1, 1, 1, 1, 1, 1, 1, 1, 1, 1, 1, 1, 1, 1, 1, 1, 
        1, 1, 1, 1, 1, 1, 1, 1, 1, 1, 1, 1, 1, 1, 1, 1, 1, 1, 
        1, 1, 1, 1, 1, 1, 1, 1, 1, 1, 1, 1, 1, 1, 1, 1, 1, 1, 
        1, 1, 1, 1, 1, 1, 1, 1, 1, 1, 1, 1, 1, 1, 1, 1, 1, 1, 
        1, 1, 1, 1, 1, 1, 1, 1, 1, 1, 1, 1, 1, 1, 1, 1, 1, 1, 
        1, 1, 1, 1, 1, 1, 1, 1, 1, 1, 1, 1, 1, 1, 1, 1, 1, 1, 
        1, 1, 1, 1, 1, 1, 1, 1, 1, 1, 1, 1, 1, 1, 1, 1, 1, 1, 
        1, 1, 1, 1, 1, 1, 1, 1, 1, 1, 1, 1, 1, 1, 1, 1, 1, 1, 
        1, 1, 1, 1, 1, 1, 1, 1, 1, 1, 1, 1, 1, 1, 1, 1, 1, 1, 
        1, 1, 1, 1, 1, 1, 1, 1, 1, 1, 1, 1, 1, 1, 1, 1, 1, 1, 
        1, 1, 1, 1, 1, 1, 1, 1, 1, 1, 1, 1, 1, 1, 1, 1, 1, 1, 
        1, 1, 1, 1, 1, 1, 1, 1, 1, 1, 1, 1, 1, 1, 1, 1, 1, 1, 
        1, 1, 1, 1, 1, 1, 1, 1, 1, 1, 1, 1, 1, 1, 1, 1, 1, 1, 
        1, 1, 1, 1, 1, 1, 1, 1, 1, 1, 1, 1, 1, 1, 1, 1, 1, 1, 
        1, 1, 1, 1, 1, 1, 1, 1, 1, 1, 1, 1, 1, 1, 1, 1, 1, 1, 
        1, 1, 1, 1, 1, 1, 1, 1, 1, 1, 1, 1, 1, 1, 1, 1, 1, 1, 
        1, 1, 1, 1, 1, 1, 1, 1, 1, 1, 1, 1, 1, 1, 1, 1, 1, 1, 
        1, 1, 1, 1, 1, 1, 1, 1, 1, 1, 1, 1, 1, 1, 1, 1, 1, 1, 
        1, 1, 1, 1, 1, 1, 1, 1, 1, 1, 1, 1, 1, 1, 1, 1, 1, 1, 
        1, 1, 1, 1, 1, 1, 1, 1, 1, 1, 1, 1, 1, 1, 1, 1, 1, 1, 
        1, 1, 1, 1, 1, 1, 1, 1, 1, 1, 1, 1, 1, 1, 1, 1, 1, 1, 
        1, 1, 1, 1, 1, 1, 1, 1, 1, 1, 1, 1, 1, 1, 1, 1, 1, 1, 
        1, 1, 1, 1, 1, 1, 1, 1, 1, 1, 1, 1, 1, 1, 1, 1, 1, 1, 
        1, 1, 1, 1, 1, 1, 1, 1, 1, 1, 1, 1, 1, 1, 1, 1, 1, 1, 
        1, 1, 1, 1, 1, 1, 1, 1, 1, 1, 1, 1, 1, 1, 1, 1, 1, 1, 
        1, 1, 1, 1, 1, 1, 1, 1, 1, 1, 1, 1, 1, 1, 1, 1, 1, 1, 
        1, 1, 1, 1, 1, 1, 1, 1, 1, 1, 1, 1, 1, 1, 1, 1, 1, 1, 
        1, 1, 1, 1, 1, 1, 1, 1, 1, 1, 1, 1, 1, 1, 1, 1, 1, 1, 
        1, 1, 1, 1, 1, 1, 1, 1, 1, 1, 1, 1, 1, 1, 1, 1, 1, 1, 
        1, 1, 1, 1, 1, 1, 1, 1, 1, 1, 1, 1, 1, 1, 1, 1, 1, 1, 
        1, 1, 1, 1, 1, 1, 1, 1, 1, 1, 1, 1, 1, 1, 1, 1, 1, 1, 
        1, 1, 1, 1, 1, 1, 1, 1, 1, 1, 1, 1, 1, 1, 1, 1, 1, 1, 
        1, 1, 1, 1, 1, 1, 1, 1, 1, 1, 1, 1, 1, 1, 1, 1, 1, 1, 
        1, 1, 1, 1, 1, 1, 1, 1, 1, 1, 1, 1, 1, 1, 1, 1, 1, 1, 
        1, 1, 1, 1, 1, 1, 1, 1, 1, 1, 1, 1, 1, 1, 1, 1, 1, 1, 
        1, 1, 1, 1, 1, 1, 1, 1, 1, 1, 1, 1, 1, 1, 1, 1, 1, 1, 
        1, 1, 1, 1, 1, 1, 1, 1, 1, 1, 1, 1, 1, 1, 1, 1, 1, 1, 
        1, 1, 1, 1, 1, 1, 1, 1, 1, 1, 1, 1, 1, 1, 1, 1, 1, 1, 
        1, 1, 1, 1, 1, 1, 1, 1, 1, 1, 1, 1, 1, 1, 1, 1, 1, 1, 
        1, 1, 1, 1, 1, 1, 1, 1, 1, 1, 1, 1, 1, 1, 1, 1, 1, 1, 
        1, 1, 1, 1, 1, 1, 1, 1, 1, 1, 1, 1, 1, 1, 1, 1, 1, 1, 
        1, 1, 1, 1, 1, 1, 1, 1, 1, 1, 1, 1, 1, 1, 1, 1, 1, 1, 
        1, 1, 1, 1, 1, 1, 1, 1, 1, 1, 1, 1, 1, 1, 1, 1, 1, 1, 
        1, 1, 1, 1, 1, 1, 1, 1, 1, 1, 1, 1, 1, 1, 1, 1, 1, 1, 
        1, 1, 1, 1, 1, 1, 1, 1, 1, 1, 1, 1, 1, 1, 1, 1, 1, 1, 
        1, 1, 1, 1, 1, 1, 1, 1, 1, 1, 1, 1, 1, 1, 1, 1, 1, 1, 
        1, 1, 1, 1, 1, 1, 1, 1, 1, 1, 1, 1, 1, 1, 1, 1, 1, 1, 
        1, 1, 1, 1, 1, 1, 1, 1, 1, 1, 1, 1, 1, 1, 1, 1, 1, 1, 
        1, 1, 1, 1, 1, 1, 1, 1, 1, 1, 1, 1, 1, 1, 1, 1, 1, 1, 
        1, 1, 1, 1, 1, 1, 1, 1, 1, 1, 1, 1, 1, 1, 1, 1, 1, 1, 
        1, 1, 1, 1, 1, 1, 1, 1, 1, 1, 1, 1, 1, 1, 1, 1, 1, 1, 
        1, 1, 1, 1, 1, 1, 1, 1, 1, 1, 1, 1, 1, 1, 1, 1, 1, 1, 
        1, 1, 1, 1, 1, 1, 1, 1, 1, 1, 1, 1, 1, 1, 1, 1, 1, 1, 
        1, 1, 1, 1, 1, 1, 1, 1, 1, 1, 1, 1, 1, 1, 1, 1, 1, 1, 
        1, 1, 1, 1, 1, 1, 1, 1, 1, 1, 1, 1, 1, 1, 1, 1, 1, 1, 
        1, 1, 1, 1, 1, 1, 1, 1, 1, 1, 1, 1, 1, 1, 1, 1, 1, 1, 
        1, 1, 1, 1, 1, 1, 1, 1, 1, 1, 1, 1, 1, 1, 1, 1, 1, 1, 
        1, 1, 1, 1, 1, 1, 1, 1, 1, 1, 1, 1, 1, 1, 1, 1, 1, 1, 
        1, 1, 1, 1, 1, 1, 1, 1, 1, 1, 1, 1, 1, 1, 1, 1, 1, 1, 
        1, 1, 1, 1, 1, 1, 1, 1, 1, 1, 1, 1, 1, 1, 1, 1, 1, 1, 
        1, 1, 1, 1, 1, 1, 1, 1, 1, 1, 1, 1, 1, 1, 1, 1, 1, 1, 
        1, 1, 1, 1, 1, 1, 1, 1, 1, 1, 1, 1, 1, 1, 1, 1, 1, 1, 
        1, 1, 1, 1, 1, 1, 1, 1, 1, 1, 1, 1, 1, 1, 1, 1, 1, 1, 
        1, 1, 1, 1, 1, 1, 1, 1, 1, 1, 1, 1, 1, 1, 1, 1, 1, 1, 
        1, 1, 1, 1, 1, 1, 1, 1, 1, 1, 1, 1, 1, 1, 1, 1, 1, 1, 
        1, 1, 1, 1, 1, 1, 1, 1, 1, 1, 1, 1, 1, 1, 1, 1, 1, 1, 
        1, 1, 1, 1, 1, 1, 1, 1, 1, 1, 1, 1, 1, 1, 1, 1, 1, 1, 
        1, 1, 1, 1, 1, 1, 1, 1, 1, 1, 1, 1, 1, 1, 1, 1, 1, 1, 
        1, 1, 1, 1, 1, 1, 1, 1, 1, 1, 1, 1, 1, 1, 1, 1, 1, 1, 
        1, 1, 1, 1, 1, 1, 1, 1, 1, 1, 1, 1, 1, 1, 1, 1, 1, 1, 
        1, 1, 1, 1, 1, 1, 1, 1, 1, 1, 1, 1, 1, 1, 1, 1, 1, 1, 
        1, 1, 1, 1, 1, 1, 1, 1, 1, 1, 1, 1, 1, 1, 1, 1, 1, 1, 
        1, 1, 1, 1, 1, 1, 1, 1, 1, 1, 1, 1, 1, 1, 1, 1, 1, 1, 
        1, 1, 1, 1, 1, 1, 1, 1, 1, 1, 1, 1, 1, 1, 1, 1, 1, 1, 
        1, 1, 1, 1, 1, 1, 1, 1, 1, 1, 1, 1, 1, 1, 1, 1, 1, 1, 
        1, 1, 1, 1, 1, 1, 1, 1, 1, 1, 1, 1, 1, 1, 1, 1, 1, 1, 
        1, 1, 1, 1, 1, 1, 1, 1, 1, 1, 1, 1, 1, 1, 1, 1, 1, 1, 
        1, 1, 1, 1, 1, 1, 1, 1, 1, 1, 1, 1, 1, 1, 1, 1, 1, 1, 
        1, 1, 1, 1, 1, 1, 1, 1, 1, 1, 1, 1, 1, 1, 1, 1, 1, 1, 
        1, 1, 1, 1, 1, 1, 1, 1, 1, 1, 1, 1, 1, 1, 1, 1, 1, 1, 
        1, 1, 1, 1, 1, 1, 1, 1, 1, 1, 1, 1, 1, 1, 1, 1, 1, 1, 
        1, 1, 1, 1, 1, 1, 1, 1, 1, 1, 1, 1, 1, 1, 1, 1, 1, 1, 
        1, 1, 1, 1, 1, 1, 1, 1, 1, 1, 1, 1, 1, 1, 1, 1, 1, 1, 
        1, 1, 1, 1, 1, 1, 1, 1, 1, 1, 1, 1, 1, 1, 1, 1, 1, 1, 
        1, 1, 1, 1, 1, 1, 1, 1, 1, 1, 1, 1, 1, 1, 1, 1, 1, 1, 
        1, 1, 1, 1, 1, 1, 1, 1, 1, 1, 1, 1, 1, 1, 1, 1, 1, 1, 
        1, 1, 1, 1, 1, 1, 1, 1, 1, 1, 1, 1, 1, 1, 1, 1, 1, 1, 
        1, 1, 1, 1, 1, 1, 1, 1, 1, 1, 1, 1, 1, 1, 1, 1, 1, 1, 
        1, 1, 1, 1, 1, 1, 1, 1, 1, 1, 1, 1, 1, 1, 1, 1, 1, 1, 
        1, 1, 1, 1, 1, 1, 1, 1, 1, 1, 1, 1, 1, 1, 1, 1, 1, 1, 
        1, 1, 1, 1, 1, 1, 1, 1, 1, 1, 1, 1, 1, 1, 1, 1, 1, 1, 
        1, 1, 1, 1, 1, 1, 1, 1, 1, 1, 1, 1, 1, 1, 1, 1, 1, 1, 
        1, 1, 1, 1, 1, 1, 1, 1, 1, 1, 1, 1, 1, 1, 1, 1, 1, 1, 
        1, 1, 1, 1, 1, 1, 1, 1, 1, 1, 1, 1, 1, 1, 1, 1, 1, 1, 
        1, 1, 1, 1, 1, 1, 1, 1, 1, 1, 1, 1, 1, 1, 1, 1, 1, 1, 
        1, 1, 1, 1, 1, 1, 1, 1, 1, 1, 1, 1, 1, 1, 1, 1, 1, 1, 
        1, 1, 1, 1, 1, 1, 1, 1, 1, 1, 1, 1, 1, 1, 1, 1, 1, 1, 
        1, 1, 1, 1, 1, 1, 1, 1, 1, 1, 1, 1, 1, 1, 1, 1, 1, 1, 
        1, 1, 1, 1, 1, 1, 1, 1, 1, 1, 1, 1, 1, 1, 1, 1, 1, 1, 
        1, 1, 1, 1, 1, 1, 1, 1, 1, 1, 1, 1, 1, 1, 1, 1, 1, 1, 
        1, 1, 1, 1, 1, 1, 1, 1, 1, 1, 1, 1, 1, 1, 1, 1, 1, 1, 
        1, 1, 1, 1, 1, 1, 1, 1, 1, 1, 1, 1, 1, 1, 1, 1, 1, 1, 
        1, 1, 1, 1, 1, 1, 1, 1, 1, 1, 1, 1, 1, 1, 1, 1, 1, 1, 
        1, 1, 1, 1, 1, 1, 1, 1, 1, 1, 1, 1, 1, 1, 1, 1, 1, 1, 
        1, 1, 1, 1, 1, 1, 1, 1, 1, 1, 1, 1, 1, 1, 1, 1, 1, 1, 
        1, 1, 1, 1, 1, 1, 1, 1, 1, 1, 1, 1, 1, 1, 1, 1, 1, 1, 
        1, 1, 1, 1, 1, 1, 1, 1, 1, 1, 1, 1, 1, 1, 1, 1, 1, 1, 
        1, 1, 1, 1, 1, 1, 1, 1, 1, 1, 1, 1, 1, 1, 1, 1, 1, 1, 
        1, 1, 1, 1, 1, 1, 1, 1, 1, 1, 1, 1, 1, 1, 1, 1, 1, 1, 
        1, 1, 1, 1, 1, 1, 1, 1, 1, 1, 1, 1, 1, 1, 1, 1, 1, 1, 
        1, 1, 1, 1, 1, 1, 1, 1, 1, 1, 1, 1, 1, 1, 1, 1, 1, 1, 
        1, 1, 1, 1, 1, 1, 1, 1, 1, 1, 1, 1, 1, 1, 1, 1, 1, 1, 
        1, 1, 1, 1, 1, 1, 1, 1, 1, 1, 1, 1, 1, 1, 1, 1, 1, 1, 
        1, 1, 1, 1, 1, 1, 1, 1, 1, 1, 1, 1, 1, 1, 1, 1, 1, 1, 
        1, 1, 1, 1, 1, 1, 1, 1, 1, 1, 1, 1, 1, 1, 1, 1, 1, 1, 
        1, 1, 1, 1, 1, 1, 1, 1, 1, 1, 1, 1, 1, 1, 1, 1, 1, 1, 
        1, 1, 1, 1, 1, 1, 1, 1, 1, 1, 1, 1, 1, 1, 1, 1, 1, 1, 
        1, 1, 1, 1, 1, 1, 1, 1, 1, 1, 1, 1, 1, 1, 1, 1, 1, 1, 
        1, 1, 1, 1, 1, 1, 1, 1, 1, 1, 1, 1, 1, 1, 1, 1, 1, 1, 
        1, 1, 1, 1, 1, 1, 1, 1, 1, 1, 1, 1, 1, 1, 1, 1, 1, 1, 
        1, 1, 1, 1, 1, 1, 1, 1, 1, 1, 1, 1, 1, 1, 1, 1, 1, 1, 
        1, 1, 1, 1, 1, 1, 1, 1, 1, 1, 1, 1, 1, 1, 1, 1, 1, 1, 
        1, 1, 1, 1, 1, 1, 1, 1, 1, 1, 1, 1, 1, 1, 1, 1, 1, 1, 
        1, 1, 1, 1, 1, 1, 1, 1, 1, 1, 1, 1, 1, 1, 1, 1, 1, 1, 
        1, 1, 1, 1, 1, 1, 1, 1, 1, 1, 1, 1, 1, 1, 1, 1, 1, 1, 
        1, 1, 1, 1, 1, 1, 1, 1, 1, 1, 1, 1, 1, 1, 1, 1, 1, 1, 
        1, 1, 1, 1, 1, 1, 1, 1, 1, 1, 1, 1, 1, 1, 1, 1, 1, 1, 
        1, 1, 1, 1, 1, 1, 1, 1, 1, 1, 1, 1, 1, 1, 1, 1, 1, 1, 
        1, 1, 1, 1, 1, 1, 1, 1, 1, 1, 1, 1, 1, 1, 1, 1, 1, 1, 
        1, 1, 1, 1, 1, 1, 1, 1, 1, 1, 1, 1, 1, 1, 1, 1, 1, 1, 
        1, 1, 1, 1, 1, 1, 1, 1, 1, 1, 1, 1, 1, 1, 1, 1, 1, 1, 
        1, 1, 1, 1, 1, 1, 1, 1, 1, 1, 1, 1, 1, 1, 1, 1, 1, 1, 
        1, 1, 1, 1, 1, 1, 1, 1, 1, 1, 1, 1, 1, 1, 1, 1, 1, 1, 
        1, 1, 1, 1, 1, 1, 1, 1, 1, 1, 1, 1, 1, 1, 1, 1, 1, 1, 
        1, 1, 1, 1, 1, 1, 1, 1, 1, 1, 1, 1, 1, 1, 1, 1, 1, 1, 
        1, 1, 1, 1, 1, 1, 1, 1, 1, 1, 1, 1, 1, 1, 1, 1, 1, 1, 
        1, 1, 1, 1, 1, 1, 1, 1, 1, 1, 1, 1, 1, 1, 1, 1, 1, 1, 
        1, 1, 1, 1, 1, 1, 1, 1, 1, 1, 1, 1, 1, 1, 1, 1, 1, 1, 
        1, 1, 1, 1, 1, 1, 1, 1, 1, 1, 1, 1, 1, 1, 1, 1, 1, 1, 
        1, 1, 1, 1, 1, 1, 1, 1, 1, 1, 1, 1, 1, 1, 1, 1, 1, 1, 
        1, 1, 1, 1, 1, 1, 1, 1, 1, 1, 1, 1, 1, 1, 1, 1, 1, 1, 
        1, 1, 1, 1, 1, 1, 1, 1, 1, 1, 1, 1, 1, 1, 1, 1, 1, 1, 
        1, 1, 1, 1, 1, 1, 1, 1, 1, 1, 1, 1, 1, 1, 1, 1, 1, 1, 
        1, 1, 1, 1, 1, 1, 1, 1, 1, 1, 1, 1, 1, 1, 1, 1, 1, 1, 
        1, 1, 1, 1, 1, 1, 1, 1, 1, 1, 1, 1, 1, 1, 1, 1, 1, 1, 
        1, 1, 1, 1, 1, 1, 1, 1, 1, 1, 1, 1, 1, 1, 1, 1, 1, 1, 
        1, 1, 1, 1, 1, 1, 1, 1, 1, 1, 1, 1, 1, 1, 1, 1, 1, 1, 
        1, 1, 1, 1, 1, 1, 1, 1, 1, 1, 1, 1, 1, 1, 1, 1, 1, 1, 
        1, 1, 1, 1, 1, 1, 1, 1, 1, 1, 1, 1, 1, 1, 1, 1, 1, 1, 
        1, 1, 1, 1, 1, 1, 1, 1, 1, 1, 1, 1, 1, 1, 1, 1, 1, 1, 
        1, 1, 1, 1, 1, 1, 1, 1, 1, 1, 1, 1, 1, 1, 1, 1, 1, 1, 
        1, 1, 1, 1, 1, 1, 1, 1, 1, 1, 1, 1, 1, 1, 1, 1, 1, 1, 
        1, 1, 1, 1, 1, 1, 1, 1, 1, 1, 1, 1, 1, 1, 1, 1, 1, 1, 
        1, 1, 1, 1, 1, 1, 1, 1, 1, 1, 1, 1, 1, 1, 1, 1, 1, 1, 
        1, 1, 1, 1, 1, 1, 1, 1, 1, 1, 1, 1, 1, 1, 1, 1, 1, 1, 
        1, 1, 1, 1, 1, 1, 1, 1, 1, 1, 1, 1, 1, 1, 1, 1, 1, 1, 
        1, 1, 1, 1, 1, 1, 1, 1, 1, 1, 1, 1, 1, 1, 1, 1, 1, 1, 
        1, 1, 1, 1, 1, 1, 1, 1, 1, 1, 1, 1, 1, 1, 1, 1, 1, 1, 
        1, 1, 1, 1, 1, 1, 1, 1, 1, 1, 1, 1, 1, 1, 1, 1, 1, 1, 
        1, 1, 1, 1, 1, 1, 1, 1, 1, 1, 1, 1, 1, 1, 1, 1, 1, 1, 
        1, 1, 1, 1, 1, 1, 1, 1, 1, 1, 1, 1, 1, 1, 1, 1, 1, 1, 
        1, 1, 1, 1, 1, 1, 1, 1, 1, 1, 1, 1, 1, 1, 1, 1, 1, 1, 
        1, 1, 1, 1, 1, 1, 1, 1, 1, 1, 1, 1, 1, 1, 1, 1, 1, 1, 
        1, 1, 1, 1, 1, 1, 1, 1, 1, 1, 1, 1, 1, 1, 1, 1, 1, 1, 
        1, 1, 1, 1, 1, 1, 1, 1, 1, 1, 1, 1, 1, 1, 1, 1, 1, 1, 
        1, 1, 1, 1, 1, 1, 1, 1, 1, 1, 1, 1, 1, 1, 1, 1, 1, 1, 
        1, 1, 1, 1, 1, 1, 1, 1, 1, 1, 1, 1, 1, 1, 1, 1, 1, 1, 
        1, 1, 1, 1, 1, 1, 1, 1, 1, 1, 1, 1, 1, 1, 1, 1, 1, 1, 
        1, 1, 1, 1, 1, 1, 1, 1, 1, 1, 1, 1, 1, 1, 1, 1, 1, 1, 
        1, 1, 1, 1, 1, 1, 1, 1, 1, 1, 1, 1, 1, 1, 1, 1, 1, 1, 
        1, 1, 1, 1, 1, 1, 1, 1, 1, 1, 1, 1, 1, 1, 1, 1, 1, 1, 
        1, 1, 1, 1, 1, 1, 1, 1, 1, 1, 1, 1, 1, 1, 1, 1, 1, 1, 
        1, 1, 1, 1, 1, 1, 1, 1, 1, 1, 1, 1, 1, 1, 1, 1, 1, 1, 
        1, 1, 1, 1, 1, 1, 1, 1, 1, 1, 1, 1, 1, 1, 1, 1, 1, 1, 
        1, 1, 1, 1, 1, 1, 1, 1, 1, 1, 1, 1, 1, 1, 1, 1, 1, 1, 
        1, 1, 1, 1, 1, 1, 1, 1, 1, 1, 1, 1, 1, 1, 1, 1, 1, 1, 
        1, 1, 1, 1, 1, 1, 1, 1, 1, 1, 1, 1, 1, 1, 1, 1, 1, 1, 
        1, 1, 1, 1, 1, 1, 1, 1, 1, 1, 1, 1, 1, 1, 1, 1, 1, 1, 
        1, 1, 1, 1, 1, 1, 1, 1, 1, 1, 1, 1, 1, 1, 1, 1, 1, 1, 
        1, 1, 1, 1, 1, 1, 1, 1, 1, 1, 1, 1, 1, 1, 1, 1, 1, 1, 
        1, 1, 1, 1, 1, 1, 1, 1, 1, 1, 1, 1, 1, 1, 1, 1, 1, 1, 
        1, 1, 1, 1, 1, 1, 1, 1, 1, 1, 1, 1, 1, 1, 1, 1, 1, 1, 
        1, 1, 1, 1, 1, 1, 1, 1, 1, 1, 1, 1, 1, 1, 1, 1, 1, 1, 
        1, 1, 1, 1, 1, 1, 1, 1, 1, 1, 1, 1, 1, 1, 1, 1, 1, 1, 
        1, 1, 1, 1, 1, 1, 1, 1, 1, 1, 1, 1, 1, 1, 1, 1, 1, 1, 
        1, 1, 1, 1, 1, 1, 1, 1, 1, 1, 1, 1, 1, 1, 1, 1, 1, 1, 
        1, 1, 1, 1, 1, 1, 1, 1, 1, 1, 1, 1, 1, 1, 1, 1, 1, 1, 
        1, 1, 1, 1, 1, 1, 1, 1, 1, 1, 1, 1, 1, 1, 1, 1, 1, 1, 
        1, 1, 1, 1, 1, 1, 1, 1, 1, 1, 1, 1, 1, 1, 1, 1, 1, 1, 
        1, 1, 1, 1, 1, 1, 1, 1, 1, 1, 1, 1, 1, 1, 1, 1, 1, 1, 
        1, 1, 1, 1, 1, 1, 1, 1, 1, 1, 1, 1, 1, 1, 1, 1, 1, 1, 
        1, 1, 1, 1, 1, 1, 1, 1, 1, 1, 1, 1, 1, 1, 1, 1, 1, 1, 
        1, 1, 1, 1, 1, 1, 1, 1, 1, 1, 1, 1, 1, 1, 1, 1, 1, 1, 
        1, 1, 1, 1, 1, 1, 1, 1, 1, 1, 1, 1, 1, 1, 1, 1, 1, 1, 
        1, 1, 1, 1, 1, 1, 1, 1, 1, 1, 1, 1, 1, 1, 1, 1, 1, 1, 
        1, 1, 1, 1, 1, 1, 1, 1, 1, 1, 1, 1, 1, 1, 1, 1, 1, 1, 
        1, 1, 1, 1, 1, 1, 1, 1, 1, 1, 1, 1, 1, 1, 1, 1, 1, 1, 
        1, 1, 1, 1, 1, 1, 1), v_mat_inds_all_y = c(1L, 2L, 3L, 
        4L, 5L, 6L, 7L, 8L, 9L, 10L, 11L, 12L, 13L, 14L, 15L, 
        16L, 17L, 18L, 19L, 20L, 21L, 22L, 23L, 24L, 25L, 26L, 
        27L, 28L, 29L, 30L, 31L, 32L, 33L, 34L, 35L, 36L, 37L, 
        38L, 39L, 40L, 41L, 42L, 43L, 44L, 45L, 46L, 47L, 48L, 
        49L, 50L, 51L, 52L, 53L, 54L, 55L, 56L, 57L, 58L, 59L, 
        60L, 61L, 62L, 63L, 64L, 65L, 66L, 67L, 68L, 69L, 70L, 
        71L, 72L, 73L, 74L, 75L, 76L, 77L, 78L, 79L, 80L, 81L, 
        82L, 83L, 84L, 85L, 86L, 87L, 88L, 89L, 90L, 91L, 92L, 
        93L, 94L, 95L, 96L, 97L, 98L, 99L, 100L, 101L, 102L, 
        103L, 104L, 105L, 106L, 107L, 108L, 109L, 110L, 111L, 
        112L, 113L, 114L, 115L, 116L, 117L, 118L, 119L, 120L, 
        121L, 122L, 123L, 124L, 125L, 126L, 127L, 128L, 129L, 
        130L, 131L, 132L, 133L, 134L, 135L, 136L, 137L, 138L, 
        139L, 140L, 141L, 142L, 143L, 144L, 145L, 146L, 147L, 
        148L, 149L, 150L, 151L, 152L, 153L, 154L, 155L, 156L, 
        157L, 158L, 159L, 160L, 161L, 162L, 163L, 164L, 165L, 
        166L, 167L, 168L, 169L, 170L, 171L, 172L, 173L, 174L, 
        175L, 176L, 177L, 178L, 179L, 180L, 181L, 182L, 183L, 
        184L, 185L, 186L, 187L, 188L, 189L, 190L, 191L, 192L, 
        193L, 194L, 195L, 196L, 197L, 198L, 199L, 200L, 201L, 
        202L, 203L, 204L, 205L, 206L, 207L, 208L, 209L, 210L, 
        211L, 212L, 213L, 214L, 215L, 216L, 217L, 218L, 219L, 
        220L, 221L, 222L, 223L, 224L, 225L, 226L, 227L, 228L, 
        229L, 230L, 231L, 232L, 233L, 234L, 235L, 236L, 237L, 
        238L, 239L, 240L, 241L, 242L, 243L, 244L, 245L, 246L, 
        247L, 248L, 249L, 250L, 251L, 252L, 253L, 254L, 255L, 
        256L, 257L, 258L, 259L, 260L, 261L, 262L, 263L, 264L, 
        265L, 266L, 267L, 268L, 269L, 270L, 271L, 272L, 273L, 
        274L, 275L, 276L, 277L, 278L, 279L, 280L, 281L, 282L, 
        283L, 284L, 285L, 286L, 287L, 288L, 289L, 290L, 291L, 
        292L, 293L, 294L, 295L, 296L, 297L, 298L, 299L, 300L, 
        301L, 302L, 303L, 304L, 305L, 306L, 307L, 308L, 309L, 
        310L, 311L, 312L, 313L, 314L, 315L, 316L, 317L, 318L, 
        319L, 320L, 321L, 322L, 323L, 324L, 325L, 326L, 327L, 
        328L, 329L, 330L, 331L, 332L, 333L, 334L, 335L, 336L, 
        337L, 338L, 339L, 340L, 341L, 342L, 343L, 344L, 345L, 
        346L, 347L, 348L, 349L, 350L, 351L, 352L, 353L, 354L, 
        355L, 356L, 357L, 358L, 359L, 360L, 361L, 362L, 363L, 
        364L, 365L, 366L, 367L, 368L, 369L, 370L, 371L, 372L, 
        373L, 374L, 375L, 376L, 377L, 378L, 379L, 380L, 381L, 
        382L, 383L, 384L, 385L, 386L, 387L, 388L, 389L, 390L, 
        391L, 392L, 393L, 394L, 395L, 396L, 397L, 398L, 399L, 
        400L, 401L, 402L, 403L, 404L, 405L, 406L, 407L, 408L, 
        409L, 410L, 411L, 412L, 413L, 414L, 415L, 416L, 417L, 
        418L, 419L, 420L, 421L, 422L, 423L, 424L, 425L, 426L, 
        427L, 428L, 429L, 430L, 431L, 432L, 433L, 434L, 435L, 
        436L, 437L, 438L, 439L, 440L, 441L, 442L, 443L, 444L, 
        445L, 446L, 447L, 448L, 449L, 450L, 451L, 452L, 453L, 
        454L, 455L, 456L, 457L, 458L, 459L, 460L, 461L, 462L, 
        463L, 464L, 465L, 466L, 467L, 468L, 469L, 470L, 471L, 
        472L, 473L, 474L, 475L, 476L, 477L, 478L, 479L, 480L, 
        481L, 482L, 483L, 484L, 485L, 486L, 487L, 488L, 489L, 
        490L, 491L, 492L, 493L, 494L, 495L, 496L, 497L, 498L, 
        499L, 500L, 501L, 502L, 503L, 504L, 505L, 506L, 507L, 
        508L, 509L, 510L, 511L, 512L, 513L, 514L, 515L, 516L, 
        517L, 518L, 519L, 520L, 521L, 522L, 523L, 524L, 525L, 
        526L, 527L, 528L, 529L, 530L, 531L, 532L, 533L, 534L, 
        535L, 536L, 537L, 538L, 539L, 540L, 541L, 542L, 543L, 
        544L, 545L, 546L, 547L, 548L, 549L, 550L, 551L, 552L, 
        553L, 554L, 555L, 556L, 557L, 558L, 559L, 560L, 561L, 
        562L, 563L, 564L, 565L, 566L, 567L, 568L, 569L, 570L, 
        571L, 572L, 573L, 574L, 575L, 576L, 577L, 578L, 579L, 
        580L, 581L, 582L, 583L, 584L, 585L, 586L, 587L, 588L, 
        589L, 590L, 591L, 592L, 593L, 594L, 595L, 596L, 597L, 
        598L, 599L, 600L, 601L, 602L, 603L, 604L, 605L, 606L, 
        607L, 608L, 609L, 610L, 611L, 612L, 613L, 614L, 615L, 
        616L, 617L, 618L, 619L, 620L, 621L, 622L, 623L, 624L, 
        625L, 626L, 627L, 628L, 629L, 630L, 631L, 632L, 633L, 
        634L, 635L, 636L, 637L, 638L, 639L, 640L, 641L, 642L, 
        643L, 644L, 645L, 646L, 647L, 648L, 649L, 650L, 651L, 
        652L, 653L, 654L, 655L, 656L, 657L, 658L, 659L, 660L, 
        661L, 662L, 663L, 664L, 665L, 666L, 667L, 668L, 669L, 
        670L, 671L, 672L, 673L, 674L, 675L, 676L, 677L, 678L, 
        679L, 680L, 681L, 682L, 683L, 684L, 685L, 686L, 687L, 
        688L, 689L, 690L, 691L, 692L, 693L, 694L, 695L, 696L, 
        697L, 698L, 699L, 700L, 701L, 702L, 703L, 704L, 705L, 
        706L, 707L, 708L, 709L, 710L, 711L, 712L, 713L, 714L, 
        715L, 716L, 717L, 718L, 719L, 720L, 721L, 722L, 723L, 
        724L, 725L, 726L, 727L, 728L, 729L, 730L, 731L, 732L, 
        733L, 734L, 735L, 736L, 737L, 738L, 739L, 740L, 741L, 
        742L, 743L, 744L, 745L, 746L, 747L, 748L, 749L, 750L, 
        751L, 752L, 753L, 754L, 755L, 756L, 757L, 758L, 759L, 
        760L, 761L, 762L, 763L, 764L, 765L, 766L, 767L, 768L, 
        769L, 770L, 771L, 772L, 773L, 774L, 775L, 776L, 777L, 
        778L, 779L, 780L, 781L, 782L, 783L, 784L, 785L, 786L, 
        787L, 788L, 789L, 790L, 791L, 792L, 793L, 794L, 795L, 
        796L, 797L, 798L, 799L, 800L, 801L, 802L, 803L, 804L, 
        805L, 806L, 807L, 808L, 809L, 810L, 811L, 812L, 813L, 
        814L, 815L, 816L, 817L, 818L, 819L, 820L, 821L, 822L, 
        823L, 824L, 825L, 826L, 827L, 828L, 829L, 830L, 831L, 
        832L, 833L, 834L, 835L, 836L, 837L, 838L, 839L, 840L, 
        841L, 842L, 843L, 844L, 845L, 846L, 847L, 848L, 849L, 
        850L, 851L, 852L, 853L, 854L, 855L, 856L, 857L, 858L, 
        859L, 860L, 861L, 862L, 863L, 864L, 865L, 866L, 867L, 
        868L, 869L, 870L, 871L, 872L, 873L, 874L, 875L, 876L, 
        877L, 878L, 879L, 880L, 881L, 882L, 883L, 884L, 885L, 
        886L, 887L, 888L, 889L, 890L, 891L, 892L, 893L, 894L, 
        895L, 896L, 897L, 898L, 899L, 900L, 901L, 902L, 903L, 
        904L, 905L, 906L, 907L, 908L, 909L, 910L, 911L, 912L, 
        913L, 914L, 915L, 916L, 917L, 918L, 919L, 920L, 921L, 
        922L, 923L, 924L, 925L, 926L, 927L, 928L, 929L, 930L, 
        931L, 932L, 933L, 934L, 935L, 936L, 937L, 938L, 939L, 
        940L, 941L, 942L, 943L, 944L, 945L, 946L, 947L, 948L, 
        949L, 950L, 951L, 952L, 953L, 954L, 955L, 956L, 957L, 
        958L, 959L, 960L, 961L, 962L, 963L, 964L, 965L, 966L, 
        967L, 968L, 969L, 970L, 971L, 972L, 973L, 974L, 975L, 
        976L, 977L, 978L, 979L, 980L, 981L, 982L, 983L, 984L, 
        985L, 986L, 987L, 988L, 989L, 990L, 991L, 992L, 993L, 
        994L, 995L, 996L, 997L, 998L, 999L, 1000L, 1001L, 1002L, 
        1003L, 1004L, 1005L, 1006L, 1007L, 1008L, 1009L, 1010L, 
        1011L, 1012L, 1013L, 1014L, 1015L, 1016L, 1017L, 1018L, 
        1019L, 1020L, 1021L, 1022L, 1023L, 1024L, 1025L, 1026L, 
        1027L, 1028L, 1029L, 1030L, 1031L, 1032L, 1033L, 1034L, 
        1035L, 1036L, 1037L, 1038L, 1039L, 1040L, 1041L, 1042L, 
        1043L, 1044L, 1045L, 1046L, 1047L, 1048L, 1049L, 1050L, 
        1051L, 1052L, 1053L, 1054L, 1055L, 1056L, 1057L, 1058L, 
        1059L, 1060L, 1061L, 1062L, 1063L, 1064L, 1065L, 1066L, 
        1067L, 1068L, 1069L, 1070L, 1071L, 1072L, 1073L, 1074L, 
        1075L, 1076L, 1077L, 1078L, 1079L, 1080L, 1081L, 1082L, 
        1083L, 1084L, 1085L, 1086L, 1087L, 1088L, 1089L, 1090L, 
        1091L, 1092L, 1093L, 1094L, 1095L, 1096L, 1097L, 1098L, 
        1099L, 1100L, 1101L, 1102L, 1103L, 1104L, 1105L, 1106L, 
        1107L, 1108L, 1109L, 1110L, 1111L, 1112L, 1113L, 1114L, 
        1115L, 1116L, 1117L, 1118L, 1119L, 1120L, 1121L, 1122L, 
        1123L, 1124L, 1125L, 1126L, 1127L, 1128L, 1129L, 1130L, 
        1131L, 1132L, 1133L, 1134L, 1135L, 1136L, 1137L, 1138L, 
        1139L, 1140L, 1141L, 1142L, 1143L, 1144L, 1145L, 1146L, 
        1147L, 1148L, 1149L, 1150L, 1151L, 1152L, 1153L, 1154L, 
        1155L, 1156L, 1157L, 1158L, 1159L, 1160L, 1161L, 1162L, 
        1163L, 1164L, 1165L, 1166L, 1167L, 1168L, 1169L, 1170L, 
        1171L, 1172L, 1173L, 1174L, 1175L, 1176L, 1177L, 1178L, 
        1179L, 1180L, 1181L, 1182L, 1183L, 1184L, 1185L, 1186L, 
        1187L, 1188L, 1189L, 1190L, 1191L, 1192L, 1193L, 1194L, 
        1195L, 1196L, 1197L, 1198L, 1199L, 1200L, 1201L, 1202L, 
        1203L, 1204L, 1205L, 1206L, 1207L, 1208L, 1209L, 1210L, 
        1211L, 1212L, 1213L, 1214L, 1215L, 1216L, 1217L, 1218L, 
        1219L, 1220L, 1221L, 1222L, 1223L, 1224L, 1225L, 1226L, 
        1227L, 1228L, 1229L, 1230L, 1231L, 1232L, 1233L, 1234L, 
        1235L, 1236L, 1237L, 1238L, 1239L, 1240L, 1241L, 1242L, 
        1243L, 1244L, 1245L, 1246L, 1247L, 1248L, 1249L, 1250L, 
        1251L, 1252L, 1253L, 1254L, 1255L, 1256L, 1257L, 1258L, 
        1259L, 1260L, 1261L, 1262L, 1263L, 1264L, 1265L, 1266L, 
        1267L, 1268L, 1269L, 1270L, 1271L, 1272L, 1273L, 1274L, 
        1275L, 1276L, 1277L, 1278L, 1279L, 1280L, 1281L, 1282L, 
        1283L, 1284L, 1285L, 1286L, 1287L, 1288L, 1289L, 1290L, 
        1291L, 1292L, 1293L, 1294L, 1295L, 1296L, 1297L, 1298L, 
        1299L, 1300L, 1301L, 1302L, 1303L, 1304L, 1305L, 1306L, 
        1307L, 1308L, 1309L, 1310L, 1311L, 1312L, 1313L, 1314L, 
        1315L, 1316L, 1317L, 1318L, 1319L, 1320L, 1321L, 1322L, 
        1323L, 1324L, 1325L, 1326L, 1327L, 1328L, 1329L, 1330L, 
        1331L, 1332L, 1333L, 1334L, 1335L, 1336L, 1337L, 1338L, 
        1339L, 1340L, 1341L, 1342L, 1343L, 1344L, 1345L, 1346L, 
        1347L, 1348L, 1349L, 1350L, 1351L, 1352L, 1353L, 1354L, 
        1355L, 1356L, 1357L, 1358L, 1359L, 1360L, 1361L, 1362L, 
        1363L, 1364L, 1365L, 1366L, 1367L, 1368L, 1369L, 1370L, 
        1371L, 1372L, 1373L, 1374L, 1375L, 1376L, 1377L, 1378L, 
        1379L, 1380L, 1381L, 1382L, 1383L, 1384L, 1385L, 1386L, 
        1387L, 1388L, 1389L, 1390L, 1391L, 1392L, 1393L, 1394L, 
        1395L, 1396L, 1397L, 1398L, 1399L, 1400L, 1401L, 1402L, 
        1403L, 1404L, 1405L, 1406L, 1407L, 1408L, 1409L, 1410L, 
        1411L, 1412L, 1413L, 1414L, 1415L, 1416L, 1417L, 1418L, 
        1419L, 1420L, 1421L, 1422L, 1423L, 1424L, 1425L, 1426L, 
        1427L, 1428L, 1429L, 1430L, 1431L, 1432L, 1433L, 1434L, 
        1435L, 1436L, 1437L, 1438L, 1439L, 1440L, 1441L, 1442L, 
        1443L, 1444L, 1445L, 1446L, 1447L, 1448L, 1449L, 1450L, 
        1451L, 1452L, 1453L, 1454L, 1455L, 1456L, 1457L, 1458L, 
        1459L, 1460L, 1461L, 1462L, 1463L, 1464L, 1465L, 1466L, 
        1467L, 1468L, 1469L, 1470L, 1471L, 1472L, 1473L, 1474L, 
        1475L, 1476L, 1477L, 1478L, 1479L, 1480L, 1481L, 1482L, 
        1483L, 1484L, 1485L, 1486L, 1487L, 1488L, 1489L, 1490L, 
        1491L, 1492L, 1493L, 1494L, 1495L, 1496L, 1497L, 1498L, 
        1499L, 1500L, 1501L, 1502L, 1503L, 1504L, 1505L, 1506L, 
        1507L, 1508L, 1509L, 1510L, 1511L, 1512L, 1513L, 1514L, 
        1515L, 1516L, 1517L, 1518L, 1519L, 1520L, 1521L, 1522L, 
        1523L, 1524L, 1525L, 1526L, 1527L, 1528L, 1529L, 1530L, 
        1531L, 1532L, 1533L, 1534L, 1535L, 1536L, 1537L, 1538L, 
        1539L, 1540L, 1541L, 1542L, 1543L, 1544L, 1545L, 1546L, 
        1547L, 1548L, 1549L, 1550L, 1551L, 1552L, 1553L, 1554L, 
        1555L, 1556L, 1557L, 1558L, 1559L, 1560L, 1561L, 1562L, 
        1563L, 1564L, 1565L, 1566L, 1567L, 1568L, 1569L, 1570L, 
        1571L, 1572L, 1573L, 1574L, 1575L, 1576L, 1577L, 1578L, 
        1579L, 1580L, 1581L, 1582L, 1583L, 1584L, 1585L, 1586L, 
        1587L, 1588L, 1589L, 1590L, 1591L, 1592L, 1593L, 1594L, 
        1595L, 1596L, 1597L, 1598L, 1599L, 1600L, 1601L, 1602L, 
        1603L, 1604L, 1605L, 1606L, 1607L, 1608L, 1609L, 1610L, 
        1611L, 1612L, 1613L, 1614L, 1615L, 1616L, 1617L, 1618L, 
        1619L, 1620L, 1621L, 1622L, 1623L, 1624L, 1625L, 1626L, 
        1627L, 1628L, 1629L, 1630L, 1631L, 1632L, 1633L, 1634L, 
        1635L, 1636L, 1637L, 1638L, 1639L, 1640L, 1641L, 1642L, 
        1643L, 1644L, 1645L, 1646L, 1647L, 1648L, 1649L, 1650L, 
        1651L, 1652L, 1653L, 1654L, 1655L, 1656L, 1657L, 1658L, 
        1659L, 1660L, 1661L, 1662L, 1663L, 1664L, 1665L, 1666L, 
        1667L, 1668L, 1669L, 1670L, 1671L, 1672L, 1673L, 1674L, 
        1675L, 1676L, 1677L, 1678L, 1679L, 1680L, 1681L, 1682L, 
        1683L, 1684L, 1685L, 1686L, 1687L, 1688L, 1689L, 1690L, 
        1691L, 1692L, 1693L, 1694L, 1695L, 1696L, 1697L, 1698L, 
        1699L, 1700L, 1701L, 1702L, 1703L, 1704L, 1705L, 1706L, 
        1707L, 1708L, 1709L, 1710L, 1711L, 1712L, 1713L, 1714L, 
        1715L, 1716L, 1717L, 1718L, 1719L, 1720L, 1721L, 1722L, 
        1723L, 1724L, 1725L, 1726L, 1727L, 1728L, 1729L, 1730L, 
        1731L, 1732L, 1733L, 1734L, 1735L, 1736L, 1737L, 1738L, 
        1739L, 1740L, 1741L, 1742L, 1743L, 1744L, 1745L, 1746L, 
        1747L, 1748L, 1749L, 1750L, 1751L, 1752L, 1753L, 1754L, 
        1755L, 1756L, 1757L, 1758L, 1759L, 1760L, 1761L, 1762L, 
        1763L, 1764L, 1765L, 1766L, 1767L, 1768L, 1769L, 1770L, 
        1771L, 1772L, 1773L, 1774L, 1775L, 1776L, 1777L, 1778L, 
        1779L, 1780L, 1781L, 1782L, 1783L, 1784L, 1785L, 1786L, 
        1787L, 1788L, 1789L, 1790L, 1791L, 1792L, 1793L, 1794L, 
        1795L, 1796L, 1797L, 1798L, 1799L, 1800L, 1801L, 1802L, 
        1803L, 1804L, 1805L, 1806L, 1807L, 1808L, 1809L, 1810L, 
        1811L, 1812L, 1813L, 1814L, 1815L, 1816L, 1817L, 1818L, 
        1819L, 1820L, 1821L, 1822L, 1823L, 1824L, 1825L, 1826L, 
        1827L, 1828L, 1829L, 1830L, 1831L, 1832L, 1833L, 1834L, 
        1835L, 1836L, 1837L, 1838L, 1839L, 1840L, 1841L, 1842L, 
        1843L, 1844L, 1845L, 1846L, 1847L, 1848L, 1849L, 1850L, 
        1851L, 1852L, 1853L, 1854L, 1855L, 1856L, 1857L, 1858L, 
        1859L, 1860L, 1861L, 1862L, 1863L, 1864L, 1865L, 1866L, 
        1867L, 1868L, 1869L, 1870L, 1871L, 1872L, 1873L, 1874L, 
        1875L, 1876L, 1877L, 1878L, 1879L, 1880L, 1881L, 1882L, 
        1883L, 1884L, 1885L, 1886L, 1887L, 1888L, 1889L, 1890L, 
        1891L, 1892L, 1893L, 1894L, 1895L, 1896L, 1897L, 1898L, 
        1899L, 1900L, 1901L, 1902L, 1903L, 1904L, 1905L, 1906L, 
        1907L, 1908L, 1909L, 1910L, 1911L, 1912L, 1913L, 1914L, 
        1915L, 1916L, 1917L, 1918L, 1919L, 1920L, 1921L, 1922L, 
        1923L, 1924L, 1925L, 1926L, 1927L, 1928L, 1929L, 1930L, 
        1931L, 1932L, 1933L, 1934L, 1935L, 1936L, 1937L, 1938L, 
        1939L, 1940L, 1941L, 1942L, 1943L, 1944L, 1945L, 1946L, 
        1947L, 1948L, 1949L, 1950L, 1951L, 1952L, 1953L, 1954L, 
        1955L, 1956L, 1957L, 1958L, 1959L, 1960L, 1961L, 1962L, 
        1963L, 1964L, 1965L, 1966L, 1967L, 1968L, 1969L, 1970L, 
        1971L, 1972L, 1973L, 1974L, 1975L, 1976L, 1977L, 1978L, 
        1979L, 1980L, 1981L, 1982L, 1983L, 1984L, 1985L, 1986L, 
        1987L, 1988L, 1989L, 1990L, 1991L, 1992L, 1993L, 1994L, 
        1995L, 1996L, 1997L, 1998L, 1999L, 2000L, 2001L, 2002L, 
        2003L, 2004L, 2005L, 2006L, 2007L, 2008L, 2009L, 2010L, 
        2011L, 2012L, 2013L, 2014L, 2015L, 2016L, 2017L, 2018L, 
        2019L, 2020L, 2021L, 2022L, 2023L, 2024L, 2025L, 2026L, 
        2027L, 2028L, 2029L, 2030L, 2031L, 2032L, 2033L, 2034L, 
        2035L, 2036L, 2037L, 2038L, 2039L, 2040L, 2041L, 2042L, 
        2043L, 2044L, 2045L, 2046L, 2047L, 2048L, 2049L, 2050L, 
        2051L, 2052L, 2053L, 2054L, 2055L, 2056L, 2057L, 2058L, 
        2059L, 2060L, 2061L, 2062L, 2063L, 2064L, 2065L, 2066L, 
        2067L, 2068L, 2069L, 2070L, 2071L, 2072L, 2073L, 2074L, 
        2075L, 2076L, 2077L, 2078L, 2079L, 2080L, 2081L, 2082L, 
        2083L, 2084L, 2085L, 2086L, 2087L, 2088L, 2089L, 2090L, 
        2091L, 2092L, 2093L, 2094L, 2095L, 2096L, 2097L, 2098L, 
        2099L, 2100L, 2101L, 2102L, 2103L, 2104L, 2105L, 2106L, 
        2107L, 2108L, 2109L, 2110L, 2111L, 2112L, 2113L, 2114L, 
        2115L, 2116L, 2117L, 2118L, 2119L, 2120L, 2121L, 2122L, 
        2123L, 2124L, 2125L, 2126L, 2127L, 2128L, 2129L, 2130L, 
        2131L, 2132L, 2133L, 2134L, 2135L, 2136L, 2137L, 2138L, 
        2139L, 2140L, 2141L, 2142L, 2143L, 2144L, 2145L, 2146L, 
        2147L, 2148L, 2149L, 2150L, 2151L, 2152L, 2153L, 2154L, 
        2155L, 2156L, 2157L, 2158L, 2159L, 2160L, 2161L, 2162L, 
        2163L, 2164L, 2165L, 2166L, 2167L, 2168L, 2169L, 2170L, 
        2171L, 2172L, 2173L, 2174L, 2175L, 2176L, 2177L, 2178L, 
        2179L, 2180L, 2181L, 2182L, 2183L, 2184L, 2185L, 2186L, 
        2187L, 2188L, 2189L, 2190L, 2191L, 2192L, 2193L, 2194L, 
        2195L, 2196L, 2197L, 2198L, 2199L, 2200L, 2201L, 2202L, 
        2203L, 2204L, 2205L, 2206L, 2207L, 2208L, 2209L, 2210L, 
        2211L, 2212L, 2213L, 2214L, 2215L, 2216L, 2217L, 2218L, 
        2219L, 2220L, 2221L, 2222L, 2223L, 2224L, 2225L, 2226L, 
        2227L, 2228L, 2229L, 2230L, 2231L, 2232L, 2233L, 2234L, 
        2235L, 2236L, 2237L, 2238L, 2239L, 2240L, 2241L, 2242L, 
        2243L, 2244L, 2245L, 2246L, 2247L, 2248L, 2249L, 2250L, 
        2251L, 2252L, 2253L, 2254L, 2255L, 2256L, 2257L, 2258L, 
        2259L, 2260L, 2261L, 2262L, 2263L, 2264L, 2265L, 2266L, 
        2267L, 2268L, 2269L, 2270L, 2271L, 2272L, 2273L, 2274L, 
        2275L, 2276L, 2277L, 2278L, 2279L, 2280L, 2281L, 2282L, 
        2283L, 2284L, 2285L, 2286L, 2287L, 2288L, 2289L, 2290L, 
        2291L, 2292L, 2293L, 2294L, 2295L, 2296L, 2297L, 2298L, 
        2299L, 2300L, 2301L, 2302L, 2303L, 2304L, 2305L, 2306L, 
        2307L, 2308L, 2309L, 2310L, 2311L, 2312L, 2313L, 2314L, 
        2315L, 2316L, 2317L, 2318L, 2319L, 2320L, 2321L, 2322L, 
        2323L, 2324L, 2325L, 2326L, 2327L, 2328L, 2329L, 2330L, 
        2331L, 2332L, 2333L, 2334L, 2335L, 2336L, 2337L, 2338L, 
        2339L, 2340L, 2341L, 2342L, 2343L, 2344L, 2345L, 2346L, 
        2347L, 2348L, 2349L, 2350L, 2351L, 2352L, 2353L, 2354L, 
        2355L, 2356L, 2357L, 2358L, 2359L, 2360L, 2361L, 2362L, 
        2363L, 2364L, 2365L, 2366L, 2367L, 2368L, 2369L, 2370L, 
        2371L, 2372L, 2373L, 2374L, 2375L, 2376L, 2377L, 2378L, 
        2379L, 2380L, 2381L, 2382L, 2383L, 2384L, 2385L, 2386L, 
        2387L, 2388L, 2389L, 2390L, 2391L, 2392L, 2393L, 2394L, 
        2395L, 2396L, 2397L, 2398L, 2399L, 2400L, 2401L, 2402L, 
        2403L, 2404L, 2405L, 2406L, 2407L, 2408L, 2409L, 2410L, 
        2411L, 2412L, 2413L, 2414L, 2415L, 2416L, 2417L, 2418L, 
        2419L, 2420L, 2421L, 2422L, 2423L, 2424L, 2425L, 2426L, 
        2427L, 2428L, 2429L, 2430L, 2431L, 2432L, 2433L, 2434L, 
        2435L, 2436L, 2437L, 2438L, 2439L, 2440L, 2441L, 2442L, 
        2443L, 2444L, 2445L, 2446L, 2447L, 2448L, 2449L, 2450L, 
        2451L, 2452L, 2453L, 2454L, 2455L, 2456L, 2457L, 2458L, 
        2459L, 2460L, 2461L, 2462L, 2463L, 2464L, 2465L, 2466L, 
        2467L, 2468L, 2469L, 2470L, 2471L, 2472L, 2473L, 2474L, 
        2475L, 2476L, 2477L, 2478L, 2479L, 2480L, 2481L, 2482L, 
        2483L, 2484L, 2485L, 2486L, 2487L, 2488L, 2489L, 2490L, 
        2491L, 2492L, 2493L, 2494L, 2495L, 2496L, 2497L, 2498L, 
        2499L, 2500L, 2501L, 2502L, 2503L, 2504L, 2505L, 2506L, 
        2507L, 2508L, 2509L, 2510L, 2511L, 2512L, 2513L, 2514L, 
        2515L, 2516L, 2517L, 2518L, 2519L, 2520L, 2521L, 2522L, 
        2523L, 2524L, 2525L, 2526L, 2527L, 2528L, 2529L, 2530L, 
        2531L, 2532L, 2533L, 2534L, 2535L, 2536L, 2537L, 2538L, 
        2539L, 2540L, 2541L, 2542L, 2543L, 2544L, 2545L, 2546L, 
        2547L, 2548L, 2549L, 2550L, 2551L, 2552L, 2553L, 2554L, 
        2555L, 2556L, 2557L, 2558L, 2559L, 2560L, 2561L, 2562L, 
        2563L, 2564L, 2565L, 2566L, 2567L, 2568L, 2569L, 2570L, 
        2571L, 2572L, 2573L, 2574L, 2575L, 2576L, 2577L, 2578L, 
        2579L, 2580L, 2581L, 2582L, 2583L, 2584L, 2585L, 2586L, 
        2587L, 2588L, 2589L, 2590L, 2591L, 2592L, 2593L, 2594L, 
        2595L, 2596L, 2597L, 2598L, 2599L, 2600L, 2601L, 2602L, 
        2603L, 2604L, 2605L, 2606L, 2607L, 2608L, 2609L, 2610L, 
        2611L, 2612L, 2613L, 2614L, 2615L, 2616L, 2617L, 2618L, 
        2619L, 2620L, 2621L, 2622L, 2623L, 2624L, 2625L, 2626L, 
        2627L, 2628L, 2629L, 2630L, 2631L, 2632L, 2633L, 2634L, 
        2635L, 2636L, 2637L, 2638L, 2639L, 2640L, 2641L, 2642L, 
        2643L, 2644L, 2645L, 2646L, 2647L, 2648L, 2649L, 2650L, 
        2651L, 2652L, 2653L, 2654L, 2655L, 2656L, 2657L, 2658L, 
        2659L, 2660L, 2661L, 2662L, 2663L, 2664L, 2665L, 2666L, 
        2667L, 2668L, 2669L, 2670L, 2671L, 2672L, 2673L, 2674L, 
        2675L, 2676L, 2677L, 2678L, 2679L, 2680L, 2681L, 2682L, 
        2683L, 2684L, 2685L, 2686L, 2687L, 2688L, 2689L, 2690L, 
        2691L, 2692L, 2693L, 2694L, 2695L, 2696L, 2697L, 2698L, 
        2699L, 2700L, 2701L, 2702L, 2703L, 2704L, 2705L, 2706L, 
        2707L, 2708L, 2709L, 2710L, 2711L, 2712L, 2713L, 2714L, 
        2715L, 2716L, 2717L, 2718L, 2719L, 2720L, 2721L, 2722L, 
        2723L, 2724L, 2725L, 2726L, 2727L, 2728L, 2729L, 2730L, 
        2731L, 2732L, 2733L, 2734L, 2735L, 2736L, 2737L, 2738L, 
        2739L, 2740L, 2741L, 2742L, 2743L, 2744L, 2745L, 2746L, 
        2747L, 2748L, 2749L, 2750L, 2751L, 2752L, 2753L, 2754L, 
        2755L, 2756L, 2757L, 2758L, 2759L, 2760L, 2761L, 2762L, 
        2763L, 2764L, 2765L, 2766L, 2767L, 2768L, 2769L, 2770L, 
        2771L, 2772L, 2773L, 2774L, 2775L, 2776L, 2777L, 2778L, 
        2779L, 2780L, 2781L, 2782L, 2783L, 2784L, 2785L, 2786L, 
        2787L, 2788L, 2789L, 2790L, 2791L, 2792L, 2793L, 2794L, 
        2795L, 2796L, 2797L, 2798L, 2799L, 2800L, 2L, 402L, 802L, 
        1202L, 1602L, 2002L, 2402L, 3L, 403L, 803L, 1203L, 1603L, 
        2003L, 2403L, 4L, 404L, 804L, 1204L, 1604L, 2004L, 2404L, 
        5L, 405L, 805L, 1205L, 1605L, 2005L, 2405L, 6L, 406L, 
        806L, 1206L, 1606L, 2006L, 2406L, 7L, 407L, 807L, 1207L, 
        1607L, 2007L, 2407L, 8L, 408L, 808L, 1208L, 1608L, 2008L, 
        2408L, 9L, 409L, 809L, 1209L, 1609L, 2009L, 2409L, 10L, 
        410L, 810L, 1210L, 1610L, 2010L, 2410L, 11L, 411L, 811L, 
        1211L, 1611L, 2011L, 2411L, 12L, 412L, 812L, 1212L, 1612L, 
        2012L, 2412L, 13L, 413L, 813L, 1213L, 1613L, 2013L, 2413L, 
        14L, 414L, 814L, 1214L, 1614L, 2014L, 2414L, 15L, 415L, 
        815L, 1215L, 1615L, 2015L, 2415L, 16L, 416L, 816L, 1216L, 
        1616L, 2016L, 2416L, 17L, 417L, 817L, 1217L, 1617L, 2017L, 
        2417L, 18L, 418L, 818L, 1218L, 1618L, 2018L, 2418L, 19L, 
        419L, 819L, 1219L, 1619L, 2019L, 2419L, 20L, 420L, 820L, 
        1220L, 1620L, 2020L, 2420L, 21L, 421L, 821L, 1221L, 1621L, 
        2021L, 2421L, 22L, 422L, 822L, 1222L, 1622L, 2022L, 2422L, 
        23L, 423L, 823L, 1223L, 1623L, 2023L, 2423L, 24L, 424L, 
        824L, 1224L, 1624L, 2024L, 2424L, 25L, 425L, 825L, 1225L, 
        1625L, 2025L, 2425L, 26L, 426L, 826L, 1226L, 1626L, 2026L, 
        2426L, 27L, 427L, 827L, 1227L, 1627L, 2027L, 2427L, 28L, 
        428L, 828L, 1228L, 1628L, 2028L, 2428L, 29L, 429L, 829L, 
        1229L, 1629L, 2029L, 2429L, 30L, 430L, 830L, 1230L, 1630L, 
        2030L, 2430L, 31L, 431L, 831L, 1231L, 1631L, 2031L, 2431L, 
        32L, 432L, 832L, 1232L, 1632L, 2032L, 2432L, 33L, 433L, 
        833L, 1233L, 1633L, 2033L, 2433L, 34L, 434L, 834L, 1234L, 
        1634L, 2034L, 2434L, 35L, 435L, 835L, 1235L, 1635L, 2035L, 
        2435L, 36L, 436L, 836L, 1236L, 1636L, 2036L, 2436L, 37L, 
        437L, 837L, 1237L, 1637L, 2037L, 2437L, 38L, 438L, 838L, 
        1238L, 1638L, 2038L, 2438L, 39L, 439L, 839L, 1239L, 1639L, 
        2039L, 2439L, 40L, 440L, 840L, 1240L, 1640L, 2040L, 2440L, 
        41L, 441L, 841L, 1241L, 1641L, 2041L, 2441L, 42L, 442L, 
        842L, 1242L, 1642L, 2042L, 2442L, 43L, 443L, 843L, 1243L, 
        1643L, 2043L, 2443L, 44L, 444L, 844L, 1244L, 1644L, 2044L, 
        2444L, 45L, 445L, 845L, 1245L, 1645L, 2045L, 2445L, 46L, 
        446L, 846L, 1246L, 1646L, 2046L, 2446L, 47L, 447L, 847L, 
        1247L, 1647L, 2047L, 2447L, 48L, 448L, 848L, 1248L, 1648L, 
        2048L, 2448L, 49L, 449L, 849L, 1249L, 1649L, 2049L, 2449L, 
        50L, 450L, 850L, 1250L, 1650L, 2050L, 2450L, 51L, 451L, 
        851L, 1251L, 1651L, 2051L, 2451L, 52L, 452L, 852L, 1252L, 
        1652L, 2052L, 2452L, 53L, 453L, 853L, 1253L, 1653L, 2053L, 
        2453L, 54L, 454L, 854L, 1254L, 1654L, 2054L, 2454L, 55L, 
        455L, 855L, 1255L, 1655L, 2055L, 2455L, 56L, 456L, 856L, 
        1256L, 1656L, 2056L, 2456L, 57L, 457L, 857L, 1257L, 1657L, 
        2057L, 2457L, 58L, 458L, 858L, 1258L, 1658L, 2058L, 2458L, 
        59L, 459L, 859L, 1259L, 1659L, 2059L, 2459L, 60L, 460L, 
        860L, 1260L, 1660L, 2060L, 2460L, 61L, 461L, 861L, 1261L, 
        1661L, 2061L, 2461L, 62L, 462L, 862L, 1262L, 1662L, 2062L, 
        2462L, 63L, 463L, 863L, 1263L, 1663L, 2063L, 2463L, 64L, 
        464L, 864L, 1264L, 1664L, 2064L, 2464L, 65L, 465L, 865L, 
        1265L, 1665L, 2065L, 2465L, 66L, 466L, 866L, 1266L, 1666L, 
        2066L, 2466L, 67L, 467L, 867L, 1267L, 1667L, 2067L, 2467L, 
        68L, 468L, 868L, 1268L, 1668L, 2068L, 2468L, 69L, 469L, 
        869L, 1269L, 1669L, 2069L, 2469L, 70L, 470L, 870L, 1270L, 
        1670L, 2070L, 2470L, 71L, 471L, 871L, 1271L, 1671L, 2071L, 
        2471L, 72L, 472L, 872L, 1272L, 1672L, 2072L, 2472L, 73L, 
        473L, 873L, 1273L, 1673L, 2073L, 2473L, 74L, 474L, 874L, 
        1274L, 1674L, 2074L, 2474L, 75L, 475L, 875L, 1275L, 1675L, 
        2075L, 2475L, 76L, 476L, 876L, 1276L, 1676L, 2076L, 2476L, 
        77L, 477L, 877L, 1277L, 1677L, 2077L, 2477L, 78L, 478L, 
        878L, 1278L, 1678L, 2078L, 2478L, 79L, 479L, 879L, 1279L, 
        1679L, 2079L, 2479L, 80L, 480L, 880L, 1280L, 1680L, 2080L, 
        2480L, 81L, 481L, 881L, 1281L, 1681L, 2081L, 2481L, 82L, 
        482L, 882L, 1282L, 1682L, 2082L, 2482L, 83L, 483L, 883L, 
        1283L, 1683L, 2083L, 2483L, 84L, 484L, 884L, 1284L, 1684L, 
        2084L, 2484L, 85L, 485L, 885L, 1285L, 1685L, 2085L, 2485L, 
        86L, 486L, 886L, 1286L, 1686L, 2086L, 2486L, 87L, 487L, 
        887L, 1287L, 1687L, 2087L, 2487L, 88L, 488L, 888L, 1288L, 
        1688L, 2088L, 2488L, 89L, 489L, 889L, 1289L, 1689L, 2089L, 
        2489L, 90L, 490L, 890L, 1290L, 1690L, 2090L, 2490L, 91L, 
        491L, 891L, 1291L, 1691L, 2091L, 2491L, 92L, 492L, 892L, 
        1292L, 1692L, 2092L, 2492L, 93L, 493L, 893L, 1293L, 1693L, 
        2093L, 2493L, 94L, 494L, 894L, 1294L, 1694L, 2094L, 2494L, 
        95L, 495L, 895L, 1295L, 1695L, 2095L, 2495L, 96L, 496L, 
        896L, 1296L, 1696L, 2096L, 2496L, 97L, 497L, 897L, 1297L, 
        1697L, 2097L, 2497L, 98L, 498L, 898L, 1298L, 1698L, 2098L, 
        2498L, 99L, 499L, 899L, 1299L, 1699L, 2099L, 2499L, 100L, 
        500L, 900L, 1300L, 1700L, 2100L, 2500L, 101L, 501L, 901L, 
        1301L, 1701L, 2101L, 2501L, 102L, 502L, 902L, 1302L, 
        1702L, 2102L, 2502L, 103L, 503L, 903L, 1303L, 1703L, 
        2103L, 2503L, 104L, 504L, 904L, 1304L, 1704L, 2104L, 
        2504L, 105L, 505L, 905L, 1305L, 1705L, 2105L, 2505L, 
        106L, 506L, 906L, 1306L, 1706L, 2106L, 2506L, 107L, 507L, 
        907L, 1307L, 1707L, 2107L, 2507L, 108L, 508L, 908L, 1308L, 
        1708L, 2108L, 2508L, 109L, 509L, 909L, 1309L, 1709L, 
        2109L, 2509L, 110L, 510L, 910L, 1310L, 1710L, 2110L, 
        2510L, 111L, 511L, 911L, 1311L, 1711L, 2111L, 2511L, 
        112L, 512L, 912L, 1312L, 1712L, 2112L, 2512L, 113L, 513L, 
        913L, 1313L, 1713L, 2113L, 2513L, 114L, 514L, 914L, 1314L, 
        1714L, 2114L, 2514L, 115L, 515L, 915L, 1315L, 1715L, 
        2115L, 2515L, 116L, 516L, 916L, 1316L, 1716L, 2116L, 
        2516L, 117L, 517L, 917L, 1317L, 1717L, 2117L, 2517L, 
        118L, 518L, 918L, 1318L, 1718L, 2118L, 2518L, 119L, 519L, 
        919L, 1319L, 1719L, 2119L, 2519L, 120L, 520L, 920L, 1320L, 
        1720L, 2120L, 2520L, 121L, 521L, 921L, 1321L, 1721L, 
        2121L, 2521L, 122L, 522L, 922L, 1322L, 1722L, 2122L, 
        2522L, 123L, 523L, 923L, 1323L, 1723L, 2123L, 2523L, 
        124L, 524L, 924L, 1324L, 1724L, 2124L, 2524L, 125L, 525L, 
        925L, 1325L, 1725L, 2125L, 2525L, 126L, 526L, 926L, 1326L, 
        1726L, 2126L, 2526L, 127L, 527L, 927L, 1327L, 1727L, 
        2127L, 2527L, 128L, 528L, 928L, 1328L, 1728L, 2128L, 
        2528L, 129L, 529L, 929L, 1329L, 1729L, 2129L, 2529L, 
        130L, 530L, 930L, 1330L, 1730L, 2130L, 2530L, 131L, 531L, 
        931L, 1331L, 1731L, 2131L, 2531L, 132L, 532L, 932L, 1332L, 
        1732L, 2132L, 2532L, 133L, 533L, 933L, 1333L, 1733L, 
        2133L, 2533L, 134L, 534L, 934L, 1334L, 1734L, 2134L, 
        2534L, 135L, 535L, 935L, 1335L, 1735L, 2135L, 2535L, 
        136L, 536L, 936L, 1336L, 1736L, 2136L, 2536L, 137L, 537L, 
        937L, 1337L, 1737L, 2137L, 2537L, 138L, 538L, 938L, 1338L, 
        1738L, 2138L, 2538L, 139L, 539L, 939L, 1339L, 1739L, 
        2139L, 2539L, 140L, 540L, 940L, 1340L, 1740L, 2140L, 
        2540L, 141L, 541L, 941L, 1341L, 1741L, 2141L, 2541L, 
        142L, 542L, 942L, 1342L, 1742L, 2142L, 2542L, 143L, 543L, 
        943L, 1343L, 1743L, 2143L, 2543L, 144L, 544L, 944L, 1344L, 
        1744L, 2144L, 2544L, 145L, 545L, 945L, 1345L, 1745L, 
        2145L, 2545L, 146L, 546L, 946L, 1346L, 1746L, 2146L, 
        2546L, 147L, 547L, 947L, 1347L, 1747L, 2147L, 2547L, 
        148L, 548L, 948L, 1348L, 1748L, 2148L, 2548L, 149L, 549L, 
        949L, 1349L, 1749L, 2149L, 2549L, 150L, 550L, 950L, 1350L, 
        1750L, 2150L, 2550L, 151L, 551L, 951L, 1351L, 1751L, 
        2151L, 2551L, 152L, 552L, 952L, 1352L, 1752L, 2152L, 
        2552L, 153L, 553L, 953L, 1353L, 1753L, 2153L, 2553L, 
        154L, 554L, 954L, 1354L, 1754L, 2154L, 2554L, 155L, 555L, 
        955L, 1355L, 1755L, 2155L, 2555L, 156L, 556L, 956L, 1356L, 
        1756L, 2156L, 2556L, 157L, 557L, 957L, 1357L, 1757L, 
        2157L, 2557L, 158L, 558L, 958L, 1358L, 1758L, 2158L, 
        2558L, 159L, 559L, 959L, 1359L, 1759L, 2159L, 2559L, 
        160L, 560L, 960L, 1360L, 1760L, 2160L, 2560L, 161L, 561L, 
        961L, 1361L, 1761L, 2161L, 2561L, 162L, 562L, 962L, 1362L, 
        1762L, 2162L, 2562L, 163L, 563L, 963L, 1363L, 1763L, 
        2163L, 2563L, 164L, 564L, 964L, 1364L, 1764L, 2164L, 
        2564L, 165L, 565L, 965L, 1365L, 1765L, 2165L, 2565L, 
        166L, 566L, 966L, 1366L, 1766L, 2166L, 2566L, 167L, 567L, 
        967L, 1367L, 1767L, 2167L, 2567L, 168L, 568L, 968L, 1368L, 
        1768L, 2168L, 2568L, 169L, 569L, 969L, 1369L, 1769L, 
        2169L, 2569L, 170L, 570L, 970L, 1370L, 1770L, 2170L, 
        2570L, 171L, 571L, 971L, 1371L, 1771L, 2171L, 2571L, 
        172L, 572L, 972L, 1372L, 1772L, 2172L, 2572L, 173L, 573L, 
        973L, 1373L, 1773L, 2173L, 2573L, 174L, 574L, 974L, 1374L, 
        1774L, 2174L, 2574L, 175L, 575L, 975L, 1375L, 1775L, 
        2175L, 2575L, 176L, 576L, 976L, 1376L, 1776L, 2176L, 
        2576L, 177L, 577L, 977L, 1377L, 1777L, 2177L, 2577L, 
        178L, 578L, 978L, 1378L, 1778L, 2178L, 2578L, 179L, 579L, 
        979L, 1379L, 1779L, 2179L, 2579L, 180L, 580L, 980L, 1380L, 
        1780L, 2180L, 2580L, 181L, 581L, 981L, 1381L, 1781L, 
        2181L, 2581L, 182L, 582L, 982L, 1382L, 1782L, 2182L, 
        2582L, 183L, 583L, 983L, 1383L, 1783L, 2183L, 2583L, 
        184L, 584L, 984L, 1384L, 1784L, 2184L, 2584L, 185L, 585L, 
        985L, 1385L, 1785L, 2185L, 2585L, 186L, 586L, 986L, 1386L, 
        1786L, 2186L, 2586L, 187L, 587L, 987L, 1387L, 1787L, 
        2187L, 2587L, 188L, 588L, 988L, 1388L, 1788L, 2188L, 
        2588L, 189L, 589L, 989L, 1389L, 1789L, 2189L, 2589L, 
        190L, 590L, 990L, 1390L, 1790L, 2190L, 2590L, 191L, 591L, 
        991L, 1391L, 1791L, 2191L, 2591L, 192L, 592L, 992L, 1392L, 
        1792L, 2192L, 2592L, 193L, 593L, 993L, 1393L, 1793L, 
        2193L, 2593L, 194L, 594L, 994L, 1394L, 1794L, 2194L, 
        2594L, 195L, 595L, 995L, 1395L, 1795L, 2195L, 2595L, 
        196L, 596L, 996L, 1396L, 1796L, 2196L, 2596L, 197L, 597L, 
        997L, 1397L, 1797L, 2197L, 2597L, 198L, 598L, 998L, 1398L, 
        1798L, 2198L, 2598L, 199L, 599L, 999L, 1399L, 1799L, 
        2199L, 2599L, 200L, 600L, 1000L, 1400L, 1800L, 2200L, 
        2600L, 201L, 601L, 1001L, 1401L, 1801L, 2201L, 2601L, 
        202L, 602L, 1002L, 1402L, 1802L, 2202L, 2602L, 203L, 
        603L, 1003L, 1403L, 1803L, 2203L, 2603L, 204L, 604L, 
        1004L, 1404L, 1804L, 2204L, 2604L, 205L, 605L, 1005L, 
        1405L, 1805L, 2205L, 2605L, 206L, 606L, 1006L, 1406L, 
        1806L, 2206L, 2606L, 207L, 607L, 1007L, 1407L, 1807L, 
        2207L, 2607L, 208L, 608L, 1008L, 1408L, 1808L, 2208L, 
        2608L, 209L, 609L, 1009L, 1409L, 1809L, 2209L, 2609L, 
        210L, 610L, 1010L, 1410L, 1810L, 2210L, 2610L, 211L, 
        611L, 1011L, 1411L, 1811L, 2211L, 2611L, 212L, 612L, 
        1012L, 1412L, 1812L, 2212L, 2612L, 213L, 613L, 1013L, 
        1413L, 1813L, 2213L, 2613L, 214L, 614L, 1014L, 1414L, 
        1814L, 2214L, 2614L, 215L, 615L, 1015L, 1415L, 1815L, 
        2215L, 2615L, 216L, 616L, 1016L, 1416L, 1816L, 2216L, 
        2616L, 217L, 617L, 1017L, 1417L, 1817L, 2217L, 2617L, 
        218L, 618L, 1018L, 1418L, 1818L, 2218L, 2618L, 219L, 
        619L, 1019L, 1419L, 1819L, 2219L, 2619L, 220L, 620L, 
        1020L, 1420L, 1820L, 2220L, 2620L, 221L, 621L, 1021L, 
        1421L, 1821L, 2221L, 2621L, 222L, 622L, 1022L, 1422L, 
        1822L, 2222L, 2622L, 223L, 623L, 1023L, 1423L, 1823L, 
        2223L, 2623L, 224L, 624L, 1024L, 1424L, 1824L, 2224L, 
        2624L, 225L, 625L, 1025L, 1425L, 1825L, 2225L, 2625L, 
        226L, 626L, 1026L, 1426L, 1826L, 2226L, 2626L, 227L, 
        627L, 1027L, 1427L, 1827L, 2227L, 2627L, 228L, 628L, 
        1028L, 1428L, 1828L, 2228L, 2628L, 229L, 629L, 1029L, 
        1429L, 1829L, 2229L, 2629L, 230L, 630L, 1030L, 1430L, 
        1830L, 2230L, 2630L, 231L, 631L, 1031L, 1431L, 1831L, 
        2231L, 2631L, 232L, 632L, 1032L, 1432L, 1832L, 2232L, 
        2632L, 233L, 633L, 1033L, 1433L, 1833L, 2233L, 2633L, 
        234L, 634L, 1034L, 1434L, 1834L, 2234L, 2634L, 235L, 
        635L, 1035L, 1435L, 1835L, 2235L, 2635L, 236L, 636L, 
        1036L, 1436L, 1836L, 2236L, 2636L, 237L, 637L, 1037L, 
        1437L, 1837L, 2237L, 2637L, 238L, 638L, 1038L, 1438L, 
        1838L, 2238L, 2638L, 239L, 639L, 1039L, 1439L, 1839L, 
        2239L, 2639L, 240L, 640L, 1040L, 1440L, 1840L, 2240L, 
        2640L, 241L, 641L, 1041L, 1441L, 1841L, 2241L, 2641L, 
        242L, 642L, 1042L, 1442L, 1842L, 2242L, 2642L, 243L, 
        643L, 1043L, 1443L, 1843L, 2243L, 2643L, 244L, 644L, 
        1044L, 1444L, 1844L, 2244L, 2644L, 245L, 645L, 1045L, 
        1445L, 1845L, 2245L, 2645L, 246L, 646L, 1046L, 1446L, 
        1846L, 2246L, 2646L, 247L, 647L, 1047L, 1447L, 1847L, 
        2247L, 2647L, 248L, 648L, 1048L, 1448L, 1848L, 2248L, 
        2648L, 249L, 649L, 1049L, 1449L, 1849L, 2249L, 2649L, 
        250L, 650L, 1050L, 1450L, 1850L, 2250L, 2650L, 251L, 
        651L, 1051L, 1451L, 1851L, 2251L, 2651L, 252L, 652L, 
        1052L, 1452L, 1852L, 2252L, 2652L, 253L, 653L, 1053L, 
        1453L, 1853L, 2253L, 2653L, 254L, 654L, 1054L, 1454L, 
        1854L, 2254L, 2654L, 255L, 655L, 1055L, 1455L, 1855L, 
        2255L, 2655L, 256L, 656L, 1056L, 1456L, 1856L, 2256L, 
        2656L, 257L, 657L, 1057L, 1457L, 1857L, 2257L, 2657L, 
        258L, 658L, 1058L, 1458L, 1858L, 2258L, 2658L, 259L, 
        659L, 1059L, 1459L, 1859L, 2259L, 2659L, 260L, 660L, 
        1060L, 1460L, 1860L, 2260L, 2660L, 261L, 661L, 1061L, 
        1461L, 1861L, 2261L, 2661L, 262L, 662L, 1062L, 1462L, 
        1862L, 2262L, 2662L, 263L, 663L, 1063L, 1463L, 1863L, 
        2263L, 2663L, 264L, 664L, 1064L, 1464L, 1864L, 2264L, 
        2664L, 265L, 665L, 1065L, 1465L, 1865L, 2265L, 2665L, 
        266L, 666L, 1066L, 1466L, 1866L, 2266L, 2666L, 267L, 
        667L, 1067L, 1467L, 1867L, 2267L, 2667L, 268L, 668L, 
        1068L, 1468L, 1868L, 2268L, 2668L, 269L, 669L, 1069L, 
        1469L, 1869L, 2269L, 2669L, 270L, 670L, 1070L, 1470L, 
        1870L, 2270L, 2670L, 271L, 671L, 1071L, 1471L, 1871L, 
        2271L, 2671L, 272L, 672L, 1072L, 1472L, 1872L, 2272L, 
        2672L, 273L, 673L, 1073L, 1473L, 1873L, 2273L, 2673L, 
        274L, 674L, 1074L, 1474L, 1874L, 2274L, 2674L, 275L, 
        675L, 1075L, 1475L, 1875L, 2275L, 2675L, 276L, 676L, 
        1076L, 1476L, 1876L, 2276L, 2676L, 277L, 677L, 1077L, 
        1477L, 1877L, 2277L, 2677L, 278L, 678L, 1078L, 1478L, 
        1878L, 2278L, 2678L, 279L, 679L, 1079L, 1479L, 1879L, 
        2279L, 2679L, 280L, 680L, 1080L, 1480L, 1880L, 2280L, 
        2680L, 281L, 681L, 1081L, 1481L, 1881L, 2281L, 2681L, 
        282L, 682L, 1082L, 1482L, 1882L, 2282L, 2682L, 283L, 
        683L, 1083L, 1483L, 1883L, 2283L, 2683L, 284L, 684L, 
        1084L, 1484L, 1884L, 2284L, 2684L, 285L, 685L, 1085L, 
        1485L, 1885L, 2285L, 2685L, 286L, 686L, 1086L, 1486L, 
        1886L, 2286L, 2686L, 287L, 687L, 1087L, 1487L, 1887L, 
        2287L, 2687L, 288L, 688L, 1088L, 1488L, 1888L, 2288L, 
        2688L, 289L, 689L, 1089L, 1489L, 1889L, 2289L, 2689L, 
        290L, 690L, 1090L, 1490L, 1890L, 2290L, 2690L, 291L, 
        691L, 1091L, 1491L, 1891L, 2291L, 2691L, 292L, 692L, 
        1092L, 1492L, 1892L, 2292L, 2692L, 293L, 693L, 1093L, 
        1493L, 1893L, 2293L, 2693L, 294L, 694L, 1094L, 1494L, 
        1894L, 2294L, 2694L, 295L, 695L, 1095L, 1495L, 1895L, 
        2295L, 2695L, 296L, 696L, 1096L, 1496L, 1896L, 2296L, 
        2696L, 297L, 697L, 1097L, 1497L, 1897L, 2297L, 2697L, 
        298L, 698L, 1098L, 1498L, 1898L, 2298L, 2698L, 299L, 
        699L, 1099L, 1499L, 1899L, 2299L, 2699L, 300L, 700L, 
        1100L, 1500L, 1900L, 2300L, 2700L, 301L, 701L, 1101L, 
        1501L, 1901L, 2301L, 2701L, 302L, 702L, 1102L, 1502L, 
        1902L, 2302L, 2702L, 303L, 703L, 1103L, 1503L, 1903L, 
        2303L, 2703L, 304L, 704L, 1104L, 1504L, 1904L, 2304L, 
        2704L, 305L, 705L, 1105L, 1505L, 1905L, 2305L, 2705L, 
        306L, 706L, 1106L, 1506L, 1906L, 2306L, 2706L, 307L, 
        707L, 1107L, 1507L, 1907L, 2307L, 2707L, 308L, 708L, 
        1108L, 1508L, 1908L, 2308L, 2708L, 309L, 709L, 1109L, 
        1509L, 1909L, 2309L, 2709L, 310L, 710L, 1110L, 1510L, 
        1910L, 2310L, 2710L, 311L, 711L, 1111L, 1511L, 1911L, 
        2311L, 2711L, 312L, 712L, 1112L, 1512L, 1912L, 2312L, 
        2712L, 313L, 713L, 1113L, 1513L, 1913L, 2313L, 2713L, 
        314L, 714L, 1114L, 1514L, 1914L, 2314L, 2714L, 315L, 
        715L, 1115L, 1515L, 1915L, 2315L, 2715L, 316L, 716L, 
        1116L, 1516L, 1916L, 2316L, 2716L, 317L, 717L, 1117L, 
        1517L, 1917L, 2317L, 2717L, 318L, 718L, 1118L, 1518L, 
        1918L, 2318L, 2718L, 319L, 719L, 1119L, 1519L, 1919L, 
        2319L, 2719L, 320L, 720L, 1120L, 1520L, 1920L, 2320L, 
        2720L, 321L, 721L, 1121L, 1521L, 1921L, 2321L, 2721L, 
        322L, 722L, 1122L, 1522L, 1922L, 2322L, 2722L, 323L, 
        723L, 1123L, 1523L, 1923L, 2323L, 2723L, 324L, 724L, 
        1124L, 1524L, 1924L, 2324L, 2724L, 325L, 725L, 1125L, 
        1525L, 1925L, 2325L, 2725L, 326L, 726L, 1126L, 1526L, 
        1926L, 2326L, 2726L, 327L, 727L, 1127L, 1527L, 1927L, 
        2327L, 2727L, 328L, 728L, 1128L, 1528L, 1928L, 2328L, 
        2728L, 329L, 729L, 1129L, 1529L, 1929L, 2329L, 2729L, 
        330L, 730L, 1130L, 1530L, 1930L, 2330L, 2730L, 331L, 
        731L, 1131L, 1531L, 1931L, 2331L, 2731L, 332L, 732L, 
        1132L, 1532L, 1932L, 2332L, 2732L, 333L, 733L, 1133L, 
        1533L, 1933L, 2333L, 2733L, 334L, 734L, 1134L, 1534L, 
        1934L, 2334L, 2734L, 335L, 735L, 1135L, 1535L, 1935L, 
        2335L, 2735L, 336L, 736L, 1136L, 1536L, 1936L, 2336L, 
        2736L, 337L, 737L, 1137L, 1537L, 1937L, 2337L, 2737L, 
        338L, 738L, 1138L, 1538L, 1938L, 2338L, 2738L, 339L, 
        739L, 1139L, 1539L, 1939L, 2339L, 2739L, 340L, 740L, 
        1140L, 1540L, 1940L, 2340L, 2740L, 341L, 741L, 1141L, 
        1541L, 1941L, 2341L, 2741L, 342L, 742L, 1142L, 1542L, 
        1942L, 2342L, 2742L, 343L, 743L, 1143L, 1543L, 1943L, 
        2343L, 2743L, 344L, 744L, 1144L, 1544L, 1944L, 2344L, 
        2744L, 345L, 745L, 1145L, 1545L, 1945L, 2345L, 2745L, 
        346L, 746L, 1146L, 1546L, 1946L, 2346L, 2746L, 347L, 
        747L, 1147L, 1547L, 1947L, 2347L, 2747L, 348L, 748L, 
        1148L, 1548L, 1948L, 2348L, 2748L, 349L, 749L, 1149L, 
        1549L, 1949L, 2349L, 2749L, 350L, 750L, 1150L, 1550L, 
        1950L, 2350L, 2750L, 351L, 751L, 1151L, 1551L, 1951L, 
        2351L, 2751L, 352L, 752L, 1152L, 1552L, 1952L, 2352L, 
        2752L, 353L, 753L, 1153L, 1553L, 1953L, 2353L, 2753L, 
        354L, 754L, 1154L, 1554L, 1954L, 2354L, 2754L, 355L, 
        755L, 1155L, 1555L, 1955L, 2355L, 2755L, 356L, 756L, 
        1156L, 1556L, 1956L, 2356L, 2756L, 357L, 757L, 1157L, 
        1557L, 1957L, 2357L, 2757L, 358L, 758L, 1158L, 1558L, 
        1958L, 2358L, 2758L, 359L, 759L, 1159L, 1559L, 1959L, 
        2359L, 2759L, 360L, 760L, 1160L, 1560L, 1960L, 2360L, 
        2760L, 361L, 761L, 1161L, 1561L, 1961L, 2361L, 2761L, 
        362L, 762L, 1162L, 1562L, 1962L, 2362L, 2762L, 363L, 
        763L, 1163L, 1563L, 1963L, 2363L, 2763L, 364L, 764L, 
        1164L, 1564L, 1964L, 2364L, 2764L, 365L, 765L, 1165L, 
        1565L, 1965L, 2365L, 2765L, 366L, 766L, 1166L, 1566L, 
        1966L, 2366L, 2766L, 367L, 767L, 1167L, 1567L, 1967L, 
        2367L, 2767L, 368L, 768L, 1168L, 1568L, 1968L, 2368L, 
        2768L, 369L, 769L, 1169L, 1569L, 1969L, 2369L, 2769L, 
        370L, 770L, 1170L, 1570L, 1970L, 2370L, 2770L, 371L, 
        771L, 1171L, 1571L, 1971L, 2371L, 2771L, 372L, 772L, 
        1172L, 1572L, 1972L, 2372L, 2772L, 373L, 773L, 1173L, 
        1573L, 1973L, 2373L, 2773L, 374L, 774L, 1174L, 1574L, 
        1974L, 2374L, 2774L, 375L, 775L, 1175L, 1575L, 1975L, 
        2375L, 2775L, 376L, 776L, 1176L, 1576L, 1976L, 2376L, 
        2776L, 377L, 777L, 1177L, 1577L, 1977L, 2377L, 2777L, 
        378L, 778L, 1178L, 1578L, 1978L, 2378L, 2778L, 379L, 
        779L, 1179L, 1579L, 1979L, 2379L, 2779L, 380L, 780L, 
        1180L, 1580L, 1980L, 2380L, 2780L, 381L, 781L, 1181L, 
        1581L, 1981L, 2381L, 2781L, 382L, 782L, 1182L, 1582L, 
        1982L, 2382L, 2782L, 383L, 783L, 1183L, 1583L, 1983L, 
        2383L, 2783L, 384L, 784L, 1184L, 1584L, 1984L, 2384L, 
        2784L, 385L, 785L, 1185L, 1585L, 1985L, 2385L, 2785L, 
        386L, 786L, 1186L, 1586L, 1986L, 2386L, 2786L, 387L, 
        787L, 1187L, 1587L, 1987L, 2387L, 2787L, 388L, 788L, 
        1188L, 1588L, 1988L, 2388L, 2788L, 389L, 789L, 1189L, 
        1589L, 1989L, 2389L, 2789L, 390L, 790L, 1190L, 1590L, 
        1990L, 2390L, 2790L, 391L, 791L, 1191L, 1591L, 1991L, 
        2391L, 2791L, 392L, 792L, 1192L, 1592L, 1992L, 2392L, 
        2792L, 393L, 793L, 1193L, 1593L, 1993L, 2393L, 2793L, 
        394L, 794L, 1194L, 1594L, 1994L, 2394L, 2794L, 395L, 
        795L, 1195L, 1595L, 1995L, 2395L, 2795L, 396L, 796L, 
        1196L, 1596L, 1996L, 2396L, 2796L, 397L, 797L, 1197L, 
        1597L, 1997L, 2397L, 2797L, 398L, 798L, 1198L, 1598L, 
        1998L, 2398L, 2798L, 399L, 799L, 1199L, 1599L, 1999L, 
        2399L, 2799L, 400L, 800L, 1200L, 1600L, 2000L, 2400L, 
        2800L), u_mat_inds_all_y = c(1L, 2801L, 2808L, 2815L, 
        2822L, 2829L, 2836L, 2843L, 2850L, 2857L, 2864L, 2871L, 
        2878L, 2885L, 2892L, 2899L, 2906L, 2913L, 2920L, 2927L, 
        2934L, 2941L, 2948L, 2955L, 2962L, 2969L, 2976L, 2983L, 
        2990L, 2997L, 3004L, 3011L, 3018L, 3025L, 3032L, 3039L, 
        3046L, 3053L, 3060L, 3067L, 3074L, 3081L, 3088L, 3095L, 
        3102L, 3109L, 3116L, 3123L, 3130L, 3137L, 3144L, 3151L, 
        3158L, 3165L, 3172L, 3179L, 3186L, 3193L, 3200L, 3207L, 
        3214L, 3221L, 3228L, 3235L, 3242L, 3249L, 3256L, 3263L, 
        3270L, 3277L, 3284L, 3291L, 3298L, 3305L, 3312L, 3319L, 
        3326L, 3333L, 3340L, 3347L, 3354L, 3361L, 3368L, 3375L, 
        3382L, 3389L, 3396L, 3403L, 3410L, 3417L, 3424L, 3431L, 
        3438L, 3445L, 3452L, 3459L, 3466L, 3473L, 3480L, 3487L, 
        3494L, 3501L, 3508L, 3515L, 3522L, 3529L, 3536L, 3543L, 
        3550L, 3557L, 3564L, 3571L, 3578L, 3585L, 3592L, 3599L, 
        3606L, 3613L, 3620L, 3627L, 3634L, 3641L, 3648L, 3655L, 
        3662L, 3669L, 3676L, 3683L, 3690L, 3697L, 3704L, 3711L, 
        3718L, 3725L, 3732L, 3739L, 3746L, 3753L, 3760L, 3767L, 
        3774L, 3781L, 3788L, 3795L, 3802L, 3809L, 3816L, 3823L, 
        3830L, 3837L, 3844L, 3851L, 3858L, 3865L, 3872L, 3879L, 
        3886L, 3893L, 3900L, 3907L, 3914L, 3921L, 3928L, 3935L, 
        3942L, 3949L, 3956L, 3963L, 3970L, 3977L, 3984L, 3991L, 
        3998L, 4005L, 4012L, 4019L, 4026L, 4033L, 4040L, 4047L, 
        4054L, 4061L, 4068L, 4075L, 4082L, 4089L, 4096L, 4103L, 
        4110L, 4117L, 4124L, 4131L, 4138L, 4145L, 4152L, 4159L, 
        4166L, 4173L, 4180L, 4187L, 4194L, 4201L, 4208L, 4215L, 
        4222L, 4229L, 4236L, 4243L, 4250L, 4257L, 4264L, 4271L, 
        4278L, 4285L, 4292L, 4299L, 4306L, 4313L, 4320L, 4327L, 
        4334L, 4341L, 4348L, 4355L, 4362L, 4369L, 4376L, 4383L, 
        4390L, 4397L, 4404L, 4411L, 4418L, 4425L, 4432L, 4439L, 
        4446L, 4453L, 4460L, 4467L, 4474L, 4481L, 4488L, 4495L, 
        4502L, 4509L, 4516L, 4523L, 4530L, 4537L, 4544L, 4551L, 
        4558L, 4565L, 4572L, 4579L, 4586L, 4593L, 4600L, 4607L, 
        4614L, 4621L, 4628L, 4635L, 4642L, 4649L, 4656L, 4663L, 
        4670L, 4677L, 4684L, 4691L, 4698L, 4705L, 4712L, 4719L, 
        4726L, 4733L, 4740L, 4747L, 4754L, 4761L, 4768L, 4775L, 
        4782L, 4789L, 4796L, 4803L, 4810L, 4817L, 4824L, 4831L, 
        4838L, 4845L, 4852L, 4859L, 4866L, 4873L, 4880L, 4887L, 
        4894L, 4901L, 4908L, 4915L, 4922L, 4929L, 4936L, 4943L, 
        4950L, 4957L, 4964L, 4971L, 4978L, 4985L, 4992L, 4999L, 
        5006L, 5013L, 5020L, 5027L, 5034L, 5041L, 5048L, 5055L, 
        5062L, 5069L, 5076L, 5083L, 5090L, 5097L, 5104L, 5111L, 
        5118L, 5125L, 5132L, 5139L, 5146L, 5153L, 5160L, 5167L, 
        5174L, 5181L, 5188L, 5195L, 5202L, 5209L, 5216L, 5223L, 
        5230L, 5237L, 5244L, 5251L, 5258L, 5265L, 5272L, 5279L, 
        5286L, 5293L, 5300L, 5307L, 5314L, 5321L, 5328L, 5335L, 
        5342L, 5349L, 5356L, 5363L, 5370L, 5377L, 5384L, 5391L, 
        5398L, 5405L, 5412L, 5419L, 5426L, 5433L, 5440L, 5447L, 
        5454L, 5461L, 5468L, 5475L, 5482L, 5489L, 5496L, 5503L, 
        5510L, 5517L, 5524L, 5531L, 5538L, 5545L, 5552L, 5559L, 
        5566L, 5573L, 5580L, 5587L, 5594L), lm_time_grid = 1, 
        n_lm_time_grid = 1L), init = function () 
    values_initial_expanded)`: unused argument (exe_file = "/tmp/RtmpcfZE6k/misc_longitudinal_sample_rejection")
Backtrace:
    x
 1. +-testthat::capture_messages(...) at test-misc_models.R:52:4
 2. | \-base::withCallingHandlers(...)
 3. +-utils::capture.output(...) at test-misc_models.R:53:8
 4. | \-base::withVisible(...elt(i))
 5. +-jmpost::sampleStanModel(...) at test-misc_models.R:54:12
 6. \-jmpost::sampleStanModel(...)
 7.   \-jmpost (local) .local(object, ..., exe_dir = exe_dir)
 8.     \-base::do.call(model$sample, args)</error>
    </testcase>
  </testsuite>
  <testsuite name="model_random_slope" timestamp="2023-08-16T16:25:04Z" hostname="c7d822c65aee" tests="1" skipped="0" failures="0" errors="1" time="1.595">
    <testcase time="1.595" classname="model_random_slope" name="Random_Slope_Model_can_recover_known_parameter_values">
      <error type="error" message="Error in `(function (data = NULL, seed = NULL, refresh = NULL, init = NULL,  ('test-model_random_slope.R:56:5')">Error in `(function (data = NULL, seed = NULL, refresh = NULL, init = NULL, 
    save_latent_dynamics = FALSE, output_dir = NULL, output_basename = NULL, 
    sig_figs = NULL, chains = 4, parallel_chains = getOption("mc.cores", 
        1), chain_ids = seq_len(chains), threads_per_chain = NULL, 
    opencl_ids = NULL, iter_warmup = NULL, iter_sampling = NULL, 
    save_warmup = FALSE, thin = NULL, max_treedepth = NULL, adapt_engaged = TRUE, 
    adapt_delta = NULL, step_size = NULL, metric = NULL, metric_file = NULL, 
    inv_metric = NULL, init_buffer = NULL, term_buffer = NULL, 
    window = NULL, fixed_param = FALSE, show_messages = TRUE, 
    show_exceptions = TRUE, diagnostics = c("divergences", "treedepth", 
        "ebfmi"), cores = NULL, num_cores = NULL, num_chains = NULL, 
    num_warmup = NULL, num_samples = NULL, validate_csv = NULL, 
    save_extra_diagnostics = NULL, max_depth = NULL, stepsize = NULL) 
{
    if (!is.null(cores)) {
        warning("'cores' is deprecated. Please use 'parallel_chains' instead.")
        parallel_chains &lt;- cores
    }
    if (!is.null(num_cores)) {
        warning("'num_cores' is deprecated. Please use 'parallel_chains' instead.")
        parallel_chains &lt;- num_cores
    }
    if (!is.null(num_chains)) {
        warning("'num_chains' is deprecated. Please use 'chains' instead.")
        chains &lt;- num_chains
    }
    if (!is.null(num_warmup)) {
        warning("'num_warmup' is deprecated. Please use 'iter_warmup' instead.")
        iter_warmup &lt;- num_warmup
    }
    if (!is.null(num_samples)) {
        warning("'num_samples' is deprecated. Please use 'iter_sampling' instead.")
        iter_sampling &lt;- num_samples
    }
    if (!is.null(max_depth)) {
        warning("'max_depth' is deprecated. Please use 'max_treedepth' instead.")
        max_treedepth &lt;- max_depth
    }
    if (!is.null(stepsize)) {
        warning("'stepsize' is deprecated. Please use 'step_size' instead.")
        step_size &lt;- stepsize
    }
    if (!is.null(save_extra_diagnostics)) {
        warning("'save_extra_diagnostics' is deprecated. Please use 'save_latent_dynamics' instead.")
        save_latent_dynamics &lt;- save_extra_diagnostics
    }
    if (!is.null(validate_csv)) {
        warning("'validate_csv' is deprecated. Please use 'diagnostics' instead.")
        if (is.logical(validate_csv)) {
            if (validate_csv) {
                diagnostics &lt;- c("divergences", "treedepth", 
                  "ebfmi")
            }
            else {
                diagnostics &lt;- NULL
            }
        }
    }
    if (cmdstan_version() &gt;= "2.27.0" &amp;&amp; !fixed_param) {
        if (self$has_stan_file() &amp;&amp; file.exists(self$stan_file())) {
            if (!is.null(self$variables()) &amp;&amp; length(self$variables()$parameters) == 
                0) {
                stop("Model contains no parameters. Please use 'fixed_param = TRUE'.", 
                  call. = FALSE)
            }
        }
    }
    if (fixed_param) {
        save_warmup &lt;- FALSE
    }
    procs &lt;- CmdStanMCMCProcs$new(num_procs = checkmate::assert_integerish(chains, 
        lower = 1, len = 1), parallel_procs = checkmate::assert_integerish(parallel_chains, 
        lower = 1, null.ok = TRUE), threads_per_proc = assert_valid_threads(threads_per_chain, 
        self$cpp_options(), multiple_chains = TRUE), show_stderr_messages = show_exceptions, 
        show_stdout_messages = show_messages)
    model_variables &lt;- NULL
    if (is_variables_method_supported(self)) {
        model_variables &lt;- self$variables()
    }
    sample_args &lt;- SampleArgs$new(iter_warmup = iter_warmup, 
        iter_sampling = iter_sampling, save_warmup = save_warmup, 
        thin = thin, max_treedepth = max_treedepth, adapt_engaged = adapt_engaged, 
        adapt_delta = adapt_delta, step_size = step_size, metric = metric, 
        metric_file = metric_file, inv_metric = inv_metric, init_buffer = init_buffer, 
        term_buffer = term_buffer, window = window, fixed_param = fixed_param, 
        diagnostics = diagnostics)
    args &lt;- CmdStanArgs$new(method_args = sample_args, stan_file = self$stan_file(), 
        stan_code = suppressWarnings(self$code()), model_methods_env = private$model_methods_env_, 
        standalone_env = self$functions, model_name = self$model_name(), 
        exe_file = self$exe_file(), proc_ids = checkmate::assert_integerish(chain_ids, 
            lower = 1, len = chains, unique = TRUE, null.ok = FALSE), 
        data_file = process_data(data, model_variables), save_latent_dynamics = save_latent_dynamics, 
        seed = seed, init = init, refresh = refresh, output_dir = output_dir, 
        output_basename = output_basename, sig_figs = sig_figs, 
        opencl_ids = assert_valid_opencl(opencl_ids, self$cpp_options()), 
        model_variables = model_variables)
    runset &lt;- CmdStanRun$new(args, procs)
    runset$run_cmdstan()
    CmdStanMCMC$new(runset)
})(iter_sampling = 200, iter_warmup = 200, chains = 1, parallel_chains = 1, 
    exe_file = "/tmp/RtmpcfZE6k/misc_longitudinal_simulation_concordance", 
    data = list(Nind = 400L, Nind_dead = 398, dead_ind_index = c(1L, 
    2L, 3L, 4L, 5L, 6L, 7L, 8L, 9L, 10L, 11L, 12L, 13L, 14L, 
    15L, 16L, 17L, 18L, 19L, 20L, 21L, 22L, 23L, 24L, 25L, 26L, 
    27L, 28L, 29L, 30L, 31L, 32L, 33L, 34L, 35L, 36L, 37L, 38L, 
    39L, 40L, 41L, 42L, 43L, 44L, 45L, 46L, 47L, 48L, 49L, 50L, 
    51L, 52L, 53L, 54L, 55L, 56L, 57L, 58L, 59L, 60L, 61L, 62L, 
    63L, 64L, 65L, 66L, 67L, 68L, 69L, 70L, 71L, 72L, 73L, 74L, 
    75L, 76L, 77L, 78L, 79L, 80L, 81L, 82L, 83L, 84L, 85L, 86L, 
    87L, 88L, 89L, 90L, 91L, 92L, 93L, 94L, 95L, 96L, 97L, 98L, 
    99L, 100L, 101L, 102L, 103L, 104L, 105L, 106L, 107L, 108L, 
    109L, 110L, 111L, 112L, 113L, 114L, 115L, 116L, 117L, 118L, 
    119L, 120L, 121L, 122L, 123L, 124L, 125L, 126L, 127L, 128L, 
    129L, 130L, 131L, 132L, 133L, 134L, 135L, 136L, 137L, 138L, 
    139L, 140L, 141L, 142L, 143L, 144L, 145L, 146L, 148L, 149L, 
    150L, 151L, 152L, 153L, 154L, 155L, 156L, 157L, 158L, 159L, 
    160L, 161L, 162L, 163L, 164L, 165L, 166L, 167L, 168L, 169L, 
    170L, 171L, 172L, 173L, 174L, 175L, 176L, 177L, 178L, 179L, 
    180L, 181L, 182L, 183L, 184L, 185L, 186L, 187L, 188L, 189L, 
    190L, 191L, 192L, 193L, 194L, 195L, 196L, 197L, 198L, 199L, 
    200L, 201L, 202L, 203L, 204L, 205L, 206L, 207L, 208L, 209L, 
    210L, 211L, 212L, 213L, 214L, 215L, 216L, 217L, 218L, 219L, 
    220L, 221L, 222L, 223L, 224L, 225L, 226L, 227L, 228L, 229L, 
    230L, 231L, 232L, 233L, 234L, 235L, 236L, 237L, 238L, 239L, 
    240L, 241L, 242L, 243L, 244L, 245L, 246L, 247L, 248L, 249L, 
    250L, 251L, 252L, 253L, 254L, 255L, 256L, 257L, 258L, 259L, 
    260L, 261L, 262L, 263L, 264L, 265L, 266L, 267L, 268L, 269L, 
    270L, 271L, 272L, 273L, 274L, 275L, 276L, 277L, 278L, 279L, 
    280L, 281L, 282L, 283L, 284L, 285L, 286L, 287L, 288L, 289L, 
    290L, 291L, 292L, 293L, 294L, 295L, 296L, 297L, 298L, 299L, 
    300L, 301L, 302L, 303L, 304L, 305L, 306L, 307L, 308L, 309L, 
    310L, 311L, 312L, 313L, 314L, 315L, 316L, 317L, 318L, 319L, 
    320L, 321L, 322L, 323L, 324L, 325L, 326L, 327L, 328L, 329L, 
    331L, 332L, 333L, 334L, 335L, 336L, 337L, 338L, 339L, 340L, 
    341L, 342L, 343L, 344L, 345L, 346L, 347L, 348L, 349L, 350L, 
    351L, 352L, 353L, 354L, 355L, 356L, 357L, 358L, 359L, 360L, 
    361L, 362L, 363L, 364L, 365L, 366L, 367L, 368L, 369L, 370L, 
    371L, 372L, 373L, 374L, 375L, 376L, 377L, 378L, 379L, 380L, 
    381L, 382L, 383L, 384L, 385L, 386L, 387L, 388L, 389L, 390L, 
    391L, 392L, 393L, 394L, 395L, 396L, 397L, 398L, 399L, 400L
    ), Times = c(13, 45, 505, 217, 51, 200, 1, 16, 69, 64, 211, 
    85, 237, 219, 243, 13, 33, 16, 83, 10, 87, 69, 142, 189, 
    81, 110, 244, 68, 76, 18, 1, 217, 251, 34, 41, 170, 36, 105, 
    104, 70, 44, 58, 17, 6, 132, 180, 8, 15, 47, 160, 113, 31, 
    28, 270, 66, 71, 224, 139, 788, 78, 35, 126, 73, 105, 60, 
    8, 17, 49, 741, 22, 148, 23, 129, 112, 42, 96, 151, 269, 
    162, 23, 135, 124, 619, 237, 60, 17, 380, 7, 64, 55, 47, 
    389, 162, 75, 65, 51, 177, 138, 237, 93, 91, 29, 295, 124, 
    47, 64, 359, 36, 58, 30, 220, 86, 150, 103, 8, 58, 363, 27, 
    62, 183, 33, 87, 51, 93, 186, 199, 57, 195, 371, 4, 2, 659, 
    20, 93, 27, 33, 685, 248, 36, 58, 59, 47, 4, 88, 13, 111, 
    38.0723350681365, 143, 14, 41, 289, 82, 71, 19, 28, 215, 
    119, 91, 164, 135, 576, 70, 164, 31, 12, 10, 147, 49, 6, 
    42, 181, 101, 70, 3, 190, 68, 242, 96, 14, 35, 175, 54, 29, 
    17, 23, 87, 71, 230, 17, 42, 156, 18, 106, 24, 15, 35, 51, 
    22, 266, 315, 278, 52, 629, 214, 72, 81, 81, 6, 100, 142, 
    80, 5, 4, 185, 74, 74, 30, 13, 214, 30, 62, 81, 145, 272, 
    119, 56, 3, 26, 116, 100, 94, 21, 39, 53, 69, 159, 64, 158, 
    1, 114, 109, 40, 34, 8, 157, 4, 98, 58, 5, 438, 189, 131, 
    14, 145, 30, 91, 204, 378, 46, 106, 37, 85, 156, 268, 158, 
    37, 111, 110, 61, 37, 30, 93, 41, 50, 511, 334, 203, 215, 
    95, 179, 30, 30, 26, 29, 84, 7, 408, 68, 619, 51, 27, 43, 
    16, 2, 113, 54, 96, 91, 199, 205, 71, 328, 223, 98, 115, 
    15, 19, 27, 153, 6, 7, 64, 100, 20, 22, 22, 210, 87, 198, 
    129, 184, 128, 10, 25, 186, 364, 371, 167, 310, 215.790437534451, 
    100, 38, 21, 361, 36, 21, 5, 174, 77, 49, 149, 50, 66, 166, 
    51, 63, 337, 82, 51, 182, 108, 47, 111, 75, 10, 56, 104, 
    340, 61, 45, 156, 12, 37, 22, 2, 96, 38, 36, 6, 116, 16, 
    142, 164, 153, 5, 6, 165, 73, 3, 20, 253, 316, 16, 260, 55, 
    4, 11, 277, 92, 35, 257, 579, 204, 310, 65, 33, 54, 30, 45, 
    43), p_os_cov_design = 3L, os_cov_design = structure(c(0, 
    0, 1, 1, 0, 1, 1, 1, 1, 0, 1, 1, 0, 0, 1, 0, 1, 0, 0, 0, 
    0, 0, 1, 0, 1, 1, 0, 0, 1, 0, 1, 1, 0, 0, 0, 1, 1, 0, 0, 
    0, 0, 1, 1, 1, 0, 0, 1, 0, 0, 0, 0, 0, 0, 1, 0, 0, 0, 0, 
    1, 0, 1, 0, 0, 0, 0, 0, 0, 1, 0, 1, 0, 1, 1, 1, 1, 0, 0, 
    1, 0, 0, 0, 0, 1, 1, 0, 0, 1, 0, 1, 1, 0, 0, 1, 1, 1, 0, 
    1, 0, 0, 0, 1, 0, 1, 0, 0, 0, 1, 1, 0, 0, 0, 1, 1, 1, 0, 
    0, 0, 0, 0, 1, 1, 1, 0, 0, 0, 0, 0, 1, 1, 0, 0, 1, 0, 1, 
    0, 0, 0, 0, 0, 0, 0, 1, 0, 0, 0, 1, 0, 1, 0, 1, 0, 0, 0, 
    0, 0, 1, 0, 0, 0, 0, 1, 0, 1, 0, 0, 0, 0, 0, 0, 0, 0, 1, 
    0, 0, 0, 1, 0, 0, 0, 0, 0, 1, 1, 0, 0, 1, 0, 1, 1, 0, 0, 
    0, 0, 1, 0, 0, 1, 0, 1, 1, 1, 1, 1, 0, 0, 0, 0, 0, 1, 1, 
    0, 0, 0, 0, 0, 1, 0, 0, 0, 1, 1, 0, 0, 1, 0, 0, 0, 0, 1, 
    1, 0, 0, 0, 1, 0, 1, 1, 0, 0, 1, 0, 0, 1, 0, 0, 1, 0, 0, 
    0, 0, 0, 0, 0, 1, 1, 1, 0, 1, 0, 1, 1, 1, 0, 1, 1, 0, 0, 
    0, 0, 0, 0, 0, 1, 0, 1, 0, 0, 1, 1, 1, 1, 0, 0, 0, 1, 0, 
    1, 0, 1, 1, 0, 0, 0, 0, 0, 1, 1, 1, 0, 0, 0, 0, 0, 0, 1, 
    0, 0, 0, 1, 0, 1, 0, 1, 0, 0, 0, 0, 0, 0, 0, 0, 1, 0, 0, 
    1, 1, 0, 1, 0, 1, 0, 0, 0, 1, 1, 1, 0, 1, 0, 0, 1, 1, 0, 
    0, 0, 1, 1, 1, 1, 1, 0, 0, 0, 0, 0, 0, 0, 1, 0, 1, 0, 0, 
    1, 0, 1, 0, 0, 0, 1, 0, 1, 0, 0, 0, 1, 1, 1, 0, 0, 1, 0, 
    0, 0, 0, 1, 0, 0, 1, 0, 0, 0, 1, 1, 1, 1, 0, 0, 0, 0, 0, 
    0, 0, 0, 0, 0, 0, 0, 0, 0, 0, 0, 0, 0, 1, 0, 1, 0, 1, 0, 
    1, 0, 0, 0, 1, 0, 0, 0, 1, 0, 0, 0, 0, 1, 0, 1, 0, 0, 1, 
    1, 1, 0, 0, 0, 0, 0, 1, 0, 1, 1, 1, 0, 1, 0, 0, 1, 1, 1, 
    0, 0, 0, 0, 1, 1, 1, 0, 1, 0, 0, 0, 0, 0, 0, 0, 0, 0, 1, 
    0, 0, 0, 1, 0, 1, 0, 0, 1, 0, 0, 0, 0, 0, 1, 0, 0, 0, 0, 
    1, 0, 0, 0, 0, 0, 1, 0, 0, 1, 1, 0, 0, 0, 1, 0, 0, 0, 0, 
    0, 0, 1, 1, 0, 0, 0, 0, 1, 0, 1, 1, 1, 0, 0, 1, 0, 0, 1, 
    0, 0, 0, 1, 1, 1, 1, 0, 0, 1, 0, 0, 0, 0, 0, 0, 0, 0, 0, 
    0, 0, 0, 0, 0, 1, 1, 1, 0, 1, 0, 0, 0, 0, 0, 1, 1, 0, 0, 
    0, 1, 1, 0, 0, 0, 0, 1, 1, 0, 0, 0, 1, 0, 0, 0, 0, 0, 0, 
    1, 0, 0, 0, 1, 0, 0, 1, 0, 0, 0, 0, 0, 0, 0, 0, 1, 0, 0, 
    0, 0, 1, 0, 1, 0, 0, 0, 1, 0, 0, 0, 1, 0, 0, 1, 1, 0, 1, 
    0, 0, 1, 1, 0, 0, 0, 0, 0, 0, 0, 0, 0, 1, 0, 1, 0, 0, 1, 
    1, 0, 1, 0, 0, 0, 0, 0, 0, 0, 0, 1, 0, 0, 0, 1, 0, 0, 0, 
    1, 1, 0, 1, 0, 1, 0, 0, 0, 0, 0, 0, 0, 0, 0, 0, 0, 1, 0, 
    1, 0, 1, 0, 0, 1, 0, 1, 1, 0, 0, 0, 0, 1, 1, 1, 0, 0, 0, 
    0, 0, 1, 1, 0, 1, 0, 1, 0, 1, 1, 0, 1, 1, 0, 0, 1, 0, 1, 
    1, 0, 0, 1, 0, 1, 0, 1, 1, 0, 0, 0, 0, 1, 0, 1, 0, 0, 0, 
    1, 1, 1, 0, 0, 0, 0, 0, 1, 0, 1, 0, 0, 0, 1, 0, 0, 0, 0, 
    1, 0, 1, 0, 0, 1, 0, 0, 0, 0, 0, 1, 1, 0, 0, 0, 0, 1, 0, 
    1, 0, 0, 0, 0, 1, 1, 0, 1, 0, 1, 0, 0, 0, 0, 0, 1, 1, 1, 
    1, 1.39643457774242, -0.315093946255444, -0.220804468874872, 
    -1.29292076999093, -0.208798124885315, -0.395313565896843, 
    1.08641070896693, 0.532277876176481, -0.28608852338239, -1.06220845955093, 
    -1.25549442403852, -1.57460787574336, 0.725857285364632, 
    -0.527136673555468, -0.319925188937712, -0.935960960125526, 
    -0.495791590583384, 0.57774395008462, 0.79956429946529, 2.84240343154672, 
    0.896198331890234, 0.419187427481006, -0.194908942628697, 
    -1.18904901841801, -0.942534828287702, 0.958773043169343, 
    0.687113671023986, -0.941082536640412, -0.769609292670514, 
    -0.507991166159466, -0.840803850526584, 0.0143073874785373, 
    -0.7027854294844, 1.69064166519791, -0.00942094163009568, 
    0.128215528572644, 0.304613304248664, 0.165501764876202, 
    -0.455143228476346, -0.62284963849067, 0.0440436999431586, 
    1.17706173064437, -0.539120543733542, -0.915682924415079, 
    0.156830219246433, 1.45467130633693, -0.251801237118381, 
    0.915516928552493, -0.0969010909054981, -1.00226225398135, 
    -1.9973034095637, -0.726383850021428, -0.512274256333895, 
    0.26514875758631, 0.439801399731081, 1.63036825980532, 1.78042916968189, 
    0.0747919788091418, -1.60008550113928, -0.867105698546331, 
    -1.09919082906096, 1.7332140914052, 0.984588022119014, -0.544412128015648, 
    1.56551599216035, 1.74281845698238, 1.00475944307487, 1.25563580411654, 
    0.179772548494147, 1.30842963444216, -0.168306647561583, 
    -0.255403058093406, 0.421714368484128, -1.11465430561539, 
    0.913201176600805, -0.4024623249186, -1.58558670161575, -0.258203446027819, 
    -0.0454571327350339, 0.121283862671149, -0.510753106498668, 
    1.30681331364699, 2.37623609648398, -1.06126815347708, 0.0949975567456428, 
    1.25695497022062, 1.00944065507416, 0.143014111959107, 0.991722901477292, 
    -1.82246645383326, -1.43594732382727, -0.389721827613696, 
    0.0486145522961662, 1.04773632849686, 0.763948190840072, 
    1.03080770196253, 0.504638118169314, 1.86696187375312, 1.10958263447362, 
    0.623117098456664, -0.00111176215834613, 0.795605195755228, 
    0.681857676513689, -2.31992548098156, 0.881528171297828, 
    -0.252447759427947, -1.52008331691725, 0.0935794978874876, 
    -1.59519234463102, -1.49246675503983, -1.02787574624258, 
    -0.703948651945353, -0.313230777949715, 0.680035263949878, 
    -1.18945976824232, -0.428072783785537, -1.27781387939792, 
    -0.61628939497408, -0.372517789726144, -0.0514760363461876, 
    0.447801307419312, 0.59753727821611, 1.10392449075514, 0.0397765571421246, 
    -0.917120382927802, -1.12597429046302, 0.451515894929011, 
    1.87721649681818, -0.944135677089618, 1.21206805051939, 0.230647831675542, 
    -0.132265865663139, 0.0534553438746657, -0.753115201650949, 
    -0.354285532173357, -0.468802452675706, 0.593699592969014, 
    -0.433290996415622, 1.01408543703468, 0.387150875487176, 
    -0.883013430530806, 0.334292796994476, -1.33490420067224, 
    1.24912661519633, -1.91218064526829, 1.16444527438895, 0.838000604282655, 
    0.330855565540433, 1.75232403381705, 1.85954402400429, -0.368148700273244, 
    -0.765902039600631, 0.750042448090982, -0.661744679250474, 
    -1.20387826615128, -0.4117409965157, -0.596076004428092, 
    -0.355206830010636, -0.276763592658043, 0.188516559578112, 
    -1.68388658652803, -0.423053021883998, -2.12301591305358, 
    0.308282123270114, -0.746096300901419, 0.0758082907466829, 
    -0.631792264643334, -0.5142740688542, 2.36952189545339, -1.35972532063222, 
    -0.738082514987674, 0.106826792069168, 1.68435461818503, 
    1.20027912004607, 0.681449442491416, 0.0939949702090622, 
    -0.861825274850383, -0.906757208868437, 0.350058141023828, 
    -0.419354889878213, -1.05886472290517, -0.212695329063548, 
    -0.0486450639169936, -0.342590930535792, 0.680061028515497, 
    1.12184978536758, 0.0693894920655318, -0.0685668621831305, 
    -0.11121917382499, 0.251217108381012, 0.142561568430151, 
    -0.35348350109582, 0.741234004607551, 0.969572470783371, 
    1.77197201507983, 0.15013123796445, 0.516505456942149, -0.393922752908857, 
    0.183566114919054, -1.67110090438776, 0.24532901830075, 0.70021146621574, 
    0.0270210184500434, -0.340914376995378, 0.61567112892185, 
    -1.5497634802175, -0.665427845005489, 0.978691757430283, 
    0.0150863804882098, -0.602019111338857, 1.07309442730934, 
    0.929247813730265, -2.6050851040396, 0.00805515094245886, 
    0.877994119424796, -0.195423248736968, -0.377716953093459, 
    1.14062745819153, -0.256242401606209, -0.840424167747709, 
    0.245839493845228, -0.0728745960129696, -1.19697282074423, 
    0.74943717664838, 0.32130060239285, 0.568186041540699, -0.678549487202977, 
    -1.31323252151802, -2.18488930201357, -0.426862853300784, 
    -1.38766965979397, -0.77659713858785, 1.19516157624429, -0.963320234891374, 
    0.761561210018031, 0.111324917615783, 1.11821076496474, 0.781253689476537, 
    -0.105112607973361, 1.64690142184574, -1.39903928923935, 
    0.368028399408439, 0.0740963433880469, 1.68357519655508, 
    -2.2644237223225, -0.201930970585841, -1.10315537241372, 
    1.8448360768679, 1.82513322350334, -1.02649854684253, -0.11108105587049, 
    -0.980086639048683, -1.0243431757005, 0.900893141629036, 
    0.587279904577212, -0.401753862963963, -0.974057011921729, 
    0.242842441351976, -0.573796615450748, 0.455276817308546, 
    0.925226216537478, 0.95260631108585, 0.516054262659441, 1.01412538536372, 
    -0.122295909876124, -0.220932301468075, -0.550606748305315, 
    -0.024236170670646, 1.51632344517273, -0.58990772029169, 
    -1.19764159645471, -0.0800587178501407, 1.4537030320504, 
    -1.85911023731587, 0.030936996086269, -0.591986292718962, 
    0.225571116150288, 0.223776453606166, 0.367885224830213, 
    0.260440274697009, -1.22091239534896, -0.149302080919274, 
    -0.276348014846311, 0.406423776751823, -0.25187436458693, 
    -0.162560372063213, 0.0957223272156976, -0.607020681341023, 
    -1.45106937405117, 1.98766560816237, 0.493773449422681, 1.02901592919309, 
    -0.412434075530584, -0.234593216363521, -1.93314136488519, 
    -0.304841431511351, -0.882360900145602, -0.372568522909601, 
    -0.211552049458486, 1.05555892535338, 0.182644736878057, 
    -0.201720817227417, 0.971734698410031, -0.259099555496423, 
    -1.31166011891763, -0.100111324441452, 1.1830872032047, -1.78406230051326, 
    1.98863444271723, -1.11331121056009, -0.0670416908311053, 
    -0.597556362040727, 1.36049450629381, -1.8277059910341, 1.92566278505028, 
    -0.315834360497966, -0.31951549319054, -1.43807854042637, 
    0.692411459218327, -0.463528321282883, -2.28731780325106, 
    -1.91146415987217, -0.520304171857898, -0.0473684889251885, 
    -1.04602652321201, -0.00598769242088156, 0.524511590357348, 
    -2.01956950539456, -0.0270430253801755, 1.34768826612338, 
    -2.70522404893539, 0.368473448395646, -1.15274264916764, 
    1.39223767546759, -1.39674739152029, 1.50973627455405, 0.893650957242984, 
    -0.584913049211035, -0.702779540729307, -0.0742051573624349, 
    2.01154103963754, -0.165965941741416, 1.20186559344076, -1.86236516996131, 
    0.779802980794797, 0.637680054808817, 0.533020209431241, 
    0.498036200103273, 0.195135902846869, 0.388897657637199, 
    0.246652452533927, 1.42404471992014, 0.183836845325301, -1.11998574489694, 
    -0.916948774867655, 0.200188428594134, -0.408473358487074, 
    0.197274528033444, 0.156042146899925, -0.313520479307185, 
    -1.65819356595822, -0.208341495723107, 0.43453741919572, 
    -0.413168524258116, 0.219321049635585, -0.847538834474807, 
    -0.710725073747075, 1.49974405540843, -0.220723353039574, 
    -0.895024123502734, 0.335312752548023, 0.742164646944473, 
    0.110112147754953, 1.04468155200992, -0.392435022798092, 
    -0.761290238746733, 0.620053035790274, -0.76775829518091, 
    -0.464951465402271, 1.03212067757259, -0.48754433527097, 
    0.321976486379707, 0.562253434010304, -1.62519981534834, 
    -1.81677002996974, 1.10584352869889, -0.765712860904903, 
    -0.966170793391982, 1.23391833261095, 0.281518002214243, 
    -0.719824382651568, -0.855005028622197, 0.0455066062832139, 
    -0.464956732799007, 0.932949653565258, 0.334079281040869, 
    -0.30028473160353, -0.272657747324128, 1.26844704929405, 
    1.5900409670278), dim = c(400L, 3L), dimnames = list(c("1", 
    "2", "3", "4", "5", "6", "7", "8", "9", "10", "11", "12", 
    "13", "14", "15", "16", "17", "18", "19", "20", "21", "22", 
    "23", "24", "25", "26", "27", "28", "29", "30", "31", "32", 
    "33", "34", "35", "36", "37", "38", "39", "40", "41", "42", 
    "43", "44", "45", "46", "47", "48", "49", "50", "51", "52", 
    "53", "54", "55", "56", "57", "58", "59", "60", "61", "62", 
    "63", "64", "65", "66", "67", "68", "69", "70", "71", "72", 
    "73", "74", "75", "76", "77", "78", "79", "80", "81", "82", 
    "83", "84", "85", "86", "87", "88", "89", "90", "91", "92", 
    "93", "94", "95", "96", "97", "98", "99", "100", "101", "102", 
    "103", "104", "105", "106", "107", "108", "109", "110", "111", 
    "112", "113", "114", "115", "116", "117", "118", "119", "120", 
    "121", "122", "123", "124", "125", "126", "127", "128", "129", 
    "130", "131", "132", "133", "134", "135", "136", "137", "138", 
    "139", "140", "141", "142", "143", "144", "145", "146", "147", 
    "148", "149", "150", "151", "152", "153", "154", "155", "156", 
    "157", "158", "159", "160", "161", "162", "163", "164", "165", 
    "166", "167", "168", "169", "170", "171", "172", "173", "174", 
    "175", "176", "177", "178", "179", "180", "181", "182", "183", 
    "184", "185", "186", "187", "188", "189", "190", "191", "192", 
    "193", "194", "195", "196", "197", "198", "199", "200", "201", 
    "202", "203", "204", "205", "206", "207", "208", "209", "210", 
    "211", "212", "213", "214", "215", "216", "217", "218", "219", 
    "220", "221", "222", "223", "224", "225", "226", "227", "228", 
    "229", "230", "231", "232", "233", "234", "235", "236", "237", 
    "238", "239", "240", "241", "242", "243", "244", "245", "246", 
    "247", "248", "249", "250", "251", "252", "253", "254", "255", 
    "256", "257", "258", "259", "260", "261", "262", "263", "264", 
    "265", "266", "267", "268", "269", "270", "271", "272", "273", 
    "274", "275", "276", "277", "278", "279", "280", "281", "282", 
    "283", "284", "285", "286", "287", "288", "289", "290", "291", 
    "292", "293", "294", "295", "296", "297", "298", "299", "300", 
    "301", "302", "303", "304", "305", "306", "307", "308", "309", 
    "310", "311", "312", "313", "314", "315", "316", "317", "318", 
    "319", "320", "321", "322", "323", "324", "325", "326", "327", 
    "328", "329", "330", "331", "332", "333", "334", "335", "336", 
    "337", "338", "339", "340", "341", "342", "343", "344", "345", 
    "346", "347", "348", "349", "350", "351", "352", "353", "354", 
    "355", "356", "357", "358", "359", "360", "361", "362", "363", 
    "364", "365", "366", "367", "368", "369", "370", "371", "372", 
    "373", "374", "375", "376", "377", "378", "379", "380", "381", 
    "382", "383", "384", "385", "386", "387", "388", "389", "390", 
    "391", "392", "393", "394", "395", "396", "397", "398", "399", 
    "400"), c("cov_catB", "cov_catC", "cov_cont"))), n_nodes = 15L, 
        nodes = c(-0.987992518020485, -0.937273392400706, -0.848206583410427, 
        -0.72441773136017, -0.570972172608539, -0.394151347077563, 
        -0.201194093997434, 7.76897533334697e-17, 0.201194093997435, 
        0.394151347077563, 0.570972172608539, 0.72441773136017, 
        0.848206583410427, 0.937273392400706, 0.987992518020485
        ), weights = c(0.0307532419961173, 0.0703660474881082, 
        0.107159220467172, 0.139570677926155, 0.166269205816994, 
        0.186161000015562, 0.198431485327112, 0.202578241925561, 
        0.19843148532711, 0.186161000015563, 0.166269205816993, 
        0.139570677926154, 0.107159220467173, 0.0703660474881077, 
        0.0307532419961179), study_index = c(1, 1, 1, 1, 1, 1, 
        1, 1, 1, 1, 1, 1, 1, 1, 1, 1, 1, 1, 1, 1, 1, 1, 1, 1, 
        1, 1, 1, 1, 1, 1, 1, 1, 1, 1, 1, 1, 1, 1, 1, 1, 1, 1, 
        1, 1, 1, 1, 1, 1, 1, 1, 1, 1, 1, 1, 1, 1, 1, 1, 1, 1, 
        1, 1, 1, 1, 1, 1, 1, 1, 1, 1, 1, 1, 1, 1, 1, 1, 1, 1, 
        1, 1, 1, 1, 1, 1, 1, 1, 1, 1, 1, 1, 1, 1, 1, 1, 1, 1, 
        1, 1, 1, 1, 1, 1, 1, 1, 1, 1, 1, 1, 1, 1, 1, 1, 1, 1, 
        1, 1, 1, 1, 1, 1, 1, 1, 1, 1, 1, 1, 1, 1, 1, 1, 1, 1, 
        1, 1, 1, 1, 1, 1, 1, 1, 1, 1, 1, 1, 1, 1, 1, 1, 1, 1, 
        1, 1, 1, 1, 1, 1, 1, 1, 1, 1, 1, 1, 1, 1, 1, 1, 1, 1, 
        1, 1, 1, 1, 1, 1, 1, 1, 1, 1, 1, 1, 1, 1, 1, 1, 1, 1, 
        1, 1, 1, 1, 1, 1, 1, 1, 1, 1, 1, 1, 1, 1, 1, 1, 1, 1, 
        1, 1, 1, 1, 1, 1, 1, 1, 1, 1, 1, 1, 1, 1, 1, 1, 1, 1, 
        1, 1, 1, 1, 1, 1, 1, 1, 1, 1, 1, 1, 1, 1, 1, 1, 1, 1, 
        1, 1, 1, 1, 1, 1, 1, 1, 1, 1, 1, 1, 1, 1, 1, 1, 1, 1, 
        1, 1, 1, 1, 1, 1, 1, 1, 1, 1, 1, 1, 1, 1, 1, 1, 1, 1, 
        1, 1, 1, 1, 1, 1, 1, 1, 1, 1, 1, 1, 1, 1, 1, 1, 1, 1, 
        1, 1, 1, 1, 1, 1, 1, 1, 1, 1, 1, 1, 1, 1, 1, 1, 1, 1, 
        1, 1, 1, 1, 1, 1, 1, 1, 1, 1, 1, 1, 1, 1, 1, 1, 1, 1, 
        1, 1, 1, 1, 1, 1, 1, 1, 1, 1, 1, 1, 1, 1, 1, 1, 1, 1, 
        1, 1, 1, 1, 1, 1, 1, 1, 1, 1, 1, 1, 1, 1, 1, 1, 1, 1, 
        1, 1, 1, 1, 1, 1, 1, 1, 1, 1, 1, 1, 1, 1, 1, 1, 1, 1, 
        1, 1, 1, 1, 1, 1, 1, 1, 1, 1, 1, 1, 1, 1, 1, 1), arm_index = c(1, 
        1, 1, 1, 1, 1, 1, 1, 1, 1, 1, 1, 1, 1, 1, 1, 1, 1, 1, 
        1, 1, 1, 1, 1, 1, 1, 1, 1, 1, 1, 1, 1, 1, 1, 1, 1, 1, 
        1, 1, 1, 1, 1, 1, 1, 1, 1, 1, 1, 1, 1, 1, 1, 1, 1, 1, 
        1, 1, 1, 1, 1, 1, 1, 1, 1, 1, 1, 1, 1, 1, 1, 1, 1, 1, 
        1, 1, 1, 1, 1, 1, 1, 1, 1, 1, 1, 1, 1, 1, 1, 1, 1, 1, 
        1, 1, 1, 1, 1, 1, 1, 1, 1, 1, 1, 1, 1, 1, 1, 1, 1, 1, 
        1, 1, 1, 1, 1, 1, 1, 1, 1, 1, 1, 1, 1, 1, 1, 1, 1, 1, 
        1, 1, 1, 1, 1, 1, 1, 1, 1, 1, 1, 1, 1, 1, 1, 1, 1, 1, 
        1, 1, 1, 1, 1, 1, 1, 1, 1, 1, 1, 1, 1, 1, 1, 1, 1, 1, 
        1, 1, 1, 1, 1, 1, 1, 1, 1, 1, 1, 1, 1, 1, 1, 1, 1, 1, 
        1, 1, 1, 1, 1, 1, 1, 1, 1, 1, 1, 1, 1, 1, 1, 1, 1, 1, 
        1, 1, 1, 1, 1, 1, 1, 1, 1, 1, 1, 1, 1, 1, 1, 1, 1, 1, 
        1, 1, 1, 1, 1, 1, 1, 1, 1, 1, 1, 1, 1, 1, 1, 1, 1, 1, 
        1, 1, 1, 1, 1, 1, 1, 1, 1, 1, 1, 1, 1, 1, 1, 2, 2, 2, 
        2, 2, 2, 2, 2, 2, 2, 2, 2, 2, 2, 2, 2, 2, 2, 2, 2, 2, 
        2, 2, 2, 2, 2, 2, 2, 2, 2, 2, 2, 2, 2, 2, 2, 2, 2, 2, 
        2, 2, 2, 2, 2, 2, 2, 2, 2, 2, 2, 2, 2, 2, 2, 2, 2, 2, 
        2, 2, 2, 2, 2, 2, 2, 2, 2, 2, 2, 2, 2, 2, 2, 2, 2, 2, 
        2, 2, 2, 2, 2, 2, 2, 2, 2, 2, 2, 2, 2, 2, 2, 2, 2, 2, 
        2, 2, 2, 2, 2, 2, 2, 2, 2, 2, 2, 2, 2, 2, 2, 2, 2, 2, 
        2, 2, 2, 2, 2, 2, 2, 2, 2, 2, 2, 2, 2, 2, 2, 2, 2, 2, 
        2, 2, 2, 2, 2, 2, 2, 2, 2, 2, 2, 2, 2, 2, 2, 2, 2, 2, 
        2, 2, 2), sm_time_grid = 1, n_sm_time_grid = 1L, index_per_arm = c(1, 
        2, 3, 4, 5, 6, 7, 8, 9, 10, 11, 12, 13, 14, 15, 16, 17, 
        18, 19, 20, 21, 22, 23, 24, 25, 26, 27, 28, 29, 30, 31, 
        32, 33, 34, 35, 36, 37, 38, 39, 40, 41, 42, 43, 44, 45, 
        46, 47, 48, 49, 50, 51, 52, 53, 54, 55, 56, 57, 58, 59, 
        60, 61, 62, 63, 64, 65, 66, 67, 68, 69, 70, 71, 72, 73, 
        74, 75, 76, 77, 78, 79, 80, 81, 82, 83, 84, 85, 86, 87, 
        88, 89, 90, 91, 92, 93, 94, 95, 96, 97, 98, 99, 100, 
        101, 102, 103, 104, 105, 106, 107, 108, 109, 110, 111, 
        112, 113, 114, 115, 116, 117, 118, 119, 120, 121, 122, 
        123, 124, 125, 126, 127, 128, 129, 130, 131, 132, 133, 
        134, 135, 136, 137, 138, 139, 140, 141, 142, 143, 144, 
        145, 146, 147, 148, 149, 150, 151, 152, 153, 154, 155, 
        156, 157, 158, 159, 160, 161, 162, 163, 164, 165, 166, 
        167, 168, 169, 170, 171, 172, 173, 174, 175, 176, 177, 
        178, 179, 180, 181, 182, 183, 184, 185, 186, 187, 188, 
        189, 190, 191, 192, 193, 194, 195, 196, 197, 198, 199, 
        200, 201, 202, 203, 204, 205, 206, 207, 208, 209, 210, 
        211, 212, 213, 214, 215, 216, 217, 218, 219, 220, 221, 
        222, 223, 224, 225, 226, 227, 228, 229, 230, 231, 232, 
        233, 234, 235, 236, 237, 238, 239, 240, 241, 242, 243, 
        244, 245, 246, 247, 248, 249, 250, 251, 252, 253, 254, 
        255, 256, 257, 258, 259, 260, 261, 262, 263, 264, 265, 
        266, 267, 268, 269, 270, 271, 272, 273, 274, 275, 276, 
        277, 278, 279, 280, 281, 282, 283, 284, 285, 286, 287, 
        288, 289, 290, 291, 292, 293, 294, 295, 296, 297, 298, 
        299, 300, 301, 302, 303, 304, 305, 306, 307, 308, 309, 
        310, 311, 312, 313, 314, 315, 316, 317, 318, 319, 320, 
        321, 322, 323, 324, 325, 326, 327, 328, 329, 330, 331, 
        332, 333, 334, 335, 336, 337, 338, 339, 340, 341, 342, 
        343, 344, 345, 346, 347, 348, 349, 350, 351, 352, 353, 
        354, 355, 356, 357, 358, 359, 360, 361, 362, 363, 364, 
        365, 366, 367, 368, 369, 370, 371, 372, 373, 374, 375, 
        376, 377, 378, 379, 380, 381, 382, 383, 384, 385, 386, 
        387, 388, 389, 390, 391, 392, 393, 394, 395, 396, 397, 
        398, 399, 400), n_index_per_arm = c(250, 150), n_arms = 2L, 
        arm_to_study_index = c(1, 1), n_studies = 1L, Nta_total = 2400L, 
        Yobs = c(25.3856894314312, 150.133081343241, 275.103681099432, 
        340.124883752196, 393.954458040071, 452.386601540585, 
        34.0995656108542, 135.277205604586, 252.918442823486, 
        303.459839636755, 358.820981789957, 417.748301347574, 
        35.2593444415587, 130.024436978244, 233.007230538085, 
        282.750366588115, 344.688587342729, 391.910829354065, 
        36.6612163752755, 122.704119754673, 219.497482342439, 
        259.056617615306, 308.264681467375, 360.26331453945, 
        33.9311070612896, 140.841615280257, 244.272063462599, 
        304.069935885044, 357.649181961291, 411.2063302211, 32.0142784743357, 
        110.548775448581, 190.142603412076, 231.185434322128, 
        273.868688592844, 310.577682570902, 31.4163888561775, 
        129.87332585533, 243.390219300586, 290.83637927615, 350.695965493337, 
        395.821585479621, 32.445086224313, 107.367221138362, 
        189.803304160539, 229.405073718244, 267.257139746329, 
        304.147030388049, 27.4354602340449, 107.354135034065, 
        184.70955913681, 225.045300508297, 266.130502178553, 
        306.387143967011, 32.3990559533742, 127.802412083629, 
        220.115793104756, 273.035191696126, 316.948610539983, 
        368.572231282743, 28.8880512686654, 127.49120584902, 
        222.882262291594, 270.588386873098, 317.143483529008, 
        364.576099108793, 29.3650474143437, 131.535351003483, 
        231.108237271662, 284.151633911325, 340.588783974594, 
        394.846836232586, 29.7795199303391, 101.287769999275, 
        178.490658105988, 224.186341903895, 256.5889405522, 294.820999444406, 
        24.9250157542104, 136.160528272898, 245.602616266109, 
        293.625216562958, 354.951278798574, 403.483706287923, 
        33.716144151719, 146.973068464146, 274.101244849125, 
        331.563356309135, 391.038681704556, 452.57317501808, 
        29.1698298085429, 125.125277434569, 212.579995067809, 
        251.973126363659, 291.581175948809, 339.858790607492, 
        30.1715420216386, 123.838405371173, 224.788622968334, 
        274.572024169464, 323.537155246394, 376.108365934236, 
        32.8433699495519, 129.869619092183, 216.703846120727, 
        273.120358139898, 320.310275251208, 367.979638195916, 
        27.847041502414, 122.658281094835, 211.533090998998, 
        245.386158961789, 295.111604710825, 343.872690443563, 
        34.5852494484114, 115.376465874353, 212.311611833555, 
        261.289374494426, 307.393213476941, 346.926197971137, 
        32.8920410506502, 153.602106005574, 268.538502032944, 
        329.789572987756, 393.135427977468, 444.955507542061, 
        29.0018837401742, 148.790678553491, 258.470267104527, 
        320.975624792594, 379.9918031036, 438.943825728194, 34.8387751410075, 
        127.871455844817, 231.179010645058, 284.282100583596, 
        328.937501333584, 378.598624480205, 30.0107405957352, 
        107.87213855261, 192.998443758591, 231.940710048656, 
        265.488149234816, 310.680451889246, 30.3304333003534, 
        119.392374258007, 206.06130905068, 252.112299272037, 
        292.865302772964, 336.153628924924, 31.3048147550311, 
        150.11308125447, 275.483861998264, 341.353942490934, 
        402.099852372283, 463.369088889341, 27.4096775610304, 
        122.645215374425, 212.065033458019, 250.354795620937, 
        300.637866014979, 342.705850304055, 31.0367128890509, 
        121.983761184666, 223.072423302113, 267.774627810755, 
        315.106134788929, 357.212687137049, 30.8674886841909, 
        136.495231348458, 247.408395623714, 300.415735029305, 
        352.13773277547, 404.868937697361, 27.4430535936491, 
        154.647003749685, 289.376916658752, 352.185686135783, 
        416.439850793305, 481.016809778272, 27.0008690163905, 
        84.6172986029432, 146.997584917546, 183.024567423559, 
        213.601213500252, 241.953675028702, 35.0265660767306, 
        143.847117170522, 246.015660047874, 302.629077504149, 
        360.10744595499, 410.843057314111, 32.7516374202717, 
        109.389011759974, 195.362124975037, 237.493316042924, 
        275.531834015299, 311.798271977086, 34.0346268505312, 
        126.618652819522, 219.281283906719, 260.542684115262, 
        301.352467880474, 353.514120768944, 32.8165808714268, 
        124.834758222176, 225.871058328155, 268.604943521317, 
        321.218121691429, 377.299600799561, 28.4387724851871, 
        135.89043180143, 253.91256103785, 316.699204427098, 366.634321271454, 
        432.270613065419, 33.3380887190491, 147.097592996025, 
        261.740421647066, 326.129082737858, 380.346076684611, 
        440.510426021164, 34.4735292177459, 160.309415782995, 
        283.279702744322, 348.927494442698, 411.157738413156, 
        478.257808237193, 32.5501305879565, 139.497571576796, 
        248.219435054936, 299.478624947257, 348.269641761697, 
        399.565717489666, 32.4575245659779, 119.200363117798, 
        226.159109950683, 273.033880594921, 313.008648900941, 
        370.688184659095, 25.3010064209878, 148.134973741228, 
        260.689270279155, 325.876206833727, 386.735609708426, 
        444.561805478657, 26.1792729112743, 147.859042270005, 
        262.784365681094, 322.925617673145, 384.310864551038, 
        440.030440490474, 24.1282856425624, 115.612995561468, 
        195.653385424699, 237.177936616809, 279.622690538821, 
        324.253271383649, 32.795920679877, 146.595800881336, 
        263.990963731375, 323.49034064234, 378.038546619241, 
        441.569290348669, 28.2935558329599, 117.027210105577, 
        198.253857564663, 243.942718930958, 282.109854612628, 
        332.787099603244, 27.8468773297621, 131.235513798593, 
        233.925124977123, 280.810968690731, 334.111497445382, 
        391.562130687594, 35.6756776825158, 140.131659126125, 
        240.710079486849, 295.228593540287, 348.378167629662, 
        398.769561607791, 29.8169246962126, 132.449069812198, 
        233.863845520729, 286.821834880388, 339.78426538571, 
        393.910341867389, 31.5044563316874, 155.434007186645, 
        281.424175972944, 338.155819020522, 408.399514083896, 
        467.837307735196, 30.2304960635968, 114.224526375792, 
        195.397193898386, 242.101091106615, 280.291755204226, 
        319.604023699722, 29.7355122518359, 122.331469779416, 
        213.830724836789, 261.885439727319, 312.152942878742, 
        356.999364257256, 30.8568946605261, 109.354400766489, 
        198.138596691316, 245.266759151002, 289.554517464085, 
        330.725493512963, 26.7097901508743, 135.58657716346, 
        254.201079064501, 298.46382672179, 356.667625623288, 
        419.43086016984, 33.9986785245197, 114.436925690869, 
        202.159313710893, 242.709192151775, 293.010009067788, 
        327.380714662694, 32.932452210152, 98.1034108620153, 
        166.122357486654, 203.15363580096, 238.565110200253, 
        271.91250334212, 28.2154992411796, 111.075515870563, 
        192.493528689171, 238.862383904484, 280.335837174867, 
        315.137958518988, 32.9157442069826, 137.651334385538, 
        253.686296344135, 306.186683308601, 356.494144270866, 
        413.815944499183, 31.431371528592, 99.6462670389616, 
        167.391374669961, 201.301337302118, 235.227783691752, 
        273.871524605798, 34.0204398059538, 131.843461220181, 
        233.007106849024, 289.048413044752, 337.65166379548, 
        379.795747608707, 30.5807583305363, 136.133773468368, 
        240.924699781349, 294.492368541796, 353.872659861083, 
        402.254539038604, 25.4671367529006, 104.321543805985, 
        181.595492467297, 222.540443001116, 261.562866470282, 
        299.208180774087, 31.5320546617287, 124.320842123288, 
        215.01888488813, 265.846686248262, 313.579158091911, 
        355.452565397136, 30.9095134651672, 93.3521376491088, 
        152.977478219684, 182.833508700061, 219.064365006086, 
        245.133250748849, 38.2286614115237, 112.798347583173, 
        195.381832373759, 233.271851427181, 270.302109857761, 
        306.422293825478, 34.6087139573646, 127.831841002618, 
        218.825817814138, 269.232531908188, 317.445702371351, 
        356.675777571277, 29.5949088037818, 149.4024578606, 266.345611014641, 
        325.021673415836, 382.353037785752, 444.590701526416, 
        29.5155665690384, 134.872502712208, 242.643621041149, 
        298.971531123592, 349.175235104487, 396.336130169028, 
        30.6885972442175, 118.683072318764, 211.264401240686, 
        256.565377864868, 302.971568405221, 349.912509966361, 
        30.9371390154089, 144.951228251357, 258.690893432408, 
        316.685456092005, 370.788394341549, 430.689340842611, 
        30.3020549013403, 117.343938017368, 208.018494634983, 
        245.777558083518, 288.568976535431, 336.506167954805, 
        31.8181404897504, 117.548592190553, 205.810370818205, 
        245.679381600074, 287.345905418922, 327.705862785158, 
        35.0652080352443, 100.820151649147, 184.75869592792, 
        217.388750422338, 254.823841585899, 293.548978260155, 
        32.4297528259052, 130.102400369474, 225.962222717799, 
        268.078482467018, 315.829213873214, 369.457682696679, 
        30.0184431426284, 109.127289301442, 195.085189597514, 
        233.936186452261, 280.521443347013, 317.794101980013, 
        30.5819337827543, 115.480076796428, 191.052948416612, 
        237.514442632364, 279.188941919589, 321.422595076635, 
        27.3129204502682, 140.816603712961, 248.89510256266, 
        305.060649908868, 361.166293028829, 407.909198626989, 
        29.0938010853163, 153.586773955803, 266.861078746453, 
        333.47288750805, 392.376949884156, 450.877433442869, 
        30.0381053088988, 141.695233886985, 264.824860981071, 
        320.349902939858, 373.262906928312, 432.554010519407, 
        32.5307428086146, 113.077488098777, 185.491562410578, 
        230.235110057851, 269.178133836244, 315.147974085939, 
        30.2549611017114, 112.911956763746, 185.020413603195, 
        226.072127124324, 271.266709411184, 302.609189472862, 
        31.659532235924, 122.756048796524, 214.612678838096, 
        259.881046997498, 314.818210668972, 355.445751587142, 
        31.872260048663, 120.432846609931, 209.759745246067, 
        254.753726435402, 300.759287842855, 345.82418981937, 
        28.6853663103932, 129.03833549838, 232.903152478488, 
        281.033702341541, 335.372931498191, 391.378324136242, 
        28.2012941929685, 126.786514610257, 223.22237508978, 
        268.661568286455, 317.315944018698, 365.785804907378, 
        34.2601619181954, 109.592772207384, 190.118788571695, 
        228.679394272543, 268.701441123706, 304.682560177872, 
        32.1351880503001, 122.725145691823, 206.655132036074, 
        246.34234677805, 294.418050520951, 339.616067863701, 
        28.7969111800055, 95.7152389526528, 162.724598426452, 
        196.720311766514, 227.60155537439, 253.570338503144, 
        29.9226183471834, 129.16265095641, 237.793278599661, 
        292.836448458097, 339.463302863841, 392.964008646721, 
        29.9217239064781, 96.7406195353876, 160.935547554022, 
        197.184538402045, 234.031162987891, 260.960266887684, 
        30.789547343552, 124.528416174333, 211.663861977167, 
        259.650227117066, 301.77033510269, 349.327399876314, 
        34.6651503804566, 127.095786694358, 229.486674412522, 
        271.990584048709, 320.990233087992, 374.251776521811, 
        27.2747584645761, 118.336129491878, 205.33378155887, 
        247.253521058191, 296.198253486111, 333.487838456667, 
        33.214194936764, 135.687462268861, 251.243633701251, 
        297.001358181002, 354.100405263462, 408.309972362695, 
        27.0232515127971, 136.208533573427, 235.901051427787, 
        280.206126601482, 333.058578312913, 385.013576055006, 
        28.8452358030803, 130.433335027507, 228.943061338351, 
        269.236983011077, 318.089680283387, 375.795650028897, 
        35.0255590480304, 113.397577294553, 197.748129974947, 
        241.739026616136, 283.690747698229, 326.333620668024, 
        33.1388940046025, 121.316368298476, 209.186012437405, 
        252.727854644759, 295.714040321187, 338.35946169235, 
        29.7487244364608, 134.748110586588, 244.210082390777, 
        298.625435161104, 350.555568419793, 407.484135519492, 
        29.347198127329, 85.0057565600184, 140.147543635873, 
        170.620107168851, 188.602356267478, 222.07392336857, 
        31.1142828683859, 110.090779622303, 203.809574633019, 
        246.560370218283, 281.145858521832, 330.3660804916, 27.845030302917, 
        154.972539693612, 268.232333705219, 327.892765808532, 
        388.433449566047, 447.855497547671, 27.0438803262493, 
        122.183084227571, 215.237435737547, 267.307582883914, 
        315.253750824962, 361.645036470696, 29.0854042084742, 
        146.49948074752, 271.661746847151, 327.227234086767, 
        381.829144216358, 436.233400142711, 36.3025915398123, 
        125.89478297006, 215.276393856086, 261.849198771206, 
        306.713691901136, 356.197046965389, 32.0951738050295, 
        113.374338256016, 198.21020266493, 241.752271737611, 
        283.590293236785, 328.115352490047, 29.3060810750703, 
        141.497650766759, 256.309674811189, 311.055564317916, 
        369.654608549138, 428.117764599102, 32.6936840230525, 
        124.943743343198, 218.380400725033, 262.035681017087, 
        308.68053783745, 360.049148483996, 30.4853925164642, 
        147.479426351584, 268.221276834857, 319.95821412739, 
        384.999998451721, 445.152416972498, 32.5759885802452, 
        134.210757453817, 237.640529969864, 288.586375253671, 
        340.795438204578, 399.581745872149, 28.0688207322676, 
        107.190192438135, 176.927511342264, 219.039067718687, 
        254.66854819114, 288.945747831524, 34.4712655151955, 
        127.134730695988, 224.614356155717, 271.233667645255, 
        321.597678925729, 368.766995504565, 31.6979209564264, 
        126.812127200349, 217.76298644207, 257.307554160671, 
        310.09196871932, 358.436292254574, 32.288643631417, 175.937283016873, 
        322.885440429245, 395.430607633437, 467.401752790875, 
        543.956636987779, 31.6918169212086, 155.951257204198, 
        276.855915413573, 338.381935654316, 396.909902474041, 
        462.510118402652, 29.7426685994155, 141.087708427507, 
        254.687985702735, 320.139916911211, 367.597772502371, 
        429.258196992256, 29.8164431531144, 153.523735785855, 
        269.184477760435, 327.527730132455, 388.292248016886, 
        452.996878682235, 32.1330448955817, 134.029128418117, 
        238.582069195668, 293.685672156307, 347.230132525201, 
        399.686289762332, 35.1317245273407, 142.41648340699, 
        246.048344228869, 305.306656127032, 367.519099814172, 
        420.307457145062, 31.3439406501507, 144.514324071364, 
        268.737751913446, 324.931979029213, 381.292306192109, 
        444.053932531441, 36.4799989033413, 119.469158004326, 
        210.466379684293, 257.165732505097, 305.648807380568, 
        347.520382726311, 30.7095480613408, 78.8985098630255, 
        133.249293100439, 156.918057588347, 186.605499211208, 
        206.086123144965, 30.6721956971243, 152.983999812265, 
        283.749054022461, 343.167680637903, 408.606278969878, 
        467.351585078489, 36.2366097258208, 148.398311404695, 
        256.406443522191, 324.81751979412, 384.324015010903, 
        440.382586611429, 32.4830329093015, 188.589487138971, 
        339.752695796746, 417.949104385984, 487.67937019763, 
        572.905941833869, 35.9414873655287, 166.817124311626, 
        300.199041067666, 356.782888800581, 425.903887566659, 
        491.353701797013, 33.854331163018, 155.965522449768, 
        291.380442378532, 346.973143477962, 418.884623714792, 
        484.696922570691, 33.8313420058078, 153.370851843457, 
        277.894760625758, 331.843616319234, 401.593487517508, 
        459.94157371541, 33.2012581209889, 132.477391413322, 
        234.830199253858, 290.087476645548, 341.407487274583, 
        395.80879060182, 25.7926326244519, 105.901868109968, 
        191.471954315375, 225.750122965816, 266.915230557758, 
        301.838562702562, 31.2313421627441, 134.640877273295, 
        229.96591721732, 279.916034931154, 336.393465207742, 
        383.570210512216, 33.0420863438948, 175.728082160136, 
        327.354818547874, 405.327802162142, 479.706588523389, 
        548.663983519402, 36.4699812457286, 123.740496808354, 
        218.016527480638, 262.907432525798, 314.282257353526, 
        360.163967906949, 25.7267403800578, 116.737261931457, 
        200.99487514142, 248.625405812485, 290.660947583631, 
        331.325607395482, 26.6277922791567, 107.683779517093, 
        188.838988541525, 228.459682737283, 261.114355888717, 
        296.265771207354, 32.4583672333019, 144.636718394287, 
        260.002620650296, 316.773238506505, 381.831436822979, 
        433.613290854347, 35.6825772137157, 120.317511551468, 
        208.276507326107, 253.455987134079, 299.975660103889, 
        348.214092959138, 26.0252761221626, 111.770681167358, 
        193.578830807865, 232.183132293137, 276.480635081715, 
        317.938430612705, 30.8959556527096, 137.937123286506, 
        247.250606751696, 296.481221111388, 354.997238513029, 
        400.113217032641, 33.1991336391475, 133.424561880884, 
        245.584375584971, 296.503335462192, 351.785065599348, 
        405.190639538395, 32.8460189581778, 124.360058714499, 
        223.124953059287, 270.987148370014, 318.649591390021, 
        367.927291978617, 31.1262173973778, 143.797010226892, 
        249.845416957122, 311.187404505759, 362.013132673629, 
        423.954828136573, 34.4492938195497, 111.133404609775, 
        197.85929919899, 239.240127464353, 278.939232716964, 
        315.793986773482, 26.3312927968535, 112.516814679801, 
        194.603763129336, 239.242370412533, 282.092476504115, 
        326.748771947751, 29.9734444734655, 113.706631833033, 
        186.839468979744, 228.397787219229, 276.066251886339, 
        310.404263957671, 26.7409929200281, 122.193877352506, 
        222.693502735159, 263.49180006, 307.997188313392, 357.084310634114, 
        32.7656355763474, 121.021451374912, 208.857462391568, 
        252.495651574897, 293.630471253637, 334.035682189531, 
        30.745482604461, 123.82466232239, 221.380209825964, 272.06717598551, 
        321.119482396908, 362.36483050343, 31.1198944767005, 
        126.48145309317, 225.444417241199, 271.477302613134, 
        324.234278440157, 367.070137439736, 30.7400808801666, 
        135.607077660712, 246.703067569724, 305.718860433277, 
        349.68142513971, 407.837752052551, 23.8397976829784, 
        141.075329829128, 255.638625940975, 311.243403550269, 
        373.728225740613, 428.292234339938, 26.3033990011502, 
        138.581472959471, 249.723050123782, 299.98998241548, 
        361.043344645213, 413.835171867305, 31.7360509471143, 
        118.356558667759, 194.685695971336, 238.576442016325, 
        279.011396842233, 321.822707785209, 33.2623254205219, 
        167.045353439033, 296.034400054209, 362.395238875852, 
        430.248185055044, 495.836894740012, 31.4815538307688, 
        107.156828520386, 186.315063850444, 225.873721317518, 
        266.807439317885, 303.207226097127, 27.9461626127693, 
        131.405357198659, 229.378889603215, 282.669297710198, 
        336.364172498864, 380.969377656773, 31.7127218599081, 
        87.9055066850318, 153.215595709828, 174.912546223263, 
        217.159856293381, 243.894704348245, 34.4131985591288, 
        147.283098469988, 278.291028859275, 337.728356333549, 
        398.659932966137, 459.867388436646, 32.2368946225681, 
        98.0556374882476, 169.838724644541, 205.823394690266, 
        243.42093104131, 274.747616670091, 33.5965031953175, 
        130.896473830938, 237.951706381721, 290.40923793231, 
        337.402063766742, 389.970032105871, 30.0424251024285, 
        115.524058882633, 200.363374873243, 245.287566498563, 
        279.597943822844, 324.2316699647, 30.8772949398914, 147.887130592019, 
        254.254494056506, 318.064378616261, 377.958137350868, 
        432.928942248717, 30.352881365479, 145.233611112764, 
        261.022644856105, 311.925841170672, 375.924630065287, 
        432.509685101626, 25.641270071003, 151.813118873968, 
        269.058455904511, 331.654459710303, 395.231806946753, 
        449.981847846553, 30.5535346134931, 108.640343554147, 
        194.251848111609, 223.252397323935, 272.871174116173, 
        318.666071165654, 32.4193128890222, 161.506025908082, 
        293.844695900987, 359.786151506945, 425.445832985202, 
        490.908150151757, 23.9146470381258, 139.967838855071, 
        245.170168907421, 296.888507100214, 356.851614853759, 
        407.381012499866, 33.0836269711018, 99.6703752224558, 
        185.274738307811, 218.006958995117, 254.230848634262, 
        290.846050626427, 38.0452923594998, 129.684953499957, 
        242.048167780696, 296.24984896582, 347.911613022738, 
        394.725442535998, 26.8977136155693, 119.908897840584, 
        205.455348838102, 244.682844409655, 295.920350764968, 
        340.568961505031, 26.9333219101249, 108.151620670577, 
        187.909010024231, 226.917588449007, 261.534375073331, 
        301.086458018707, 36.8674990862207, 137.155648917249, 
        236.667276562208, 297.79113250642, 351.406930611769, 
        406.010362623284, 37.4335531876516, 164.060723568024, 
        291.168589069369, 360.286220233291, 428.877246355008, 
        498.191527016909, 31.1824986642526, 139.297119672082, 
        249.460908050495, 303.072833832734, 356.651361031595, 
        411.369344421672, 35.0700825911386, 109.453747543894, 
        181.426952140091, 225.954133563956, 253.562096805635, 
        291.942393821131, 27.5471196657274, 130.64108173203, 
        236.14262966282, 281.743567386451, 333.201901742947, 
        385.51994645978, 27.79258850873, 131.640898193538, 228.956063325327, 
        280.246066946754, 328.836721409147, 382.060967703634, 
        33.9343492235427, 114.194569871147, 179.085783531024, 
        215.967761265053, 259.681196042194, 289.846833528897, 
        32.2900546315747, 152.579593436158, 276.915115642801, 
        337.535889147944, 396.921053910507, 459.688459755364, 
        35.5211786489677, 124.224006950869, 209.75050875698, 
        253.216663299743, 299.304389598877, 348.423161612783, 
        30.8214938721029, 115.971539519016, 192.9949064606, 242.893097297023, 
        290.141814601668, 325.189426728138, 34.2272522562177, 
        110.260009445593, 183.970550472481, 225.146482264955, 
        261.624587054582, 302.134205410401, 26.3300198494474, 
        111.988979593893, 199.873360823027, 236.022089679346, 
        284.005710472492, 318.496125013234, 28.1115896444392, 
        140.91650445737, 255.845911106968, 317.560317081768, 
        364.708289600506, 423.401091540905, 31.1411217642142, 
        147.253494092886, 250.73935030264, 307.016823231352, 
        372.659660564692, 421.778433205669, 34.2160779923019, 
        153.574195753854, 264.763680289489, 324.181817793288, 
        382.115113636082, 439.330064727811, 33.6854039475524, 
        115.53747612834, 202.018359185258, 252.525910685163, 
        298.149736286186, 339.77729965033, 28.9370885053754, 
        124.957636769069, 220.776835384034, 278.085482641101, 
        328.659442974302, 381.043336297397, 30.9699193154845, 
        123.40761350172, 218.837316494407, 261.82800890595, 312.138188278024, 
        357.046188806468, 31.0774047192299, 130.76241843574, 
        239.934021435834, 291.109573303663, 341.76544091256, 
        394.958528279992, 30.1028681213811, 138.282101514633, 
        255.646528681715, 310.450507334661, 365.006631810301, 
        420.315305494638, 32.8718792063815, 119.72972890797, 
        210.693084188856, 261.562316104249, 308.720953780133, 
        352.411003072202, 34.0570820135194, 112.551715588143, 
        191.049367934761, 226.888667374082, 277.48739476356, 
        318.912412523555, 38.2345702447295, 100.291789514886, 
        173.013277303867, 200.568393154669, 245.700893055004, 
        272.625283485709, 32.2246096457245, 141.183922453813, 
        253.105058414181, 313.711051313179, 364.682834919888, 
        420.735680460013, 32.6947649700964, 166.2162483359, 294.239012890527, 
        363.868970488519, 432.351517660643, 487.980515403926, 
        31.8747899730152, 127.690551001907, 223.662185633599, 
        273.680017035686, 324.043470716066, 368.645382143531, 
        33.744709466415, 119.724908218809, 205.089466257854, 
        249.95183532485, 293.917773503959, 338.271179985031, 
        33.0422494917441, 123.447135749993, 209.113931044046, 
        261.717428679929, 307.956695478836, 352.72088584223, 
        30.7892020703395, 172.348878978747, 319.528546748159, 
        388.578045134947, 456.478022540245, 532.04059234389, 
        28.9114977751253, 151.04332905984, 266.649590931358, 
        330.75765136777, 386.611492650823, 446.697651045805, 
        24.2656856743218, 104.368809173355, 188.795943186435, 
        224.323831319112, 260.883157083844, 309.914942346635, 
        27.6449011157392, 143.564307506273, 251.040028517433, 
        306.180283422742, 361.706892773389, 413.441741699229, 
        31.9125446519095, 174.502923915296, 313.351637263911, 
        385.464153363051, 448.566704291273, 522.782278261684, 
        24.7999469585905, 142.818160328971, 249.96326526745, 
        303.442902664063, 361.480961546709, 414.726886422145, 
        28.2533619545901, 178.752739652216, 322.57447114742, 
        401.506368695089, 477.21195172302, 560.835509671637, 
        30.2163751799667, 155.918323339853, 281.612323983841, 
        345.427000562174, 406.29008623434, 466.31438781132, 31.6992538837196, 
        142.231930114309, 249.293596708264, 304.967301976035, 
        361.873946449641, 410.734242612432, 26.1294239987838, 
        153.404284418069, 281.907598261675, 343.368066636486, 
        404.840475638969, 469.904514234472, 27.6118153842715, 
        144.255561183405, 258.135988379952, 311.484171130991, 
        369.07584597893, 423.300041337103, 27.8014184590007, 
        126.836191025161, 220.515095451603, 271.943737801284, 
        318.385816541031, 369.372345965232, 29.1162953956553, 
        115.571093124612, 206.56410034803, 248.803007854317, 
        297.899930033954, 337.328367919154, 32.4466721087522, 
        129.218154176822, 232.595629209276, 284.914878588864, 
        328.100323737005, 382.894325081845, 35.1273018341117, 
        107.716092803925, 191.535308173971, 228.749718166265, 
        268.865296370687, 308.157824765672, 30.3337656683993, 
        102.481195192238, 170.346792921562, 210.159438911675, 
        246.432261408941, 279.906969163784, 33.4075672087133, 
        186.487753057447, 342.843760740953, 422.709034125847, 
        501.703701236089, 577.906698962299, 34.7645251243487, 
        129.466280975707, 226.907434634924, 285.291837307416, 
        329.747745371657, 382.615778471661, 30.7120559498131, 
        158.077626668265, 293.579500336504, 354.971590657069, 
        421.886122330479, 487.54133164508, 30.2374120625086, 
        142.525692690766, 254.897155330128, 303.112751772888, 
        366.890847234956, 413.087091986298, 26.4127600881911, 
        146.310576549983, 248.441196531316, 304.622755255673, 
        355.031408141938, 410.260676623219, 28.1843490775113, 
        151.029010912704, 274.828245758638, 334.460061014479, 
        390.410081730184, 442.543570018226, 31.4503267843979, 
        141.931601154978, 259.350817099561, 313.636250053997, 
        377.448172634808, 434.840637742704, 36.0133439628381, 
        135.682392115925, 244.878489579507, 296.564512055903, 
        342.272173348883, 403.297204011503, 28.4057983572048, 
        150.415032782087, 278.141806028953, 339.420175132079, 
        392.019521469591, 455.411427236571, 34.4274935536075, 
        130.020259611712, 226.419399780491, 270.186222818747, 
        318.340544521857, 369.198596356765, 31.1438265531696, 
        134.993665629338, 249.236309389846, 300.785933894149, 
        351.081554111501, 406.549227862233, 26.452771156825, 
        135.154043314598, 240.556520728518, 294.147265331785, 
        343.733117306479, 390.518978690585, 31.6349741972293, 
        123.566446703685, 216.204937897231, 266.327604180588, 
        315.196449087855, 363.617820125847, 29.4645125926424, 
        112.680234396839, 188.063431030074, 226.982634596875, 
        267.786786509114, 311.178611022525, 31.0978646118511, 
        116.864417911518, 190.134831472048, 236.909958968113, 
        270.62924416677, 311.246321281264, 29.1664615422636, 
        137.195372453015, 245.056277772993, 297.107510591315, 
        351.223436868885, 403.048245812592, 26.471978116566, 
        92.484576030045, 148.499404599517, 180.558713846996, 
        215.842156336611, 241.155529687839, 33.7171193087515, 
        85.9993579556224, 136.777797985474, 169.521733593602, 
        192.747565818461, 220.350458742255, 29.1771500800956, 
        108.779340323644, 193.104195805728, 236.456316330643, 
        276.13854733008, 320.05502581335, 31.8273889758035, 111.429646827745, 
        189.76680712869, 231.037428828904, 268.211311419604, 
        309.923017691057, 32.581260323313, 125.220787340951, 
        234.648092638794, 279.356428520784, 330.940011349152, 
        382.881612122693, 34.7308987150033, 110.586082579219, 
        198.34796830049, 232.661698394333, 278.665728204002, 
        317.140817106171, 25.442041503654, 124.248663513858, 
        217.064673468535, 263.034770600645, 316.294637386255, 
        365.611156222224, 29.7101802932885, 117.297708311339, 
        215.22634129368, 267.396918321672, 315.237399788133, 
        365.44306211159, 29.4831802124109, 136.624969490463, 
        239.568252078425, 297.377018628172, 348.01030885485, 
        406.345608086364, 30.4459990073526, 157.187397416708, 
        288.031956231485, 345.622871408585, 419.791250419208, 
        482.054992469388, 31.8591338585619, 120.005154005193, 
        222.22730307624, 263.277501019846, 311.46651860619, 362.942477504527, 
        28.9188800305927, 161.410838091247, 295.674087683714, 
        362.486032335459, 427.553138310556, 496.78508771289, 
        32.7319581422773, 114.476748009449, 189.497274561669, 
        232.578016452841, 266.571318083837, 313.138298774337, 
        31.8147334435419, 108.76979609732, 193.033475923967, 
        228.16539395318, 271.827875322153, 310.744258692485, 
        38.856009295559, 135.077613200337, 243.529450177494, 
        292.944303066217, 345.792932271043, 396.020019438772, 
        25.2043867963147, 125.471926834376, 215.317443692425, 
        261.682577704647, 309.349854586492, 354.615611937903, 
        28.7370138547508, 133.699859621527, 244.610442706723, 
        302.224371107736, 355.135189031391, 412.81873781076, 
        31.0597390463669, 155.680863654433, 279.208773982487, 
        338.793962169554, 396.615729128642, 455.054804728681, 
        28.8407036635201, 160.733440399989, 292.846341738116, 
        363.407689011155, 423.148889344074, 492.022652810689, 
        27.8298334002763, 164.077011444768, 303.431594457294, 
        370.731662086638, 443.034778460401, 503.277466417362, 
        32.1962804217731, 308.974974499348, 591.020308758842, 
        734.024113303938, 873.529712031405, 1015.06988310884, 
        39.6396471382961, 330.338309436391, 627.66243125355, 
        765.917819553562, 920.2288786014, 1076.44757003547, 34.7437860251688, 
        315.618130806392, 585.853499255211, 731.405526716017, 
        876.162243639697, 1013.33140499445, 32.1126657473621, 
        366.299593704504, 701.352268676767, 875.580801274636, 
        1041.04107127768, 1211.22535411456, 33.8968907904999, 
        309.088049397783, 576.653313959044, 720.870266448094, 
        849.831917542644, 991.949715917462, 32.7278279590235, 
        314.505942858801, 591.365388940943, 733.074628686475, 
        880.502307345403, 1011.60390213974, 29.5338110368159, 
        337.316084521725, 654.583120013003, 812.195028668609, 
        975.012749586454, 1124.78238059731, 31.7882134631469, 
        313.129946581631, 601.238741770161, 737.783573207088, 
        881.977859255685, 1027.61567836952, 31.9454611453993, 
        306.767035050662, 587.349682027345, 728.265527789519, 
        863.176396088933, 996.421982666469, 26.1078053232907, 
        352.963394698952, 674.623536305831, 837.456348371402, 
        993.448677880149, 1157.8946540711, 35.0589851207642, 
        336.577655510915, 650.958142032407, 801.854250568459, 
        953.156988515371, 1106.48495876705, 37.0405730817405, 
        309.700813530771, 576.032580868566, 718.46493024262, 
        850.248093987171, 986.970621973077, 29.5186064455617, 
        331.420090573219, 638.294096153142, 790.835187419786, 
        942.880257063472, 1094.36550389123, 31.2156041210902, 
        316.769079446386, 593.276206336673, 734.024846165816, 
        885.6316965337, 1025.83040665869, 29.115030089195, 329.009793311263, 
        639.586399765943, 787.787070008967, 943.639001655274, 
        1094.67680167454, 32.3430637435929, 337.628840196103, 
        640.199329793572, 793.85599958878, 954.836684090233, 
        1102.993786961, 39.5504771529417, 309.803247373348, 586.347215383707, 
        730.768506257238, 870.246759481659, 1013.31101414985, 
        29.9882060320045, 311.078953797239, 586.159672323143, 
        727.809729825249, 865.530668197943, 1008.59879487105, 
        32.8852556091376, 344.248755827863, 665.318299641492, 
        820.278344976166, 978.444534397098, 1129.65926015656, 
        30.6063080415814, 323.787737179179, 612.276381848175, 
        762.381559595276, 907.00470307897, 1052.61963996507, 
        31.537515849993, 344.417626194301, 669.068500549862, 
        826.241321723918, 983.338557878553, 1146.10261637327, 
        30.904795036425, 340.993347897273, 655.566208046235, 
        816.007360447653, 963.81445776289, 1118.91060397268, 
        28.0186538579996, 334.332027434367, 641.990108260567, 
        801.446252346291, 952.632006050159, 1100.60759761741, 
        35.2843946388187, 363.089987995706, 694.62284375859, 
        858.991629610578, 1030.19311750437, 1197.06436670748, 
        32.8975862217595, 300.220197945685, 577.578180735187, 
        708.876844143677, 850.379745817354, 985.117573687889, 
        32.6714569814783, 330.11513056303, 628.315647729179, 
        780.508361343136, 934.858992939125, 1081.43847890125, 
        28.6087191441526, 342.008187525798, 658.17928965875, 
        809.968097005944, 958.229063377853, 1121.39911321718, 
        32.7695440243012, 343.046661938989, 657.64788054177, 
        818.057534114314, 970.941999562474, 1127.78915211249, 
        30.6506379099313, 354.677988287655, 684.214802264435, 
        848.106580636921, 1015.32425223601, 1179.36694957901, 
        33.1980822653948, 308.475148895869, 584.165388379172, 
        725.188096134294, 863.178090827741, 1005.080063024, 33.1702259150726, 
        333.140716332307, 630.369424266561, 782.402632619593, 
        929.94848845913, 1080.7286871951, 28.2749264334791, 329.189311381429, 
        636.297903425711, 781.829958260217, 927.675397652581, 
        1081.14707583186, 28.2574542091652, 326.503987668061, 
        622.295379750011, 767.810227552036, 914.789750169783, 
        1059.53899652833, 32.8525581335217, 316.979480986494, 
        602.790394385805, 741.32761521692, 889.851262985474, 
        1030.26256033925, 31.9786248174853, 339.419253292163, 
        646.443569001075, 804.697586289036, 959.964127629035, 
        1116.23148378459, 32.1295459785648, 319.344937677171, 
        593.401714645521, 733.692709771337, 878.755241754522, 
        1014.87200143543, 32.1241550969926, 327.642134846611, 
        624.025871528608, 775.866249876456, 923.786848168534, 
        1067.76041214133, 31.2305235311715, 339.804524635174, 
        640.554839460569, 798.462886630151, 953.271658290457, 
        1100.23910607421, 31.2960564639795, 353.489200515899, 
        679.619691798546, 830.970492130694, 996.551028421688, 
        1155.8146997648, 31.5744245016824, 320.309128629122, 
        611.00261106713, 752.081211126462, 897.059354841531, 
        1043.92700808733, 36.5589227813243, 343.821816159472, 
        657.578047259011, 811.994464822868, 965.442716294629, 
        1117.84531844412, 33.5404481924829, 320.651817757149, 
        620.394215348656, 767.901782959132, 911.056811055979, 
        1061.83283653583, 38.0884503800328, 313.647206127346, 
        599.077128629032, 743.53366678463, 891.050518474307, 
        1032.6074071022, 37.1681786009368, 319.5863521533, 622.32215271462, 
        758.42404570232, 908.89186936827, 1054.6742062389, 32.7562283856491, 
        345.398749157913, 653.939339298132, 799.039503405176, 
        963.661505873383, 1117.21552318231, 32.8962607255724, 
        308.531095523806, 589.951360869695, 728.728994302969, 
        867.4232294251, 1011.87814071708, 36.1422074007872, 331.528119073173, 
        635.18206863833, 787.733280839965, 938.630788431684, 
        1090.90361857645, 35.8020298848824, 350.138919197164, 
        673.844462404104, 835.931696540087, 993.4723504522, 1158.88018214312, 
        28.4946155192894, 358.063229293016, 679.124273969127, 
        837.64493495346, 1001.80727283007, 1157.77472170064, 
        29.7669791059995, 320.938776855155, 605.937208066836, 
        756.333872830712, 900.62811654821, 1044.59508689125, 
        26.6657930515584, 321.601989022881, 603.378685205155, 
        744.565263979984, 890.955476843193, 1031.57827095495, 
        31.4579503174034, 348.162169485796, 662.381213019302, 
        818.525360799948, 979.784676062832, 1138.04726473738, 
        35.2362015011727, 307.801468925007, 585.381219402349, 
        722.201207627963, 861.584972945602, 999.837700941866, 
        28.9833129918262, 323.140496487456, 615.434938015238, 
        755.679022174394, 902.58659993111, 1049.807090238, 35.6384167977306, 
        379.052448273766, 738.916623936665, 912.521793017448, 
        1092.21620344312, 1267.44182554736, 28.2768372232428, 
        319.523169248692, 607.674502489196, 752.389232200488, 
        895.547657396625, 1046.23053797665, 35.8321865127663, 
        338.745118367497, 651.29445963933, 795.010284106679, 
        955.229090379724, 1105.81307983731, 35.9186847190734, 
        334.415357655615, 646.957042856857, 800.005903928311, 
        941.249128072997, 1103.36224364288, 26.5905047398804, 
        318.617638828209, 602.763872840154, 745.682798989704, 
        889.975317633719, 1034.4854960721, 31.6056228407974, 
        328.515741951131, 625.776000018494, 774.084195195931, 
        918.525416584642, 1070.50732941384, 33.3582117119785, 
        312.687142742619, 599.064140372584, 739.445506015005, 
        882.398953936613, 1025.26382303588, 31.0697814345992, 
        376.087121783712, 717.109015915391, 892.120911578452, 
        1064.7311404662, 1239.56209805485, 30.0816051359329, 
        313.813458991073, 600.416459323006, 741.472191116124, 
        884.601408406349, 1033.29239121311, 28.5532594984643, 
        326.596060159366, 622.084469320953, 766.144630096639, 
        917.796966275705, 1067.43015226546, 33.7544548890814, 
        308.064123296455, 593.718740459934, 728.175602315131, 
        867.050260772432, 1011.4008767461, 34.7495530248075, 
        350.375678368723, 673.517110075476, 827.507894925912, 
        988.981644988085, 1146.51315314096, 35.4517301000615, 
        326.145579909, 618.825633009681, 758.526866344038, 907.054768344076, 
        1055.1996881795, 28.362034044012, 351.286122204277, 673.885259335068, 
        825.864072014161, 996.280907908237, 1159.5586515574, 
        31.9724787563877, 377.394400528515, 719.515895755468, 
        889.026655301368, 1065.96711420834, 1238.76416953235, 
        37.4438805318663, 335.641401473283, 642.769592658577, 
        800.194198374563, 958.349782928438, 1106.53219619008, 
        34.4165397137303, 309.689191776009, 589.608012096911, 
        735.663950157654, 875.121737212249, 1013.51883004459, 
        30.5343381873544, 363.088156456904, 692.944503009736, 
        862.619474205884, 1029.17702685689, 1191.53754444931, 
        36.9128986498248, 308.407122407141, 579.932381544276, 
        722.255858307673, 853.463256256868, 993.505410614305, 
        34.2570564199499, 349.168004482299, 666.927980176368, 
        823.163429377186, 978.946815941625, 1140.06588200806, 
        26.8186078033379, 307.11667976497, 596.238125497025, 
        733.467409927099, 880.014766121013, 1023.1097613001, 
        33.7712082839989, 350.774210593873, 669.053300840057, 
        826.153755069173, 988.729749527941, 1153.65968200778, 
        30.0470372245459, 321.46344537975, 605.579361868345, 
        750.211398919989, 899.370758634823, 1039.9499820689, 
        33.0020101893161, 314.569325325375, 600.793811480069, 
        746.651423998514, 885.561115569495, 1026.89171234277, 
        32.7234679863247, 341.994691590892, 657.458300526269, 
        817.235344608279, 976.355840371723, 1129.90031764003, 
        38.5491237200085, 324.741893823711, 611.901614147052, 
        759.559995643816, 905.959827785278, 1047.64752141624, 
        34.8548358263842, 291.187772358513, 548.313725119125, 
        680.899887109358, 804.3414519384, 940.571758889576, 36.7839392413504, 
        322.720039224748, 605.7820623638, 751.718740149401, 900.853690850337, 
        1046.03921021477, 31.6789328890164, 339.552109698546, 
        661.013670353221, 823.169646928979, 981.530279927479, 
        1138.64495026088, 37.0730163436615, 322.846115557619, 
        618.718963053187, 770.57950505816, 922.862142383707, 
        1060.88014638777, 33.4675423035814, 298.994339632057, 
        555.852222661834, 691.403725633354, 820.226754152396, 
        952.648528828826, 33.5126658525941, 345.265298242759, 
        658.413043277802, 815.620698974015, 968.294345328514, 
        1125.61714818772, 32.2556122689626, 341.753320920125, 
        655.148172142878, 813.176355198267, 978.867416623052, 
        1134.96422107718, 26.1207349087478, 305.813175487247, 
        578.869679790605, 715.495874732359, 849.818772851046, 
        992.550041130042, 31.6382626729488, 334.962077842575, 
        630.101143337244, 782.50237837548, 934.624346506955, 
        1081.22920664633, 32.6371553788655, 307.833261041497, 
        604.121822574545, 743.655551880227, 892.977948653593, 
        1034.27820178321, 35.053619984337, 341.525922033353, 
        652.807095347661, 808.851522562202, 962.626513055849, 
        1123.39077305582, 31.035603751339, 354.439233702626, 
        672.529097166958, 839.29690951858, 997.98962244999, 1154.86278221896, 
        29.5466339617005, 328.251336870882, 627.296732700836, 
        774.959843332581, 926.810213981927, 1075.97291402956, 
        34.6158967270151, 353.276935708935, 668.721147863902, 
        821.860229320557, 986.520753017555, 1143.73711621161, 
        34.7768431852491, 324.923134382125, 615.821084324699, 
        762.109210472015, 907.053094618906, 1045.56557886988, 
        32.8000147882476, 337.983977484911, 652.852898679052, 
        808.329970292907, 962.252892804165, 1118.69625397401, 
        36.3966708553976, 392.339981521242, 755.054390398999, 
        934.180606144654, 1108.90725720403, 1294.57187505192, 
        31.9511925975865, 272.386218218346, 522.162435872011, 
        643.618500812539, 763.399455880583, 883.730339498904, 
        30.937445763446, 343.97603981188, 653.585246386786, 809.836531964648, 
        975.579422652861, 1121.38328690431, 31.5596751457006, 
        362.560027851493, 705.073276310473, 877.528448581062, 
        1041.31781251132, 1212.48721907644, 36.3046235333151, 
        317.363749748891, 598.639302891897, 747.936692455342, 
        885.778630718007, 1025.08941841896, 34.0512980085189, 
        366.431864500871, 688.657806139737, 864.43826761297, 
        1029.70236725695, 1195.18114291874, 40.5229597561124, 
        322.183809807681, 616.500326494062, 768.439134358389, 
        913.984614247371, 1065.75940554984, 38.8667369810954, 
        365.902921789414, 702.55745637282, 873.14308047977, 1041.58028834854, 
        1212.20205518586, 32.775907601231, 324.655311295294, 
        610.321933339742, 751.183377300574, 904.573894002028, 
        1040.7644249359, 30.5721020353123, 345.023593224916, 
        651.441233122883, 811.000420200105, 954.154017305107, 
        1117.47061898875, 34.1577732948266, 308.61548743602, 
        588.272192216061, 727.384043978527, 870.293287663961, 
        1009.6612947816, 33.7725146507564, 317.39196570733, 599.19873134141, 
        742.951908878568, 879.09397923946, 1031.81931555255, 
        34.170699388671, 343.537326732048, 643.268537582774, 
        799.412749347578, 955.324592963325, 1107.38088534525, 
        31.4862096993901, 271.112632440542, 510.339034754761, 
        631.291594805348, 750.969343151874, 869.855783259688, 
        32.2510348592629, 342.73261251948, 649.083252620839, 
        802.249078388388, 962.250479131399, 1121.92913904218, 
        31.2052341273157, 312.089743442495, 598.692601928542, 
        739.493975852923, 884.549495000516, 1026.8668881182, 
        30.6003001005397, 342.080299776581, 649.034984225688, 
        814.636856417718, 959.0109142402, 1119.5514304598, 29.7130800582616, 
        329.698356263, 627.10473585834, 777.087732809808, 929.038293206445, 
        1080.09016532569, 34.7604907152948, 316.702476951121, 
        592.994062126228, 729.778785795121, 863.993279683625, 
        1009.64357239429, 32.010268287254, 348.603207245332, 
        659.104618246911, 823.72854323542, 979.367709206476, 
        1137.17975079334, 28.8645051165914, 335.078480618881, 
        658.747224449084, 815.190847304196, 973.420643651249, 
        1121.00386677936, 30.4576971982905, 315.597723554564, 
        590.215159140824, 733.409843086957, 869.930955076651, 
        1006.84531299835, 35.3638990840661, 313.116572979983, 
        583.498919280318, 723.637027380383, 865.956747195967, 
        1007.86985756519, 35.0528707132659, 359.057182494042, 
        697.352333319831, 863.33831234757, 1024.56586346826, 
        1193.35253592958, 32.9267132016828, 313.299297626889, 
        597.89585721917, 738.633819633415, 883.181451948383, 
        1022.99576536344, 27.8347796787383, 359.93382494288, 
        687.275832580769, 852.238784626591, 1015.12929454623, 
        1181.97323409892, 34.3390135373005, 306.73942579019, 
        589.486632465005, 729.064525485035, 867.414016484199, 
        1010.30278438118, 38.4520738370145, 288.650190218668, 
        555.316206959495, 680.494014851481, 810.597404790072, 
        943.194202618527, 29.0684903286691, 312.777700437362, 
        596.378377423208, 739.737908305857, 873.678450552711, 
        1018.33947065414, 33.8466828896929, 340.207312599402, 
        651.69703584292, 807.98980296022, 956.780471013811, 1113.82492475149, 
        31.7376690080235, 352.949232517875, 678.748010044043, 
        845.495734805962, 1010.89488333349, 1170.0163239387, 
        30.3186249876155, 315.450604273406, 614.371242700286, 
        757.743426123231, 896.247592962298, 1042.49769123817, 
        42.8673819125619, 323.210075895629, 615.071247060963, 
        761.49262148503, 907.755487309568, 1050.2280745946, 31.5206597644651, 
        346.438757274125, 658.90069177268, 821.733297459289, 
        984.439330363898, 1141.47435441482, 35.467312454809, 
        311.604167455971, 593.690122542235, 730.676229196628, 
        872.552419298534, 1019.98922244987, 33.0567460802405, 
        346.955152458151, 675.30312670429, 843.434483442322, 
        999.906531458382, 1159.08003909473, 33.3702386202868, 
        319.662710843901, 613.556486555203, 754.643638511365, 
        902.246367586052, 1047.64351829868, 28.3430885373325, 
        298.914397364785, 562.866568812256, 696.291007251842, 
        825.533949988133, 961.398669727516, 41.0541289076087, 
        354.331876979463, 669.055930344678, 828.283143018837, 
        988.44805122537, 1148.52087961835, 33.2090329524744, 
        344.398033963688, 657.436026005762, 818.771014846005, 
        973.52712272795, 1123.62738739776, 35.2182222462764, 
        358.869338984144, 691.125861597594, 846.492408137181, 
        1015.27239362508, 1174.47341770408, 35.3830505407456, 
        314.273376167149, 607.409136091849, 739.710231148607, 
        889.695647352673, 1034.06373395472, 35.5706183398198, 
        347.942689066006, 666.287382262091, 831.574043226619, 
        991.200000351446, 1149.73459577101, 35.491450026839, 
        287.842397671614, 555.379555114035, 687.552902468761, 
        827.181220036422, 954.615198424717, 35.5556498071585, 
        358.13566371812, 681.557187499276, 849.686247339302, 
        1010.38875727187, 1175.21913336596, 32.2219704011061, 
        343.660392258052, 662.03280934733, 811.896405145163, 
        973.762350133022, 1125.79792942024, 26.4730913607528, 
        340.657498700544, 644.402302146382, 793.934727327897, 
        952.306890224128, 1104.95544345453, 31.7336440159903, 
        306.945967108543, 585.249633444733, 722.462517138355, 
        861.575139082936, 1002.36115542897, 34.7147322919271, 
        331.744347936484, 641.309213533291, 787.126939656937, 
        940.174466755005, 1101.95034766722, 34.3204838850189, 
        321.368676406623, 617.988418131231, 764.097421930752, 
        909.176568153216, 1058.45250177513, 31.8898905612768, 
        343.690551969119, 651.757921104202, 806.423875235952, 
        962.55147831521, 1120.81304537374, 37.0232203516732, 
        306.314256835585, 587.612685812566, 721.756695196373, 
        857.027892103144, 1002.84752575378, 31.6068495317913, 
        343.786391548599, 654.608692094, 807.202183669321, 969.24748891, 
        1122.80989649142, 32.9199933707709, 358.975934612639, 
        708.19326764495, 873.3051324097, 1042.29072076748, 1209.44449388726
        ), Tobs = c(1, 100, 200, 250, 300, 350, 1, 100, 200, 
        250, 300, 350, 1, 100, 200, 250, 300, 350, 1, 100, 200, 
        250, 300, 350, 1, 100, 200, 250, 300, 350, 1, 100, 200, 
        250, 300, 350, 1, 100, 200, 250, 300, 350, 1, 100, 200, 
        250, 300, 350, 1, 100, 200, 250, 300, 350, 1, 100, 200, 
        250, 300, 350, 1, 100, 200, 250, 300, 350, 1, 100, 200, 
        250, 300, 350, 1, 100, 200, 250, 300, 350, 1, 100, 200, 
        250, 300, 350, 1, 100, 200, 250, 300, 350, 1, 100, 200, 
        250, 300, 350, 1, 100, 200, 250, 300, 350, 1, 100, 200, 
        250, 300, 350, 1, 100, 200, 250, 300, 350, 1, 100, 200, 
        250, 300, 350, 1, 100, 200, 250, 300, 350, 1, 100, 200, 
        250, 300, 350, 1, 100, 200, 250, 300, 350, 1, 100, 200, 
        250, 300, 350, 1, 100, 200, 250, 300, 350, 1, 100, 200, 
        250, 300, 350, 1, 100, 200, 250, 300, 350, 1, 100, 200, 
        250, 300, 350, 1, 100, 200, 250, 300, 350, 1, 100, 200, 
        250, 300, 350, 1, 100, 200, 250, 300, 350, 1, 100, 200, 
        250, 300, 350, 1, 100, 200, 250, 300, 350, 1, 100, 200, 
        250, 300, 350, 1, 100, 200, 250, 300, 350, 1, 100, 200, 
        250, 300, 350, 1, 100, 200, 250, 300, 350, 1, 100, 200, 
        250, 300, 350, 1, 100, 200, 250, 300, 350, 1, 100, 200, 
        250, 300, 350, 1, 100, 200, 250, 300, 350, 1, 100, 200, 
        250, 300, 350, 1, 100, 200, 250, 300, 350, 1, 100, 200, 
        250, 300, 350, 1, 100, 200, 250, 300, 350, 1, 100, 200, 
        250, 300, 350, 1, 100, 200, 250, 300, 350, 1, 100, 200, 
        250, 300, 350, 1, 100, 200, 250, 300, 350, 1, 100, 200, 
        250, 300, 350, 1, 100, 200, 250, 300, 350, 1, 100, 200, 
        250, 300, 350, 1, 100, 200, 250, 300, 350, 1, 100, 200, 
        250, 300, 350, 1, 100, 200, 250, 300, 350, 1, 100, 200, 
        250, 300, 350, 1, 100, 200, 250, 300, 350, 1, 100, 200, 
        250, 300, 350, 1, 100, 200, 250, 300, 350, 1, 100, 200, 
        250, 300, 350, 1, 100, 200, 250, 300, 350, 1, 100, 200, 
        250, 300, 350, 1, 100, 200, 250, 300, 350, 1, 100, 200, 
        250, 300, 350, 1, 100, 200, 250, 300, 350, 1, 100, 200, 
        250, 300, 350, 1, 100, 200, 250, 300, 350, 1, 100, 200, 
        250, 300, 350, 1, 100, 200, 250, 300, 350, 1, 100, 200, 
        250, 300, 350, 1, 100, 200, 250, 300, 350, 1, 100, 200, 
        250, 300, 350, 1, 100, 200, 250, 300, 350, 1, 100, 200, 
        250, 300, 350, 1, 100, 200, 250, 300, 350, 1, 100, 200, 
        250, 300, 350, 1, 100, 200, 250, 300, 350, 1, 100, 200, 
        250, 300, 350, 1, 100, 200, 250, 300, 350, 1, 100, 200, 
        250, 300, 350, 1, 100, 200, 250, 300, 350, 1, 100, 200, 
        250, 300, 350, 1, 100, 200, 250, 300, 350, 1, 100, 200, 
        250, 300, 350, 1, 100, 200, 250, 300, 350, 1, 100, 200, 
        250, 300, 350, 1, 100, 200, 250, 300, 350, 1, 100, 200, 
        250, 300, 350, 1, 100, 200, 250, 300, 350, 1, 100, 200, 
        250, 300, 350, 1, 100, 200, 250, 300, 350, 1, 100, 200, 
        250, 300, 350, 1, 100, 200, 250, 300, 350, 1, 100, 200, 
        250, 300, 350, 1, 100, 200, 250, 300, 350, 1, 100, 200, 
        250, 300, 350, 1, 100, 200, 250, 300, 350, 1, 100, 200, 
        250, 300, 350, 1, 100, 200, 250, 300, 350, 1, 100, 200, 
        250, 300, 350, 1, 100, 200, 250, 300, 350, 1, 100, 200, 
        250, 300, 350, 1, 100, 200, 250, 300, 350, 1, 100, 200, 
        250, 300, 350, 1, 100, 200, 250, 300, 350, 1, 100, 200, 
        250, 300, 350, 1, 100, 200, 250, 300, 350, 1, 100, 200, 
        250, 300, 350, 1, 100, 200, 250, 300, 350, 1, 100, 200, 
        250, 300, 350, 1, 100, 200, 250, 300, 350, 1, 100, 200, 
        250, 300, 350, 1, 100, 200, 250, 300, 350, 1, 100, 200, 
        250, 300, 350, 1, 100, 200, 250, 300, 350, 1, 100, 200, 
        250, 300, 350, 1, 100, 200, 250, 300, 350, 1, 100, 200, 
        250, 300, 350, 1, 100, 200, 250, 300, 350, 1, 100, 200, 
        250, 300, 350, 1, 100, 200, 250, 300, 350, 1, 100, 200, 
        250, 300, 350, 1, 100, 200, 250, 300, 350, 1, 100, 200, 
        250, 300, 350, 1, 100, 200, 250, 300, 350, 1, 100, 200, 
        250, 300, 350, 1, 100, 200, 250, 300, 350, 1, 100, 200, 
        250, 300, 350, 1, 100, 200, 250, 300, 350, 1, 100, 200, 
        250, 300, 350, 1, 100, 200, 250, 300, 350, 1, 100, 200, 
        250, 300, 350, 1, 100, 200, 250, 300, 350, 1, 100, 200, 
        250, 300, 350, 1, 100, 200, 250, 300, 350, 1, 100, 200, 
        250, 300, 350, 1, 100, 200, 250, 300, 350, 1, 100, 200, 
        250, 300, 350, 1, 100, 200, 250, 300, 350, 1, 100, 200, 
        250, 300, 350, 1, 100, 200, 250, 300, 350, 1, 100, 200, 
        250, 300, 350, 1, 100, 200, 250, 300, 350, 1, 100, 200, 
        250, 300, 350, 1, 100, 200, 250, 300, 350, 1, 100, 200, 
        250, 300, 350, 1, 100, 200, 250, 300, 350, 1, 100, 200, 
        250, 300, 350, 1, 100, 200, 250, 300, 350, 1, 100, 200, 
        250, 300, 350, 1, 100, 200, 250, 300, 350, 1, 100, 200, 
        250, 300, 350, 1, 100, 200, 250, 300, 350, 1, 100, 200, 
        250, 300, 350, 1, 100, 200, 250, 300, 350, 1, 100, 200, 
        250, 300, 350, 1, 100, 200, 250, 300, 350, 1, 100, 200, 
        250, 300, 350, 1, 100, 200, 250, 300, 350, 1, 100, 200, 
        250, 300, 350, 1, 100, 200, 250, 300, 350, 1, 100, 200, 
        250, 300, 350, 1, 100, 200, 250, 300, 350, 1, 100, 200, 
        250, 300, 350, 1, 100, 200, 250, 300, 350, 1, 100, 200, 
        250, 300, 350, 1, 100, 200, 250, 300, 350, 1, 100, 200, 
        250, 300, 350, 1, 100, 200, 250, 300, 350, 1, 100, 200, 
        250, 300, 350, 1, 100, 200, 250, 300, 350, 1, 100, 200, 
        250, 300, 350, 1, 100, 200, 250, 300, 350, 1, 100, 200, 
        250, 300, 350, 1, 100, 200, 250, 300, 350, 1, 100, 200, 
        250, 300, 350, 1, 100, 200, 250, 300, 350, 1, 100, 200, 
        250, 300, 350, 1, 100, 200, 250, 300, 350, 1, 100, 200, 
        250, 300, 350, 1, 100, 200, 250, 300, 350, 1, 100, 200, 
        250, 300, 350, 1, 100, 200, 250, 300, 350, 1, 100, 200, 
        250, 300, 350, 1, 100, 200, 250, 300, 350, 1, 100, 200, 
        250, 300, 350, 1, 100, 200, 250, 300, 350, 1, 100, 200, 
        250, 300, 350, 1, 100, 200, 250, 300, 350, 1, 100, 200, 
        250, 300, 350, 1, 100, 200, 250, 300, 350, 1, 100, 200, 
        250, 300, 350, 1, 100, 200, 250, 300, 350, 1, 100, 200, 
        250, 300, 350, 1, 100, 200, 250, 300, 350, 1, 100, 200, 
        250, 300, 350, 1, 100, 200, 250, 300, 350, 1, 100, 200, 
        250, 300, 350, 1, 100, 200, 250, 300, 350, 1, 100, 200, 
        250, 300, 350, 1, 100, 200, 250, 300, 350, 1, 100, 200, 
        250, 300, 350, 1, 100, 200, 250, 300, 350, 1, 100, 200, 
        250, 300, 350, 1, 100, 200, 250, 300, 350, 1, 100, 200, 
        250, 300, 350, 1, 100, 200, 250, 300, 350, 1, 100, 200, 
        250, 300, 350, 1, 100, 200, 250, 300, 350, 1, 100, 200, 
        250, 300, 350, 1, 100, 200, 250, 300, 350, 1, 100, 200, 
        250, 300, 350, 1, 100, 200, 250, 300, 350, 1, 100, 200, 
        250, 300, 350, 1, 100, 200, 250, 300, 350, 1, 100, 200, 
        250, 300, 350, 1, 100, 200, 250, 300, 350, 1, 100, 200, 
        250, 300, 350, 1, 100, 200, 250, 300, 350, 1, 100, 200, 
        250, 300, 350, 1, 100, 200, 250, 300, 350, 1, 100, 200, 
        250, 300, 350, 1, 100, 200, 250, 300, 350, 1, 100, 200, 
        250, 300, 350, 1, 100, 200, 250, 300, 350, 1, 100, 200, 
        250, 300, 350, 1, 100, 200, 250, 300, 350, 1, 100, 200, 
        250, 300, 350, 1, 100, 200, 250, 300, 350, 1, 100, 200, 
        250, 300, 350, 1, 100, 200, 250, 300, 350, 1, 100, 200, 
        250, 300, 350, 1, 100, 200, 250, 300, 350, 1, 100, 200, 
        250, 300, 350, 1, 100, 200, 250, 300, 350, 1, 100, 200, 
        250, 300, 350, 1, 100, 200, 250, 300, 350, 1, 100, 200, 
        250, 300, 350, 1, 100, 200, 250, 300, 350, 1, 100, 200, 
        250, 300, 350, 1, 100, 200, 250, 300, 350, 1, 100, 200, 
        250, 300, 350, 1, 100, 200, 250, 300, 350, 1, 100, 200, 
        250, 300, 350, 1, 100, 200, 250, 300, 350, 1, 100, 200, 
        250, 300, 350, 1, 100, 200, 250, 300, 350, 1, 100, 200, 
        250, 300, 350, 1, 100, 200, 250, 300, 350, 1, 100, 200, 
        250, 300, 350, 1, 100, 200, 250, 300, 350, 1, 100, 200, 
        250, 300, 350, 1, 100, 200, 250, 300, 350, 1, 100, 200, 
        250, 300, 350, 1, 100, 200, 250, 300, 350, 1, 100, 200, 
        250, 300, 350, 1, 100, 200, 250, 300, 350, 1, 100, 200, 
        250, 300, 350, 1, 100, 200, 250, 300, 350, 1, 100, 200, 
        250, 300, 350, 1, 100, 200, 250, 300, 350, 1, 100, 200, 
        250, 300, 350, 1, 100, 200, 250, 300, 350, 1, 100, 200, 
        250, 300, 350, 1, 100, 200, 250, 300, 350, 1, 100, 200, 
        250, 300, 350, 1, 100, 200, 250, 300, 350, 1, 100, 200, 
        250, 300, 350, 1, 100, 200, 250, 300, 350, 1, 100, 200, 
        250, 300, 350, 1, 100, 200, 250, 300, 350, 1, 100, 200, 
        250, 300, 350, 1, 100, 200, 250, 300, 350, 1, 100, 200, 
        250, 300, 350, 1, 100, 200, 250, 300, 350, 1, 100, 200, 
        250, 300, 350, 1, 100, 200, 250, 300, 350, 1, 100, 200, 
        250, 300, 350, 1, 100, 200, 250, 300, 350, 1, 100, 200, 
        250, 300, 350, 1, 100, 200, 250, 300, 350, 1, 100, 200, 
        250, 300, 350, 1, 100, 200, 250, 300, 350, 1, 100, 200, 
        250, 300, 350, 1, 100, 200, 250, 300, 350, 1, 100, 200, 
        250, 300, 350, 1, 100, 200, 250, 300, 350, 1, 100, 200, 
        250, 300, 350, 1, 100, 200, 250, 300, 350, 1, 100, 200, 
        250, 300, 350, 1, 100, 200, 250, 300, 350, 1, 100, 200, 
        250, 300, 350, 1, 100, 200, 250, 300, 350, 1, 100, 200, 
        250, 300, 350, 1, 100, 200, 250, 300, 350, 1, 100, 200, 
        250, 300, 350, 1, 100, 200, 250, 300, 350, 1, 100, 200, 
        250, 300, 350, 1, 100, 200, 250, 300, 350, 1, 100, 200, 
        250, 300, 350, 1, 100, 200, 250, 300, 350, 1, 100, 200, 
        250, 300, 350, 1, 100, 200, 250, 300, 350, 1, 100, 200, 
        250, 300, 350, 1, 100, 200, 250, 300, 350, 1, 100, 200, 
        250, 300, 350, 1, 100, 200, 250, 300, 350, 1, 100, 200, 
        250, 300, 350, 1, 100, 200, 250, 300, 350, 1, 100, 200, 
        250, 300, 350, 1, 100, 200, 250, 300, 350, 1, 100, 200, 
        250, 300, 350, 1, 100, 200, 250, 300, 350, 1, 100, 200, 
        250, 300, 350, 1, 100, 200, 250, 300, 350, 1, 100, 200, 
        250, 300, 350, 1, 100, 200, 250, 300, 350, 1, 100, 200, 
        250, 300, 350, 1, 100, 200, 250, 300, 350, 1, 100, 200, 
        250, 300, 350, 1, 100, 200, 250, 300, 350, 1, 100, 200, 
        250, 300, 350, 1, 100, 200, 250, 300, 350, 1, 100, 200, 
        250, 300, 350, 1, 100, 200, 250, 300, 350, 1, 100, 200, 
        250, 300, 350, 1, 100, 200, 250, 300, 350, 1, 100, 200, 
        250, 300, 350, 1, 100, 200, 250, 300, 350, 1, 100, 200, 
        250, 300, 350, 1, 100, 200, 250, 300, 350, 1, 100, 200, 
        250, 300, 350, 1, 100, 200, 250, 300, 350, 1, 100, 200, 
        250, 300, 350, 1, 100, 200, 250, 300, 350, 1, 100, 200, 
        250, 300, 350, 1, 100, 200, 250, 300, 350, 1, 100, 200, 
        250, 300, 350, 1, 100, 200, 250, 300, 350, 1, 100, 200, 
        250, 300, 350, 1, 100, 200, 250, 300, 350, 1, 100, 200, 
        250, 300, 350, 1, 100, 200, 250, 300, 350, 1, 100, 200, 
        250, 300, 350, 1, 100, 200, 250, 300, 350, 1, 100, 200, 
        250, 300, 350, 1, 100, 200, 250, 300, 350, 1, 100, 200, 
        250, 300, 350, 1, 100, 200, 250, 300, 350, 1, 100, 200, 
        250, 300, 350, 1, 100, 200, 250, 300, 350, 1, 100, 200, 
        250, 300, 350, 1, 100, 200, 250, 300, 350, 1, 100, 200, 
        250, 300, 350, 1, 100, 200, 250, 300, 350, 1, 100, 200, 
        250, 300, 350, 1, 100, 200, 250, 300, 350, 1, 100, 200, 
        250, 300, 350, 1, 100, 200, 250, 300, 350, 1, 100, 200, 
        250, 300, 350, 1, 100, 200, 250, 300, 350, 1, 100, 200, 
        250, 300, 350, 1, 100, 200, 250, 300, 350, 1, 100, 200, 
        250, 300, 350, 1, 100, 200, 250, 300, 350, 1, 100, 200, 
        250, 300, 350, 1, 100, 200, 250, 300, 350, 1, 100, 200, 
        250, 300, 350, 1, 100, 200, 250, 300, 350, 1, 100, 200, 
        250, 300, 350, 1, 100, 200, 250, 300, 350, 1, 100, 200, 
        250, 300, 350, 1, 100, 200, 250, 300, 350, 1, 100, 200, 
        250, 300, 350, 1, 100, 200, 250, 300, 350, 1, 100, 200, 
        250, 300, 350, 1, 100, 200, 250, 300, 350, 1, 100, 200, 
        250, 300, 350, 1, 100, 200, 250, 300, 350, 1, 100, 200, 
        250, 300, 350, 1, 100, 200, 250, 300, 350, 1, 100, 200, 
        250, 300, 350, 1, 100, 200, 250, 300, 350, 1, 100, 200, 
        250, 300, 350, 1, 100, 200, 250, 300, 350, 1, 100, 200, 
        250, 300, 350, 1, 100, 200, 250, 300, 350, 1, 100, 200, 
        250, 300, 350, 1, 100, 200, 250, 300, 350, 1, 100, 200, 
        250, 300, 350, 1, 100, 200, 250, 300, 350, 1, 100, 200, 
        250, 300, 350, 1, 100, 200, 250, 300, 350, 1, 100, 200, 
        250, 300, 350, 1, 100, 200, 250, 300, 350, 1, 100, 200, 
        250, 300, 350, 1, 100, 200, 250, 300, 350, 1, 100, 200, 
        250, 300, 350, 1, 100, 200, 250, 300, 350, 1, 100, 200, 
        250, 300, 350), Ythreshold = 5, Nta_obs_y = 2400L, Nta_cens_y = 0L, 
        ind_index = c(1, 1, 1, 1, 1, 1, 2, 2, 2, 2, 2, 2, 3, 
        3, 3, 3, 3, 3, 4, 4, 4, 4, 4, 4, 5, 5, 5, 5, 5, 5, 6, 
        6, 6, 6, 6, 6, 7, 7, 7, 7, 7, 7, 8, 8, 8, 8, 8, 8, 9, 
        9, 9, 9, 9, 9, 10, 10, 10, 10, 10, 10, 11, 11, 11, 11, 
        11, 11, 12, 12, 12, 12, 12, 12, 13, 13, 13, 13, 13, 13, 
        14, 14, 14, 14, 14, 14, 15, 15, 15, 15, 15, 15, 16, 16, 
        16, 16, 16, 16, 17, 17, 17, 17, 17, 17, 18, 18, 18, 18, 
        18, 18, 19, 19, 19, 19, 19, 19, 20, 20, 20, 20, 20, 20, 
        21, 21, 21, 21, 21, 21, 22, 22, 22, 22, 22, 22, 23, 23, 
        23, 23, 23, 23, 24, 24, 24, 24, 24, 24, 25, 25, 25, 25, 
        25, 25, 26, 26, 26, 26, 26, 26, 27, 27, 27, 27, 27, 27, 
        28, 28, 28, 28, 28, 28, 29, 29, 29, 29, 29, 29, 30, 30, 
        30, 30, 30, 30, 31, 31, 31, 31, 31, 31, 32, 32, 32, 32, 
        32, 32, 33, 33, 33, 33, 33, 33, 34, 34, 34, 34, 34, 34, 
        35, 35, 35, 35, 35, 35, 36, 36, 36, 36, 36, 36, 37, 37, 
        37, 37, 37, 37, 38, 38, 38, 38, 38, 38, 39, 39, 39, 39, 
        39, 39, 40, 40, 40, 40, 40, 40, 41, 41, 41, 41, 41, 41, 
        42, 42, 42, 42, 42, 42, 43, 43, 43, 43, 43, 43, 44, 44, 
        44, 44, 44, 44, 45, 45, 45, 45, 45, 45, 46, 46, 46, 46, 
        46, 46, 47, 47, 47, 47, 47, 47, 48, 48, 48, 48, 48, 48, 
        49, 49, 49, 49, 49, 49, 50, 50, 50, 50, 50, 50, 51, 51, 
        51, 51, 51, 51, 52, 52, 52, 52, 52, 52, 53, 53, 53, 53, 
        53, 53, 54, 54, 54, 54, 54, 54, 55, 55, 55, 55, 55, 55, 
        56, 56, 56, 56, 56, 56, 57, 57, 57, 57, 57, 57, 58, 58, 
        58, 58, 58, 58, 59, 59, 59, 59, 59, 59, 60, 60, 60, 60, 
        60, 60, 61, 61, 61, 61, 61, 61, 62, 62, 62, 62, 62, 62, 
        63, 63, 63, 63, 63, 63, 64, 64, 64, 64, 64, 64, 65, 65, 
        65, 65, 65, 65, 66, 66, 66, 66, 66, 66, 67, 67, 67, 67, 
        67, 67, 68, 68, 68, 68, 68, 68, 69, 69, 69, 69, 69, 69, 
        70, 70, 70, 70, 70, 70, 71, 71, 71, 71, 71, 71, 72, 72, 
        72, 72, 72, 72, 73, 73, 73, 73, 73, 73, 74, 74, 74, 74, 
        74, 74, 75, 75, 75, 75, 75, 75, 76, 76, 76, 76, 76, 76, 
        77, 77, 77, 77, 77, 77, 78, 78, 78, 78, 78, 78, 79, 79, 
        79, 79, 79, 79, 80, 80, 80, 80, 80, 80, 81, 81, 81, 81, 
        81, 81, 82, 82, 82, 82, 82, 82, 83, 83, 83, 83, 83, 83, 
        84, 84, 84, 84, 84, 84, 85, 85, 85, 85, 85, 85, 86, 86, 
        86, 86, 86, 86, 87, 87, 87, 87, 87, 87, 88, 88, 88, 88, 
        88, 88, 89, 89, 89, 89, 89, 89, 90, 90, 90, 90, 90, 90, 
        91, 91, 91, 91, 91, 91, 92, 92, 92, 92, 92, 92, 93, 93, 
        93, 93, 93, 93, 94, 94, 94, 94, 94, 94, 95, 95, 95, 95, 
        95, 95, 96, 96, 96, 96, 96, 96, 97, 97, 97, 97, 97, 97, 
        98, 98, 98, 98, 98, 98, 99, 99, 99, 99, 99, 99, 100, 
        100, 100, 100, 100, 100, 101, 101, 101, 101, 101, 101, 
        102, 102, 102, 102, 102, 102, 103, 103, 103, 103, 103, 
        103, 104, 104, 104, 104, 104, 104, 105, 105, 105, 105, 
        105, 105, 106, 106, 106, 106, 106, 106, 107, 107, 107, 
        107, 107, 107, 108, 108, 108, 108, 108, 108, 109, 109, 
        109, 109, 109, 109, 110, 110, 110, 110, 110, 110, 111, 
        111, 111, 111, 111, 111, 112, 112, 112, 112, 112, 112, 
        113, 113, 113, 113, 113, 113, 114, 114, 114, 114, 114, 
        114, 115, 115, 115, 115, 115, 115, 116, 116, 116, 116, 
        116, 116, 117, 117, 117, 117, 117, 117, 118, 118, 118, 
        118, 118, 118, 119, 119, 119, 119, 119, 119, 120, 120, 
        120, 120, 120, 120, 121, 121, 121, 121, 121, 121, 122, 
        122, 122, 122, 122, 122, 123, 123, 123, 123, 123, 123, 
        124, 124, 124, 124, 124, 124, 125, 125, 125, 125, 125, 
        125, 126, 126, 126, 126, 126, 126, 127, 127, 127, 127, 
        127, 127, 128, 128, 128, 128, 128, 128, 129, 129, 129, 
        129, 129, 129, 130, 130, 130, 130, 130, 130, 131, 131, 
        131, 131, 131, 131, 132, 132, 132, 132, 132, 132, 133, 
        133, 133, 133, 133, 133, 134, 134, 134, 134, 134, 134, 
        135, 135, 135, 135, 135, 135, 136, 136, 136, 136, 136, 
        136, 137, 137, 137, 137, 137, 137, 138, 138, 138, 138, 
        138, 138, 139, 139, 139, 139, 139, 139, 140, 140, 140, 
        140, 140, 140, 141, 141, 141, 141, 141, 141, 142, 142, 
        142, 142, 142, 142, 143, 143, 143, 143, 143, 143, 144, 
        144, 144, 144, 144, 144, 145, 145, 145, 145, 145, 145, 
        146, 146, 146, 146, 146, 146, 147, 147, 147, 147, 147, 
        147, 148, 148, 148, 148, 148, 148, 149, 149, 149, 149, 
        149, 149, 150, 150, 150, 150, 150, 150, 151, 151, 151, 
        151, 151, 151, 152, 152, 152, 152, 152, 152, 153, 153, 
        153, 153, 153, 153, 154, 154, 154, 154, 154, 154, 155, 
        155, 155, 155, 155, 155, 156, 156, 156, 156, 156, 156, 
        157, 157, 157, 157, 157, 157, 158, 158, 158, 158, 158, 
        158, 159, 159, 159, 159, 159, 159, 160, 160, 160, 160, 
        160, 160, 161, 161, 161, 161, 161, 161, 162, 162, 162, 
        162, 162, 162, 163, 163, 163, 163, 163, 163, 164, 164, 
        164, 164, 164, 164, 165, 165, 165, 165, 165, 165, 166, 
        166, 166, 166, 166, 166, 167, 167, 167, 167, 167, 167, 
        168, 168, 168, 168, 168, 168, 169, 169, 169, 169, 169, 
        169, 170, 170, 170, 170, 170, 170, 171, 171, 171, 171, 
        171, 171, 172, 172, 172, 172, 172, 172, 173, 173, 173, 
        173, 173, 173, 174, 174, 174, 174, 174, 174, 175, 175, 
        175, 175, 175, 175, 176, 176, 176, 176, 176, 176, 177, 
        177, 177, 177, 177, 177, 178, 178, 178, 178, 178, 178, 
        179, 179, 179, 179, 179, 179, 180, 180, 180, 180, 180, 
        180, 181, 181, 181, 181, 181, 181, 182, 182, 182, 182, 
        182, 182, 183, 183, 183, 183, 183, 183, 184, 184, 184, 
        184, 184, 184, 185, 185, 185, 185, 185, 185, 186, 186, 
        186, 186, 186, 186, 187, 187, 187, 187, 187, 187, 188, 
        188, 188, 188, 188, 188, 189, 189, 189, 189, 189, 189, 
        190, 190, 190, 190, 190, 190, 191, 191, 191, 191, 191, 
        191, 192, 192, 192, 192, 192, 192, 193, 193, 193, 193, 
        193, 193, 194, 194, 194, 194, 194, 194, 195, 195, 195, 
        195, 195, 195, 196, 196, 196, 196, 196, 196, 197, 197, 
        197, 197, 197, 197, 198, 198, 198, 198, 198, 198, 199, 
        199, 199, 199, 199, 199, 200, 200, 200, 200, 200, 200, 
        201, 201, 201, 201, 201, 201, 202, 202, 202, 202, 202, 
        202, 203, 203, 203, 203, 203, 203, 204, 204, 204, 204, 
        204, 204, 205, 205, 205, 205, 205, 205, 206, 206, 206, 
        206, 206, 206, 207, 207, 207, 207, 207, 207, 208, 208, 
        208, 208, 208, 208, 209, 209, 209, 209, 209, 209, 210, 
        210, 210, 210, 210, 210, 211, 211, 211, 211, 211, 211, 
        212, 212, 212, 212, 212, 212, 213, 213, 213, 213, 213, 
        213, 214, 214, 214, 214, 214, 214, 215, 215, 215, 215, 
        215, 215, 216, 216, 216, 216, 216, 216, 217, 217, 217, 
        217, 217, 217, 218, 218, 218, 218, 218, 218, 219, 219, 
        219, 219, 219, 219, 220, 220, 220, 220, 220, 220, 221, 
        221, 221, 221, 221, 221, 222, 222, 222, 222, 222, 222, 
        223, 223, 223, 223, 223, 223, 224, 224, 224, 224, 224, 
        224, 225, 225, 225, 225, 225, 225, 226, 226, 226, 226, 
        226, 226, 227, 227, 227, 227, 227, 227, 228, 228, 228, 
        228, 228, 228, 229, 229, 229, 229, 229, 229, 230, 230, 
        230, 230, 230, 230, 231, 231, 231, 231, 231, 231, 232, 
        232, 232, 232, 232, 232, 233, 233, 233, 233, 233, 233, 
        234, 234, 234, 234, 234, 234, 235, 235, 235, 235, 235, 
        235, 236, 236, 236, 236, 236, 236, 237, 237, 237, 237, 
        237, 237, 238, 238, 238, 238, 238, 238, 239, 239, 239, 
        239, 239, 239, 240, 240, 240, 240, 240, 240, 241, 241, 
        241, 241, 241, 241, 242, 242, 242, 242, 242, 242, 243, 
        243, 243, 243, 243, 243, 244, 244, 244, 244, 244, 244, 
        245, 245, 245, 245, 245, 245, 246, 246, 246, 246, 246, 
        246, 247, 247, 247, 247, 247, 247, 248, 248, 248, 248, 
        248, 248, 249, 249, 249, 249, 249, 249, 250, 250, 250, 
        250, 250, 250, 251, 251, 251, 251, 251, 251, 252, 252, 
        252, 252, 252, 252, 253, 253, 253, 253, 253, 253, 254, 
        254, 254, 254, 254, 254, 255, 255, 255, 255, 255, 255, 
        256, 256, 256, 256, 256, 256, 257, 257, 257, 257, 257, 
        257, 258, 258, 258, 258, 258, 258, 259, 259, 259, 259, 
        259, 259, 260, 260, 260, 260, 260, 260, 261, 261, 261, 
        261, 261, 261, 262, 262, 262, 262, 262, 262, 263, 263, 
        263, 263, 263, 263, 264, 264, 264, 264, 264, 264, 265, 
        265, 265, 265, 265, 265, 266, 266, 266, 266, 266, 266, 
        267, 267, 267, 267, 267, 267, 268, 268, 268, 268, 268, 
        268, 269, 269, 269, 269, 269, 269, 270, 270, 270, 270, 
        270, 270, 271, 271, 271, 271, 271, 271, 272, 272, 272, 
        272, 272, 272, 273, 273, 273, 273, 273, 273, 274, 274, 
        274, 274, 274, 274, 275, 275, 275, 275, 275, 275, 276, 
        276, 276, 276, 276, 276, 277, 277, 277, 277, 277, 277, 
        278, 278, 278, 278, 278, 278, 279, 279, 279, 279, 279, 
        279, 280, 280, 280, 280, 280, 280, 281, 281, 281, 281, 
        281, 281, 282, 282, 282, 282, 282, 282, 283, 283, 283, 
        283, 283, 283, 284, 284, 284, 284, 284, 284, 285, 285, 
        285, 285, 285, 285, 286, 286, 286, 286, 286, 286, 287, 
        287, 287, 287, 287, 287, 288, 288, 288, 288, 288, 288, 
        289, 289, 289, 289, 289, 289, 290, 290, 290, 290, 290, 
        290, 291, 291, 291, 291, 291, 291, 292, 292, 292, 292, 
        292, 292, 293, 293, 293, 293, 293, 293, 294, 294, 294, 
        294, 294, 294, 295, 295, 295, 295, 295, 295, 296, 296, 
        296, 296, 296, 296, 297, 297, 297, 297, 297, 297, 298, 
        298, 298, 298, 298, 298, 299, 299, 299, 299, 299, 299, 
        300, 300, 300, 300, 300, 300, 301, 301, 301, 301, 301, 
        301, 302, 302, 302, 302, 302, 302, 303, 303, 303, 303, 
        303, 303, 304, 304, 304, 304, 304, 304, 305, 305, 305, 
        305, 305, 305, 306, 306, 306, 306, 306, 306, 307, 307, 
        307, 307, 307, 307, 308, 308, 308, 308, 308, 308, 309, 
        309, 309, 309, 309, 309, 310, 310, 310, 310, 310, 310, 
        311, 311, 311, 311, 311, 311, 312, 312, 312, 312, 312, 
        312, 313, 313, 313, 313, 313, 313, 314, 314, 314, 314, 
        314, 314, 315, 315, 315, 315, 315, 315, 316, 316, 316, 
        316, 316, 316, 317, 317, 317, 317, 317, 317, 318, 318, 
        318, 318, 318, 318, 319, 319, 319, 319, 319, 319, 320, 
        320, 320, 320, 320, 320, 321, 321, 321, 321, 321, 321, 
        322, 322, 322, 322, 322, 322, 323, 323, 323, 323, 323, 
        323, 324, 324, 324, 324, 324, 324, 325, 325, 325, 325, 
        325, 325, 326, 326, 326, 326, 326, 326, 327, 327, 327, 
        327, 327, 327, 328, 328, 328, 328, 328, 328, 329, 329, 
        329, 329, 329, 329, 330, 330, 330, 330, 330, 330, 331, 
        331, 331, 331, 331, 331, 332, 332, 332, 332, 332, 332, 
        333, 333, 333, 333, 333, 333, 334, 334, 334, 334, 334, 
        334, 335, 335, 335, 335, 335, 335, 336, 336, 336, 336, 
        336, 336, 337, 337, 337, 337, 337, 337, 338, 338, 338, 
        338, 338, 338, 339, 339, 339, 339, 339, 339, 340, 340, 
        340, 340, 340, 340, 341, 341, 341, 341, 341, 341, 342, 
        342, 342, 342, 342, 342, 343, 343, 343, 343, 343, 343, 
        344, 344, 344, 344, 344, 344, 345, 345, 345, 345, 345, 
        345, 346, 346, 346, 346, 346, 346, 347, 347, 347, 347, 
        347, 347, 348, 348, 348, 348, 348, 348, 349, 349, 349, 
        349, 349, 349, 350, 350, 350, 350, 350, 350, 351, 351, 
        351, 351, 351, 351, 352, 352, 352, 352, 352, 352, 353, 
        353, 353, 353, 353, 353, 354, 354, 354, 354, 354, 354, 
        355, 355, 355, 355, 355, 355, 356, 356, 356, 356, 356, 
        356, 357, 357, 357, 357, 357, 357, 358, 358, 358, 358, 
        358, 358, 359, 359, 359, 359, 359, 359, 360, 360, 360, 
        360, 360, 360, 361, 361, 361, 361, 361, 361, 362, 362, 
        362, 362, 362, 362, 363, 363, 363, 363, 363, 363, 364, 
        364, 364, 364, 364, 364, 365, 365, 365, 365, 365, 365, 
        366, 366, 366, 366, 366, 366, 367, 367, 367, 367, 367, 
        367, 368, 368, 368, 368, 368, 368, 369, 369, 369, 369, 
        369, 369, 370, 370, 370, 370, 370, 370, 371, 371, 371, 
        371, 371, 371, 372, 372, 372, 372, 372, 372, 373, 373, 
        373, 373, 373, 373, 374, 374, 374, 374, 374, 374, 375, 
        375, 375, 375, 375, 375, 376, 376, 376, 376, 376, 376, 
        377, 377, 377, 377, 377, 377, 378, 378, 378, 378, 378, 
        378, 379, 379, 379, 379, 379, 379, 380, 380, 380, 380, 
        380, 380, 381, 381, 381, 381, 381, 381, 382, 382, 382, 
        382, 382, 382, 383, 383, 383, 383, 383, 383, 384, 384, 
        384, 384, 384, 384, 385, 385, 385, 385, 385, 385, 386, 
        386, 386, 386, 386, 386, 387, 387, 387, 387, 387, 387, 
        388, 388, 388, 388, 388, 388, 389, 389, 389, 389, 389, 
        389, 390, 390, 390, 390, 390, 390, 391, 391, 391, 391, 
        391, 391, 392, 392, 392, 392, 392, 392, 393, 393, 393, 
        393, 393, 393, 394, 394, 394, 394, 394, 394, 395, 395, 
        395, 395, 395, 395, 396, 396, 396, 396, 396, 396, 397, 
        397, 397, 397, 397, 397, 398, 398, 398, 398, 398, 398, 
        399, 399, 399, 399, 399, 399, 400, 400, 400, 400, 400, 
        400), pt_to_ind = structure(1:400, names = c("pt_00001", 
        "pt_00002", "pt_00003", "pt_00004", "pt_00005", "pt_00006", 
        "pt_00007", "pt_00008", "pt_00009", "pt_00010", "pt_00011", 
        "pt_00012", "pt_00013", "pt_00014", "pt_00015", "pt_00016", 
        "pt_00017", "pt_00018", "pt_00019", "pt_00020", "pt_00021", 
        "pt_00022", "pt_00023", "pt_00024", "pt_00025", "pt_00026", 
        "pt_00027", "pt_00028", "pt_00029", "pt_00030", "pt_00031", 
        "pt_00032", "pt_00033", "pt_00034", "pt_00035", "pt_00036", 
        "pt_00037", "pt_00038", "pt_00039", "pt_00040", "pt_00041", 
        "pt_00042", "pt_00043", "pt_00044", "pt_00045", "pt_00046", 
        "pt_00047", "pt_00048", "pt_00049", "pt_00050", "pt_00051", 
        "pt_00052", "pt_00053", "pt_00054", "pt_00055", "pt_00056", 
        "pt_00057", "pt_00058", "pt_00059", "pt_00060", "pt_00061", 
        "pt_00062", "pt_00063", "pt_00064", "pt_00065", "pt_00066", 
        "pt_00067", "pt_00068", "pt_00069", "pt_00070", "pt_00071", 
        "pt_00072", "pt_00073", "pt_00074", "pt_00075", "pt_00076", 
        "pt_00077", "pt_00078", "pt_00079", "pt_00080", "pt_00081", 
        "pt_00082", "pt_00083", "pt_00084", "pt_00085", "pt_00086", 
        "pt_00087", "pt_00088", "pt_00089", "pt_00090", "pt_00091", 
        "pt_00092", "pt_00093", "pt_00094", "pt_00095", "pt_00096", 
        "pt_00097", "pt_00098", "pt_00099", "pt_00100", "pt_00101", 
        "pt_00102", "pt_00103", "pt_00104", "pt_00105", "pt_00106", 
        "pt_00107", "pt_00108", "pt_00109", "pt_00110", "pt_00111", 
        "pt_00112", "pt_00113", "pt_00114", "pt_00115", "pt_00116", 
        "pt_00117", "pt_00118", "pt_00119", "pt_00120", "pt_00121", 
        "pt_00122", "pt_00123", "pt_00124", "pt_00125", "pt_00126", 
        "pt_00127", "pt_00128", "pt_00129", "pt_00130", "pt_00131", 
        "pt_00132", "pt_00133", "pt_00134", "pt_00135", "pt_00136", 
        "pt_00137", "pt_00138", "pt_00139", "pt_00140", "pt_00141", 
        "pt_00142", "pt_00143", "pt_00144", "pt_00145", "pt_00146", 
        "pt_00147", "pt_00148", "pt_00149", "pt_00150", "pt_00151", 
        "pt_00152", "pt_00153", "pt_00154", "pt_00155", "pt_00156", 
        "pt_00157", "pt_00158", "pt_00159", "pt_00160", "pt_00161", 
        "pt_00162", "pt_00163", "pt_00164", "pt_00165", "pt_00166", 
        "pt_00167", "pt_00168", "pt_00169", "pt_00170", "pt_00171", 
        "pt_00172", "pt_00173", "pt_00174", "pt_00175", "pt_00176", 
        "pt_00177", "pt_00178", "pt_00179", "pt_00180", "pt_00181", 
        "pt_00182", "pt_00183", "pt_00184", "pt_00185", "pt_00186", 
        "pt_00187", "pt_00188", "pt_00189", "pt_00190", "pt_00191", 
        "pt_00192", "pt_00193", "pt_00194", "pt_00195", "pt_00196", 
        "pt_00197", "pt_00198", "pt_00199", "pt_00200", "pt_00201", 
        "pt_00202", "pt_00203", "pt_00204", "pt_00205", "pt_00206", 
        "pt_00207", "pt_00208", "pt_00209", "pt_00210", "pt_00211", 
        "pt_00212", "pt_00213", "pt_00214", "pt_00215", "pt_00216", 
        "pt_00217", "pt_00218", "pt_00219", "pt_00220", "pt_00221", 
        "pt_00222", "pt_00223", "pt_00224", "pt_00225", "pt_00226", 
        "pt_00227", "pt_00228", "pt_00229", "pt_00230", "pt_00231", 
        "pt_00232", "pt_00233", "pt_00234", "pt_00235", "pt_00236", 
        "pt_00237", "pt_00238", "pt_00239", "pt_00240", "pt_00241", 
        "pt_00242", "pt_00243", "pt_00244", "pt_00245", "pt_00246", 
        "pt_00247", "pt_00248", "pt_00249", "pt_00250", "pt_00251", 
        "pt_00252", "pt_00253", "pt_00254", "pt_00255", "pt_00256", 
        "pt_00257", "pt_00258", "pt_00259", "pt_00260", "pt_00261", 
        "pt_00262", "pt_00263", "pt_00264", "pt_00265", "pt_00266", 
        "pt_00267", "pt_00268", "pt_00269", "pt_00270", "pt_00271", 
        "pt_00272", "pt_00273", "pt_00274", "pt_00275", "pt_00276", 
        "pt_00277", "pt_00278", "pt_00279", "pt_00280", "pt_00281", 
        "pt_00282", "pt_00283", "pt_00284", "pt_00285", "pt_00286", 
        "pt_00287", "pt_00288", "pt_00289", "pt_00290", "pt_00291", 
        "pt_00292", "pt_00293", "pt_00294", "pt_00295", "pt_00296", 
        "pt_00297", "pt_00298", "pt_00299", "pt_00300", "pt_00301", 
        "pt_00302", "pt_00303", "pt_00304", "pt_00305", "pt_00306", 
        "pt_00307", "pt_00308", "pt_00309", "pt_00310", "pt_00311", 
        "pt_00312", "pt_00313", "pt_00314", "pt_00315", "pt_00316", 
        "pt_00317", "pt_00318", "pt_00319", "pt_00320", "pt_00321", 
        "pt_00322", "pt_00323", "pt_00324", "pt_00325", "pt_00326", 
        "pt_00327", "pt_00328", "pt_00329", "pt_00330", "pt_00331", 
        "pt_00332", "pt_00333", "pt_00334", "pt_00335", "pt_00336", 
        "pt_00337", "pt_00338", "pt_00339", "pt_00340", "pt_00341", 
        "pt_00342", "pt_00343", "pt_00344", "pt_00345", "pt_00346", 
        "pt_00347", "pt_00348", "pt_00349", "pt_00350", "pt_00351", 
        "pt_00352", "pt_00353", "pt_00354", "pt_00355", "pt_00356", 
        "pt_00357", "pt_00358", "pt_00359", "pt_00360", "pt_00361", 
        "pt_00362", "pt_00363", "pt_00364", "pt_00365", "pt_00366", 
        "pt_00367", "pt_00368", "pt_00369", "pt_00370", "pt_00371", 
        "pt_00372", "pt_00373", "pt_00374", "pt_00375", "pt_00376", 
        "pt_00377", "pt_00378", "pt_00379", "pt_00380", "pt_00381", 
        "pt_00382", "pt_00383", "pt_00384", "pt_00385", "pt_00386", 
        "pt_00387", "pt_00388", "pt_00389", "pt_00390", "pt_00391", 
        "pt_00392", "pt_00393", "pt_00394", "pt_00395", "pt_00396", 
        "pt_00397", "pt_00398", "pt_00399", "pt_00400")), obs_y_index = 1:2400, 
        cens_y_index = integer(0), n_mat_inds_obs_y = c(4794L, 
        4794L, 401L), w_mat_inds_obs_y = c(1, 1, 1, 1, 1, 1, 
        1, 1, 1, 1, 1, 1, 1, 1, 1, 1, 1, 1, 1, 1, 1, 1, 1, 1, 
        1, 1, 1, 1, 1, 1, 1, 1, 1, 1, 1, 1, 1, 1, 1, 1, 1, 1, 
        1, 1, 1, 1, 1, 1, 1, 1, 1, 1, 1, 1, 1, 1, 1, 1, 1, 1, 
        1, 1, 1, 1, 1, 1, 1, 1, 1, 1, 1, 1, 1, 1, 1, 1, 1, 1, 
        1, 1, 1, 1, 1, 1, 1, 1, 1, 1, 1, 1, 1, 1, 1, 1, 1, 1, 
        1, 1, 1, 1, 1, 1, 1, 1, 1, 1, 1, 1, 1, 1, 1, 1, 1, 1, 
        1, 1, 1, 1, 1, 1, 1, 1, 1, 1, 1, 1, 1, 1, 1, 1, 1, 1, 
        1, 1, 1, 1, 1, 1, 1, 1, 1, 1, 1, 1, 1, 1, 1, 1, 1, 1, 
        1, 1, 1, 1, 1, 1, 1, 1, 1, 1, 1, 1, 1, 1, 1, 1, 1, 1, 
        1, 1, 1, 1, 1, 1, 1, 1, 1, 1, 1, 1, 1, 1, 1, 1, 1, 1, 
        1, 1, 1, 1, 1, 1, 1, 1, 1, 1, 1, 1, 1, 1, 1, 1, 1, 1, 
        1, 1, 1, 1, 1, 1, 1, 1, 1, 1, 1, 1, 1, 1, 1, 1, 1, 1, 
        1, 1, 1, 1, 1, 1, 1, 1, 1, 1, 1, 1, 1, 1, 1, 1, 1, 1, 
        1, 1, 1, 1, 1, 1, 1, 1, 1, 1, 1, 1, 1, 1, 1, 1, 1, 1, 
        1, 1, 1, 1, 1, 1, 1, 1, 1, 1, 1, 1, 1, 1, 1, 1, 1, 1, 
        1, 1, 1, 1, 1, 1, 1, 1, 1, 1, 1, 1, 1, 1, 1, 1, 1, 1, 
        1, 1, 1, 1, 1, 1, 1, 1, 1, 1, 1, 1, 1, 1, 1, 1, 1, 1, 
        1, 1, 1, 1, 1, 1, 1, 1, 1, 1, 1, 1, 1, 1, 1, 1, 1, 1, 
        1, 1, 1, 1, 1, 1, 1, 1, 1, 1, 1, 1, 1, 1, 1, 1, 1, 1, 
        1, 1, 1, 1, 1, 1, 1, 1, 1, 1, 1, 1, 1, 1, 1, 1, 1, 1, 
        1, 1, 1, 1, 1, 1, 1, 1, 1, 1, 1, 1, 1, 1, 1, 1, 1, 1, 
        1, 1, 1, 1, 1, 1, 1, 1, 1, 1, 1, 1, 1, 1, 1, 1, 1, 1, 
        1, 1, 1, 1, 1, 1, 1, 1, 1, 1, 1, 1, 1, 1, 1, 1, 1, 1, 
        1, 1, 1, 1, 1, 1, 1, 1, 1, 1, 1, 1, 1, 1, 1, 1, 1, 1, 
        1, 1, 1, 1, 1, 1, 1, 1, 1, 1, 1, 1, 1, 1, 1, 1, 1, 1, 
        1, 1, 1, 1, 1, 1, 1, 1, 1, 1, 1, 1, 1, 1, 1, 1, 1, 1, 
        1, 1, 1, 1, 1, 1, 1, 1, 1, 1, 1, 1, 1, 1, 1, 1, 1, 1, 
        1, 1, 1, 1, 1, 1, 1, 1, 1, 1, 1, 1, 1, 1, 1, 1, 1, 1, 
        1, 1, 1, 1, 1, 1, 1, 1, 1, 1, 1, 1, 1, 1, 1, 1, 1, 1, 
        1, 1, 1, 1, 1, 1, 1, 1, 1, 1, 1, 1, 1, 1, 1, 1, 1, 1, 
        1, 1, 1, 1, 1, 1, 1, 1, 1, 1, 1, 1, 1, 1, 1, 1, 1, 1, 
        1, 1, 1, 1, 1, 1, 1, 1, 1, 1, 1, 1, 1, 1, 1, 1, 1, 1, 
        1, 1, 1, 1, 1, 1, 1, 1, 1, 1, 1, 1, 1, 1, 1, 1, 1, 1, 
        1, 1, 1, 1, 1, 1, 1, 1, 1, 1, 1, 1, 1, 1, 1, 1, 1, 1, 
        1, 1, 1, 1, 1, 1, 1, 1, 1, 1, 1, 1, 1, 1, 1, 1, 1, 1, 
        1, 1, 1, 1, 1, 1, 1, 1, 1, 1, 1, 1, 1, 1, 1, 1, 1, 1, 
        1, 1, 1, 1, 1, 1, 1, 1, 1, 1, 1, 1, 1, 1, 1, 1, 1, 1, 
        1, 1, 1, 1, 1, 1, 1, 1, 1, 1, 1, 1, 1, 1, 1, 1, 1, 1, 
        1, 1, 1, 1, 1, 1, 1, 1, 1, 1, 1, 1, 1, 1, 1, 1, 1, 1, 
        1, 1, 1, 1, 1, 1, 1, 1, 1, 1, 1, 1, 1, 1, 1, 1, 1, 1, 
        1, 1, 1, 1, 1, 1, 1, 1, 1, 1, 1, 1, 1, 1, 1, 1, 1, 1, 
        1, 1, 1, 1, 1, 1, 1, 1, 1, 1, 1, 1, 1, 1, 1, 1, 1, 1, 
        1, 1, 1, 1, 1, 1, 1, 1, 1, 1, 1, 1, 1, 1, 1, 1, 1, 1, 
        1, 1, 1, 1, 1, 1, 1, 1, 1, 1, 1, 1, 1, 1, 1, 1, 1, 1, 
        1, 1, 1, 1, 1, 1, 1, 1, 1, 1, 1, 1, 1, 1, 1, 1, 1, 1, 
        1, 1, 1, 1, 1, 1, 1, 1, 1, 1, 1, 1, 1, 1, 1, 1, 1, 1, 
        1, 1, 1, 1, 1, 1, 1, 1, 1, 1, 1, 1, 1, 1, 1, 1, 1, 1, 
        1, 1, 1, 1, 1, 1, 1, 1, 1, 1, 1, 1, 1, 1, 1, 1, 1, 1, 
        1, 1, 1, 1, 1, 1, 1, 1, 1, 1, 1, 1, 1, 1, 1, 1, 1, 1, 
        1, 1, 1, 1, 1, 1, 1, 1, 1, 1, 1, 1, 1, 1, 1, 1, 1, 1, 
        1, 1, 1, 1, 1, 1, 1, 1, 1, 1, 1, 1, 1, 1, 1, 1, 1, 1, 
        1, 1, 1, 1, 1, 1, 1, 1, 1, 1, 1, 1, 1, 1, 1, 1, 1, 1, 
        1, 1, 1, 1, 1, 1, 1, 1, 1, 1, 1, 1, 1, 1, 1, 1, 1, 1, 
        1, 1, 1, 1, 1, 1, 1, 1, 1, 1, 1, 1, 1, 1, 1, 1, 1, 1, 
        1, 1, 1, 1, 1, 1, 1, 1, 1, 1, 1, 1, 1, 1, 1, 1, 1, 1, 
        1, 1, 1, 1, 1, 1, 1, 1, 1, 1, 1, 1, 1, 1, 1, 1, 1, 1, 
        1, 1, 1, 1, 1, 1, 1, 1, 1, 1, 1, 1, 1, 1, 1, 1, 1, 1, 
        1, 1, 1, 1, 1, 1, 1, 1, 1, 1, 1, 1, 1, 1, 1, 1, 1, 1, 
        1, 1, 1, 1, 1, 1, 1, 1, 1, 1, 1, 1, 1, 1, 1, 1, 1, 1, 
        1, 1, 1, 1, 1, 1, 1, 1, 1, 1, 1, 1, 1, 1, 1, 1, 1, 1, 
        1, 1, 1, 1, 1, 1, 1, 1, 1, 1, 1, 1, 1, 1, 1, 1, 1, 1, 
        1, 1, 1, 1, 1, 1, 1, 1, 1, 1, 1, 1, 1, 1, 1, 1, 1, 1, 
        1, 1, 1, 1, 1, 1, 1, 1, 1, 1, 1, 1, 1, 1, 1, 1, 1, 1, 
        1, 1, 1, 1, 1, 1, 1, 1, 1, 1, 1, 1, 1, 1, 1, 1, 1, 1, 
        1, 1, 1, 1, 1, 1, 1, 1, 1, 1, 1, 1, 1, 1, 1, 1, 1, 1, 
        1, 1, 1, 1, 1, 1, 1, 1, 1, 1, 1, 1, 1, 1, 1, 1, 1, 1, 
        1, 1, 1, 1, 1, 1, 1, 1, 1, 1, 1, 1, 1, 1, 1, 1, 1, 1, 
        1, 1, 1, 1, 1, 1, 1, 1, 1, 1, 1, 1, 1, 1, 1, 1, 1, 1, 
        1, 1, 1, 1, 1, 1, 1, 1, 1, 1, 1, 1, 1, 1, 1, 1, 1, 1, 
        1, 1, 1, 1, 1, 1, 1, 1, 1, 1, 1, 1, 1, 1, 1, 1, 1, 1, 
        1, 1, 1, 1, 1, 1, 1, 1, 1, 1, 1, 1, 1, 1, 1, 1, 1, 1, 
        1, 1, 1, 1, 1, 1, 1, 1, 1, 1, 1, 1, 1, 1, 1, 1, 1, 1, 
        1, 1, 1, 1, 1, 1, 1, 1, 1, 1, 1, 1, 1, 1, 1, 1, 1, 1, 
        1, 1, 1, 1, 1, 1, 1, 1, 1, 1, 1, 1, 1, 1, 1, 1, 1, 1, 
        1, 1, 1, 1, 1, 1, 1, 1, 1, 1, 1, 1, 1, 1, 1, 1, 1, 1, 
        1, 1, 1, 1, 1, 1, 1, 1, 1, 1, 1, 1, 1, 1, 1, 1, 1, 1, 
        1, 1, 1, 1, 1, 1, 1, 1, 1, 1, 1, 1, 1, 1, 1, 1, 1, 1, 
        1, 1, 1, 1, 1, 1, 1, 1, 1, 1, 1, 1, 1, 1, 1, 1, 1, 1, 
        1, 1, 1, 1, 1, 1, 1, 1, 1, 1, 1, 1, 1, 1, 1, 1, 1, 1, 
        1, 1, 1, 1, 1, 1, 1, 1, 1, 1, 1, 1, 1, 1, 1, 1, 1, 1, 
        1, 1, 1, 1, 1, 1, 1, 1, 1, 1, 1, 1, 1, 1, 1, 1, 1, 1, 
        1, 1, 1, 1, 1, 1, 1, 1, 1, 1, 1, 1, 1, 1, 1, 1, 1, 1, 
        1, 1, 1, 1, 1, 1, 1, 1, 1, 1, 1, 1, 1, 1, 1, 1, 1, 1, 
        1, 1, 1, 1, 1, 1, 1, 1, 1, 1, 1, 1, 1, 1, 1, 1, 1, 1, 
        1, 1, 1, 1, 1, 1, 1, 1, 1, 1, 1, 1, 1, 1, 1, 1, 1, 1, 
        1, 1, 1, 1, 1, 1, 1, 1, 1, 1, 1, 1, 1, 1, 1, 1, 1, 1, 
        1, 1, 1, 1, 1, 1, 1, 1, 1, 1, 1, 1, 1, 1, 1, 1, 1, 1, 
        1, 1, 1, 1, 1, 1, 1, 1, 1, 1, 1, 1, 1, 1, 1, 1, 1, 1, 
        1, 1, 1, 1, 1, 1, 1, 1, 1, 1, 1, 1, 1, 1, 1, 1, 1, 1, 
        1, 1, 1, 1, 1, 1, 1, 1, 1, 1, 1, 1, 1, 1, 1, 1, 1, 1, 
        1, 1, 1, 1, 1, 1, 1, 1, 1, 1, 1, 1, 1, 1, 1, 1, 1, 1, 
        1, 1, 1, 1, 1, 1, 1, 1, 1, 1, 1, 1, 1, 1, 1, 1, 1, 1, 
        1, 1, 1, 1, 1, 1, 1, 1, 1, 1, 1, 1, 1, 1, 1, 1, 1, 1, 
        1, 1, 1, 1, 1, 1, 1, 1, 1, 1, 1, 1, 1, 1, 1, 1, 1, 1, 
        1, 1, 1, 1, 1, 1, 1, 1, 1, 1, 1, 1, 1, 1, 1, 1, 1, 1, 
        1, 1, 1, 1, 1, 1, 1, 1, 1, 1, 1, 1, 1, 1, 1, 1, 1, 1, 
        1, 1, 1, 1, 1, 1, 1, 1, 1, 1, 1, 1, 1, 1, 1, 1, 1, 1, 
        1, 1, 1, 1, 1, 1, 1, 1, 1, 1, 1, 1, 1, 1, 1, 1, 1, 1, 
        1, 1, 1, 1, 1, 1, 1, 1, 1, 1, 1, 1, 1, 1, 1, 1, 1, 1, 
        1, 1, 1, 1, 1, 1, 1, 1, 1, 1, 1, 1, 1, 1, 1, 1, 1, 1, 
        1, 1, 1, 1, 1, 1, 1, 1, 1, 1, 1, 1, 1, 1, 1, 1, 1, 1, 
        1, 1, 1, 1, 1, 1, 1, 1, 1, 1, 1, 1, 1, 1, 1, 1, 1, 1, 
        1, 1, 1, 1, 1, 1, 1, 1, 1, 1, 1, 1, 1, 1, 1, 1, 1, 1, 
        1, 1, 1, 1, 1, 1, 1, 1, 1, 1, 1, 1, 1, 1, 1, 1, 1, 1, 
        1, 1, 1, 1, 1, 1, 1, 1, 1, 1, 1, 1, 1, 1, 1, 1, 1, 1, 
        1, 1, 1, 1, 1, 1, 1, 1, 1, 1, 1, 1, 1, 1, 1, 1, 1, 1, 
        1, 1, 1, 1, 1, 1, 1, 1, 1, 1, 1, 1, 1, 1, 1, 1, 1, 1, 
        1, 1, 1, 1, 1, 1, 1, 1, 1, 1, 1, 1, 1, 1, 1, 1, 1, 1, 
        1, 1, 1, 1, 1, 1, 1, 1, 1, 1, 1, 1, 1, 1, 1, 1, 1, 1, 
        1, 1, 1, 1, 1, 1, 1, 1, 1, 1, 1, 1, 1, 1, 1, 1, 1, 1, 
        1, 1, 1, 1, 1, 1, 1, 1, 1, 1, 1, 1, 1, 1, 1, 1, 1, 1, 
        1, 1, 1, 1, 1, 1, 1, 1, 1, 1, 1, 1, 1, 1, 1, 1, 1, 1, 
        1, 1, 1, 1, 1, 1, 1, 1, 1, 1, 1, 1, 1, 1, 1, 1, 1, 1, 
        1, 1, 1, 1, 1, 1, 1, 1, 1, 1, 1, 1, 1, 1, 1, 1, 1, 1, 
        1, 1, 1, 1, 1, 1, 1, 1, 1, 1, 1, 1, 1, 1, 1, 1, 1, 1, 
        1, 1, 1, 1, 1, 1, 1, 1, 1, 1, 1, 1, 1, 1, 1, 1, 1, 1, 
        1, 1, 1, 1, 1, 1, 1, 1, 1, 1, 1, 1, 1, 1, 1, 1, 1, 1, 
        1, 1, 1, 1, 1, 1, 1, 1, 1, 1, 1, 1, 1, 1, 1, 1, 1, 1, 
        1, 1, 1, 1, 1, 1, 1, 1, 1, 1, 1, 1, 1, 1, 1, 1, 1, 1, 
        1, 1, 1, 1, 1, 1, 1, 1, 1, 1, 1, 1, 1, 1, 1, 1, 1, 1, 
        1, 1, 1, 1, 1, 1, 1, 1, 1, 1, 1, 1, 1, 1, 1, 1, 1, 1, 
        1, 1, 1, 1, 1, 1, 1, 1, 1, 1, 1, 1, 1, 1, 1, 1, 1, 1, 
        1, 1, 1, 1, 1, 1, 1, 1, 1, 1, 1, 1, 1, 1, 1, 1, 1, 1, 
        1, 1, 1, 1, 1, 1, 1, 1, 1, 1, 1, 1, 1, 1, 1, 1, 1, 1, 
        1, 1, 1, 1, 1, 1, 1, 1, 1, 1, 1, 1, 1, 1, 1, 1, 1, 1, 
        1, 1, 1, 1, 1, 1, 1, 1, 1, 1, 1, 1, 1, 1, 1, 1, 1, 1, 
        1, 1, 1, 1, 1, 1, 1, 1, 1, 1, 1, 1, 1, 1, 1, 1, 1, 1, 
        1, 1, 1, 1, 1, 1, 1, 1, 1, 1, 1, 1, 1, 1, 1, 1, 1, 1, 
        1, 1, 1, 1, 1, 1, 1, 1, 1, 1, 1, 1, 1, 1, 1, 1, 1, 1, 
        1, 1, 1, 1, 1, 1, 1, 1, 1, 1, 1, 1, 1, 1, 1, 1, 1, 1, 
        1, 1, 1, 1, 1, 1, 1, 1, 1, 1, 1, 1, 1, 1, 1, 1, 1, 1, 
        1, 1, 1, 1, 1, 1, 1, 1, 1, 1, 1, 1, 1, 1, 1, 1, 1, 1, 
        1, 1, 1, 1, 1, 1, 1, 1, 1, 1, 1, 1, 1, 1, 1, 1, 1, 1, 
        1, 1, 1, 1, 1, 1, 1, 1, 1, 1, 1, 1, 1, 1, 1, 1, 1, 1, 
        1, 1, 1, 1, 1, 1, 1, 1, 1, 1, 1, 1, 1, 1, 1, 1, 1, 1, 
        1, 1, 1, 1, 1, 1, 1, 1, 1, 1, 1, 1, 1, 1, 1, 1, 1, 1, 
        1, 1, 1, 1, 1, 1, 1, 1, 1, 1, 1, 1, 1, 1, 1, 1, 1, 1, 
        1, 1, 1, 1, 1, 1, 1, 1, 1, 1, 1, 1, 1, 1, 1, 1, 1, 1, 
        1, 1, 1, 1, 1, 1, 1, 1, 1, 1, 1, 1, 1, 1, 1, 1, 1, 1, 
        1, 1, 1, 1, 1, 1, 1, 1, 1, 1, 1, 1, 1, 1, 1, 1, 1, 1, 
        1, 1, 1, 1, 1, 1, 1, 1, 1, 1, 1, 1, 1, 1, 1, 1, 1, 1, 
        1, 1, 1, 1, 1, 1, 1, 1, 1, 1, 1, 1, 1, 1, 1, 1, 1, 1, 
        1, 1, 1, 1, 1, 1, 1, 1, 1, 1, 1, 1, 1, 1, 1, 1, 1, 1, 
        1, 1, 1, 1, 1, 1, 1, 1, 1, 1, 1, 1, 1, 1, 1, 1, 1, 1, 
        1, 1, 1, 1, 1, 1, 1, 1, 1, 1, 1, 1, 1, 1, 1, 1, 1, 1, 
        1, 1, 1, 1, 1, 1, 1, 1, 1, 1, 1, 1, 1, 1, 1, 1, 1, 1, 
        1, 1, 1, 1, 1, 1, 1, 1, 1, 1, 1, 1, 1, 1, 1, 1, 1, 1, 
        1, 1, 1, 1, 1, 1, 1, 1, 1, 1, 1, 1, 1, 1, 1, 1, 1, 1, 
        1, 1, 1, 1, 1, 1, 1, 1, 1, 1, 1, 1, 1, 1, 1, 1, 1, 1, 
        1, 1, 1, 1, 1, 1, 1, 1, 1, 1, 1, 1, 1, 1, 1, 1, 1, 1, 
        1, 1, 1, 1, 1, 1, 1, 1, 1, 1, 1, 1, 1, 1, 1, 1, 1, 1, 
        1, 1, 1, 1, 1, 1, 1, 1, 1, 1, 1, 1, 1, 1, 1, 1, 1, 1, 
        1, 1, 1, 1, 1, 1, 1, 1, 1, 1, 1, 1, 1, 1, 1, 1, 1, 1, 
        1, 1, 1, 1, 1, 1, 1, 1, 1, 1, 1, 1, 1, 1, 1, 1, 1, 1, 
        1, 1, 1, 1, 1, 1, 1, 1, 1, 1, 1, 1, 1, 1, 1, 1, 1, 1, 
        1, 1, 1, 1, 1, 1, 1, 1, 1, 1, 1, 1, 1, 1, 1, 1, 1, 1, 
        1, 1, 1, 1, 1, 1, 1, 1, 1, 1, 1, 1, 1, 1, 1, 1, 1, 1, 
        1, 1, 1, 1, 1, 1, 1, 1, 1, 1, 1, 1, 1, 1, 1, 1, 1, 1, 
        1, 1, 1, 1, 1, 1, 1, 1, 1, 1, 1, 1, 1, 1, 1, 1, 1, 1, 
        1, 1, 1, 1, 1, 1, 1, 1, 1, 1, 1, 1, 1, 1, 1, 1, 1, 1, 
        1, 1, 1, 1, 1, 1, 1, 1, 1, 1, 1, 1, 1, 1, 1, 1, 1, 1, 
        1, 1, 1, 1, 1, 1, 1, 1, 1, 1, 1, 1, 1, 1, 1, 1, 1, 1, 
        1, 1, 1, 1, 1, 1, 1, 1, 1, 1, 1, 1, 1, 1, 1, 1, 1, 1, 
        1, 1, 1, 1, 1, 1, 1, 1, 1, 1, 1, 1, 1, 1, 1, 1, 1, 1, 
        1, 1, 1, 1, 1, 1, 1, 1, 1, 1, 1, 1, 1, 1, 1, 1, 1, 1, 
        1, 1, 1, 1, 1, 1, 1, 1, 1, 1, 1, 1, 1, 1, 1, 1, 1, 1, 
        1, 1, 1, 1, 1, 1, 1, 1, 1, 1, 1, 1, 1, 1, 1, 1, 1, 1, 
        1, 1, 1, 1, 1, 1, 1, 1, 1, 1, 1, 1, 1, 1, 1, 1, 1, 1, 
        1, 1, 1, 1, 1, 1, 1, 1, 1, 1, 1, 1, 1, 1, 1, 1, 1, 1, 
        1, 1, 1, 1, 1, 1, 1, 1, 1, 1, 1, 1, 1, 1, 1, 1, 1, 1, 
        1, 1, 1, 1, 1, 1, 1, 1, 1, 1, 1, 1, 1, 1, 1, 1, 1, 1, 
        1, 1, 1, 1, 1, 1, 1, 1, 1, 1, 1, 1, 1, 1, 1, 1, 1, 1, 
        1, 1, 1, 1, 1, 1, 1, 1, 1, 1, 1, 1, 1, 1, 1, 1, 1, 1, 
        1, 1, 1, 1, 1, 1, 1, 1, 1, 1, 1, 1, 1, 1, 1, 1, 1, 1, 
        1, 1, 1, 1, 1, 1, 1, 1, 1, 1, 1, 1, 1, 1, 1, 1, 1, 1, 
        1, 1, 1, 1, 1, 1, 1, 1, 1, 1, 1, 1, 1, 1, 1, 1, 1, 1, 
        1, 1, 1, 1, 1, 1, 1, 1, 1, 1, 1, 1, 1, 1, 1, 1, 1, 1, 
        1, 1, 1, 1, 1, 1, 1, 1, 1, 1, 1, 1, 1, 1, 1, 1, 1, 1, 
        1, 1, 1, 1, 1, 1, 1, 1, 1, 1, 1, 1, 1, 1, 1, 1, 1, 1, 
        1, 1, 1, 1, 1, 1, 1, 1, 1, 1, 1, 1, 1, 1, 1, 1, 1, 1, 
        1, 1, 1, 1, 1, 1, 1, 1, 1, 1, 1, 1, 1, 1, 1, 1, 1, 1, 
        1, 1, 1, 1, 1, 1, 1, 1, 1, 1, 1, 1, 1, 1, 1, 1, 1, 1, 
        1, 1, 1, 1, 1, 1, 1, 1, 1, 1, 1, 1, 1, 1, 1, 1, 1, 1, 
        1, 1, 1, 1, 1, 1, 1, 1, 1, 1, 1, 1, 1, 1, 1, 1, 1, 1, 
        1, 1, 1, 1, 1, 1, 1, 1, 1, 1, 1, 1, 1, 1, 1, 1, 1, 1, 
        1, 1, 1, 1, 1, 1, 1, 1, 1, 1, 1, 1, 1, 1, 1, 1, 1, 1, 
        1, 1, 1, 1, 1, 1, 1, 1, 1, 1, 1, 1, 1, 1, 1, 1, 1, 1, 
        1, 1, 1, 1, 1, 1, 1, 1, 1, 1, 1, 1, 1, 1, 1, 1, 1, 1, 
        1, 1, 1, 1, 1, 1, 1, 1, 1, 1, 1, 1, 1, 1, 1, 1, 1, 1, 
        1, 1, 1, 1, 1, 1, 1, 1, 1, 1, 1, 1, 1, 1, 1, 1, 1, 1, 
        1, 1, 1, 1, 1, 1, 1, 1, 1, 1, 1, 1, 1, 1, 1, 1, 1, 1, 
        1, 1, 1, 1, 1, 1, 1, 1, 1, 1, 1, 1, 1, 1, 1, 1, 1, 1, 
        1, 1, 1, 1, 1, 1, 1, 1, 1, 1, 1, 1, 1, 1, 1, 1, 1, 1, 
        1, 1, 1, 1, 1, 1, 1, 1, 1, 1, 1, 1, 1, 1, 1, 1, 1, 1, 
        1, 1, 1, 1, 1, 1, 1, 1, 1, 1, 1, 1, 1, 1, 1, 1, 1, 1, 
        1, 1, 1, 1, 1, 1, 1, 1, 1, 1, 1, 1, 1, 1, 1, 1, 1, 1, 
        1, 1, 1, 1, 1, 1, 1, 1, 1, 1, 1, 1, 1, 1, 1, 1, 1, 1, 
        1, 1, 1, 1, 1, 1, 1, 1, 1, 1, 1, 1, 1, 1, 1, 1, 1, 1, 
        1, 1, 1, 1, 1, 1, 1, 1, 1, 1, 1, 1, 1, 1, 1, 1, 1, 1, 
        1, 1, 1, 1, 1, 1, 1, 1, 1, 1, 1, 1, 1, 1, 1, 1, 1, 1, 
        1, 1, 1, 1, 1, 1, 1, 1, 1, 1, 1, 1, 1, 1, 1, 1, 1, 1, 
        1, 1, 1, 1, 1, 1, 1, 1, 1, 1, 1, 1, 1, 1, 1, 1, 1, 1, 
        1, 1, 1, 1, 1, 1, 1, 1, 1, 1, 1, 1, 1, 1, 1, 1, 1, 1, 
        1, 1, 1, 1, 1, 1, 1, 1, 1, 1, 1, 1, 1, 1, 1, 1, 1, 1, 
        1, 1, 1, 1, 1, 1, 1, 1, 1, 1, 1, 1, 1, 1, 1, 1, 1, 1, 
        1, 1, 1, 1, 1, 1, 1, 1, 1, 1, 1, 1, 1, 1, 1, 1, 1, 1, 
        1, 1, 1, 1, 1, 1, 1, 1, 1, 1, 1, 1, 1, 1, 1, 1, 1, 1, 
        1, 1, 1, 1, 1, 1, 1, 1, 1, 1, 1, 1, 1, 1, 1, 1, 1, 1, 
        1, 1, 1, 1, 1, 1, 1, 1, 1, 1, 1, 1, 1, 1, 1, 1, 1, 1, 
        1, 1, 1, 1, 1, 1, 1, 1, 1, 1, 1, 1, 1, 1, 1, 1, 1, 1, 
        1, 1, 1, 1, 1, 1, 1, 1, 1, 1, 1, 1, 1, 1, 1, 1, 1, 1, 
        1, 1, 1, 1, 1, 1, 1, 1, 1, 1, 1, 1, 1, 1, 1, 1, 1, 1, 
        1, 1, 1, 1, 1, 1, 1, 1, 1, 1, 1, 1, 1, 1, 1, 1, 1, 1, 
        1, 1, 1, 1, 1, 1, 1, 1, 1, 1, 1, 1, 1, 1, 1, 1, 1, 1, 
        1, 1, 1, 1, 1, 1, 1, 1, 1, 1, 1, 1, 1, 1, 1, 1, 1, 1, 
        1, 1, 1, 1, 1, 1, 1, 1, 1, 1, 1, 1, 1, 1, 1, 1, 1, 1, 
        1, 1, 1, 1, 1, 1, 1, 1, 1, 1, 1, 1, 1, 1, 1, 1, 1, 1, 
        1, 1, 1, 1, 1, 1, 1, 1, 1, 1, 1, 1, 1, 1, 1, 1, 1, 1, 
        1, 1, 1, 1, 1, 1, 1, 1, 1, 1, 1, 1, 1, 1, 1, 1, 1, 1, 
        1, 1, 1, 1, 1, 1, 1, 1, 1, 1, 1, 1, 1, 1, 1, 1, 1, 1, 
        1, 1, 1, 1, 1, 1, 1, 1, 1, 1, 1, 1, 1, 1, 1, 1, 1, 1, 
        1, 1, 1, 1, 1, 1, 1, 1, 1, 1, 1, 1, 1, 1, 1, 1, 1, 1, 
        1, 1, 1, 1, 1, 1, 1, 1, 1, 1, 1, 1, 1, 1, 1, 1, 1, 1, 
        1, 1, 1, 1, 1, 1, 1, 1, 1, 1, 1, 1, 1, 1, 1, 1, 1, 1, 
        1, 1, 1, 1, 1, 1, 1, 1, 1, 1, 1, 1, 1, 1, 1, 1, 1, 1, 
        1, 1, 1, 1, 1, 1, 1, 1, 1, 1, 1, 1, 1, 1, 1, 1, 1, 1, 
        1, 1, 1, 1, 1, 1, 1, 1, 1, 1, 1, 1, 1, 1, 1, 1, 1, 1, 
        1, 1, 1, 1, 1, 1, 1, 1, 1, 1, 1, 1, 1, 1, 1, 1, 1, 1, 
        1, 1, 1, 1, 1, 1, 1, 1, 1, 1, 1, 1, 1, 1, 1, 1, 1, 1, 
        1, 1, 1, 1, 1, 1, 1, 1, 1, 1, 1, 1, 1, 1, 1, 1, 1, 1, 
        1, 1, 1, 1, 1, 1, 1, 1, 1, 1, 1, 1, 1, 1, 1, 1, 1, 1, 
        1, 1, 1, 1, 1, 1, 1, 1, 1, 1, 1, 1, 1, 1, 1, 1, 1, 1, 
        1, 1, 1, 1, 1, 1, 1, 1, 1, 1, 1, 1, 1, 1, 1, 1, 1, 1, 
        1, 1, 1, 1, 1, 1, 1, 1, 1, 1, 1, 1, 1, 1, 1, 1, 1, 1, 
        1, 1, 1, 1, 1, 1, 1, 1, 1, 1, 1, 1, 1, 1, 1, 1, 1, 1, 
        1, 1, 1, 1, 1, 1, 1, 1, 1, 1, 1, 1, 1, 1, 1, 1, 1, 1, 
        1, 1, 1, 1, 1, 1, 1, 1, 1, 1, 1, 1, 1, 1, 1, 1, 1, 1, 
        1, 1, 1, 1, 1, 1, 1, 1, 1, 1, 1, 1, 1, 1, 1, 1, 1, 1, 
        1, 1, 1, 1, 1, 1, 1, 1, 1, 1, 1, 1, 1, 1, 1, 1, 1, 1, 
        1, 1, 1, 1, 1, 1, 1, 1, 1, 1, 1, 1, 1, 1, 1, 1, 1, 1, 
        1, 1, 1, 1, 1, 1, 1, 1, 1, 1, 1, 1, 1, 1, 1, 1, 1, 1, 
        1, 1, 1, 1, 1, 1, 1, 1, 1, 1, 1, 1, 1, 1, 1, 1, 1, 1, 
        1, 1, 1, 1, 1, 1, 1, 1, 1, 1, 1, 1, 1, 1, 1, 1, 1, 1, 
        1, 1, 1, 1, 1, 1, 1, 1, 1, 1, 1, 1, 1, 1, 1, 1, 1, 1, 
        1, 1, 1, 1, 1, 1, 1, 1, 1, 1, 1, 1, 1, 1, 1, 1, 1, 1, 
        1, 1, 1, 1, 1, 1, 1, 1, 1, 1, 1, 1, 1, 1, 1, 1, 1, 1, 
        1, 1, 1, 1, 1, 1, 1, 1, 1, 1, 1, 1, 1, 1, 1, 1, 1, 1, 
        1, 1, 1, 1, 1, 1, 1, 1, 1, 1, 1, 1, 1, 1, 1, 1, 1, 1, 
        1, 1, 1, 1, 1, 1, 1, 1, 1, 1, 1, 1, 1, 1, 1, 1, 1, 1, 
        1, 1, 1, 1, 1, 1, 1, 1, 1, 1, 1, 1, 1, 1, 1, 1, 1, 1, 
        1, 1, 1, 1, 1, 1, 1, 1, 1, 1, 1, 1, 1, 1, 1, 1, 1, 1, 
        1, 1, 1, 1, 1, 1, 1, 1, 1, 1, 1, 1, 1, 1, 1, 1, 1, 1, 
        1, 1, 1, 1, 1, 1, 1, 1, 1, 1, 1, 1, 1, 1, 1, 1, 1, 1, 
        1, 1, 1, 1, 1, 1, 1, 1, 1, 1, 1, 1, 1, 1, 1, 1, 1, 1, 
        1, 1, 1, 1, 1, 1, 1, 1, 1, 1, 1, 1, 1, 1, 1, 1, 1, 1, 
        1, 1, 1, 1, 1, 1, 1, 1, 1, 1, 1, 1, 1, 1, 1, 1, 1, 1, 
        1, 1, 1, 1, 1, 1, 1, 1, 1, 1, 1, 1, 1, 1, 1, 1, 1, 1, 
        1, 1, 1, 1, 1, 1, 1, 1, 1, 1, 1, 1, 1, 1, 1, 1, 1, 1, 
        1, 1, 1, 1, 1, 1, 1, 1, 1, 1, 1, 1, 1, 1, 1, 1, 1, 1, 
        1, 1, 1, 1, 1, 1, 1, 1, 1, 1, 1, 1, 1, 1, 1, 1, 1, 1, 
        1, 1, 1, 1, 1, 1, 1, 1, 1, 1, 1, 1, 1, 1, 1, 1, 1, 1, 
        1, 1, 1, 1, 1, 1, 1, 1, 1, 1, 1, 1, 1, 1, 1, 1, 1, 1, 
        1, 1, 1, 1, 1, 1, 1, 1, 1, 1, 1, 1, 1, 1, 1, 1, 1, 1, 
        1, 1, 1, 1, 1, 1, 1, 1, 1, 1, 1, 1, 1, 1, 1, 1, 1, 1, 
        1, 1, 1, 1, 1, 1, 1, 1, 1, 1, 1, 1, 1, 1, 1, 1, 1, 1, 
        1, 1, 1, 1, 1, 1, 1, 1, 1, 1, 1, 1, 1, 1, 1, 1, 1, 1), 
        v_mat_inds_obs_y = c(1L, 2L, 3L, 4L, 5L, 6L, 7L, 8L, 
        9L, 10L, 11L, 12L, 13L, 14L, 15L, 16L, 17L, 18L, 19L, 
        20L, 21L, 22L, 23L, 24L, 25L, 26L, 27L, 28L, 29L, 30L, 
        31L, 32L, 33L, 34L, 35L, 36L, 37L, 38L, 39L, 40L, 41L, 
        42L, 43L, 44L, 45L, 46L, 47L, 48L, 49L, 50L, 51L, 52L, 
        53L, 54L, 55L, 56L, 57L, 58L, 59L, 60L, 61L, 62L, 63L, 
        64L, 65L, 66L, 67L, 68L, 69L, 70L, 71L, 72L, 73L, 74L, 
        75L, 76L, 77L, 78L, 79L, 80L, 81L, 82L, 83L, 84L, 85L, 
        86L, 87L, 88L, 89L, 90L, 91L, 92L, 93L, 94L, 95L, 96L, 
        97L, 98L, 99L, 100L, 101L, 102L, 103L, 104L, 105L, 106L, 
        107L, 108L, 109L, 110L, 111L, 112L, 113L, 114L, 115L, 
        116L, 117L, 118L, 119L, 120L, 121L, 122L, 123L, 124L, 
        125L, 126L, 127L, 128L, 129L, 130L, 131L, 132L, 133L, 
        134L, 135L, 136L, 137L, 138L, 139L, 140L, 141L, 142L, 
        143L, 144L, 145L, 146L, 147L, 148L, 149L, 150L, 151L, 
        152L, 153L, 154L, 155L, 156L, 157L, 158L, 159L, 160L, 
        161L, 162L, 163L, 164L, 165L, 166L, 167L, 168L, 169L, 
        170L, 171L, 172L, 173L, 174L, 175L, 176L, 177L, 178L, 
        179L, 180L, 181L, 182L, 183L, 184L, 185L, 186L, 187L, 
        188L, 189L, 190L, 191L, 192L, 193L, 194L, 195L, 196L, 
        197L, 198L, 199L, 200L, 201L, 202L, 203L, 204L, 205L, 
        206L, 207L, 208L, 209L, 210L, 211L, 212L, 213L, 214L, 
        215L, 216L, 217L, 218L, 219L, 220L, 221L, 222L, 223L, 
        224L, 225L, 226L, 227L, 228L, 229L, 230L, 231L, 232L, 
        233L, 234L, 235L, 236L, 237L, 238L, 239L, 240L, 241L, 
        242L, 243L, 244L, 245L, 246L, 247L, 248L, 249L, 250L, 
        251L, 252L, 253L, 254L, 255L, 256L, 257L, 258L, 259L, 
        260L, 261L, 262L, 263L, 264L, 265L, 266L, 267L, 268L, 
        269L, 270L, 271L, 272L, 273L, 274L, 275L, 276L, 277L, 
        278L, 279L, 280L, 281L, 282L, 283L, 284L, 285L, 286L, 
        287L, 288L, 289L, 290L, 291L, 292L, 293L, 294L, 295L, 
        296L, 297L, 298L, 299L, 300L, 301L, 302L, 303L, 304L, 
        305L, 306L, 307L, 308L, 309L, 310L, 311L, 312L, 313L, 
        314L, 315L, 316L, 317L, 318L, 319L, 320L, 321L, 322L, 
        323L, 324L, 325L, 326L, 327L, 328L, 329L, 330L, 331L, 
        332L, 333L, 334L, 335L, 336L, 337L, 338L, 339L, 340L, 
        341L, 342L, 343L, 344L, 345L, 346L, 347L, 348L, 349L, 
        350L, 351L, 352L, 353L, 354L, 355L, 356L, 357L, 358L, 
        359L, 360L, 361L, 362L, 363L, 364L, 365L, 366L, 367L, 
        368L, 369L, 370L, 371L, 372L, 373L, 374L, 375L, 376L, 
        377L, 378L, 379L, 380L, 381L, 382L, 383L, 384L, 385L, 
        386L, 387L, 388L, 389L, 390L, 391L, 392L, 393L, 394L, 
        395L, 396L, 397L, 398L, 399L, 400L, 401L, 402L, 403L, 
        404L, 405L, 406L, 407L, 408L, 409L, 410L, 411L, 412L, 
        413L, 414L, 415L, 416L, 417L, 418L, 419L, 420L, 421L, 
        422L, 423L, 424L, 425L, 426L, 427L, 428L, 429L, 430L, 
        431L, 432L, 433L, 434L, 435L, 436L, 437L, 438L, 439L, 
        440L, 441L, 442L, 443L, 444L, 445L, 446L, 447L, 448L, 
        449L, 450L, 451L, 452L, 453L, 454L, 455L, 456L, 457L, 
        458L, 459L, 460L, 461L, 462L, 463L, 464L, 465L, 466L, 
        467L, 468L, 469L, 470L, 471L, 472L, 473L, 474L, 475L, 
        476L, 477L, 478L, 479L, 480L, 481L, 482L, 483L, 484L, 
        485L, 486L, 487L, 488L, 489L, 490L, 491L, 492L, 493L, 
        494L, 495L, 496L, 497L, 498L, 499L, 500L, 501L, 502L, 
        503L, 504L, 505L, 506L, 507L, 508L, 509L, 510L, 511L, 
        512L, 513L, 514L, 515L, 516L, 517L, 518L, 519L, 520L, 
        521L, 522L, 523L, 524L, 525L, 526L, 527L, 528L, 529L, 
        530L, 531L, 532L, 533L, 534L, 535L, 536L, 537L, 538L, 
        539L, 540L, 541L, 542L, 543L, 544L, 545L, 546L, 547L, 
        548L, 549L, 550L, 551L, 552L, 553L, 554L, 555L, 556L, 
        557L, 558L, 559L, 560L, 561L, 562L, 563L, 564L, 565L, 
        566L, 567L, 568L, 569L, 570L, 571L, 572L, 573L, 574L, 
        575L, 576L, 577L, 578L, 579L, 580L, 581L, 582L, 583L, 
        584L, 585L, 586L, 587L, 588L, 589L, 590L, 591L, 592L, 
        593L, 594L, 595L, 596L, 597L, 598L, 599L, 600L, 601L, 
        602L, 603L, 604L, 605L, 606L, 607L, 608L, 609L, 610L, 
        611L, 612L, 613L, 614L, 615L, 616L, 617L, 618L, 619L, 
        620L, 621L, 622L, 623L, 624L, 625L, 626L, 627L, 628L, 
        629L, 630L, 631L, 632L, 633L, 634L, 635L, 636L, 637L, 
        638L, 639L, 640L, 641L, 642L, 643L, 644L, 645L, 646L, 
        647L, 648L, 649L, 650L, 651L, 652L, 653L, 654L, 655L, 
        656L, 657L, 658L, 659L, 660L, 661L, 662L, 663L, 664L, 
        665L, 666L, 667L, 668L, 669L, 670L, 671L, 672L, 673L, 
        674L, 675L, 676L, 677L, 678L, 679L, 680L, 681L, 682L, 
        683L, 684L, 685L, 686L, 687L, 688L, 689L, 690L, 691L, 
        692L, 693L, 694L, 695L, 696L, 697L, 698L, 699L, 700L, 
        701L, 702L, 703L, 704L, 705L, 706L, 707L, 708L, 709L, 
        710L, 711L, 712L, 713L, 714L, 715L, 716L, 717L, 718L, 
        719L, 720L, 721L, 722L, 723L, 724L, 725L, 726L, 727L, 
        728L, 729L, 730L, 731L, 732L, 733L, 734L, 735L, 736L, 
        737L, 738L, 739L, 740L, 741L, 742L, 743L, 744L, 745L, 
        746L, 747L, 748L, 749L, 750L, 751L, 752L, 753L, 754L, 
        755L, 756L, 757L, 758L, 759L, 760L, 761L, 762L, 763L, 
        764L, 765L, 766L, 767L, 768L, 769L, 770L, 771L, 772L, 
        773L, 774L, 775L, 776L, 777L, 778L, 779L, 780L, 781L, 
        782L, 783L, 784L, 785L, 786L, 787L, 788L, 789L, 790L, 
        791L, 792L, 793L, 794L, 795L, 796L, 797L, 798L, 799L, 
        800L, 801L, 802L, 803L, 804L, 805L, 806L, 807L, 808L, 
        809L, 810L, 811L, 812L, 813L, 814L, 815L, 816L, 817L, 
        818L, 819L, 820L, 821L, 822L, 823L, 824L, 825L, 826L, 
        827L, 828L, 829L, 830L, 831L, 832L, 833L, 834L, 835L, 
        836L, 837L, 838L, 839L, 840L, 841L, 842L, 843L, 844L, 
        845L, 846L, 847L, 848L, 849L, 850L, 851L, 852L, 853L, 
        854L, 855L, 856L, 857L, 858L, 859L, 860L, 861L, 862L, 
        863L, 864L, 865L, 866L, 867L, 868L, 869L, 870L, 871L, 
        872L, 873L, 874L, 875L, 876L, 877L, 878L, 879L, 880L, 
        881L, 882L, 883L, 884L, 885L, 886L, 887L, 888L, 889L, 
        890L, 891L, 892L, 893L, 894L, 895L, 896L, 897L, 898L, 
        899L, 900L, 901L, 902L, 903L, 904L, 905L, 906L, 907L, 
        908L, 909L, 910L, 911L, 912L, 913L, 914L, 915L, 916L, 
        917L, 918L, 919L, 920L, 921L, 922L, 923L, 924L, 925L, 
        926L, 927L, 928L, 929L, 930L, 931L, 932L, 933L, 934L, 
        935L, 936L, 937L, 938L, 939L, 940L, 941L, 942L, 943L, 
        944L, 945L, 946L, 947L, 948L, 949L, 950L, 951L, 952L, 
        953L, 954L, 955L, 956L, 957L, 958L, 959L, 960L, 961L, 
        962L, 963L, 964L, 965L, 966L, 967L, 968L, 969L, 970L, 
        971L, 972L, 973L, 974L, 975L, 976L, 977L, 978L, 979L, 
        980L, 981L, 982L, 983L, 984L, 985L, 986L, 987L, 988L, 
        989L, 990L, 991L, 992L, 993L, 994L, 995L, 996L, 997L, 
        998L, 999L, 1000L, 1001L, 1002L, 1003L, 1004L, 1005L, 
        1006L, 1007L, 1008L, 1009L, 1010L, 1011L, 1012L, 1013L, 
        1014L, 1015L, 1016L, 1017L, 1018L, 1019L, 1020L, 1021L, 
        1022L, 1023L, 1024L, 1025L, 1026L, 1027L, 1028L, 1029L, 
        1030L, 1031L, 1032L, 1033L, 1034L, 1035L, 1036L, 1037L, 
        1038L, 1039L, 1040L, 1041L, 1042L, 1043L, 1044L, 1045L, 
        1046L, 1047L, 1048L, 1049L, 1050L, 1051L, 1052L, 1053L, 
        1054L, 1055L, 1056L, 1057L, 1058L, 1059L, 1060L, 1061L, 
        1062L, 1063L, 1064L, 1065L, 1066L, 1067L, 1068L, 1069L, 
        1070L, 1071L, 1072L, 1073L, 1074L, 1075L, 1076L, 1077L, 
        1078L, 1079L, 1080L, 1081L, 1082L, 1083L, 1084L, 1085L, 
        1086L, 1087L, 1088L, 1089L, 1090L, 1091L, 1092L, 1093L, 
        1094L, 1095L, 1096L, 1097L, 1098L, 1099L, 1100L, 1101L, 
        1102L, 1103L, 1104L, 1105L, 1106L, 1107L, 1108L, 1109L, 
        1110L, 1111L, 1112L, 1113L, 1114L, 1115L, 1116L, 1117L, 
        1118L, 1119L, 1120L, 1121L, 1122L, 1123L, 1124L, 1125L, 
        1126L, 1127L, 1128L, 1129L, 1130L, 1131L, 1132L, 1133L, 
        1134L, 1135L, 1136L, 1137L, 1138L, 1139L, 1140L, 1141L, 
        1142L, 1143L, 1144L, 1145L, 1146L, 1147L, 1148L, 1149L, 
        1150L, 1151L, 1152L, 1153L, 1154L, 1155L, 1156L, 1157L, 
        1158L, 1159L, 1160L, 1161L, 1162L, 1163L, 1164L, 1165L, 
        1166L, 1167L, 1168L, 1169L, 1170L, 1171L, 1172L, 1173L, 
        1174L, 1175L, 1176L, 1177L, 1178L, 1179L, 1180L, 1181L, 
        1182L, 1183L, 1184L, 1185L, 1186L, 1187L, 1188L, 1189L, 
        1190L, 1191L, 1192L, 1193L, 1194L, 1195L, 1196L, 1197L, 
        1198L, 1199L, 1200L, 1201L, 1202L, 1203L, 1204L, 1205L, 
        1206L, 1207L, 1208L, 1209L, 1210L, 1211L, 1212L, 1213L, 
        1214L, 1215L, 1216L, 1217L, 1218L, 1219L, 1220L, 1221L, 
        1222L, 1223L, 1224L, 1225L, 1226L, 1227L, 1228L, 1229L, 
        1230L, 1231L, 1232L, 1233L, 1234L, 1235L, 1236L, 1237L, 
        1238L, 1239L, 1240L, 1241L, 1242L, 1243L, 1244L, 1245L, 
        1246L, 1247L, 1248L, 1249L, 1250L, 1251L, 1252L, 1253L, 
        1254L, 1255L, 1256L, 1257L, 1258L, 1259L, 1260L, 1261L, 
        1262L, 1263L, 1264L, 1265L, 1266L, 1267L, 1268L, 1269L, 
        1270L, 1271L, 1272L, 1273L, 1274L, 1275L, 1276L, 1277L, 
        1278L, 1279L, 1280L, 1281L, 1282L, 1283L, 1284L, 1285L, 
        1286L, 1287L, 1288L, 1289L, 1290L, 1291L, 1292L, 1293L, 
        1294L, 1295L, 1296L, 1297L, 1298L, 1299L, 1300L, 1301L, 
        1302L, 1303L, 1304L, 1305L, 1306L, 1307L, 1308L, 1309L, 
        1310L, 1311L, 1312L, 1313L, 1314L, 1315L, 1316L, 1317L, 
        1318L, 1319L, 1320L, 1321L, 1322L, 1323L, 1324L, 1325L, 
        1326L, 1327L, 1328L, 1329L, 1330L, 1331L, 1332L, 1333L, 
        1334L, 1335L, 1336L, 1337L, 1338L, 1339L, 1340L, 1341L, 
        1342L, 1343L, 1344L, 1345L, 1346L, 1347L, 1348L, 1349L, 
        1350L, 1351L, 1352L, 1353L, 1354L, 1355L, 1356L, 1357L, 
        1358L, 1359L, 1360L, 1361L, 1362L, 1363L, 1364L, 1365L, 
        1366L, 1367L, 1368L, 1369L, 1370L, 1371L, 1372L, 1373L, 
        1374L, 1375L, 1376L, 1377L, 1378L, 1379L, 1380L, 1381L, 
        1382L, 1383L, 1384L, 1385L, 1386L, 1387L, 1388L, 1389L, 
        1390L, 1391L, 1392L, 1393L, 1394L, 1395L, 1396L, 1397L, 
        1398L, 1399L, 1400L, 1401L, 1402L, 1403L, 1404L, 1405L, 
        1406L, 1407L, 1408L, 1409L, 1410L, 1411L, 1412L, 1413L, 
        1414L, 1415L, 1416L, 1417L, 1418L, 1419L, 1420L, 1421L, 
        1422L, 1423L, 1424L, 1425L, 1426L, 1427L, 1428L, 1429L, 
        1430L, 1431L, 1432L, 1433L, 1434L, 1435L, 1436L, 1437L, 
        1438L, 1439L, 1440L, 1441L, 1442L, 1443L, 1444L, 1445L, 
        1446L, 1447L, 1448L, 1449L, 1450L, 1451L, 1452L, 1453L, 
        1454L, 1455L, 1456L, 1457L, 1458L, 1459L, 1460L, 1461L, 
        1462L, 1463L, 1464L, 1465L, 1466L, 1467L, 1468L, 1469L, 
        1470L, 1471L, 1472L, 1473L, 1474L, 1475L, 1476L, 1477L, 
        1478L, 1479L, 1480L, 1481L, 1482L, 1483L, 1484L, 1485L, 
        1486L, 1487L, 1488L, 1489L, 1490L, 1491L, 1492L, 1493L, 
        1494L, 1495L, 1496L, 1497L, 1498L, 1499L, 1500L, 1501L, 
        1502L, 1503L, 1504L, 1505L, 1506L, 1507L, 1508L, 1509L, 
        1510L, 1511L, 1512L, 1513L, 1514L, 1515L, 1516L, 1517L, 
        1518L, 1519L, 1520L, 1521L, 1522L, 1523L, 1524L, 1525L, 
        1526L, 1527L, 1528L, 1529L, 1530L, 1531L, 1532L, 1533L, 
        1534L, 1535L, 1536L, 1537L, 1538L, 1539L, 1540L, 1541L, 
        1542L, 1543L, 1544L, 1545L, 1546L, 1547L, 1548L, 1549L, 
        1550L, 1551L, 1552L, 1553L, 1554L, 1555L, 1556L, 1557L, 
        1558L, 1559L, 1560L, 1561L, 1562L, 1563L, 1564L, 1565L, 
        1566L, 1567L, 1568L, 1569L, 1570L, 1571L, 1572L, 1573L, 
        1574L, 1575L, 1576L, 1577L, 1578L, 1579L, 1580L, 1581L, 
        1582L, 1583L, 1584L, 1585L, 1586L, 1587L, 1588L, 1589L, 
        1590L, 1591L, 1592L, 1593L, 1594L, 1595L, 1596L, 1597L, 
        1598L, 1599L, 1600L, 1601L, 1602L, 1603L, 1604L, 1605L, 
        1606L, 1607L, 1608L, 1609L, 1610L, 1611L, 1612L, 1613L, 
        1614L, 1615L, 1616L, 1617L, 1618L, 1619L, 1620L, 1621L, 
        1622L, 1623L, 1624L, 1625L, 1626L, 1627L, 1628L, 1629L, 
        1630L, 1631L, 1632L, 1633L, 1634L, 1635L, 1636L, 1637L, 
        1638L, 1639L, 1640L, 1641L, 1642L, 1643L, 1644L, 1645L, 
        1646L, 1647L, 1648L, 1649L, 1650L, 1651L, 1652L, 1653L, 
        1654L, 1655L, 1656L, 1657L, 1658L, 1659L, 1660L, 1661L, 
        1662L, 1663L, 1664L, 1665L, 1666L, 1667L, 1668L, 1669L, 
        1670L, 1671L, 1672L, 1673L, 1674L, 1675L, 1676L, 1677L, 
        1678L, 1679L, 1680L, 1681L, 1682L, 1683L, 1684L, 1685L, 
        1686L, 1687L, 1688L, 1689L, 1690L, 1691L, 1692L, 1693L, 
        1694L, 1695L, 1696L, 1697L, 1698L, 1699L, 1700L, 1701L, 
        1702L, 1703L, 1704L, 1705L, 1706L, 1707L, 1708L, 1709L, 
        1710L, 1711L, 1712L, 1713L, 1714L, 1715L, 1716L, 1717L, 
        1718L, 1719L, 1720L, 1721L, 1722L, 1723L, 1724L, 1725L, 
        1726L, 1727L, 1728L, 1729L, 1730L, 1731L, 1732L, 1733L, 
        1734L, 1735L, 1736L, 1737L, 1738L, 1739L, 1740L, 1741L, 
        1742L, 1743L, 1744L, 1745L, 1746L, 1747L, 1748L, 1749L, 
        1750L, 1751L, 1752L, 1753L, 1754L, 1755L, 1756L, 1757L, 
        1758L, 1759L, 1760L, 1761L, 1762L, 1763L, 1764L, 1765L, 
        1766L, 1767L, 1768L, 1769L, 1770L, 1771L, 1772L, 1773L, 
        1774L, 1775L, 1776L, 1777L, 1778L, 1779L, 1780L, 1781L, 
        1782L, 1783L, 1784L, 1785L, 1786L, 1787L, 1788L, 1789L, 
        1790L, 1791L, 1792L, 1793L, 1794L, 1795L, 1796L, 1797L, 
        1798L, 1799L, 1800L, 1801L, 1802L, 1803L, 1804L, 1805L, 
        1806L, 1807L, 1808L, 1809L, 1810L, 1811L, 1812L, 1813L, 
        1814L, 1815L, 1816L, 1817L, 1818L, 1819L, 1820L, 1821L, 
        1822L, 1823L, 1824L, 1825L, 1826L, 1827L, 1828L, 1829L, 
        1830L, 1831L, 1832L, 1833L, 1834L, 1835L, 1836L, 1837L, 
        1838L, 1839L, 1840L, 1841L, 1842L, 1843L, 1844L, 1845L, 
        1846L, 1847L, 1848L, 1849L, 1850L, 1851L, 1852L, 1853L, 
        1854L, 1855L, 1856L, 1857L, 1858L, 1859L, 1860L, 1861L, 
        1862L, 1863L, 1864L, 1865L, 1866L, 1867L, 1868L, 1869L, 
        1870L, 1871L, 1872L, 1873L, 1874L, 1875L, 1876L, 1877L, 
        1878L, 1879L, 1880L, 1881L, 1882L, 1883L, 1884L, 1885L, 
        1886L, 1887L, 1888L, 1889L, 1890L, 1891L, 1892L, 1893L, 
        1894L, 1895L, 1896L, 1897L, 1898L, 1899L, 1900L, 1901L, 
        1902L, 1903L, 1904L, 1905L, 1906L, 1907L, 1908L, 1909L, 
        1910L, 1911L, 1912L, 1913L, 1914L, 1915L, 1916L, 1917L, 
        1918L, 1919L, 1920L, 1921L, 1922L, 1923L, 1924L, 1925L, 
        1926L, 1927L, 1928L, 1929L, 1930L, 1931L, 1932L, 1933L, 
        1934L, 1935L, 1936L, 1937L, 1938L, 1939L, 1940L, 1941L, 
        1942L, 1943L, 1944L, 1945L, 1946L, 1947L, 1948L, 1949L, 
        1950L, 1951L, 1952L, 1953L, 1954L, 1955L, 1956L, 1957L, 
        1958L, 1959L, 1960L, 1961L, 1962L, 1963L, 1964L, 1965L, 
        1966L, 1967L, 1968L, 1969L, 1970L, 1971L, 1972L, 1973L, 
        1974L, 1975L, 1976L, 1977L, 1978L, 1979L, 1980L, 1981L, 
        1982L, 1983L, 1984L, 1985L, 1986L, 1987L, 1988L, 1989L, 
        1990L, 1991L, 1992L, 1993L, 1994L, 1995L, 1996L, 1997L, 
        1998L, 1999L, 2000L, 2001L, 2002L, 2003L, 2004L, 2005L, 
        2006L, 2007L, 2008L, 2009L, 2010L, 2011L, 2012L, 2013L, 
        2014L, 2015L, 2016L, 2017L, 2018L, 2019L, 2020L, 2021L, 
        2022L, 2023L, 2024L, 2025L, 2026L, 2027L, 2028L, 2029L, 
        2030L, 2031L, 2032L, 2033L, 2034L, 2035L, 2036L, 2037L, 
        2038L, 2039L, 2040L, 2041L, 2042L, 2043L, 2044L, 2045L, 
        2046L, 2047L, 2048L, 2049L, 2050L, 2051L, 2052L, 2053L, 
        2054L, 2055L, 2056L, 2057L, 2058L, 2059L, 2060L, 2061L, 
        2062L, 2063L, 2064L, 2065L, 2066L, 2067L, 2068L, 2069L, 
        2070L, 2071L, 2072L, 2073L, 2074L, 2075L, 2076L, 2077L, 
        2078L, 2079L, 2080L, 2081L, 2082L, 2083L, 2084L, 2085L, 
        2086L, 2087L, 2088L, 2089L, 2090L, 2091L, 2092L, 2093L, 
        2094L, 2095L, 2096L, 2097L, 2098L, 2099L, 2100L, 2101L, 
        2102L, 2103L, 2104L, 2105L, 2106L, 2107L, 2108L, 2109L, 
        2110L, 2111L, 2112L, 2113L, 2114L, 2115L, 2116L, 2117L, 
        2118L, 2119L, 2120L, 2121L, 2122L, 2123L, 2124L, 2125L, 
        2126L, 2127L, 2128L, 2129L, 2130L, 2131L, 2132L, 2133L, 
        2134L, 2135L, 2136L, 2137L, 2138L, 2139L, 2140L, 2141L, 
        2142L, 2143L, 2144L, 2145L, 2146L, 2147L, 2148L, 2149L, 
        2150L, 2151L, 2152L, 2153L, 2154L, 2155L, 2156L, 2157L, 
        2158L, 2159L, 2160L, 2161L, 2162L, 2163L, 2164L, 2165L, 
        2166L, 2167L, 2168L, 2169L, 2170L, 2171L, 2172L, 2173L, 
        2174L, 2175L, 2176L, 2177L, 2178L, 2179L, 2180L, 2181L, 
        2182L, 2183L, 2184L, 2185L, 2186L, 2187L, 2188L, 2189L, 
        2190L, 2191L, 2192L, 2193L, 2194L, 2195L, 2196L, 2197L, 
        2198L, 2199L, 2200L, 2201L, 2202L, 2203L, 2204L, 2205L, 
        2206L, 2207L, 2208L, 2209L, 2210L, 2211L, 2212L, 2213L, 
        2214L, 2215L, 2216L, 2217L, 2218L, 2219L, 2220L, 2221L, 
        2222L, 2223L, 2224L, 2225L, 2226L, 2227L, 2228L, 2229L, 
        2230L, 2231L, 2232L, 2233L, 2234L, 2235L, 2236L, 2237L, 
        2238L, 2239L, 2240L, 2241L, 2242L, 2243L, 2244L, 2245L, 
        2246L, 2247L, 2248L, 2249L, 2250L, 2251L, 2252L, 2253L, 
        2254L, 2255L, 2256L, 2257L, 2258L, 2259L, 2260L, 2261L, 
        2262L, 2263L, 2264L, 2265L, 2266L, 2267L, 2268L, 2269L, 
        2270L, 2271L, 2272L, 2273L, 2274L, 2275L, 2276L, 2277L, 
        2278L, 2279L, 2280L, 2281L, 2282L, 2283L, 2284L, 2285L, 
        2286L, 2287L, 2288L, 2289L, 2290L, 2291L, 2292L, 2293L, 
        2294L, 2295L, 2296L, 2297L, 2298L, 2299L, 2300L, 2301L, 
        2302L, 2303L, 2304L, 2305L, 2306L, 2307L, 2308L, 2309L, 
        2310L, 2311L, 2312L, 2313L, 2314L, 2315L, 2316L, 2317L, 
        2318L, 2319L, 2320L, 2321L, 2322L, 2323L, 2324L, 2325L, 
        2326L, 2327L, 2328L, 2329L, 2330L, 2331L, 2332L, 2333L, 
        2334L, 2335L, 2336L, 2337L, 2338L, 2339L, 2340L, 2341L, 
        2342L, 2343L, 2344L, 2345L, 2346L, 2347L, 2348L, 2349L, 
        2350L, 2351L, 2352L, 2353L, 2354L, 2355L, 2356L, 2357L, 
        2358L, 2359L, 2360L, 2361L, 2362L, 2363L, 2364L, 2365L, 
        2366L, 2367L, 2368L, 2369L, 2370L, 2371L, 2372L, 2373L, 
        2374L, 2375L, 2376L, 2377L, 2378L, 2379L, 2380L, 2381L, 
        2382L, 2383L, 2384L, 2385L, 2386L, 2387L, 2388L, 2389L, 
        2390L, 2391L, 2392L, 2393L, 2394L, 2395L, 2396L, 2397L, 
        2398L, 2399L, 2400L, 7L, 8L, 9L, 10L, 11L, 12L, 13L, 
        14L, 15L, 16L, 17L, 18L, 19L, 20L, 21L, 22L, 23L, 24L, 
        25L, 26L, 27L, 28L, 29L, 30L, 31L, 32L, 33L, 34L, 35L, 
        36L, 37L, 38L, 39L, 40L, 41L, 42L, 43L, 44L, 45L, 46L, 
        47L, 48L, 49L, 50L, 51L, 52L, 53L, 54L, 55L, 56L, 57L, 
        58L, 59L, 60L, 61L, 62L, 63L, 64L, 65L, 66L, 67L, 68L, 
        69L, 70L, 71L, 72L, 73L, 74L, 75L, 76L, 77L, 78L, 79L, 
        80L, 81L, 82L, 83L, 84L, 85L, 86L, 87L, 88L, 89L, 90L, 
        91L, 92L, 93L, 94L, 95L, 96L, 97L, 98L, 99L, 100L, 101L, 
        102L, 103L, 104L, 105L, 106L, 107L, 108L, 109L, 110L, 
        111L, 112L, 113L, 114L, 115L, 116L, 117L, 118L, 119L, 
        120L, 121L, 122L, 123L, 124L, 125L, 126L, 127L, 128L, 
        129L, 130L, 131L, 132L, 133L, 134L, 135L, 136L, 137L, 
        138L, 139L, 140L, 141L, 142L, 143L, 144L, 145L, 146L, 
        147L, 148L, 149L, 150L, 151L, 152L, 153L, 154L, 155L, 
        156L, 157L, 158L, 159L, 160L, 161L, 162L, 163L, 164L, 
        165L, 166L, 167L, 168L, 169L, 170L, 171L, 172L, 173L, 
        174L, 175L, 176L, 177L, 178L, 179L, 180L, 181L, 182L, 
        183L, 184L, 185L, 186L, 187L, 188L, 189L, 190L, 191L, 
        192L, 193L, 194L, 195L, 196L, 197L, 198L, 199L, 200L, 
        201L, 202L, 203L, 204L, 205L, 206L, 207L, 208L, 209L, 
        210L, 211L, 212L, 213L, 214L, 215L, 216L, 217L, 218L, 
        219L, 220L, 221L, 222L, 223L, 224L, 225L, 226L, 227L, 
        228L, 229L, 230L, 231L, 232L, 233L, 234L, 235L, 236L, 
        237L, 238L, 239L, 240L, 241L, 242L, 243L, 244L, 245L, 
        246L, 247L, 248L, 249L, 250L, 251L, 252L, 253L, 254L, 
        255L, 256L, 257L, 258L, 259L, 260L, 261L, 262L, 263L, 
        264L, 265L, 266L, 267L, 268L, 269L, 270L, 271L, 272L, 
        273L, 274L, 275L, 276L, 277L, 278L, 279L, 280L, 281L, 
        282L, 283L, 284L, 285L, 286L, 287L, 288L, 289L, 290L, 
        291L, 292L, 293L, 294L, 295L, 296L, 297L, 298L, 299L, 
        300L, 301L, 302L, 303L, 304L, 305L, 306L, 307L, 308L, 
        309L, 310L, 311L, 312L, 313L, 314L, 315L, 316L, 317L, 
        318L, 319L, 320L, 321L, 322L, 323L, 324L, 325L, 326L, 
        327L, 328L, 329L, 330L, 331L, 332L, 333L, 334L, 335L, 
        336L, 337L, 338L, 339L, 340L, 341L, 342L, 343L, 344L, 
        345L, 346L, 347L, 348L, 349L, 350L, 351L, 352L, 353L, 
        354L, 355L, 356L, 357L, 358L, 359L, 360L, 361L, 362L, 
        363L, 364L, 365L, 366L, 367L, 368L, 369L, 370L, 371L, 
        372L, 373L, 374L, 375L, 376L, 377L, 378L, 379L, 380L, 
        381L, 382L, 383L, 384L, 385L, 386L, 387L, 388L, 389L, 
        390L, 391L, 392L, 393L, 394L, 395L, 396L, 397L, 398L, 
        399L, 400L, 401L, 402L, 403L, 404L, 405L, 406L, 407L, 
        408L, 409L, 410L, 411L, 412L, 413L, 414L, 415L, 416L, 
        417L, 418L, 419L, 420L, 421L, 422L, 423L, 424L, 425L, 
        426L, 427L, 428L, 429L, 430L, 431L, 432L, 433L, 434L, 
        435L, 436L, 437L, 438L, 439L, 440L, 441L, 442L, 443L, 
        444L, 445L, 446L, 447L, 448L, 449L, 450L, 451L, 452L, 
        453L, 454L, 455L, 456L, 457L, 458L, 459L, 460L, 461L, 
        462L, 463L, 464L, 465L, 466L, 467L, 468L, 469L, 470L, 
        471L, 472L, 473L, 474L, 475L, 476L, 477L, 478L, 479L, 
        480L, 481L, 482L, 483L, 484L, 485L, 486L, 487L, 488L, 
        489L, 490L, 491L, 492L, 493L, 494L, 495L, 496L, 497L, 
        498L, 499L, 500L, 501L, 502L, 503L, 504L, 505L, 506L, 
        507L, 508L, 509L, 510L, 511L, 512L, 513L, 514L, 515L, 
        516L, 517L, 518L, 519L, 520L, 521L, 522L, 523L, 524L, 
        525L, 526L, 527L, 528L, 529L, 530L, 531L, 532L, 533L, 
        534L, 535L, 536L, 537L, 538L, 539L, 540L, 541L, 542L, 
        543L, 544L, 545L, 546L, 547L, 548L, 549L, 550L, 551L, 
        552L, 553L, 554L, 555L, 556L, 557L, 558L, 559L, 560L, 
        561L, 562L, 563L, 564L, 565L, 566L, 567L, 568L, 569L, 
        570L, 571L, 572L, 573L, 574L, 575L, 576L, 577L, 578L, 
        579L, 580L, 581L, 582L, 583L, 584L, 585L, 586L, 587L, 
        588L, 589L, 590L, 591L, 592L, 593L, 594L, 595L, 596L, 
        597L, 598L, 599L, 600L, 601L, 602L, 603L, 604L, 605L, 
        606L, 607L, 608L, 609L, 610L, 611L, 612L, 613L, 614L, 
        615L, 616L, 617L, 618L, 619L, 620L, 621L, 622L, 623L, 
        624L, 625L, 626L, 627L, 628L, 629L, 630L, 631L, 632L, 
        633L, 634L, 635L, 636L, 637L, 638L, 639L, 640L, 641L, 
        642L, 643L, 644L, 645L, 646L, 647L, 648L, 649L, 650L, 
        651L, 652L, 653L, 654L, 655L, 656L, 657L, 658L, 659L, 
        660L, 661L, 662L, 663L, 664L, 665L, 666L, 667L, 668L, 
        669L, 670L, 671L, 672L, 673L, 674L, 675L, 676L, 677L, 
        678L, 679L, 680L, 681L, 682L, 683L, 684L, 685L, 686L, 
        687L, 688L, 689L, 690L, 691L, 692L, 693L, 694L, 695L, 
        696L, 697L, 698L, 699L, 700L, 701L, 702L, 703L, 704L, 
        705L, 706L, 707L, 708L, 709L, 710L, 711L, 712L, 713L, 
        714L, 715L, 716L, 717L, 718L, 719L, 720L, 721L, 722L, 
        723L, 724L, 725L, 726L, 727L, 728L, 729L, 730L, 731L, 
        732L, 733L, 734L, 735L, 736L, 737L, 738L, 739L, 740L, 
        741L, 742L, 743L, 744L, 745L, 746L, 747L, 748L, 749L, 
        750L, 751L, 752L, 753L, 754L, 755L, 756L, 757L, 758L, 
        759L, 760L, 761L, 762L, 763L, 764L, 765L, 766L, 767L, 
        768L, 769L, 770L, 771L, 772L, 773L, 774L, 775L, 776L, 
        777L, 778L, 779L, 780L, 781L, 782L, 783L, 784L, 785L, 
        786L, 787L, 788L, 789L, 790L, 791L, 792L, 793L, 794L, 
        795L, 796L, 797L, 798L, 799L, 800L, 801L, 802L, 803L, 
        804L, 805L, 806L, 807L, 808L, 809L, 810L, 811L, 812L, 
        813L, 814L, 815L, 816L, 817L, 818L, 819L, 820L, 821L, 
        822L, 823L, 824L, 825L, 826L, 827L, 828L, 829L, 830L, 
        831L, 832L, 833L, 834L, 835L, 836L, 837L, 838L, 839L, 
        840L, 841L, 842L, 843L, 844L, 845L, 846L, 847L, 848L, 
        849L, 850L, 851L, 852L, 853L, 854L, 855L, 856L, 857L, 
        858L, 859L, 860L, 861L, 862L, 863L, 864L, 865L, 866L, 
        867L, 868L, 869L, 870L, 871L, 872L, 873L, 874L, 875L, 
        876L, 877L, 878L, 879L, 880L, 881L, 882L, 883L, 884L, 
        885L, 886L, 887L, 888L, 889L, 890L, 891L, 892L, 893L, 
        894L, 895L, 896L, 897L, 898L, 899L, 900L, 901L, 902L, 
        903L, 904L, 905L, 906L, 907L, 908L, 909L, 910L, 911L, 
        912L, 913L, 914L, 915L, 916L, 917L, 918L, 919L, 920L, 
        921L, 922L, 923L, 924L, 925L, 926L, 927L, 928L, 929L, 
        930L, 931L, 932L, 933L, 934L, 935L, 936L, 937L, 938L, 
        939L, 940L, 941L, 942L, 943L, 944L, 945L, 946L, 947L, 
        948L, 949L, 950L, 951L, 952L, 953L, 954L, 955L, 956L, 
        957L, 958L, 959L, 960L, 961L, 962L, 963L, 964L, 965L, 
        966L, 967L, 968L, 969L, 970L, 971L, 972L, 973L, 974L, 
        975L, 976L, 977L, 978L, 979L, 980L, 981L, 982L, 983L, 
        984L, 985L, 986L, 987L, 988L, 989L, 990L, 991L, 992L, 
        993L, 994L, 995L, 996L, 997L, 998L, 999L, 1000L, 1001L, 
        1002L, 1003L, 1004L, 1005L, 1006L, 1007L, 1008L, 1009L, 
        1010L, 1011L, 1012L, 1013L, 1014L, 1015L, 1016L, 1017L, 
        1018L, 1019L, 1020L, 1021L, 1022L, 1023L, 1024L, 1025L, 
        1026L, 1027L, 1028L, 1029L, 1030L, 1031L, 1032L, 1033L, 
        1034L, 1035L, 1036L, 1037L, 1038L, 1039L, 1040L, 1041L, 
        1042L, 1043L, 1044L, 1045L, 1046L, 1047L, 1048L, 1049L, 
        1050L, 1051L, 1052L, 1053L, 1054L, 1055L, 1056L, 1057L, 
        1058L, 1059L, 1060L, 1061L, 1062L, 1063L, 1064L, 1065L, 
        1066L, 1067L, 1068L, 1069L, 1070L, 1071L, 1072L, 1073L, 
        1074L, 1075L, 1076L, 1077L, 1078L, 1079L, 1080L, 1081L, 
        1082L, 1083L, 1084L, 1085L, 1086L, 1087L, 1088L, 1089L, 
        1090L, 1091L, 1092L, 1093L, 1094L, 1095L, 1096L, 1097L, 
        1098L, 1099L, 1100L, 1101L, 1102L, 1103L, 1104L, 1105L, 
        1106L, 1107L, 1108L, 1109L, 1110L, 1111L, 1112L, 1113L, 
        1114L, 1115L, 1116L, 1117L, 1118L, 1119L, 1120L, 1121L, 
        1122L, 1123L, 1124L, 1125L, 1126L, 1127L, 1128L, 1129L, 
        1130L, 1131L, 1132L, 1133L, 1134L, 1135L, 1136L, 1137L, 
        1138L, 1139L, 1140L, 1141L, 1142L, 1143L, 1144L, 1145L, 
        1146L, 1147L, 1148L, 1149L, 1150L, 1151L, 1152L, 1153L, 
        1154L, 1155L, 1156L, 1157L, 1158L, 1159L, 1160L, 1161L, 
        1162L, 1163L, 1164L, 1165L, 1166L, 1167L, 1168L, 1169L, 
        1170L, 1171L, 1172L, 1173L, 1174L, 1175L, 1176L, 1177L, 
        1178L, 1179L, 1180L, 1181L, 1182L, 1183L, 1184L, 1185L, 
        1186L, 1187L, 1188L, 1189L, 1190L, 1191L, 1192L, 1193L, 
        1194L, 1195L, 1196L, 1197L, 1198L, 1199L, 1200L, 1201L, 
        1202L, 1203L, 1204L, 1205L, 1206L, 1207L, 1208L, 1209L, 
        1210L, 1211L, 1212L, 1213L, 1214L, 1215L, 1216L, 1217L, 
        1218L, 1219L, 1220L, 1221L, 1222L, 1223L, 1224L, 1225L, 
        1226L, 1227L, 1228L, 1229L, 1230L, 1231L, 1232L, 1233L, 
        1234L, 1235L, 1236L, 1237L, 1238L, 1239L, 1240L, 1241L, 
        1242L, 1243L, 1244L, 1245L, 1246L, 1247L, 1248L, 1249L, 
        1250L, 1251L, 1252L, 1253L, 1254L, 1255L, 1256L, 1257L, 
        1258L, 1259L, 1260L, 1261L, 1262L, 1263L, 1264L, 1265L, 
        1266L, 1267L, 1268L, 1269L, 1270L, 1271L, 1272L, 1273L, 
        1274L, 1275L, 1276L, 1277L, 1278L, 1279L, 1280L, 1281L, 
        1282L, 1283L, 1284L, 1285L, 1286L, 1287L, 1288L, 1289L, 
        1290L, 1291L, 1292L, 1293L, 1294L, 1295L, 1296L, 1297L, 
        1298L, 1299L, 1300L, 1301L, 1302L, 1303L, 1304L, 1305L, 
        1306L, 1307L, 1308L, 1309L, 1310L, 1311L, 1312L, 1313L, 
        1314L, 1315L, 1316L, 1317L, 1318L, 1319L, 1320L, 1321L, 
        1322L, 1323L, 1324L, 1325L, 1326L, 1327L, 1328L, 1329L, 
        1330L, 1331L, 1332L, 1333L, 1334L, 1335L, 1336L, 1337L, 
        1338L, 1339L, 1340L, 1341L, 1342L, 1343L, 1344L, 1345L, 
        1346L, 1347L, 1348L, 1349L, 1350L, 1351L, 1352L, 1353L, 
        1354L, 1355L, 1356L, 1357L, 1358L, 1359L, 1360L, 1361L, 
        1362L, 1363L, 1364L, 1365L, 1366L, 1367L, 1368L, 1369L, 
        1370L, 1371L, 1372L, 1373L, 1374L, 1375L, 1376L, 1377L, 
        1378L, 1379L, 1380L, 1381L, 1382L, 1383L, 1384L, 1385L, 
        1386L, 1387L, 1388L, 1389L, 1390L, 1391L, 1392L, 1393L, 
        1394L, 1395L, 1396L, 1397L, 1398L, 1399L, 1400L, 1401L, 
        1402L, 1403L, 1404L, 1405L, 1406L, 1407L, 1408L, 1409L, 
        1410L, 1411L, 1412L, 1413L, 1414L, 1415L, 1416L, 1417L, 
        1418L, 1419L, 1420L, 1421L, 1422L, 1423L, 1424L, 1425L, 
        1426L, 1427L, 1428L, 1429L, 1430L, 1431L, 1432L, 1433L, 
        1434L, 1435L, 1436L, 1437L, 1438L, 1439L, 1440L, 1441L, 
        1442L, 1443L, 1444L, 1445L, 1446L, 1447L, 1448L, 1449L, 
        1450L, 1451L, 1452L, 1453L, 1454L, 1455L, 1456L, 1457L, 
        1458L, 1459L, 1460L, 1461L, 1462L, 1463L, 1464L, 1465L, 
        1466L, 1467L, 1468L, 1469L, 1470L, 1471L, 1472L, 1473L, 
        1474L, 1475L, 1476L, 1477L, 1478L, 1479L, 1480L, 1481L, 
        1482L, 1483L, 1484L, 1485L, 1486L, 1487L, 1488L, 1489L, 
        1490L, 1491L, 1492L, 1493L, 1494L, 1495L, 1496L, 1497L, 
        1498L, 1499L, 1500L, 1501L, 1502L, 1503L, 1504L, 1505L, 
        1506L, 1507L, 1508L, 1509L, 1510L, 1511L, 1512L, 1513L, 
        1514L, 1515L, 1516L, 1517L, 1518L, 1519L, 1520L, 1521L, 
        1522L, 1523L, 1524L, 1525L, 1526L, 1527L, 1528L, 1529L, 
        1530L, 1531L, 1532L, 1533L, 1534L, 1535L, 1536L, 1537L, 
        1538L, 1539L, 1540L, 1541L, 1542L, 1543L, 1544L, 1545L, 
        1546L, 1547L, 1548L, 1549L, 1550L, 1551L, 1552L, 1553L, 
        1554L, 1555L, 1556L, 1557L, 1558L, 1559L, 1560L, 1561L, 
        1562L, 1563L, 1564L, 1565L, 1566L, 1567L, 1568L, 1569L, 
        1570L, 1571L, 1572L, 1573L, 1574L, 1575L, 1576L, 1577L, 
        1578L, 1579L, 1580L, 1581L, 1582L, 1583L, 1584L, 1585L, 
        1586L, 1587L, 1588L, 1589L, 1590L, 1591L, 1592L, 1593L, 
        1594L, 1595L, 1596L, 1597L, 1598L, 1599L, 1600L, 1601L, 
        1602L, 1603L, 1604L, 1605L, 1606L, 1607L, 1608L, 1609L, 
        1610L, 1611L, 1612L, 1613L, 1614L, 1615L, 1616L, 1617L, 
        1618L, 1619L, 1620L, 1621L, 1622L, 1623L, 1624L, 1625L, 
        1626L, 1627L, 1628L, 1629L, 1630L, 1631L, 1632L, 1633L, 
        1634L, 1635L, 1636L, 1637L, 1638L, 1639L, 1640L, 1641L, 
        1642L, 1643L, 1644L, 1645L, 1646L, 1647L, 1648L, 1649L, 
        1650L, 1651L, 1652L, 1653L, 1654L, 1655L, 1656L, 1657L, 
        1658L, 1659L, 1660L, 1661L, 1662L, 1663L, 1664L, 1665L, 
        1666L, 1667L, 1668L, 1669L, 1670L, 1671L, 1672L, 1673L, 
        1674L, 1675L, 1676L, 1677L, 1678L, 1679L, 1680L, 1681L, 
        1682L, 1683L, 1684L, 1685L, 1686L, 1687L, 1688L, 1689L, 
        1690L, 1691L, 1692L, 1693L, 1694L, 1695L, 1696L, 1697L, 
        1698L, 1699L, 1700L, 1701L, 1702L, 1703L, 1704L, 1705L, 
        1706L, 1707L, 1708L, 1709L, 1710L, 1711L, 1712L, 1713L, 
        1714L, 1715L, 1716L, 1717L, 1718L, 1719L, 1720L, 1721L, 
        1722L, 1723L, 1724L, 1725L, 1726L, 1727L, 1728L, 1729L, 
        1730L, 1731L, 1732L, 1733L, 1734L, 1735L, 1736L, 1737L, 
        1738L, 1739L, 1740L, 1741L, 1742L, 1743L, 1744L, 1745L, 
        1746L, 1747L, 1748L, 1749L, 1750L, 1751L, 1752L, 1753L, 
        1754L, 1755L, 1756L, 1757L, 1758L, 1759L, 1760L, 1761L, 
        1762L, 1763L, 1764L, 1765L, 1766L, 1767L, 1768L, 1769L, 
        1770L, 1771L, 1772L, 1773L, 1774L, 1775L, 1776L, 1777L, 
        1778L, 1779L, 1780L, 1781L, 1782L, 1783L, 1784L, 1785L, 
        1786L, 1787L, 1788L, 1789L, 1790L, 1791L, 1792L, 1793L, 
        1794L, 1795L, 1796L, 1797L, 1798L, 1799L, 1800L, 1801L, 
        1802L, 1803L, 1804L, 1805L, 1806L, 1807L, 1808L, 1809L, 
        1810L, 1811L, 1812L, 1813L, 1814L, 1815L, 1816L, 1817L, 
        1818L, 1819L, 1820L, 1821L, 1822L, 1823L, 1824L, 1825L, 
        1826L, 1827L, 1828L, 1829L, 1830L, 1831L, 1832L, 1833L, 
        1834L, 1835L, 1836L, 1837L, 1838L, 1839L, 1840L, 1841L, 
        1842L, 1843L, 1844L, 1845L, 1846L, 1847L, 1848L, 1849L, 
        1850L, 1851L, 1852L, 1853L, 1854L, 1855L, 1856L, 1857L, 
        1858L, 1859L, 1860L, 1861L, 1862L, 1863L, 1864L, 1865L, 
        1866L, 1867L, 1868L, 1869L, 1870L, 1871L, 1872L, 1873L, 
        1874L, 1875L, 1876L, 1877L, 1878L, 1879L, 1880L, 1881L, 
        1882L, 1883L, 1884L, 1885L, 1886L, 1887L, 1888L, 1889L, 
        1890L, 1891L, 1892L, 1893L, 1894L, 1895L, 1896L, 1897L, 
        1898L, 1899L, 1900L, 1901L, 1902L, 1903L, 1904L, 1905L, 
        1906L, 1907L, 1908L, 1909L, 1910L, 1911L, 1912L, 1913L, 
        1914L, 1915L, 1916L, 1917L, 1918L, 1919L, 1920L, 1921L, 
        1922L, 1923L, 1924L, 1925L, 1926L, 1927L, 1928L, 1929L, 
        1930L, 1931L, 1932L, 1933L, 1934L, 1935L, 1936L, 1937L, 
        1938L, 1939L, 1940L, 1941L, 1942L, 1943L, 1944L, 1945L, 
        1946L, 1947L, 1948L, 1949L, 1950L, 1951L, 1952L, 1953L, 
        1954L, 1955L, 1956L, 1957L, 1958L, 1959L, 1960L, 1961L, 
        1962L, 1963L, 1964L, 1965L, 1966L, 1967L, 1968L, 1969L, 
        1970L, 1971L, 1972L, 1973L, 1974L, 1975L, 1976L, 1977L, 
        1978L, 1979L, 1980L, 1981L, 1982L, 1983L, 1984L, 1985L, 
        1986L, 1987L, 1988L, 1989L, 1990L, 1991L, 1992L, 1993L, 
        1994L, 1995L, 1996L, 1997L, 1998L, 1999L, 2000L, 2001L, 
        2002L, 2003L, 2004L, 2005L, 2006L, 2007L, 2008L, 2009L, 
        2010L, 2011L, 2012L, 2013L, 2014L, 2015L, 2016L, 2017L, 
        2018L, 2019L, 2020L, 2021L, 2022L, 2023L, 2024L, 2025L, 
        2026L, 2027L, 2028L, 2029L, 2030L, 2031L, 2032L, 2033L, 
        2034L, 2035L, 2036L, 2037L, 2038L, 2039L, 2040L, 2041L, 
        2042L, 2043L, 2044L, 2045L, 2046L, 2047L, 2048L, 2049L, 
        2050L, 2051L, 2052L, 2053L, 2054L, 2055L, 2056L, 2057L, 
        2058L, 2059L, 2060L, 2061L, 2062L, 2063L, 2064L, 2065L, 
        2066L, 2067L, 2068L, 2069L, 2070L, 2071L, 2072L, 2073L, 
        2074L, 2075L, 2076L, 2077L, 2078L, 2079L, 2080L, 2081L, 
        2082L, 2083L, 2084L, 2085L, 2086L, 2087L, 2088L, 2089L, 
        2090L, 2091L, 2092L, 2093L, 2094L, 2095L, 2096L, 2097L, 
        2098L, 2099L, 2100L, 2101L, 2102L, 2103L, 2104L, 2105L, 
        2106L, 2107L, 2108L, 2109L, 2110L, 2111L, 2112L, 2113L, 
        2114L, 2115L, 2116L, 2117L, 2118L, 2119L, 2120L, 2121L, 
        2122L, 2123L, 2124L, 2125L, 2126L, 2127L, 2128L, 2129L, 
        2130L, 2131L, 2132L, 2133L, 2134L, 2135L, 2136L, 2137L, 
        2138L, 2139L, 2140L, 2141L, 2142L, 2143L, 2144L, 2145L, 
        2146L, 2147L, 2148L, 2149L, 2150L, 2151L, 2152L, 2153L, 
        2154L, 2155L, 2156L, 2157L, 2158L, 2159L, 2160L, 2161L, 
        2162L, 2163L, 2164L, 2165L, 2166L, 2167L, 2168L, 2169L, 
        2170L, 2171L, 2172L, 2173L, 2174L, 2175L, 2176L, 2177L, 
        2178L, 2179L, 2180L, 2181L, 2182L, 2183L, 2184L, 2185L, 
        2186L, 2187L, 2188L, 2189L, 2190L, 2191L, 2192L, 2193L, 
        2194L, 2195L, 2196L, 2197L, 2198L, 2199L, 2200L, 2201L, 
        2202L, 2203L, 2204L, 2205L, 2206L, 2207L, 2208L, 2209L, 
        2210L, 2211L, 2212L, 2213L, 2214L, 2215L, 2216L, 2217L, 
        2218L, 2219L, 2220L, 2221L, 2222L, 2223L, 2224L, 2225L, 
        2226L, 2227L, 2228L, 2229L, 2230L, 2231L, 2232L, 2233L, 
        2234L, 2235L, 2236L, 2237L, 2238L, 2239L, 2240L, 2241L, 
        2242L, 2243L, 2244L, 2245L, 2246L, 2247L, 2248L, 2249L, 
        2250L, 2251L, 2252L, 2253L, 2254L, 2255L, 2256L, 2257L, 
        2258L, 2259L, 2260L, 2261L, 2262L, 2263L, 2264L, 2265L, 
        2266L, 2267L, 2268L, 2269L, 2270L, 2271L, 2272L, 2273L, 
        2274L, 2275L, 2276L, 2277L, 2278L, 2279L, 2280L, 2281L, 
        2282L, 2283L, 2284L, 2285L, 2286L, 2287L, 2288L, 2289L, 
        2290L, 2291L, 2292L, 2293L, 2294L, 2295L, 2296L, 2297L, 
        2298L, 2299L, 2300L, 2301L, 2302L, 2303L, 2304L, 2305L, 
        2306L, 2307L, 2308L, 2309L, 2310L, 2311L, 2312L, 2313L, 
        2314L, 2315L, 2316L, 2317L, 2318L, 2319L, 2320L, 2321L, 
        2322L, 2323L, 2324L, 2325L, 2326L, 2327L, 2328L, 2329L, 
        2330L, 2331L, 2332L, 2333L, 2334L, 2335L, 2336L, 2337L, 
        2338L, 2339L, 2340L, 2341L, 2342L, 2343L, 2344L, 2345L, 
        2346L, 2347L, 2348L, 2349L, 2350L, 2351L, 2352L, 2353L, 
        2354L, 2355L, 2356L, 2357L, 2358L, 2359L, 2360L, 2361L, 
        2362L, 2363L, 2364L, 2365L, 2366L, 2367L, 2368L, 2369L, 
        2370L, 2371L, 2372L, 2373L, 2374L, 2375L, 2376L, 2377L, 
        2378L, 2379L, 2380L, 2381L, 2382L, 2383L, 2384L, 2385L, 
        2386L, 2387L, 2388L, 2389L, 2390L, 2391L, 2392L, 2393L, 
        2394L, 2395L, 2396L, 2397L, 2398L, 2399L, 2400L), u_mat_inds_obs_y = c(1L, 
        2401L, 2407L, 2413L, 2419L, 2425L, 2431L, 2437L, 2443L, 
        2449L, 2455L, 2461L, 2467L, 2473L, 2479L, 2485L, 2491L, 
        2497L, 2503L, 2509L, 2515L, 2521L, 2527L, 2533L, 2539L, 
        2545L, 2551L, 2557L, 2563L, 2569L, 2575L, 2581L, 2587L, 
        2593L, 2599L, 2605L, 2611L, 2617L, 2623L, 2629L, 2635L, 
        2641L, 2647L, 2653L, 2659L, 2665L, 2671L, 2677L, 2683L, 
        2689L, 2695L, 2701L, 2707L, 2713L, 2719L, 2725L, 2731L, 
        2737L, 2743L, 2749L, 2755L, 2761L, 2767L, 2773L, 2779L, 
        2785L, 2791L, 2797L, 2803L, 2809L, 2815L, 2821L, 2827L, 
        2833L, 2839L, 2845L, 2851L, 2857L, 2863L, 2869L, 2875L, 
        2881L, 2887L, 2893L, 2899L, 2905L, 2911L, 2917L, 2923L, 
        2929L, 2935L, 2941L, 2947L, 2953L, 2959L, 2965L, 2971L, 
        2977L, 2983L, 2989L, 2995L, 3001L, 3007L, 3013L, 3019L, 
        3025L, 3031L, 3037L, 3043L, 3049L, 3055L, 3061L, 3067L, 
        3073L, 3079L, 3085L, 3091L, 3097L, 3103L, 3109L, 3115L, 
        3121L, 3127L, 3133L, 3139L, 3145L, 3151L, 3157L, 3163L, 
        3169L, 3175L, 3181L, 3187L, 3193L, 3199L, 3205L, 3211L, 
        3217L, 3223L, 3229L, 3235L, 3241L, 3247L, 3253L, 3259L, 
        3265L, 3271L, 3277L, 3283L, 3289L, 3295L, 3301L, 3307L, 
        3313L, 3319L, 3325L, 3331L, 3337L, 3343L, 3349L, 3355L, 
        3361L, 3367L, 3373L, 3379L, 3385L, 3391L, 3397L, 3403L, 
        3409L, 3415L, 3421L, 3427L, 3433L, 3439L, 3445L, 3451L, 
        3457L, 3463L, 3469L, 3475L, 3481L, 3487L, 3493L, 3499L, 
        3505L, 3511L, 3517L, 3523L, 3529L, 3535L, 3541L, 3547L, 
        3553L, 3559L, 3565L, 3571L, 3577L, 3583L, 3589L, 3595L, 
        3601L, 3607L, 3613L, 3619L, 3625L, 3631L, 3637L, 3643L, 
        3649L, 3655L, 3661L, 3667L, 3673L, 3679L, 3685L, 3691L, 
        3697L, 3703L, 3709L, 3715L, 3721L, 3727L, 3733L, 3739L, 
        3745L, 3751L, 3757L, 3763L, 3769L, 3775L, 3781L, 3787L, 
        3793L, 3799L, 3805L, 3811L, 3817L, 3823L, 3829L, 3835L, 
        3841L, 3847L, 3853L, 3859L, 3865L, 3871L, 3877L, 3883L, 
        3889L, 3895L, 3901L, 3907L, 3913L, 3919L, 3925L, 3931L, 
        3937L, 3943L, 3949L, 3955L, 3961L, 3967L, 3973L, 3979L, 
        3985L, 3991L, 3997L, 4003L, 4009L, 4015L, 4021L, 4027L, 
        4033L, 4039L, 4045L, 4051L, 4057L, 4063L, 4069L, 4075L, 
        4081L, 4087L, 4093L, 4099L, 4105L, 4111L, 4117L, 4123L, 
        4129L, 4135L, 4141L, 4147L, 4153L, 4159L, 4165L, 4171L, 
        4177L, 4183L, 4189L, 4195L, 4201L, 4207L, 4213L, 4219L, 
        4225L, 4231L, 4237L, 4243L, 4249L, 4255L, 4261L, 4267L, 
        4273L, 4279L, 4285L, 4291L, 4297L, 4303L, 4309L, 4315L, 
        4321L, 4327L, 4333L, 4339L, 4345L, 4351L, 4357L, 4363L, 
        4369L, 4375L, 4381L, 4387L, 4393L, 4399L, 4405L, 4411L, 
        4417L, 4423L, 4429L, 4435L, 4441L, 4447L, 4453L, 4459L, 
        4465L, 4471L, 4477L, 4483L, 4489L, 4495L, 4501L, 4507L, 
        4513L, 4519L, 4525L, 4531L, 4537L, 4543L, 4549L, 4555L, 
        4561L, 4567L, 4573L, 4579L, 4585L, 4591L, 4597L, 4603L, 
        4609L, 4615L, 4621L, 4627L, 4633L, 4639L, 4645L, 4651L, 
        4657L, 4663L, 4669L, 4675L, 4681L, 4687L, 4693L, 4699L, 
        4705L, 4711L, 4717L, 4723L, 4729L, 4735L, 4741L, 4747L, 
        4753L, 4759L, 4765L, 4771L, 4777L, 4783L, 4789L, 4795L
        ), n_mat_inds_cens_y = c(0L, 0L, 401L), w_mat_inds_cens_y = numeric(0), 
        v_mat_inds_cens_y = integer(0), u_mat_inds_cens_y = c(1L, 
        1L, 1L, 1L, 1L, 1L, 1L, 1L, 1L, 1L, 1L, 1L, 1L, 1L, 1L, 
        1L, 1L, 1L, 1L, 1L, 1L, 1L, 1L, 1L, 1L, 1L, 1L, 1L, 1L, 
        1L, 1L, 1L, 1L, 1L, 1L, 1L, 1L, 1L, 1L, 1L, 1L, 1L, 1L, 
        1L, 1L, 1L, 1L, 1L, 1L, 1L, 1L, 1L, 1L, 1L, 1L, 1L, 1L, 
        1L, 1L, 1L, 1L, 1L, 1L, 1L, 1L, 1L, 1L, 1L, 1L, 1L, 1L, 
        1L, 1L, 1L, 1L, 1L, 1L, 1L, 1L, 1L, 1L, 1L, 1L, 1L, 1L, 
        1L, 1L, 1L, 1L, 1L, 1L, 1L, 1L, 1L, 1L, 1L, 1L, 1L, 1L, 
        1L, 1L, 1L, 1L, 1L, 1L, 1L, 1L, 1L, 1L, 1L, 1L, 1L, 1L, 
        1L, 1L, 1L, 1L, 1L, 1L, 1L, 1L, 1L, 1L, 1L, 1L, 1L, 1L, 
        1L, 1L, 1L, 1L, 1L, 1L, 1L, 1L, 1L, 1L, 1L, 1L, 1L, 1L, 
        1L, 1L, 1L, 1L, 1L, 1L, 1L, 1L, 1L, 1L, 1L, 1L, 1L, 1L, 
        1L, 1L, 1L, 1L, 1L, 1L, 1L, 1L, 1L, 1L, 1L, 1L, 1L, 1L, 
        1L, 1L, 1L, 1L, 1L, 1L, 1L, 1L, 1L, 1L, 1L, 1L, 1L, 1L, 
        1L, 1L, 1L, 1L, 1L, 1L, 1L, 1L, 1L, 1L, 1L, 1L, 1L, 1L, 
        1L, 1L, 1L, 1L, 1L, 1L, 1L, 1L, 1L, 1L, 1L, 1L, 1L, 1L, 
        1L, 1L, 1L, 1L, 1L, 1L, 1L, 1L, 1L, 1L, 1L, 1L, 1L, 1L, 
        1L, 1L, 1L, 1L, 1L, 1L, 1L, 1L, 1L, 1L, 1L, 1L, 1L, 1L, 
        1L, 1L, 1L, 1L, 1L, 1L, 1L, 1L, 1L, 1L, 1L, 1L, 1L, 1L, 
        1L, 1L, 1L, 1L, 1L, 1L, 1L, 1L, 1L, 1L, 1L, 1L, 1L, 1L, 
        1L, 1L, 1L, 1L, 1L, 1L, 1L, 1L, 1L, 1L, 1L, 1L, 1L, 1L, 
        1L, 1L, 1L, 1L, 1L, 1L, 1L, 1L, 1L, 1L, 1L, 1L, 1L, 1L, 
        1L, 1L, 1L, 1L, 1L, 1L, 1L, 1L, 1L, 1L, 1L, 1L, 1L, 1L, 
        1L, 1L, 1L, 1L, 1L, 1L, 1L, 1L, 1L, 1L, 1L, 1L, 1L, 1L, 
        1L, 1L, 1L, 1L, 1L, 1L, 1L, 1L, 1L, 1L, 1L, 1L, 1L, 1L, 
        1L, 1L, 1L, 1L, 1L, 1L, 1L, 1L, 1L, 1L, 1L, 1L, 1L, 1L, 
        1L, 1L, 1L, 1L, 1L, 1L, 1L, 1L, 1L, 1L, 1L, 1L, 1L, 1L, 
        1L, 1L, 1L, 1L, 1L, 1L, 1L, 1L, 1L, 1L, 1L, 1L, 1L, 1L, 
        1L, 1L, 1L, 1L, 1L, 1L, 1L, 1L, 1L, 1L, 1L, 1L, 1L, 1L, 
        1L, 1L, 1L, 1L, 1L, 1L, 1L, 1L), n_mat_inds_all_y = c(4794L, 
        4794L, 401L), w_mat_inds_all_y = c(1, 1, 1, 1, 1, 1, 
        1, 1, 1, 1, 1, 1, 1, 1, 1, 1, 1, 1, 1, 1, 1, 1, 1, 1, 
        1, 1, 1, 1, 1, 1, 1, 1, 1, 1, 1, 1, 1, 1, 1, 1, 1, 1, 
        1, 1, 1, 1, 1, 1, 1, 1, 1, 1, 1, 1, 1, 1, 1, 1, 1, 1, 
        1, 1, 1, 1, 1, 1, 1, 1, 1, 1, 1, 1, 1, 1, 1, 1, 1, 1, 
        1, 1, 1, 1, 1, 1, 1, 1, 1, 1, 1, 1, 1, 1, 1, 1, 1, 1, 
        1, 1, 1, 1, 1, 1, 1, 1, 1, 1, 1, 1, 1, 1, 1, 1, 1, 1, 
        1, 1, 1, 1, 1, 1, 1, 1, 1, 1, 1, 1, 1, 1, 1, 1, 1, 1, 
        1, 1, 1, 1, 1, 1, 1, 1, 1, 1, 1, 1, 1, 1, 1, 1, 1, 1, 
        1, 1, 1, 1, 1, 1, 1, 1, 1, 1, 1, 1, 1, 1, 1, 1, 1, 1, 
        1, 1, 1, 1, 1, 1, 1, 1, 1, 1, 1, 1, 1, 1, 1, 1, 1, 1, 
        1, 1, 1, 1, 1, 1, 1, 1, 1, 1, 1, 1, 1, 1, 1, 1, 1, 1, 
        1, 1, 1, 1, 1, 1, 1, 1, 1, 1, 1, 1, 1, 1, 1, 1, 1, 1, 
        1, 1, 1, 1, 1, 1, 1, 1, 1, 1, 1, 1, 1, 1, 1, 1, 1, 1, 
        1, 1, 1, 1, 1, 1, 1, 1, 1, 1, 1, 1, 1, 1, 1, 1, 1, 1, 
        1, 1, 1, 1, 1, 1, 1, 1, 1, 1, 1, 1, 1, 1, 1, 1, 1, 1, 
        1, 1, 1, 1, 1, 1, 1, 1, 1, 1, 1, 1, 1, 1, 1, 1, 1, 1, 
        1, 1, 1, 1, 1, 1, 1, 1, 1, 1, 1, 1, 1, 1, 1, 1, 1, 1, 
        1, 1, 1, 1, 1, 1, 1, 1, 1, 1, 1, 1, 1, 1, 1, 1, 1, 1, 
        1, 1, 1, 1, 1, 1, 1, 1, 1, 1, 1, 1, 1, 1, 1, 1, 1, 1, 
        1, 1, 1, 1, 1, 1, 1, 1, 1, 1, 1, 1, 1, 1, 1, 1, 1, 1, 
        1, 1, 1, 1, 1, 1, 1, 1, 1, 1, 1, 1, 1, 1, 1, 1, 1, 1, 
        1, 1, 1, 1, 1, 1, 1, 1, 1, 1, 1, 1, 1, 1, 1, 1, 1, 1, 
        1, 1, 1, 1, 1, 1, 1, 1, 1, 1, 1, 1, 1, 1, 1, 1, 1, 1, 
        1, 1, 1, 1, 1, 1, 1, 1, 1, 1, 1, 1, 1, 1, 1, 1, 1, 1, 
        1, 1, 1, 1, 1, 1, 1, 1, 1, 1, 1, 1, 1, 1, 1, 1, 1, 1, 
        1, 1, 1, 1, 1, 1, 1, 1, 1, 1, 1, 1, 1, 1, 1, 1, 1, 1, 
        1, 1, 1, 1, 1, 1, 1, 1, 1, 1, 1, 1, 1, 1, 1, 1, 1, 1, 
        1, 1, 1, 1, 1, 1, 1, 1, 1, 1, 1, 1, 1, 1, 1, 1, 1, 1, 
        1, 1, 1, 1, 1, 1, 1, 1, 1, 1, 1, 1, 1, 1, 1, 1, 1, 1, 
        1, 1, 1, 1, 1, 1, 1, 1, 1, 1, 1, 1, 1, 1, 1, 1, 1, 1, 
        1, 1, 1, 1, 1, 1, 1, 1, 1, 1, 1, 1, 1, 1, 1, 1, 1, 1, 
        1, 1, 1, 1, 1, 1, 1, 1, 1, 1, 1, 1, 1, 1, 1, 1, 1, 1, 
        1, 1, 1, 1, 1, 1, 1, 1, 1, 1, 1, 1, 1, 1, 1, 1, 1, 1, 
        1, 1, 1, 1, 1, 1, 1, 1, 1, 1, 1, 1, 1, 1, 1, 1, 1, 1, 
        1, 1, 1, 1, 1, 1, 1, 1, 1, 1, 1, 1, 1, 1, 1, 1, 1, 1, 
        1, 1, 1, 1, 1, 1, 1, 1, 1, 1, 1, 1, 1, 1, 1, 1, 1, 1, 
        1, 1, 1, 1, 1, 1, 1, 1, 1, 1, 1, 1, 1, 1, 1, 1, 1, 1, 
        1, 1, 1, 1, 1, 1, 1, 1, 1, 1, 1, 1, 1, 1, 1, 1, 1, 1, 
        1, 1, 1, 1, 1, 1, 1, 1, 1, 1, 1, 1, 1, 1, 1, 1, 1, 1, 
        1, 1, 1, 1, 1, 1, 1, 1, 1, 1, 1, 1, 1, 1, 1, 1, 1, 1, 
        1, 1, 1, 1, 1, 1, 1, 1, 1, 1, 1, 1, 1, 1, 1, 1, 1, 1, 
        1, 1, 1, 1, 1, 1, 1, 1, 1, 1, 1, 1, 1, 1, 1, 1, 1, 1, 
        1, 1, 1, 1, 1, 1, 1, 1, 1, 1, 1, 1, 1, 1, 1, 1, 1, 1, 
        1, 1, 1, 1, 1, 1, 1, 1, 1, 1, 1, 1, 1, 1, 1, 1, 1, 1, 
        1, 1, 1, 1, 1, 1, 1, 1, 1, 1, 1, 1, 1, 1, 1, 1, 1, 1, 
        1, 1, 1, 1, 1, 1, 1, 1, 1, 1, 1, 1, 1, 1, 1, 1, 1, 1, 
        1, 1, 1, 1, 1, 1, 1, 1, 1, 1, 1, 1, 1, 1, 1, 1, 1, 1, 
        1, 1, 1, 1, 1, 1, 1, 1, 1, 1, 1, 1, 1, 1, 1, 1, 1, 1, 
        1, 1, 1, 1, 1, 1, 1, 1, 1, 1, 1, 1, 1, 1, 1, 1, 1, 1, 
        1, 1, 1, 1, 1, 1, 1, 1, 1, 1, 1, 1, 1, 1, 1, 1, 1, 1, 
        1, 1, 1, 1, 1, 1, 1, 1, 1, 1, 1, 1, 1, 1, 1, 1, 1, 1, 
        1, 1, 1, 1, 1, 1, 1, 1, 1, 1, 1, 1, 1, 1, 1, 1, 1, 1, 
        1, 1, 1, 1, 1, 1, 1, 1, 1, 1, 1, 1, 1, 1, 1, 1, 1, 1, 
        1, 1, 1, 1, 1, 1, 1, 1, 1, 1, 1, 1, 1, 1, 1, 1, 1, 1, 
        1, 1, 1, 1, 1, 1, 1, 1, 1, 1, 1, 1, 1, 1, 1, 1, 1, 1, 
        1, 1, 1, 1, 1, 1, 1, 1, 1, 1, 1, 1, 1, 1, 1, 1, 1, 1, 
        1, 1, 1, 1, 1, 1, 1, 1, 1, 1, 1, 1, 1, 1, 1, 1, 1, 1, 
        1, 1, 1, 1, 1, 1, 1, 1, 1, 1, 1, 1, 1, 1, 1, 1, 1, 1, 
        1, 1, 1, 1, 1, 1, 1, 1, 1, 1, 1, 1, 1, 1, 1, 1, 1, 1, 
        1, 1, 1, 1, 1, 1, 1, 1, 1, 1, 1, 1, 1, 1, 1, 1, 1, 1, 
        1, 1, 1, 1, 1, 1, 1, 1, 1, 1, 1, 1, 1, 1, 1, 1, 1, 1, 
        1, 1, 1, 1, 1, 1, 1, 1, 1, 1, 1, 1, 1, 1, 1, 1, 1, 1, 
        1, 1, 1, 1, 1, 1, 1, 1, 1, 1, 1, 1, 1, 1, 1, 1, 1, 1, 
        1, 1, 1, 1, 1, 1, 1, 1, 1, 1, 1, 1, 1, 1, 1, 1, 1, 1, 
        1, 1, 1, 1, 1, 1, 1, 1, 1, 1, 1, 1, 1, 1, 1, 1, 1, 1, 
        1, 1, 1, 1, 1, 1, 1, 1, 1, 1, 1, 1, 1, 1, 1, 1, 1, 1, 
        1, 1, 1, 1, 1, 1, 1, 1, 1, 1, 1, 1, 1, 1, 1, 1, 1, 1, 
        1, 1, 1, 1, 1, 1, 1, 1, 1, 1, 1, 1, 1, 1, 1, 1, 1, 1, 
        1, 1, 1, 1, 1, 1, 1, 1, 1, 1, 1, 1, 1, 1, 1, 1, 1, 1, 
        1, 1, 1, 1, 1, 1, 1, 1, 1, 1, 1, 1, 1, 1, 1, 1, 1, 1, 
        1, 1, 1, 1, 1, 1, 1, 1, 1, 1, 1, 1, 1, 1, 1, 1, 1, 1, 
        1, 1, 1, 1, 1, 1, 1, 1, 1, 1, 1, 1, 1, 1, 1, 1, 1, 1, 
        1, 1, 1, 1, 1, 1, 1, 1, 1, 1, 1, 1, 1, 1, 1, 1, 1, 1, 
        1, 1, 1, 1, 1, 1, 1, 1, 1, 1, 1, 1, 1, 1, 1, 1, 1, 1, 
        1, 1, 1, 1, 1, 1, 1, 1, 1, 1, 1, 1, 1, 1, 1, 1, 1, 1, 
        1, 1, 1, 1, 1, 1, 1, 1, 1, 1, 1, 1, 1, 1, 1, 1, 1, 1, 
        1, 1, 1, 1, 1, 1, 1, 1, 1, 1, 1, 1, 1, 1, 1, 1, 1, 1, 
        1, 1, 1, 1, 1, 1, 1, 1, 1, 1, 1, 1, 1, 1, 1, 1, 1, 1, 
        1, 1, 1, 1, 1, 1, 1, 1, 1, 1, 1, 1, 1, 1, 1, 1, 1, 1, 
        1, 1, 1, 1, 1, 1, 1, 1, 1, 1, 1, 1, 1, 1, 1, 1, 1, 1, 
        1, 1, 1, 1, 1, 1, 1, 1, 1, 1, 1, 1, 1, 1, 1, 1, 1, 1, 
        1, 1, 1, 1, 1, 1, 1, 1, 1, 1, 1, 1, 1, 1, 1, 1, 1, 1, 
        1, 1, 1, 1, 1, 1, 1, 1, 1, 1, 1, 1, 1, 1, 1, 1, 1, 1, 
        1, 1, 1, 1, 1, 1, 1, 1, 1, 1, 1, 1, 1, 1, 1, 1, 1, 1, 
        1, 1, 1, 1, 1, 1, 1, 1, 1, 1, 1, 1, 1, 1, 1, 1, 1, 1, 
        1, 1, 1, 1, 1, 1, 1, 1, 1, 1, 1, 1, 1, 1, 1, 1, 1, 1, 
        1, 1, 1, 1, 1, 1, 1, 1, 1, 1, 1, 1, 1, 1, 1, 1, 1, 1, 
        1, 1, 1, 1, 1, 1, 1, 1, 1, 1, 1, 1, 1, 1, 1, 1, 1, 1, 
        1, 1, 1, 1, 1, 1, 1, 1, 1, 1, 1, 1, 1, 1, 1, 1, 1, 1, 
        1, 1, 1, 1, 1, 1, 1, 1, 1, 1, 1, 1, 1, 1, 1, 1, 1, 1, 
        1, 1, 1, 1, 1, 1, 1, 1, 1, 1, 1, 1, 1, 1, 1, 1, 1, 1, 
        1, 1, 1, 1, 1, 1, 1, 1, 1, 1, 1, 1, 1, 1, 1, 1, 1, 1, 
        1, 1, 1, 1, 1, 1, 1, 1, 1, 1, 1, 1, 1, 1, 1, 1, 1, 1, 
        1, 1, 1, 1, 1, 1, 1, 1, 1, 1, 1, 1, 1, 1, 1, 1, 1, 1, 
        1, 1, 1, 1, 1, 1, 1, 1, 1, 1, 1, 1, 1, 1, 1, 1, 1, 1, 
        1, 1, 1, 1, 1, 1, 1, 1, 1, 1, 1, 1, 1, 1, 1, 1, 1, 1, 
        1, 1, 1, 1, 1, 1, 1, 1, 1, 1, 1, 1, 1, 1, 1, 1, 1, 1, 
        1, 1, 1, 1, 1, 1, 1, 1, 1, 1, 1, 1, 1, 1, 1, 1, 1, 1, 
        1, 1, 1, 1, 1, 1, 1, 1, 1, 1, 1, 1, 1, 1, 1, 1, 1, 1, 
        1, 1, 1, 1, 1, 1, 1, 1, 1, 1, 1, 1, 1, 1, 1, 1, 1, 1, 
        1, 1, 1, 1, 1, 1, 1, 1, 1, 1, 1, 1, 1, 1, 1, 1, 1, 1, 
        1, 1, 1, 1, 1, 1, 1, 1, 1, 1, 1, 1, 1, 1, 1, 1, 1, 1, 
        1, 1, 1, 1, 1, 1, 1, 1, 1, 1, 1, 1, 1, 1, 1, 1, 1, 1, 
        1, 1, 1, 1, 1, 1, 1, 1, 1, 1, 1, 1, 1, 1, 1, 1, 1, 1, 
        1, 1, 1, 1, 1, 1, 1, 1, 1, 1, 1, 1, 1, 1, 1, 1, 1, 1, 
        1, 1, 1, 1, 1, 1, 1, 1, 1, 1, 1, 1, 1, 1, 1, 1, 1, 1, 
        1, 1, 1, 1, 1, 1, 1, 1, 1, 1, 1, 1, 1, 1, 1, 1, 1, 1, 
        1, 1, 1, 1, 1, 1, 1, 1, 1, 1, 1, 1, 1, 1, 1, 1, 1, 1, 
        1, 1, 1, 1, 1, 1, 1, 1, 1, 1, 1, 1, 1, 1, 1, 1, 1, 1, 
        1, 1, 1, 1, 1, 1, 1, 1, 1, 1, 1, 1, 1, 1, 1, 1, 1, 1, 
        1, 1, 1, 1, 1, 1, 1, 1, 1, 1, 1, 1, 1, 1, 1, 1, 1, 1, 
        1, 1, 1, 1, 1, 1, 1, 1, 1, 1, 1, 1, 1, 1, 1, 1, 1, 1, 
        1, 1, 1, 1, 1, 1, 1, 1, 1, 1, 1, 1, 1, 1, 1, 1, 1, 1, 
        1, 1, 1, 1, 1, 1, 1, 1, 1, 1, 1, 1, 1, 1, 1, 1, 1, 1, 
        1, 1, 1, 1, 1, 1, 1, 1, 1, 1, 1, 1, 1, 1, 1, 1, 1, 1, 
        1, 1, 1, 1, 1, 1, 1, 1, 1, 1, 1, 1, 1, 1, 1, 1, 1, 1, 
        1, 1, 1, 1, 1, 1, 1, 1, 1, 1, 1, 1, 1, 1, 1, 1, 1, 1, 
        1, 1, 1, 1, 1, 1, 1, 1, 1, 1, 1, 1, 1, 1, 1, 1, 1, 1, 
        1, 1, 1, 1, 1, 1, 1, 1, 1, 1, 1, 1, 1, 1, 1, 1, 1, 1, 
        1, 1, 1, 1, 1, 1, 1, 1, 1, 1, 1, 1, 1, 1, 1, 1, 1, 1, 
        1, 1, 1, 1, 1, 1, 1, 1, 1, 1, 1, 1, 1, 1, 1, 1, 1, 1, 
        1, 1, 1, 1, 1, 1, 1, 1, 1, 1, 1, 1, 1, 1, 1, 1, 1, 1, 
        1, 1, 1, 1, 1, 1, 1, 1, 1, 1, 1, 1, 1, 1, 1, 1, 1, 1, 
        1, 1, 1, 1, 1, 1, 1, 1, 1, 1, 1, 1, 1, 1, 1, 1, 1, 1, 
        1, 1, 1, 1, 1, 1, 1, 1, 1, 1, 1, 1, 1, 1, 1, 1, 1, 1, 
        1, 1, 1, 1, 1, 1, 1, 1, 1, 1, 1, 1, 1, 1, 1, 1, 1, 1, 
        1, 1, 1, 1, 1, 1, 1, 1, 1, 1, 1, 1, 1, 1, 1, 1, 1, 1, 
        1, 1, 1, 1, 1, 1, 1, 1, 1, 1, 1, 1, 1, 1, 1, 1, 1, 1, 
        1, 1, 1, 1, 1, 1, 1, 1, 1, 1, 1, 1, 1, 1, 1, 1, 1, 1, 
        1, 1, 1, 1, 1, 1, 1, 1, 1, 1, 1, 1, 1, 1, 1, 1, 1, 1, 
        1, 1, 1, 1, 1, 1, 1, 1, 1, 1, 1, 1, 1, 1, 1, 1, 1, 1, 
        1, 1, 1, 1, 1, 1, 1, 1, 1, 1, 1, 1, 1, 1, 1, 1, 1, 1, 
        1, 1, 1, 1, 1, 1, 1, 1, 1, 1, 1, 1, 1, 1, 1, 1, 1, 1, 
        1, 1, 1, 1, 1, 1, 1, 1, 1, 1, 1, 1, 1, 1, 1, 1, 1, 1, 
        1, 1, 1, 1, 1, 1, 1, 1, 1, 1, 1, 1, 1, 1, 1, 1, 1, 1, 
        1, 1, 1, 1, 1, 1, 1, 1, 1, 1, 1, 1, 1, 1, 1, 1, 1, 1, 
        1, 1, 1, 1, 1, 1, 1, 1, 1, 1, 1, 1, 1, 1, 1, 1, 1, 1, 
        1, 1, 1, 1, 1, 1, 1, 1, 1, 1, 1, 1, 1, 1, 1, 1, 1, 1, 
        1, 1, 1, 1, 1, 1, 1, 1, 1, 1, 1, 1, 1, 1, 1, 1, 1, 1, 
        1, 1, 1, 1, 1, 1, 1, 1, 1, 1, 1, 1, 1, 1, 1, 1, 1, 1, 
        1, 1, 1, 1, 1, 1, 1, 1, 1, 1, 1, 1, 1, 1, 1, 1, 1, 1, 
        1, 1, 1, 1, 1, 1, 1, 1, 1, 1, 1, 1, 1, 1, 1, 1, 1, 1, 
        1, 1, 1, 1, 1, 1, 1, 1, 1, 1, 1, 1, 1, 1, 1, 1, 1, 1, 
        1, 1, 1, 1, 1, 1, 1, 1, 1, 1, 1, 1, 1, 1, 1, 1, 1, 1, 
        1, 1, 1, 1, 1, 1, 1, 1, 1, 1, 1, 1, 1, 1, 1, 1, 1, 1, 
        1, 1, 1, 1, 1, 1, 1, 1, 1, 1, 1, 1, 1, 1, 1, 1, 1, 1, 
        1, 1, 1, 1, 1, 1, 1, 1, 1, 1, 1, 1, 1, 1, 1, 1, 1, 1, 
        1, 1, 1, 1, 1, 1, 1, 1, 1, 1, 1, 1, 1, 1, 1, 1, 1, 1, 
        1, 1, 1, 1, 1, 1, 1, 1, 1, 1, 1, 1, 1, 1, 1, 1, 1, 1, 
        1, 1, 1, 1, 1, 1, 1, 1, 1, 1, 1, 1, 1, 1, 1, 1, 1, 1, 
        1, 1, 1, 1, 1, 1, 1, 1, 1, 1, 1, 1, 1, 1, 1, 1, 1, 1, 
        1, 1, 1, 1, 1, 1, 1, 1, 1, 1, 1, 1, 1, 1, 1, 1, 1, 1, 
        1, 1, 1, 1, 1, 1, 1, 1, 1, 1, 1, 1, 1, 1, 1, 1, 1, 1, 
        1, 1, 1, 1, 1, 1, 1, 1, 1, 1, 1, 1, 1, 1, 1, 1, 1, 1, 
        1, 1, 1, 1, 1, 1, 1, 1, 1, 1, 1, 1, 1, 1, 1, 1, 1, 1, 
        1, 1, 1, 1, 1, 1, 1, 1, 1, 1, 1, 1, 1, 1, 1, 1, 1, 1, 
        1, 1, 1, 1, 1, 1, 1, 1, 1, 1, 1, 1, 1, 1, 1, 1, 1, 1, 
        1, 1, 1, 1, 1, 1, 1, 1, 1, 1, 1, 1, 1, 1, 1, 1, 1, 1, 
        1, 1, 1, 1, 1, 1, 1, 1, 1, 1, 1, 1, 1, 1, 1, 1, 1, 1, 
        1, 1, 1, 1, 1, 1, 1, 1, 1, 1, 1, 1, 1, 1, 1, 1, 1, 1, 
        1, 1, 1, 1, 1, 1, 1, 1, 1, 1, 1, 1, 1, 1, 1, 1, 1, 1, 
        1, 1, 1, 1, 1, 1, 1, 1, 1, 1, 1, 1, 1, 1, 1, 1, 1, 1, 
        1, 1, 1, 1, 1, 1, 1, 1, 1, 1, 1, 1, 1, 1, 1, 1, 1, 1, 
        1, 1, 1, 1, 1, 1, 1, 1, 1, 1, 1, 1, 1, 1, 1, 1, 1, 1, 
        1, 1, 1, 1, 1, 1, 1, 1, 1, 1, 1, 1, 1, 1, 1, 1, 1, 1, 
        1, 1, 1, 1, 1, 1, 1, 1, 1, 1, 1, 1, 1, 1, 1, 1, 1, 1, 
        1, 1, 1, 1, 1, 1, 1, 1, 1, 1, 1, 1, 1, 1, 1, 1, 1, 1, 
        1, 1, 1, 1, 1, 1, 1, 1, 1, 1, 1, 1, 1, 1, 1, 1, 1, 1, 
        1, 1, 1, 1, 1, 1, 1, 1, 1, 1, 1, 1, 1, 1, 1, 1, 1, 1, 
        1, 1, 1, 1, 1, 1, 1, 1, 1, 1, 1, 1, 1, 1, 1, 1, 1, 1, 
        1, 1, 1, 1, 1, 1, 1, 1, 1, 1, 1, 1, 1, 1, 1, 1, 1, 1, 
        1, 1, 1, 1, 1, 1, 1, 1, 1, 1, 1, 1, 1, 1, 1, 1, 1, 1, 
        1, 1, 1, 1, 1, 1, 1, 1, 1, 1, 1, 1, 1, 1, 1, 1, 1, 1, 
        1, 1, 1, 1, 1, 1, 1, 1, 1, 1, 1, 1, 1, 1, 1, 1, 1, 1, 
        1, 1, 1, 1, 1, 1, 1, 1, 1, 1, 1, 1, 1, 1, 1, 1, 1, 1, 
        1, 1, 1, 1, 1, 1, 1, 1, 1, 1, 1, 1, 1, 1, 1, 1, 1, 1, 
        1, 1, 1, 1, 1, 1, 1, 1, 1, 1, 1, 1, 1, 1, 1, 1, 1, 1, 
        1, 1, 1, 1, 1, 1, 1, 1, 1, 1, 1, 1, 1, 1, 1, 1, 1, 1, 
        1, 1, 1, 1, 1, 1, 1, 1, 1, 1, 1, 1, 1, 1, 1, 1, 1, 1, 
        1, 1, 1, 1, 1, 1, 1, 1, 1, 1, 1, 1, 1, 1, 1, 1, 1, 1, 
        1, 1, 1, 1, 1, 1, 1, 1, 1, 1, 1, 1, 1, 1, 1, 1, 1, 1, 
        1, 1, 1, 1, 1, 1, 1, 1, 1, 1, 1, 1, 1, 1, 1, 1, 1, 1, 
        1, 1, 1, 1, 1, 1, 1, 1, 1, 1, 1, 1, 1, 1, 1, 1, 1, 1, 
        1, 1, 1, 1, 1, 1, 1, 1, 1, 1, 1, 1, 1, 1, 1, 1, 1, 1, 
        1, 1, 1, 1, 1, 1, 1, 1, 1, 1, 1, 1, 1, 1, 1, 1, 1, 1, 
        1, 1, 1, 1, 1, 1, 1, 1, 1, 1, 1, 1, 1, 1, 1, 1, 1, 1, 
        1, 1, 1, 1, 1, 1, 1, 1, 1, 1, 1, 1, 1, 1, 1, 1, 1, 1, 
        1, 1, 1, 1, 1, 1, 1, 1, 1, 1, 1, 1, 1, 1, 1, 1, 1, 1, 
        1, 1, 1, 1, 1, 1, 1, 1, 1, 1, 1, 1, 1, 1, 1, 1, 1, 1, 
        1, 1, 1, 1, 1, 1, 1, 1, 1, 1, 1, 1, 1, 1, 1, 1, 1, 1, 
        1, 1, 1, 1, 1, 1, 1, 1, 1, 1, 1, 1, 1, 1, 1, 1, 1, 1, 
        1, 1, 1, 1, 1, 1, 1, 1, 1, 1, 1, 1, 1, 1, 1, 1, 1, 1, 
        1, 1, 1, 1, 1, 1, 1, 1, 1, 1, 1, 1, 1, 1, 1, 1, 1, 1, 
        1, 1, 1, 1, 1, 1, 1, 1, 1, 1, 1, 1, 1, 1, 1, 1, 1, 1, 
        1, 1, 1, 1, 1, 1, 1, 1, 1, 1, 1, 1, 1, 1, 1, 1, 1, 1, 
        1, 1, 1, 1, 1, 1, 1, 1, 1, 1, 1, 1, 1, 1, 1, 1, 1, 1, 
        1, 1, 1, 1, 1, 1, 1, 1, 1, 1, 1, 1, 1, 1, 1, 1, 1, 1, 
        1, 1, 1, 1, 1, 1, 1, 1, 1, 1, 1, 1, 1, 1, 1, 1, 1, 1, 
        1, 1, 1, 1, 1, 1, 1, 1, 1, 1, 1, 1, 1, 1, 1, 1, 1, 1, 
        1, 1, 1, 1, 1, 1, 1, 1, 1, 1, 1, 1, 1, 1, 1, 1, 1, 1, 
        1, 1, 1, 1, 1, 1, 1, 1, 1, 1, 1, 1, 1, 1, 1, 1, 1, 1, 
        1, 1, 1, 1, 1, 1, 1, 1, 1, 1, 1, 1, 1, 1, 1, 1, 1, 1, 
        1, 1, 1, 1, 1, 1, 1, 1, 1, 1, 1, 1, 1, 1, 1, 1, 1, 1, 
        1, 1, 1, 1, 1, 1, 1, 1, 1, 1, 1, 1, 1, 1, 1, 1, 1, 1, 
        1, 1, 1, 1, 1, 1, 1, 1, 1, 1, 1, 1, 1, 1, 1, 1, 1, 1, 
        1, 1, 1, 1, 1, 1, 1, 1, 1, 1, 1, 1, 1, 1, 1, 1, 1, 1, 
        1, 1, 1, 1, 1, 1, 1, 1, 1, 1, 1, 1, 1, 1, 1, 1, 1, 1, 
        1, 1, 1, 1, 1, 1, 1, 1, 1, 1, 1, 1, 1, 1, 1, 1, 1, 1, 
        1, 1, 1, 1, 1, 1, 1, 1, 1, 1, 1, 1, 1, 1, 1, 1, 1, 1, 
        1, 1, 1, 1, 1, 1, 1, 1, 1, 1, 1, 1, 1, 1, 1, 1, 1, 1, 
        1, 1, 1, 1, 1, 1, 1, 1, 1, 1, 1, 1, 1, 1, 1, 1, 1, 1, 
        1, 1, 1, 1, 1, 1, 1, 1, 1, 1, 1, 1, 1, 1, 1, 1, 1, 1, 
        1, 1, 1, 1, 1, 1, 1, 1, 1, 1, 1, 1, 1, 1, 1, 1, 1, 1, 
        1, 1, 1, 1, 1, 1, 1, 1, 1, 1, 1, 1, 1, 1, 1, 1, 1, 1, 
        1, 1, 1, 1, 1, 1, 1, 1, 1, 1, 1, 1, 1, 1, 1, 1, 1, 1, 
        1, 1, 1, 1, 1, 1, 1, 1, 1, 1, 1, 1, 1, 1, 1, 1, 1, 1, 
        1, 1, 1, 1, 1, 1, 1, 1, 1, 1, 1, 1, 1, 1, 1, 1, 1, 1, 
        1, 1, 1, 1, 1, 1, 1, 1, 1, 1, 1, 1, 1, 1, 1, 1, 1, 1, 
        1, 1, 1, 1, 1, 1, 1, 1, 1, 1, 1, 1, 1, 1, 1, 1, 1, 1, 
        1, 1, 1, 1, 1, 1, 1, 1, 1, 1, 1, 1, 1, 1, 1, 1, 1, 1, 
        1, 1, 1, 1, 1, 1, 1, 1, 1, 1, 1, 1, 1, 1, 1, 1, 1, 1, 
        1, 1, 1, 1, 1, 1, 1, 1, 1, 1, 1, 1, 1, 1, 1, 1, 1, 1, 
        1, 1, 1, 1, 1, 1, 1, 1, 1, 1, 1, 1, 1, 1, 1, 1, 1, 1, 
        1, 1, 1, 1, 1, 1, 1, 1, 1, 1, 1, 1, 1, 1, 1, 1, 1, 1, 
        1, 1, 1, 1, 1, 1, 1, 1, 1, 1, 1, 1, 1, 1, 1, 1, 1, 1, 
        1, 1, 1, 1, 1, 1, 1, 1, 1, 1, 1, 1, 1, 1, 1, 1, 1, 1, 
        1, 1, 1, 1, 1, 1, 1, 1, 1, 1, 1, 1, 1, 1, 1, 1, 1, 1, 
        1, 1, 1, 1, 1, 1, 1, 1, 1, 1, 1, 1, 1, 1, 1, 1, 1, 1, 
        1, 1, 1, 1, 1, 1, 1, 1, 1, 1, 1, 1, 1, 1, 1, 1, 1, 1, 
        1, 1, 1, 1, 1, 1, 1, 1, 1, 1, 1, 1, 1, 1, 1, 1, 1, 1, 
        1, 1, 1, 1, 1, 1, 1, 1, 1, 1, 1, 1, 1, 1, 1, 1, 1, 1, 
        1, 1, 1, 1, 1, 1, 1, 1, 1, 1, 1, 1, 1, 1, 1, 1, 1, 1, 
        1, 1, 1, 1, 1, 1, 1, 1, 1, 1, 1, 1, 1, 1, 1, 1, 1, 1, 
        1, 1, 1, 1, 1, 1, 1, 1, 1, 1, 1, 1, 1, 1, 1, 1, 1, 1, 
        1, 1, 1, 1, 1, 1, 1, 1, 1, 1, 1, 1, 1, 1, 1, 1, 1, 1, 
        1, 1, 1, 1, 1, 1, 1, 1, 1, 1, 1, 1, 1, 1, 1, 1, 1, 1, 
        1, 1, 1, 1, 1, 1, 1, 1, 1, 1, 1, 1, 1, 1, 1, 1, 1, 1, 
        1, 1, 1, 1, 1, 1, 1, 1, 1, 1, 1, 1, 1, 1, 1, 1, 1, 1, 
        1, 1, 1, 1, 1, 1, 1, 1, 1, 1, 1, 1, 1, 1, 1, 1, 1, 1, 
        1, 1, 1, 1, 1, 1, 1, 1, 1, 1, 1, 1, 1, 1, 1, 1, 1, 1, 
        1, 1, 1, 1, 1, 1, 1, 1, 1, 1, 1, 1, 1, 1, 1, 1, 1, 1, 
        1, 1, 1, 1, 1, 1, 1, 1, 1, 1, 1, 1, 1, 1, 1, 1, 1, 1, 
        1, 1, 1, 1, 1, 1, 1, 1, 1, 1, 1, 1, 1, 1, 1, 1, 1, 1, 
        1, 1, 1, 1, 1, 1, 1, 1, 1, 1, 1, 1, 1, 1, 1, 1, 1, 1, 
        1, 1, 1, 1, 1, 1, 1, 1, 1, 1, 1, 1, 1, 1, 1, 1, 1, 1, 
        1, 1, 1, 1, 1, 1, 1, 1, 1, 1, 1, 1, 1, 1, 1, 1, 1, 1, 
        1, 1, 1, 1, 1, 1, 1, 1, 1, 1, 1, 1, 1, 1, 1, 1, 1, 1, 
        1, 1, 1, 1, 1, 1, 1, 1, 1, 1, 1, 1, 1, 1, 1, 1, 1, 1, 
        1, 1, 1, 1, 1, 1, 1, 1, 1, 1, 1, 1, 1, 1, 1, 1, 1, 1, 
        1, 1, 1, 1, 1, 1, 1, 1, 1, 1, 1, 1, 1, 1, 1, 1, 1, 1, 
        1, 1, 1, 1, 1, 1, 1, 1, 1, 1, 1, 1, 1, 1, 1, 1, 1, 1, 
        1, 1, 1, 1, 1, 1, 1, 1, 1, 1, 1, 1, 1, 1, 1, 1, 1, 1, 
        1, 1, 1, 1, 1, 1, 1, 1, 1, 1, 1, 1, 1, 1, 1, 1, 1, 1, 
        1, 1, 1, 1, 1, 1, 1, 1, 1, 1, 1, 1, 1, 1, 1, 1, 1, 1, 
        1, 1, 1, 1, 1, 1, 1, 1, 1, 1, 1, 1, 1, 1, 1, 1, 1, 1, 
        1, 1, 1, 1, 1, 1, 1, 1, 1, 1, 1, 1, 1, 1, 1, 1, 1, 1, 
        1, 1, 1, 1, 1, 1, 1, 1, 1, 1, 1, 1, 1, 1, 1, 1, 1, 1, 
        1, 1, 1, 1, 1, 1, 1, 1, 1, 1, 1, 1, 1, 1, 1, 1, 1, 1, 
        1, 1, 1, 1, 1, 1, 1, 1, 1, 1, 1, 1, 1, 1, 1, 1, 1, 1, 
        1, 1, 1, 1, 1, 1, 1, 1, 1, 1, 1, 1, 1, 1, 1, 1, 1, 1, 
        1, 1, 1, 1, 1, 1, 1, 1, 1, 1, 1, 1, 1, 1, 1, 1, 1, 1, 
        1, 1, 1, 1, 1, 1, 1, 1, 1, 1, 1, 1, 1, 1, 1, 1, 1, 1, 
        1, 1, 1, 1, 1, 1, 1, 1, 1, 1, 1, 1, 1, 1, 1, 1, 1, 1, 
        1, 1, 1, 1, 1, 1, 1, 1, 1, 1, 1, 1, 1, 1, 1, 1, 1, 1, 
        1, 1, 1, 1, 1, 1, 1, 1, 1, 1, 1, 1, 1, 1, 1, 1, 1, 1, 
        1, 1, 1, 1, 1, 1, 1, 1, 1, 1, 1, 1, 1, 1, 1, 1, 1, 1), 
        v_mat_inds_all_y = c(1L, 2L, 3L, 4L, 5L, 6L, 7L, 8L, 
        9L, 10L, 11L, 12L, 13L, 14L, 15L, 16L, 17L, 18L, 19L, 
        20L, 21L, 22L, 23L, 24L, 25L, 26L, 27L, 28L, 29L, 30L, 
        31L, 32L, 33L, 34L, 35L, 36L, 37L, 38L, 39L, 40L, 41L, 
        42L, 43L, 44L, 45L, 46L, 47L, 48L, 49L, 50L, 51L, 52L, 
        53L, 54L, 55L, 56L, 57L, 58L, 59L, 60L, 61L, 62L, 63L, 
        64L, 65L, 66L, 67L, 68L, 69L, 70L, 71L, 72L, 73L, 74L, 
        75L, 76L, 77L, 78L, 79L, 80L, 81L, 82L, 83L, 84L, 85L, 
        86L, 87L, 88L, 89L, 90L, 91L, 92L, 93L, 94L, 95L, 96L, 
        97L, 98L, 99L, 100L, 101L, 102L, 103L, 104L, 105L, 106L, 
        107L, 108L, 109L, 110L, 111L, 112L, 113L, 114L, 115L, 
        116L, 117L, 118L, 119L, 120L, 121L, 122L, 123L, 124L, 
        125L, 126L, 127L, 128L, 129L, 130L, 131L, 132L, 133L, 
        134L, 135L, 136L, 137L, 138L, 139L, 140L, 141L, 142L, 
        143L, 144L, 145L, 146L, 147L, 148L, 149L, 150L, 151L, 
        152L, 153L, 154L, 155L, 156L, 157L, 158L, 159L, 160L, 
        161L, 162L, 163L, 164L, 165L, 166L, 167L, 168L, 169L, 
        170L, 171L, 172L, 173L, 174L, 175L, 176L, 177L, 178L, 
        179L, 180L, 181L, 182L, 183L, 184L, 185L, 186L, 187L, 
        188L, 189L, 190L, 191L, 192L, 193L, 194L, 195L, 196L, 
        197L, 198L, 199L, 200L, 201L, 202L, 203L, 204L, 205L, 
        206L, 207L, 208L, 209L, 210L, 211L, 212L, 213L, 214L, 
        215L, 216L, 217L, 218L, 219L, 220L, 221L, 222L, 223L, 
        224L, 225L, 226L, 227L, 228L, 229L, 230L, 231L, 232L, 
        233L, 234L, 235L, 236L, 237L, 238L, 239L, 240L, 241L, 
        242L, 243L, 244L, 245L, 246L, 247L, 248L, 249L, 250L, 
        251L, 252L, 253L, 254L, 255L, 256L, 257L, 258L, 259L, 
        260L, 261L, 262L, 263L, 264L, 265L, 266L, 267L, 268L, 
        269L, 270L, 271L, 272L, 273L, 274L, 275L, 276L, 277L, 
        278L, 279L, 280L, 281L, 282L, 283L, 284L, 285L, 286L, 
        287L, 288L, 289L, 290L, 291L, 292L, 293L, 294L, 295L, 
        296L, 297L, 298L, 299L, 300L, 301L, 302L, 303L, 304L, 
        305L, 306L, 307L, 308L, 309L, 310L, 311L, 312L, 313L, 
        314L, 315L, 316L, 317L, 318L, 319L, 320L, 321L, 322L, 
        323L, 324L, 325L, 326L, 327L, 328L, 329L, 330L, 331L, 
        332L, 333L, 334L, 335L, 336L, 337L, 338L, 339L, 340L, 
        341L, 342L, 343L, 344L, 345L, 346L, 347L, 348L, 349L, 
        350L, 351L, 352L, 353L, 354L, 355L, 356L, 357L, 358L, 
        359L, 360L, 361L, 362L, 363L, 364L, 365L, 366L, 367L, 
        368L, 369L, 370L, 371L, 372L, 373L, 374L, 375L, 376L, 
        377L, 378L, 379L, 380L, 381L, 382L, 383L, 384L, 385L, 
        386L, 387L, 388L, 389L, 390L, 391L, 392L, 393L, 394L, 
        395L, 396L, 397L, 398L, 399L, 400L, 401L, 402L, 403L, 
        404L, 405L, 406L, 407L, 408L, 409L, 410L, 411L, 412L, 
        413L, 414L, 415L, 416L, 417L, 418L, 419L, 420L, 421L, 
        422L, 423L, 424L, 425L, 426L, 427L, 428L, 429L, 430L, 
        431L, 432L, 433L, 434L, 435L, 436L, 437L, 438L, 439L, 
        440L, 441L, 442L, 443L, 444L, 445L, 446L, 447L, 448L, 
        449L, 450L, 451L, 452L, 453L, 454L, 455L, 456L, 457L, 
        458L, 459L, 460L, 461L, 462L, 463L, 464L, 465L, 466L, 
        467L, 468L, 469L, 470L, 471L, 472L, 473L, 474L, 475L, 
        476L, 477L, 478L, 479L, 480L, 481L, 482L, 483L, 484L, 
        485L, 486L, 487L, 488L, 489L, 490L, 491L, 492L, 493L, 
        494L, 495L, 496L, 497L, 498L, 499L, 500L, 501L, 502L, 
        503L, 504L, 505L, 506L, 507L, 508L, 509L, 510L, 511L, 
        512L, 513L, 514L, 515L, 516L, 517L, 518L, 519L, 520L, 
        521L, 522L, 523L, 524L, 525L, 526L, 527L, 528L, 529L, 
        530L, 531L, 532L, 533L, 534L, 535L, 536L, 537L, 538L, 
        539L, 540L, 541L, 542L, 543L, 544L, 545L, 546L, 547L, 
        548L, 549L, 550L, 551L, 552L, 553L, 554L, 555L, 556L, 
        557L, 558L, 559L, 560L, 561L, 562L, 563L, 564L, 565L, 
        566L, 567L, 568L, 569L, 570L, 571L, 572L, 573L, 574L, 
        575L, 576L, 577L, 578L, 579L, 580L, 581L, 582L, 583L, 
        584L, 585L, 586L, 587L, 588L, 589L, 590L, 591L, 592L, 
        593L, 594L, 595L, 596L, 597L, 598L, 599L, 600L, 601L, 
        602L, 603L, 604L, 605L, 606L, 607L, 608L, 609L, 610L, 
        611L, 612L, 613L, 614L, 615L, 616L, 617L, 618L, 619L, 
        620L, 621L, 622L, 623L, 624L, 625L, 626L, 627L, 628L, 
        629L, 630L, 631L, 632L, 633L, 634L, 635L, 636L, 637L, 
        638L, 639L, 640L, 641L, 642L, 643L, 644L, 645L, 646L, 
        647L, 648L, 649L, 650L, 651L, 652L, 653L, 654L, 655L, 
        656L, 657L, 658L, 659L, 660L, 661L, 662L, 663L, 664L, 
        665L, 666L, 667L, 668L, 669L, 670L, 671L, 672L, 673L, 
        674L, 675L, 676L, 677L, 678L, 679L, 680L, 681L, 682L, 
        683L, 684L, 685L, 686L, 687L, 688L, 689L, 690L, 691L, 
        692L, 693L, 694L, 695L, 696L, 697L, 698L, 699L, 700L, 
        701L, 702L, 703L, 704L, 705L, 706L, 707L, 708L, 709L, 
        710L, 711L, 712L, 713L, 714L, 715L, 716L, 717L, 718L, 
        719L, 720L, 721L, 722L, 723L, 724L, 725L, 726L, 727L, 
        728L, 729L, 730L, 731L, 732L, 733L, 734L, 735L, 736L, 
        737L, 738L, 739L, 740L, 741L, 742L, 743L, 744L, 745L, 
        746L, 747L, 748L, 749L, 750L, 751L, 752L, 753L, 754L, 
        755L, 756L, 757L, 758L, 759L, 760L, 761L, 762L, 763L, 
        764L, 765L, 766L, 767L, 768L, 769L, 770L, 771L, 772L, 
        773L, 774L, 775L, 776L, 777L, 778L, 779L, 780L, 781L, 
        782L, 783L, 784L, 785L, 786L, 787L, 788L, 789L, 790L, 
        791L, 792L, 793L, 794L, 795L, 796L, 797L, 798L, 799L, 
        800L, 801L, 802L, 803L, 804L, 805L, 806L, 807L, 808L, 
        809L, 810L, 811L, 812L, 813L, 814L, 815L, 816L, 817L, 
        818L, 819L, 820L, 821L, 822L, 823L, 824L, 825L, 826L, 
        827L, 828L, 829L, 830L, 831L, 832L, 833L, 834L, 835L, 
        836L, 837L, 838L, 839L, 840L, 841L, 842L, 843L, 844L, 
        845L, 846L, 847L, 848L, 849L, 850L, 851L, 852L, 853L, 
        854L, 855L, 856L, 857L, 858L, 859L, 860L, 861L, 862L, 
        863L, 864L, 865L, 866L, 867L, 868L, 869L, 870L, 871L, 
        872L, 873L, 874L, 875L, 876L, 877L, 878L, 879L, 880L, 
        881L, 882L, 883L, 884L, 885L, 886L, 887L, 888L, 889L, 
        890L, 891L, 892L, 893L, 894L, 895L, 896L, 897L, 898L, 
        899L, 900L, 901L, 902L, 903L, 904L, 905L, 906L, 907L, 
        908L, 909L, 910L, 911L, 912L, 913L, 914L, 915L, 916L, 
        917L, 918L, 919L, 920L, 921L, 922L, 923L, 924L, 925L, 
        926L, 927L, 928L, 929L, 930L, 931L, 932L, 933L, 934L, 
        935L, 936L, 937L, 938L, 939L, 940L, 941L, 942L, 943L, 
        944L, 945L, 946L, 947L, 948L, 949L, 950L, 951L, 952L, 
        953L, 954L, 955L, 956L, 957L, 958L, 959L, 960L, 961L, 
        962L, 963L, 964L, 965L, 966L, 967L, 968L, 969L, 970L, 
        971L, 972L, 973L, 974L, 975L, 976L, 977L, 978L, 979L, 
        980L, 981L, 982L, 983L, 984L, 985L, 986L, 987L, 988L, 
        989L, 990L, 991L, 992L, 993L, 994L, 995L, 996L, 997L, 
        998L, 999L, 1000L, 1001L, 1002L, 1003L, 1004L, 1005L, 
        1006L, 1007L, 1008L, 1009L, 1010L, 1011L, 1012L, 1013L, 
        1014L, 1015L, 1016L, 1017L, 1018L, 1019L, 1020L, 1021L, 
        1022L, 1023L, 1024L, 1025L, 1026L, 1027L, 1028L, 1029L, 
        1030L, 1031L, 1032L, 1033L, 1034L, 1035L, 1036L, 1037L, 
        1038L, 1039L, 1040L, 1041L, 1042L, 1043L, 1044L, 1045L, 
        1046L, 1047L, 1048L, 1049L, 1050L, 1051L, 1052L, 1053L, 
        1054L, 1055L, 1056L, 1057L, 1058L, 1059L, 1060L, 1061L, 
        1062L, 1063L, 1064L, 1065L, 1066L, 1067L, 1068L, 1069L, 
        1070L, 1071L, 1072L, 1073L, 1074L, 1075L, 1076L, 1077L, 
        1078L, 1079L, 1080L, 1081L, 1082L, 1083L, 1084L, 1085L, 
        1086L, 1087L, 1088L, 1089L, 1090L, 1091L, 1092L, 1093L, 
        1094L, 1095L, 1096L, 1097L, 1098L, 1099L, 1100L, 1101L, 
        1102L, 1103L, 1104L, 1105L, 1106L, 1107L, 1108L, 1109L, 
        1110L, 1111L, 1112L, 1113L, 1114L, 1115L, 1116L, 1117L, 
        1118L, 1119L, 1120L, 1121L, 1122L, 1123L, 1124L, 1125L, 
        1126L, 1127L, 1128L, 1129L, 1130L, 1131L, 1132L, 1133L, 
        1134L, 1135L, 1136L, 1137L, 1138L, 1139L, 1140L, 1141L, 
        1142L, 1143L, 1144L, 1145L, 1146L, 1147L, 1148L, 1149L, 
        1150L, 1151L, 1152L, 1153L, 1154L, 1155L, 1156L, 1157L, 
        1158L, 1159L, 1160L, 1161L, 1162L, 1163L, 1164L, 1165L, 
        1166L, 1167L, 1168L, 1169L, 1170L, 1171L, 1172L, 1173L, 
        1174L, 1175L, 1176L, 1177L, 1178L, 1179L, 1180L, 1181L, 
        1182L, 1183L, 1184L, 1185L, 1186L, 1187L, 1188L, 1189L, 
        1190L, 1191L, 1192L, 1193L, 1194L, 1195L, 1196L, 1197L, 
        1198L, 1199L, 1200L, 1201L, 1202L, 1203L, 1204L, 1205L, 
        1206L, 1207L, 1208L, 1209L, 1210L, 1211L, 1212L, 1213L, 
        1214L, 1215L, 1216L, 1217L, 1218L, 1219L, 1220L, 1221L, 
        1222L, 1223L, 1224L, 1225L, 1226L, 1227L, 1228L, 1229L, 
        1230L, 1231L, 1232L, 1233L, 1234L, 1235L, 1236L, 1237L, 
        1238L, 1239L, 1240L, 1241L, 1242L, 1243L, 1244L, 1245L, 
        1246L, 1247L, 1248L, 1249L, 1250L, 1251L, 1252L, 1253L, 
        1254L, 1255L, 1256L, 1257L, 1258L, 1259L, 1260L, 1261L, 
        1262L, 1263L, 1264L, 1265L, 1266L, 1267L, 1268L, 1269L, 
        1270L, 1271L, 1272L, 1273L, 1274L, 1275L, 1276L, 1277L, 
        1278L, 1279L, 1280L, 1281L, 1282L, 1283L, 1284L, 1285L, 
        1286L, 1287L, 1288L, 1289L, 1290L, 1291L, 1292L, 1293L, 
        1294L, 1295L, 1296L, 1297L, 1298L, 1299L, 1300L, 1301L, 
        1302L, 1303L, 1304L, 1305L, 1306L, 1307L, 1308L, 1309L, 
        1310L, 1311L, 1312L, 1313L, 1314L, 1315L, 1316L, 1317L, 
        1318L, 1319L, 1320L, 1321L, 1322L, 1323L, 1324L, 1325L, 
        1326L, 1327L, 1328L, 1329L, 1330L, 1331L, 1332L, 1333L, 
        1334L, 1335L, 1336L, 1337L, 1338L, 1339L, 1340L, 1341L, 
        1342L, 1343L, 1344L, 1345L, 1346L, 1347L, 1348L, 1349L, 
        1350L, 1351L, 1352L, 1353L, 1354L, 1355L, 1356L, 1357L, 
        1358L, 1359L, 1360L, 1361L, 1362L, 1363L, 1364L, 1365L, 
        1366L, 1367L, 1368L, 1369L, 1370L, 1371L, 1372L, 1373L, 
        1374L, 1375L, 1376L, 1377L, 1378L, 1379L, 1380L, 1381L, 
        1382L, 1383L, 1384L, 1385L, 1386L, 1387L, 1388L, 1389L, 
        1390L, 1391L, 1392L, 1393L, 1394L, 1395L, 1396L, 1397L, 
        1398L, 1399L, 1400L, 1401L, 1402L, 1403L, 1404L, 1405L, 
        1406L, 1407L, 1408L, 1409L, 1410L, 1411L, 1412L, 1413L, 
        1414L, 1415L, 1416L, 1417L, 1418L, 1419L, 1420L, 1421L, 
        1422L, 1423L, 1424L, 1425L, 1426L, 1427L, 1428L, 1429L, 
        1430L, 1431L, 1432L, 1433L, 1434L, 1435L, 1436L, 1437L, 
        1438L, 1439L, 1440L, 1441L, 1442L, 1443L, 1444L, 1445L, 
        1446L, 1447L, 1448L, 1449L, 1450L, 1451L, 1452L, 1453L, 
        1454L, 1455L, 1456L, 1457L, 1458L, 1459L, 1460L, 1461L, 
        1462L, 1463L, 1464L, 1465L, 1466L, 1467L, 1468L, 1469L, 
        1470L, 1471L, 1472L, 1473L, 1474L, 1475L, 1476L, 1477L, 
        1478L, 1479L, 1480L, 1481L, 1482L, 1483L, 1484L, 1485L, 
        1486L, 1487L, 1488L, 1489L, 1490L, 1491L, 1492L, 1493L, 
        1494L, 1495L, 1496L, 1497L, 1498L, 1499L, 1500L, 1501L, 
        1502L, 1503L, 1504L, 1505L, 1506L, 1507L, 1508L, 1509L, 
        1510L, 1511L, 1512L, 1513L, 1514L, 1515L, 1516L, 1517L, 
        1518L, 1519L, 1520L, 1521L, 1522L, 1523L, 1524L, 1525L, 
        1526L, 1527L, 1528L, 1529L, 1530L, 1531L, 1532L, 1533L, 
        1534L, 1535L, 1536L, 1537L, 1538L, 1539L, 1540L, 1541L, 
        1542L, 1543L, 1544L, 1545L, 1546L, 1547L, 1548L, 1549L, 
        1550L, 1551L, 1552L, 1553L, 1554L, 1555L, 1556L, 1557L, 
        1558L, 1559L, 1560L, 1561L, 1562L, 1563L, 1564L, 1565L, 
        1566L, 1567L, 1568L, 1569L, 1570L, 1571L, 1572L, 1573L, 
        1574L, 1575L, 1576L, 1577L, 1578L, 1579L, 1580L, 1581L, 
        1582L, 1583L, 1584L, 1585L, 1586L, 1587L, 1588L, 1589L, 
        1590L, 1591L, 1592L, 1593L, 1594L, 1595L, 1596L, 1597L, 
        1598L, 1599L, 1600L, 1601L, 1602L, 1603L, 1604L, 1605L, 
        1606L, 1607L, 1608L, 1609L, 1610L, 1611L, 1612L, 1613L, 
        1614L, 1615L, 1616L, 1617L, 1618L, 1619L, 1620L, 1621L, 
        1622L, 1623L, 1624L, 1625L, 1626L, 1627L, 1628L, 1629L, 
        1630L, 1631L, 1632L, 1633L, 1634L, 1635L, 1636L, 1637L, 
        1638L, 1639L, 1640L, 1641L, 1642L, 1643L, 1644L, 1645L, 
        1646L, 1647L, 1648L, 1649L, 1650L, 1651L, 1652L, 1653L, 
        1654L, 1655L, 1656L, 1657L, 1658L, 1659L, 1660L, 1661L, 
        1662L, 1663L, 1664L, 1665L, 1666L, 1667L, 1668L, 1669L, 
        1670L, 1671L, 1672L, 1673L, 1674L, 1675L, 1676L, 1677L, 
        1678L, 1679L, 1680L, 1681L, 1682L, 1683L, 1684L, 1685L, 
        1686L, 1687L, 1688L, 1689L, 1690L, 1691L, 1692L, 1693L, 
        1694L, 1695L, 1696L, 1697L, 1698L, 1699L, 1700L, 1701L, 
        1702L, 1703L, 1704L, 1705L, 1706L, 1707L, 1708L, 1709L, 
        1710L, 1711L, 1712L, 1713L, 1714L, 1715L, 1716L, 1717L, 
        1718L, 1719L, 1720L, 1721L, 1722L, 1723L, 1724L, 1725L, 
        1726L, 1727L, 1728L, 1729L, 1730L, 1731L, 1732L, 1733L, 
        1734L, 1735L, 1736L, 1737L, 1738L, 1739L, 1740L, 1741L, 
        1742L, 1743L, 1744L, 1745L, 1746L, 1747L, 1748L, 1749L, 
        1750L, 1751L, 1752L, 1753L, 1754L, 1755L, 1756L, 1757L, 
        1758L, 1759L, 1760L, 1761L, 1762L, 1763L, 1764L, 1765L, 
        1766L, 1767L, 1768L, 1769L, 1770L, 1771L, 1772L, 1773L, 
        1774L, 1775L, 1776L, 1777L, 1778L, 1779L, 1780L, 1781L, 
        1782L, 1783L, 1784L, 1785L, 1786L, 1787L, 1788L, 1789L, 
        1790L, 1791L, 1792L, 1793L, 1794L, 1795L, 1796L, 1797L, 
        1798L, 1799L, 1800L, 1801L, 1802L, 1803L, 1804L, 1805L, 
        1806L, 1807L, 1808L, 1809L, 1810L, 1811L, 1812L, 1813L, 
        1814L, 1815L, 1816L, 1817L, 1818L, 1819L, 1820L, 1821L, 
        1822L, 1823L, 1824L, 1825L, 1826L, 1827L, 1828L, 1829L, 
        1830L, 1831L, 1832L, 1833L, 1834L, 1835L, 1836L, 1837L, 
        1838L, 1839L, 1840L, 1841L, 1842L, 1843L, 1844L, 1845L, 
        1846L, 1847L, 1848L, 1849L, 1850L, 1851L, 1852L, 1853L, 
        1854L, 1855L, 1856L, 1857L, 1858L, 1859L, 1860L, 1861L, 
        1862L, 1863L, 1864L, 1865L, 1866L, 1867L, 1868L, 1869L, 
        1870L, 1871L, 1872L, 1873L, 1874L, 1875L, 1876L, 1877L, 
        1878L, 1879L, 1880L, 1881L, 1882L, 1883L, 1884L, 1885L, 
        1886L, 1887L, 1888L, 1889L, 1890L, 1891L, 1892L, 1893L, 
        1894L, 1895L, 1896L, 1897L, 1898L, 1899L, 1900L, 1901L, 
        1902L, 1903L, 1904L, 1905L, 1906L, 1907L, 1908L, 1909L, 
        1910L, 1911L, 1912L, 1913L, 1914L, 1915L, 1916L, 1917L, 
        1918L, 1919L, 1920L, 1921L, 1922L, 1923L, 1924L, 1925L, 
        1926L, 1927L, 1928L, 1929L, 1930L, 1931L, 1932L, 1933L, 
        1934L, 1935L, 1936L, 1937L, 1938L, 1939L, 1940L, 1941L, 
        1942L, 1943L, 1944L, 1945L, 1946L, 1947L, 1948L, 1949L, 
        1950L, 1951L, 1952L, 1953L, 1954L, 1955L, 1956L, 1957L, 
        1958L, 1959L, 1960L, 1961L, 1962L, 1963L, 1964L, 1965L, 
        1966L, 1967L, 1968L, 1969L, 1970L, 1971L, 1972L, 1973L, 
        1974L, 1975L, 1976L, 1977L, 1978L, 1979L, 1980L, 1981L, 
        1982L, 1983L, 1984L, 1985L, 1986L, 1987L, 1988L, 1989L, 
        1990L, 1991L, 1992L, 1993L, 1994L, 1995L, 1996L, 1997L, 
        1998L, 1999L, 2000L, 2001L, 2002L, 2003L, 2004L, 2005L, 
        2006L, 2007L, 2008L, 2009L, 2010L, 2011L, 2012L, 2013L, 
        2014L, 2015L, 2016L, 2017L, 2018L, 2019L, 2020L, 2021L, 
        2022L, 2023L, 2024L, 2025L, 2026L, 2027L, 2028L, 2029L, 
        2030L, 2031L, 2032L, 2033L, 2034L, 2035L, 2036L, 2037L, 
        2038L, 2039L, 2040L, 2041L, 2042L, 2043L, 2044L, 2045L, 
        2046L, 2047L, 2048L, 2049L, 2050L, 2051L, 2052L, 2053L, 
        2054L, 2055L, 2056L, 2057L, 2058L, 2059L, 2060L, 2061L, 
        2062L, 2063L, 2064L, 2065L, 2066L, 2067L, 2068L, 2069L, 
        2070L, 2071L, 2072L, 2073L, 2074L, 2075L, 2076L, 2077L, 
        2078L, 2079L, 2080L, 2081L, 2082L, 2083L, 2084L, 2085L, 
        2086L, 2087L, 2088L, 2089L, 2090L, 2091L, 2092L, 2093L, 
        2094L, 2095L, 2096L, 2097L, 2098L, 2099L, 2100L, 2101L, 
        2102L, 2103L, 2104L, 2105L, 2106L, 2107L, 2108L, 2109L, 
        2110L, 2111L, 2112L, 2113L, 2114L, 2115L, 2116L, 2117L, 
        2118L, 2119L, 2120L, 2121L, 2122L, 2123L, 2124L, 2125L, 
        2126L, 2127L, 2128L, 2129L, 2130L, 2131L, 2132L, 2133L, 
        2134L, 2135L, 2136L, 2137L, 2138L, 2139L, 2140L, 2141L, 
        2142L, 2143L, 2144L, 2145L, 2146L, 2147L, 2148L, 2149L, 
        2150L, 2151L, 2152L, 2153L, 2154L, 2155L, 2156L, 2157L, 
        2158L, 2159L, 2160L, 2161L, 2162L, 2163L, 2164L, 2165L, 
        2166L, 2167L, 2168L, 2169L, 2170L, 2171L, 2172L, 2173L, 
        2174L, 2175L, 2176L, 2177L, 2178L, 2179L, 2180L, 2181L, 
        2182L, 2183L, 2184L, 2185L, 2186L, 2187L, 2188L, 2189L, 
        2190L, 2191L, 2192L, 2193L, 2194L, 2195L, 2196L, 2197L, 
        2198L, 2199L, 2200L, 2201L, 2202L, 2203L, 2204L, 2205L, 
        2206L, 2207L, 2208L, 2209L, 2210L, 2211L, 2212L, 2213L, 
        2214L, 2215L, 2216L, 2217L, 2218L, 2219L, 2220L, 2221L, 
        2222L, 2223L, 2224L, 2225L, 2226L, 2227L, 2228L, 2229L, 
        2230L, 2231L, 2232L, 2233L, 2234L, 2235L, 2236L, 2237L, 
        2238L, 2239L, 2240L, 2241L, 2242L, 2243L, 2244L, 2245L, 
        2246L, 2247L, 2248L, 2249L, 2250L, 2251L, 2252L, 2253L, 
        2254L, 2255L, 2256L, 2257L, 2258L, 2259L, 2260L, 2261L, 
        2262L, 2263L, 2264L, 2265L, 2266L, 2267L, 2268L, 2269L, 
        2270L, 2271L, 2272L, 2273L, 2274L, 2275L, 2276L, 2277L, 
        2278L, 2279L, 2280L, 2281L, 2282L, 2283L, 2284L, 2285L, 
        2286L, 2287L, 2288L, 2289L, 2290L, 2291L, 2292L, 2293L, 
        2294L, 2295L, 2296L, 2297L, 2298L, 2299L, 2300L, 2301L, 
        2302L, 2303L, 2304L, 2305L, 2306L, 2307L, 2308L, 2309L, 
        2310L, 2311L, 2312L, 2313L, 2314L, 2315L, 2316L, 2317L, 
        2318L, 2319L, 2320L, 2321L, 2322L, 2323L, 2324L, 2325L, 
        2326L, 2327L, 2328L, 2329L, 2330L, 2331L, 2332L, 2333L, 
        2334L, 2335L, 2336L, 2337L, 2338L, 2339L, 2340L, 2341L, 
        2342L, 2343L, 2344L, 2345L, 2346L, 2347L, 2348L, 2349L, 
        2350L, 2351L, 2352L, 2353L, 2354L, 2355L, 2356L, 2357L, 
        2358L, 2359L, 2360L, 2361L, 2362L, 2363L, 2364L, 2365L, 
        2366L, 2367L, 2368L, 2369L, 2370L, 2371L, 2372L, 2373L, 
        2374L, 2375L, 2376L, 2377L, 2378L, 2379L, 2380L, 2381L, 
        2382L, 2383L, 2384L, 2385L, 2386L, 2387L, 2388L, 2389L, 
        2390L, 2391L, 2392L, 2393L, 2394L, 2395L, 2396L, 2397L, 
        2398L, 2399L, 2400L, 7L, 8L, 9L, 10L, 11L, 12L, 13L, 
        14L, 15L, 16L, 17L, 18L, 19L, 20L, 21L, 22L, 23L, 24L, 
        25L, 26L, 27L, 28L, 29L, 30L, 31L, 32L, 33L, 34L, 35L, 
        36L, 37L, 38L, 39L, 40L, 41L, 42L, 43L, 44L, 45L, 46L, 
        47L, 48L, 49L, 50L, 51L, 52L, 53L, 54L, 55L, 56L, 57L, 
        58L, 59L, 60L, 61L, 62L, 63L, 64L, 65L, 66L, 67L, 68L, 
        69L, 70L, 71L, 72L, 73L, 74L, 75L, 76L, 77L, 78L, 79L, 
        80L, 81L, 82L, 83L, 84L, 85L, 86L, 87L, 88L, 89L, 90L, 
        91L, 92L, 93L, 94L, 95L, 96L, 97L, 98L, 99L, 100L, 101L, 
        102L, 103L, 104L, 105L, 106L, 107L, 108L, 109L, 110L, 
        111L, 112L, 113L, 114L, 115L, 116L, 117L, 118L, 119L, 
        120L, 121L, 122L, 123L, 124L, 125L, 126L, 127L, 128L, 
        129L, 130L, 131L, 132L, 133L, 134L, 135L, 136L, 137L, 
        138L, 139L, 140L, 141L, 142L, 143L, 144L, 145L, 146L, 
        147L, 148L, 149L, 150L, 151L, 152L, 153L, 154L, 155L, 
        156L, 157L, 158L, 159L, 160L, 161L, 162L, 163L, 164L, 
        165L, 166L, 167L, 168L, 169L, 170L, 171L, 172L, 173L, 
        174L, 175L, 176L, 177L, 178L, 179L, 180L, 181L, 182L, 
        183L, 184L, 185L, 186L, 187L, 188L, 189L, 190L, 191L, 
        192L, 193L, 194L, 195L, 196L, 197L, 198L, 199L, 200L, 
        201L, 202L, 203L, 204L, 205L, 206L, 207L, 208L, 209L, 
        210L, 211L, 212L, 213L, 214L, 215L, 216L, 217L, 218L, 
        219L, 220L, 221L, 222L, 223L, 224L, 225L, 226L, 227L, 
        228L, 229L, 230L, 231L, 232L, 233L, 234L, 235L, 236L, 
        237L, 238L, 239L, 240L, 241L, 242L, 243L, 244L, 245L, 
        246L, 247L, 248L, 249L, 250L, 251L, 252L, 253L, 254L, 
        255L, 256L, 257L, 258L, 259L, 260L, 261L, 262L, 263L, 
        264L, 265L, 266L, 267L, 268L, 269L, 270L, 271L, 272L, 
        273L, 274L, 275L, 276L, 277L, 278L, 279L, 280L, 281L, 
        282L, 283L, 284L, 285L, 286L, 287L, 288L, 289L, 290L, 
        291L, 292L, 293L, 294L, 295L, 296L, 297L, 298L, 299L, 
        300L, 301L, 302L, 303L, 304L, 305L, 306L, 307L, 308L, 
        309L, 310L, 311L, 312L, 313L, 314L, 315L, 316L, 317L, 
        318L, 319L, 320L, 321L, 322L, 323L, 324L, 325L, 326L, 
        327L, 328L, 329L, 330L, 331L, 332L, 333L, 334L, 335L, 
        336L, 337L, 338L, 339L, 340L, 341L, 342L, 343L, 344L, 
        345L, 346L, 347L, 348L, 349L, 350L, 351L, 352L, 353L, 
        354L, 355L, 356L, 357L, 358L, 359L, 360L, 361L, 362L, 
        363L, 364L, 365L, 366L, 367L, 368L, 369L, 370L, 371L, 
        372L, 373L, 374L, 375L, 376L, 377L, 378L, 379L, 380L, 
        381L, 382L, 383L, 384L, 385L, 386L, 387L, 388L, 389L, 
        390L, 391L, 392L, 393L, 394L, 395L, 396L, 397L, 398L, 
        399L, 400L, 401L, 402L, 403L, 404L, 405L, 406L, 407L, 
        408L, 409L, 410L, 411L, 412L, 413L, 414L, 415L, 416L, 
        417L, 418L, 419L, 420L, 421L, 422L, 423L, 424L, 425L, 
        426L, 427L, 428L, 429L, 430L, 431L, 432L, 433L, 434L, 
        435L, 436L, 437L, 438L, 439L, 440L, 441L, 442L, 443L, 
        444L, 445L, 446L, 447L, 448L, 449L, 450L, 451L, 452L, 
        453L, 454L, 455L, 456L, 457L, 458L, 459L, 460L, 461L, 
        462L, 463L, 464L, 465L, 466L, 467L, 468L, 469L, 470L, 
        471L, 472L, 473L, 474L, 475L, 476L, 477L, 478L, 479L, 
        480L, 481L, 482L, 483L, 484L, 485L, 486L, 487L, 488L, 
        489L, 490L, 491L, 492L, 493L, 494L, 495L, 496L, 497L, 
        498L, 499L, 500L, 501L, 502L, 503L, 504L, 505L, 506L, 
        507L, 508L, 509L, 510L, 511L, 512L, 513L, 514L, 515L, 
        516L, 517L, 518L, 519L, 520L, 521L, 522L, 523L, 524L, 
        525L, 526L, 527L, 528L, 529L, 530L, 531L, 532L, 533L, 
        534L, 535L, 536L, 537L, 538L, 539L, 540L, 541L, 542L, 
        543L, 544L, 545L, 546L, 547L, 548L, 549L, 550L, 551L, 
        552L, 553L, 554L, 555L, 556L, 557L, 558L, 559L, 560L, 
        561L, 562L, 563L, 564L, 565L, 566L, 567L, 568L, 569L, 
        570L, 571L, 572L, 573L, 574L, 575L, 576L, 577L, 578L, 
        579L, 580L, 581L, 582L, 583L, 584L, 585L, 586L, 587L, 
        588L, 589L, 590L, 591L, 592L, 593L, 594L, 595L, 596L, 
        597L, 598L, 599L, 600L, 601L, 602L, 603L, 604L, 605L, 
        606L, 607L, 608L, 609L, 610L, 611L, 612L, 613L, 614L, 
        615L, 616L, 617L, 618L, 619L, 620L, 621L, 622L, 623L, 
        624L, 625L, 626L, 627L, 628L, 629L, 630L, 631L, 632L, 
        633L, 634L, 635L, 636L, 637L, 638L, 639L, 640L, 641L, 
        642L, 643L, 644L, 645L, 646L, 647L, 648L, 649L, 650L, 
        651L, 652L, 653L, 654L, 655L, 656L, 657L, 658L, 659L, 
        660L, 661L, 662L, 663L, 664L, 665L, 666L, 667L, 668L, 
        669L, 670L, 671L, 672L, 673L, 674L, 675L, 676L, 677L, 
        678L, 679L, 680L, 681L, 682L, 683L, 684L, 685L, 686L, 
        687L, 688L, 689L, 690L, 691L, 692L, 693L, 694L, 695L, 
        696L, 697L, 698L, 699L, 700L, 701L, 702L, 703L, 704L, 
        705L, 706L, 707L, 708L, 709L, 710L, 711L, 712L, 713L, 
        714L, 715L, 716L, 717L, 718L, 719L, 720L, 721L, 722L, 
        723L, 724L, 725L, 726L, 727L, 728L, 729L, 730L, 731L, 
        732L, 733L, 734L, 735L, 736L, 737L, 738L, 739L, 740L, 
        741L, 742L, 743L, 744L, 745L, 746L, 747L, 748L, 749L, 
        750L, 751L, 752L, 753L, 754L, 755L, 756L, 757L, 758L, 
        759L, 760L, 761L, 762L, 763L, 764L, 765L, 766L, 767L, 
        768L, 769L, 770L, 771L, 772L, 773L, 774L, 775L, 776L, 
        777L, 778L, 779L, 780L, 781L, 782L, 783L, 784L, 785L, 
        786L, 787L, 788L, 789L, 790L, 791L, 792L, 793L, 794L, 
        795L, 796L, 797L, 798L, 799L, 800L, 801L, 802L, 803L, 
        804L, 805L, 806L, 807L, 808L, 809L, 810L, 811L, 812L, 
        813L, 814L, 815L, 816L, 817L, 818L, 819L, 820L, 821L, 
        822L, 823L, 824L, 825L, 826L, 827L, 828L, 829L, 830L, 
        831L, 832L, 833L, 834L, 835L, 836L, 837L, 838L, 839L, 
        840L, 841L, 842L, 843L, 844L, 845L, 846L, 847L, 848L, 
        849L, 850L, 851L, 852L, 853L, 854L, 855L, 856L, 857L, 
        858L, 859L, 860L, 861L, 862L, 863L, 864L, 865L, 866L, 
        867L, 868L, 869L, 870L, 871L, 872L, 873L, 874L, 875L, 
        876L, 877L, 878L, 879L, 880L, 881L, 882L, 883L, 884L, 
        885L, 886L, 887L, 888L, 889L, 890L, 891L, 892L, 893L, 
        894L, 895L, 896L, 897L, 898L, 899L, 900L, 901L, 902L, 
        903L, 904L, 905L, 906L, 907L, 908L, 909L, 910L, 911L, 
        912L, 913L, 914L, 915L, 916L, 917L, 918L, 919L, 920L, 
        921L, 922L, 923L, 924L, 925L, 926L, 927L, 928L, 929L, 
        930L, 931L, 932L, 933L, 934L, 935L, 936L, 937L, 938L, 
        939L, 940L, 941L, 942L, 943L, 944L, 945L, 946L, 947L, 
        948L, 949L, 950L, 951L, 952L, 953L, 954L, 955L, 956L, 
        957L, 958L, 959L, 960L, 961L, 962L, 963L, 964L, 965L, 
        966L, 967L, 968L, 969L, 970L, 971L, 972L, 973L, 974L, 
        975L, 976L, 977L, 978L, 979L, 980L, 981L, 982L, 983L, 
        984L, 985L, 986L, 987L, 988L, 989L, 990L, 991L, 992L, 
        993L, 994L, 995L, 996L, 997L, 998L, 999L, 1000L, 1001L, 
        1002L, 1003L, 1004L, 1005L, 1006L, 1007L, 1008L, 1009L, 
        1010L, 1011L, 1012L, 1013L, 1014L, 1015L, 1016L, 1017L, 
        1018L, 1019L, 1020L, 1021L, 1022L, 1023L, 1024L, 1025L, 
        1026L, 1027L, 1028L, 1029L, 1030L, 1031L, 1032L, 1033L, 
        1034L, 1035L, 1036L, 1037L, 1038L, 1039L, 1040L, 1041L, 
        1042L, 1043L, 1044L, 1045L, 1046L, 1047L, 1048L, 1049L, 
        1050L, 1051L, 1052L, 1053L, 1054L, 1055L, 1056L, 1057L, 
        1058L, 1059L, 1060L, 1061L, 1062L, 1063L, 1064L, 1065L, 
        1066L, 1067L, 1068L, 1069L, 1070L, 1071L, 1072L, 1073L, 
        1074L, 1075L, 1076L, 1077L, 1078L, 1079L, 1080L, 1081L, 
        1082L, 1083L, 1084L, 1085L, 1086L, 1087L, 1088L, 1089L, 
        1090L, 1091L, 1092L, 1093L, 1094L, 1095L, 1096L, 1097L, 
        1098L, 1099L, 1100L, 1101L, 1102L, 1103L, 1104L, 1105L, 
        1106L, 1107L, 1108L, 1109L, 1110L, 1111L, 1112L, 1113L, 
        1114L, 1115L, 1116L, 1117L, 1118L, 1119L, 1120L, 1121L, 
        1122L, 1123L, 1124L, 1125L, 1126L, 1127L, 1128L, 1129L, 
        1130L, 1131L, 1132L, 1133L, 1134L, 1135L, 1136L, 1137L, 
        1138L, 1139L, 1140L, 1141L, 1142L, 1143L, 1144L, 1145L, 
        1146L, 1147L, 1148L, 1149L, 1150L, 1151L, 1152L, 1153L, 
        1154L, 1155L, 1156L, 1157L, 1158L, 1159L, 1160L, 1161L, 
        1162L, 1163L, 1164L, 1165L, 1166L, 1167L, 1168L, 1169L, 
        1170L, 1171L, 1172L, 1173L, 1174L, 1175L, 1176L, 1177L, 
        1178L, 1179L, 1180L, 1181L, 1182L, 1183L, 1184L, 1185L, 
        1186L, 1187L, 1188L, 1189L, 1190L, 1191L, 1192L, 1193L, 
        1194L, 1195L, 1196L, 1197L, 1198L, 1199L, 1200L, 1201L, 
        1202L, 1203L, 1204L, 1205L, 1206L, 1207L, 1208L, 1209L, 
        1210L, 1211L, 1212L, 1213L, 1214L, 1215L, 1216L, 1217L, 
        1218L, 1219L, 1220L, 1221L, 1222L, 1223L, 1224L, 1225L, 
        1226L, 1227L, 1228L, 1229L, 1230L, 1231L, 1232L, 1233L, 
        1234L, 1235L, 1236L, 1237L, 1238L, 1239L, 1240L, 1241L, 
        1242L, 1243L, 1244L, 1245L, 1246L, 1247L, 1248L, 1249L, 
        1250L, 1251L, 1252L, 1253L, 1254L, 1255L, 1256L, 1257L, 
        1258L, 1259L, 1260L, 1261L, 1262L, 1263L, 1264L, 1265L, 
        1266L, 1267L, 1268L, 1269L, 1270L, 1271L, 1272L, 1273L, 
        1274L, 1275L, 1276L, 1277L, 1278L, 1279L, 1280L, 1281L, 
        1282L, 1283L, 1284L, 1285L, 1286L, 1287L, 1288L, 1289L, 
        1290L, 1291L, 1292L, 1293L, 1294L, 1295L, 1296L, 1297L, 
        1298L, 1299L, 1300L, 1301L, 1302L, 1303L, 1304L, 1305L, 
        1306L, 1307L, 1308L, 1309L, 1310L, 1311L, 1312L, 1313L, 
        1314L, 1315L, 1316L, 1317L, 1318L, 1319L, 1320L, 1321L, 
        1322L, 1323L, 1324L, 1325L, 1326L, 1327L, 1328L, 1329L, 
        1330L, 1331L, 1332L, 1333L, 1334L, 1335L, 1336L, 1337L, 
        1338L, 1339L, 1340L, 1341L, 1342L, 1343L, 1344L, 1345L, 
        1346L, 1347L, 1348L, 1349L, 1350L, 1351L, 1352L, 1353L, 
        1354L, 1355L, 1356L, 1357L, 1358L, 1359L, 1360L, 1361L, 
        1362L, 1363L, 1364L, 1365L, 1366L, 1367L, 1368L, 1369L, 
        1370L, 1371L, 1372L, 1373L, 1374L, 1375L, 1376L, 1377L, 
        1378L, 1379L, 1380L, 1381L, 1382L, 1383L, 1384L, 1385L, 
        1386L, 1387L, 1388L, 1389L, 1390L, 1391L, 1392L, 1393L, 
        1394L, 1395L, 1396L, 1397L, 1398L, 1399L, 1400L, 1401L, 
        1402L, 1403L, 1404L, 1405L, 1406L, 1407L, 1408L, 1409L, 
        1410L, 1411L, 1412L, 1413L, 1414L, 1415L, 1416L, 1417L, 
        1418L, 1419L, 1420L, 1421L, 1422L, 1423L, 1424L, 1425L, 
        1426L, 1427L, 1428L, 1429L, 1430L, 1431L, 1432L, 1433L, 
        1434L, 1435L, 1436L, 1437L, 1438L, 1439L, 1440L, 1441L, 
        1442L, 1443L, 1444L, 1445L, 1446L, 1447L, 1448L, 1449L, 
        1450L, 1451L, 1452L, 1453L, 1454L, 1455L, 1456L, 1457L, 
        1458L, 1459L, 1460L, 1461L, 1462L, 1463L, 1464L, 1465L, 
        1466L, 1467L, 1468L, 1469L, 1470L, 1471L, 1472L, 1473L, 
        1474L, 1475L, 1476L, 1477L, 1478L, 1479L, 1480L, 1481L, 
        1482L, 1483L, 1484L, 1485L, 1486L, 1487L, 1488L, 1489L, 
        1490L, 1491L, 1492L, 1493L, 1494L, 1495L, 1496L, 1497L, 
        1498L, 1499L, 1500L, 1501L, 1502L, 1503L, 1504L, 1505L, 
        1506L, 1507L, 1508L, 1509L, 1510L, 1511L, 1512L, 1513L, 
        1514L, 1515L, 1516L, 1517L, 1518L, 1519L, 1520L, 1521L, 
        1522L, 1523L, 1524L, 1525L, 1526L, 1527L, 1528L, 1529L, 
        1530L, 1531L, 1532L, 1533L, 1534L, 1535L, 1536L, 1537L, 
        1538L, 1539L, 1540L, 1541L, 1542L, 1543L, 1544L, 1545L, 
        1546L, 1547L, 1548L, 1549L, 1550L, 1551L, 1552L, 1553L, 
        1554L, 1555L, 1556L, 1557L, 1558L, 1559L, 1560L, 1561L, 
        1562L, 1563L, 1564L, 1565L, 1566L, 1567L, 1568L, 1569L, 
        1570L, 1571L, 1572L, 1573L, 1574L, 1575L, 1576L, 1577L, 
        1578L, 1579L, 1580L, 1581L, 1582L, 1583L, 1584L, 1585L, 
        1586L, 1587L, 1588L, 1589L, 1590L, 1591L, 1592L, 1593L, 
        1594L, 1595L, 1596L, 1597L, 1598L, 1599L, 1600L, 1601L, 
        1602L, 1603L, 1604L, 1605L, 1606L, 1607L, 1608L, 1609L, 
        1610L, 1611L, 1612L, 1613L, 1614L, 1615L, 1616L, 1617L, 
        1618L, 1619L, 1620L, 1621L, 1622L, 1623L, 1624L, 1625L, 
        1626L, 1627L, 1628L, 1629L, 1630L, 1631L, 1632L, 1633L, 
        1634L, 1635L, 1636L, 1637L, 1638L, 1639L, 1640L, 1641L, 
        1642L, 1643L, 1644L, 1645L, 1646L, 1647L, 1648L, 1649L, 
        1650L, 1651L, 1652L, 1653L, 1654L, 1655L, 1656L, 1657L, 
        1658L, 1659L, 1660L, 1661L, 1662L, 1663L, 1664L, 1665L, 
        1666L, 1667L, 1668L, 1669L, 1670L, 1671L, 1672L, 1673L, 
        1674L, 1675L, 1676L, 1677L, 1678L, 1679L, 1680L, 1681L, 
        1682L, 1683L, 1684L, 1685L, 1686L, 1687L, 1688L, 1689L, 
        1690L, 1691L, 1692L, 1693L, 1694L, 1695L, 1696L, 1697L, 
        1698L, 1699L, 1700L, 1701L, 1702L, 1703L, 1704L, 1705L, 
        1706L, 1707L, 1708L, 1709L, 1710L, 1711L, 1712L, 1713L, 
        1714L, 1715L, 1716L, 1717L, 1718L, 1719L, 1720L, 1721L, 
        1722L, 1723L, 1724L, 1725L, 1726L, 1727L, 1728L, 1729L, 
        1730L, 1731L, 1732L, 1733L, 1734L, 1735L, 1736L, 1737L, 
        1738L, 1739L, 1740L, 1741L, 1742L, 1743L, 1744L, 1745L, 
        1746L, 1747L, 1748L, 1749L, 1750L, 1751L, 1752L, 1753L, 
        1754L, 1755L, 1756L, 1757L, 1758L, 1759L, 1760L, 1761L, 
        1762L, 1763L, 1764L, 1765L, 1766L, 1767L, 1768L, 1769L, 
        1770L, 1771L, 1772L, 1773L, 1774L, 1775L, 1776L, 1777L, 
        1778L, 1779L, 1780L, 1781L, 1782L, 1783L, 1784L, 1785L, 
        1786L, 1787L, 1788L, 1789L, 1790L, 1791L, 1792L, 1793L, 
        1794L, 1795L, 1796L, 1797L, 1798L, 1799L, 1800L, 1801L, 
        1802L, 1803L, 1804L, 1805L, 1806L, 1807L, 1808L, 1809L, 
        1810L, 1811L, 1812L, 1813L, 1814L, 1815L, 1816L, 1817L, 
        1818L, 1819L, 1820L, 1821L, 1822L, 1823L, 1824L, 1825L, 
        1826L, 1827L, 1828L, 1829L, 1830L, 1831L, 1832L, 1833L, 
        1834L, 1835L, 1836L, 1837L, 1838L, 1839L, 1840L, 1841L, 
        1842L, 1843L, 1844L, 1845L, 1846L, 1847L, 1848L, 1849L, 
        1850L, 1851L, 1852L, 1853L, 1854L, 1855L, 1856L, 1857L, 
        1858L, 1859L, 1860L, 1861L, 1862L, 1863L, 1864L, 1865L, 
        1866L, 1867L, 1868L, 1869L, 1870L, 1871L, 1872L, 1873L, 
        1874L, 1875L, 1876L, 1877L, 1878L, 1879L, 1880L, 1881L, 
        1882L, 1883L, 1884L, 1885L, 1886L, 1887L, 1888L, 1889L, 
        1890L, 1891L, 1892L, 1893L, 1894L, 1895L, 1896L, 1897L, 
        1898L, 1899L, 1900L, 1901L, 1902L, 1903L, 1904L, 1905L, 
        1906L, 1907L, 1908L, 1909L, 1910L, 1911L, 1912L, 1913L, 
        1914L, 1915L, 1916L, 1917L, 1918L, 1919L, 1920L, 1921L, 
        1922L, 1923L, 1924L, 1925L, 1926L, 1927L, 1928L, 1929L, 
        1930L, 1931L, 1932L, 1933L, 1934L, 1935L, 1936L, 1937L, 
        1938L, 1939L, 1940L, 1941L, 1942L, 1943L, 1944L, 1945L, 
        1946L, 1947L, 1948L, 1949L, 1950L, 1951L, 1952L, 1953L, 
        1954L, 1955L, 1956L, 1957L, 1958L, 1959L, 1960L, 1961L, 
        1962L, 1963L, 1964L, 1965L, 1966L, 1967L, 1968L, 1969L, 
        1970L, 1971L, 1972L, 1973L, 1974L, 1975L, 1976L, 1977L, 
        1978L, 1979L, 1980L, 1981L, 1982L, 1983L, 1984L, 1985L, 
        1986L, 1987L, 1988L, 1989L, 1990L, 1991L, 1992L, 1993L, 
        1994L, 1995L, 1996L, 1997L, 1998L, 1999L, 2000L, 2001L, 
        2002L, 2003L, 2004L, 2005L, 2006L, 2007L, 2008L, 2009L, 
        2010L, 2011L, 2012L, 2013L, 2014L, 2015L, 2016L, 2017L, 
        2018L, 2019L, 2020L, 2021L, 2022L, 2023L, 2024L, 2025L, 
        2026L, 2027L, 2028L, 2029L, 2030L, 2031L, 2032L, 2033L, 
        2034L, 2035L, 2036L, 2037L, 2038L, 2039L, 2040L, 2041L, 
        2042L, 2043L, 2044L, 2045L, 2046L, 2047L, 2048L, 2049L, 
        2050L, 2051L, 2052L, 2053L, 2054L, 2055L, 2056L, 2057L, 
        2058L, 2059L, 2060L, 2061L, 2062L, 2063L, 2064L, 2065L, 
        2066L, 2067L, 2068L, 2069L, 2070L, 2071L, 2072L, 2073L, 
        2074L, 2075L, 2076L, 2077L, 2078L, 2079L, 2080L, 2081L, 
        2082L, 2083L, 2084L, 2085L, 2086L, 2087L, 2088L, 2089L, 
        2090L, 2091L, 2092L, 2093L, 2094L, 2095L, 2096L, 2097L, 
        2098L, 2099L, 2100L, 2101L, 2102L, 2103L, 2104L, 2105L, 
        2106L, 2107L, 2108L, 2109L, 2110L, 2111L, 2112L, 2113L, 
        2114L, 2115L, 2116L, 2117L, 2118L, 2119L, 2120L, 2121L, 
        2122L, 2123L, 2124L, 2125L, 2126L, 2127L, 2128L, 2129L, 
        2130L, 2131L, 2132L, 2133L, 2134L, 2135L, 2136L, 2137L, 
        2138L, 2139L, 2140L, 2141L, 2142L, 2143L, 2144L, 2145L, 
        2146L, 2147L, 2148L, 2149L, 2150L, 2151L, 2152L, 2153L, 
        2154L, 2155L, 2156L, 2157L, 2158L, 2159L, 2160L, 2161L, 
        2162L, 2163L, 2164L, 2165L, 2166L, 2167L, 2168L, 2169L, 
        2170L, 2171L, 2172L, 2173L, 2174L, 2175L, 2176L, 2177L, 
        2178L, 2179L, 2180L, 2181L, 2182L, 2183L, 2184L, 2185L, 
        2186L, 2187L, 2188L, 2189L, 2190L, 2191L, 2192L, 2193L, 
        2194L, 2195L, 2196L, 2197L, 2198L, 2199L, 2200L, 2201L, 
        2202L, 2203L, 2204L, 2205L, 2206L, 2207L, 2208L, 2209L, 
        2210L, 2211L, 2212L, 2213L, 2214L, 2215L, 2216L, 2217L, 
        2218L, 2219L, 2220L, 2221L, 2222L, 2223L, 2224L, 2225L, 
        2226L, 2227L, 2228L, 2229L, 2230L, 2231L, 2232L, 2233L, 
        2234L, 2235L, 2236L, 2237L, 2238L, 2239L, 2240L, 2241L, 
        2242L, 2243L, 2244L, 2245L, 2246L, 2247L, 2248L, 2249L, 
        2250L, 2251L, 2252L, 2253L, 2254L, 2255L, 2256L, 2257L, 
        2258L, 2259L, 2260L, 2261L, 2262L, 2263L, 2264L, 2265L, 
        2266L, 2267L, 2268L, 2269L, 2270L, 2271L, 2272L, 2273L, 
        2274L, 2275L, 2276L, 2277L, 2278L, 2279L, 2280L, 2281L, 
        2282L, 2283L, 2284L, 2285L, 2286L, 2287L, 2288L, 2289L, 
        2290L, 2291L, 2292L, 2293L, 2294L, 2295L, 2296L, 2297L, 
        2298L, 2299L, 2300L, 2301L, 2302L, 2303L, 2304L, 2305L, 
        2306L, 2307L, 2308L, 2309L, 2310L, 2311L, 2312L, 2313L, 
        2314L, 2315L, 2316L, 2317L, 2318L, 2319L, 2320L, 2321L, 
        2322L, 2323L, 2324L, 2325L, 2326L, 2327L, 2328L, 2329L, 
        2330L, 2331L, 2332L, 2333L, 2334L, 2335L, 2336L, 2337L, 
        2338L, 2339L, 2340L, 2341L, 2342L, 2343L, 2344L, 2345L, 
        2346L, 2347L, 2348L, 2349L, 2350L, 2351L, 2352L, 2353L, 
        2354L, 2355L, 2356L, 2357L, 2358L, 2359L, 2360L, 2361L, 
        2362L, 2363L, 2364L, 2365L, 2366L, 2367L, 2368L, 2369L, 
        2370L, 2371L, 2372L, 2373L, 2374L, 2375L, 2376L, 2377L, 
        2378L, 2379L, 2380L, 2381L, 2382L, 2383L, 2384L, 2385L, 
        2386L, 2387L, 2388L, 2389L, 2390L, 2391L, 2392L, 2393L, 
        2394L, 2395L, 2396L, 2397L, 2398L, 2399L, 2400L), u_mat_inds_all_y = c(1L, 
        2401L, 2407L, 2413L, 2419L, 2425L, 2431L, 2437L, 2443L, 
        2449L, 2455L, 2461L, 2467L, 2473L, 2479L, 2485L, 2491L, 
        2497L, 2503L, 2509L, 2515L, 2521L, 2527L, 2533L, 2539L, 
        2545L, 2551L, 2557L, 2563L, 2569L, 2575L, 2581L, 2587L, 
        2593L, 2599L, 2605L, 2611L, 2617L, 2623L, 2629L, 2635L, 
        2641L, 2647L, 2653L, 2659L, 2665L, 2671L, 2677L, 2683L, 
        2689L, 2695L, 2701L, 2707L, 2713L, 2719L, 2725L, 2731L, 
        2737L, 2743L, 2749L, 2755L, 2761L, 2767L, 2773L, 2779L, 
        2785L, 2791L, 2797L, 2803L, 2809L, 2815L, 2821L, 2827L, 
        2833L, 2839L, 2845L, 2851L, 2857L, 2863L, 2869L, 2875L, 
        2881L, 2887L, 2893L, 2899L, 2905L, 2911L, 2917L, 2923L, 
        2929L, 2935L, 2941L, 2947L, 2953L, 2959L, 2965L, 2971L, 
        2977L, 2983L, 2989L, 2995L, 3001L, 3007L, 3013L, 3019L, 
        3025L, 3031L, 3037L, 3043L, 3049L, 3055L, 3061L, 3067L, 
        3073L, 3079L, 3085L, 3091L, 3097L, 3103L, 3109L, 3115L, 
        3121L, 3127L, 3133L, 3139L, 3145L, 3151L, 3157L, 3163L, 
        3169L, 3175L, 3181L, 3187L, 3193L, 3199L, 3205L, 3211L, 
        3217L, 3223L, 3229L, 3235L, 3241L, 3247L, 3253L, 3259L, 
        3265L, 3271L, 3277L, 3283L, 3289L, 3295L, 3301L, 3307L, 
        3313L, 3319L, 3325L, 3331L, 3337L, 3343L, 3349L, 3355L, 
        3361L, 3367L, 3373L, 3379L, 3385L, 3391L, 3397L, 3403L, 
        3409L, 3415L, 3421L, 3427L, 3433L, 3439L, 3445L, 3451L, 
        3457L, 3463L, 3469L, 3475L, 3481L, 3487L, 3493L, 3499L, 
        3505L, 3511L, 3517L, 3523L, 3529L, 3535L, 3541L, 3547L, 
        3553L, 3559L, 3565L, 3571L, 3577L, 3583L, 3589L, 3595L, 
        3601L, 3607L, 3613L, 3619L, 3625L, 3631L, 3637L, 3643L, 
        3649L, 3655L, 3661L, 3667L, 3673L, 3679L, 3685L, 3691L, 
        3697L, 3703L, 3709L, 3715L, 3721L, 3727L, 3733L, 3739L, 
        3745L, 3751L, 3757L, 3763L, 3769L, 3775L, 3781L, 3787L, 
        3793L, 3799L, 3805L, 3811L, 3817L, 3823L, 3829L, 3835L, 
        3841L, 3847L, 3853L, 3859L, 3865L, 3871L, 3877L, 3883L, 
        3889L, 3895L, 3901L, 3907L, 3913L, 3919L, 3925L, 3931L, 
        3937L, 3943L, 3949L, 3955L, 3961L, 3967L, 3973L, 3979L, 
        3985L, 3991L, 3997L, 4003L, 4009L, 4015L, 4021L, 4027L, 
        4033L, 4039L, 4045L, 4051L, 4057L, 4063L, 4069L, 4075L, 
        4081L, 4087L, 4093L, 4099L, 4105L, 4111L, 4117L, 4123L, 
        4129L, 4135L, 4141L, 4147L, 4153L, 4159L, 4165L, 4171L, 
        4177L, 4183L, 4189L, 4195L, 4201L, 4207L, 4213L, 4219L, 
        4225L, 4231L, 4237L, 4243L, 4249L, 4255L, 4261L, 4267L, 
        4273L, 4279L, 4285L, 4291L, 4297L, 4303L, 4309L, 4315L, 
        4321L, 4327L, 4333L, 4339L, 4345L, 4351L, 4357L, 4363L, 
        4369L, 4375L, 4381L, 4387L, 4393L, 4399L, 4405L, 4411L, 
        4417L, 4423L, 4429L, 4435L, 4441L, 4447L, 4453L, 4459L, 
        4465L, 4471L, 4477L, 4483L, 4489L, 4495L, 4501L, 4507L, 
        4513L, 4519L, 4525L, 4531L, 4537L, 4543L, 4549L, 4555L, 
        4561L, 4567L, 4573L, 4579L, 4585L, 4591L, 4597L, 4603L, 
        4609L, 4615L, 4621L, 4627L, 4633L, 4639L, 4645L, 4651L, 
        4657L, 4663L, 4669L, 4675L, 4681L, 4687L, 4693L, 4699L, 
        4705L, 4711L, 4717L, 4723L, 4729L, 4735L, 4741L, 4747L, 
        4753L, 4759L, 4765L, 4771L, 4777L, 4783L, 4789L, 4795L
        ), lm_time_grid = 1, n_lm_time_grid = 1L), init = function () 
    values_initial_expanded)`: unused argument (exe_file = "/tmp/RtmpcfZE6k/misc_longitudinal_simulation_concordance")
Backtrace:
    x
 1. +-jmpost::sampleStanModel(...) at test-model_random_slope.R:56:4
 2. \-jmpost::sampleStanModel(...)
 3.   \-jmpost (local) .local(object, ..., exe_dir = exe_dir)
 4.     \-base::do.call(model$sample, args)</error>
    </testcase>
  </testsuite>
  <testsuite name="simulations" timestamp="2023-08-16T16:25:06Z" hostname="c7d822c65aee" tests="31" skipped="0" failures="0" errors="0" time="2.223">
    <testcase time="0.0689999999999884" classname="simulations" name="sim_lm_gsf_works_as_expected"/>
    <testcase time="0.0180000000000007" classname="simulations" name="sim_lm_gsf_works_as_expected"/>
    <testcase time="0.0349999999999966" classname="simulations" name="sim_lm_gsf_works_as_expected"/>
    <testcase time="0.00600000000000023" classname="simulations" name="sim_lm_gsf_works_as_expected"/>
    <testcase time="0.00500000000002387" classname="simulations" name="sim_lm_gsf_works_as_expected"/>
    <testcase time="0.00600000000000023" classname="simulations" name="sim_lm_gsf_works_as_expected"/>
    <testcase time="0.00499999999999545" classname="simulations" name="sim_lm_gsf_works_as_expected"/>
    <testcase time="0.00499999999999545" classname="simulations" name="sim_lm_gsf_works_as_expected"/>
    <testcase time="0.00800000000000978" classname="simulations" name="sim_lm_gsf_works_as_expected"/>
    <testcase time="0.0120000000000005" classname="simulations" name="sim_lm_random_slope_works_as_expected"/>
    <testcase time="0.00600000000000023" classname="simulations" name="sim_lm_random_slope_works_as_expected"/>
    <testcase time="0.0149999999999864" classname="simulations" name="sim_lm_random_slope_works_as_expected"/>
    <testcase time="0.00600000000000023" classname="simulations" name="sim_lm_random_slope_works_as_expected"/>
    <testcase time="0.00499999999999545" classname="simulations" name="sim_lm_random_slope_works_as_expected"/>
    <testcase time="0.00800000000000978" classname="simulations" name="sim_lm_random_slope_works_as_expected"/>
    <testcase time="0.00600000000000023" classname="simulations" name="sim_lm_random_slope_works_as_expected"/>
    <testcase time="0.00499999999999545" classname="simulations" name="sim_lm_random_slope_works_as_expected"/>
    <testcase time="0.00600000000000023" classname="simulations" name="sim_lm_random_slope_works_as_expected"/>
    <testcase time="0.489000000000004" classname="simulations" name="simulate_joint_data_works_as_expected"/>
    <testcase time="0.00200000000000955" classname="simulations" name="simulate_joint_data_works_as_expected"/>
    <testcase time="0.00199999999998113" classname="simulations" name="simulate_joint_data_works_as_expected"/>
    <testcase time="0.00499999999999545" classname="simulations" name="simulate_joint_data_works_as_expected"/>
    <testcase time="0.007000000000005" classname="simulations" name="simulate_joint_data_works_as_expected"/>
    <testcase time="0.00100000000000477" classname="simulations" name="simulate_joint_data_works_as_expected"/>
    <testcase time="0.00600000000000023" classname="simulations" name="simulate_joint_data_works_as_expected"/>
    <testcase time="0.01400000000001" classname="simulations" name="simulate_joint_data_works_as_expected"/>
    <testcase time="0.683999999999997" classname="simulations" name="simulate_joint_data_leads_to_valid_DataJoint_with_almost_only_default_arguments"/>
    <testcase time="0.378999999999991" classname="simulations" name="sim_os_exponential_creates_a_dataset_with_the_correct_parameter"/>
    <testcase time="0.397999999999996" classname="simulations" name="sim_os_weibull_creates_a_dataset_with_the_correct_parameter"/>
    <testcase time="0.00499999999999545" classname="simulations" name="sim_os_weibull_creates_a_dataset_with_the_correct_parameter"/>
    <testcase time="0.00499999999999545" classname="simulations" name="sim_os_weibull_creates_a_dataset_with_the_correct_parameter"/>
  </testsuite>
  <testsuite name="stan_functions" timestamp="2023-08-16T16:25:08Z" hostname="c7d822c65aee" tests="4" skipped="0" failures="0" errors="0" time="40.761">
    <testcase time="13.801" classname="stan_functions" name="GSF_SLD_function_works_as_expected"/>
    <testcase time="13.555" classname="stan_functions" name="Normal_Log_Density_functions_work_as_expected"/>
    <testcase time="0.0319999999999823" classname="stan_functions" name="Normal_Log_Density_functions_work_as_expected"/>
    <testcase time="13.373" classname="stan_functions" name="GSF_Identity_Link_Function_works_as_expected"/>
  </testsuite>
  <testsuite name="utilities" timestamp="2023-08-16T16:25:49Z" hostname="c7d822c65aee" tests="10" skipped="0" failures="0" errors="0" time="0.175">
    <testcase time="0.0249999999999773" classname="utilities" name="get_missing_rownumbers_works_as_expected"/>
    <testcase time="0.0170000000000243" classname="utilities" name="remove_missing_rows_works_as_expected"/>
    <testcase time="0.0180000000000007" classname="utilities" name="expand_initial_values_works_as_expected"/>
    <testcase time="0.0229999999999961" classname="utilities" name="replace_with_lookup_works_and_sets_array_attributes_as_expected"/>
    <testcase time="0.0209999999999866" classname="utilities" name="replace_with_lookup_asserts_sizes_as_numbers_as_expected"/>
    <testcase time="0.0190000000000055" classname="utilities" name="replace_with_lookup_asserts_looked_up_sizes_as_numbers_as_expected"/>
    <testcase time="0.01400000000001" classname="utilities" name="samples_median_ci_works_as_expected"/>
    <testcase time="0.0139999999999816" classname="utilities" name="samples_median_ci_works_as_expected"/>
    <testcase time="0.0120000000000005" classname="utilities" name="samples_median_ci_works_with_a_custom_credibility_level"/>
    <testcase time="0.0120000000000005" classname="utilities" name="samples_median_ci_works_with_a_custom_credibility_level"/>
  </testsuite>
</testsuites>
