<?xml version="1.0" encoding="UTF-8"?>
<testsuites>
  <testsuite name="DataJoint" timestamp="2023-05-10T11:05:29Z" hostname="3dfb6db35575" tests="4" skipped="0" failures="0" errors="0" time="2.155">
    <testcase time="2.072" classname="DataJoint" name="DataJoint_errors_if_subjects_don_t_allign_after"/>
    <testcase time="0.044" classname="DataJoint" name="DataJoint_errors_if_subjects_don_t_allign_after"/>
    <testcase time="0.0299999999999998" classname="DataJoint" name="DataJoint_errors_if_subjects_don_t_allign_after"/>
    <testcase time="0.00900000000000034" classname="DataJoint" name="DataJoint_errors_if_subjects_don_t_allign_after"/>
  </testsuite>
  <testsuite name="DataLongitudinal" timestamp="2023-05-10T11:05:30Z" hostname="3dfb6db35575" tests="8" skipped="0" failures="0" errors="0" time="0.06">
    <testcase time="0.0269999999999997" classname="DataLongitudinal" name="DataLongitudinal_being_rendered_to_list_is_as_expected_for_simple_inputs"/>
    <testcase time="0.004" classname="DataLongitudinal" name="DataLongitudinal_being_rendered_to_list_is_as_expected_for_simple_inputs"/>
    <testcase time="0.00500000000000034" classname="DataLongitudinal" name="DataLongitudinal_being_rendered_to_list_is_as_expected_for_simple_inputs"/>
    <testcase time="0.00499999999999989" classname="DataLongitudinal" name="DataLongitudinal_being_rendered_to_list_is_as_expected_for_simple_inputs"/>
    <testcase time="0.00499999999999989" classname="DataLongitudinal" name="DataLongitudinal_being_rendered_to_list_is_as_expected_for_simple_inputs"/>
    <testcase time="0.00499999999999989" classname="DataLongitudinal" name="DataLongitudinal_being_rendered_to_list_is_as_expected_for_simple_inputs"/>
    <testcase time="0.00499999999999989" classname="DataLongitudinal" name="DataLongitudinal_being_rendered_to_list_is_as_expected_for_simple_inputs"/>
    <testcase time="0.004" classname="DataLongitudinal" name="DataLongitudinal_being_rendered_to_list_is_as_expected_for_simple_inputs"/>
  </testsuite>
  <testsuite name="DataSurvival" timestamp="2023-05-10T11:05:30Z" hostname="3dfb6db35575" tests="10" skipped="0" failures="0" errors="0" time="0.084">
    <testcase time="0.0380000000000003" classname="DataSurvival" name="Error_Handling"/>
    <testcase time="0.0110000000000001" classname="DataSurvival" name="as.list_returns_expected_values"/>
    <testcase time="0.00499999999999989" classname="DataSurvival" name="as.list_returns_expected_values"/>
    <testcase time="0.00499999999999989" classname="DataSurvival" name="as.list_returns_expected_values"/>
    <testcase time="0.004" classname="DataSurvival" name="as.list_returns_expected_values"/>
    <testcase time="0.00499999999999989" classname="DataSurvival" name="as.list_returns_expected_values"/>
    <testcase time="0.004" classname="DataSurvival" name="as.list_returns_expected_values"/>
    <testcase time="0.004" classname="DataSurvival" name="as.list_returns_expected_values"/>
    <testcase time="0.004" classname="DataSurvival" name="as.list_returns_expected_values"/>
    <testcase time="0.004" classname="DataSurvival" name="as.list_returns_expected_values"/>
  </testsuite>
  <testsuite name="JointModel" timestamp="2023-05-10T11:05:30Z" hostname="3dfb6db35575" tests="2" skipped="0" failures="0" errors="0" time="0.393">
    <testcase time="0.389" classname="JointModel" name="JointModel_smoke_tests"/>
    <testcase time="0.004" classname="JointModel" name="JointModel_smoke_tests"/>
  </testsuite>
  <testsuite name="LinkNone" timestamp="2023-05-10T11:05:31Z" hostname="3dfb6db35575" tests="5" skipped="0" failures="0" errors="0" time="0.031">
    <testcase time="0.012" classname="LinkNone" name="LinkNone_object_is_generated_without_unexpected_input"/>
    <testcase time="0.00699999999999967" classname="LinkNone" name="LinkNone_object_is_generated_without_unexpected_input"/>
    <testcase time="0.004" classname="LinkNone" name="LinkNone_object_is_generated_without_unexpected_input"/>
    <testcase time="0.004" classname="LinkNone" name="LinkNone_object_is_generated_without_unexpected_input"/>
    <testcase time="0.004" classname="LinkNone" name="LinkNone_object_is_generated_without_unexpected_input"/>
  </testsuite>
  <testsuite name="LinkRandomSlope" timestamp="2023-05-10T11:05:31Z" hostname="3dfb6db35575" tests="3" skipped="0" failures="0" errors="0" time="0.031">
    <testcase time="0.0210000000000004" classname="LinkRandomSlope" name="LinkRandomSlope_smoke_tests"/>
    <testcase time="0.004" classname="LinkRandomSlope" name="LinkRandomSlope_smoke_tests"/>
    <testcase time="0.00599999999999978" classname="LinkRandomSlope" name="LinkRandomSlope_smoke_tests"/>
  </testsuite>
  <testsuite name="ParameterList" timestamp="2023-05-10T11:05:31Z" hostname="3dfb6db35575" tests="3" skipped="0" failures="0" errors="0" time="0.022">
    <testcase time="0.012" classname="ParameterList" name="ParameterList_smoke_tests"/>
    <testcase time="0.004" classname="ParameterList" name="ParameterList_smoke_tests"/>
    <testcase time="0.00600000000000023" classname="ParameterList" name="ParameterList_smoke_tests"/>
  </testsuite>
  <testsuite name="Parameters" timestamp="2023-05-10T11:05:31Z" hostname="3dfb6db35575" tests="4" skipped="0" failures="0" errors="0" time="0.024">
    <testcase time="0.0110000000000001" classname="Parameters" name="Parameters_smoke_tests"/>
    <testcase time="0.004" classname="Parameters" name="Parameters_smoke_tests"/>
    <testcase time="0.00499999999999989" classname="Parameters" name="Parameters_smoke_tests"/>
    <testcase time="0.004" classname="Parameters" name="Parameters_smoke_tests"/>
  </testsuite>
  <testsuite name="Prior" timestamp="2023-05-10T11:05:31Z" hostname="3dfb6db35575" tests="4" skipped="0" failures="0" errors="0" time="0.024">
    <testcase time="0.00999999999999979" classname="Prior" name="Priors_work_as_expected"/>
    <testcase time="0.00500000000000034" classname="Prior" name="Priors_work_as_expected"/>
    <testcase time="0.004" classname="Prior" name="Priors_work_as_expected"/>
    <testcase time="0.00499999999999989" classname="Prior" name="Priors_work_as_expected"/>
  </testsuite>
  <testsuite name="compile" timestamp="2023-05-10T11:05:31Z" hostname="3dfb6db35575" tests="1" skipped="0" failures="0" errors="0" time="8.845">
    <testcase time="8.845" classname="compile" name="compileStanModel_doesn_t_error_if_the_directory_doesn_t_exist"/>
  </testsuite>
  <testsuite name="utilities" timestamp="2023-05-10T11:05:39Z" hostname="3dfb6db35575" tests="5" skipped="0" failures="0" errors="0" time="0.051">
    <testcase time="0.016" classname="utilities" name="get_missing_rownumbers_works_as_expected"/>
    <testcase time="0.0109999999999992" classname="utilities" name="remove_missing_rows_works_as_expected"/>
    <testcase time="0.0080000000000009" classname="utilities" name="expand_initial_values_smoke_tests"/>
    <testcase time="0.00900000000000034" classname="utilities" name="replace_with_lookup_smoke_tests"/>
    <testcase time="0.00699999999999967" classname="utilities" name="replace_with_lookup_smoke_tests"/>
  </testsuite>
</testsuites>
