<?xml version="1.0" encoding="UTF-8"?>
<testsuites>
  <testsuite name="DataJoint" timestamp="2023-05-10T14:15:55Z" hostname="db698c7a0fd2" tests="4" skipped="0" failures="0" errors="0" time="2.84">
    <testcase time="2.728" classname="DataJoint" name="DataJoint_errors_if_subjects_don_t_allign_after"/>
    <testcase time="0.0630000000000002" classname="DataJoint" name="DataJoint_errors_if_subjects_don_t_allign_after"/>
    <testcase time="0.0369999999999999" classname="DataJoint" name="DataJoint_errors_if_subjects_don_t_allign_after"/>
    <testcase time="0.012" classname="DataJoint" name="DataJoint_errors_if_subjects_don_t_allign_after"/>
  </testsuite>
  <testsuite name="DataLongitudinal" timestamp="2023-05-10T14:15:57Z" hostname="db698c7a0fd2" tests="8" skipped="0" failures="0" errors="0" time="0.089">
    <testcase time="0.0340000000000003" classname="DataLongitudinal" name="DataLongitudinal_being_rendered_to_list_is_as_expected_for_simple_inputs"/>
    <testcase time="0.0169999999999999" classname="DataLongitudinal" name="DataLongitudinal_being_rendered_to_list_is_as_expected_for_simple_inputs"/>
    <testcase time="0.00700000000000012" classname="DataLongitudinal" name="DataLongitudinal_being_rendered_to_list_is_as_expected_for_simple_inputs"/>
    <testcase time="0.00699999999999967" classname="DataLongitudinal" name="DataLongitudinal_being_rendered_to_list_is_as_expected_for_simple_inputs"/>
    <testcase time="0.00600000000000023" classname="DataLongitudinal" name="DataLongitudinal_being_rendered_to_list_is_as_expected_for_simple_inputs"/>
    <testcase time="0.00700000000000012" classname="DataLongitudinal" name="DataLongitudinal_being_rendered_to_list_is_as_expected_for_simple_inputs"/>
    <testcase time="0.00599999999999978" classname="DataLongitudinal" name="DataLongitudinal_being_rendered_to_list_is_as_expected_for_simple_inputs"/>
    <testcase time="0.00499999999999989" classname="DataLongitudinal" name="DataLongitudinal_being_rendered_to_list_is_as_expected_for_simple_inputs"/>
  </testsuite>
  <testsuite name="DataSurvival" timestamp="2023-05-10T14:15:57Z" hostname="db698c7a0fd2" tests="10" skipped="0" failures="0" errors="0" time="0.113">
    <testcase time="0.0529999999999999" classname="DataSurvival" name="Error_Handling"/>
    <testcase time="0.0130000000000003" classname="DataSurvival" name="as.list_returns_expected_values"/>
    <testcase time="0.00800000000000001" classname="DataSurvival" name="as.list_returns_expected_values"/>
    <testcase time="0.00599999999999978" classname="DataSurvival" name="as.list_returns_expected_values"/>
    <testcase time="0.00700000000000012" classname="DataSurvival" name="as.list_returns_expected_values"/>
    <testcase time="0.00499999999999989" classname="DataSurvival" name="as.list_returns_expected_values"/>
    <testcase time="0.00499999999999989" classname="DataSurvival" name="as.list_returns_expected_values"/>
    <testcase time="0.00500000000000034" classname="DataSurvival" name="as.list_returns_expected_values"/>
    <testcase time="0.00599999999999978" classname="DataSurvival" name="as.list_returns_expected_values"/>
    <testcase time="0.00499999999999989" classname="DataSurvival" name="as.list_returns_expected_values"/>
  </testsuite>
  <testsuite name="JointModel" timestamp="2023-05-10T14:15:57Z" hostname="db698c7a0fd2" tests="2" skipped="0" failures="0" errors="0" time="0.615">
    <testcase time="0.61" classname="JointModel" name="JointModel_smoke_tests"/>
    <testcase time="0.00499999999999989" classname="JointModel" name="JointModel_smoke_tests"/>
  </testsuite>
  <testsuite name="LinkNone" timestamp="2023-05-10T14:15:58Z" hostname="db698c7a0fd2" tests="5" skipped="0" failures="0" errors="0" time="0.051">
    <testcase time="0.0270000000000001" classname="LinkNone" name="LinkNone_object_is_generated_without_unexpected_input"/>
    <testcase time="0.00899999999999945" classname="LinkNone" name="LinkNone_object_is_generated_without_unexpected_input"/>
    <testcase time="0.00500000000000078" classname="LinkNone" name="LinkNone_object_is_generated_without_unexpected_input"/>
    <testcase time="0.00499999999999989" classname="LinkNone" name="LinkNone_object_is_generated_without_unexpected_input"/>
    <testcase time="0.00499999999999989" classname="LinkNone" name="LinkNone_object_is_generated_without_unexpected_input"/>
  </testsuite>
  <testsuite name="LinkRandomSlope" timestamp="2023-05-10T14:15:58Z" hostname="db698c7a0fd2" tests="3" skipped="0" failures="0" errors="0" time="0.044">
    <testcase time="0.0309999999999997" classname="LinkRandomSlope" name="LinkRandomSlope_smoke_tests"/>
    <testcase time="0.00499999999999989" classname="LinkRandomSlope" name="LinkRandomSlope_smoke_tests"/>
    <testcase time="0.00800000000000001" classname="LinkRandomSlope" name="LinkRandomSlope_smoke_tests"/>
  </testsuite>
  <testsuite name="ParameterList" timestamp="2023-05-10T14:15:58Z" hostname="db698c7a0fd2" tests="3" skipped="0" failures="0" errors="0" time="0.028">
    <testcase time="0.0150000000000006" classname="ParameterList" name="ParameterList_smoke_tests"/>
    <testcase time="0.00399999999999956" classname="ParameterList" name="ParameterList_smoke_tests"/>
    <testcase time="0.00900000000000034" classname="ParameterList" name="ParameterList_smoke_tests"/>
  </testsuite>
  <testsuite name="Parameters" timestamp="2023-05-10T14:15:58Z" hostname="db698c7a0fd2" tests="4" skipped="0" failures="0" errors="0" time="0.028">
    <testcase time="0.0129999999999999" classname="Parameters" name="Parameters_smoke_tests"/>
    <testcase time="0.00499999999999989" classname="Parameters" name="Parameters_smoke_tests"/>
    <testcase time="0.00499999999999989" classname="Parameters" name="Parameters_smoke_tests"/>
    <testcase time="0.00499999999999989" classname="Parameters" name="Parameters_smoke_tests"/>
  </testsuite>
  <testsuite name="Prior" timestamp="2023-05-10T14:15:58Z" hostname="db698c7a0fd2" tests="4" skipped="0" failures="0" errors="0" time="0.034">
    <testcase time="0.0140000000000002" classname="Prior" name="Priors_work_as_expected"/>
    <testcase time="0.00600000000000023" classname="Prior" name="Priors_work_as_expected"/>
    <testcase time="0.00499999999999989" classname="Prior" name="Priors_work_as_expected"/>
    <testcase time="0.00899999999999945" classname="Prior" name="Priors_work_as_expected"/>
  </testsuite>
  <testsuite name="compile" timestamp="2023-05-10T14:15:58Z" hostname="db698c7a0fd2" tests="1" skipped="0" failures="0" errors="0" time="10.743">
    <testcase time="10.743" classname="compile" name="compileStanModel_doesn_t_error_if_the_directory_doesn_t_exist"/>
  </testsuite>
  <testsuite name="utilities" timestamp="2023-05-10T14:16:09Z" hostname="db698c7a0fd2" tests="5" skipped="0" failures="0" errors="0" time="0.071">
    <testcase time="0.0219999999999985" classname="utilities" name="get_missing_rownumbers_works_as_expected"/>
    <testcase time="0.0150000000000006" classname="utilities" name="remove_missing_rows_works_as_expected"/>
    <testcase time="0.0120000000000005" classname="utilities" name="expand_initial_values_smoke_tests"/>
    <testcase time="0.0109999999999992" classname="utilities" name="replace_with_lookup_smoke_tests"/>
    <testcase time="0.011000000000001" classname="utilities" name="replace_with_lookup_smoke_tests"/>
  </testsuite>
</testsuites>
