<?xml version="1.0" encoding="UTF-8"?>
<testsuites>
  <testsuite name="DataJoint" timestamp="2023-06-01T12:16:26Z" hostname="e62a9756d069" tests="4" skipped="0" failures="0" errors="0" time="0.88">
    <testcase time="0.798" classname="DataJoint" name="DataJoint_errors_if_subjects_don_t_allign_after"/>
    <testcase time="0.0469999999999997" classname="DataJoint" name="DataJoint_errors_if_subjects_don_t_allign_after"/>
    <testcase time="0.0270000000000001" classname="DataJoint" name="DataJoint_errors_if_subjects_don_t_allign_after"/>
    <testcase time="0.00800000000000001" classname="DataJoint" name="DataJoint_errors_if_subjects_don_t_allign_after"/>
  </testsuite>
  <testsuite name="DataLongitudinal" timestamp="2023-06-01T12:16:26Z" hostname="e62a9756d069" tests="10" skipped="0" failures="0" errors="0" time="0.061">
    <testcase time="0.0260000000000002" classname="DataLongitudinal" name="DataLongitudinal_being_rendered_to_list_is_as_expected_for_simple_inputs"/>
    <testcase time="0.004" classname="DataLongitudinal" name="DataLongitudinal_being_rendered_to_list_is_as_expected_for_simple_inputs"/>
    <testcase time="0.00399999999999956" classname="DataLongitudinal" name="DataLongitudinal_being_rendered_to_list_is_as_expected_for_simple_inputs"/>
    <testcase time="0.00500000000000034" classname="DataLongitudinal" name="DataLongitudinal_being_rendered_to_list_is_as_expected_for_simple_inputs"/>
    <testcase time="0.004" classname="DataLongitudinal" name="DataLongitudinal_being_rendered_to_list_is_as_expected_for_simple_inputs"/>
    <testcase time="0.00499999999999989" classname="DataLongitudinal" name="DataLongitudinal_being_rendered_to_list_is_as_expected_for_simple_inputs"/>
    <testcase time="0.004" classname="DataLongitudinal" name="DataLongitudinal_being_rendered_to_list_is_as_expected_for_simple_inputs"/>
    <testcase time="0.004" classname="DataLongitudinal" name="DataLongitudinal_being_rendered_to_list_is_as_expected_for_simple_inputs"/>
    <testcase time="0.004" classname="DataLongitudinal" name="DataLongitudinal_being_rendered_to_list_is_as_expected_for_simple_inputs"/>
    <testcase time="0.00099999999999989" classname="DataLongitudinal" name="DataLongitudinal_being_rendered_to_list_is_as_expected_for_simple_inputs"/>
  </testsuite>
  <testsuite name="DataSurvival" timestamp="2023-06-01T12:16:27Z" hostname="e62a9756d069" tests="10" skipped="0" failures="0" errors="0" time="0.077">
    <testcase time="0.0350000000000001" classname="DataSurvival" name="Error_Handling"/>
    <testcase time="0.00999999999999979" classname="DataSurvival" name="as.list_returns_expected_values"/>
    <testcase time="0.004" classname="DataSurvival" name="as.list_returns_expected_values"/>
    <testcase time="0.00500000000000034" classname="DataSurvival" name="as.list_returns_expected_values"/>
    <testcase time="0.004" classname="DataSurvival" name="as.list_returns_expected_values"/>
    <testcase time="0.004" classname="DataSurvival" name="as.list_returns_expected_values"/>
    <testcase time="0.004" classname="DataSurvival" name="as.list_returns_expected_values"/>
    <testcase time="0.00299999999999967" classname="DataSurvival" name="as.list_returns_expected_values"/>
    <testcase time="0.004" classname="DataSurvival" name="as.list_returns_expected_values"/>
    <testcase time="0.004" classname="DataSurvival" name="as.list_returns_expected_values"/>
  </testsuite>
  <testsuite name="JointModel" timestamp="2023-06-01T12:16:27Z" hostname="e62a9756d069" tests="2" skipped="0" failures="0" errors="0" time="0.391">
    <testcase time="0.387" classname="JointModel" name="JointModel_smoke_tests"/>
    <testcase time="0.004" classname="JointModel" name="JointModel_smoke_tests"/>
  </testsuite>
  <testsuite name="JointModelSamples" timestamp="2023-06-01T12:16:27Z" hostname="e62a9756d069" tests="17" skipped="0" failures="0" errors="0" time="6.113">
    <testcase time="0.292" classname="JointModelSamples" name="longitudinal_works_as_expected_for_JointModelSamples"/>
    <testcase time="5.18" classname="JointModelSamples" name="longitudinal_works_as_expected_for_JointModelSamples"/>
    <testcase time="0.00100000000000122" classname="JointModelSamples" name="longitudinal_works_as_expected_for_JointModelSamples"/>
    <testcase time="0.00199999999999889" classname="JointModelSamples" name="longitudinal_works_as_expected_for_JointModelSamples"/>
    <testcase time="0.00400000000000134" classname="JointModelSamples" name="longitudinal_works_as_expected_for_JointModelSamples"/>
    <testcase time="0.000999999999999446" classname="JointModelSamples" name="longitudinal_works_as_expected_for_JointModelSamples"/>
    <testcase time="0.000999999999999446" classname="JointModelSamples" name="longitudinal_works_as_expected_for_JointModelSamples"/>
    <testcase time="0.00399999999999956" classname="JointModelSamples" name="longitudinal_works_as_expected_for_JointModelSamples"/>
    <testcase time="0.00200000000000067" classname="JointModelSamples" name="longitudinal_works_as_expected_for_JointModelSamples"/>
    <testcase time="0.00399999999999956" classname="JointModelSamples" name="longitudinal_works_as_expected_for_JointModelSamples"/>
    <testcase time="0.00100000000000122" classname="JointModelSamples" name="longitudinal_works_as_expected_for_JointModelSamples"/>
    <testcase time="0.00399999999999956" classname="JointModelSamples" name="longitudinal_works_as_expected_for_JointModelSamples"/>
    <testcase time="0.00399999999999956" classname="JointModelSamples" name="longitudinal_works_as_expected_for_JointModelSamples"/>
    <testcase time="0.606" classname="JointModelSamples" name="longitudinal_allows_to_subset_patients"/>
    <testcase time="0.00200000000000067" classname="JointModelSamples" name="longitudinal_allows_to_subset_patients"/>
    <testcase time="0.000999999999999446" classname="JointModelSamples" name="longitudinal_allows_to_subset_patients"/>
    <testcase time="0.00399999999999956" classname="JointModelSamples" name="longitudinal_allows_to_subset_patients"/>
  </testsuite>
  <testsuite name="LinkNone" timestamp="2023-06-01T12:16:33Z" hostname="e62a9756d069" tests="5" skipped="0" failures="0" errors="0" time="0.031">
    <testcase time="0.0129999999999999" classname="LinkNone" name="LinkNone_object_is_generated_without_unexpected_input"/>
    <testcase time="0.00600000000000023" classname="LinkNone" name="LinkNone_object_is_generated_without_unexpected_input"/>
    <testcase time="0.00400000000000134" classname="LinkNone" name="LinkNone_object_is_generated_without_unexpected_input"/>
    <testcase time="0.00399999999999956" classname="LinkNone" name="LinkNone_object_is_generated_without_unexpected_input"/>
    <testcase time="0.00399999999999956" classname="LinkNone" name="LinkNone_object_is_generated_without_unexpected_input"/>
  </testsuite>
  <testsuite name="LinkRandomSlope" timestamp="2023-06-01T12:16:33Z" hostname="e62a9756d069" tests="3" skipped="0" failures="0" errors="0" time="0.03">
    <testcase time="0.0199999999999996" classname="LinkRandomSlope" name="LinkRandomSlope_smoke_tests"/>
    <testcase time="0.00400000000000134" classname="LinkRandomSlope" name="LinkRandomSlope_smoke_tests"/>
    <testcase time="0.00599999999999845" classname="LinkRandomSlope" name="LinkRandomSlope_smoke_tests"/>
  </testsuite>
  <testsuite name="LongitudinalSamples" timestamp="2023-06-01T12:16:33Z" hostname="e62a9756d069" tests="15" skipped="0" failures="0" errors="0" time="1.039">
    <testcase time="0.32" classname="LongitudinalSamples" name="subsetting_works_as_expected_for_LongitudinalSamples"/>
    <testcase time="0.00200000000000067" classname="LongitudinalSamples" name="subsetting_works_as_expected_for_LongitudinalSamples"/>
    <testcase time="0.00399999999999956" classname="LongitudinalSamples" name="subsetting_works_as_expected_for_LongitudinalSamples"/>
    <testcase time="0.524000000000001" classname="LongitudinalSamples" name="autoplot_works_as_expected_for_LongitudinalSamples"/>
    <testcase time="0.0589999999999993" classname="LongitudinalSamples" name="autoplot_works_as_expected_for_LongitudinalSamples"/>
    <testcase time="0.00399999999999956" classname="LongitudinalSamples" name="autoplot_works_as_expected_for_LongitudinalSamples"/>
    <testcase time="0.00500000000000078" classname="LongitudinalSamples" name="autoplot_works_as_expected_for_LongitudinalSamples"/>
    <testcase time="0.00399999999999956" classname="LongitudinalSamples" name="autoplot_works_as_expected_for_LongitudinalSamples"/>
    <testcase time="0.0449999999999999" classname="LongitudinalSamples" name="autoplot_works_as_expected_for_LongitudinalSamples"/>
    <testcase time="0.00399999999999956" classname="LongitudinalSamples" name="autoplot_works_as_expected_for_LongitudinalSamples"/>
    <testcase time="0.00500000000000078" classname="LongitudinalSamples" name="autoplot_works_as_expected_for_LongitudinalSamples"/>
    <testcase time="0.00399999999999956" classname="LongitudinalSamples" name="autoplot_works_as_expected_for_LongitudinalSamples"/>
    <testcase time="0.00399999999999956" classname="LongitudinalSamples" name="autoplot_works_as_expected_for_LongitudinalSamples"/>
    <testcase time="0.0500000000000007" classname="LongitudinalSamples" name="autoplot_works_as_expected_for_LongitudinalSamples"/>
    <testcase time="0.00500000000000078" classname="LongitudinalSamples" name="autoplot_works_as_expected_for_LongitudinalSamples"/>
  </testsuite>
  <testsuite name="ParameterList" timestamp="2023-06-01T12:16:34Z" hostname="e62a9756d069" tests="3" skipped="0" failures="0" errors="0" time="0.02">
    <testcase time="0.0109999999999992" classname="ParameterList" name="ParameterList_smoke_tests"/>
    <testcase time="0.00300000000000011" classname="ParameterList" name="ParameterList_smoke_tests"/>
    <testcase time="0.00600000000000023" classname="ParameterList" name="ParameterList_smoke_tests"/>
  </testsuite>
  <testsuite name="Parameters" timestamp="2023-06-01T12:16:34Z" hostname="e62a9756d069" tests="4" skipped="0" failures="0" errors="0" time="0.022">
    <testcase time="0.00999999999999979" classname="Parameters" name="Parameters_smoke_tests"/>
    <testcase time="0.00399999999999956" classname="Parameters" name="Parameters_smoke_tests"/>
    <testcase time="0.00399999999999956" classname="Parameters" name="Parameters_smoke_tests"/>
    <testcase time="0.00400000000000134" classname="Parameters" name="Parameters_smoke_tests"/>
  </testsuite>
  <testsuite name="Prior" timestamp="2023-06-01T12:16:34Z" hostname="e62a9756d069" tests="4" skipped="0" failures="0" errors="0" time="0.023">
    <testcase time="0.00999999999999979" classname="Prior" name="Priors_work_as_expected"/>
    <testcase time="0.00399999999999956" classname="Prior" name="Priors_work_as_expected"/>
    <testcase time="0.00399999999999956" classname="Prior" name="Priors_work_as_expected"/>
    <testcase time="0.00500000000000078" classname="Prior" name="Priors_work_as_expected"/>
  </testsuite>
  <testsuite name="compile" timestamp="2023-06-01T12:16:34Z" hostname="e62a9756d069" tests="1" skipped="0" failures="0" errors="0" time="10.044">
    <testcase time="10.044" classname="compile" name="compileStanModel_doesn_t_error_if_the_directory_doesn_t_exist"/>
  </testsuite>
  <testsuite name="utilities" timestamp="2023-06-01T12:16:44Z" hostname="e62a9756d069" tests="9" skipped="0" failures="0" errors="0" time="0.088">
    <testcase time="0.0160000000000018" classname="utilities" name="get_missing_rownumbers_works_as_expected"/>
    <testcase time="0.0109999999999992" classname="utilities" name="remove_missing_rows_works_as_expected"/>
    <testcase time="0.00900000000000034" classname="utilities" name="expand_initial_values_smoke_tests"/>
    <testcase time="0.00900000000000034" classname="utilities" name="replace_with_lookup_smoke_tests"/>
    <testcase time="0.00799999999999912" classname="utilities" name="replace_with_lookup_smoke_tests"/>
    <testcase time="0.00799999999999912" classname="utilities" name="samples_median_ci_works_as_expected"/>
    <testcase time="0.0100000000000016" classname="utilities" name="samples_median_ci_works_as_expected"/>
    <testcase time="0.00700000000000145" classname="utilities" name="samples_median_ci_works_with_a_custom_credibility_level"/>
    <testcase time="0.00999999999999801" classname="utilities" name="samples_median_ci_works_with_a_custom_credibility_level"/>
  </testsuite>
</testsuites>
