<?xml version="1.0" encoding="UTF-8"?>
<testsuites>
  <testsuite name="DataJoint" timestamp="2023-06-03T15:22:25Z" hostname="01196d2f39a2" tests="4" skipped="0" failures="0" errors="0" time="0.903">
    <testcase time="0.817" classname="DataJoint" name="DataJoint_errors_if_subjects_don_t_allign_after"/>
    <testcase time="0.0489999999999999" classname="DataJoint" name="DataJoint_errors_if_subjects_don_t_allign_after"/>
    <testcase time="0.028" classname="DataJoint" name="DataJoint_errors_if_subjects_don_t_allign_after"/>
    <testcase time="0.0089999999999999" classname="DataJoint" name="DataJoint_errors_if_subjects_don_t_allign_after"/>
  </testsuite>
  <testsuite name="DataLongitudinal" timestamp="2023-06-03T15:22:25Z" hostname="01196d2f39a2" tests="10" skipped="0" failures="0" errors="0" time="0.061">
    <testcase time="0.0249999999999999" classname="DataLongitudinal" name="DataLongitudinal_being_rendered_to_list_is_as_expected_for_simple_inputs"/>
    <testcase time="0.004" classname="DataLongitudinal" name="DataLongitudinal_being_rendered_to_list_is_as_expected_for_simple_inputs"/>
    <testcase time="0.00499999999999989" classname="DataLongitudinal" name="DataLongitudinal_being_rendered_to_list_is_as_expected_for_simple_inputs"/>
    <testcase time="0.004" classname="DataLongitudinal" name="DataLongitudinal_being_rendered_to_list_is_as_expected_for_simple_inputs"/>
    <testcase time="0.00500000000000034" classname="DataLongitudinal" name="DataLongitudinal_being_rendered_to_list_is_as_expected_for_simple_inputs"/>
    <testcase time="0.00399999999999956" classname="DataLongitudinal" name="DataLongitudinal_being_rendered_to_list_is_as_expected_for_simple_inputs"/>
    <testcase time="0.00500000000000034" classname="DataLongitudinal" name="DataLongitudinal_being_rendered_to_list_is_as_expected_for_simple_inputs"/>
    <testcase time="0.004" classname="DataLongitudinal" name="DataLongitudinal_being_rendered_to_list_is_as_expected_for_simple_inputs"/>
    <testcase time="0.004" classname="DataLongitudinal" name="DataLongitudinal_being_rendered_to_list_is_as_expected_for_simple_inputs"/>
    <testcase time="0.00099999999999989" classname="DataLongitudinal" name="DataLongitudinal_being_rendered_to_list_is_as_expected_for_simple_inputs"/>
  </testsuite>
  <testsuite name="DataSurvival" timestamp="2023-06-03T15:22:25Z" hostname="01196d2f39a2" tests="10" skipped="0" failures="0" errors="0" time="0.081">
    <testcase time="0.0369999999999999" classname="DataSurvival" name="Error_Handling"/>
    <testcase time="0.0100000000000002" classname="DataSurvival" name="as.list_returns_expected_values"/>
    <testcase time="0.00499999999999989" classname="DataSurvival" name="as.list_returns_expected_values"/>
    <testcase time="0.004" classname="DataSurvival" name="as.list_returns_expected_values"/>
    <testcase time="0.00499999999999989" classname="DataSurvival" name="as.list_returns_expected_values"/>
    <testcase time="0.004" classname="DataSurvival" name="as.list_returns_expected_values"/>
    <testcase time="0.004" classname="DataSurvival" name="as.list_returns_expected_values"/>
    <testcase time="0.004" classname="DataSurvival" name="as.list_returns_expected_values"/>
    <testcase time="0.004" classname="DataSurvival" name="as.list_returns_expected_values"/>
    <testcase time="0.004" classname="DataSurvival" name="as.list_returns_expected_values"/>
  </testsuite>
  <testsuite name="JointModel" timestamp="2023-06-03T15:22:25Z" hostname="01196d2f39a2" tests="2" skipped="0" failures="0" errors="0" time="0.395">
    <testcase time="0.391" classname="JointModel" name="JointModel_smoke_tests"/>
    <testcase time="0.004" classname="JointModel" name="JointModel_smoke_tests"/>
  </testsuite>
  <testsuite name="JointModelSamples" timestamp="2023-06-03T15:22:26Z" hostname="01196d2f39a2" tests="17" skipped="0" failures="0" errors="0" time="6.206">
    <testcase time="0.299" classname="JointModelSamples" name="longitudinal_works_as_expected_for_JointModelSamples"/>
    <testcase time="5.237" classname="JointModelSamples" name="longitudinal_works_as_expected_for_JointModelSamples"/>
    <testcase time="0.00100000000000122" classname="JointModelSamples" name="longitudinal_works_as_expected_for_JointModelSamples"/>
    <testcase time="0.00199999999999889" classname="JointModelSamples" name="longitudinal_works_as_expected_for_JointModelSamples"/>
    <testcase time="0.00400000000000134" classname="JointModelSamples" name="longitudinal_works_as_expected_for_JointModelSamples"/>
    <testcase time="0.000999999999999446" classname="JointModelSamples" name="longitudinal_works_as_expected_for_JointModelSamples"/>
    <testcase time="0.000999999999999446" classname="JointModelSamples" name="longitudinal_works_as_expected_for_JointModelSamples"/>
    <testcase time="0.00399999999999956" classname="JointModelSamples" name="longitudinal_works_as_expected_for_JointModelSamples"/>
    <testcase time="0.00200000000000067" classname="JointModelSamples" name="longitudinal_works_as_expected_for_JointModelSamples"/>
    <testcase time="0.00399999999999956" classname="JointModelSamples" name="longitudinal_works_as_expected_for_JointModelSamples"/>
    <testcase time="0.00100000000000122" classname="JointModelSamples" name="longitudinal_works_as_expected_for_JointModelSamples"/>
    <testcase time="0.00399999999999956" classname="JointModelSamples" name="longitudinal_works_as_expected_for_JointModelSamples"/>
    <testcase time="0.00399999999999956" classname="JointModelSamples" name="longitudinal_works_as_expected_for_JointModelSamples"/>
    <testcase time="0.635" classname="JointModelSamples" name="longitudinal_allows_to_subset_patients"/>
    <testcase time="0.00200000000000067" classname="JointModelSamples" name="longitudinal_allows_to_subset_patients"/>
    <testcase time="0.000999999999999446" classname="JointModelSamples" name="longitudinal_allows_to_subset_patients"/>
    <testcase time="0.00399999999999956" classname="JointModelSamples" name="longitudinal_allows_to_subset_patients"/>
  </testsuite>
  <testsuite name="LinkNone" timestamp="2023-06-03T15:22:32Z" hostname="01196d2f39a2" tests="5" skipped="0" failures="0" errors="0" time="0.031">
    <testcase time="0.0120000000000005" classname="LinkNone" name="LinkNone_object_is_generated_without_unexpected_input"/>
    <testcase time="0.00699999999999967" classname="LinkNone" name="LinkNone_object_is_generated_without_unexpected_input"/>
    <testcase time="0.00400000000000134" classname="LinkNone" name="LinkNone_object_is_generated_without_unexpected_input"/>
    <testcase time="0.00399999999999956" classname="LinkNone" name="LinkNone_object_is_generated_without_unexpected_input"/>
    <testcase time="0.00399999999999956" classname="LinkNone" name="LinkNone_object_is_generated_without_unexpected_input"/>
  </testsuite>
  <testsuite name="LinkRandomSlope" timestamp="2023-06-03T15:22:32Z" hostname="01196d2f39a2" tests="3" skipped="0" failures="0" errors="0" time="0.031">
    <testcase time="0.0210000000000008" classname="LinkRandomSlope" name="LinkRandomSlope_smoke_tests"/>
    <testcase time="0.00499999999999901" classname="LinkRandomSlope" name="LinkRandomSlope_smoke_tests"/>
    <testcase time="0.00500000000000078" classname="LinkRandomSlope" name="LinkRandomSlope_smoke_tests"/>
  </testsuite>
  <testsuite name="LongitudinalSamples" timestamp="2023-06-03T15:22:32Z" hostname="01196d2f39a2" tests="15" skipped="0" failures="0" errors="0" time="1.064">
    <testcase time="0.32" classname="LongitudinalSamples" name="subsetting_works_as_expected_for_LongitudinalSamples"/>
    <testcase time="0.000999999999999446" classname="LongitudinalSamples" name="subsetting_works_as_expected_for_LongitudinalSamples"/>
    <testcase time="0.00399999999999956" classname="LongitudinalSamples" name="subsetting_works_as_expected_for_LongitudinalSamples"/>
    <testcase time="0.541" classname="LongitudinalSamples" name="autoplot_works_as_expected_for_LongitudinalSamples"/>
    <testcase time="0.0620000000000012" classname="LongitudinalSamples" name="autoplot_works_as_expected_for_LongitudinalSamples"/>
    <testcase time="0.00399999999999956" classname="LongitudinalSamples" name="autoplot_works_as_expected_for_LongitudinalSamples"/>
    <testcase time="0.00499999999999901" classname="LongitudinalSamples" name="autoplot_works_as_expected_for_LongitudinalSamples"/>
    <testcase time="0.00400000000000134" classname="LongitudinalSamples" name="autoplot_works_as_expected_for_LongitudinalSamples"/>
    <testcase time="0.048" classname="LongitudinalSamples" name="autoplot_works_as_expected_for_LongitudinalSamples"/>
    <testcase time="0.00399999999999956" classname="LongitudinalSamples" name="autoplot_works_as_expected_for_LongitudinalSamples"/>
    <testcase time="0.00399999999999956" classname="LongitudinalSamples" name="autoplot_works_as_expected_for_LongitudinalSamples"/>
    <testcase time="0.00399999999999956" classname="LongitudinalSamples" name="autoplot_works_as_expected_for_LongitudinalSamples"/>
    <testcase time="0.00500000000000078" classname="LongitudinalSamples" name="autoplot_works_as_expected_for_LongitudinalSamples"/>
    <testcase time="0.052999999999999" classname="LongitudinalSamples" name="autoplot_works_as_expected_for_LongitudinalSamples"/>
    <testcase time="0.00500000000000078" classname="LongitudinalSamples" name="autoplot_works_as_expected_for_LongitudinalSamples"/>
  </testsuite>
  <testsuite name="ParameterList" timestamp="2023-06-03T15:22:33Z" hostname="01196d2f39a2" tests="3" skipped="0" failures="0" errors="0" time="0.021">
    <testcase time="0.0109999999999992" classname="ParameterList" name="ParameterList_smoke_tests"/>
    <testcase time="0.00400000000000134" classname="ParameterList" name="ParameterList_smoke_tests"/>
    <testcase time="0.00600000000000023" classname="ParameterList" name="ParameterList_smoke_tests"/>
  </testsuite>
  <testsuite name="Parameters" timestamp="2023-06-03T15:22:33Z" hostname="01196d2f39a2" tests="4" skipped="0" failures="0" errors="0" time="0.023">
    <testcase time="0.00999999999999979" classname="Parameters" name="Parameters_smoke_tests"/>
    <testcase time="0.00399999999999956" classname="Parameters" name="Parameters_smoke_tests"/>
    <testcase time="0.00500000000000078" classname="Parameters" name="Parameters_smoke_tests"/>
    <testcase time="0.00399999999999956" classname="Parameters" name="Parameters_smoke_tests"/>
  </testsuite>
  <testsuite name="Prior" timestamp="2023-06-03T15:22:33Z" hostname="01196d2f39a2" tests="4" skipped="0" failures="0" errors="0" time="0.024">
    <testcase time="0.00999999999999979" classname="Prior" name="Priors_work_as_expected"/>
    <testcase time="0.00499999999999901" classname="Prior" name="Priors_work_as_expected"/>
    <testcase time="0.00400000000000134" classname="Prior" name="Priors_work_as_expected"/>
    <testcase time="0.00499999999999901" classname="Prior" name="Priors_work_as_expected"/>
  </testsuite>
  <testsuite name="compile" timestamp="2023-06-03T15:22:33Z" hostname="01196d2f39a2" tests="1" skipped="0" failures="0" errors="0" time="10.699">
    <testcase time="10.699" classname="compile" name="compileStanModel_doesn_t_error_if_the_directory_doesn_t_exist"/>
  </testsuite>
  <testsuite name="simulations" timestamp="2023-06-03T15:22:44Z" hostname="01196d2f39a2" tests="26" skipped="0" failures="0" errors="0" time="1.412">
    <testcase time="0.0180000000000007" classname="simulations" name="sim_lm_gsf_works_as_expected"/>
    <testcase time="0.00499999999999901" classname="simulations" name="sim_lm_gsf_works_as_expected"/>
    <testcase time="0.0539999999999985" classname="simulations" name="sim_lm_gsf_works_as_expected"/>
    <testcase time="0.00500000000000256" classname="simulations" name="sim_lm_gsf_works_as_expected"/>
    <testcase time="0.00499999999999901" classname="simulations" name="sim_lm_gsf_works_as_expected"/>
    <testcase time="0.00399999999999778" classname="simulations" name="sim_lm_gsf_works_as_expected"/>
    <testcase time="0.00500000000000256" classname="simulations" name="sim_lm_gsf_works_as_expected"/>
    <testcase time="0.00499999999999901" classname="simulations" name="sim_lm_gsf_works_as_expected"/>
    <testcase time="0.00400000000000134" classname="simulations" name="sim_lm_gsf_works_as_expected"/>
    <testcase time="0.0069999999999979" classname="simulations" name="sim_lm_random_slope_works_as_expected"/>
    <testcase time="0.00499999999999901" classname="simulations" name="sim_lm_random_slope_works_as_expected"/>
    <testcase time="0.017000000000003" classname="simulations" name="sim_lm_random_slope_works_as_expected"/>
    <testcase time="0.00499999999999901" classname="simulations" name="sim_lm_random_slope_works_as_expected"/>
    <testcase time="0.00499999999999901" classname="simulations" name="sim_lm_random_slope_works_as_expected"/>
    <testcase time="0.00499999999999901" classname="simulations" name="sim_lm_random_slope_works_as_expected"/>
    <testcase time="0.00400000000000134" classname="simulations" name="sim_lm_random_slope_works_as_expected"/>
    <testcase time="0.00499999999999901" classname="simulations" name="sim_lm_random_slope_works_as_expected"/>
    <testcase time="0.00500000000000256" classname="simulations" name="sim_lm_random_slope_works_as_expected"/>
    <testcase time="1.226" classname="simulations" name="simulate_joint_data_works_as_expected"/>
    <testcase time="0.00100000000000122" classname="simulations" name="simulate_joint_data_works_as_expected"/>
    <testcase time="0.00199999999999889" classname="simulations" name="simulate_joint_data_works_as_expected"/>
    <testcase time="0.00400000000000134" classname="simulations" name="simulate_joint_data_works_as_expected"/>
    <testcase time="0.00499999999999901" classname="simulations" name="simulate_joint_data_works_as_expected"/>
    <testcase time="0.000999999999997669" classname="simulations" name="simulate_joint_data_works_as_expected"/>
    <testcase time="0.00500000000000256" classname="simulations" name="simulate_joint_data_works_as_expected"/>
    <testcase time="0.00499999999999901" classname="simulations" name="simulate_joint_data_works_as_expected"/>
  </testsuite>
  <testsuite name="utilities" timestamp="2023-06-03T15:22:45Z" hostname="01196d2f39a2" tests="9" skipped="0" failures="0" errors="0" time="0.071">
    <testcase time="0.0120000000000005" classname="utilities" name="get_missing_rownumbers_works_as_expected"/>
    <testcase time="0.00900000000000034" classname="utilities" name="remove_missing_rows_works_as_expected"/>
    <testcase time="0.0069999999999979" classname="utilities" name="expand_initial_values_smoke_tests"/>
    <testcase time="0.00700000000000145" classname="utilities" name="replace_with_lookup_smoke_tests"/>
    <testcase time="0.00600000000000023" classname="utilities" name="replace_with_lookup_smoke_tests"/>
    <testcase time="0.00600000000000023" classname="utilities" name="samples_median_ci_works_as_expected"/>
    <testcase time="0.00899999999999679" classname="utilities" name="samples_median_ci_works_as_expected"/>
    <testcase time="0.00600000000000023" classname="utilities" name="samples_median_ci_works_with_a_custom_credibility_level"/>
    <testcase time="0.00900000000000034" classname="utilities" name="samples_median_ci_works_with_a_custom_credibility_level"/>
  </testsuite>
</testsuites>
