<?xml version="1.0" encoding="UTF-8"?>
<testsuites>
  <testsuite name="DataJoint" timestamp="2023-08-03T16:31:26Z" hostname="0a500ed430a8" tests="4" skipped="0" failures="0" errors="0" time="0.68">
    <testcase time="0.593" classname="DataJoint" name="DataJoint_errors_if_subjects_don_t_allign_after"/>
    <testcase time="0.0499999999999998" classname="DataJoint" name="DataJoint_errors_if_subjects_don_t_allign_after"/>
    <testcase time="0.0289999999999999" classname="DataJoint" name="DataJoint_errors_if_subjects_don_t_allign_after"/>
    <testcase time="0.00800000000000001" classname="DataJoint" name="DataJoint_errors_if_subjects_don_t_allign_after"/>
  </testsuite>
  <testsuite name="DataLongitudinal" timestamp="2023-08-03T16:31:27Z" hostname="0a500ed430a8" tests="15" skipped="0" failures="0" errors="0" time="0.113">
    <testcase time="0.0310000000000001" classname="DataLongitudinal" name="DataLongitudinal_being_rendered_to_list_is_as_expected_for_simple_inputs"/>
    <testcase time="0.004" classname="DataLongitudinal" name="DataLongitudinal_being_rendered_to_list_is_as_expected_for_simple_inputs"/>
    <testcase time="0.00499999999999989" classname="DataLongitudinal" name="DataLongitudinal_being_rendered_to_list_is_as_expected_for_simple_inputs"/>
    <testcase time="0.00500000000000034" classname="DataLongitudinal" name="DataLongitudinal_being_rendered_to_list_is_as_expected_for_simple_inputs"/>
    <testcase time="0.004" classname="DataLongitudinal" name="DataLongitudinal_being_rendered_to_list_is_as_expected_for_simple_inputs"/>
    <testcase time="0.00499999999999989" classname="DataLongitudinal" name="DataLongitudinal_being_rendered_to_list_is_as_expected_for_simple_inputs"/>
    <testcase time="0.00499999999999989" classname="DataLongitudinal" name="DataLongitudinal_being_rendered_to_list_is_as_expected_for_simple_inputs"/>
    <testcase time="0.004" classname="DataLongitudinal" name="DataLongitudinal_being_rendered_to_list_is_as_expected_for_simple_inputs"/>
    <testcase time="0.004" classname="DataLongitudinal" name="DataLongitudinal_being_rendered_to_list_is_as_expected_for_simple_inputs"/>
    <testcase time="0.00099999999999989" classname="DataLongitudinal" name="DataLongitudinal_being_rendered_to_list_is_as_expected_for_simple_inputs"/>
    <testcase time="0.0110000000000001" classname="DataLongitudinal" name="time_grid_is_rejected_if_in_an_invalid_format"/>
    <testcase time="0.0089999999999999" classname="DataLongitudinal" name="time_grid_is_rejected_if_in_an_invalid_format"/>
    <testcase time="0.00800000000000001" classname="DataLongitudinal" name="time_grid_is_rejected_if_in_an_invalid_format"/>
    <testcase time="0.0089999999999999" classname="DataLongitudinal" name="time_grid_is_rejected_if_in_an_invalid_format"/>
    <testcase time="0.00800000000000001" classname="DataLongitudinal" name="time_grid_is_rejected_if_in_an_invalid_format"/>
  </testsuite>
  <testsuite name="DataSurvival" timestamp="2023-08-03T16:31:27Z" hostname="0a500ed430a8" tests="17" skipped="0" failures="0" errors="0" time="0.145">
    <testcase time="0.0300000000000002" classname="DataSurvival" name="Error_Handling"/>
    <testcase time="0.0259999999999998" classname="DataSurvival" name="DataSurvival_being_rendered_to_list_is_as_expected_for_simple_inputs"/>
    <testcase time="0.00500000000000034" classname="DataSurvival" name="DataSurvival_being_rendered_to_list_is_as_expected_for_simple_inputs"/>
    <testcase time="0.00499999999999989" classname="DataSurvival" name="DataSurvival_being_rendered_to_list_is_as_expected_for_simple_inputs"/>
    <testcase time="0.00499999999999989" classname="DataSurvival" name="DataSurvival_being_rendered_to_list_is_as_expected_for_simple_inputs"/>
    <testcase time="0.00300000000000011" classname="DataSurvival" name="DataSurvival_being_rendered_to_list_is_as_expected_for_simple_inputs"/>
    <testcase time="0.00300000000000011" classname="DataSurvival" name="DataSurvival_being_rendered_to_list_is_as_expected_for_simple_inputs"/>
    <testcase time="0.004" classname="DataSurvival" name="DataSurvival_being_rendered_to_list_is_as_expected_for_simple_inputs"/>
    <testcase time="0.00499999999999989" classname="DataSurvival" name="DataSurvival_being_rendered_to_list_is_as_expected_for_simple_inputs"/>
    <testcase time="0.004" classname="DataSurvival" name="DataSurvival_being_rendered_to_list_is_as_expected_for_simple_inputs"/>
    <testcase time="0.004" classname="DataSurvival" name="DataSurvival_being_rendered_to_list_is_as_expected_for_simple_inputs"/>
    <testcase time="0.00499999999999989" classname="DataSurvival" name="DataSurvival_being_rendered_to_list_is_as_expected_for_simple_inputs"/>
    <testcase time="0.012" classname="DataSurvival" name="time_grid_is_rejected_if_in_an_invalid_format"/>
    <testcase time="0.0089999999999999" classname="DataSurvival" name="time_grid_is_rejected_if_in_an_invalid_format"/>
    <testcase time="0.00800000000000001" classname="DataSurvival" name="time_grid_is_rejected_if_in_an_invalid_format"/>
    <testcase time="0.00900000000000034" classname="DataSurvival" name="time_grid_is_rejected_if_in_an_invalid_format"/>
    <testcase time="0.00800000000000001" classname="DataSurvival" name="time_grid_is_rejected_if_in_an_invalid_format"/>
  </testsuite>
  <testsuite name="JointModel" timestamp="2023-08-03T16:31:27Z" hostname="0a500ed430a8" tests="2" skipped="0" failures="0" errors="0" time="0.421">
    <testcase time="0.415999999999999" classname="JointModel" name="JointModel_smoke_tests"/>
    <testcase time="0.00500000000000078" classname="JointModel" name="JointModel_smoke_tests"/>
  </testsuite>
  <testsuite name="JointModelSamples" timestamp="2023-08-03T16:31:28Z" hostname="0a500ed430a8" tests="34" skipped="0" failures="0" errors="0" time="11.369">
    <testcase time="0.00999999999999979" classname="JointModelSamples" name="longitudinal_works_as_expected_for_JointModelSamples"/>
    <testcase time="5.494" classname="JointModelSamples" name="longitudinal_works_as_expected_for_JointModelSamples"/>
    <testcase time="0.000999999999999446" classname="JointModelSamples" name="longitudinal_works_as_expected_for_JointModelSamples"/>
    <testcase time="0.000999999999999446" classname="JointModelSamples" name="longitudinal_works_as_expected_for_JointModelSamples"/>
    <testcase time="0.00399999999999956" classname="JointModelSamples" name="longitudinal_works_as_expected_for_JointModelSamples"/>
    <testcase time="0.00200000000000067" classname="JointModelSamples" name="longitudinal_works_as_expected_for_JointModelSamples"/>
    <testcase time="0.000999999999999446" classname="JointModelSamples" name="longitudinal_works_as_expected_for_JointModelSamples"/>
    <testcase time="0.00400000000000134" classname="JointModelSamples" name="longitudinal_works_as_expected_for_JointModelSamples"/>
    <testcase time="0.000999999999999446" classname="JointModelSamples" name="longitudinal_works_as_expected_for_JointModelSamples"/>
    <testcase time="0.00399999999999956" classname="JointModelSamples" name="longitudinal_works_as_expected_for_JointModelSamples"/>
    <testcase time="0.00100000000000122" classname="JointModelSamples" name="longitudinal_works_as_expected_for_JointModelSamples"/>
    <testcase time="0.00399999999999956" classname="JointModelSamples" name="longitudinal_works_as_expected_for_JointModelSamples"/>
    <testcase time="0.00399999999999956" classname="JointModelSamples" name="longitudinal_works_as_expected_for_JointModelSamples"/>
    <testcase time="0.279" classname="JointModelSamples" name="longitudinal_allows_to_subset_patients"/>
    <testcase time="0.000999999999999446" classname="JointModelSamples" name="longitudinal_allows_to_subset_patients"/>
    <testcase time="0.00200000000000067" classname="JointModelSamples" name="longitudinal_allows_to_subset_patients"/>
    <testcase time="0.00399999999999956" classname="JointModelSamples" name="longitudinal_allows_to_subset_patients"/>
    <testcase time="0.00699999999999967" classname="JointModelSamples" name="survival_works_as_expected_for_JointModelSamples"/>
    <testcase time="5.215" classname="JointModelSamples" name="survival_works_as_expected_for_JointModelSamples"/>
    <testcase time="0.000999999999999446" classname="JointModelSamples" name="survival_works_as_expected_for_JointModelSamples"/>
    <testcase time="0.000999999999999446" classname="JointModelSamples" name="survival_works_as_expected_for_JointModelSamples"/>
    <testcase time="0.00500000000000078" classname="JointModelSamples" name="survival_works_as_expected_for_JointModelSamples"/>
    <testcase time="0.000999999999999446" classname="JointModelSamples" name="survival_works_as_expected_for_JointModelSamples"/>
    <testcase time="0.000999999999999446" classname="JointModelSamples" name="survival_works_as_expected_for_JointModelSamples"/>
    <testcase time="0.00400000000000134" classname="JointModelSamples" name="survival_works_as_expected_for_JointModelSamples"/>
    <testcase time="0.000999999999999446" classname="JointModelSamples" name="survival_works_as_expected_for_JointModelSamples"/>
    <testcase time="0.00399999999999956" classname="JointModelSamples" name="survival_works_as_expected_for_JointModelSamples"/>
    <testcase time="0.00100000000000122" classname="JointModelSamples" name="survival_works_as_expected_for_JointModelSamples"/>
    <testcase time="0.00399999999999956" classname="JointModelSamples" name="survival_works_as_expected_for_JointModelSamples"/>
    <testcase time="0.00399999999999956" classname="JointModelSamples" name="survival_works_as_expected_for_JointModelSamples"/>
    <testcase time="0.296000000000001" classname="JointModelSamples" name="survival_allows_to_subset_patients"/>
    <testcase time="0.000999999999999446" classname="JointModelSamples" name="survival_allows_to_subset_patients"/>
    <testcase time="0.000999999999999446" classname="JointModelSamples" name="survival_allows_to_subset_patients"/>
    <testcase time="0.00500000000000078" classname="JointModelSamples" name="survival_allows_to_subset_patients"/>
  </testsuite>
  <testsuite name="LinkGSF" timestamp="2023-08-03T16:31:39Z" hostname="0a500ed430a8" tests="10" skipped="0" failures="0" errors="0" time="0.245">
    <testcase time="0.0109999999999992" classname="LinkGSF" name="LinkGSF_class_initialization_works_as_expected"/>
    <testcase time="0.00100000000000122" classname="LinkGSF" name="LinkGSF_class_initialization_works_as_expected"/>
    <testcase time="0.0749999999999993" classname="LinkGSF" name="LinkGSF_user_constructor_works_as_expected_with_defaults"/>
    <testcase time="0.00200000000000067" classname="LinkGSF" name="LinkGSF_user_constructor_works_as_expected_with_defaults"/>
    <testcase time="0.0129999999999999" classname="LinkGSF" name="link_gsf_ttg_user_constructor_works_as_expected_with_defaults"/>
    <testcase time="0.000999999999999446" classname="LinkGSF" name="link_gsf_ttg_user_constructor_works_as_expected_with_defaults"/>
    <testcase time="0.0150000000000006" classname="LinkGSF" name="link_gsf_dsld_user_constructor_works_as_expected_with_defaults"/>
    <testcase time="0.00200000000000067" classname="LinkGSF" name="link_gsf_dsld_user_constructor_works_as_expected_with_defaults"/>
    <testcase time="0.081999999999999" classname="LinkGSF" name="LinkGSF_returns_correct_defaults_when_no_arguments_are_supplied"/>
    <testcase time="0.043000000000001" classname="LinkGSF" name="LinkGSF_returns_correct_defaults_when_no_arguments_are_supplied"/>
  </testsuite>
  <testsuite name="LinkNone" timestamp="2023-08-03T16:31:39Z" hostname="0a500ed430a8" tests="5" skipped="0" failures="0" errors="0" time="0.251">
    <testcase time="0.016" classname="LinkNone" name="LinkNone_object_is_generated_without_unexpected_input"/>
    <testcase time="0.00599999999999845" classname="LinkNone" name="LinkNone_object_is_generated_without_unexpected_input"/>
    <testcase time="0.00400000000000134" classname="LinkNone" name="LinkNone_object_is_generated_without_unexpected_input"/>
    <testcase time="0.221" classname="LinkNone" name="LinkNone_object_is_generated_without_unexpected_input"/>
    <testcase time="0.00399999999999778" classname="LinkNone" name="LinkNone_object_is_generated_without_unexpected_input"/>
  </testsuite>
  <testsuite name="LinkRandomSlope" timestamp="2023-08-03T16:31:39Z" hostname="0a500ed430a8" tests="3" skipped="0" failures="0" errors="0" time="0.032">
    <testcase time="0.0230000000000032" classname="LinkRandomSlope" name="LinkRandomSlope_smoke_tests"/>
    <testcase time="0.00399999999999778" classname="LinkRandomSlope" name="LinkRandomSlope_smoke_tests"/>
    <testcase time="0.00499999999999901" classname="LinkRandomSlope" name="LinkRandomSlope_smoke_tests"/>
  </testsuite>
  <testsuite name="LongitudinalGSF" timestamp="2023-08-03T16:31:39Z" hostname="0a500ed430a8" tests="4" skipped="0" failures="0" errors="0" time="184.052">
    <testcase time="0.112000000000002" classname="LongitudinalGSF" name="LongitudinalGSF_works_as_expected_with_default_arguments"/>
    <testcase time="0.00199999999999889" classname="LongitudinalGSF" name="LongitudinalGSF_works_as_expected_with_default_arguments"/>
    <testcase time="181.008" classname="LongitudinalGSF" name="LongitudinalGSF_works_as_expected_with_a_single_study"/>
    <testcase time="2.93000000000001" classname="LongitudinalGSF" name="LongitudinalGSF_works_as_expected_with_a_single_study"/>
  </testsuite>
  <testsuite name="LongitudinalSamples" timestamp="2023-08-03T16:34:43Z" hostname="0a500ed430a8" tests="17" skipped="0" failures="0" errors="0" time="0.476">
    <testcase time="0.0109999999999957" classname="LongitudinalSamples" name="LongitudinalSamples_can_be_initialized"/>
    <testcase time="0.0029999999999859" classname="LongitudinalSamples" name="LongitudinalSamples_can_be_initialized"/>
    <testcase time="0.00800000000000978" classname="LongitudinalSamples" name="subsetting_works_as_expected_for_LongitudinalSamples"/>
    <testcase time="0.00100000000000477" classname="LongitudinalSamples" name="subsetting_works_as_expected_for_LongitudinalSamples"/>
    <testcase time="0.0029999999999859" classname="LongitudinalSamples" name="subsetting_works_as_expected_for_LongitudinalSamples"/>
    <testcase time="0.217999999999989" classname="LongitudinalSamples" name="autoplot_works_as_expected_for_LongitudinalSamples"/>
    <testcase time="0.114000000000004" classname="LongitudinalSamples" name="autoplot_works_as_expected_for_LongitudinalSamples"/>
    <testcase time="0.00499999999999545" classname="LongitudinalSamples" name="autoplot_works_as_expected_for_LongitudinalSamples"/>
    <testcase time="0.0040000000000191" classname="LongitudinalSamples" name="autoplot_works_as_expected_for_LongitudinalSamples"/>
    <testcase time="0.00399999999999068" classname="LongitudinalSamples" name="autoplot_works_as_expected_for_LongitudinalSamples"/>
    <testcase time="0.0450000000000159" classname="LongitudinalSamples" name="autoplot_works_as_expected_for_LongitudinalSamples"/>
    <testcase time="0.00399999999999068" classname="LongitudinalSamples" name="autoplot_works_as_expected_for_LongitudinalSamples"/>
    <testcase time="0.00399999999999068" classname="LongitudinalSamples" name="autoplot_works_as_expected_for_LongitudinalSamples"/>
    <testcase time="0.0040000000000191" classname="LongitudinalSamples" name="autoplot_works_as_expected_for_LongitudinalSamples"/>
    <testcase time="0.00399999999999068" classname="LongitudinalSamples" name="autoplot_works_as_expected_for_LongitudinalSamples"/>
    <testcase time="0.0389999999999873" classname="LongitudinalSamples" name="autoplot_works_as_expected_for_LongitudinalSamples"/>
    <testcase time="0.00499999999999545" classname="LongitudinalSamples" name="autoplot_works_as_expected_for_LongitudinalSamples"/>
  </testsuite>
  <testsuite name="ParameterList" timestamp="2023-08-03T16:34:44Z" hostname="0a500ed430a8" tests="3" skipped="0" failures="0" errors="0" time="0.025">
    <testcase time="0.0150000000000148" classname="ParameterList" name="ParameterList_smoke_tests"/>
    <testcase time="0.00399999999999068" classname="ParameterList" name="ParameterList_smoke_tests"/>
    <testcase time="0.00600000000000023" classname="ParameterList" name="ParameterList_smoke_tests"/>
  </testsuite>
  <testsuite name="Parameters" timestamp="2023-08-03T16:34:44Z" hostname="0a500ed430a8" tests="4" skipped="0" failures="0" errors="0" time="0.026">
    <testcase time="0.0130000000000052" classname="Parameters" name="Parameters_smoke_tests"/>
    <testcase time="0.00399999999999068" classname="Parameters" name="Parameters_smoke_tests"/>
    <testcase time="0.00500000000002387" classname="Parameters" name="Parameters_smoke_tests"/>
    <testcase time="0.00399999999999068" classname="Parameters" name="Parameters_smoke_tests"/>
  </testsuite>
  <testsuite name="Prior" timestamp="2023-08-03T16:34:44Z" hostname="0a500ed430a8" tests="4" skipped="0" failures="0" errors="0" time="0.04">
    <testcase time="0.0130000000000052" classname="Prior" name="Priors_work_as_expected"/>
    <testcase time="0.00399999999999068" classname="Prior" name="Priors_work_as_expected"/>
    <testcase time="0.00399999999999068" classname="Prior" name="Priors_work_as_expected"/>
    <testcase time="0.0190000000000055" classname="Prior" name="Priors_work_as_expected"/>
  </testsuite>
  <testsuite name="SurvivalSamples" timestamp="2023-08-03T16:34:44Z" hostname="0a500ed430a8" tests="26" skipped="1" failures="0" errors="0" time="1.466">
    <testcase time="0.0130000000000052" classname="SurvivalSamples" name="SurvivalSamples_can_be_initialized"/>
    <testcase time="0.00399999999999068" classname="SurvivalSamples" name="SurvivalSamples_can_be_initialized"/>
    <testcase time="0.00900000000001455" classname="SurvivalSamples" name="subsetting_works_as_expected_for_SurvivalSamples"/>
    <testcase time="0.00100000000000477" classname="SurvivalSamples" name="subsetting_works_as_expected_for_SurvivalSamples"/>
    <testcase time="0.00399999999999068" classname="SurvivalSamples" name="subsetting_works_as_expected_for_SurvivalSamples"/>
    <testcase time="0.0130000000000052" classname="SurvivalSamples" name="aggregate_works_as_expected_for_SurvivalSamples"/>
    <testcase time="0.00399999999999068" classname="SurvivalSamples" name="aggregate_works_as_expected_for_SurvivalSamples"/>
    <testcase time="0.00399999999999068" classname="SurvivalSamples" name="aggregate_works_as_expected_for_SurvivalSamples"/>
    <testcase time="0.0040000000000191" classname="SurvivalSamples" name="aggregate_works_as_expected_for_SurvivalSamples"/>
    <testcase time="0.192999999999984" classname="SurvivalSamples" name="autoplot_works_as_expected_for_SurvivalSamples"/>
    <testcase time="0.061000000000007" classname="SurvivalSamples" name="autoplot_works_as_expected_for_SurvivalSamples"/>
    <testcase time="0.00499999999999545" classname="SurvivalSamples" name="autoplot_works_as_expected_for_SurvivalSamples"/>
    <testcase time="0.0040000000000191" classname="SurvivalSamples" name="autoplot_works_as_expected_for_SurvivalSamples"/>
    <testcase time="0.00399999999999068" classname="SurvivalSamples" name="autoplot_works_as_expected_for_SurvivalSamples"/>
    <testcase time="0.0569999999999879" classname="SurvivalSamples" name="autoplot_works_as_expected_for_SurvivalSamples"/>
    <testcase time="0.0229999999999961" classname="SurvivalSamples" name="autoplot_works_as_expected_for_SurvivalSamples"/>
    <testcase time="0.00500000000002387" classname="SurvivalSamples" name="autoplot_works_as_expected_for_SurvivalSamples"/>
    <testcase time="0.00399999999999068" classname="SurvivalSamples" name="autoplot_works_as_expected_for_SurvivalSamples"/>
    <testcase time="0.00399999999999068" classname="SurvivalSamples" name="autoplot_works_as_expected_for_SurvivalSamples"/>
    <testcase time="0.0570000000000164" classname="SurvivalSamples" name="autoplot_works_as_expected_for_SurvivalSamples"/>
    <testcase time="0.00399999999999068" classname="SurvivalSamples" name="autoplot_works_as_expected_for_SurvivalSamples"/>
    <testcase time="0.199999999999989" classname="SurvivalSamples" name="autoplot_does_not_show_the_Kaplan_Meier_plot_if_disabled"/>
    <testcase time="0.00500000000002387" classname="SurvivalSamples" name="autoplot_does_not_show_the_Kaplan_Meier_plot_if_disabled"/>
    <testcase time="0.478999999999985" classname="SurvivalSamples" name="autoplot_works_end_to_end_with_Kaplan_Meier_plot"/>
    <testcase time="0.00399999999999068" classname="SurvivalSamples" name="autoplot_works_end_to_end_with_Kaplan_Meier_plot"/>
    <testcase time="0.301000000000016" classname="SurvivalSamples" name="autoplot_works_end_to_end_with_Kaplan_Meier_plot">
      <skipped message="Reason: On CRAN ('test-SurvivalSamples.R:113:5')"/>
    </testcase>
  </testsuite>
  <testsuite name="compile" timestamp="2023-08-03T16:34:46Z" hostname="0a500ed430a8" tests="1" skipped="0" failures="0" errors="0" time="10.059">
    <testcase time="10.059" classname="compile" name="compileStanModel_doesn_t_error_if_the_directory_doesn_t_exist"/>
  </testsuite>
  <testsuite name="simulations" timestamp="2023-08-03T16:34:56Z" hostname="0a500ed430a8" tests="27" skipped="0" failures="0" errors="0" time="1.58">
    <testcase time="0.0190000000000055" classname="simulations" name="sim_lm_gsf_works_as_expected"/>
    <testcase time="0.00499999999999545" classname="simulations" name="sim_lm_gsf_works_as_expected"/>
    <testcase time="0.0500000000000114" classname="simulations" name="sim_lm_gsf_works_as_expected"/>
    <testcase time="0.0040000000000191" classname="simulations" name="sim_lm_gsf_works_as_expected"/>
    <testcase time="0.00499999999999545" classname="simulations" name="sim_lm_gsf_works_as_expected"/>
    <testcase time="0.00499999999999545" classname="simulations" name="sim_lm_gsf_works_as_expected"/>
    <testcase time="0.00399999999999068" classname="simulations" name="sim_lm_gsf_works_as_expected"/>
    <testcase time="0.0040000000000191" classname="simulations" name="sim_lm_gsf_works_as_expected"/>
    <testcase time="0.00499999999999545" classname="simulations" name="sim_lm_gsf_works_as_expected"/>
    <testcase time="0.00899999999998613" classname="simulations" name="sim_lm_random_slope_works_as_expected"/>
    <testcase time="0.00500000000002387" classname="simulations" name="sim_lm_random_slope_works_as_expected"/>
    <testcase time="0.0139999999999816" classname="simulations" name="sim_lm_random_slope_works_as_expected"/>
    <testcase time="0.00499999999999545" classname="simulations" name="sim_lm_random_slope_works_as_expected"/>
    <testcase time="0.0040000000000191" classname="simulations" name="sim_lm_random_slope_works_as_expected"/>
    <testcase time="0.00499999999999545" classname="simulations" name="sim_lm_random_slope_works_as_expected"/>
    <testcase time="0.00399999999999068" classname="simulations" name="sim_lm_random_slope_works_as_expected"/>
    <testcase time="0.00399999999999068" classname="simulations" name="sim_lm_random_slope_works_as_expected"/>
    <testcase time="0.0040000000000191" classname="simulations" name="sim_lm_random_slope_works_as_expected"/>
    <testcase time="1.08199999999999" classname="simulations" name="simulate_joint_data_works_as_expected"/>
    <testcase time="0.00100000000000477" classname="simulations" name="simulate_joint_data_works_as_expected"/>
    <testcase time="0.00199999999998113" classname="simulations" name="simulate_joint_data_works_as_expected"/>
    <testcase time="0.0040000000000191" classname="simulations" name="simulate_joint_data_works_as_expected"/>
    <testcase time="0.00499999999999545" classname="simulations" name="simulate_joint_data_works_as_expected"/>
    <testcase time="0.00100000000000477" classname="simulations" name="simulate_joint_data_works_as_expected"/>
    <testcase time="0.00399999999999068" classname="simulations" name="simulate_joint_data_works_as_expected"/>
    <testcase time="0.00499999999999545" classname="simulations" name="simulate_joint_data_works_as_expected"/>
    <testcase time="0.320999999999998" classname="simulations" name="simulate_joint_data_leads_to_valid_DataJoint_with_almost_only_default_arguments"/>
  </testsuite>
  <testsuite name="utilities" timestamp="2023-08-03T16:34:57Z" hostname="0a500ed430a8" tests="10" skipped="0" failures="0" errors="0" time="0.102">
    <testcase time="0.0150000000000148" classname="utilities" name="get_missing_rownumbers_works_as_expected"/>
    <testcase time="0.0109999999999957" classname="utilities" name="remove_missing_rows_works_as_expected"/>
    <testcase time="0.00999999999999091" classname="utilities" name="expand_initial_values_works_as_expected"/>
    <testcase time="0.0100000000000193" classname="utilities" name="replace_with_lookup_works_and_sets_array_attributes_as_expected"/>
    <testcase time="0.0109999999999957" classname="utilities" name="replace_with_lookup_asserts_sizes_as_numbers_as_expected"/>
    <testcase time="0.0109999999999957" classname="utilities" name="replace_with_lookup_asserts_looked_up_sizes_as_numbers_as_expected"/>
    <testcase time="0.00899999999998613" classname="utilities" name="samples_median_ci_works_as_expected"/>
    <testcase time="0.00900000000001455" classname="utilities" name="samples_median_ci_works_as_expected"/>
    <testcase time="0.00799999999998136" classname="utilities" name="samples_median_ci_works_with_a_custom_credibility_level"/>
    <testcase time="0.00800000000000978" classname="utilities" name="samples_median_ci_works_with_a_custom_credibility_level"/>
  </testsuite>
</testsuites>
