<?xml version="1.0" encoding="UTF-8"?>
<testsuites>
  <testsuite name="DataJoint" timestamp="2023-08-03T15:40:07Z" hostname="830384cd1fdf" tests="4" skipped="0" failures="0" errors="0" time="0.815">
    <testcase time="0.709" classname="DataJoint" name="DataJoint_errors_if_subjects_don_t_allign_after"/>
    <testcase time="0.0610000000000008" classname="DataJoint" name="DataJoint_errors_if_subjects_don_t_allign_after"/>
    <testcase time="0.0349999999999993" classname="DataJoint" name="DataJoint_errors_if_subjects_don_t_allign_after"/>
    <testcase time="0.0100000000000007" classname="DataJoint" name="DataJoint_errors_if_subjects_don_t_allign_after"/>
  </testsuite>
  <testsuite name="DataLongitudinal" timestamp="2023-08-03T15:40:08Z" hostname="830384cd1fdf" tests="15" skipped="0" failures="0" errors="0" time="0.138">
    <testcase time="0.0369999999999999" classname="DataLongitudinal" name="DataLongitudinal_being_rendered_to_list_is_as_expected_for_simple_inputs"/>
    <testcase time="0.00499999999999989" classname="DataLongitudinal" name="DataLongitudinal_being_rendered_to_list_is_as_expected_for_simple_inputs"/>
    <testcase time="0.00600000000000023" classname="DataLongitudinal" name="DataLongitudinal_being_rendered_to_list_is_as_expected_for_simple_inputs"/>
    <testcase time="0.00599999999999934" classname="DataLongitudinal" name="DataLongitudinal_being_rendered_to_list_is_as_expected_for_simple_inputs"/>
    <testcase time="0.00600000000000023" classname="DataLongitudinal" name="DataLongitudinal_being_rendered_to_list_is_as_expected_for_simple_inputs"/>
    <testcase time="0.00600000000000023" classname="DataLongitudinal" name="DataLongitudinal_being_rendered_to_list_is_as_expected_for_simple_inputs"/>
    <testcase time="0.00600000000000023" classname="DataLongitudinal" name="DataLongitudinal_being_rendered_to_list_is_as_expected_for_simple_inputs"/>
    <testcase time="0.00499999999999989" classname="DataLongitudinal" name="DataLongitudinal_being_rendered_to_list_is_as_expected_for_simple_inputs"/>
    <testcase time="0.00499999999999989" classname="DataLongitudinal" name="DataLongitudinal_being_rendered_to_list_is_as_expected_for_simple_inputs"/>
    <testcase time="0.000999999999999446" classname="DataLongitudinal" name="DataLongitudinal_being_rendered_to_list_is_as_expected_for_simple_inputs"/>
    <testcase time="0.0140000000000002" classname="DataLongitudinal" name="time_grid_is_rejected_if_in_an_invalid_format"/>
    <testcase time="0.00999999999999979" classname="DataLongitudinal" name="time_grid_is_rejected_if_in_an_invalid_format"/>
    <testcase time="0.0110000000000001" classname="DataLongitudinal" name="time_grid_is_rejected_if_in_an_invalid_format"/>
    <testcase time="0.0100000000000007" classname="DataLongitudinal" name="time_grid_is_rejected_if_in_an_invalid_format"/>
    <testcase time="0.00999999999999979" classname="DataLongitudinal" name="time_grid_is_rejected_if_in_an_invalid_format"/>
  </testsuite>
  <testsuite name="DataSurvival" timestamp="2023-08-03T15:40:08Z" hostname="830384cd1fdf" tests="12" skipped="0" failures="0" errors="0" time="0.121">
    <testcase time="0.0379999999999994" classname="DataSurvival" name="Error_Handling"/>
    <testcase time="0.0300000000000002" classname="DataSurvival" name="DataSurvival_being_rendered_to_list_is_as_expected_for_simple_inputs"/>
    <testcase time="0.00600000000000023" classname="DataSurvival" name="DataSurvival_being_rendered_to_list_is_as_expected_for_simple_inputs"/>
    <testcase time="0.00600000000000023" classname="DataSurvival" name="DataSurvival_being_rendered_to_list_is_as_expected_for_simple_inputs"/>
    <testcase time="0.00499999999999989" classname="DataSurvival" name="DataSurvival_being_rendered_to_list_is_as_expected_for_simple_inputs"/>
    <testcase time="0.00499999999999989" classname="DataSurvival" name="DataSurvival_being_rendered_to_list_is_as_expected_for_simple_inputs"/>
    <testcase time="0.00499999999999989" classname="DataSurvival" name="DataSurvival_being_rendered_to_list_is_as_expected_for_simple_inputs"/>
    <testcase time="0.00499999999999989" classname="DataSurvival" name="DataSurvival_being_rendered_to_list_is_as_expected_for_simple_inputs"/>
    <testcase time="0.00499999999999989" classname="DataSurvival" name="DataSurvival_being_rendered_to_list_is_as_expected_for_simple_inputs"/>
    <testcase time="0.00499999999999989" classname="DataSurvival" name="DataSurvival_being_rendered_to_list_is_as_expected_for_simple_inputs"/>
    <testcase time="0.00499999999999989" classname="DataSurvival" name="DataSurvival_being_rendered_to_list_is_as_expected_for_simple_inputs"/>
    <testcase time="0.00600000000000023" classname="DataSurvival" name="DataSurvival_being_rendered_to_list_is_as_expected_for_simple_inputs"/>
  </testsuite>
  <testsuite name="JointModel" timestamp="2023-08-03T15:40:08Z" hostname="830384cd1fdf" tests="2" skipped="0" failures="0" errors="0" time="0.511">
    <testcase time="0.506" classname="JointModel" name="JointModel_smoke_tests"/>
    <testcase time="0.00499999999999989" classname="JointModel" name="JointModel_smoke_tests"/>
  </testsuite>
  <testsuite name="JointModelSamples" timestamp="2023-08-03T15:40:08Z" hostname="830384cd1fdf" tests="34" skipped="0" failures="0" errors="0" time="13.91">
    <testcase time="0.0129999999999999" classname="JointModelSamples" name="longitudinal_works_as_expected_for_JointModelSamples"/>
    <testcase time="6.681" classname="JointModelSamples" name="longitudinal_works_as_expected_for_JointModelSamples"/>
    <testcase time="0.000999999999999446" classname="JointModelSamples" name="longitudinal_works_as_expected_for_JointModelSamples"/>
    <testcase time="0.00200000000000067" classname="JointModelSamples" name="longitudinal_works_as_expected_for_JointModelSamples"/>
    <testcase time="0.00499999999999901" classname="JointModelSamples" name="longitudinal_works_as_expected_for_JointModelSamples"/>
    <testcase time="0.00100000000000122" classname="JointModelSamples" name="longitudinal_works_as_expected_for_JointModelSamples"/>
    <testcase time="0.000999999999999446" classname="JointModelSamples" name="longitudinal_works_as_expected_for_JointModelSamples"/>
    <testcase time="0.00500000000000078" classname="JointModelSamples" name="longitudinal_works_as_expected_for_JointModelSamples"/>
    <testcase time="0.00199999999999889" classname="JointModelSamples" name="longitudinal_works_as_expected_for_JointModelSamples"/>
    <testcase time="0.00500000000000078" classname="JointModelSamples" name="longitudinal_works_as_expected_for_JointModelSamples"/>
    <testcase time="0.000999999999999446" classname="JointModelSamples" name="longitudinal_works_as_expected_for_JointModelSamples"/>
    <testcase time="0.00500000000000078" classname="JointModelSamples" name="longitudinal_works_as_expected_for_JointModelSamples"/>
    <testcase time="0.00499999999999901" classname="JointModelSamples" name="longitudinal_works_as_expected_for_JointModelSamples"/>
    <testcase time="0.346" classname="JointModelSamples" name="longitudinal_allows_to_subset_patients"/>
    <testcase time="0.00200000000000067" classname="JointModelSamples" name="longitudinal_allows_to_subset_patients"/>
    <testcase time="0.000999999999999446" classname="JointModelSamples" name="longitudinal_allows_to_subset_patients"/>
    <testcase time="0.00500000000000078" classname="JointModelSamples" name="longitudinal_allows_to_subset_patients"/>
    <testcase time="0.00900000000000034" classname="JointModelSamples" name="survival_works_as_expected_for_JointModelSamples"/>
    <testcase time="6.409" classname="JointModelSamples" name="survival_works_as_expected_for_JointModelSamples"/>
    <testcase time="0.00199999999999889" classname="JointModelSamples" name="survival_works_as_expected_for_JointModelSamples"/>
    <testcase time="0.00199999999999889" classname="JointModelSamples" name="survival_works_as_expected_for_JointModelSamples"/>
    <testcase time="0.00500000000000256" classname="JointModelSamples" name="survival_works_as_expected_for_JointModelSamples"/>
    <testcase time="0.000999999999997669" classname="JointModelSamples" name="survival_works_as_expected_for_JointModelSamples"/>
    <testcase time="0.00199999999999889" classname="JointModelSamples" name="survival_works_as_expected_for_JointModelSamples"/>
    <testcase time="0.00500000000000256" classname="JointModelSamples" name="survival_works_as_expected_for_JointModelSamples"/>
    <testcase time="0.000999999999997669" classname="JointModelSamples" name="survival_works_as_expected_for_JointModelSamples"/>
    <testcase time="0.00500000000000256" classname="JointModelSamples" name="survival_works_as_expected_for_JointModelSamples"/>
    <testcase time="0.00199999999999889" classname="JointModelSamples" name="survival_works_as_expected_for_JointModelSamples"/>
    <testcase time="0.00499999999999901" classname="JointModelSamples" name="survival_works_as_expected_for_JointModelSamples"/>
    <testcase time="0.00500000000000256" classname="JointModelSamples" name="survival_works_as_expected_for_JointModelSamples"/>
    <testcase time="0.366" classname="JointModelSamples" name="survival_allows_to_subset_patients"/>
    <testcase time="0.00199999999999889" classname="JointModelSamples" name="survival_allows_to_subset_patients"/>
    <testcase time="0.00199999999999889" classname="JointModelSamples" name="survival_allows_to_subset_patients"/>
    <testcase time="0.00600000000000023" classname="JointModelSamples" name="survival_allows_to_subset_patients"/>
  </testsuite>
  <testsuite name="LinkGSF" timestamp="2023-08-03T15:40:22Z" hostname="830384cd1fdf" tests="10" skipped="0" failures="0" errors="0" time="0.305">
    <testcase time="0.0139999999999993" classname="LinkGSF" name="LinkGSF_class_initialization_works_as_expected"/>
    <testcase time="0.00200000000000244" classname="LinkGSF" name="LinkGSF_class_initialization_works_as_expected"/>
    <testcase time="0.093" classname="LinkGSF" name="LinkGSF_user_constructor_works_as_expected_with_defaults"/>
    <testcase time="0.00199999999999889" classname="LinkGSF" name="LinkGSF_user_constructor_works_as_expected_with_defaults"/>
    <testcase time="0.0160000000000018" classname="LinkGSF" name="link_gsf_ttg_user_constructor_works_as_expected_with_defaults"/>
    <testcase time="0.00199999999999889" classname="LinkGSF" name="link_gsf_ttg_user_constructor_works_as_expected_with_defaults"/>
    <testcase time="0.0189999999999984" classname="LinkGSF" name="link_gsf_dsld_user_constructor_works_as_expected_with_defaults"/>
    <testcase time="0.00100000000000122" classname="LinkGSF" name="link_gsf_dsld_user_constructor_works_as_expected_with_defaults"/>
    <testcase time="0.102" classname="LinkGSF" name="LinkGSF_returns_correct_defaults_when_no_arguments_are_supplied"/>
    <testcase time="0.0539999999999985" classname="LinkGSF" name="LinkGSF_returns_correct_defaults_when_no_arguments_are_supplied"/>
  </testsuite>
  <testsuite name="LinkNone" timestamp="2023-08-03T15:40:23Z" hostname="830384cd1fdf" tests="5" skipped="0" failures="0" errors="0" time="0.282">
    <testcase time="0.0180000000000007" classname="LinkNone" name="LinkNone_object_is_generated_without_unexpected_input"/>
    <testcase time="0.00900000000000034" classname="LinkNone" name="LinkNone_object_is_generated_without_unexpected_input"/>
    <testcase time="0.245000000000001" classname="LinkNone" name="LinkNone_object_is_generated_without_unexpected_input"/>
    <testcase time="0.00499999999999901" classname="LinkNone" name="LinkNone_object_is_generated_without_unexpected_input"/>
    <testcase time="0.00499999999999901" classname="LinkNone" name="LinkNone_object_is_generated_without_unexpected_input"/>
  </testsuite>
  <testsuite name="LinkRandomSlope" timestamp="2023-08-03T15:40:23Z" hostname="830384cd1fdf" tests="3" skipped="0" failures="0" errors="0" time="0.039">
    <testcase time="0.027000000000001" classname="LinkRandomSlope" name="LinkRandomSlope_smoke_tests"/>
    <testcase time="0.00600000000000023" classname="LinkRandomSlope" name="LinkRandomSlope_smoke_tests"/>
    <testcase time="0.00600000000000023" classname="LinkRandomSlope" name="LinkRandomSlope_smoke_tests"/>
  </testsuite>
  <testsuite name="LongitudinalGSF" timestamp="2023-08-03T15:40:23Z" hostname="830384cd1fdf" tests="4" skipped="0" failures="0" errors="0" time="231.225">
    <testcase time="0.137" classname="LongitudinalGSF" name="LongitudinalGSF_works_as_expected_with_default_arguments"/>
    <testcase time="0.00100000000000122" classname="LongitudinalGSF" name="LongitudinalGSF_works_as_expected_with_default_arguments"/>
    <testcase time="227.388" classname="LongitudinalGSF" name="LongitudinalGSF_works_as_expected_with_a_single_study"/>
    <testcase time="3.69900000000001" classname="LongitudinalGSF" name="LongitudinalGSF_works_as_expected_with_a_single_study"/>
  </testsuite>
  <testsuite name="LongitudinalSamples" timestamp="2023-08-03T15:44:14Z" hostname="830384cd1fdf" tests="17" skipped="0" failures="0" errors="0" time="0.576">
    <testcase time="0.0139999999999816" classname="LongitudinalSamples" name="LongitudinalSamples_can_be_initialized"/>
    <testcase time="0.00499999999999545" classname="LongitudinalSamples" name="LongitudinalSamples_can_be_initialized"/>
    <testcase time="0.0100000000000193" classname="LongitudinalSamples" name="subsetting_works_as_expected_for_LongitudinalSamples"/>
    <testcase time="0.00199999999998113" classname="LongitudinalSamples" name="subsetting_works_as_expected_for_LongitudinalSamples"/>
    <testcase time="0.0040000000000191" classname="LongitudinalSamples" name="subsetting_works_as_expected_for_LongitudinalSamples"/>
    <testcase time="0.323000000000008" classname="LongitudinalSamples" name="autoplot_works_as_expected_for_LongitudinalSamples"/>
    <testcase time="0.0729999999999791" classname="LongitudinalSamples" name="autoplot_works_as_expected_for_LongitudinalSamples"/>
    <testcase time="0.00600000000000023" classname="LongitudinalSamples" name="autoplot_works_as_expected_for_LongitudinalSamples"/>
    <testcase time="0.00499999999999545" classname="LongitudinalSamples" name="autoplot_works_as_expected_for_LongitudinalSamples"/>
    <testcase time="0.00500000000002387" classname="LongitudinalSamples" name="autoplot_works_as_expected_for_LongitudinalSamples"/>
    <testcase time="0.0549999999999784" classname="LongitudinalSamples" name="autoplot_works_as_expected_for_LongitudinalSamples"/>
    <testcase time="0.00500000000002387" classname="LongitudinalSamples" name="autoplot_works_as_expected_for_LongitudinalSamples"/>
    <testcase time="0.00499999999999545" classname="LongitudinalSamples" name="autoplot_works_as_expected_for_LongitudinalSamples"/>
    <testcase time="0.00499999999999545" classname="LongitudinalSamples" name="autoplot_works_as_expected_for_LongitudinalSamples"/>
    <testcase time="0.00499999999999545" classname="LongitudinalSamples" name="autoplot_works_as_expected_for_LongitudinalSamples"/>
    <testcase time="0.0480000000000018" classname="LongitudinalSamples" name="autoplot_works_as_expected_for_LongitudinalSamples"/>
    <testcase time="0.00600000000000023" classname="LongitudinalSamples" name="autoplot_works_as_expected_for_LongitudinalSamples"/>
  </testsuite>
  <testsuite name="ParameterList" timestamp="2023-08-03T15:44:15Z" hostname="830384cd1fdf" tests="3" skipped="0" failures="0" errors="0" time="0.029">
    <testcase time="0.0169999999999959" classname="ParameterList" name="ParameterList_smoke_tests"/>
    <testcase time="0.00499999999999545" classname="ParameterList" name="ParameterList_smoke_tests"/>
    <testcase time="0.007000000000005" classname="ParameterList" name="ParameterList_smoke_tests"/>
  </testsuite>
  <testsuite name="Parameters" timestamp="2023-08-03T15:44:15Z" hostname="830384cd1fdf" tests="4" skipped="0" failures="0" errors="0" time="0.032">
    <testcase time="0.0159999999999911" classname="Parameters" name="Parameters_smoke_tests"/>
    <testcase time="0.00500000000002387" classname="Parameters" name="Parameters_smoke_tests"/>
    <testcase time="0.00600000000000023" classname="Parameters" name="Parameters_smoke_tests"/>
    <testcase time="0.00499999999999545" classname="Parameters" name="Parameters_smoke_tests"/>
  </testsuite>
  <testsuite name="Prior" timestamp="2023-08-03T15:44:15Z" hostname="830384cd1fdf" tests="4" skipped="0" failures="0" errors="0" time="0.359">
    <testcase time="0.343999999999994" classname="Prior" name="Priors_work_as_expected"/>
    <testcase time="0.00499999999999545" classname="Prior" name="Priors_work_as_expected"/>
    <testcase time="0.00499999999999545" classname="Prior" name="Priors_work_as_expected"/>
    <testcase time="0.00499999999999545" classname="Prior" name="Priors_work_as_expected"/>
  </testsuite>
  <testsuite name="SurvivalSamples" timestamp="2023-08-03T15:44:15Z" hostname="830384cd1fdf" tests="26" skipped="1" failures="0" errors="0" time="1.4">
    <testcase time="0.0120000000000005" classname="SurvivalSamples" name="SurvivalSamples_can_be_initialized"/>
    <testcase time="0.00499999999999545" classname="SurvivalSamples" name="SurvivalSamples_can_be_initialized"/>
    <testcase time="0.0100000000000193" classname="SurvivalSamples" name="subsetting_works_as_expected_for_SurvivalSamples"/>
    <testcase time="0.000999999999976353" classname="SurvivalSamples" name="subsetting_works_as_expected_for_SurvivalSamples"/>
    <testcase time="0.0040000000000191" classname="SurvivalSamples" name="subsetting_works_as_expected_for_SurvivalSamples"/>
    <testcase time="0.0149999999999864" classname="SurvivalSamples" name="aggregate_works_as_expected_for_SurvivalSamples"/>
    <testcase time="0.00499999999999545" classname="SurvivalSamples" name="aggregate_works_as_expected_for_SurvivalSamples"/>
    <testcase time="0.00500000000002387" classname="SurvivalSamples" name="aggregate_works_as_expected_for_SurvivalSamples"/>
    <testcase time="0.00499999999999545" classname="SurvivalSamples" name="aggregate_works_as_expected_for_SurvivalSamples"/>
    <testcase time="0.23399999999998" classname="SurvivalSamples" name="autoplot_works_as_expected_for_SurvivalSamples"/>
    <testcase time="0.085000000000008" classname="SurvivalSamples" name="autoplot_works_as_expected_for_SurvivalSamples"/>
    <testcase time="0.00600000000000023" classname="SurvivalSamples" name="autoplot_works_as_expected_for_SurvivalSamples"/>
    <testcase time="0.00499999999999545" classname="SurvivalSamples" name="autoplot_works_as_expected_for_SurvivalSamples"/>
    <testcase time="0.0040000000000191" classname="SurvivalSamples" name="autoplot_works_as_expected_for_SurvivalSamples"/>
    <testcase time="0.0679999999999836" classname="SurvivalSamples" name="autoplot_works_as_expected_for_SurvivalSamples"/>
    <testcase time="0.00499999999999545" classname="SurvivalSamples" name="autoplot_works_as_expected_for_SurvivalSamples"/>
    <testcase time="0.00500000000002387" classname="SurvivalSamples" name="autoplot_works_as_expected_for_SurvivalSamples"/>
    <testcase time="0.00499999999999545" classname="SurvivalSamples" name="autoplot_works_as_expected_for_SurvivalSamples"/>
    <testcase time="0.00499999999999545" classname="SurvivalSamples" name="autoplot_works_as_expected_for_SurvivalSamples"/>
    <testcase time="0.0689999999999884" classname="SurvivalSamples" name="autoplot_works_as_expected_for_SurvivalSamples"/>
    <testcase time="0.00600000000000023" classname="SurvivalSamples" name="autoplot_works_as_expected_for_SurvivalSamples"/>
    <testcase time="0.248000000000019" classname="SurvivalSamples" name="autoplot_does_not_show_the_Kaplan_Meier_plot_if_disabled"/>
    <testcase time="0.00600000000000023" classname="SurvivalSamples" name="autoplot_does_not_show_the_Kaplan_Meier_plot_if_disabled"/>
    <testcase time="0.22399999999999" classname="SurvivalSamples" name="autoplot_works_end_to_end_with_Kaplan_Meier_plot"/>
    <testcase time="0.00499999999999545" classname="SurvivalSamples" name="autoplot_works_end_to_end_with_Kaplan_Meier_plot"/>
    <testcase time="0.358000000000004" classname="SurvivalSamples" name="autoplot_works_end_to_end_with_Kaplan_Meier_plot">
      <skipped message="Reason: On CRAN ('test-SurvivalSamples.R:113:5')"/>
    </testcase>
  </testsuite>
  <testsuite name="compile" timestamp="2023-08-03T15:44:17Z" hostname="830384cd1fdf" tests="1" skipped="0" failures="0" errors="0" time="12.455">
    <testcase time="12.455" classname="compile" name="compileStanModel_doesn_t_error_if_the_directory_doesn_t_exist"/>
  </testsuite>
  <testsuite name="simulations" timestamp="2023-08-03T15:44:29Z" hostname="830384cd1fdf" tests="27" skipped="0" failures="0" errors="0" time="1.798">
    <testcase time="0.0209999999999582" classname="simulations" name="sim_lm_gsf_works_as_expected"/>
    <testcase time="0.0050000000000523" classname="simulations" name="sim_lm_gsf_works_as_expected"/>
    <testcase time="0.0380000000000109" classname="simulations" name="sim_lm_gsf_works_as_expected"/>
    <testcase time="0.00599999999997181" classname="simulations" name="sim_lm_gsf_works_as_expected"/>
    <testcase time="0.00600000000002865" classname="simulations" name="sim_lm_gsf_works_as_expected"/>
    <testcase time="0.00499999999999545" classname="simulations" name="sim_lm_gsf_works_as_expected"/>
    <testcase time="0.00599999999997181" classname="simulations" name="sim_lm_gsf_works_as_expected"/>
    <testcase time="0.00600000000002865" classname="simulations" name="sim_lm_gsf_works_as_expected"/>
    <testcase time="0.00599999999997181" classname="simulations" name="sim_lm_gsf_works_as_expected"/>
    <testcase time="0.0110000000000241" classname="simulations" name="sim_lm_random_slope_works_as_expected"/>
    <testcase time="0.00599999999997181" classname="simulations" name="sim_lm_random_slope_works_as_expected"/>
    <testcase time="0.0190000000000055" classname="simulations" name="sim_lm_random_slope_works_as_expected"/>
    <testcase time="0.00600000000002865" classname="simulations" name="sim_lm_random_slope_works_as_expected"/>
    <testcase time="0.00599999999997181" classname="simulations" name="sim_lm_random_slope_works_as_expected"/>
    <testcase time="0.00600000000002865" classname="simulations" name="sim_lm_random_slope_works_as_expected"/>
    <testcase time="0.00599999999997181" classname="simulations" name="sim_lm_random_slope_works_as_expected"/>
    <testcase time="0.00499999999999545" classname="simulations" name="sim_lm_random_slope_works_as_expected"/>
    <testcase time="0.00600000000002865" classname="simulations" name="sim_lm_random_slope_works_as_expected"/>
    <testcase time="1.23899999999998" classname="simulations" name="simulate_joint_data_works_as_expected"/>
    <testcase time="0.00200000000000955" classname="simulations" name="simulate_joint_data_works_as_expected"/>
    <testcase time="0.0010000000000332" classname="simulations" name="simulate_joint_data_works_as_expected"/>
    <testcase time="0.00499999999999545" classname="simulations" name="simulate_joint_data_works_as_expected"/>
    <testcase time="0.00599999999997181" classname="simulations" name="simulate_joint_data_works_as_expected"/>
    <testcase time="0.00200000000000955" classname="simulations" name="simulate_joint_data_works_as_expected"/>
    <testcase time="0.00499999999999545" classname="simulations" name="simulate_joint_data_works_as_expected"/>
    <testcase time="0.00599999999997181" classname="simulations" name="simulate_joint_data_works_as_expected"/>
    <testcase time="0.362000000000023" classname="simulations" name="simulate_joint_data_leads_to_valid_DataJoint_with_almost_only_default_arguments"/>
  </testsuite>
  <testsuite name="utilities" timestamp="2023-08-03T15:44:31Z" hostname="830384cd1fdf" tests="10" skipped="0" failures="0" errors="0" time="0.127">
    <testcase time="0.0190000000000055" classname="utilities" name="get_missing_rownumbers_works_as_expected"/>
    <testcase time="0.01400000000001" classname="utilities" name="remove_missing_rows_works_as_expected"/>
    <testcase time="0.0120000000000005" classname="utilities" name="expand_initial_values_works_as_expected"/>
    <testcase time="0.0120000000000005" classname="utilities" name="replace_with_lookup_works_and_sets_array_attributes_as_expected"/>
    <testcase time="0.01400000000001" classname="utilities" name="replace_with_lookup_asserts_sizes_as_numbers_as_expected"/>
    <testcase time="0.0139999999999532" classname="utilities" name="replace_with_lookup_asserts_looked_up_sizes_as_numbers_as_expected"/>
    <testcase time="0.0100000000000477" classname="utilities" name="samples_median_ci_works_as_expected"/>
    <testcase time="0.0110000000000241" classname="utilities" name="samples_median_ci_works_as_expected"/>
    <testcase time="0.0109999999999673" classname="utilities" name="samples_median_ci_works_with_a_custom_credibility_level"/>
    <testcase time="0.00999999999999091" classname="utilities" name="samples_median_ci_works_with_a_custom_credibility_level"/>
  </testsuite>
</testsuites>
