<?xml version="1.0" encoding="UTF-8"?>
<testsuites>
  <testsuite name="DataJoint" timestamp="2023-08-07T15:17:23Z" hostname="d01b454a9a49" tests="4" skipped="0" failures="0" errors="0" time="0.773">
    <testcase time="0.671" classname="DataJoint" name="DataJoint_errors_if_subjects_don_t_allign_after"/>
    <testcase time="0.0609999999999999" classname="DataJoint" name="DataJoint_errors_if_subjects_don_t_allign_after"/>
    <testcase time="0.0310000000000001" classname="DataJoint" name="DataJoint_errors_if_subjects_don_t_allign_after"/>
    <testcase time="0.0100000000000002" classname="DataJoint" name="DataJoint_errors_if_subjects_don_t_allign_after"/>
  </testsuite>
  <testsuite name="DataLongitudinal" timestamp="2023-08-07T15:17:23Z" hostname="d01b454a9a49" tests="15" skipped="0" failures="0" errors="0" time="0.131">
    <testcase time="0.0339999999999998" classname="DataLongitudinal" name="DataLongitudinal_being_rendered_to_list_is_as_expected_for_simple_inputs"/>
    <testcase time="0.00600000000000023" classname="DataLongitudinal" name="DataLongitudinal_being_rendered_to_list_is_as_expected_for_simple_inputs"/>
    <testcase time="0.00499999999999989" classname="DataLongitudinal" name="DataLongitudinal_being_rendered_to_list_is_as_expected_for_simple_inputs"/>
    <testcase time="0.00600000000000023" classname="DataLongitudinal" name="DataLongitudinal_being_rendered_to_list_is_as_expected_for_simple_inputs"/>
    <testcase time="0.00599999999999934" classname="DataLongitudinal" name="DataLongitudinal_being_rendered_to_list_is_as_expected_for_simple_inputs"/>
    <testcase time="0.00499999999999989" classname="DataLongitudinal" name="DataLongitudinal_being_rendered_to_list_is_as_expected_for_simple_inputs"/>
    <testcase time="0.00600000000000023" classname="DataLongitudinal" name="DataLongitudinal_being_rendered_to_list_is_as_expected_for_simple_inputs"/>
    <testcase time="0.00499999999999989" classname="DataLongitudinal" name="DataLongitudinal_being_rendered_to_list_is_as_expected_for_simple_inputs"/>
    <testcase time="0.00499999999999989" classname="DataLongitudinal" name="DataLongitudinal_being_rendered_to_list_is_as_expected_for_simple_inputs"/>
    <testcase time="0.00100000000000033" classname="DataLongitudinal" name="DataLongitudinal_being_rendered_to_list_is_as_expected_for_simple_inputs"/>
    <testcase time="0.0129999999999999" classname="DataLongitudinal" name="time_grid_is_rejected_if_in_an_invalid_format"/>
    <testcase time="0.00999999999999979" classname="DataLongitudinal" name="time_grid_is_rejected_if_in_an_invalid_format"/>
    <testcase time="0.0110000000000001" classname="DataLongitudinal" name="time_grid_is_rejected_if_in_an_invalid_format"/>
    <testcase time="0.00900000000000034" classname="DataLongitudinal" name="time_grid_is_rejected_if_in_an_invalid_format"/>
    <testcase time="0.00900000000000034" classname="DataLongitudinal" name="time_grid_is_rejected_if_in_an_invalid_format"/>
  </testsuite>
  <testsuite name="DataSurvival" timestamp="2023-08-07T15:17:24Z" hostname="d01b454a9a49" tests="17" skipped="0" failures="0" errors="0" time="0.174">
    <testcase time="0.0389999999999997" classname="DataSurvival" name="Error_Handling"/>
    <testcase time="0.016" classname="DataSurvival" name="DataSurvival_being_rendered_to_list_is_as_expected_for_simple_inputs"/>
    <testcase time="0.0180000000000007" classname="DataSurvival" name="DataSurvival_being_rendered_to_list_is_as_expected_for_simple_inputs"/>
    <testcase time="0.00599999999999934" classname="DataSurvival" name="DataSurvival_being_rendered_to_list_is_as_expected_for_simple_inputs"/>
    <testcase time="0.00600000000000023" classname="DataSurvival" name="DataSurvival_being_rendered_to_list_is_as_expected_for_simple_inputs"/>
    <testcase time="0.00499999999999989" classname="DataSurvival" name="DataSurvival_being_rendered_to_list_is_as_expected_for_simple_inputs"/>
    <testcase time="0.00499999999999989" classname="DataSurvival" name="DataSurvival_being_rendered_to_list_is_as_expected_for_simple_inputs"/>
    <testcase time="0.00499999999999989" classname="DataSurvival" name="DataSurvival_being_rendered_to_list_is_as_expected_for_simple_inputs"/>
    <testcase time="0.00600000000000023" classname="DataSurvival" name="DataSurvival_being_rendered_to_list_is_as_expected_for_simple_inputs"/>
    <testcase time="0.00499999999999989" classname="DataSurvival" name="DataSurvival_being_rendered_to_list_is_as_expected_for_simple_inputs"/>
    <testcase time="0.00499999999999989" classname="DataSurvival" name="DataSurvival_being_rendered_to_list_is_as_expected_for_simple_inputs"/>
    <testcase time="0.00600000000000023" classname="DataSurvival" name="DataSurvival_being_rendered_to_list_is_as_expected_for_simple_inputs"/>
    <testcase time="0.0110000000000001" classname="DataSurvival" name="time_grid_is_rejected_if_in_an_invalid_format"/>
    <testcase time="0.0110000000000001" classname="DataSurvival" name="time_grid_is_rejected_if_in_an_invalid_format"/>
    <testcase time="0.00999999999999979" classname="DataSurvival" name="time_grid_is_rejected_if_in_an_invalid_format"/>
    <testcase time="0.00900000000000034" classname="DataSurvival" name="time_grid_is_rejected_if_in_an_invalid_format"/>
    <testcase time="0.0110000000000001" classname="DataSurvival" name="time_grid_is_rejected_if_in_an_invalid_format"/>
  </testsuite>
  <testsuite name="JointModel" timestamp="2023-08-07T15:17:24Z" hostname="d01b454a9a49" tests="2" skipped="0" failures="0" errors="0" time="0.658">
    <testcase time="0.653" classname="JointModel" name="JointModel_smoke_tests"/>
    <testcase time="0.00499999999999989" classname="JointModel" name="JointModel_smoke_tests"/>
  </testsuite>
  <testsuite name="JointModelSamples" timestamp="2023-08-07T15:17:24Z" hostname="d01b454a9a49" tests="34" skipped="0" failures="0" errors="0" time="16.408">
    <testcase time="0.0129999999999999" classname="JointModelSamples" name="longitudinal_works_as_expected_for_JointModelSamples"/>
    <testcase time="7.998" classname="JointModelSamples" name="longitudinal_works_as_expected_for_JointModelSamples"/>
    <testcase time="0.000999999999999446" classname="JointModelSamples" name="longitudinal_works_as_expected_for_JointModelSamples"/>
    <testcase time="0.000999999999999446" classname="JointModelSamples" name="longitudinal_works_as_expected_for_JointModelSamples"/>
    <testcase time="0.00500000000000078" classname="JointModelSamples" name="longitudinal_works_as_expected_for_JointModelSamples"/>
    <testcase time="0.00199999999999889" classname="JointModelSamples" name="longitudinal_works_as_expected_for_JointModelSamples"/>
    <testcase time="0.00100000000000122" classname="JointModelSamples" name="longitudinal_works_as_expected_for_JointModelSamples"/>
    <testcase time="0.00399999999999956" classname="JointModelSamples" name="longitudinal_works_as_expected_for_JointModelSamples"/>
    <testcase time="0.00200000000000067" classname="JointModelSamples" name="longitudinal_works_as_expected_for_JointModelSamples"/>
    <testcase time="0.00499999999999901" classname="JointModelSamples" name="longitudinal_works_as_expected_for_JointModelSamples"/>
    <testcase time="0.00100000000000122" classname="JointModelSamples" name="longitudinal_works_as_expected_for_JointModelSamples"/>
    <testcase time="0.00499999999999901" classname="JointModelSamples" name="longitudinal_works_as_expected_for_JointModelSamples"/>
    <testcase time="0.00500000000000078" classname="JointModelSamples" name="longitudinal_works_as_expected_for_JointModelSamples"/>
    <testcase time="0.366999999999999" classname="JointModelSamples" name="longitudinal_allows_to_subset_patients"/>
    <testcase time="0.000999999999999446" classname="JointModelSamples" name="longitudinal_allows_to_subset_patients"/>
    <testcase time="0.00100000000000122" classname="JointModelSamples" name="longitudinal_allows_to_subset_patients"/>
    <testcase time="0.00600000000000023" classname="JointModelSamples" name="longitudinal_allows_to_subset_patients"/>
    <testcase time="0.00899999999999856" classname="JointModelSamples" name="survival_works_as_expected_for_JointModelSamples"/>
    <testcase time="7.57" classname="JointModelSamples" name="survival_works_as_expected_for_JointModelSamples"/>
    <testcase time="0.00100000000000122" classname="JointModelSamples" name="survival_works_as_expected_for_JointModelSamples"/>
    <testcase time="0.00100000000000122" classname="JointModelSamples" name="survival_works_as_expected_for_JointModelSamples"/>
    <testcase time="0.00400000000000134" classname="JointModelSamples" name="survival_works_as_expected_for_JointModelSamples"/>
    <testcase time="0.00199999999999889" classname="JointModelSamples" name="survival_works_as_expected_for_JointModelSamples"/>
    <testcase time="0.00100000000000122" classname="JointModelSamples" name="survival_works_as_expected_for_JointModelSamples"/>
    <testcase time="0.00499999999999901" classname="JointModelSamples" name="survival_works_as_expected_for_JointModelSamples"/>
    <testcase time="0.00100000000000122" classname="JointModelSamples" name="survival_works_as_expected_for_JointModelSamples"/>
    <testcase time="0.00499999999999901" classname="JointModelSamples" name="survival_works_as_expected_for_JointModelSamples"/>
    <testcase time="0.00199999999999889" classname="JointModelSamples" name="survival_works_as_expected_for_JointModelSamples"/>
    <testcase time="0.00500000000000256" classname="JointModelSamples" name="survival_works_as_expected_for_JointModelSamples"/>
    <testcase time="0.00499999999999901" classname="JointModelSamples" name="survival_works_as_expected_for_JointModelSamples"/>
    <testcase time="0.369" classname="JointModelSamples" name="survival_allows_to_subset_patients"/>
    <testcase time="0.00100000000000122" classname="JointModelSamples" name="survival_allows_to_subset_patients"/>
    <testcase time="0.00199999999999889" classname="JointModelSamples" name="survival_allows_to_subset_patients"/>
    <testcase time="0.0069999999999979" classname="JointModelSamples" name="survival_allows_to_subset_patients"/>
  </testsuite>
  <testsuite name="LinkGSF" timestamp="2023-08-07T15:17:41Z" hostname="d01b454a9a49" tests="10" skipped="0" failures="0" errors="0" time="0.346">
    <testcase time="0.0130000000000017" classname="LinkGSF" name="LinkGSF_class_initialization_works_as_expected"/>
    <testcase time="0.00100000000000122" classname="LinkGSF" name="LinkGSF_class_initialization_works_as_expected"/>
    <testcase time="0.106999999999999" classname="LinkGSF" name="LinkGSF_user_constructor_works_as_expected_with_defaults"/>
    <testcase time="0.00100000000000122" classname="LinkGSF" name="LinkGSF_user_constructor_works_as_expected_with_defaults"/>
    <testcase time="0.0169999999999995" classname="LinkGSF" name="link_gsf_ttg_user_constructor_works_as_expected_with_defaults"/>
    <testcase time="0.000999999999997669" classname="LinkGSF" name="link_gsf_ttg_user_constructor_works_as_expected_with_defaults"/>
    <testcase time="0.0210000000000008" classname="LinkGSF" name="link_gsf_dsld_user_constructor_works_as_expected_with_defaults"/>
    <testcase time="0.00100000000000122" classname="LinkGSF" name="link_gsf_dsld_user_constructor_works_as_expected_with_defaults"/>
    <testcase time="0.116999999999997" classname="LinkGSF" name="LinkGSF_returns_correct_defaults_when_no_arguments_are_supplied"/>
    <testcase time="0.0670000000000002" classname="LinkGSF" name="LinkGSF_returns_correct_defaults_when_no_arguments_are_supplied"/>
  </testsuite>
  <testsuite name="LinkNone" timestamp="2023-08-07T15:17:41Z" hostname="d01b454a9a49" tests="5" skipped="0" failures="0" errors="0" time="0.287">
    <testcase time="0.0200000000000031" classname="LinkNone" name="LinkNone_object_is_generated_without_unexpected_input"/>
    <testcase time="0.00799999999999912" classname="LinkNone" name="LinkNone_object_is_generated_without_unexpected_input"/>
    <testcase time="0.00600000000000023" classname="LinkNone" name="LinkNone_object_is_generated_without_unexpected_input"/>
    <testcase time="0.248999999999999" classname="LinkNone" name="LinkNone_object_is_generated_without_unexpected_input"/>
    <testcase time="0.00400000000000134" classname="LinkNone" name="LinkNone_object_is_generated_without_unexpected_input"/>
  </testsuite>
  <testsuite name="LinkRandomSlope" timestamp="2023-08-07T15:17:41Z" hostname="d01b454a9a49" tests="3" skipped="0" failures="0" errors="0" time="0.039">
    <testcase time="0.0279999999999987" classname="LinkRandomSlope" name="LinkRandomSlope_smoke_tests"/>
    <testcase time="0.00400000000000134" classname="LinkRandomSlope" name="LinkRandomSlope_smoke_tests"/>
    <testcase time="0.0069999999999979" classname="LinkRandomSlope" name="LinkRandomSlope_smoke_tests"/>
  </testsuite>
  <testsuite name="LongitudinalGSF" timestamp="2023-08-07T15:17:41Z" hostname="d01b454a9a49" tests="4" skipped="0" failures="0" errors="0" time="218.333">
    <testcase time="0.162000000000003" classname="LongitudinalGSF" name="LongitudinalGSF_works_as_expected_with_default_arguments"/>
    <testcase time="0.000999999999997669" classname="LongitudinalGSF" name="LongitudinalGSF_works_as_expected_with_default_arguments"/>
    <testcase time="215.263" classname="LongitudinalGSF" name="LongitudinalGSF_works_as_expected_with_a_single_study"/>
    <testcase time="2.90700000000001" classname="LongitudinalGSF" name="LongitudinalGSF_works_as_expected_with_a_single_study"/>
  </testsuite>
  <testsuite name="LongitudinalSamples" timestamp="2023-08-07T15:21:20Z" hostname="d01b454a9a49" tests="17" skipped="0" failures="0" errors="0" time="0.594">
    <testcase time="0.0149999999999864" classname="LongitudinalSamples" name="LongitudinalSamples_can_be_initialized"/>
    <testcase time="0.00399999999999068" classname="LongitudinalSamples" name="LongitudinalSamples_can_be_initialized"/>
    <testcase time="0.0100000000000193" classname="LongitudinalSamples" name="subsetting_works_as_expected_for_LongitudinalSamples"/>
    <testcase time="0.000999999999976353" classname="LongitudinalSamples" name="subsetting_works_as_expected_for_LongitudinalSamples"/>
    <testcase time="0.00500000000002387" classname="LongitudinalSamples" name="subsetting_works_as_expected_for_LongitudinalSamples"/>
    <testcase time="0.287999999999982" classname="LongitudinalSamples" name="autoplot_works_as_expected_for_LongitudinalSamples"/>
    <testcase time="0.070999999999998" classname="LongitudinalSamples" name="autoplot_works_as_expected_for_LongitudinalSamples"/>
    <testcase time="0.00499999999999545" classname="LongitudinalSamples" name="autoplot_works_as_expected_for_LongitudinalSamples"/>
    <testcase time="0.00500000000002387" classname="LongitudinalSamples" name="autoplot_works_as_expected_for_LongitudinalSamples"/>
    <testcase time="0.00499999999999545" classname="LongitudinalSamples" name="autoplot_works_as_expected_for_LongitudinalSamples"/>
    <testcase time="0.0559999999999832" classname="LongitudinalSamples" name="autoplot_works_as_expected_for_LongitudinalSamples"/>
    <testcase time="0.00500000000002387" classname="LongitudinalSamples" name="autoplot_works_as_expected_for_LongitudinalSamples"/>
    <testcase time="0.00499999999999545" classname="LongitudinalSamples" name="autoplot_works_as_expected_for_LongitudinalSamples"/>
    <testcase time="0.00499999999999545" classname="LongitudinalSamples" name="autoplot_works_as_expected_for_LongitudinalSamples"/>
    <testcase time="0.0600000000000023" classname="LongitudinalSamples" name="autoplot_works_as_expected_for_LongitudinalSamples"/>
    <testcase time="0.0490000000000066" classname="LongitudinalSamples" name="autoplot_works_as_expected_for_LongitudinalSamples"/>
    <testcase time="0.00499999999999545" classname="LongitudinalSamples" name="autoplot_works_as_expected_for_LongitudinalSamples"/>
  </testsuite>
  <testsuite name="ParameterList" timestamp="2023-08-07T15:21:20Z" hostname="d01b454a9a49" tests="3" skipped="0" failures="0" errors="0" time="0.029">
    <testcase time="0.0169999999999959" classname="ParameterList" name="ParameterList_smoke_tests"/>
    <testcase time="0.00499999999999545" classname="ParameterList" name="ParameterList_smoke_tests"/>
    <testcase time="0.007000000000005" classname="ParameterList" name="ParameterList_smoke_tests"/>
  </testsuite>
  <testsuite name="Parameters" timestamp="2023-08-07T15:21:20Z" hostname="d01b454a9a49" tests="4" skipped="0" failures="0" errors="0" time="0.029">
    <testcase time="0.0149999999999864" classname="Parameters" name="Parameters_smoke_tests"/>
    <testcase time="0.00499999999999545" classname="Parameters" name="Parameters_smoke_tests"/>
    <testcase time="0.00500000000002387" classname="Parameters" name="Parameters_smoke_tests"/>
    <testcase time="0.00399999999999068" classname="Parameters" name="Parameters_smoke_tests"/>
  </testsuite>
  <testsuite name="Prior" timestamp="2023-08-07T15:21:20Z" hostname="d01b454a9a49" tests="4" skipped="0" failures="0" errors="0" time="0.03">
    <testcase time="0.0139999999999816" classname="Prior" name="Priors_work_as_expected"/>
    <testcase time="0.00500000000002387" classname="Prior" name="Priors_work_as_expected"/>
    <testcase time="0.00600000000000023" classname="Prior" name="Priors_work_as_expected"/>
    <testcase time="0.00499999999999545" classname="Prior" name="Priors_work_as_expected"/>
  </testsuite>
  <testsuite name="SurvivalSamples" timestamp="2023-08-07T15:21:20Z" hostname="d01b454a9a49" tests="26" skipped="1" failures="0" errors="0" time="1.778">
    <testcase time="0.0120000000000005" classname="SurvivalSamples" name="SurvivalSamples_can_be_initialized"/>
    <testcase time="0.00499999999999545" classname="SurvivalSamples" name="SurvivalSamples_can_be_initialized"/>
    <testcase time="0.00899999999998613" classname="SurvivalSamples" name="subsetting_works_as_expected_for_SurvivalSamples"/>
    <testcase time="0.00200000000000955" classname="SurvivalSamples" name="subsetting_works_as_expected_for_SurvivalSamples"/>
    <testcase time="0.00399999999999068" classname="SurvivalSamples" name="subsetting_works_as_expected_for_SurvivalSamples"/>
    <testcase time="0.0160000000000196" classname="SurvivalSamples" name="aggregate_works_as_expected_for_SurvivalSamples"/>
    <testcase time="0.00499999999999545" classname="SurvivalSamples" name="aggregate_works_as_expected_for_SurvivalSamples"/>
    <testcase time="0.00399999999999068" classname="SurvivalSamples" name="aggregate_works_as_expected_for_SurvivalSamples"/>
    <testcase time="0.00499999999999545" classname="SurvivalSamples" name="aggregate_works_as_expected_for_SurvivalSamples"/>
    <testcase time="0.239000000000004" classname="SurvivalSamples" name="autoplot_works_as_expected_for_SurvivalSamples"/>
    <testcase time="0.0740000000000123" classname="SurvivalSamples" name="autoplot_works_as_expected_for_SurvivalSamples"/>
    <testcase time="0.00499999999999545" classname="SurvivalSamples" name="autoplot_works_as_expected_for_SurvivalSamples"/>
    <testcase time="0.00600000000000023" classname="SurvivalSamples" name="autoplot_works_as_expected_for_SurvivalSamples"/>
    <testcase time="0.00600000000000023" classname="SurvivalSamples" name="autoplot_works_as_expected_for_SurvivalSamples"/>
    <testcase time="0.0739999999999839" classname="SurvivalSamples" name="autoplot_works_as_expected_for_SurvivalSamples"/>
    <testcase time="0.0250000000000057" classname="SurvivalSamples" name="autoplot_works_as_expected_for_SurvivalSamples"/>
    <testcase time="0.00499999999999545" classname="SurvivalSamples" name="autoplot_works_as_expected_for_SurvivalSamples"/>
    <testcase time="0.00500000000002387" classname="SurvivalSamples" name="autoplot_works_as_expected_for_SurvivalSamples"/>
    <testcase time="0.00499999999999545" classname="SurvivalSamples" name="autoplot_works_as_expected_for_SurvivalSamples"/>
    <testcase time="0.0739999999999839" classname="SurvivalSamples" name="autoplot_works_as_expected_for_SurvivalSamples"/>
    <testcase time="0.00499999999999545" classname="SurvivalSamples" name="autoplot_works_as_expected_for_SurvivalSamples"/>
    <testcase time="0.262" classname="SurvivalSamples" name="autoplot_does_not_show_the_Kaplan_Meier_plot_if_disabled"/>
    <testcase time="0.00499999999999545" classname="SurvivalSamples" name="autoplot_does_not_show_the_Kaplan_Meier_plot_if_disabled"/>
    <testcase time="0.559000000000026" classname="SurvivalSamples" name="autoplot_works_end_to_end_with_Kaplan_Meier_plot"/>
    <testcase time="0.00499999999999545" classname="SurvivalSamples" name="autoplot_works_end_to_end_with_Kaplan_Meier_plot"/>
    <testcase time="0.361999999999995" classname="SurvivalSamples" name="autoplot_works_end_to_end_with_Kaplan_Meier_plot">
      <skipped message="Reason: On CRAN ('test-SurvivalSamples.R:113:5')"/>
    </testcase>
  </testsuite>
  <testsuite name="compile" timestamp="2023-08-07T15:21:22Z" hostname="d01b454a9a49" tests="1" skipped="0" failures="0" errors="0" time="11.858">
    <testcase time="11.858" classname="compile" name="compileStanModel_doesn_t_error_if_the_directory_doesn_t_exist"/>
  </testsuite>
  <testsuite name="simulations" timestamp="2023-08-07T15:21:34Z" hostname="d01b454a9a49" tests="27" skipped="0" failures="0" errors="0" time="1.752">
    <testcase time="0.021000000000015" classname="simulations" name="sim_lm_gsf_works_as_expected"/>
    <testcase time="0.00600000000000023" classname="simulations" name="sim_lm_gsf_works_as_expected"/>
    <testcase time="0.0579999999999927" classname="simulations" name="sim_lm_gsf_works_as_expected"/>
    <testcase time="0.00600000000000023" classname="simulations" name="sim_lm_gsf_works_as_expected"/>
    <testcase time="0.00600000000000023" classname="simulations" name="sim_lm_gsf_works_as_expected"/>
    <testcase time="0.00600000000000023" classname="simulations" name="sim_lm_gsf_works_as_expected"/>
    <testcase time="0.007000000000005" classname="simulations" name="sim_lm_gsf_works_as_expected"/>
    <testcase time="0.00600000000000023" classname="simulations" name="sim_lm_gsf_works_as_expected"/>
    <testcase time="0.00600000000000023" classname="simulations" name="sim_lm_gsf_works_as_expected"/>
    <testcase time="0.0120000000000005" classname="simulations" name="sim_lm_random_slope_works_as_expected"/>
    <testcase time="0.007000000000005" classname="simulations" name="sim_lm_random_slope_works_as_expected"/>
    <testcase time="0.0180000000000007" classname="simulations" name="sim_lm_random_slope_works_as_expected"/>
    <testcase time="0.00499999999999545" classname="simulations" name="sim_lm_random_slope_works_as_expected"/>
    <testcase time="0.00499999999999545" classname="simulations" name="sim_lm_random_slope_works_as_expected"/>
    <testcase time="0.00600000000000023" classname="simulations" name="sim_lm_random_slope_works_as_expected"/>
    <testcase time="0.00499999999999545" classname="simulations" name="sim_lm_random_slope_works_as_expected"/>
    <testcase time="0.00499999999999545" classname="simulations" name="sim_lm_random_slope_works_as_expected"/>
    <testcase time="0.00600000000000023" classname="simulations" name="sim_lm_random_slope_works_as_expected"/>
    <testcase time="1.17700000000002" classname="simulations" name="simulate_joint_data_works_as_expected"/>
    <testcase time="0.000999999999976353" classname="simulations" name="simulate_joint_data_works_as_expected"/>
    <testcase time="0.00200000000000955" classname="simulations" name="simulate_joint_data_works_as_expected"/>
    <testcase time="0.00499999999999545" classname="simulations" name="simulate_joint_data_works_as_expected"/>
    <testcase time="0.00599999999997181" classname="simulations" name="simulate_joint_data_works_as_expected"/>
    <testcase time="0.0010000000000332" classname="simulations" name="simulate_joint_data_works_as_expected"/>
    <testcase time="0.00499999999999545" classname="simulations" name="simulate_joint_data_works_as_expected"/>
    <testcase time="0.00599999999997181" classname="simulations" name="simulate_joint_data_works_as_expected"/>
    <testcase time="0.358000000000004" classname="simulations" name="simulate_joint_data_leads_to_valid_DataJoint_with_almost_only_default_arguments"/>
  </testsuite>
  <testsuite name="utilities" timestamp="2023-08-07T15:21:36Z" hostname="d01b454a9a49" tests="10" skipped="0" failures="0" errors="0" time="0.129">
    <testcase time="0.021000000000015" classname="utilities" name="get_missing_rownumbers_works_as_expected"/>
    <testcase time="0.0130000000000337" classname="utilities" name="remove_missing_rows_works_as_expected"/>
    <testcase time="0.0149999999999864" classname="utilities" name="expand_initial_values_works_as_expected"/>
    <testcase time="0.0120000000000005" classname="utilities" name="replace_with_lookup_works_and_sets_array_attributes_as_expected"/>
    <testcase time="0.01400000000001" classname="utilities" name="replace_with_lookup_asserts_sizes_as_numbers_as_expected"/>
    <testcase time="0.0139999999999532" classname="utilities" name="replace_with_lookup_asserts_looked_up_sizes_as_numbers_as_expected"/>
    <testcase time="0.0100000000000477" classname="utilities" name="samples_median_ci_works_as_expected"/>
    <testcase time="0.00999999999999091" classname="utilities" name="samples_median_ci_works_as_expected"/>
    <testcase time="0.0109999999999673" classname="utilities" name="samples_median_ci_works_with_a_custom_credibility_level"/>
    <testcase time="0.00900000000001455" classname="utilities" name="samples_median_ci_works_with_a_custom_credibility_level"/>
  </testsuite>
</testsuites>
