<?xml version="1.0" encoding="UTF-8"?>
<testsuites>
  <testsuite name="DataJoint" timestamp="2023-06-06T15:39:55Z" hostname="8aaa207def3f" tests="4" skipped="0" failures="0" errors="0" time="0.986">
    <testcase time="0.895" classname="DataJoint" name="DataJoint_errors_if_subjects_don_t_allign_after"/>
    <testcase time="0.0499999999999998" classname="DataJoint" name="DataJoint_errors_if_subjects_don_t_allign_after"/>
    <testcase time="0.032" classname="DataJoint" name="DataJoint_errors_if_subjects_don_t_allign_after"/>
    <testcase time="0.0089999999999999" classname="DataJoint" name="DataJoint_errors_if_subjects_don_t_allign_after"/>
  </testsuite>
  <testsuite name="DataLongitudinal" timestamp="2023-06-06T15:39:55Z" hostname="8aaa207def3f" tests="10" skipped="0" failures="0" errors="0" time="0.066">
    <testcase time="0.0290000000000004" classname="DataLongitudinal" name="DataLongitudinal_being_rendered_to_list_is_as_expected_for_simple_inputs"/>
    <testcase time="0.004" classname="DataLongitudinal" name="DataLongitudinal_being_rendered_to_list_is_as_expected_for_simple_inputs"/>
    <testcase time="0.00499999999999989" classname="DataLongitudinal" name="DataLongitudinal_being_rendered_to_list_is_as_expected_for_simple_inputs"/>
    <testcase time="0.00499999999999989" classname="DataLongitudinal" name="DataLongitudinal_being_rendered_to_list_is_as_expected_for_simple_inputs"/>
    <testcase time="0.004" classname="DataLongitudinal" name="DataLongitudinal_being_rendered_to_list_is_as_expected_for_simple_inputs"/>
    <testcase time="0.00499999999999989" classname="DataLongitudinal" name="DataLongitudinal_being_rendered_to_list_is_as_expected_for_simple_inputs"/>
    <testcase time="0.00500000000000034" classname="DataLongitudinal" name="DataLongitudinal_being_rendered_to_list_is_as_expected_for_simple_inputs"/>
    <testcase time="0.004" classname="DataLongitudinal" name="DataLongitudinal_being_rendered_to_list_is_as_expected_for_simple_inputs"/>
    <testcase time="0.004" classname="DataLongitudinal" name="DataLongitudinal_being_rendered_to_list_is_as_expected_for_simple_inputs"/>
    <testcase time="0.00099999999999989" classname="DataLongitudinal" name="DataLongitudinal_being_rendered_to_list_is_as_expected_for_simple_inputs"/>
  </testsuite>
  <testsuite name="DataSurvival" timestamp="2023-06-06T15:39:55Z" hostname="8aaa207def3f" tests="12" skipped="0" failures="0" errors="0" time="0.092">
    <testcase time="0.04" classname="DataSurvival" name="Error_Handling"/>
    <testcase time="0.00999999999999979" classname="DataSurvival" name="DataSurvival_being_rendered_to_list_is_as_expected_for_simple_inputs"/>
    <testcase time="0.00499999999999989" classname="DataSurvival" name="DataSurvival_being_rendered_to_list_is_as_expected_for_simple_inputs"/>
    <testcase time="0.00500000000000034" classname="DataSurvival" name="DataSurvival_being_rendered_to_list_is_as_expected_for_simple_inputs"/>
    <testcase time="0.004" classname="DataSurvival" name="DataSurvival_being_rendered_to_list_is_as_expected_for_simple_inputs"/>
    <testcase time="0.00300000000000011" classname="DataSurvival" name="DataSurvival_being_rendered_to_list_is_as_expected_for_simple_inputs"/>
    <testcase time="0.004" classname="DataSurvival" name="DataSurvival_being_rendered_to_list_is_as_expected_for_simple_inputs"/>
    <testcase time="0.004" classname="DataSurvival" name="DataSurvival_being_rendered_to_list_is_as_expected_for_simple_inputs"/>
    <testcase time="0.004" classname="DataSurvival" name="DataSurvival_being_rendered_to_list_is_as_expected_for_simple_inputs"/>
    <testcase time="0.004" classname="DataSurvival" name="DataSurvival_being_rendered_to_list_is_as_expected_for_simple_inputs"/>
    <testcase time="0.004" classname="DataSurvival" name="DataSurvival_being_rendered_to_list_is_as_expected_for_simple_inputs"/>
    <testcase time="0.00499999999999989" classname="DataSurvival" name="DataSurvival_being_rendered_to_list_is_as_expected_for_simple_inputs"/>
  </testsuite>
  <testsuite name="JointModel" timestamp="2023-06-06T15:39:55Z" hostname="8aaa207def3f" tests="2" skipped="0" failures="0" errors="0" time="0.421">
    <testcase time="0.417" classname="JointModel" name="JointModel_smoke_tests"/>
    <testcase time="0.004" classname="JointModel" name="JointModel_smoke_tests"/>
  </testsuite>
  <testsuite name="JointModelSamples" timestamp="2023-06-06T15:39:56Z" hostname="8aaa207def3f" tests="17" skipped="0" failures="0" errors="0" time="6.837">
    <testcase time="0.304" classname="JointModelSamples" name="longitudinal_works_as_expected_for_JointModelSamples"/>
    <testcase time="5.8" classname="JointModelSamples" name="longitudinal_works_as_expected_for_JointModelSamples"/>
    <testcase time="0.00200000000000067" classname="JointModelSamples" name="longitudinal_works_as_expected_for_JointModelSamples"/>
    <testcase time="0.000999999999999446" classname="JointModelSamples" name="longitudinal_works_as_expected_for_JointModelSamples"/>
    <testcase time="0.00500000000000078" classname="JointModelSamples" name="longitudinal_works_as_expected_for_JointModelSamples"/>
    <testcase time="0.000999999999999446" classname="JointModelSamples" name="longitudinal_works_as_expected_for_JointModelSamples"/>
    <testcase time="0.000999999999999446" classname="JointModelSamples" name="longitudinal_works_as_expected_for_JointModelSamples"/>
    <testcase time="0.00500000000000078" classname="JointModelSamples" name="longitudinal_works_as_expected_for_JointModelSamples"/>
    <testcase time="0.000999999999999446" classname="JointModelSamples" name="longitudinal_works_as_expected_for_JointModelSamples"/>
    <testcase time="0.00399999999999956" classname="JointModelSamples" name="longitudinal_works_as_expected_for_JointModelSamples"/>
    <testcase time="0.00200000000000067" classname="JointModelSamples" name="longitudinal_works_as_expected_for_JointModelSamples"/>
    <testcase time="0.00399999999999956" classname="JointModelSamples" name="longitudinal_works_as_expected_for_JointModelSamples"/>
    <testcase time="0.00400000000000134" classname="JointModelSamples" name="longitudinal_works_as_expected_for_JointModelSamples"/>
    <testcase time="0.694999999999999" classname="JointModelSamples" name="longitudinal_allows_to_subset_patients"/>
    <testcase time="0.00200000000000067" classname="JointModelSamples" name="longitudinal_allows_to_subset_patients"/>
    <testcase time="0.000999999999999446" classname="JointModelSamples" name="longitudinal_allows_to_subset_patients"/>
    <testcase time="0.00500000000000078" classname="JointModelSamples" name="longitudinal_allows_to_subset_patients"/>
  </testsuite>
  <testsuite name="LinkGSF" timestamp="2023-06-06T15:40:03Z" hostname="8aaa207def3f" tests="8" skipped="0" failures="0" errors="0" time="0.144">
    <testcase time="0.00999999999999979" classname="LinkGSF" name="LinkGSF_class_initialization_works_as_expected"/>
    <testcase time="0.000999999999999446" classname="LinkGSF" name="LinkGSF_class_initialization_works_as_expected"/>
    <testcase time="0.102" classname="LinkGSF" name="LinkGSF_user_constructor_works_as_expected_with_defaults"/>
    <testcase time="0.00200000000000067" classname="LinkGSF" name="LinkGSF_user_constructor_works_as_expected_with_defaults"/>
    <testcase time="0.0119999999999987" classname="LinkGSF" name="link_gsf_ttg_user_constructor_works_as_expected_with_defaults"/>
    <testcase time="0.00200000000000067" classname="LinkGSF" name="link_gsf_ttg_user_constructor_works_as_expected_with_defaults"/>
    <testcase time="0.0139999999999993" classname="LinkGSF" name="link_gsf_dsld_user_constructor_works_as_expected_with_defaults"/>
    <testcase time="0.00100000000000122" classname="LinkGSF" name="link_gsf_dsld_user_constructor_works_as_expected_with_defaults"/>
  </testsuite>
  <testsuite name="LinkNone" timestamp="2023-06-06T15:40:03Z" hostname="8aaa207def3f" tests="5" skipped="0" failures="0" errors="0" time="0.034">
    <testcase time="0.0129999999999999" classname="LinkNone" name="LinkNone_object_is_generated_without_unexpected_input"/>
    <testcase time="0.00799999999999912" classname="LinkNone" name="LinkNone_object_is_generated_without_unexpected_input"/>
    <testcase time="0.00400000000000134" classname="LinkNone" name="LinkNone_object_is_generated_without_unexpected_input"/>
    <testcase time="0.00399999999999956" classname="LinkNone" name="LinkNone_object_is_generated_without_unexpected_input"/>
    <testcase time="0.00499999999999901" classname="LinkNone" name="LinkNone_object_is_generated_without_unexpected_input"/>
  </testsuite>
  <testsuite name="LinkRandomSlope" timestamp="2023-06-06T15:40:03Z" hostname="8aaa207def3f" tests="3" skipped="0" failures="0" errors="0" time="0.032">
    <testcase time="0.0210000000000008" classname="LinkRandomSlope" name="LinkRandomSlope_smoke_tests"/>
    <testcase time="0.00500000000000078" classname="LinkRandomSlope" name="LinkRandomSlope_smoke_tests"/>
    <testcase time="0.00599999999999845" classname="LinkRandomSlope" name="LinkRandomSlope_smoke_tests"/>
  </testsuite>
  <testsuite name="LongitudinalGSF" timestamp="2023-06-06T15:40:03Z" hostname="8aaa207def3f" tests="4" skipped="0" failures="0" errors="0" time="193.574">
    <testcase time="0.117000000000001" classname="LongitudinalGSF" name="LongitudinalGSF_works_as_expected_with_default_arguments"/>
    <testcase time="0.00200000000000067" classname="LongitudinalGSF" name="LongitudinalGSF_works_as_expected_with_default_arguments"/>
    <testcase time="190.31" classname="LongitudinalGSF" name="LongitudinalGSF_works_as_expected_with_a_single_study"/>
    <testcase time="3.14500000000001" classname="LongitudinalGSF" name="LongitudinalGSF_works_as_expected_with_a_single_study"/>
  </testsuite>
  <testsuite name="LongitudinalSamples" timestamp="2023-06-06T15:43:17Z" hostname="8aaa207def3f" tests="15" skipped="0" failures="0" errors="0" time="1.349">
    <testcase time="0.774000000000001" classname="LongitudinalSamples" name="subsetting_works_as_expected_for_LongitudinalSamples"/>
    <testcase time="0.000999999999976353" classname="LongitudinalSamples" name="subsetting_works_as_expected_for_LongitudinalSamples"/>
    <testcase time="0.00500000000002387" classname="LongitudinalSamples" name="subsetting_works_as_expected_for_LongitudinalSamples"/>
    <testcase time="0.349999999999994" classname="LongitudinalSamples" name="autoplot_works_as_expected_for_LongitudinalSamples"/>
    <testcase time="0.0660000000000025" classname="LongitudinalSamples" name="autoplot_works_as_expected_for_LongitudinalSamples"/>
    <testcase time="0.00499999999999545" classname="LongitudinalSamples" name="autoplot_works_as_expected_for_LongitudinalSamples"/>
    <testcase time="0.00399999999999068" classname="LongitudinalSamples" name="autoplot_works_as_expected_for_LongitudinalSamples"/>
    <testcase time="0.00499999999999545" classname="LongitudinalSamples" name="autoplot_works_as_expected_for_LongitudinalSamples"/>
    <testcase time="0.0510000000000161" classname="LongitudinalSamples" name="autoplot_works_as_expected_for_LongitudinalSamples"/>
    <testcase time="0.00499999999999545" classname="LongitudinalSamples" name="autoplot_works_as_expected_for_LongitudinalSamples"/>
    <testcase time="0.00499999999999545" classname="LongitudinalSamples" name="autoplot_works_as_expected_for_LongitudinalSamples"/>
    <testcase time="0.0260000000000105" classname="LongitudinalSamples" name="autoplot_works_as_expected_for_LongitudinalSamples"/>
    <testcase time="0.00499999999999545" classname="LongitudinalSamples" name="autoplot_works_as_expected_for_LongitudinalSamples"/>
    <testcase time="0.0420000000000016" classname="LongitudinalSamples" name="autoplot_works_as_expected_for_LongitudinalSamples"/>
    <testcase time="0.00499999999999545" classname="LongitudinalSamples" name="autoplot_works_as_expected_for_LongitudinalSamples"/>
  </testsuite>
  <testsuite name="ParameterList" timestamp="2023-06-06T15:43:18Z" hostname="8aaa207def3f" tests="3" skipped="0" failures="0" errors="0" time="0.022">
    <testcase time="0.0120000000000005" classname="ParameterList" name="ParameterList_smoke_tests"/>
    <testcase time="0.00399999999999068" classname="ParameterList" name="ParameterList_smoke_tests"/>
    <testcase time="0.00600000000000023" classname="ParameterList" name="ParameterList_smoke_tests"/>
  </testsuite>
  <testsuite name="Parameters" timestamp="2023-06-06T15:43:18Z" hostname="8aaa207def3f" tests="4" skipped="0" failures="0" errors="0" time="0.024">
    <testcase time="0.0109999999999957" classname="Parameters" name="Parameters_smoke_tests"/>
    <testcase time="0.0040000000000191" classname="Parameters" name="Parameters_smoke_tests"/>
    <testcase time="0.00499999999999545" classname="Parameters" name="Parameters_smoke_tests"/>
    <testcase time="0.00399999999999068" classname="Parameters" name="Parameters_smoke_tests"/>
  </testsuite>
  <testsuite name="Prior" timestamp="2023-06-06T15:43:18Z" hostname="8aaa207def3f" tests="4" skipped="0" failures="0" errors="0" time="0.024">
    <testcase time="0.0109999999999957" classname="Prior" name="Priors_work_as_expected"/>
    <testcase time="0.00500000000002387" classname="Prior" name="Priors_work_as_expected"/>
    <testcase time="0.00399999999999068" classname="Prior" name="Priors_work_as_expected"/>
    <testcase time="0.00399999999999068" classname="Prior" name="Priors_work_as_expected"/>
  </testsuite>
  <testsuite name="compile" timestamp="2023-06-06T15:43:18Z" hostname="8aaa207def3f" tests="1" skipped="0" failures="0" errors="0" time="8.845">
    <testcase time="8.845" classname="compile" name="compileStanModel_doesn_t_error_if_the_directory_doesn_t_exist"/>
  </testsuite>
  <testsuite name="simulations" timestamp="2023-06-06T15:43:27Z" hostname="8aaa207def3f" tests="26" skipped="0" failures="0" errors="0" time="1.643">
    <testcase time="0.0150000000000148" classname="simulations" name="sim_lm_gsf_works_as_expected"/>
    <testcase time="0.00499999999999545" classname="simulations" name="sim_lm_gsf_works_as_expected"/>
    <testcase time="0.0339999999999918" classname="simulations" name="sim_lm_gsf_works_as_expected"/>
    <testcase time="0.00499999999999545" classname="simulations" name="sim_lm_gsf_works_as_expected"/>
    <testcase time="0.00600000000000023" classname="simulations" name="sim_lm_gsf_works_as_expected"/>
    <testcase time="0.00499999999999545" classname="simulations" name="sim_lm_gsf_works_as_expected"/>
    <testcase time="0.00500000000002387" classname="simulations" name="sim_lm_gsf_works_as_expected"/>
    <testcase time="0.00499999999999545" classname="simulations" name="sim_lm_gsf_works_as_expected"/>
    <testcase time="0.00499999999999545" classname="simulations" name="sim_lm_gsf_works_as_expected"/>
    <testcase time="0.00800000000000978" classname="simulations" name="sim_lm_random_slope_works_as_expected"/>
    <testcase time="0.0209999999999866" classname="simulations" name="sim_lm_random_slope_works_as_expected"/>
    <testcase time="0.0180000000000007" classname="simulations" name="sim_lm_random_slope_works_as_expected"/>
    <testcase time="0.00499999999999545" classname="simulations" name="sim_lm_random_slope_works_as_expected"/>
    <testcase time="0.00600000000000023" classname="simulations" name="sim_lm_random_slope_works_as_expected"/>
    <testcase time="0.00499999999999545" classname="simulations" name="sim_lm_random_slope_works_as_expected"/>
    <testcase time="0.00499999999999545" classname="simulations" name="sim_lm_random_slope_works_as_expected"/>
    <testcase time="0.00600000000000023" classname="simulations" name="sim_lm_random_slope_works_as_expected"/>
    <testcase time="0.00500000000002387" classname="simulations" name="sim_lm_random_slope_works_as_expected"/>
    <testcase time="1.45399999999998" classname="simulations" name="simulate_joint_data_works_as_expected"/>
    <testcase time="0.00200000000000955" classname="simulations" name="simulate_joint_data_works_as_expected"/>
    <testcase time="0.00100000000000477" classname="simulations" name="simulate_joint_data_works_as_expected"/>
    <testcase time="0.00499999999999545" classname="simulations" name="simulate_joint_data_works_as_expected"/>
    <testcase time="0.00499999999999545" classname="simulations" name="simulate_joint_data_works_as_expected"/>
    <testcase time="0.00200000000000955" classname="simulations" name="simulate_joint_data_works_as_expected"/>
    <testcase time="0.00399999999999068" classname="simulations" name="simulate_joint_data_works_as_expected"/>
    <testcase time="0.00600000000000023" classname="simulations" name="simulate_joint_data_works_as_expected"/>
  </testsuite>
  <testsuite name="utilities" timestamp="2023-06-06T15:43:28Z" hostname="8aaa207def3f" tests="10" skipped="0" failures="0" errors="0" time="0.087">
    <testcase time="0.0130000000000052" classname="utilities" name="get_missing_rownumbers_works_as_expected"/>
    <testcase time="0.00899999999998613" classname="utilities" name="remove_missing_rows_works_as_expected"/>
    <testcase time="0.007000000000005" classname="utilities" name="expand_initial_values_works_as_expected"/>
    <testcase time="0.007000000000005" classname="utilities" name="replace_with_lookup_works_and_sets_array_attributes_as_expected"/>
    <testcase time="0.00899999999998613" classname="utilities" name="replace_with_lookup_asserts_sizes_as_numbers_as_expected"/>
    <testcase time="0.00900000000001455" classname="utilities" name="replace_with_lookup_asserts_looked_up_sizes_as_numbers_as_expected"/>
    <testcase time="0.007000000000005" classname="utilities" name="samples_median_ci_works_as_expected"/>
    <testcase time="0.00999999999999091" classname="utilities" name="samples_median_ci_works_as_expected"/>
    <testcase time="0.007000000000005" classname="utilities" name="samples_median_ci_works_with_a_custom_credibility_level"/>
    <testcase time="0.00899999999998613" classname="utilities" name="samples_median_ci_works_with_a_custom_credibility_level"/>
  </testsuite>
</testsuites>
