<?xml version="1.0" encoding="UTF-8"?>
<testsuites>
  <testsuite name="DataJoint" timestamp="2023-06-07T07:17:52Z" hostname="d81eacf8648b" tests="4" skipped="0" failures="0" errors="0" time="1.006">
    <testcase time="0.917" classname="DataJoint" name="DataJoint_errors_if_subjects_don_t_allign_after"/>
    <testcase time="0.0489999999999999" classname="DataJoint" name="DataJoint_errors_if_subjects_don_t_allign_after"/>
    <testcase time="0.0309999999999997" classname="DataJoint" name="DataJoint_errors_if_subjects_don_t_allign_after"/>
    <testcase time="0.00900000000000034" classname="DataJoint" name="DataJoint_errors_if_subjects_don_t_allign_after"/>
  </testsuite>
  <testsuite name="DataLongitudinal" timestamp="2023-06-07T07:17:53Z" hostname="d81eacf8648b" tests="10" skipped="0" failures="0" errors="0" time="0.065">
    <testcase time="0.028" classname="DataLongitudinal" name="DataLongitudinal_being_rendered_to_list_is_as_expected_for_simple_inputs"/>
    <testcase time="0.004" classname="DataLongitudinal" name="DataLongitudinal_being_rendered_to_list_is_as_expected_for_simple_inputs"/>
    <testcase time="0.00499999999999989" classname="DataLongitudinal" name="DataLongitudinal_being_rendered_to_list_is_as_expected_for_simple_inputs"/>
    <testcase time="0.00499999999999989" classname="DataLongitudinal" name="DataLongitudinal_being_rendered_to_list_is_as_expected_for_simple_inputs"/>
    <testcase time="0.004" classname="DataLongitudinal" name="DataLongitudinal_being_rendered_to_list_is_as_expected_for_simple_inputs"/>
    <testcase time="0.00499999999999989" classname="DataLongitudinal" name="DataLongitudinal_being_rendered_to_list_is_as_expected_for_simple_inputs"/>
    <testcase time="0.00500000000000034" classname="DataLongitudinal" name="DataLongitudinal_being_rendered_to_list_is_as_expected_for_simple_inputs"/>
    <testcase time="0.004" classname="DataLongitudinal" name="DataLongitudinal_being_rendered_to_list_is_as_expected_for_simple_inputs"/>
    <testcase time="0.004" classname="DataLongitudinal" name="DataLongitudinal_being_rendered_to_list_is_as_expected_for_simple_inputs"/>
    <testcase time="0.00099999999999989" classname="DataLongitudinal" name="DataLongitudinal_being_rendered_to_list_is_as_expected_for_simple_inputs"/>
  </testsuite>
  <testsuite name="DataSurvival" timestamp="2023-06-07T07:17:53Z" hostname="d81eacf8648b" tests="12" skipped="0" failures="0" errors="0" time="0.094">
    <testcase time="0.0389999999999997" classname="DataSurvival" name="Error_Handling"/>
    <testcase time="0.0110000000000001" classname="DataSurvival" name="DataSurvival_being_rendered_to_list_is_as_expected_for_simple_inputs"/>
    <testcase time="0.00499999999999989" classname="DataSurvival" name="DataSurvival_being_rendered_to_list_is_as_expected_for_simple_inputs"/>
    <testcase time="0.00500000000000034" classname="DataSurvival" name="DataSurvival_being_rendered_to_list_is_as_expected_for_simple_inputs"/>
    <testcase time="0.00499999999999989" classname="DataSurvival" name="DataSurvival_being_rendered_to_list_is_as_expected_for_simple_inputs"/>
    <testcase time="0.004" classname="DataSurvival" name="DataSurvival_being_rendered_to_list_is_as_expected_for_simple_inputs"/>
    <testcase time="0.004" classname="DataSurvival" name="DataSurvival_being_rendered_to_list_is_as_expected_for_simple_inputs"/>
    <testcase time="0.004" classname="DataSurvival" name="DataSurvival_being_rendered_to_list_is_as_expected_for_simple_inputs"/>
    <testcase time="0.004" classname="DataSurvival" name="DataSurvival_being_rendered_to_list_is_as_expected_for_simple_inputs"/>
    <testcase time="0.004" classname="DataSurvival" name="DataSurvival_being_rendered_to_list_is_as_expected_for_simple_inputs"/>
    <testcase time="0.004" classname="DataSurvival" name="DataSurvival_being_rendered_to_list_is_as_expected_for_simple_inputs"/>
    <testcase time="0.00499999999999989" classname="DataSurvival" name="DataSurvival_being_rendered_to_list_is_as_expected_for_simple_inputs"/>
  </testsuite>
  <testsuite name="JointModel" timestamp="2023-06-07T07:17:53Z" hostname="d81eacf8648b" tests="2" skipped="0" failures="0" errors="0" time="0.423">
    <testcase time="0.419" classname="JointModel" name="JointModel_smoke_tests"/>
    <testcase time="0.004" classname="JointModel" name="JointModel_smoke_tests"/>
  </testsuite>
  <testsuite name="JointModelSamples" timestamp="2023-06-07T07:17:54Z" hostname="d81eacf8648b" tests="17" skipped="0" failures="0" errors="0" time="6.672">
    <testcase time="0.299" classname="JointModelSamples" name="longitudinal_works_as_expected_for_JointModelSamples"/>
    <testcase time="5.66" classname="JointModelSamples" name="longitudinal_works_as_expected_for_JointModelSamples"/>
    <testcase time="0.00100000000000122" classname="JointModelSamples" name="longitudinal_works_as_expected_for_JointModelSamples"/>
    <testcase time="0.000999999999999446" classname="JointModelSamples" name="longitudinal_works_as_expected_for_JointModelSamples"/>
    <testcase time="0.00399999999999956" classname="JointModelSamples" name="longitudinal_works_as_expected_for_JointModelSamples"/>
    <testcase time="0.00200000000000067" classname="JointModelSamples" name="longitudinal_works_as_expected_for_JointModelSamples"/>
    <testcase time="0.000999999999999446" classname="JointModelSamples" name="longitudinal_works_as_expected_for_JointModelSamples"/>
    <testcase time="0.00399999999999956" classname="JointModelSamples" name="longitudinal_works_as_expected_for_JointModelSamples"/>
    <testcase time="0.00100000000000122" classname="JointModelSamples" name="longitudinal_works_as_expected_for_JointModelSamples"/>
    <testcase time="0.00399999999999956" classname="JointModelSamples" name="longitudinal_works_as_expected_for_JointModelSamples"/>
    <testcase time="0.00200000000000067" classname="JointModelSamples" name="longitudinal_works_as_expected_for_JointModelSamples"/>
    <testcase time="0.00399999999999956" classname="JointModelSamples" name="longitudinal_works_as_expected_for_JointModelSamples"/>
    <testcase time="0.00399999999999956" classname="JointModelSamples" name="longitudinal_works_as_expected_for_JointModelSamples"/>
    <testcase time="0.677" classname="JointModelSamples" name="longitudinal_allows_to_subset_patients"/>
    <testcase time="0.00200000000000067" classname="JointModelSamples" name="longitudinal_allows_to_subset_patients"/>
    <testcase time="0.000999999999999446" classname="JointModelSamples" name="longitudinal_allows_to_subset_patients"/>
    <testcase time="0.00500000000000078" classname="JointModelSamples" name="longitudinal_allows_to_subset_patients"/>
  </testsuite>
  <testsuite name="LinkGSF" timestamp="2023-06-07T07:18:00Z" hostname="d81eacf8648b" tests="8" skipped="0" failures="0" errors="0" time="0.142">
    <testcase time="0.00900000000000034" classname="LinkGSF" name="LinkGSF_class_initialization_works_as_expected"/>
    <testcase time="0.000999999999999446" classname="LinkGSF" name="LinkGSF_class_initialization_works_as_expected"/>
    <testcase time="0.101000000000001" classname="LinkGSF" name="LinkGSF_user_constructor_works_as_expected_with_defaults"/>
    <testcase time="0.000999999999999446" classname="LinkGSF" name="LinkGSF_user_constructor_works_as_expected_with_defaults"/>
    <testcase time="0.0120000000000005" classname="LinkGSF" name="link_gsf_ttg_user_constructor_works_as_expected_with_defaults"/>
    <testcase time="0.00199999999999889" classname="LinkGSF" name="link_gsf_ttg_user_constructor_works_as_expected_with_defaults"/>
    <testcase time="0.0140000000000011" classname="LinkGSF" name="link_gsf_dsld_user_constructor_works_as_expected_with_defaults"/>
    <testcase time="0.00199999999999889" classname="LinkGSF" name="link_gsf_dsld_user_constructor_works_as_expected_with_defaults"/>
  </testsuite>
  <testsuite name="LinkNone" timestamp="2023-06-07T07:18:01Z" hostname="d81eacf8648b" tests="5" skipped="0" failures="0" errors="0" time="0.033">
    <testcase time="0.0129999999999999" classname="LinkNone" name="LinkNone_object_is_generated_without_unexpected_input"/>
    <testcase time="0.00699999999999967" classname="LinkNone" name="LinkNone_object_is_generated_without_unexpected_input"/>
    <testcase time="0.00500000000000078" classname="LinkNone" name="LinkNone_object_is_generated_without_unexpected_input"/>
    <testcase time="0.00399999999999956" classname="LinkNone" name="LinkNone_object_is_generated_without_unexpected_input"/>
    <testcase time="0.00399999999999956" classname="LinkNone" name="LinkNone_object_is_generated_without_unexpected_input"/>
  </testsuite>
  <testsuite name="LinkRandomSlope" timestamp="2023-06-07T07:18:01Z" hostname="d81eacf8648b" tests="3" skipped="0" failures="0" errors="0" time="0.032">
    <testcase time="0.0220000000000002" classname="LinkRandomSlope" name="LinkRandomSlope_smoke_tests"/>
    <testcase time="0.00400000000000134" classname="LinkRandomSlope" name="LinkRandomSlope_smoke_tests"/>
    <testcase time="0.00599999999999845" classname="LinkRandomSlope" name="LinkRandomSlope_smoke_tests"/>
  </testsuite>
  <testsuite name="LongitudinalGSF" timestamp="2023-06-07T07:18:01Z" hostname="d81eacf8648b" tests="4" skipped="0" failures="0" errors="0" time="177.438">
    <testcase time="0.117000000000001" classname="LongitudinalGSF" name="LongitudinalGSF_works_as_expected_with_default_arguments"/>
    <testcase time="0.000999999999999446" classname="LongitudinalGSF" name="LongitudinalGSF_works_as_expected_with_default_arguments"/>
    <testcase time="174.184" classname="LongitudinalGSF" name="LongitudinalGSF_works_as_expected_with_a_single_study"/>
    <testcase time="3.136" classname="LongitudinalGSF" name="LongitudinalGSF_works_as_expected_with_a_single_study"/>
  </testsuite>
  <testsuite name="LongitudinalSamples" timestamp="2023-06-07T07:20:58Z" hostname="d81eacf8648b" tests="15" skipped="0" failures="0" errors="0" time="1.299">
    <testcase time="0.731999999999999" classname="LongitudinalSamples" name="subsetting_works_as_expected_for_LongitudinalSamples"/>
    <testcase time="0.00200000000000955" classname="LongitudinalSamples" name="subsetting_works_as_expected_for_LongitudinalSamples"/>
    <testcase time="0.00399999999999068" classname="LongitudinalSamples" name="subsetting_works_as_expected_for_LongitudinalSamples"/>
    <testcase time="0.352000000000004" classname="LongitudinalSamples" name="autoplot_works_as_expected_for_LongitudinalSamples"/>
    <testcase time="0.0630000000000166" classname="LongitudinalSamples" name="autoplot_works_as_expected_for_LongitudinalSamples"/>
    <testcase time="0.00499999999999545" classname="LongitudinalSamples" name="autoplot_works_as_expected_for_LongitudinalSamples"/>
    <testcase time="0.00399999999999068" classname="LongitudinalSamples" name="autoplot_works_as_expected_for_LongitudinalSamples"/>
    <testcase time="0.00499999999999545" classname="LongitudinalSamples" name="autoplot_works_as_expected_for_LongitudinalSamples"/>
    <testcase time="0.0500000000000114" classname="LongitudinalSamples" name="autoplot_works_as_expected_for_LongitudinalSamples"/>
    <testcase time="0.00399999999999068" classname="LongitudinalSamples" name="autoplot_works_as_expected_for_LongitudinalSamples"/>
    <testcase time="0.00499999999999545" classname="LongitudinalSamples" name="autoplot_works_as_expected_for_LongitudinalSamples"/>
    <testcase time="0.0240000000000009" classname="LongitudinalSamples" name="autoplot_works_as_expected_for_LongitudinalSamples"/>
    <testcase time="0.00500000000002387" classname="LongitudinalSamples" name="autoplot_works_as_expected_for_LongitudinalSamples"/>
    <testcase time="0.039999999999992" classname="LongitudinalSamples" name="autoplot_works_as_expected_for_LongitudinalSamples"/>
    <testcase time="0.00399999999999068" classname="LongitudinalSamples" name="autoplot_works_as_expected_for_LongitudinalSamples"/>
  </testsuite>
  <testsuite name="ParameterList" timestamp="2023-06-07T07:20:59Z" hostname="d81eacf8648b" tests="3" skipped="0" failures="0" errors="0" time="0.022">
    <testcase time="0.0120000000000005" classname="ParameterList" name="ParameterList_smoke_tests"/>
    <testcase time="0.00399999999999068" classname="ParameterList" name="ParameterList_smoke_tests"/>
    <testcase time="0.00600000000000023" classname="ParameterList" name="ParameterList_smoke_tests"/>
  </testsuite>
  <testsuite name="Parameters" timestamp="2023-06-07T07:20:59Z" hostname="d81eacf8648b" tests="4" skipped="0" failures="0" errors="0" time="0.023">
    <testcase time="0.0110000000000241" classname="Parameters" name="Parameters_smoke_tests"/>
    <testcase time="0.00399999999999068" classname="Parameters" name="Parameters_smoke_tests"/>
    <testcase time="0.00399999999999068" classname="Parameters" name="Parameters_smoke_tests"/>
    <testcase time="0.00399999999999068" classname="Parameters" name="Parameters_smoke_tests"/>
  </testsuite>
  <testsuite name="Prior" timestamp="2023-06-07T07:20:59Z" hostname="d81eacf8648b" tests="4" skipped="0" failures="0" errors="0" time="0.024">
    <testcase time="0.0110000000000241" classname="Prior" name="Priors_work_as_expected"/>
    <testcase time="0.00399999999999068" classname="Prior" name="Priors_work_as_expected"/>
    <testcase time="0.00499999999999545" classname="Prior" name="Priors_work_as_expected"/>
    <testcase time="0.00399999999999068" classname="Prior" name="Priors_work_as_expected"/>
  </testsuite>
  <testsuite name="compile" timestamp="2023-06-07T07:21:00Z" hostname="d81eacf8648b" tests="1" skipped="0" failures="0" errors="0" time="8.748">
    <testcase time="8.74800000000002" classname="compile" name="compileStanModel_doesn_t_error_if_the_directory_doesn_t_exist"/>
  </testsuite>
  <testsuite name="simulations" timestamp="2023-06-07T07:21:08Z" hostname="d81eacf8648b" tests="26" skipped="0" failures="0" errors="0" time="1.024">
    <testcase time="0.0149999999999864" classname="simulations" name="sim_lm_gsf_works_as_expected"/>
    <testcase time="0.00499999999999545" classname="simulations" name="sim_lm_gsf_works_as_expected"/>
    <testcase time="0.0340000000000202" classname="simulations" name="sim_lm_gsf_works_as_expected"/>
    <testcase time="0.00499999999999545" classname="simulations" name="sim_lm_gsf_works_as_expected"/>
    <testcase time="0.00499999999999545" classname="simulations" name="sim_lm_gsf_works_as_expected"/>
    <testcase time="0.00499999999999545" classname="simulations" name="sim_lm_gsf_works_as_expected"/>
    <testcase time="0.00499999999999545" classname="simulations" name="sim_lm_gsf_works_as_expected"/>
    <testcase time="0.0040000000000191" classname="simulations" name="sim_lm_gsf_works_as_expected"/>
    <testcase time="0.00499999999999545" classname="simulations" name="sim_lm_gsf_works_as_expected"/>
    <testcase time="0.007000000000005" classname="simulations" name="sim_lm_random_slope_works_as_expected"/>
    <testcase time="0.018999999999977" classname="simulations" name="sim_lm_random_slope_works_as_expected"/>
    <testcase time="0.0170000000000243" classname="simulations" name="sim_lm_random_slope_works_as_expected"/>
    <testcase time="0.00499999999999545" classname="simulations" name="sim_lm_random_slope_works_as_expected"/>
    <testcase time="0.00499999999999545" classname="simulations" name="sim_lm_random_slope_works_as_expected"/>
    <testcase time="0.00499999999999545" classname="simulations" name="sim_lm_random_slope_works_as_expected"/>
    <testcase time="0.00499999999999545" classname="simulations" name="sim_lm_random_slope_works_as_expected"/>
    <testcase time="0.00499999999999545" classname="simulations" name="sim_lm_random_slope_works_as_expected"/>
    <testcase time="0.00500000000002387" classname="simulations" name="sim_lm_random_slope_works_as_expected"/>
    <testcase time="0.843999999999994" classname="simulations" name="simulate_joint_data_works_as_expected"/>
    <testcase time="0.00199999999998113" classname="simulations" name="simulate_joint_data_works_as_expected"/>
    <testcase time="0.00100000000000477" classname="simulations" name="simulate_joint_data_works_as_expected"/>
    <testcase time="0.00499999999999545" classname="simulations" name="simulate_joint_data_works_as_expected"/>
    <testcase time="0.00500000000002387" classname="simulations" name="simulate_joint_data_works_as_expected"/>
    <testcase time="0.000999999999976353" classname="simulations" name="simulate_joint_data_works_as_expected"/>
    <testcase time="0.00500000000002387" classname="simulations" name="simulate_joint_data_works_as_expected"/>
    <testcase time="0.00499999999999545" classname="simulations" name="simulate_joint_data_works_as_expected"/>
  </testsuite>
  <testsuite name="utilities" timestamp="2023-06-07T07:21:09Z" hostname="d81eacf8648b" tests="10" skipped="0" failures="0" errors="0" time="0.084">
    <testcase time="0.0120000000000005" classname="utilities" name="get_missing_rownumbers_works_as_expected"/>
    <testcase time="0.00899999999998613" classname="utilities" name="remove_missing_rows_works_as_expected"/>
    <testcase time="0.00800000000000978" classname="utilities" name="expand_initial_values_works_as_expected"/>
    <testcase time="0.007000000000005" classname="utilities" name="replace_with_lookup_works_and_sets_array_attributes_as_expected"/>
    <testcase time="0.00899999999998613" classname="utilities" name="replace_with_lookup_asserts_sizes_as_numbers_as_expected"/>
    <testcase time="0.00900000000001455" classname="utilities" name="replace_with_lookup_asserts_looked_up_sizes_as_numbers_as_expected"/>
    <testcase time="0.00600000000000023" classname="utilities" name="samples_median_ci_works_as_expected"/>
    <testcase time="0.00999999999999091" classname="utilities" name="samples_median_ci_works_as_expected"/>
    <testcase time="0.00600000000000023" classname="utilities" name="samples_median_ci_works_with_a_custom_credibility_level"/>
    <testcase time="0.00800000000000978" classname="utilities" name="samples_median_ci_works_with_a_custom_credibility_level"/>
  </testsuite>
</testsuites>
