<?xml version="1.0" encoding="UTF-8"?>
<testsuites>
  <testsuite name="DataJoint" timestamp="2023-08-07T17:24:01Z" hostname="696a07859205" tests="4" skipped="0" failures="0" errors="0" time="0.683">
    <testcase time="0.593" classname="DataJoint" name="DataJoint_errors_if_subjects_don_t_allign_after"/>
    <testcase time="0.052" classname="DataJoint" name="DataJoint_errors_if_subjects_don_t_allign_after"/>
    <testcase time="0.0289999999999999" classname="DataJoint" name="DataJoint_errors_if_subjects_don_t_allign_after"/>
    <testcase time="0.0089999999999999" classname="DataJoint" name="DataJoint_errors_if_subjects_don_t_allign_after"/>
  </testsuite>
  <testsuite name="DataLongitudinal" timestamp="2023-08-07T17:24:02Z" hostname="696a07859205" tests="15" skipped="0" failures="0" errors="0" time="0.117">
    <testcase time="0.0310000000000001" classname="DataLongitudinal" name="DataLongitudinal_being_rendered_to_list_is_as_expected_for_simple_inputs"/>
    <testcase time="0.004" classname="DataLongitudinal" name="DataLongitudinal_being_rendered_to_list_is_as_expected_for_simple_inputs"/>
    <testcase time="0.00499999999999989" classname="DataLongitudinal" name="DataLongitudinal_being_rendered_to_list_is_as_expected_for_simple_inputs"/>
    <testcase time="0.00499999999999989" classname="DataLongitudinal" name="DataLongitudinal_being_rendered_to_list_is_as_expected_for_simple_inputs"/>
    <testcase time="0.00499999999999989" classname="DataLongitudinal" name="DataLongitudinal_being_rendered_to_list_is_as_expected_for_simple_inputs"/>
    <testcase time="0.00500000000000034" classname="DataLongitudinal" name="DataLongitudinal_being_rendered_to_list_is_as_expected_for_simple_inputs"/>
    <testcase time="0.00499999999999989" classname="DataLongitudinal" name="DataLongitudinal_being_rendered_to_list_is_as_expected_for_simple_inputs"/>
    <testcase time="0.004" classname="DataLongitudinal" name="DataLongitudinal_being_rendered_to_list_is_as_expected_for_simple_inputs"/>
    <testcase time="0.00499999999999989" classname="DataLongitudinal" name="DataLongitudinal_being_rendered_to_list_is_as_expected_for_simple_inputs"/>
    <testcase time="0.00099999999999989" classname="DataLongitudinal" name="DataLongitudinal_being_rendered_to_list_is_as_expected_for_simple_inputs"/>
    <testcase time="0.0110000000000001" classname="DataLongitudinal" name="time_grid_is_rejected_if_in_an_invalid_format"/>
    <testcase time="0.0089999999999999" classname="DataLongitudinal" name="time_grid_is_rejected_if_in_an_invalid_format"/>
    <testcase time="0.00900000000000034" classname="DataLongitudinal" name="time_grid_is_rejected_if_in_an_invalid_format"/>
    <testcase time="0.0089999999999999" classname="DataLongitudinal" name="time_grid_is_rejected_if_in_an_invalid_format"/>
    <testcase time="0.0089999999999999" classname="DataLongitudinal" name="time_grid_is_rejected_if_in_an_invalid_format"/>
  </testsuite>
  <testsuite name="DataSurvival" timestamp="2023-08-07T17:24:02Z" hostname="696a07859205" tests="17" skipped="0" failures="0" errors="0" time="0.154">
    <testcase time="0.032" classname="DataSurvival" name="Error_Handling"/>
    <testcase time="0.0139999999999998" classname="DataSurvival" name="DataSurvival_being_rendered_to_list_is_as_expected_for_simple_inputs"/>
    <testcase time="0.0180000000000002" classname="DataSurvival" name="DataSurvival_being_rendered_to_list_is_as_expected_for_simple_inputs"/>
    <testcase time="0.00499999999999989" classname="DataSurvival" name="DataSurvival_being_rendered_to_list_is_as_expected_for_simple_inputs"/>
    <testcase time="0.00499999999999989" classname="DataSurvival" name="DataSurvival_being_rendered_to_list_is_as_expected_for_simple_inputs"/>
    <testcase time="0.00500000000000034" classname="DataSurvival" name="DataSurvival_being_rendered_to_list_is_as_expected_for_simple_inputs"/>
    <testcase time="0.004" classname="DataSurvival" name="DataSurvival_being_rendered_to_list_is_as_expected_for_simple_inputs"/>
    <testcase time="0.004" classname="DataSurvival" name="DataSurvival_being_rendered_to_list_is_as_expected_for_simple_inputs"/>
    <testcase time="0.00499999999999989" classname="DataSurvival" name="DataSurvival_being_rendered_to_list_is_as_expected_for_simple_inputs"/>
    <testcase time="0.004" classname="DataSurvival" name="DataSurvival_being_rendered_to_list_is_as_expected_for_simple_inputs"/>
    <testcase time="0.00499999999999989" classname="DataSurvival" name="DataSurvival_being_rendered_to_list_is_as_expected_for_simple_inputs"/>
    <testcase time="0.00499999999999989" classname="DataSurvival" name="DataSurvival_being_rendered_to_list_is_as_expected_for_simple_inputs"/>
    <testcase time="0.0100000000000002" classname="DataSurvival" name="time_grid_is_rejected_if_in_an_invalid_format"/>
    <testcase time="0.0089999999999999" classname="DataSurvival" name="time_grid_is_rejected_if_in_an_invalid_format"/>
    <testcase time="0.0100000000000002" classname="DataSurvival" name="time_grid_is_rejected_if_in_an_invalid_format"/>
    <testcase time="0.0089999999999999" classname="DataSurvival" name="time_grid_is_rejected_if_in_an_invalid_format"/>
    <testcase time="0.00999999999999979" classname="DataSurvival" name="time_grid_is_rejected_if_in_an_invalid_format"/>
  </testsuite>
  <testsuite name="JointModel" timestamp="2023-08-07T17:24:02Z" hostname="696a07859205" tests="2" skipped="0" failures="0" errors="0" time="0.452">
    <testcase time="0.447" classname="JointModel" name="JointModel_smoke_tests"/>
    <testcase time="0.00499999999999989" classname="JointModel" name="JointModel_smoke_tests"/>
  </testsuite>
  <testsuite name="JointModelSamples" timestamp="2023-08-07T17:24:03Z" hostname="696a07859205" tests="34" skipped="0" failures="0" errors="0" time="11.453">
    <testcase time="0.0110000000000001" classname="JointModelSamples" name="longitudinal_works_as_expected_for_JointModelSamples"/>
    <testcase time="5.516" classname="JointModelSamples" name="longitudinal_works_as_expected_for_JointModelSamples"/>
    <testcase time="0.00199999999999889" classname="JointModelSamples" name="longitudinal_works_as_expected_for_JointModelSamples"/>
    <testcase time="0.00100000000000122" classname="JointModelSamples" name="longitudinal_works_as_expected_for_JointModelSamples"/>
    <testcase time="0.00399999999999956" classname="JointModelSamples" name="longitudinal_works_as_expected_for_JointModelSamples"/>
    <testcase time="0.00199999999999889" classname="JointModelSamples" name="longitudinal_works_as_expected_for_JointModelSamples"/>
    <testcase time="0.00100000000000122" classname="JointModelSamples" name="longitudinal_works_as_expected_for_JointModelSamples"/>
    <testcase time="0.00399999999999956" classname="JointModelSamples" name="longitudinal_works_as_expected_for_JointModelSamples"/>
    <testcase time="0.000999999999999446" classname="JointModelSamples" name="longitudinal_works_as_expected_for_JointModelSamples"/>
    <testcase time="0.00400000000000134" classname="JointModelSamples" name="longitudinal_works_as_expected_for_JointModelSamples"/>
    <testcase time="0.000999999999999446" classname="JointModelSamples" name="longitudinal_works_as_expected_for_JointModelSamples"/>
    <testcase time="0.00399999999999956" classname="JointModelSamples" name="longitudinal_works_as_expected_for_JointModelSamples"/>
    <testcase time="0.00400000000000134" classname="JointModelSamples" name="longitudinal_works_as_expected_for_JointModelSamples"/>
    <testcase time="0.283999999999999" classname="JointModelSamples" name="longitudinal_allows_to_subset_patients"/>
    <testcase time="0.00200000000000067" classname="JointModelSamples" name="longitudinal_allows_to_subset_patients"/>
    <testcase time="0.000999999999999446" classname="JointModelSamples" name="longitudinal_allows_to_subset_patients"/>
    <testcase time="0.00399999999999956" classname="JointModelSamples" name="longitudinal_allows_to_subset_patients"/>
    <testcase time="0.0080000000000009" classname="JointModelSamples" name="survival_works_as_expected_for_JointModelSamples"/>
    <testcase time="5.259" classname="JointModelSamples" name="survival_works_as_expected_for_JointModelSamples"/>
    <testcase time="0.00199999999999889" classname="JointModelSamples" name="survival_works_as_expected_for_JointModelSamples"/>
    <testcase time="0.00100000000000122" classname="JointModelSamples" name="survival_works_as_expected_for_JointModelSamples"/>
    <testcase time="0.00499999999999901" classname="JointModelSamples" name="survival_works_as_expected_for_JointModelSamples"/>
    <testcase time="0.00100000000000122" classname="JointModelSamples" name="survival_works_as_expected_for_JointModelSamples"/>
    <testcase time="0.000999999999999446" classname="JointModelSamples" name="survival_works_as_expected_for_JointModelSamples"/>
    <testcase time="0.00399999999999956" classname="JointModelSamples" name="survival_works_as_expected_for_JointModelSamples"/>
    <testcase time="0.00200000000000067" classname="JointModelSamples" name="survival_works_as_expected_for_JointModelSamples"/>
    <testcase time="0.00399999999999956" classname="JointModelSamples" name="survival_works_as_expected_for_JointModelSamples"/>
    <testcase time="0.000999999999999446" classname="JointModelSamples" name="survival_works_as_expected_for_JointModelSamples"/>
    <testcase time="0.00500000000000078" classname="JointModelSamples" name="survival_works_as_expected_for_JointModelSamples"/>
    <testcase time="0.00399999999999956" classname="JointModelSamples" name="survival_works_as_expected_for_JointModelSamples"/>
    <testcase time="0.303000000000001" classname="JointModelSamples" name="survival_allows_to_subset_patients"/>
    <testcase time="0.000999999999999446" classname="JointModelSamples" name="survival_allows_to_subset_patients"/>
    <testcase time="0.00100000000000122" classname="JointModelSamples" name="survival_allows_to_subset_patients"/>
    <testcase time="0.00499999999999901" classname="JointModelSamples" name="survival_allows_to_subset_patients"/>
  </testsuite>
  <testsuite name="LinkGSF" timestamp="2023-08-07T17:24:14Z" hostname="696a07859205" tests="10" skipped="0" failures="0" errors="0" time="0.263">
    <testcase time="0.0120000000000005" classname="LinkGSF" name="LinkGSF_class_initialization_works_as_expected"/>
    <testcase time="0.000999999999999446" classname="LinkGSF" name="LinkGSF_class_initialization_works_as_expected"/>
    <testcase time="0.0800000000000001" classname="LinkGSF" name="LinkGSF_user_constructor_works_as_expected_with_defaults"/>
    <testcase time="0.00200000000000067" classname="LinkGSF" name="LinkGSF_user_constructor_works_as_expected_with_defaults"/>
    <testcase time="0.0139999999999993" classname="LinkGSF" name="link_gsf_ttg_user_constructor_works_as_expected_with_defaults"/>
    <testcase time="0.00200000000000067" classname="LinkGSF" name="link_gsf_ttg_user_constructor_works_as_expected_with_defaults"/>
    <testcase time="0.0169999999999995" classname="LinkGSF" name="link_gsf_dsld_user_constructor_works_as_expected_with_defaults"/>
    <testcase time="0.00100000000000122" classname="LinkGSF" name="link_gsf_dsld_user_constructor_works_as_expected_with_defaults"/>
    <testcase time="0.088000000000001" classname="LinkGSF" name="LinkGSF_returns_correct_defaults_when_no_arguments_are_supplied"/>
    <testcase time="0.0459999999999994" classname="LinkGSF" name="LinkGSF_returns_correct_defaults_when_no_arguments_are_supplied"/>
  </testsuite>
  <testsuite name="LinkNone" timestamp="2023-08-07T17:24:15Z" hostname="696a07859205" tests="5" skipped="0" failures="0" errors="0" time="0.263">
    <testcase time="0.0159999999999982" classname="LinkNone" name="LinkNone_object_is_generated_without_unexpected_input"/>
    <testcase time="0.00800000000000267" classname="LinkNone" name="LinkNone_object_is_generated_without_unexpected_input"/>
    <testcase time="0.00399999999999778" classname="LinkNone" name="LinkNone_object_is_generated_without_unexpected_input"/>
    <testcase time="0.231000000000002" classname="LinkNone" name="LinkNone_object_is_generated_without_unexpected_input"/>
    <testcase time="0.00399999999999778" classname="LinkNone" name="LinkNone_object_is_generated_without_unexpected_input"/>
  </testsuite>
  <testsuite name="LinkRandomSlope" timestamp="2023-08-07T17:24:15Z" hostname="696a07859205" tests="3" skipped="0" failures="0" errors="0" time="0.035">
    <testcase time="0.0240000000000009" classname="LinkRandomSlope" name="LinkRandomSlope_smoke_tests"/>
    <testcase time="0.00499999999999901" classname="LinkRandomSlope" name="LinkRandomSlope_smoke_tests"/>
    <testcase time="0.00600000000000023" classname="LinkRandomSlope" name="LinkRandomSlope_smoke_tests"/>
  </testsuite>
  <testsuite name="LongitudinalGSF" timestamp="2023-08-07T17:24:15Z" hostname="696a07859205" tests="4" skipped="0" failures="0" errors="0" time="185.81">
    <testcase time="0.116" classname="LongitudinalGSF" name="LongitudinalGSF_works_as_expected_with_default_arguments"/>
    <testcase time="0.00200000000000244" classname="LongitudinalGSF" name="LongitudinalGSF_works_as_expected_with_default_arguments"/>
    <testcase time="182.731" classname="LongitudinalGSF" name="LongitudinalGSF_works_as_expected_with_a_single_study"/>
    <testcase time="2.96099999999998" classname="LongitudinalGSF" name="LongitudinalGSF_works_as_expected_with_a_single_study"/>
  </testsuite>
  <testsuite name="LongitudinalSamples" timestamp="2023-08-07T17:27:21Z" hostname="696a07859205" tests="17" skipped="0" failures="0" errors="0" time="0.482">
    <testcase time="0.0109999999999957" classname="LongitudinalSamples" name="LongitudinalSamples_can_be_initialized"/>
    <testcase time="0.0040000000000191" classname="LongitudinalSamples" name="LongitudinalSamples_can_be_initialized"/>
    <testcase time="0.00799999999998136" classname="LongitudinalSamples" name="subsetting_works_as_expected_for_LongitudinalSamples"/>
    <testcase time="0.00100000000000477" classname="LongitudinalSamples" name="subsetting_works_as_expected_for_LongitudinalSamples"/>
    <testcase time="0.0040000000000191" classname="LongitudinalSamples" name="subsetting_works_as_expected_for_LongitudinalSamples"/>
    <testcase time="0.218999999999994" classname="LongitudinalSamples" name="autoplot_works_as_expected_for_LongitudinalSamples"/>
    <testcase time="0.115999999999985" classname="LongitudinalSamples" name="autoplot_works_as_expected_for_LongitudinalSamples"/>
    <testcase time="0.0040000000000191" classname="LongitudinalSamples" name="autoplot_works_as_expected_for_LongitudinalSamples"/>
    <testcase time="0.00399999999999068" classname="LongitudinalSamples" name="autoplot_works_as_expected_for_LongitudinalSamples"/>
    <testcase time="0.00399999999999068" classname="LongitudinalSamples" name="autoplot_works_as_expected_for_LongitudinalSamples"/>
    <testcase time="0.0450000000000159" classname="LongitudinalSamples" name="autoplot_works_as_expected_for_LongitudinalSamples"/>
    <testcase time="0.00499999999999545" classname="LongitudinalSamples" name="autoplot_works_as_expected_for_LongitudinalSamples"/>
    <testcase time="0.00399999999999068" classname="LongitudinalSamples" name="autoplot_works_as_expected_for_LongitudinalSamples"/>
    <testcase time="0.00399999999999068" classname="LongitudinalSamples" name="autoplot_works_as_expected_for_LongitudinalSamples"/>
    <testcase time="0.0040000000000191" classname="LongitudinalSamples" name="autoplot_works_as_expected_for_LongitudinalSamples"/>
    <testcase time="0.0409999999999968" classname="LongitudinalSamples" name="autoplot_works_as_expected_for_LongitudinalSamples"/>
    <testcase time="0.00399999999999068" classname="LongitudinalSamples" name="autoplot_works_as_expected_for_LongitudinalSamples"/>
  </testsuite>
  <testsuite name="ParameterList" timestamp="2023-08-07T17:27:21Z" hostname="696a07859205" tests="3" skipped="0" failures="0" errors="0" time="0.025">
    <testcase time="0.0150000000000148" classname="ParameterList" name="ParameterList_smoke_tests"/>
    <testcase time="0.00399999999999068" classname="ParameterList" name="ParameterList_smoke_tests"/>
    <testcase time="0.00600000000000023" classname="ParameterList" name="ParameterList_smoke_tests"/>
  </testsuite>
  <testsuite name="Parameters" timestamp="2023-08-07T17:27:21Z" hostname="696a07859205" tests="4" skipped="0" failures="0" errors="0" time="0.027">
    <testcase time="0.01400000000001" classname="Parameters" name="Parameters_smoke_tests"/>
    <testcase time="0.00399999999999068" classname="Parameters" name="Parameters_smoke_tests"/>
    <testcase time="0.00499999999999545" classname="Parameters" name="Parameters_smoke_tests"/>
    <testcase time="0.00399999999999068" classname="Parameters" name="Parameters_smoke_tests"/>
  </testsuite>
  <testsuite name="Prior" timestamp="2023-08-07T17:27:21Z" hostname="696a07859205" tests="4" skipped="0" failures="0" errors="0" time="0.041">
    <testcase time="0.0130000000000052" classname="Prior" name="Priors_work_as_expected"/>
    <testcase time="0.00499999999999545" classname="Prior" name="Priors_work_as_expected"/>
    <testcase time="0.0040000000000191" classname="Prior" name="Priors_work_as_expected"/>
    <testcase time="0.0190000000000055" classname="Prior" name="Priors_work_as_expected"/>
  </testsuite>
  <testsuite name="SurvivalExponential" timestamp="2023-08-07T17:27:21Z" hostname="696a07859205" tests="2" skipped="0" failures="0" errors="0" time="49.502">
    <testcase time="24.871" classname="SurvivalExponential" name="SurvivalExponential_can_recover_true_parameter_no_covariates_"/>
    <testcase time="24.631" classname="SurvivalExponential" name="SurvivalExponential_can_recover_true_parameter_including_covariates_"/>
  </testsuite>
  <testsuite name="SurvivalSamples" timestamp="2023-08-07T17:28:11Z" hostname="696a07859205" tests="26" skipped="1" failures="0" errors="0" time="1.709">
    <testcase time="0.01400000000001" classname="SurvivalSamples" name="SurvivalSamples_can_be_initialized"/>
    <testcase time="0.00499999999999545" classname="SurvivalSamples" name="SurvivalSamples_can_be_initialized"/>
    <testcase time="0.00900000000001455" classname="SurvivalSamples" name="subsetting_works_as_expected_for_SurvivalSamples"/>
    <testcase time="0.000999999999976353" classname="SurvivalSamples" name="subsetting_works_as_expected_for_SurvivalSamples"/>
    <testcase time="0.00500000000002387" classname="SurvivalSamples" name="subsetting_works_as_expected_for_SurvivalSamples"/>
    <testcase time="0.0139999999999816" classname="SurvivalSamples" name="aggregate_works_as_expected_for_SurvivalSamples"/>
    <testcase time="0.00499999999999545" classname="SurvivalSamples" name="aggregate_works_as_expected_for_SurvivalSamples"/>
    <testcase time="0.00500000000002387" classname="SurvivalSamples" name="aggregate_works_as_expected_for_SurvivalSamples"/>
    <testcase time="0.00399999999999068" classname="SurvivalSamples" name="aggregate_works_as_expected_for_SurvivalSamples"/>
    <testcase time="0.207999999999998" classname="SurvivalSamples" name="autoplot_works_as_expected_for_SurvivalSamples"/>
    <testcase time="0.363" classname="SurvivalSamples" name="autoplot_works_as_expected_for_SurvivalSamples"/>
    <testcase time="0.00499999999999545" classname="SurvivalSamples" name="autoplot_works_as_expected_for_SurvivalSamples"/>
    <testcase time="0.00399999999999068" classname="SurvivalSamples" name="autoplot_works_as_expected_for_SurvivalSamples"/>
    <testcase time="0.0040000000000191" classname="SurvivalSamples" name="autoplot_works_as_expected_for_SurvivalSamples"/>
    <testcase time="0.0559999999999832" classname="SurvivalSamples" name="autoplot_works_as_expected_for_SurvivalSamples"/>
    <testcase time="0.0040000000000191" classname="SurvivalSamples" name="autoplot_works_as_expected_for_SurvivalSamples"/>
    <testcase time="0.00399999999999068" classname="SurvivalSamples" name="autoplot_works_as_expected_for_SurvivalSamples"/>
    <testcase time="0.00399999999999068" classname="SurvivalSamples" name="autoplot_works_as_expected_for_SurvivalSamples"/>
    <testcase time="0.0040000000000191" classname="SurvivalSamples" name="autoplot_works_as_expected_for_SurvivalSamples"/>
    <testcase time="0.0569999999999879" classname="SurvivalSamples" name="autoplot_works_as_expected_for_SurvivalSamples"/>
    <testcase time="0.00399999999999068" classname="SurvivalSamples" name="autoplot_works_as_expected_for_SurvivalSamples"/>
    <testcase time="0.207000000000022" classname="SurvivalSamples" name="autoplot_does_not_show_the_Kaplan_Meier_plot_if_disabled"/>
    <testcase time="0.00399999999999068" classname="SurvivalSamples" name="autoplot_does_not_show_the_Kaplan_Meier_plot_if_disabled"/>
    <testcase time="0.175999999999988" classname="SurvivalSamples" name="autoplot_works_end_to_end_with_Kaplan_Meier_plot"/>
    <testcase time="0.0040000000000191" classname="SurvivalSamples" name="autoplot_works_end_to_end_with_Kaplan_Meier_plot"/>
    <testcase time="0.538999999999987" classname="SurvivalSamples" name="autoplot_works_end_to_end_with_Kaplan_Meier_plot">
      <skipped message="Reason: On CRAN ('test-SurvivalSamples.R:113:5')"/>
    </testcase>
  </testsuite>
  <testsuite name="compile" timestamp="2023-08-07T17:28:13Z" hostname="696a07859205" tests="1" skipped="0" failures="0" errors="0" time="8.319">
    <testcase time="8.31899999999999" classname="compile" name="compileStanModel_doesn_t_error_if_the_directory_doesn_t_exist"/>
  </testsuite>
  <testsuite name="simulations" timestamp="2023-08-07T17:28:21Z" hostname="696a07859205" tests="27" skipped="0" failures="0" errors="0" time="0.916">
    <testcase time="0.0169999999999959" classname="simulations" name="sim_lm_gsf_works_as_expected"/>
    <testcase time="0.00499999999999545" classname="simulations" name="sim_lm_gsf_works_as_expected"/>
    <testcase time="0.0310000000000059" classname="simulations" name="sim_lm_gsf_works_as_expected"/>
    <testcase time="0.00499999999999545" classname="simulations" name="sim_lm_gsf_works_as_expected"/>
    <testcase time="0.00499999999999545" classname="simulations" name="sim_lm_gsf_works_as_expected"/>
    <testcase time="0.0040000000000191" classname="simulations" name="sim_lm_gsf_works_as_expected"/>
    <testcase time="0.0040000000000191" classname="simulations" name="sim_lm_gsf_works_as_expected"/>
    <testcase time="0.00499999999999545" classname="simulations" name="sim_lm_gsf_works_as_expected"/>
    <testcase time="0.00499999999999545" classname="simulations" name="sim_lm_gsf_works_as_expected"/>
    <testcase time="0.00900000000001455" classname="simulations" name="sim_lm_random_slope_works_as_expected"/>
    <testcase time="0.00499999999999545" classname="simulations" name="sim_lm_random_slope_works_as_expected"/>
    <testcase time="0.0149999999999864" classname="simulations" name="sim_lm_random_slope_works_as_expected"/>
    <testcase time="0.00499999999999545" classname="simulations" name="sim_lm_random_slope_works_as_expected"/>
    <testcase time="0.00499999999999545" classname="simulations" name="sim_lm_random_slope_works_as_expected"/>
    <testcase time="0.00499999999999545" classname="simulations" name="sim_lm_random_slope_works_as_expected"/>
    <testcase time="0.0040000000000191" classname="simulations" name="sim_lm_random_slope_works_as_expected"/>
    <testcase time="0.00499999999999545" classname="simulations" name="sim_lm_random_slope_works_as_expected"/>
    <testcase time="0.0040000000000191" classname="simulations" name="sim_lm_random_slope_works_as_expected"/>
    <testcase time="0.47399999999999" classname="simulations" name="simulate_joint_data_works_as_expected"/>
    <testcase time="0.000999999999976353" classname="simulations" name="simulate_joint_data_works_as_expected"/>
    <testcase time="0.00200000000000955" classname="simulations" name="simulate_joint_data_works_as_expected"/>
    <testcase time="0.0040000000000191" classname="simulations" name="simulate_joint_data_works_as_expected"/>
    <testcase time="0.00499999999999545" classname="simulations" name="simulate_joint_data_works_as_expected"/>
    <testcase time="0.000999999999976353" classname="simulations" name="simulate_joint_data_works_as_expected"/>
    <testcase time="0.0040000000000191" classname="simulations" name="simulate_joint_data_works_as_expected"/>
    <testcase time="0.00499999999999545" classname="simulations" name="simulate_joint_data_works_as_expected"/>
    <testcase time="0.281999999999982" classname="simulations" name="simulate_joint_data_leads_to_valid_DataJoint_with_almost_only_default_arguments"/>
  </testsuite>
  <testsuite name="utilities" timestamp="2023-08-07T17:28:22Z" hostname="696a07859205" tests="10" skipped="0" failures="0" errors="0" time="0.103">
    <testcase time="0.0149999999999864" classname="utilities" name="get_missing_rownumbers_works_as_expected"/>
    <testcase time="0.0120000000000005" classname="utilities" name="remove_missing_rows_works_as_expected"/>
    <testcase time="0.00900000000001455" classname="utilities" name="expand_initial_values_works_as_expected"/>
    <testcase time="0.00999999999999091" classname="utilities" name="replace_with_lookup_works_and_sets_array_attributes_as_expected"/>
    <testcase time="0.0120000000000005" classname="utilities" name="replace_with_lookup_asserts_sizes_as_numbers_as_expected"/>
    <testcase time="0.0110000000000241" classname="utilities" name="replace_with_lookup_asserts_looked_up_sizes_as_numbers_as_expected"/>
    <testcase time="0.00799999999998136" classname="utilities" name="samples_median_ci_works_as_expected"/>
    <testcase time="0.00900000000001455" classname="utilities" name="samples_median_ci_works_as_expected"/>
    <testcase time="0.00900000000001455" classname="utilities" name="samples_median_ci_works_with_a_custom_credibility_level"/>
    <testcase time="0.00799999999998136" classname="utilities" name="samples_median_ci_works_with_a_custom_credibility_level"/>
  </testsuite>
</testsuites>
