<?xml version="1.0" encoding="UTF-8"?>
<testsuites>
  <testsuite name="DataJoint" timestamp="2023-08-10T08:23:20Z" hostname="0bd16c9634f4" tests="4" skipped="0" failures="0" errors="0" time="0.758">
    <testcase time="0.661" classname="DataJoint" name="DataJoint_errors_if_subjects_don_t_allign_after"/>
    <testcase time="0.0570000000000004" classname="DataJoint" name="DataJoint_errors_if_subjects_don_t_allign_after"/>
    <testcase time="0.0309999999999997" classname="DataJoint" name="DataJoint_errors_if_subjects_don_t_allign_after"/>
    <testcase time="0.00900000000000034" classname="DataJoint" name="DataJoint_errors_if_subjects_don_t_allign_after"/>
  </testsuite>
  <testsuite name="DataLongitudinal" timestamp="2023-08-10T08:23:21Z" hostname="0bd16c9634f4" tests="15" skipped="0" failures="0" errors="0" time="0.121">
    <testcase time="0.032" classname="DataLongitudinal" name="DataLongitudinal_being_rendered_to_list_is_as_expected_for_simple_inputs"/>
    <testcase time="0.00499999999999989" classname="DataLongitudinal" name="DataLongitudinal_being_rendered_to_list_is_as_expected_for_simple_inputs"/>
    <testcase time="0.00499999999999989" classname="DataLongitudinal" name="DataLongitudinal_being_rendered_to_list_is_as_expected_for_simple_inputs"/>
    <testcase time="0.00499999999999989" classname="DataLongitudinal" name="DataLongitudinal_being_rendered_to_list_is_as_expected_for_simple_inputs"/>
    <testcase time="0.00600000000000023" classname="DataLongitudinal" name="DataLongitudinal_being_rendered_to_list_is_as_expected_for_simple_inputs"/>
    <testcase time="0.00499999999999989" classname="DataLongitudinal" name="DataLongitudinal_being_rendered_to_list_is_as_expected_for_simple_inputs"/>
    <testcase time="0.00499999999999989" classname="DataLongitudinal" name="DataLongitudinal_being_rendered_to_list_is_as_expected_for_simple_inputs"/>
    <testcase time="0.00499999999999989" classname="DataLongitudinal" name="DataLongitudinal_being_rendered_to_list_is_as_expected_for_simple_inputs"/>
    <testcase time="0.00400000000000045" classname="DataLongitudinal" name="DataLongitudinal_being_rendered_to_list_is_as_expected_for_simple_inputs"/>
    <testcase time="0.00199999999999978" classname="DataLongitudinal" name="DataLongitudinal_being_rendered_to_list_is_as_expected_for_simple_inputs"/>
    <testcase time="0.0110000000000001" classname="DataLongitudinal" name="time_grid_is_rejected_if_in_an_invalid_format"/>
    <testcase time="0.00999999999999979" classname="DataLongitudinal" name="time_grid_is_rejected_if_in_an_invalid_format"/>
    <testcase time="0.00900000000000034" classname="DataLongitudinal" name="time_grid_is_rejected_if_in_an_invalid_format"/>
    <testcase time="0.00899999999999945" classname="DataLongitudinal" name="time_grid_is_rejected_if_in_an_invalid_format"/>
    <testcase time="0.00800000000000001" classname="DataLongitudinal" name="time_grid_is_rejected_if_in_an_invalid_format"/>
  </testsuite>
  <testsuite name="DataSurvival" timestamp="2023-08-10T08:23:21Z" hostname="0bd16c9634f4" tests="17" skipped="0" failures="0" errors="0" time="0.159">
    <testcase time="0.0350000000000001" classname="DataSurvival" name="Error_Handling"/>
    <testcase time="0.0270000000000001" classname="DataSurvival" name="DataSurvival_being_rendered_to_list_is_as_expected_for_simple_inputs"/>
    <testcase time="0.00600000000000023" classname="DataSurvival" name="DataSurvival_being_rendered_to_list_is_as_expected_for_simple_inputs"/>
    <testcase time="0.00499999999999989" classname="DataSurvival" name="DataSurvival_being_rendered_to_list_is_as_expected_for_simple_inputs"/>
    <testcase time="0.00499999999999989" classname="DataSurvival" name="DataSurvival_being_rendered_to_list_is_as_expected_for_simple_inputs"/>
    <testcase time="0.00499999999999989" classname="DataSurvival" name="DataSurvival_being_rendered_to_list_is_as_expected_for_simple_inputs"/>
    <testcase time="0.00399999999999956" classname="DataSurvival" name="DataSurvival_being_rendered_to_list_is_as_expected_for_simple_inputs"/>
    <testcase time="0.00500000000000078" classname="DataSurvival" name="DataSurvival_being_rendered_to_list_is_as_expected_for_simple_inputs"/>
    <testcase time="0.00399999999999956" classname="DataSurvival" name="DataSurvival_being_rendered_to_list_is_as_expected_for_simple_inputs"/>
    <testcase time="0.00499999999999989" classname="DataSurvival" name="DataSurvival_being_rendered_to_list_is_as_expected_for_simple_inputs"/>
    <testcase time="0.00400000000000045" classname="DataSurvival" name="DataSurvival_being_rendered_to_list_is_as_expected_for_simple_inputs"/>
    <testcase time="0.00599999999999934" classname="DataSurvival" name="DataSurvival_being_rendered_to_list_is_as_expected_for_simple_inputs"/>
    <testcase time="0.0100000000000007" classname="DataSurvival" name="time_grid_is_rejected_if_in_an_invalid_format"/>
    <testcase time="0.00999999999999979" classname="DataSurvival" name="time_grid_is_rejected_if_in_an_invalid_format"/>
    <testcase time="0.00999999999999979" classname="DataSurvival" name="time_grid_is_rejected_if_in_an_invalid_format"/>
    <testcase time="0.00900000000000034" classname="DataSurvival" name="time_grid_is_rejected_if_in_an_invalid_format"/>
    <testcase time="0.00899999999999945" classname="DataSurvival" name="time_grid_is_rejected_if_in_an_invalid_format"/>
  </testsuite>
  <testsuite name="JointModel" timestamp="2023-08-10T08:23:21Z" hostname="0bd16c9634f4" tests="2" skipped="0" failures="0" errors="0" time="0.496">
    <testcase time="0.491000000000001" classname="JointModel" name="JointModel_smoke_tests"/>
    <testcase time="0.00499999999999989" classname="JointModel" name="JointModel_smoke_tests"/>
  </testsuite>
  <testsuite name="JointModelSamples" timestamp="2023-08-10T08:23:21Z" hostname="0bd16c9634f4" tests="34" skipped="0" failures="0" errors="0" time="13.214">
    <testcase time="0.0129999999999999" classname="JointModelSamples" name="longitudinal_works_as_expected_for_JointModelSamples"/>
    <testcase time="6.242" classname="JointModelSamples" name="longitudinal_works_as_expected_for_JointModelSamples"/>
    <testcase time="0.00200000000000067" classname="JointModelSamples" name="longitudinal_works_as_expected_for_JointModelSamples"/>
    <testcase time="0.000999999999999446" classname="JointModelSamples" name="longitudinal_works_as_expected_for_JointModelSamples"/>
    <testcase time="0.00500000000000078" classname="JointModelSamples" name="longitudinal_works_as_expected_for_JointModelSamples"/>
    <testcase time="0.000999999999999446" classname="JointModelSamples" name="longitudinal_works_as_expected_for_JointModelSamples"/>
    <testcase time="0.00200000000000067" classname="JointModelSamples" name="longitudinal_works_as_expected_for_JointModelSamples"/>
    <testcase time="0.00399999999999956" classname="JointModelSamples" name="longitudinal_works_as_expected_for_JointModelSamples"/>
    <testcase time="0.00199999999999889" classname="JointModelSamples" name="longitudinal_works_as_expected_for_JointModelSamples"/>
    <testcase time="0.00400000000000134" classname="JointModelSamples" name="longitudinal_works_as_expected_for_JointModelSamples"/>
    <testcase time="0.00199999999999889" classname="JointModelSamples" name="longitudinal_works_as_expected_for_JointModelSamples"/>
    <testcase time="0.00400000000000134" classname="JointModelSamples" name="longitudinal_works_as_expected_for_JointModelSamples"/>
    <testcase time="0.00499999999999901" classname="JointModelSamples" name="longitudinal_works_as_expected_for_JointModelSamples"/>
    <testcase time="0.548" classname="JointModelSamples" name="longitudinal_allows_to_subset_patients"/>
    <testcase time="0.000999999999999446" classname="JointModelSamples" name="longitudinal_allows_to_subset_patients"/>
    <testcase time="0.00100000000000122" classname="JointModelSamples" name="longitudinal_allows_to_subset_patients"/>
    <testcase time="0.00399999999999956" classname="JointModelSamples" name="longitudinal_allows_to_subset_patients"/>
    <testcase time="0.0080000000000009" classname="JointModelSamples" name="survival_works_as_expected_for_JointModelSamples"/>
    <testcase time="6.001" classname="JointModelSamples" name="survival_works_as_expected_for_JointModelSamples"/>
    <testcase time="0.000999999999997669" classname="JointModelSamples" name="survival_works_as_expected_for_JointModelSamples"/>
    <testcase time="0.00200000000000244" classname="JointModelSamples" name="survival_works_as_expected_for_JointModelSamples"/>
    <testcase time="0.00499999999999901" classname="JointModelSamples" name="survival_works_as_expected_for_JointModelSamples"/>
    <testcase time="0.000999999999997669" classname="JointModelSamples" name="survival_works_as_expected_for_JointModelSamples"/>
    <testcase time="0.00200000000000244" classname="JointModelSamples" name="survival_works_as_expected_for_JointModelSamples"/>
    <testcase time="0.00399999999999778" classname="JointModelSamples" name="survival_works_as_expected_for_JointModelSamples"/>
    <testcase time="0.00200000000000244" classname="JointModelSamples" name="survival_works_as_expected_for_JointModelSamples"/>
    <testcase time="0.00399999999999778" classname="JointModelSamples" name="survival_works_as_expected_for_JointModelSamples"/>
    <testcase time="0.00200000000000244" classname="JointModelSamples" name="survival_works_as_expected_for_JointModelSamples"/>
    <testcase time="0.00399999999999778" classname="JointModelSamples" name="survival_works_as_expected_for_JointModelSamples"/>
    <testcase time="0.00400000000000134" classname="JointModelSamples" name="survival_works_as_expected_for_JointModelSamples"/>
    <testcase time="0.325999999999997" classname="JointModelSamples" name="survival_allows_to_subset_patients"/>
    <testcase time="0.00100000000000122" classname="JointModelSamples" name="survival_allows_to_subset_patients"/>
    <testcase time="0.000999999999997669" classname="JointModelSamples" name="survival_allows_to_subset_patients"/>
    <testcase time="0.00500000000000256" classname="JointModelSamples" name="survival_allows_to_subset_patients"/>
  </testsuite>
  <testsuite name="LinkGSF" timestamp="2023-08-10T08:23:35Z" hostname="0bd16c9634f4" tests="10" skipped="0" failures="0" errors="0" time="0.295">
    <testcase time="0.0129999999999981" classname="LinkGSF" name="LinkGSF_class_initialization_works_as_expected"/>
    <testcase time="0.00100000000000122" classname="LinkGSF" name="LinkGSF_class_initialization_works_as_expected"/>
    <testcase time="0.0899999999999999" classname="LinkGSF" name="LinkGSF_user_constructor_works_as_expected_with_defaults"/>
    <testcase time="0.00100000000000122" classname="LinkGSF" name="LinkGSF_user_constructor_works_as_expected_with_defaults"/>
    <testcase time="0.0159999999999982" classname="LinkGSF" name="link_gsf_ttg_user_constructor_works_as_expected_with_defaults"/>
    <testcase time="0.00199999999999889" classname="LinkGSF" name="link_gsf_ttg_user_constructor_works_as_expected_with_defaults"/>
    <testcase time="0.0180000000000007" classname="LinkGSF" name="link_gsf_dsld_user_constructor_works_as_expected_with_defaults"/>
    <testcase time="0.00100000000000122" classname="LinkGSF" name="link_gsf_dsld_user_constructor_works_as_expected_with_defaults"/>
    <testcase time="0.0939999999999976" classname="LinkGSF" name="LinkGSF_returns_correct_defaults_when_no_arguments_are_supplied"/>
    <testcase time="0.0590000000000011" classname="LinkGSF" name="LinkGSF_returns_correct_defaults_when_no_arguments_are_supplied"/>
  </testsuite>
  <testsuite name="LinkNone" timestamp="2023-08-10T08:23:35Z" hostname="0bd16c9634f4" tests="5" skipped="0" failures="0" errors="0" time="0.038">
    <testcase time="0.0169999999999995" classname="LinkNone" name="LinkNone_object_is_generated_without_unexpected_input"/>
    <testcase time="0.00700000000000145" classname="LinkNone" name="LinkNone_object_is_generated_without_unexpected_input"/>
    <testcase time="0.00499999999999901" classname="LinkNone" name="LinkNone_object_is_generated_without_unexpected_input"/>
    <testcase time="0.00400000000000134" classname="LinkNone" name="LinkNone_object_is_generated_without_unexpected_input"/>
    <testcase time="0.00499999999999901" classname="LinkNone" name="LinkNone_object_is_generated_without_unexpected_input"/>
  </testsuite>
  <testsuite name="LinkRandomSlope" timestamp="2023-08-10T08:23:35Z" hostname="0bd16c9634f4" tests="3" skipped="0" failures="0" errors="0" time="0.034">
    <testcase time="0.0229999999999997" classname="LinkRandomSlope" name="LinkRandomSlope_smoke_tests"/>
    <testcase time="0.00499999999999901" classname="LinkRandomSlope" name="LinkRandomSlope_smoke_tests"/>
    <testcase time="0.00600000000000023" classname="LinkRandomSlope" name="LinkRandomSlope_smoke_tests"/>
  </testsuite>
  <testsuite name="LongitudinalGSF" timestamp="2023-08-10T08:23:35Z" hostname="0bd16c9634f4" tests="4" skipped="0" failures="0" errors="0" time="220.58">
    <testcase time="0.132000000000001" classname="LongitudinalGSF" name="LongitudinalGSF_works_as_expected_with_default_arguments"/>
    <testcase time="0.00199999999999889" classname="LongitudinalGSF" name="LongitudinalGSF_works_as_expected_with_default_arguments"/>
    <testcase time="216.942" classname="LongitudinalGSF" name="LongitudinalGSF_works_as_expected_with_a_single_study"/>
    <testcase time="3.50399999999999" classname="LongitudinalGSF" name="LongitudinalGSF_works_as_expected_with_a_single_study"/>
  </testsuite>
  <testsuite name="LongitudinalSamples" timestamp="2023-08-10T08:27:16Z" hostname="0bd16c9634f4" tests="17" skipped="0" failures="0" errors="0" time="0.518">
    <testcase time="0.01400000000001" classname="LongitudinalSamples" name="LongitudinalSamples_can_be_initialized"/>
    <testcase time="0.00499999999999545" classname="LongitudinalSamples" name="LongitudinalSamples_can_be_initialized"/>
    <testcase time="0.00899999999998613" classname="LongitudinalSamples" name="subsetting_works_as_expected_for_LongitudinalSamples"/>
    <testcase time="0.00100000000000477" classname="LongitudinalSamples" name="subsetting_works_as_expected_for_LongitudinalSamples"/>
    <testcase time="0.00499999999999545" classname="LongitudinalSamples" name="subsetting_works_as_expected_for_LongitudinalSamples"/>
    <testcase time="0.25800000000001" classname="LongitudinalSamples" name="autoplot_works_as_expected_for_LongitudinalSamples"/>
    <testcase time="0.0689999999999884" classname="LongitudinalSamples" name="autoplot_works_as_expected_for_LongitudinalSamples"/>
    <testcase time="0.00499999999999545" classname="LongitudinalSamples" name="autoplot_works_as_expected_for_LongitudinalSamples"/>
    <testcase time="0.0040000000000191" classname="LongitudinalSamples" name="autoplot_works_as_expected_for_LongitudinalSamples"/>
    <testcase time="0.00499999999999545" classname="LongitudinalSamples" name="autoplot_works_as_expected_for_LongitudinalSamples"/>
    <testcase time="0.0549999999999784" classname="LongitudinalSamples" name="autoplot_works_as_expected_for_LongitudinalSamples"/>
    <testcase time="0.00500000000002387" classname="LongitudinalSamples" name="autoplot_works_as_expected_for_LongitudinalSamples"/>
    <testcase time="0.00499999999999545" classname="LongitudinalSamples" name="autoplot_works_as_expected_for_LongitudinalSamples"/>
    <testcase time="0.00499999999999545" classname="LongitudinalSamples" name="autoplot_works_as_expected_for_LongitudinalSamples"/>
    <testcase time="0.00499999999999545" classname="LongitudinalSamples" name="autoplot_works_as_expected_for_LongitudinalSamples"/>
    <testcase time="0.0620000000000118" classname="LongitudinalSamples" name="autoplot_works_as_expected_for_LongitudinalSamples"/>
    <testcase time="0.00600000000000023" classname="LongitudinalSamples" name="autoplot_works_as_expected_for_LongitudinalSamples"/>
  </testsuite>
  <testsuite name="ParameterList" timestamp="2023-08-10T08:27:16Z" hostname="0bd16c9634f4" tests="3" skipped="0" failures="0" errors="0" time="0.027">
    <testcase time="0.0159999999999911" classname="ParameterList" name="ParameterList_smoke_tests"/>
    <testcase time="0.00499999999999545" classname="ParameterList" name="ParameterList_smoke_tests"/>
    <testcase time="0.00600000000000023" classname="ParameterList" name="ParameterList_smoke_tests"/>
  </testsuite>
  <testsuite name="Parameters" timestamp="2023-08-10T08:27:16Z" hostname="0bd16c9634f4" tests="4" skipped="0" failures="0" errors="0" time="0.03">
    <testcase time="0.0159999999999911" classname="Parameters" name="Parameters_smoke_tests"/>
    <testcase time="0.0040000000000191" classname="Parameters" name="Parameters_smoke_tests"/>
    <testcase time="0.00499999999999545" classname="Parameters" name="Parameters_smoke_tests"/>
    <testcase time="0.00499999999999545" classname="Parameters" name="Parameters_smoke_tests"/>
  </testsuite>
  <testsuite name="Prior" timestamp="2023-08-10T08:27:16Z" hostname="0bd16c9634f4" tests="4" skipped="0" failures="0" errors="0" time="0.029">
    <testcase time="0.01400000000001" classname="Prior" name="Priors_work_as_expected"/>
    <testcase time="0.00499999999999545" classname="Prior" name="Priors_work_as_expected"/>
    <testcase time="0.00499999999999545" classname="Prior" name="Priors_work_as_expected"/>
    <testcase time="0.00499999999999545" classname="Prior" name="Priors_work_as_expected"/>
  </testsuite>
  <testsuite name="SurvivalExponential" timestamp="2023-08-10T08:27:16Z" hostname="0bd16c9634f4" tests="2" skipped="0" failures="0" errors="0" time="58.017">
    <testcase time="29.149" classname="SurvivalExponential" name="SurvivalExponential_can_recover_true_parameter_no_covariates_"/>
    <testcase time="28.868" classname="SurvivalExponential" name="SurvivalExponential_can_recover_true_parameter_including_covariates_"/>
  </testsuite>
  <testsuite name="SurvivalSamples" timestamp="2023-08-10T08:28:14Z" hostname="0bd16c9634f4" tests="26" skipped="1" failures="0" errors="0" time="1.684">
    <testcase time="0.0149999999999864" classname="SurvivalSamples" name="SurvivalSamples_can_be_initialized"/>
    <testcase time="0.00499999999999545" classname="SurvivalSamples" name="SurvivalSamples_can_be_initialized"/>
    <testcase time="0.0110000000000241" classname="SurvivalSamples" name="subsetting_works_as_expected_for_SurvivalSamples"/>
    <testcase time="0.000999999999976353" classname="SurvivalSamples" name="subsetting_works_as_expected_for_SurvivalSamples"/>
    <testcase time="0.00600000000002865" classname="SurvivalSamples" name="subsetting_works_as_expected_for_SurvivalSamples"/>
    <testcase time="0.0159999999999627" classname="SurvivalSamples" name="aggregate_works_as_expected_for_SurvivalSamples"/>
    <testcase time="0.00499999999999545" classname="SurvivalSamples" name="aggregate_works_as_expected_for_SurvivalSamples"/>
    <testcase time="0.00600000000002865" classname="SurvivalSamples" name="aggregate_works_as_expected_for_SurvivalSamples"/>
    <testcase time="0.00499999999999545" classname="SurvivalSamples" name="aggregate_works_as_expected_for_SurvivalSamples"/>
    <testcase time="0.243999999999971" classname="SurvivalSamples" name="autoplot_works_as_expected_for_SurvivalSamples"/>
    <testcase time="0.40100000000001" classname="SurvivalSamples" name="autoplot_works_as_expected_for_SurvivalSamples"/>
    <testcase time="0.00499999999999545" classname="SurvivalSamples" name="autoplot_works_as_expected_for_SurvivalSamples"/>
    <testcase time="0.00499999999999545" classname="SurvivalSamples" name="autoplot_works_as_expected_for_SurvivalSamples"/>
    <testcase time="0.0040000000000191" classname="SurvivalSamples" name="autoplot_works_as_expected_for_SurvivalSamples"/>
    <testcase time="0.0640000000000214" classname="SurvivalSamples" name="autoplot_works_as_expected_for_SurvivalSamples"/>
    <testcase time="0.00499999999999545" classname="SurvivalSamples" name="autoplot_works_as_expected_for_SurvivalSamples"/>
    <testcase time="0.0040000000000191" classname="SurvivalSamples" name="autoplot_works_as_expected_for_SurvivalSamples"/>
    <testcase time="0.00499999999999545" classname="SurvivalSamples" name="autoplot_works_as_expected_for_SurvivalSamples"/>
    <testcase time="0.00499999999999545" classname="SurvivalSamples" name="autoplot_works_as_expected_for_SurvivalSamples"/>
    <testcase time="0.0640000000000214" classname="SurvivalSamples" name="autoplot_works_as_expected_for_SurvivalSamples"/>
    <testcase time="0.00399999999996226" classname="SurvivalSamples" name="autoplot_works_as_expected_for_SurvivalSamples"/>
    <testcase time="0.236999999999966" classname="SurvivalSamples" name="autoplot_does_not_show_the_Kaplan_Meier_plot_if_disabled"/>
    <testcase time="0.00499999999999545" classname="SurvivalSamples" name="autoplot_does_not_show_the_Kaplan_Meier_plot_if_disabled"/>
    <testcase time="0.204000000000008" classname="SurvivalSamples" name="autoplot_works_end_to_end_with_Kaplan_Meier_plot"/>
    <testcase time="0.00499999999999545" classname="SurvivalSamples" name="autoplot_works_end_to_end_with_Kaplan_Meier_plot"/>
    <testcase time="0.353000000000009" classname="SurvivalSamples" name="autoplot_works_end_to_end_with_Kaplan_Meier_plot">
      <skipped message="Reason: On CRAN ('test-SurvivalSamples.R:113:5')"/>
    </testcase>
  </testsuite>
  <testsuite name="compile" timestamp="2023-08-10T08:28:16Z" hostname="0bd16c9634f4" tests="1" skipped="0" failures="0" errors="0" time="9.698">
    <testcase time="9.69799999999998" classname="compile" name="compileStanModel_doesn_t_error_if_the_directory_doesn_t_exist"/>
  </testsuite>
  <testsuite name="jinjar_render" timestamp="2023-08-10T08:28:26Z" hostname="0bd16c9634f4" tests="3" skipped="0" failures="0" errors="0" time="0.043">
    <testcase time="0.0220000000000482" classname="jinjar_render" name="Basic_Jinjar_syntax_works_with_decorated_render_"/>
    <testcase time="0.00599999999997181" classname="jinjar_render" name="Basic_Jinjar_syntax_works_with_decorated_render_"/>
    <testcase time="0.0149999999999864" classname="jinjar_render" name="Global_variables_defined_by_decorated_render_are_usable"/>
  </testsuite>
  <testsuite name="misc_models" timestamp="2023-08-10T08:28:26Z" hostname="0bd16c9634f4" tests="1" skipped="0" failures="0" errors="0" time="22.083">
    <testcase time="22.083" classname="misc_models" name="Longitudinal_Model_doesn_t_print_sampler_rejection_messages"/>
  </testsuite>
  <testsuite name="simulations" timestamp="2023-08-10T08:28:48Z" hostname="0bd16c9634f4" tests="27" skipped="0" failures="0" errors="0" time="1.111">
    <testcase time="0.0179999999999723" classname="simulations" name="sim_lm_gsf_works_as_expected"/>
    <testcase time="0.00600000000002865" classname="simulations" name="sim_lm_gsf_works_as_expected"/>
    <testcase time="0.0360000000000014" classname="simulations" name="sim_lm_gsf_works_as_expected"/>
    <testcase time="0.00599999999997181" classname="simulations" name="sim_lm_gsf_works_as_expected"/>
    <testcase time="0.00499999999999545" classname="simulations" name="sim_lm_gsf_works_as_expected"/>
    <testcase time="0.00499999999999545" classname="simulations" name="sim_lm_gsf_works_as_expected"/>
    <testcase time="0.00499999999999545" classname="simulations" name="sim_lm_gsf_works_as_expected"/>
    <testcase time="0.00499999999999545" classname="simulations" name="sim_lm_gsf_works_as_expected"/>
    <testcase time="0.00499999999999545" classname="simulations" name="sim_lm_gsf_works_as_expected"/>
    <testcase time="0.0120000000000005" classname="simulations" name="sim_lm_random_slope_works_as_expected"/>
    <testcase time="0.00499999999999545" classname="simulations" name="sim_lm_random_slope_works_as_expected"/>
    <testcase time="0.0180000000000291" classname="simulations" name="sim_lm_random_slope_works_as_expected"/>
    <testcase time="0.007000000000005" classname="simulations" name="sim_lm_random_slope_works_as_expected"/>
    <testcase time="0.00599999999997181" classname="simulations" name="sim_lm_random_slope_works_as_expected"/>
    <testcase time="0.00499999999999545" classname="simulations" name="sim_lm_random_slope_works_as_expected"/>
    <testcase time="0.00600000000002865" classname="simulations" name="sim_lm_random_slope_works_as_expected"/>
    <testcase time="0.00499999999999545" classname="simulations" name="sim_lm_random_slope_works_as_expected"/>
    <testcase time="0.00499999999999545" classname="simulations" name="sim_lm_random_slope_works_as_expected"/>
    <testcase time="0.587999999999965" classname="simulations" name="simulate_joint_data_works_as_expected"/>
    <testcase time="0.00200000000000955" classname="simulations" name="simulate_joint_data_works_as_expected"/>
    <testcase time="0.00200000000000955" classname="simulations" name="simulate_joint_data_works_as_expected"/>
    <testcase time="0.00499999999999545" classname="simulations" name="simulate_joint_data_works_as_expected"/>
    <testcase time="0.00600000000002865" classname="simulations" name="simulate_joint_data_works_as_expected"/>
    <testcase time="0.000999999999976353" classname="simulations" name="simulate_joint_data_works_as_expected"/>
    <testcase time="0.00499999999999545" classname="simulations" name="simulate_joint_data_works_as_expected"/>
    <testcase time="0.00600000000002865" classname="simulations" name="simulate_joint_data_works_as_expected"/>
    <testcase time="0.335999999999956" classname="simulations" name="simulate_joint_data_leads_to_valid_DataJoint_with_almost_only_default_arguments"/>
  </testsuite>
  <testsuite name="utilities" timestamp="2023-08-10T08:28:49Z" hostname="0bd16c9634f4" tests="10" skipped="0" failures="0" errors="0" time="0.12">
    <testcase time="0.0180000000000291" classname="utilities" name="get_missing_rownumbers_works_as_expected"/>
    <testcase time="0.0129999999999768" classname="utilities" name="remove_missing_rows_works_as_expected"/>
    <testcase time="0.0110000000000241" classname="utilities" name="expand_initial_values_works_as_expected"/>
    <testcase time="0.0120000000000005" classname="utilities" name="replace_with_lookup_works_and_sets_array_attributes_as_expected"/>
    <testcase time="0.0129999999999768" classname="utilities" name="replace_with_lookup_asserts_sizes_as_numbers_as_expected"/>
    <testcase time="0.0130000000000337" classname="utilities" name="replace_with_lookup_asserts_looked_up_sizes_as_numbers_as_expected"/>
    <testcase time="0.00999999999999091" classname="utilities" name="samples_median_ci_works_as_expected"/>
    <testcase time="0.00999999999999091" classname="utilities" name="samples_median_ci_works_as_expected"/>
    <testcase time="0.0100000000000477" classname="utilities" name="samples_median_ci_works_with_a_custom_credibility_level"/>
    <testcase time="0.00999999999999091" classname="utilities" name="samples_median_ci_works_with_a_custom_credibility_level"/>
  </testsuite>
</testsuites>
