<?xml version="1.0" encoding="UTF-8"?>
<testsuites>
  <testsuite name="DataJoint" timestamp="2023-09-26T15:56:31Z" hostname="1dbb458b00bf" tests="11" skipped="0" failures="0" errors="0" time="3.356">
    <testcase time="3.23" classname="DataJoint" name="DataJoint_errors_if_subjects_don_t_allign_after"/>
    <testcase time="0.0409999999999995" classname="DataJoint" name="DataJoint_errors_if_subjects_don_t_allign_after"/>
    <testcase time="0.0270000000000001" classname="DataJoint" name="DataJoint_errors_if_subjects_don_t_allign_after"/>
    <testcase time="0.00800000000000001" classname="DataJoint" name="DataJoint_errors_if_subjects_don_t_allign_after"/>
    <testcase time="0.0129999999999999" classname="DataJoint" name="subset_DataJoint_works_as_expected"/>
    <testcase time="0.00600000000000023" classname="DataJoint" name="subset_DataJoint_works_as_expected"/>
    <testcase time="0.00499999999999989" classname="DataJoint" name="subset_DataJoint_works_as_expected"/>
    <testcase time="0.00600000000000023" classname="DataJoint" name="subset_DataJoint_works_as_expected"/>
    <testcase time="0.00499999999999989" classname="DataJoint" name="subset_DataJoint_works_as_expected"/>
    <testcase time="0.00499999999999989" classname="DataJoint" name="subset_DataJoint_works_as_expected"/>
    <testcase time="0.00999999999999979" classname="DataJoint" name="subset_DataJoint_works_as_expected"/>
  </testsuite>
  <testsuite name="DataLongitudinal" timestamp="2023-09-26T15:56:35Z" hostname="1dbb458b00bf" tests="8" skipped="0" failures="0" errors="0" time="0.054">
    <testcase time="0.0259999999999998" classname="DataLongitudinal" name="DataLongitudinal_being_rendered_to_list_is_as_expected_for_simple_inputs"/>
    <testcase time="0.00399999999999956" classname="DataLongitudinal" name="DataLongitudinal_being_rendered_to_list_is_as_expected_for_simple_inputs"/>
    <testcase time="0.00400000000000045" classname="DataLongitudinal" name="DataLongitudinal_being_rendered_to_list_is_as_expected_for_simple_inputs"/>
    <testcase time="0.00399999999999956" classname="DataLongitudinal" name="DataLongitudinal_being_rendered_to_list_is_as_expected_for_simple_inputs"/>
    <testcase time="0.00400000000000045" classname="DataLongitudinal" name="DataLongitudinal_being_rendered_to_list_is_as_expected_for_simple_inputs"/>
    <testcase time="0.00399999999999956" classname="DataLongitudinal" name="DataLongitudinal_being_rendered_to_list_is_as_expected_for_simple_inputs"/>
    <testcase time="0.00400000000000045" classname="DataLongitudinal" name="DataLongitudinal_being_rendered_to_list_is_as_expected_for_simple_inputs"/>
    <testcase time="0.00399999999999956" classname="DataLongitudinal" name="DataLongitudinal_being_rendered_to_list_is_as_expected_for_simple_inputs"/>
  </testsuite>
  <testsuite name="DataSurvival" timestamp="2023-09-26T15:56:35Z" hostname="1dbb458b00bf" tests="8" skipped="0" failures="0" errors="0" time="0.059">
    <testcase time="0.0270000000000001" classname="DataSurvival" name="Error_Handling"/>
    <testcase time="0.0100000000000007" classname="DataSurvival" name="DataSurvival_being_rendered_to_list_is_as_expected_for_simple_inputs"/>
    <testcase time="0.00400000000000045" classname="DataSurvival" name="DataSurvival_being_rendered_to_list_is_as_expected_for_simple_inputs"/>
    <testcase time="0.00399999999999956" classname="DataSurvival" name="DataSurvival_being_rendered_to_list_is_as_expected_for_simple_inputs"/>
    <testcase time="0.00400000000000045" classname="DataSurvival" name="DataSurvival_being_rendered_to_list_is_as_expected_for_simple_inputs"/>
    <testcase time="0.00300000000000011" classname="DataSurvival" name="DataSurvival_being_rendered_to_list_is_as_expected_for_simple_inputs"/>
    <testcase time="0.00399999999999956" classname="DataSurvival" name="DataSurvival_being_rendered_to_list_is_as_expected_for_simple_inputs"/>
    <testcase time="0.00300000000000011" classname="DataSurvival" name="DataSurvival_being_rendered_to_list_is_as_expected_for_simple_inputs"/>
  </testsuite>
  <testsuite name="JointModel" timestamp="2023-09-26T15:56:35Z" hostname="1dbb458b00bf" tests="2" skipped="0" failures="0" errors="0" time="0.444">
    <testcase time="0.44" classname="JointModel" name="JointModel_smoke_tests"/>
    <testcase time="0.00400000000000045" classname="JointModel" name="JointModel_smoke_tests"/>
  </testsuite>
  <testsuite name="JointModelSamples" timestamp="2023-09-26T15:57:12Z" hostname="1dbb458b00bf" tests="17" skipped="0" failures="0" errors="0" time="82.021">
    <testcase time="37.149" classname="JointModelSamples" name="longitudinal_works_as_expected_for_JointModelSamples"/>
    <testcase time="44.178" classname="JointModelSamples" name="longitudinal_works_as_expected_for_JointModelSamples"/>
    <testcase time="0.00799999999999557" classname="JointModelSamples" name="longitudinal_works_as_expected_for_JointModelSamples"/>
    <testcase time="0.00400000000000489" classname="JointModelSamples" name="longitudinal_works_as_expected_for_JointModelSamples"/>
    <testcase time="0.00100000000000477" classname="JointModelSamples" name="longitudinal_works_as_expected_for_JointModelSamples"/>
    <testcase time="0.000999999999990564" classname="JointModelSamples" name="longitudinal_works_as_expected_for_JointModelSamples"/>
    <testcase time="0.00400000000000489" classname="JointModelSamples" name="longitudinal_works_as_expected_for_JointModelSamples"/>
    <testcase time="0.00100000000000477" classname="JointModelSamples" name="longitudinal_works_as_expected_for_JointModelSamples"/>
    <testcase time="0.00399999999999068" classname="JointModelSamples" name="longitudinal_works_as_expected_for_JointModelSamples"/>
    <testcase time="0.00100000000000477" classname="JointModelSamples" name="longitudinal_works_as_expected_for_JointModelSamples"/>
    <testcase time="0.00300000000000011" classname="JointModelSamples" name="longitudinal_works_as_expected_for_JointModelSamples"/>
    <testcase time="0.00400000000000489" classname="JointModelSamples" name="longitudinal_works_as_expected_for_JointModelSamples"/>
    <testcase time="0.646999999999991" classname="JointModelSamples" name="longitudinal_allows_to_subset_patients_and_times"/>
    <testcase time="0.00200000000000955" classname="JointModelSamples" name="longitudinal_allows_to_subset_patients_and_times"/>
    <testcase time="0.00499999999999545" classname="JointModelSamples" name="longitudinal_allows_to_subset_patients_and_times"/>
    <testcase time="0.00499999999999545" classname="JointModelSamples" name="longitudinal_allows_to_subset_patients_and_times"/>
    <testcase time="0.00400000000000489" classname="JointModelSamples" name="longitudinal_allows_to_subset_patients_and_times"/>
  </testsuite>
  <testsuite name="LinkGSF" timestamp="2023-09-26T15:57:57Z" hostname="1dbb458b00bf" tests="13" skipped="0" failures="0" errors="0" time="0.358">
    <testcase time="0.0150000000000006" classname="LinkGSF" name="LinkGSF_class_initialization_works_as_expected"/>
    <testcase time="0.00100000000000477" classname="LinkGSF" name="LinkGSF_class_initialization_works_as_expected"/>
    <testcase time="0.106999999999999" classname="LinkGSF" name="LinkGSF_user_constructor_works_as_expected_with_defaults"/>
    <testcase time="0.00199999999999534" classname="LinkGSF" name="LinkGSF_user_constructor_works_as_expected_with_defaults"/>
    <testcase time="0.0160000000000053" classname="LinkGSF" name="link_gsf_ttg_user_constructor_works_as_expected_with_defaults"/>
    <testcase time="0.000999999999990564" classname="LinkGSF" name="link_gsf_ttg_user_constructor_works_as_expected_with_defaults"/>
    <testcase time="0.0180000000000007" classname="LinkGSF" name="link_gsf_dsld_user_constructor_works_as_expected_with_defaults"/>
    <testcase time="0.00100000000000477" classname="LinkGSF" name="link_gsf_dsld_user_constructor_works_as_expected_with_defaults"/>
    <testcase time="0.0169999999999959" classname="LinkGSF" name="link_gsf_identity_user_constructor_works_as_expected_with_defaults"/>
    <testcase time="0.00100000000000477" classname="LinkGSF" name="link_gsf_identity_user_constructor_works_as_expected_with_defaults"/>
    <testcase time="0.0919999999999987" classname="LinkGSF" name="LinkGSF_returns_correct_defaults_when_no_arguments_are_supplied"/>
    <testcase time="0.0420000000000016" classname="LinkGSF" name="LinkGSF_returns_correct_defaults_when_no_arguments_are_supplied"/>
    <testcase time="0.0450000000000017" classname="LinkGSF" name="LinkGSF_returns_correct_defaults_when_no_arguments_are_supplied"/>
  </testsuite>
  <testsuite name="LinkNone" timestamp="2023-09-26T15:57:58Z" hostname="1dbb458b00bf" tests="5" skipped="0" failures="0" errors="0" time="0.039">
    <testcase time="0.0219999999999914" classname="LinkNone" name="LinkNone_object_is_generated_without_unexpected_input"/>
    <testcase time="0.00600000000000023" classname="LinkNone" name="LinkNone_object_is_generated_without_unexpected_input"/>
    <testcase time="0.00400000000000489" classname="LinkNone" name="LinkNone_object_is_generated_without_unexpected_input"/>
    <testcase time="0.00400000000000489" classname="LinkNone" name="LinkNone_object_is_generated_without_unexpected_input"/>
    <testcase time="0.00300000000000011" classname="LinkNone" name="LinkNone_object_is_generated_without_unexpected_input"/>
  </testsuite>
  <testsuite name="LinkRandomSlope" timestamp="2023-09-26T15:57:58Z" hostname="1dbb458b00bf" tests="3" skipped="0" failures="0" errors="0" time="0.026">
    <testcase time="0.0169999999999959" classname="LinkRandomSlope" name="LinkRandomSlope_smoke_tests"/>
    <testcase time="0.00400000000000489" classname="LinkRandomSlope" name="LinkRandomSlope_smoke_tests"/>
    <testcase time="0.00499999999999545" classname="LinkRandomSlope" name="LinkRandomSlope_smoke_tests"/>
  </testsuite>
  <testsuite name="LongitudinalGSF" timestamp="2023-09-26T15:57:58Z" hostname="1dbb458b00bf" tests="4" skipped="0" failures="0" errors="0" time="99.635">
    <testcase time="0.109999999999999" classname="LongitudinalGSF" name="LongitudinalGSF_works_as_expected_with_default_arguments"/>
    <testcase time="0.00199999999999534" classname="LongitudinalGSF" name="LongitudinalGSF_works_as_expected_with_default_arguments"/>
    <testcase time="99.418" classname="LongitudinalGSF" name="LongitudinalGSF_works_as_expected_with_a_single_study"/>
    <testcase time="0.105000000000018" classname="LongitudinalGSF" name="LongitudinalGSF_works_as_expected_with_a_single_study"/>
  </testsuite>
  <testsuite name="LongitudinalSamples" timestamp="2023-09-26T15:59:39Z" hostname="1dbb458b00bf" tests="19" skipped="0" failures="0" errors="0" time="3.025">
    <testcase time="2.05799999999999" classname="LongitudinalSamples" name="LongitudinalSamples_can_be_initialized"/>
    <testcase time="0.00399999999999068" classname="LongitudinalSamples" name="LongitudinalSamples_can_be_initialized"/>
    <testcase time="0.00800000000000978" classname="LongitudinalSamples" name="subsetting_works_as_expected_for_LongitudinalSamples"/>
    <testcase time="0.00100000000000477" classname="LongitudinalSamples" name="subsetting_works_as_expected_for_LongitudinalSamples"/>
    <testcase time="0.00399999999999068" classname="LongitudinalSamples" name="subsetting_works_as_expected_for_LongitudinalSamples"/>
    <testcase time="0.756" classname="LongitudinalSamples" name="autoplot_works_as_expected_for_LongitudinalSamples"/>
    <testcase time="0.063999999999993" classname="LongitudinalSamples" name="autoplot_works_as_expected_for_LongitudinalSamples"/>
    <testcase time="0.00500000000002387" classname="LongitudinalSamples" name="autoplot_works_as_expected_for_LongitudinalSamples"/>
    <testcase time="0.00399999999999068" classname="LongitudinalSamples" name="autoplot_works_as_expected_for_LongitudinalSamples"/>
    <testcase time="0.00499999999999545" classname="LongitudinalSamples" name="autoplot_works_as_expected_for_LongitudinalSamples"/>
    <testcase time="0.00399999999999068" classname="LongitudinalSamples" name="autoplot_works_as_expected_for_LongitudinalSamples"/>
    <testcase time="0.0510000000000161" classname="LongitudinalSamples" name="autoplot_works_as_expected_for_LongitudinalSamples"/>
    <testcase time="0.00399999999999068" classname="LongitudinalSamples" name="autoplot_works_as_expected_for_LongitudinalSamples"/>
    <testcase time="0.00499999999999545" classname="LongitudinalSamples" name="autoplot_works_as_expected_for_LongitudinalSamples"/>
    <testcase time="0.0040000000000191" classname="LongitudinalSamples" name="autoplot_works_as_expected_for_LongitudinalSamples"/>
    <testcase time="0.00399999999999068" classname="LongitudinalSamples" name="autoplot_works_as_expected_for_LongitudinalSamples"/>
    <testcase time="0.00399999999999068" classname="LongitudinalSamples" name="autoplot_works_as_expected_for_LongitudinalSamples"/>
    <testcase time="0.0360000000000014" classname="LongitudinalSamples" name="autoplot_works_as_expected_for_LongitudinalSamples"/>
    <testcase time="0.0040000000000191" classname="LongitudinalSamples" name="autoplot_works_as_expected_for_LongitudinalSamples"/>
  </testsuite>
  <testsuite name="ParameterList" timestamp="2023-09-26T15:59:40Z" hostname="1dbb458b00bf" tests="3" skipped="0" failures="0" errors="0" time="0.032">
    <testcase time="0.0229999999999961" classname="ParameterList" name="ParameterList_smoke_tests"/>
    <testcase time="0.00399999999999068" classname="ParameterList" name="ParameterList_smoke_tests"/>
    <testcase time="0.00499999999999545" classname="ParameterList" name="ParameterList_smoke_tests"/>
  </testsuite>
  <testsuite name="Parameters" timestamp="2023-09-26T15:59:40Z" hostname="1dbb458b00bf" tests="4" skipped="0" failures="0" errors="0" time="0.023">
    <testcase time="0.0120000000000005" classname="Parameters" name="Parameters_smoke_tests"/>
    <testcase time="0.00300000000001432" classname="Parameters" name="Parameters_smoke_tests"/>
    <testcase time="0.00399999999999068" classname="Parameters" name="Parameters_smoke_tests"/>
    <testcase time="0.00399999999999068" classname="Parameters" name="Parameters_smoke_tests"/>
  </testsuite>
  <testsuite name="Prior" timestamp="2023-09-26T15:59:40Z" hostname="1dbb458b00bf" tests="11" skipped="0" failures="0" errors="0" time="0.066">
    <testcase time="0.0110000000000241" classname="Prior" name="Priors_work_as_expected"/>
    <testcase time="0.00399999999999068" classname="Prior" name="Priors_work_as_expected"/>
    <testcase time="0.00399999999999068" classname="Prior" name="Priors_work_as_expected"/>
    <testcase time="0.0040000000000191" classname="Prior" name="Priors_work_as_expected"/>
    <testcase time="0.0129999999999768" classname="Prior" name="Invalid_prior_parameters_are_rejected"/>
    <testcase time="0.007000000000005" classname="Prior" name="Invalid_prior_parameters_are_rejected"/>
    <testcase time="0.007000000000005" classname="Prior" name="Invalid_prior_parameters_are_rejected"/>
    <testcase time="0.007000000000005" classname="Prior" name="Invalid_prior_parameters_are_rejected"/>
    <testcase time="0.00600000000000023" classname="Prior" name="Invalid_prior_parameters_are_rejected"/>
    <testcase time="0.00199999999998113" classname="Prior" name="Invalid_prior_parameters_are_rejected"/>
    <testcase time="0.00100000000000477" classname="Prior" name="Invalid_prior_parameters_are_rejected"/>
  </testsuite>
  <testsuite name="SurvivalExponential" timestamp="2023-09-26T15:59:40Z" hostname="1dbb458b00bf" tests="2" skipped="0" failures="0" errors="0" time="34.209">
    <testcase time="29.636" classname="SurvivalExponential" name="SurvivalExponential_can_recover_true_parameter_no_covariates_"/>
    <testcase time="4.57300000000001" classname="SurvivalExponential" name="SurvivalExponential_can_recover_true_parameter_including_covariates_"/>
  </testsuite>
  <testsuite name="SurvivalSamples" timestamp="2023-09-26T16:00:15Z" hostname="1dbb458b00bf" tests="40" skipped="0" failures="0" errors="0" time="90.375">
    <testcase time="74.75" classname="SurvivalSamples" name="smoke_test_for_predict_SurvivalSamples_and_autoplot_SurvivalSamples_"/>
    <testcase time="0.00599999999997181" classname="SurvivalSamples" name="smoke_test_for_predict_SurvivalSamples_and_autoplot_SurvivalSamples_"/>
    <testcase time="0.0040000000000191" classname="SurvivalSamples" name="smoke_test_for_predict_SurvivalSamples_and_autoplot_SurvivalSamples_"/>
    <testcase time="0.0040000000000191" classname="SurvivalSamples" name="smoke_test_for_predict_SurvivalSamples_and_autoplot_SurvivalSamples_"/>
    <testcase time="2.83299999999997" classname="SurvivalSamples" name="smoke_test_for_predict_SurvivalSamples_and_autoplot_SurvivalSamples_"/>
    <testcase time="0.0040000000000191" classname="SurvivalSamples" name="smoke_test_for_predict_SurvivalSamples_and_autoplot_SurvivalSamples_"/>
    <testcase time="0.0040000000000191" classname="SurvivalSamples" name="smoke_test_for_predict_SurvivalSamples_and_autoplot_SurvivalSamples_"/>
    <testcase time="1.33699999999999" classname="SurvivalSamples" name="smoke_test_for_predict_SurvivalSamples_and_autoplot_SurvivalSamples_"/>
    <testcase time="0.0040000000000191" classname="SurvivalSamples" name="smoke_test_for_predict_SurvivalSamples_and_autoplot_SurvivalSamples_"/>
    <testcase time="4.01399999999995" classname="SurvivalSamples" name="smoke_test_for_predict_SurvivalSamples_and_autoplot_SurvivalSamples_"/>
    <testcase time="0.00499999999999545" classname="SurvivalSamples" name="smoke_test_for_predict_SurvivalSamples_and_autoplot_SurvivalSamples_"/>
    <testcase time="0.0050000000000523" classname="SurvivalSamples" name="smoke_test_for_predict_SurvivalSamples_and_autoplot_SurvivalSamples_"/>
    <testcase time="0.00399999999996226" classname="SurvivalSamples" name="smoke_test_for_predict_SurvivalSamples_and_autoplot_SurvivalSamples_"/>
    <testcase time="0.00499999999999545" classname="SurvivalSamples" name="smoke_test_for_predict_SurvivalSamples_and_autoplot_SurvivalSamples_"/>
    <testcase time="0.00499999999999545" classname="SurvivalSamples" name="smoke_test_for_predict_SurvivalSamples_and_autoplot_SurvivalSamples_"/>
    <testcase time="0.0230000000000246" classname="SurvivalSamples" name="smoke_test_for_predict_SurvivalSamples_and_autoplot_SurvivalSamples_"/>
    <testcase time="2.68299999999999" classname="SurvivalSamples" name="smoke_test_for_predict_SurvivalSamples_and_autoplot_SurvivalSamples_"/>
    <testcase time="0.00499999999999545" classname="SurvivalSamples" name="smoke_test_for_predict_SurvivalSamples_and_autoplot_SurvivalSamples_"/>
    <testcase time="0.0029999999999859" classname="SurvivalSamples" name="smoke_test_for_predict_SurvivalSamples_and_autoplot_SurvivalSamples_"/>
    <testcase time="0.0040000000000191" classname="SurvivalSamples" name="smoke_test_for_predict_SurvivalSamples_and_autoplot_SurvivalSamples_"/>
    <testcase time="0.0040000000000191" classname="SurvivalSamples" name="smoke_test_for_predict_SurvivalSamples_and_autoplot_SurvivalSamples_"/>
    <testcase time="2.06999999999999" classname="SurvivalSamples" name="smoke_test_for_predict_SurvivalSamples_and_autoplot_SurvivalSamples_"/>
    <testcase time="0.00599999999997181" classname="SurvivalSamples" name="smoke_test_for_predict_SurvivalSamples_and_autoplot_SurvivalSamples_"/>
    <testcase time="0.00499999999999545" classname="SurvivalSamples" name="smoke_test_for_predict_SurvivalSamples_and_autoplot_SurvivalSamples_"/>
    <testcase time="0.0050000000000523" classname="SurvivalSamples" name="smoke_test_for_predict_SurvivalSamples_and_autoplot_SurvivalSamples_"/>
    <testcase time="0.00499999999999545" classname="SurvivalSamples" name="smoke_test_for_predict_SurvivalSamples_and_autoplot_SurvivalSamples_"/>
    <testcase time="0.00399999999996226" classname="SurvivalSamples" name="smoke_test_for_predict_SurvivalSamples_and_autoplot_SurvivalSamples_"/>
    <testcase time="2.47900000000004" classname="SurvivalSamples" name="smoke_test_for_predict_SurvivalSamples_and_autoplot_SurvivalSamples_"/>
    <testcase time="0.00599999999997181" classname="SurvivalSamples" name="smoke_test_for_predict_SurvivalSamples_and_autoplot_SurvivalSamples_"/>
    <testcase time="0.0040000000000191" classname="SurvivalSamples" name="smoke_test_for_predict_SurvivalSamples_and_autoplot_SurvivalSamples_"/>
    <testcase time="0.00499999999999545" classname="SurvivalSamples" name="smoke_test_for_predict_SurvivalSamples_and_autoplot_SurvivalSamples_"/>
    <testcase time="0.00499999999999545" classname="SurvivalSamples" name="smoke_test_for_predict_SurvivalSamples_and_autoplot_SurvivalSamples_"/>
    <testcase time="0.0040000000000191" classname="SurvivalSamples" name="smoke_test_for_predict_SurvivalSamples_and_autoplot_SurvivalSamples_"/>
    <testcase time="0.00499999999999545" classname="SurvivalSamples" name="smoke_test_for_predict_SurvivalSamples_and_autoplot_SurvivalSamples_"/>
    <testcase time="0.0129999999999768" classname="SurvivalSamples" name="summarise_by_group_works_as_expected"/>
    <testcase time="0.007000000000005" classname="SurvivalSamples" name="summarise_by_group_works_as_expected"/>
    <testcase time="0.00599999999997181" classname="SurvivalSamples" name="summarise_by_group_works_as_expected"/>
    <testcase time="0.0230000000000246" classname="SurvivalSamples" name="summarise_by_group_works_as_expected"/>
    <testcase time="0.00900000000001455" classname="SurvivalSamples" name="summarise_by_group_works_as_expected"/>
    <testcase time="0.00799999999998136" classname="SurvivalSamples" name="summarise_by_group_works_as_expected"/>
  </testsuite>
  <testsuite name="compile" timestamp="2023-09-26T16:01:45Z" hostname="1dbb458b00bf" tests="1" skipped="0" failures="0" errors="0" time="17.243">
    <testcase time="17.243" classname="compile" name="compileStanModel_doesn_t_error_if_the_directory_doesn_t_exist"/>
  </testsuite>
  <testsuite name="extract_survival_quantities" timestamp="2023-09-26T16:02:02Z" hostname="1dbb458b00bf" tests="4" skipped="0" failures="0" errors="0" time="0.354">
    <testcase time="0.295000000000016" classname="extract_survival_quantities" name="extract_survival_quantities_works_as_expected"/>
    <testcase time="0.0199999999999818" classname="extract_survival_quantities" name="extract_survival_quantities_works_as_expected"/>
    <testcase time="0.0330000000000155" classname="extract_survival_quantities" name="extract_survival_quantities_works_as_expected"/>
    <testcase time="0.00599999999997181" classname="extract_survival_quantities" name="extract_survival_quantities_works_as_expected"/>
  </testsuite>
  <testsuite name="jinjar_render" timestamp="2023-09-26T16:02:03Z" hostname="1dbb458b00bf" tests="3" skipped="0" failures="0" errors="0" time="0.034">
    <testcase time="0.0169999999999959" classname="jinjar_render" name="Basic_Jinjar_syntax_works_with_decorated_render_"/>
    <testcase time="0.0050000000000523" classname="jinjar_render" name="Basic_Jinjar_syntax_works_with_decorated_render_"/>
    <testcase time="0.0120000000000005" classname="jinjar_render" name="Global_variables_defined_by_decorated_render_are_usable"/>
  </testsuite>
  <testsuite name="misc_models" timestamp="2023-09-26T16:02:03Z" hostname="1dbb458b00bf" tests="1" skipped="0" failures="0" errors="0" time="26.777">
    <testcase time="26.777" classname="misc_models" name="Longitudinal_Model_doesn_t_print_sampler_rejection_messages"/>
  </testsuite>
  <testsuite name="model_random_slope" timestamp="2023-09-26T16:02:29Z" hostname="1dbb458b00bf" tests="3" skipped="0" failures="0" errors="0" time="6.262">
    <testcase time="4.32299999999998" classname="model_random_slope" name="Random_Slope_Model_can_recover_known_parameter_values"/>
    <testcase time="1.67599999999999" classname="model_random_slope" name="Random_Slope_Model_can_recover_known_parameter_values"/>
    <testcase time="0.262999999999977" classname="model_random_slope" name="Random_Slope_Model_can_recover_known_parameter_values"/>
  </testsuite>
  <testsuite name="model_random_slope_2chain" timestamp="2023-09-26T16:02:36Z" hostname="1dbb458b00bf" tests="1" skipped="0" failures="0" errors="0" time="13.767">
    <testcase time="13.767" classname="model_random_slope_2chain" name="Can_recover_known_distribution_parameters_from_random_slope_model_when_using_multiple_chains"/>
  </testsuite>
  <testsuite name="simulations" timestamp="2023-09-26T16:02:50Z" hostname="1dbb458b00bf" tests="31" skipped="0" failures="0" errors="0" time="1.891">
    <testcase time="0.0209999999999582" classname="simulations" name="sim_lm_gsf_works_as_expected"/>
    <testcase time="0.0040000000000191" classname="simulations" name="sim_lm_gsf_works_as_expected"/>
    <testcase time="0.0230000000000246" classname="simulations" name="sim_lm_gsf_works_as_expected"/>
    <testcase time="0.00399999999996226" classname="simulations" name="sim_lm_gsf_works_as_expected"/>
    <testcase time="0.00300000000004275" classname="simulations" name="sim_lm_gsf_works_as_expected"/>
    <testcase time="0.00399999999996226" classname="simulations" name="sim_lm_gsf_works_as_expected"/>
    <testcase time="0.0040000000000191" classname="simulations" name="sim_lm_gsf_works_as_expected"/>
    <testcase time="0.0029999999999859" classname="simulations" name="sim_lm_gsf_works_as_expected"/>
    <testcase time="0.0040000000000191" classname="simulations" name="sim_lm_gsf_works_as_expected"/>
    <testcase time="0.007000000000005" classname="simulations" name="sim_lm_random_slope_works_as_expected"/>
    <testcase time="0.00399999999996226" classname="simulations" name="sim_lm_random_slope_works_as_expected"/>
    <testcase time="0.0110000000000241" classname="simulations" name="sim_lm_random_slope_works_as_expected"/>
    <testcase time="0.0040000000000191" classname="simulations" name="sim_lm_random_slope_works_as_expected"/>
    <testcase time="0.00399999999996226" classname="simulations" name="sim_lm_random_slope_works_as_expected"/>
    <testcase time="0.00300000000004275" classname="simulations" name="sim_lm_random_slope_works_as_expected"/>
    <testcase time="0.00399999999996226" classname="simulations" name="sim_lm_random_slope_works_as_expected"/>
    <testcase time="0.0040000000000191" classname="simulations" name="sim_lm_random_slope_works_as_expected"/>
    <testcase time="0.0029999999999859" classname="simulations" name="sim_lm_random_slope_works_as_expected"/>
    <testcase time="0.692999999999984" classname="simulations" name="simulate_joint_data_works_as_expected"/>
    <testcase time="0.0010000000000332" classname="simulations" name="simulate_joint_data_works_as_expected"/>
    <testcase time="0.000999999999976353" classname="simulations" name="simulate_joint_data_works_as_expected"/>
    <testcase time="0.0040000000000191" classname="simulations" name="simulate_joint_data_works_as_expected"/>
    <testcase time="0.0040000000000191" classname="simulations" name="simulate_joint_data_works_as_expected"/>
    <testcase time="0.00199999999995271" classname="simulations" name="simulate_joint_data_works_as_expected"/>
    <testcase time="0.00300000000004275" classname="simulations" name="simulate_joint_data_works_as_expected"/>
    <testcase time="0.0120000000000005" classname="simulations" name="simulate_joint_data_works_as_expected"/>
    <testcase time="0.274000000000001" classname="simulations" name="simulate_joint_data_leads_to_valid_DataJoint_with_almost_only_default_arguments"/>
    <testcase time="0.491999999999962" classname="simulations" name="sim_os_exponential_creates_a_dataset_with_the_correct_parameter"/>
    <testcase time="0.283000000000015" classname="simulations" name="sim_os_weibull_creates_a_dataset_with_the_correct_parameter"/>
    <testcase time="0.0040000000000191" classname="simulations" name="sim_os_weibull_creates_a_dataset_with_the_correct_parameter"/>
    <testcase time="0.00399999999996226" classname="simulations" name="sim_os_weibull_creates_a_dataset_with_the_correct_parameter"/>
  </testsuite>
  <testsuite name="stan_functions" timestamp="2023-09-26T16:02:51Z" hostname="1dbb458b00bf" tests="4" skipped="0" failures="0" errors="0" time="1.622">
    <testcase time="0.722000000000037" classname="stan_functions" name="GSF_SLD_function_works_as_expected"/>
    <testcase time="0.406999999999982" classname="stan_functions" name="Normal_Log_Density_functions_work_as_expected"/>
    <testcase time="0.0250000000000341" classname="stan_functions" name="Normal_Log_Density_functions_work_as_expected"/>
    <testcase time="0.468000000000018" classname="stan_functions" name="GSF_Identity_Link_Function_works_as_expected"/>
  </testsuite>
  <testsuite name="survival_plot" timestamp="2023-09-26T16:02:53Z" hostname="1dbb458b00bf" tests="1" skipped="1" failures="0" errors="0" time="0.381">
    <testcase time="0.380999999999972" classname="survival_plot" name="survival_plot_works_as_expected">
      <skipped message="Reason: On CRAN ('test-survival_plot.R:66:5')"/>
    </testcase>
  </testsuite>
  <testsuite name="utilities" timestamp="2023-09-26T16:02:53Z" hostname="1dbb458b00bf" tests="29" skipped="0" failures="0" errors="0" time="0.234">
    <testcase time="0.0269999999999868" classname="utilities" name="get_missing_rownumbers_works_as_expected"/>
    <testcase time="0.0120000000000005" classname="utilities" name="remove_missing_rows_works_as_expected"/>
    <testcase time="0.00999999999999091" classname="utilities" name="expand_initial_values_works_as_expected"/>
    <testcase time="0.0100000000000477" classname="utilities" name="replace_with_lookup_works_and_sets_array_attributes_as_expected"/>
    <testcase time="0.0109999999999673" classname="utilities" name="replace_with_lookup_asserts_sizes_as_numbers_as_expected"/>
    <testcase time="0.00999999999999091" classname="utilities" name="replace_with_lookup_asserts_looked_up_sizes_as_numbers_as_expected"/>
    <testcase time="0.0080000000000382" classname="utilities" name="samples_median_ci_works_as_expected"/>
    <testcase time="0.00799999999998136" classname="utilities" name="samples_median_ci_works_as_expected"/>
    <testcase time="0.0160000000000196" classname="utilities" name="samples_median_ci_works_with_a_custom_credibility_level"/>
    <testcase time="0.00799999999998136" classname="utilities" name="samples_median_ci_works_with_a_custom_credibility_level"/>
    <testcase time="0.00799999999998136" classname="utilities" name="expand_time_grid_works_as_expected"/>
    <testcase time="0.0040000000000191" classname="utilities" name="expand_time_grid_works_as_expected"/>
    <testcase time="0.0040000000000191" classname="utilities" name="expand_time_grid_works_as_expected"/>
    <testcase time="0.00499999999999545" classname="utilities" name="expand_time_grid_works_as_expected"/>
    <testcase time="0.00599999999997181" classname="utilities" name="expand_time_grid_works_as_expected"/>
    <testcase time="0.00499999999999545" classname="utilities" name="expand_time_grid_works_as_expected"/>
    <testcase time="0.00499999999999545" classname="utilities" name="expand_time_grid_works_as_expected"/>
    <testcase time="0.0080000000000382" classname="utilities" name="expand_patients_works_as_expected"/>
    <testcase time="0.00399999999996226" classname="utilities" name="expand_patients_works_as_expected"/>
    <testcase time="0.0040000000000191" classname="utilities" name="expand_patients_works_as_expected"/>
    <testcase time="0.0040000000000191" classname="utilities" name="expand_patients_works_as_expected"/>
    <testcase time="0.00499999999999545" classname="utilities" name="expand_patients_works_as_expected"/>
    <testcase time="0.00499999999999545" classname="utilities" name="expand_patients_works_as_expected"/>
    <testcase time="0.00599999999997181" classname="utilities" name="expand_patients_works_as_expected"/>
    <testcase time="0.0130000000000337" classname="utilities" name="decompose_patients_works_as_expected"/>
    <testcase time="0.00799999999998136" classname="utilities" name="decompose_patients_works_as_expected"/>
    <testcase time="0.00900000000001455" classname="utilities" name="decompose_patients_works_as_expected"/>
    <testcase time="0.00499999999999545" classname="utilities" name="decompose_patients_works_as_expected"/>
    <testcase time="0.00599999999997181" classname="utilities" name="decompose_patients_works_as_expected"/>
  </testsuite>
</testsuites>
