<?xml version="1.0" encoding="UTF-8"?>
<testsuites>
  <testsuite name="DataJoint" timestamp="2023-10-13T10:57:04Z" hostname="461c2112255d" tests="35" skipped="0" failures="0" errors="0" time="4.811">
    <testcase time="4.378" classname="DataJoint" name="DataJoint_basic_usage"/>
    <testcase time="0.0530000000000008" classname="DataJoint" name="DataJoint_basic_usage"/>
    <testcase time="0.0170000000000003" classname="DataJoint" name="DataJoint_basic_usage"/>
    <testcase time="0.00699999999999967" classname="DataJoint" name="DataJoint_basic_usage"/>
    <testcase time="0.00499999999999989" classname="DataJoint" name="DataJoint_basic_usage"/>
    <testcase time="0.00600000000000023" classname="DataJoint" name="DataJoint_basic_usage"/>
    <testcase time="0.00600000000000023" classname="DataJoint" name="DataJoint_basic_usage"/>
    <testcase time="0.00599999999999934" classname="DataJoint" name="DataJoint_basic_usage"/>
    <testcase time="0.00500000000000078" classname="DataJoint" name="DataJoint_basic_usage"/>
    <testcase time="0.00699999999999967" classname="DataJoint" name="DataJoint_basic_usage"/>
    <testcase time="0.00600000000000023" classname="DataJoint" name="DataJoint_basic_usage"/>
    <testcase time="0.00699999999999967" classname="DataJoint" name="DataJoint_basic_usage"/>
    <testcase time="0.00699999999999967" classname="DataJoint" name="DataJoint_basic_usage"/>
    <testcase time="0.00700000000000056" classname="DataJoint" name="DataJoint_basic_usage"/>
    <testcase time="0.00699999999999967" classname="DataJoint" name="DataJoint_basic_usage"/>
    <testcase time="0.0369999999999999" classname="DataJoint" name="DataJoint_errors_if_inconsistent_subject_IDs"/>
    <testcase time="0.0120000000000005" classname="DataJoint" name="DataJoint_errors_if_inconsistent_subject_IDs"/>
    <testcase time="0.0139999999999993" classname="DataJoint" name="DataJoint_errors_if_inconsistent_subject_IDs"/>
    <testcase time="0.0120000000000005" classname="DataJoint" name="DataJoint_errors_if_inconsistent_subject_IDs"/>
    <testcase time="0.0129999999999999" classname="DataJoint" name="DataJoint_errors_if_inconsistent_subject_IDs"/>
    <testcase time="0.00999999999999979" classname="DataJoint" name="DataJoint_errors_if_inconsistent_subject_IDs"/>
    <testcase time="0.0230000000000006" classname="DataJoint" name="DataJoint_sorts_handles_pre_factored_levels_correctly"/>
    <testcase time="0.024" classname="DataJoint" name="DataJoint_sorts_handles_pre_factored_levels_correctly"/>
    <testcase time="0.00599999999999934" classname="DataJoint" name="DataJoint_sorts_handles_pre_factored_levels_correctly"/>
    <testcase time="0.0200000000000005" classname="DataJoint" name="DataJoint_sorts_handles_character_to_factor_levels_correctly"/>
    <testcase time="0.0129999999999999" classname="DataJoint" name="DataJoint_sorts_handles_character_to_factor_levels_correctly"/>
    <testcase time="0.00600000000000023" classname="DataJoint" name="DataJoint_sorts_handles_character_to_factor_levels_correctly"/>
    <testcase time="0.0190000000000001" classname="DataJoint" name="subset_DataJoint_works_as_expected"/>
    <testcase time="0.00800000000000001" classname="DataJoint" name="subset_DataJoint_works_as_expected"/>
    <testcase time="0.00599999999999934" classname="DataJoint" name="subset_DataJoint_works_as_expected"/>
    <testcase time="0.00800000000000001" classname="DataJoint" name="subset_DataJoint_works_as_expected"/>
    <testcase time="0.00900000000000034" classname="DataJoint" name="subset_DataJoint_works_as_expected"/>
    <testcase time="0.00800000000000001" classname="DataJoint" name="subset_DataJoint_works_as_expected"/>
    <testcase time="0.0199999999999996" classname="DataJoint" name="subset_DataJoint_works_as_expected"/>
    <testcase time="0.0190000000000001" classname="DataJoint" name="Error_Handling"/>
  </testsuite>
  <testsuite name="DataLongitudinal" timestamp="2023-10-13T10:57:09Z" hostname="461c2112255d" tests="10" skipped="0" failures="0" errors="0" time="0.116">
    <testcase time="0.0360000000000005" classname="DataLongitudinal" name="DataLongitudinal_being_rendered_to_list_is_as_expected_for_simple_inputs"/>
    <testcase time="0.00899999999999945" classname="DataLongitudinal" name="DataLongitudinal_being_rendered_to_list_is_as_expected_for_simple_inputs"/>
    <testcase time="0.00600000000000023" classname="DataLongitudinal" name="DataLongitudinal_being_rendered_to_list_is_as_expected_for_simple_inputs"/>
    <testcase time="0.0220000000000002" classname="DataLongitudinal" name="DataLongitudinal_being_rendered_to_list_is_as_expected_for_simple_inputs"/>
    <testcase time="0.00800000000000001" classname="DataLongitudinal" name="DataLongitudinal_being_rendered_to_list_is_as_expected_for_simple_inputs"/>
    <testcase time="0.00800000000000001" classname="DataLongitudinal" name="DataLongitudinal_being_rendered_to_list_is_as_expected_for_simple_inputs"/>
    <testcase time="0.00699999999999967" classname="DataLongitudinal" name="DataLongitudinal_being_rendered_to_list_is_as_expected_for_simple_inputs"/>
    <testcase time="0.00900000000000034" classname="DataLongitudinal" name="DataLongitudinal_being_rendered_to_list_is_as_expected_for_simple_inputs"/>
    <testcase time="0.00499999999999989" classname="DataLongitudinal" name="DataLongitudinal_being_rendered_to_list_is_as_expected_for_simple_inputs"/>
    <testcase time="0.00600000000000023" classname="DataLongitudinal" name="DataLongitudinal_being_rendered_to_list_is_as_expected_for_simple_inputs"/>
  </testsuite>
  <testsuite name="DataSubject" timestamp="2023-10-13T10:57:09Z" hostname="461c2112255d" tests="10" skipped="0" failures="0" errors="0" time="0.102">
    <testcase time="0.0349999999999993" classname="DataSubject" name="DataSubject_works_as_expected"/>
    <testcase time="0.00600000000000023" classname="DataSubject" name="DataSubject_works_as_expected"/>
    <testcase time="0.00999999999999979" classname="DataSubject" name="DataSubject_works_as_expected"/>
    <testcase time="0.00900000000000034" classname="DataSubject" name="DataSubject_works_as_expected"/>
    <testcase time="0.00800000000000001" classname="DataSubject" name="DataSubject_works_as_expected"/>
    <testcase time="0.00600000000000023" classname="DataSubject" name="DataSubject_works_as_expected"/>
    <testcase time="0.00699999999999967" classname="DataSubject" name="DataSubject_works_as_expected"/>
    <testcase time="0.00600000000000023" classname="DataSubject" name="DataSubject_works_as_expected"/>
    <testcase time="0.00699999999999967" classname="DataSubject" name="DataSubject_works_as_expected"/>
    <testcase time="0.00800000000000001" classname="DataSubject" name="DataSubject_works_as_expected"/>
  </testsuite>
  <testsuite name="DataSurvival" timestamp="2023-10-13T10:57:09Z" hostname="461c2112255d" tests="14" skipped="0" failures="0" errors="0" time="0.117">
    <testcase time="0.0230000000000006" classname="DataSurvival" name="DataSurvival_being_rendered_to_list_is_as_expected_for_simple_inputs"/>
    <testcase time="0.00599999999999934" classname="DataSurvival" name="DataSurvival_being_rendered_to_list_is_as_expected_for_simple_inputs"/>
    <testcase time="0.00600000000000023" classname="DataSurvival" name="DataSurvival_being_rendered_to_list_is_as_expected_for_simple_inputs"/>
    <testcase time="0.00600000000000023" classname="DataSurvival" name="DataSurvival_being_rendered_to_list_is_as_expected_for_simple_inputs"/>
    <testcase time="0.00699999999999967" classname="DataSurvival" name="DataSurvival_being_rendered_to_list_is_as_expected_for_simple_inputs"/>
    <testcase time="0.00600000000000023" classname="DataSurvival" name="DataSurvival_being_rendered_to_list_is_as_expected_for_simple_inputs"/>
    <testcase time="0.0170000000000003" classname="DataSurvival" name="DataSurvival_being_rendered_to_list_is_as_expected_for_simple_inputs"/>
    <testcase time="0.00899999999999945" classname="DataSurvival" name="DataSurvival_being_rendered_to_list_is_as_expected_for_simple_inputs"/>
    <testcase time="0.00800000000000001" classname="DataSurvival" name="DataSurvival_being_rendered_to_list_is_as_expected_for_simple_inputs"/>
    <testcase time="0.00600000000000023" classname="DataSurvival" name="DataSurvival_being_rendered_to_list_is_as_expected_for_simple_inputs"/>
    <testcase time="0.00600000000000023" classname="DataSurvival" name="DataSurvival_being_rendered_to_list_is_as_expected_for_simple_inputs"/>
    <testcase time="0.00499999999999989" classname="DataSurvival" name="DataSurvival_being_rendered_to_list_is_as_expected_for_simple_inputs"/>
    <testcase time="0.00600000000000023" classname="DataSurvival" name="DataSurvival_being_rendered_to_list_is_as_expected_for_simple_inputs"/>
    <testcase time="0.00600000000000023" classname="DataSurvival" name="DataSurvival_being_rendered_to_list_is_as_expected_for_simple_inputs"/>
  </testsuite>
  <testsuite name="JointModel" timestamp="2023-10-13T10:57:09Z" hostname="461c2112255d" tests="2" skipped="0" failures="0" errors="0" time="0.842">
    <testcase time="0.836" classname="JointModel" name="JointModel_smoke_tests"/>
    <testcase time="0.00600000000000023" classname="JointModel" name="JointModel_smoke_tests"/>
  </testsuite>
  <testsuite name="LinkGSF" timestamp="2023-10-13T10:57:10Z" hostname="461c2112255d" tests="13" skipped="0" failures="0" errors="0" time="0.504">
    <testcase time="0.016" classname="LinkGSF" name="LinkGSF_class_initialization_works_as_expected"/>
    <testcase time="0.00199999999999889" classname="LinkGSF" name="LinkGSF_class_initialization_works_as_expected"/>
    <testcase time="0.126000000000001" classname="LinkGSF" name="LinkGSF_user_constructor_works_as_expected_with_defaults"/>
    <testcase time="0.00199999999999889" classname="LinkGSF" name="LinkGSF_user_constructor_works_as_expected_with_defaults"/>
    <testcase time="0.0199999999999996" classname="LinkGSF" name="link_gsf_ttg_user_constructor_works_as_expected_with_defaults"/>
    <testcase time="0.00200000000000067" classname="LinkGSF" name="link_gsf_ttg_user_constructor_works_as_expected_with_defaults"/>
    <testcase time="0.0229999999999997" classname="LinkGSF" name="link_gsf_dsld_user_constructor_works_as_expected_with_defaults"/>
    <testcase time="0.00200000000000067" classname="LinkGSF" name="link_gsf_dsld_user_constructor_works_as_expected_with_defaults"/>
    <testcase time="0.0190000000000001" classname="LinkGSF" name="link_gsf_identity_user_constructor_works_as_expected_with_defaults"/>
    <testcase time="0.00199999999999889" classname="LinkGSF" name="link_gsf_identity_user_constructor_works_as_expected_with_defaults"/>
    <testcase time="0.123000000000001" classname="LinkGSF" name="LinkGSF_returns_correct_defaults_when_no_arguments_are_supplied"/>
    <testcase time="0.100999999999999" classname="LinkGSF" name="LinkGSF_returns_correct_defaults_when_no_arguments_are_supplied"/>
    <testcase time="0.0660000000000007" classname="LinkGSF" name="LinkGSF_returns_correct_defaults_when_no_arguments_are_supplied"/>
  </testsuite>
  <testsuite name="LinkNone" timestamp="2023-10-13T10:57:11Z" hostname="461c2112255d" tests="5" skipped="0" failures="0" errors="0" time="0.049">
    <testcase time="0.0220000000000002" classname="LinkNone" name="LinkNone_object_is_generated_without_unexpected_input"/>
    <testcase time="0.00900000000000034" classname="LinkNone" name="LinkNone_object_is_generated_without_unexpected_input"/>
    <testcase time="0.00499999999999901" classname="LinkNone" name="LinkNone_object_is_generated_without_unexpected_input"/>
    <testcase time="0.00600000000000023" classname="LinkNone" name="LinkNone_object_is_generated_without_unexpected_input"/>
    <testcase time="0.00699999999999967" classname="LinkNone" name="LinkNone_object_is_generated_without_unexpected_input"/>
  </testsuite>
  <testsuite name="LinkRandomSlope" timestamp="2023-10-13T10:57:11Z" hostname="461c2112255d" tests="3" skipped="0" failures="0" errors="0" time="0.043">
    <testcase time="0.0300000000000011" classname="LinkRandomSlope" name="LinkRandomSlope_smoke_tests"/>
    <testcase time="0.00499999999999901" classname="LinkRandomSlope" name="LinkRandomSlope_smoke_tests"/>
    <testcase time="0.0080000000000009" classname="LinkRandomSlope" name="LinkRandomSlope_smoke_tests"/>
  </testsuite>
  <testsuite name="LongitudinalGSF" timestamp="2023-10-13T10:57:11Z" hostname="461c2112255d" tests="4" skipped="0" failures="0" errors="0" time="114.367">
    <testcase time="0.190999999999999" classname="LongitudinalGSF" name="LongitudinalGSF_works_as_expected_with_default_arguments"/>
    <testcase time="0.00200000000000067" classname="LongitudinalGSF" name="LongitudinalGSF_works_as_expected_with_default_arguments"/>
    <testcase time="114.046" classname="LongitudinalGSF" name="LongitudinalGSF_works_as_expected_with_a_single_study"/>
    <testcase time="0.128" classname="LongitudinalGSF" name="LongitudinalGSF_works_as_expected_with_a_single_study"/>
  </testsuite>
  <testsuite name="LongitudinalQuantiles" timestamp="2023-10-13T10:59:05Z" hostname="461c2112255d" tests="26" skipped="0" failures="0" errors="0" time="191.931">
    <testcase time="102.027" classname="LongitudinalQuantiles" name="Test_that_LongitudinalQuantities_works_as_expected"/>
    <testcase time="0.00900000000001455" classname="LongitudinalQuantiles" name="Test_that_LongitudinalQuantities_works_as_expected"/>
    <testcase time="0.00699999999997658" classname="LongitudinalQuantiles" name="Test_that_LongitudinalQuantities_works_as_expected"/>
    <testcase time="0.007000000000005" classname="LongitudinalQuantiles" name="Test_that_LongitudinalQuantities_works_as_expected"/>
    <testcase time="3.46700000000001" classname="LongitudinalQuantiles" name="Test_that_LongitudinalQuantities_works_as_expected"/>
    <testcase time="0.00600000000000023" classname="LongitudinalQuantiles" name="Test_that_LongitudinalQuantities_works_as_expected"/>
    <testcase time="0.00600000000000023" classname="LongitudinalQuantiles" name="Test_that_LongitudinalQuantities_works_as_expected"/>
    <testcase time="1.78" classname="LongitudinalQuantiles" name="Test_that_LongitudinalQuantities_works_as_expected"/>
    <testcase time="0.007000000000005" classname="LongitudinalQuantiles" name="Test_that_LongitudinalQuantities_works_as_expected"/>
    <testcase time="0.0100000000000193" classname="LongitudinalQuantiles" name="Test_that_LongitudinalQuantities_works_as_expected"/>
    <testcase time="1.94999999999999" classname="LongitudinalQuantiles" name="Test_that_LongitudinalQuantities_works_as_expected"/>
    <testcase time="0.00800000000000978" classname="LongitudinalQuantiles" name="Test_that_LongitudinalQuantities_works_as_expected"/>
    <testcase time="0.007000000000005" classname="LongitudinalQuantiles" name="Test_that_LongitudinalQuantities_works_as_expected"/>
    <testcase time="0.00600000000000023" classname="LongitudinalQuantiles" name="Test_that_LongitudinalQuantities_works_as_expected"/>
    <testcase time="0.00600000000000023" classname="LongitudinalQuantiles" name="Test_that_LongitudinalQuantities_works_as_expected"/>
    <testcase time="0.00600000000000023" classname="LongitudinalQuantiles" name="Test_that_LongitudinalQuantities_works_as_expected"/>
    <testcase time="0.092000000000013" classname="LongitudinalQuantiles" name="Test_that_LongitudinalQuantities_works_as_expected"/>
    <testcase time="1.33699999999999" classname="LongitudinalQuantiles" name="Test_that_LongitudinalQuantities_works_as_expected"/>
    <testcase time="0.00800000000000978" classname="LongitudinalQuantiles" name="Test_that_LongitudinalQuantities_works_as_expected"/>
    <testcase time="0.00899999999998613" classname="LongitudinalQuantiles" name="Test_that_LongitudinalQuantities_works_as_expected"/>
    <testcase time="0.00800000000000978" classname="LongitudinalQuantiles" name="Test_that_LongitudinalQuantities_works_as_expected"/>
    <testcase time="0.00600000000000023" classname="LongitudinalQuantiles" name="Test_that_LongitudinalQuantities_works_as_expected"/>
    <testcase time="0.00899999999998613" classname="LongitudinalQuantiles" name="Test_that_LongitudinalQuantities_works_as_expected"/>
    <testcase time="0.00900000000001455" classname="LongitudinalQuantiles" name="Test_that_LongitudinalQuantities_works_as_expected"/>
    <testcase time="0.0879999999999939" classname="LongitudinalQuantiles" name="Test_that_LongitudinalQuantities_works_as_expected"/>
    <testcase time="81.056" classname="LongitudinalQuantiles" name="LongitudinalQuantities_can_recover_known_results"/>
  </testsuite>
  <testsuite name="ParameterList" timestamp="2023-10-13T11:02:17Z" hostname="461c2112255d" tests="4" skipped="0" failures="0" errors="0" time="0.067">
    <testcase time="0.0230000000000246" classname="ParameterList" name="ParameterList_smoke_tests"/>
    <testcase time="0.00599999999997181" classname="ParameterList" name="ParameterList_smoke_tests"/>
    <testcase time="0.0310000000000059" classname="ParameterList" name="ParameterList_smoke_tests"/>
    <testcase time="0.007000000000005" classname="ParameterList" name="ParameterList_smoke_tests"/>
  </testsuite>
  <testsuite name="Parameters" timestamp="2023-10-13T11:02:17Z" hostname="461c2112255d" tests="4" skipped="0" failures="0" errors="0" time="0.051">
    <testcase time="0.0200000000000387" classname="Parameters" name="Parameters_smoke_tests"/>
    <testcase time="0.0169999999999959" classname="Parameters" name="Parameters_smoke_tests"/>
    <testcase time="0.00799999999998136" classname="Parameters" name="Parameters_smoke_tests"/>
    <testcase time="0.00599999999997181" classname="Parameters" name="Parameters_smoke_tests"/>
  </testsuite>
  <testsuite name="Prior" timestamp="2023-10-13T11:02:17Z" hostname="461c2112255d" tests="19" skipped="0" failures="0" errors="0" time="0.195">
    <testcase time="0.0190000000000055" classname="Prior" name="Priors_work_as_expected"/>
    <testcase time="0.01400000000001" classname="Prior" name="Priors_work_as_expected"/>
    <testcase time="0.00999999999999091" classname="Prior" name="Priors_work_as_expected"/>
    <testcase time="0.007000000000005" classname="Prior" name="Priors_work_as_expected"/>
    <testcase time="0.0160000000000196" classname="Prior" name="Priors_work_as_expected"/>
    <testcase time="0.00599999999997181" classname="Prior" name="Priors_work_as_expected"/>
    <testcase time="0.007000000000005" classname="Prior" name="Priors_work_as_expected"/>
    <testcase time="0.01400000000001" classname="Prior" name="Priors_work_as_expected"/>
    <testcase time="0.00600000000002865" classname="Prior" name="Priors_work_as_expected"/>
    <testcase time="0.007000000000005" classname="Prior" name="Priors_work_as_expected"/>
    <testcase time="0.0129999999999768" classname="Prior" name="Priors_work_as_expected"/>
    <testcase time="0.007000000000005" classname="Prior" name="Priors_work_as_expected"/>
    <testcase time="0.0199999999999818" classname="Prior" name="Invalid_prior_parameters_are_rejected"/>
    <testcase time="0.0120000000000005" classname="Prior" name="Invalid_prior_parameters_are_rejected"/>
    <testcase time="0.0109999999999673" classname="Prior" name="Invalid_prior_parameters_are_rejected"/>
    <testcase time="0.00999999999999091" classname="Prior" name="Invalid_prior_parameters_are_rejected"/>
    <testcase time="0.0100000000000477" classname="Prior" name="Invalid_prior_parameters_are_rejected"/>
    <testcase time="0.0029999999999859" classname="Prior" name="Invalid_prior_parameters_are_rejected"/>
    <testcase time="0.0029999999999859" classname="Prior" name="Invalid_prior_parameters_are_rejected"/>
  </testsuite>
  <testsuite name="Quantities" timestamp="2023-10-13T11:02:18Z" hostname="461c2112255d" tests="12" skipped="0" failures="0" errors="0" time="0.154">
    <testcase time="0.0249999999999773" classname="Quantities" name="Simple_utility_functions_work_as_expected"/>
    <testcase time="0.00600000000002865" classname="Quantities" name="Simple_utility_functions_work_as_expected"/>
    <testcase time="0.00599999999997181" classname="Quantities" name="Simple_utility_functions_work_as_expected"/>
    <testcase time="0.00600000000002865" classname="Quantities" name="Simple_utility_functions_work_as_expected"/>
    <testcase time="0.0190000000000055" classname="Quantities" name="average_samples_by_index_works_as_expected"/>
    <testcase time="0.00900000000001455" classname="Quantities" name="average_samples_by_index_works_as_expected"/>
    <testcase time="0.00799999999998136" classname="Quantities" name="average_samples_by_index_works_as_expected"/>
    <testcase time="0.0109999999999673" classname="Quantities" name="average_samples_by_index_works_as_expected"/>
    <testcase time="0.0100000000000477" classname="Quantities" name="average_samples_by_index_works_as_expected"/>
    <testcase time="0.00899999999995771" classname="Quantities" name="average_samples_by_index_works_as_expected"/>
    <testcase time="0.0250000000000341" classname="Quantities" name="summary.Quantiles_works_as_expected"/>
    <testcase time="0.0199999999999818" classname="Quantities" name="as.data.frame.Quantiles_works_as_expected"/>
  </testsuite>
  <testsuite name="SurvivalExponential" timestamp="2023-10-13T11:02:18Z" hostname="461c2112255d" tests="2" skipped="0" failures="0" errors="0" time="47.583">
    <testcase time="40.899" classname="SurvivalExponential" name="SurvivalExponential_can_recover_true_parameter_no_covariates_"/>
    <testcase time="6.68400000000003" classname="SurvivalExponential" name="SurvivalExponential_can_recover_true_parameter_including_covariates_"/>
  </testsuite>
  <testsuite name="SurvivalQuantities" timestamp="2023-10-13T11:03:05Z" hostname="461c2112255d" tests="34" skipped="0" failures="0" errors="0" time="25.38">
    <testcase time="8.971" classname="SurvivalQuantities" name="smoke_test_for_summary_SurvivalQuantities_and_autoplot_SurvivalQuantities_"/>
    <testcase time="0.00899999999995771" classname="SurvivalQuantities" name="smoke_test_for_summary_SurvivalQuantities_and_autoplot_SurvivalQuantities_"/>
    <testcase time="0.007000000000005" classname="SurvivalQuantities" name="smoke_test_for_summary_SurvivalQuantities_and_autoplot_SurvivalQuantities_"/>
    <testcase time="0.007000000000005" classname="SurvivalQuantities" name="smoke_test_for_summary_SurvivalQuantities_and_autoplot_SurvivalQuantities_"/>
    <testcase time="4.38900000000001" classname="SurvivalQuantities" name="smoke_test_for_summary_SurvivalQuantities_and_autoplot_SurvivalQuantities_"/>
    <testcase time="0.007000000000005" classname="SurvivalQuantities" name="smoke_test_for_summary_SurvivalQuantities_and_autoplot_SurvivalQuantities_"/>
    <testcase time="0.00599999999997181" classname="SurvivalQuantities" name="smoke_test_for_summary_SurvivalQuantities_and_autoplot_SurvivalQuantities_"/>
    <testcase time="1.68299999999999" classname="SurvivalQuantities" name="smoke_test_for_summary_SurvivalQuantities_and_autoplot_SurvivalQuantities_"/>
    <testcase time="0.007000000000005" classname="SurvivalQuantities" name="smoke_test_for_summary_SurvivalQuantities_and_autoplot_SurvivalQuantities_"/>
    <testcase time="5.06400000000002" classname="SurvivalQuantities" name="smoke_test_for_summary_SurvivalQuantities_and_autoplot_SurvivalQuantities_"/>
    <testcase time="0.00799999999998136" classname="SurvivalQuantities" name="smoke_test_for_summary_SurvivalQuantities_and_autoplot_SurvivalQuantities_"/>
    <testcase time="0.007000000000005" classname="SurvivalQuantities" name="smoke_test_for_summary_SurvivalQuantities_and_autoplot_SurvivalQuantities_"/>
    <testcase time="0.007000000000005" classname="SurvivalQuantities" name="smoke_test_for_summary_SurvivalQuantities_and_autoplot_SurvivalQuantities_"/>
    <testcase time="0.007000000000005" classname="SurvivalQuantities" name="smoke_test_for_summary_SurvivalQuantities_and_autoplot_SurvivalQuantities_"/>
    <testcase time="0.00799999999998136" classname="SurvivalQuantities" name="smoke_test_for_summary_SurvivalQuantities_and_autoplot_SurvivalQuantities_"/>
    <testcase time="0.007000000000005" classname="SurvivalQuantities" name="smoke_test_for_summary_SurvivalQuantities_and_autoplot_SurvivalQuantities_"/>
    <testcase time="2.05200000000002" classname="SurvivalQuantities" name="smoke_test_for_summary_SurvivalQuantities_and_autoplot_SurvivalQuantities_"/>
    <testcase time="0.00799999999998136" classname="SurvivalQuantities" name="smoke_test_for_summary_SurvivalQuantities_and_autoplot_SurvivalQuantities_"/>
    <testcase time="0.0080000000000382" classname="SurvivalQuantities" name="smoke_test_for_summary_SurvivalQuantities_and_autoplot_SurvivalQuantities_"/>
    <testcase time="0.007000000000005" classname="SurvivalQuantities" name="smoke_test_for_summary_SurvivalQuantities_and_autoplot_SurvivalQuantities_"/>
    <testcase time="0.00699999999994816" classname="SurvivalQuantities" name="smoke_test_for_summary_SurvivalQuantities_and_autoplot_SurvivalQuantities_"/>
    <testcase time="1.375" classname="SurvivalQuantities" name="smoke_test_for_summary_SurvivalQuantities_and_autoplot_SurvivalQuantities_"/>
    <testcase time="0.00900000000001455" classname="SurvivalQuantities" name="smoke_test_for_summary_SurvivalQuantities_and_autoplot_SurvivalQuantities_"/>
    <testcase time="0.0080000000000382" classname="SurvivalQuantities" name="smoke_test_for_summary_SurvivalQuantities_and_autoplot_SurvivalQuantities_"/>
    <testcase time="0.00899999999995771" classname="SurvivalQuantities" name="smoke_test_for_summary_SurvivalQuantities_and_autoplot_SurvivalQuantities_"/>
    <testcase time="0.0080000000000382" classname="SurvivalQuantities" name="smoke_test_for_summary_SurvivalQuantities_and_autoplot_SurvivalQuantities_"/>
    <testcase time="0.00799999999998136" classname="SurvivalQuantities" name="smoke_test_for_summary_SurvivalQuantities_and_autoplot_SurvivalQuantities_"/>
    <testcase time="1.63900000000001" classname="SurvivalQuantities" name="smoke_test_for_summary_SurvivalQuantities_and_autoplot_SurvivalQuantities_"/>
    <testcase time="0.00899999999995771" classname="SurvivalQuantities" name="smoke_test_for_summary_SurvivalQuantities_and_autoplot_SurvivalQuantities_"/>
    <testcase time="0.0080000000000382" classname="SurvivalQuantities" name="smoke_test_for_summary_SurvivalQuantities_and_autoplot_SurvivalQuantities_"/>
    <testcase time="0.007000000000005" classname="SurvivalQuantities" name="smoke_test_for_summary_SurvivalQuantities_and_autoplot_SurvivalQuantities_"/>
    <testcase time="0.00799999999998136" classname="SurvivalQuantities" name="smoke_test_for_summary_SurvivalQuantities_and_autoplot_SurvivalQuantities_"/>
    <testcase time="0.00799999999998136" classname="SurvivalQuantities" name="smoke_test_for_summary_SurvivalQuantities_and_autoplot_SurvivalQuantities_"/>
    <testcase time="0.0080000000000382" classname="SurvivalQuantities" name="smoke_test_for_summary_SurvivalQuantities_and_autoplot_SurvivalQuantities_"/>
  </testsuite>
  <testsuite name="compile" timestamp="2023-10-13T11:03:31Z" hostname="461c2112255d" tests="1" skipped="0" failures="0" errors="0" time="23.879">
    <testcase time="23.879" classname="compile" name="compileStanModel_doesn_t_error_if_the_directory_doesn_t_exist"/>
  </testsuite>
  <testsuite name="extract_quantities" timestamp="2023-10-13T11:03:55Z" hostname="461c2112255d" tests="5" skipped="0" failures="0" errors="0" time="26.048">
    <testcase time="25.909" classname="extract_quantities" name="extract_quantities_works_as_expected"/>
    <testcase time="0.0449999999999591" classname="extract_quantities" name="extract_quantities_works_as_expected"/>
    <testcase time="0.0509999999999877" classname="extract_quantities" name="extract_quantities_works_as_expected"/>
    <testcase time="0.0100000000000477" classname="extract_quantities" name="extract_quantities_works_as_expected"/>
    <testcase time="0.0329999999999586" classname="extract_quantities" name="extract_quantities_works_as_expected"/>
  </testsuite>
  <testsuite name="jinjar_render" timestamp="2023-10-13T11:04:21Z" hostname="461c2112255d" tests="3" skipped="0" failures="0" errors="0" time="0.056">
    <testcase time="0.0289999999999964" classname="jinjar_render" name="Basic_Jinjar_syntax_works_with_decorated_render_"/>
    <testcase time="0.0080000000000382" classname="jinjar_render" name="Basic_Jinjar_syntax_works_with_decorated_render_"/>
    <testcase time="0.0190000000000055" classname="jinjar_render" name="Global_variables_defined_by_decorated_render_are_usable"/>
  </testsuite>
  <testsuite name="longitudinal_plot" timestamp="2023-10-13T11:04:21Z" hostname="461c2112255d" tests="1" skipped="1" failures="0" errors="0" time="0.482">
    <testcase time="0.481999999999971" classname="longitudinal_plot" name="longitudinal_plot_works_as_expected">
      <skipped message="Reason: On CRAN ('test-longitudinal_plot.R:42:5')"/>
    </testcase>
  </testsuite>
  <testsuite name="misc_models" timestamp="2023-10-13T11:04:21Z" hostname="461c2112255d" tests="1" skipped="0" failures="0" errors="0" time="1.379">
    <testcase time="1.37900000000002" classname="misc_models" name="Longitudinal_Model_doesn_t_print_sampler_rejection_messages"/>
  </testsuite>
  <testsuite name="model_random_slope" timestamp="2023-10-13T11:04:23Z" hostname="461c2112255d" tests="3" skipped="0" failures="0" errors="0" time="8.45">
    <testcase time="5.94799999999998" classname="model_random_slope" name="Random_Slope_Model_can_recover_known_parameter_values"/>
    <testcase time="2.10399999999998" classname="model_random_slope" name="Random_Slope_Model_can_recover_known_parameter_values"/>
    <testcase time="0.398000000000025" classname="model_random_slope" name="Random_Slope_Model_can_recover_known_parameter_values"/>
  </testsuite>
  <testsuite name="model_random_slope_2chain" timestamp="2023-10-13T11:04:31Z" hostname="461c2112255d" tests="1" skipped="0" failures="0" errors="0" time="63.044">
    <testcase time="63.044" classname="model_random_slope_2chain" name="Can_recover_known_distribution_parameters_from_random_slope_model_when_using_multiple_chains"/>
  </testsuite>
  <testsuite name="simulations" timestamp="2023-10-13T11:05:34Z" hostname="461c2112255d" tests="31" skipped="0" failures="0" errors="0" time="2.71">
    <testcase time="0.02800000000002" classname="simulations" name="sim_lm_gsf_works_as_expected"/>
    <testcase time="0.00599999999997181" classname="simulations" name="sim_lm_gsf_works_as_expected"/>
    <testcase time="0.0330000000000155" classname="simulations" name="sim_lm_gsf_works_as_expected"/>
    <testcase time="0.00699999999994816" classname="simulations" name="sim_lm_gsf_works_as_expected"/>
    <testcase time="0.00599999999997181" classname="simulations" name="sim_lm_gsf_works_as_expected"/>
    <testcase time="0.00700000000006185" classname="simulations" name="sim_lm_gsf_works_as_expected"/>
    <testcase time="0.00599999999997181" classname="simulations" name="sim_lm_gsf_works_as_expected"/>
    <testcase time="0.00699999999994816" classname="simulations" name="sim_lm_gsf_works_as_expected"/>
    <testcase time="0.00500000000010914" classname="simulations" name="sim_lm_gsf_works_as_expected"/>
    <testcase time="0.0119999999999436" classname="simulations" name="sim_lm_random_slope_works_as_expected"/>
    <testcase time="0.00599999999997181" classname="simulations" name="sim_lm_random_slope_works_as_expected"/>
    <testcase time="0.0149999999999864" classname="simulations" name="sim_lm_random_slope_works_as_expected"/>
    <testcase time="0.00499999999999545" classname="simulations" name="sim_lm_random_slope_works_as_expected"/>
    <testcase time="0.00700000000006185" classname="simulations" name="sim_lm_random_slope_works_as_expected"/>
    <testcase time="0.00499999999999545" classname="simulations" name="sim_lm_random_slope_works_as_expected"/>
    <testcase time="0.00499999999999545" classname="simulations" name="sim_lm_random_slope_works_as_expected"/>
    <testcase time="0.00599999999997181" classname="simulations" name="sim_lm_random_slope_works_as_expected"/>
    <testcase time="0.00599999999997181" classname="simulations" name="sim_lm_random_slope_works_as_expected"/>
    <testcase time="0.950000000000045" classname="simulations" name="simulate_joint_data_works_as_expected"/>
    <testcase time="0.00199999999995271" classname="simulations" name="simulate_joint_data_works_as_expected"/>
    <testcase time="0.00200000000006639" classname="simulations" name="simulate_joint_data_works_as_expected"/>
    <testcase time="0.00699999999994816" classname="simulations" name="simulate_joint_data_works_as_expected"/>
    <testcase time="0.00600000000008549" classname="simulations" name="simulate_joint_data_works_as_expected"/>
    <testcase time="0.00199999999995271" classname="simulations" name="simulate_joint_data_works_as_expected"/>
    <testcase time="0.00699999999994816" classname="simulations" name="simulate_joint_data_works_as_expected"/>
    <testcase time="0.0160000000000764" classname="simulations" name="simulate_joint_data_works_as_expected"/>
    <testcase time="0.36099999999999" classname="simulations" name="simulate_joint_data_leads_to_valid_DataJoint_with_almost_only_default_arguments"/>
    <testcase time="0.756999999999948" classname="simulations" name="sim_os_exponential_creates_a_dataset_with_the_correct_parameter"/>
    <testcase time="0.415000000000077" classname="simulations" name="sim_os_weibull_creates_a_dataset_with_the_correct_parameter"/>
    <testcase time="0.00699999999994816" classname="simulations" name="sim_os_weibull_creates_a_dataset_with_the_correct_parameter"/>
    <testcase time="0.00599999999997181" classname="simulations" name="sim_os_weibull_creates_a_dataset_with_the_correct_parameter"/>
  </testsuite>
  <testsuite name="stan_functions" timestamp="2023-10-13T11:05:37Z" hostname="461c2112255d" tests="4" skipped="0" failures="0" errors="0" time="1.84">
    <testcase time="0.567000000000007" classname="stan_functions" name="GSF_SLD_function_works_as_expected"/>
    <testcase time="0.576000000000022" classname="stan_functions" name="Normal_Log_Density_functions_work_as_expected"/>
    <testcase time="0.0299999999999727" classname="stan_functions" name="Normal_Log_Density_functions_work_as_expected"/>
    <testcase time="0.66700000000003" classname="stan_functions" name="GSF_Identity_Link_Function_works_as_expected"/>
  </testsuite>
  <testsuite name="survival_plot" timestamp="2023-10-13T11:05:39Z" hostname="461c2112255d" tests="1" skipped="1" failures="0" errors="0" time="0.427">
    <testcase time="0.427000000000021" classname="survival_plot" name="survival_plot_works_as_expected">
      <skipped message="Reason: On CRAN ('test-survival_plot.R:66:5')"/>
    </testcase>
  </testsuite>
  <testsuite name="utilities" timestamp="2023-10-13T11:05:39Z" hostname="461c2112255d" tests="31" skipped="0" failures="0" errors="0" time="0.426">
    <testcase time="0.0520000000000209" classname="utilities" name="get_missing_rownumbers_works_as_expected"/>
    <testcase time="0.0179999999999154" classname="utilities" name="remove_missing_rows_works_as_expected"/>
    <testcase time="0.0170000000000528" classname="utilities" name="expand_initial_values_works_as_expected"/>
    <testcase time="0.01400000000001" classname="utilities" name="replace_with_lookup_works_and_sets_array_attributes_as_expected"/>
    <testcase time="0.0169999999999391" classname="utilities" name="replace_with_lookup_asserts_sizes_as_numbers_as_expected"/>
    <testcase time="0.0160000000000764" classname="utilities" name="replace_with_lookup_asserts_looked_up_sizes_as_numbers_as_expected"/>
    <testcase time="0.01400000000001" classname="utilities" name="samples_median_ci_works_as_expected"/>
    <testcase time="0.01299999999992" classname="utilities" name="samples_median_ci_works_as_expected"/>
    <testcase time="0.0130000000000337" classname="utilities" name="samples_median_ci_works_with_a_custom_credibility_level"/>
    <testcase time="0.0149999999999864" classname="utilities" name="samples_median_ci_works_with_a_custom_credibility_level"/>
    <testcase time="0.0170000000000528" classname="utilities" name="expand_time_grid_works_as_expected"/>
    <testcase time="0.00699999999994816" classname="utilities" name="expand_time_grid_works_as_expected"/>
    <testcase time="0.00700000000006185" classname="utilities" name="expand_time_grid_works_as_expected"/>
    <testcase time="0.0080000000000382" classname="utilities" name="expand_time_grid_works_as_expected"/>
    <testcase time="0.00899999999990087" classname="utilities" name="expand_time_grid_works_as_expected"/>
    <testcase time="0.00900000000001455" classname="utilities" name="expand_time_grid_works_as_expected"/>
    <testcase time="0.00900000000001455" classname="utilities" name="expand_time_grid_works_as_expected"/>
    <testcase time="0.0180000000000291" classname="utilities" name="expand_patients_works_as_expected"/>
    <testcase time="0.00599999999997181" classname="utilities" name="expand_patients_works_as_expected"/>
    <testcase time="0.0080000000000382" classname="utilities" name="expand_patients_works_as_expected"/>
    <testcase time="0.00699999999994816" classname="utilities" name="expand_patients_works_as_expected"/>
    <testcase time="0.0190000000000055" classname="utilities" name="expand_patients_works_as_expected"/>
    <testcase time="0.0109999999999673" classname="utilities" name="expand_patients_works_as_expected"/>
    <testcase time="0.00900000000001455" classname="utilities" name="expand_patients_works_as_expected"/>
    <testcase time="0.0230000000000246" classname="utilities" name="decompose_patients_works_as_expected"/>
    <testcase time="0.01400000000001" classname="utilities" name="decompose_patients_works_as_expected"/>
    <testcase time="0.0149999999999864" classname="utilities" name="decompose_patients_works_as_expected"/>
    <testcase time="0.0109999999999673" classname="utilities" name="decompose_patients_works_as_expected"/>
    <testcase time="0.00900000000001455" classname="utilities" name="decompose_patients_works_as_expected"/>
    <testcase time="0.0149999999999864" classname="utilities" name="add_missing_stan_blocks_works_as_expected"/>
    <testcase time="0.00600000000008549" classname="utilities" name="add_missing_stan_blocks_works_as_expected"/>
  </testsuite>
</testsuites>
