<?xml version="1.0" encoding="UTF-8"?>
<testsuites>
  <testsuite name="DataJoint" timestamp="2023-10-06T16:53:34Z" hostname="6581d1e5db0a" tests="11" skipped="0" failures="0" errors="0" time="3.378">
    <testcase time="3.252" classname="DataJoint" name="DataJoint_errors_if_subjects_don_t_allign_after"/>
    <testcase time="0.04" classname="DataJoint" name="DataJoint_errors_if_subjects_don_t_allign_after"/>
    <testcase time="0.0259999999999998" classname="DataJoint" name="DataJoint_errors_if_subjects_don_t_allign_after"/>
    <testcase time="0.00800000000000001" classname="DataJoint" name="DataJoint_errors_if_subjects_don_t_allign_after"/>
    <testcase time="0.0140000000000002" classname="DataJoint" name="subset_DataJoint_works_as_expected"/>
    <testcase time="0.00499999999999989" classname="DataJoint" name="subset_DataJoint_works_as_expected"/>
    <testcase time="0.00499999999999989" classname="DataJoint" name="subset_DataJoint_works_as_expected"/>
    <testcase time="0.00600000000000023" classname="DataJoint" name="subset_DataJoint_works_as_expected"/>
    <testcase time="0.00600000000000023" classname="DataJoint" name="subset_DataJoint_works_as_expected"/>
    <testcase time="0.00499999999999989" classname="DataJoint" name="subset_DataJoint_works_as_expected"/>
    <testcase time="0.0110000000000001" classname="DataJoint" name="subset_DataJoint_works_as_expected"/>
  </testsuite>
  <testsuite name="DataLongitudinal" timestamp="2023-10-06T16:53:37Z" hostname="6581d1e5db0a" tests="8" skipped="0" failures="0" errors="0" time="0.054">
    <testcase time="0.0259999999999998" classname="DataLongitudinal" name="DataLongitudinal_being_rendered_to_list_is_as_expected_for_simple_inputs"/>
    <testcase time="0.00300000000000011" classname="DataLongitudinal" name="DataLongitudinal_being_rendered_to_list_is_as_expected_for_simple_inputs"/>
    <testcase time="0.00499999999999989" classname="DataLongitudinal" name="DataLongitudinal_being_rendered_to_list_is_as_expected_for_simple_inputs"/>
    <testcase time="0.00399999999999956" classname="DataLongitudinal" name="DataLongitudinal_being_rendered_to_list_is_as_expected_for_simple_inputs"/>
    <testcase time="0.00400000000000045" classname="DataLongitudinal" name="DataLongitudinal_being_rendered_to_list_is_as_expected_for_simple_inputs"/>
    <testcase time="0.00399999999999956" classname="DataLongitudinal" name="DataLongitudinal_being_rendered_to_list_is_as_expected_for_simple_inputs"/>
    <testcase time="0.00400000000000045" classname="DataLongitudinal" name="DataLongitudinal_being_rendered_to_list_is_as_expected_for_simple_inputs"/>
    <testcase time="0.00399999999999956" classname="DataLongitudinal" name="DataLongitudinal_being_rendered_to_list_is_as_expected_for_simple_inputs"/>
  </testsuite>
  <testsuite name="DataSurvival" timestamp="2023-10-06T16:53:37Z" hostname="6581d1e5db0a" tests="8" skipped="0" failures="0" errors="0" time="0.063">
    <testcase time="0.0289999999999999" classname="DataSurvival" name="Error_Handling"/>
    <testcase time="0.0110000000000001" classname="DataSurvival" name="DataSurvival_being_rendered_to_list_is_as_expected_for_simple_inputs"/>
    <testcase time="0.00400000000000045" classname="DataSurvival" name="DataSurvival_being_rendered_to_list_is_as_expected_for_simple_inputs"/>
    <testcase time="0.00399999999999956" classname="DataSurvival" name="DataSurvival_being_rendered_to_list_is_as_expected_for_simple_inputs"/>
    <testcase time="0.00400000000000045" classname="DataSurvival" name="DataSurvival_being_rendered_to_list_is_as_expected_for_simple_inputs"/>
    <testcase time="0.00399999999999956" classname="DataSurvival" name="DataSurvival_being_rendered_to_list_is_as_expected_for_simple_inputs"/>
    <testcase time="0.00400000000000045" classname="DataSurvival" name="DataSurvival_being_rendered_to_list_is_as_expected_for_simple_inputs"/>
    <testcase time="0.00300000000000011" classname="DataSurvival" name="DataSurvival_being_rendered_to_list_is_as_expected_for_simple_inputs"/>
  </testsuite>
  <testsuite name="JointModel" timestamp="2023-10-06T16:53:37Z" hostname="6581d1e5db0a" tests="2" skipped="0" failures="0" errors="0" time="0.438">
    <testcase time="0.435" classname="JointModel" name="JointModel_smoke_tests"/>
    <testcase time="0.00300000000000011" classname="JointModel" name="JointModel_smoke_tests"/>
  </testsuite>
  <testsuite name="LinkGSF" timestamp="2023-10-06T16:53:38Z" hostname="6581d1e5db0a" tests="13" skipped="0" failures="0" errors="0" time="0.299">
    <testcase time="0.0110000000000001" classname="LinkGSF" name="LinkGSF_class_initialization_works_as_expected"/>
    <testcase time="0.00199999999999978" classname="LinkGSF" name="LinkGSF_class_initialization_works_as_expected"/>
    <testcase time="0.0739999999999998" classname="LinkGSF" name="LinkGSF_user_constructor_works_as_expected_with_defaults"/>
    <testcase time="0.00199999999999978" classname="LinkGSF" name="LinkGSF_user_constructor_works_as_expected_with_defaults"/>
    <testcase time="0.0120000000000005" classname="LinkGSF" name="link_gsf_ttg_user_constructor_works_as_expected_with_defaults"/>
    <testcase time="0.00199999999999978" classname="LinkGSF" name="link_gsf_ttg_user_constructor_works_as_expected_with_defaults"/>
    <testcase time="0.0140000000000002" classname="LinkGSF" name="link_gsf_dsld_user_constructor_works_as_expected_with_defaults"/>
    <testcase time="0.00100000000000033" classname="LinkGSF" name="link_gsf_dsld_user_constructor_works_as_expected_with_defaults"/>
    <testcase time="0.0129999999999999" classname="LinkGSF" name="link_gsf_identity_user_constructor_works_as_expected_with_defaults"/>
    <testcase time="0.00200000000000067" classname="LinkGSF" name="link_gsf_identity_user_constructor_works_as_expected_with_defaults"/>
    <testcase time="0.0759999999999996" classname="LinkGSF" name="LinkGSF_returns_correct_defaults_when_no_arguments_are_supplied"/>
    <testcase time="0.0410000000000004" classname="LinkGSF" name="LinkGSF_returns_correct_defaults_when_no_arguments_are_supplied"/>
    <testcase time="0.0489999999999995" classname="LinkGSF" name="LinkGSF_returns_correct_defaults_when_no_arguments_are_supplied"/>
  </testsuite>
  <testsuite name="LinkNone" timestamp="2023-10-06T16:53:38Z" hostname="6581d1e5db0a" tests="5" skipped="0" failures="0" errors="0" time="0.031">
    <testcase time="0.0140000000000002" classname="LinkNone" name="LinkNone_object_is_generated_without_unexpected_input"/>
    <testcase time="0.00600000000000023" classname="LinkNone" name="LinkNone_object_is_generated_without_unexpected_input"/>
    <testcase time="0.00399999999999956" classname="LinkNone" name="LinkNone_object_is_generated_without_unexpected_input"/>
    <testcase time="0.00300000000000011" classname="LinkNone" name="LinkNone_object_is_generated_without_unexpected_input"/>
    <testcase time="0.00399999999999956" classname="LinkNone" name="LinkNone_object_is_generated_without_unexpected_input"/>
  </testsuite>
  <testsuite name="LinkRandomSlope" timestamp="2023-10-06T16:53:38Z" hostname="6581d1e5db0a" tests="3" skipped="0" failures="0" errors="0" time="0.027">
    <testcase time="0.0190000000000001" classname="LinkRandomSlope" name="LinkRandomSlope_smoke_tests"/>
    <testcase time="0.00300000000000011" classname="LinkRandomSlope" name="LinkRandomSlope_smoke_tests"/>
    <testcase time="0.00499999999999989" classname="LinkRandomSlope" name="LinkRandomSlope_smoke_tests"/>
  </testsuite>
  <testsuite name="LongitudinalGSF" timestamp="2023-10-06T16:53:38Z" hostname="6581d1e5db0a" tests="4" skipped="0" failures="0" errors="0" time="46.123">
    <testcase time="0.113" classname="LongitudinalGSF" name="LongitudinalGSF_works_as_expected_with_default_arguments"/>
    <testcase time="0.000999999999999446" classname="LongitudinalGSF" name="LongitudinalGSF_works_as_expected_with_default_arguments"/>
    <testcase time="45.904" classname="LongitudinalGSF" name="LongitudinalGSF_works_as_expected_with_a_single_study"/>
    <testcase time="0.105000000000004" classname="LongitudinalGSF" name="LongitudinalGSF_works_as_expected_with_a_single_study"/>
  </testsuite>
  <testsuite name="LongitudinalQuantiles" timestamp="2023-10-06T16:54:24Z" hostname="6581d1e5db0a" tests="26" skipped="0" failures="0" errors="0" time="48.959">
    <testcase time="7.578" classname="LongitudinalQuantiles" name="Test_that_LongitudinalQuantities_works_as_expected"/>
    <testcase time="0.00600000000000023" classname="LongitudinalQuantiles" name="Test_that_LongitudinalQuantities_works_as_expected"/>
    <testcase time="0.00500000000000256" classname="LongitudinalQuantiles" name="Test_that_LongitudinalQuantities_works_as_expected"/>
    <testcase time="0.00399999999999778" classname="LongitudinalQuantiles" name="Test_that_LongitudinalQuantities_works_as_expected"/>
    <testcase time="2.629" classname="LongitudinalQuantiles" name="Test_that_LongitudinalQuantities_works_as_expected"/>
    <testcase time="0.00400000000000489" classname="LongitudinalQuantiles" name="Test_that_LongitudinalQuantities_works_as_expected"/>
    <testcase time="0.0109999999999957" classname="LongitudinalQuantiles" name="Test_that_LongitudinalQuantities_works_as_expected"/>
    <testcase time="1.32100000000001" classname="LongitudinalQuantiles" name="Test_that_LongitudinalQuantities_works_as_expected"/>
    <testcase time="0.00399999999999778" classname="LongitudinalQuantiles" name="Test_that_LongitudinalQuantities_works_as_expected"/>
    <testcase time="0.0069999999999979" classname="LongitudinalQuantiles" name="Test_that_LongitudinalQuantities_works_as_expected"/>
    <testcase time="1.452" classname="LongitudinalQuantiles" name="Test_that_LongitudinalQuantities_works_as_expected"/>
    <testcase time="0.00400000000000489" classname="LongitudinalQuantiles" name="Test_that_LongitudinalQuantities_works_as_expected"/>
    <testcase time="0.00400000000000489" classname="LongitudinalQuantiles" name="Test_that_LongitudinalQuantities_works_as_expected"/>
    <testcase time="0.00399999999999068" classname="LongitudinalQuantiles" name="Test_that_LongitudinalQuantities_works_as_expected"/>
    <testcase time="0.00300000000000011" classname="LongitudinalQuantiles" name="Test_that_LongitudinalQuantities_works_as_expected"/>
    <testcase time="0.00400000000000489" classname="LongitudinalQuantiles" name="Test_that_LongitudinalQuantities_works_as_expected"/>
    <testcase time="0.054000000000002" classname="LongitudinalQuantiles" name="Test_that_LongitudinalQuantities_works_as_expected"/>
    <testcase time="1.08699999999999" classname="LongitudinalQuantiles" name="Test_that_LongitudinalQuantities_works_as_expected"/>
    <testcase time="0.00600000000000023" classname="LongitudinalQuantiles" name="Test_that_LongitudinalQuantities_works_as_expected"/>
    <testcase time="0.00400000000000489" classname="LongitudinalQuantiles" name="Test_that_LongitudinalQuantities_works_as_expected"/>
    <testcase time="0.00499999999999545" classname="LongitudinalQuantiles" name="Test_that_LongitudinalQuantities_works_as_expected"/>
    <testcase time="0.00500000000000966" classname="LongitudinalQuantiles" name="Test_that_LongitudinalQuantities_works_as_expected"/>
    <testcase time="0.00399999999999068" classname="LongitudinalQuantiles" name="Test_that_LongitudinalQuantities_works_as_expected"/>
    <testcase time="0.00500000000000966" classname="LongitudinalQuantiles" name="Test_that_LongitudinalQuantities_works_as_expected"/>
    <testcase time="0.0619999999999976" classname="LongitudinalQuantiles" name="Test_that_LongitudinalQuantities_works_as_expected"/>
    <testcase time="34.687" classname="LongitudinalQuantiles" name="LongitudinalQuantities_can_recover_known_results"/>
  </testsuite>
  <testsuite name="ParameterList" timestamp="2023-10-06T16:55:13Z" hostname="6581d1e5db0a" tests="3" skipped="0" failures="0" errors="0" time="0.022">
    <testcase time="0.0130000000000052" classname="ParameterList" name="ParameterList_smoke_tests"/>
    <testcase time="0.00399999999999068" classname="ParameterList" name="ParameterList_smoke_tests"/>
    <testcase time="0.00500000000000966" classname="ParameterList" name="ParameterList_smoke_tests"/>
  </testsuite>
  <testsuite name="Parameters" timestamp="2023-10-06T16:55:13Z" hostname="6581d1e5db0a" tests="4" skipped="0" failures="0" errors="0" time="0.022">
    <testcase time="0.0120000000000005" classname="Parameters" name="Parameters_smoke_tests"/>
    <testcase time="0.00300000000000011" classname="Parameters" name="Parameters_smoke_tests"/>
    <testcase time="0.00399999999999068" classname="Parameters" name="Parameters_smoke_tests"/>
    <testcase time="0.00300000000000011" classname="Parameters" name="Parameters_smoke_tests"/>
  </testsuite>
  <testsuite name="Prior" timestamp="2023-10-06T16:55:13Z" hostname="6581d1e5db0a" tests="11" skipped="0" failures="0" errors="0" time="0.068">
    <testcase time="0.0120000000000005" classname="Prior" name="Priors_work_as_expected"/>
    <testcase time="0.00400000000000489" classname="Prior" name="Priors_work_as_expected"/>
    <testcase time="0.00399999999999068" classname="Prior" name="Priors_work_as_expected"/>
    <testcase time="0.00400000000000489" classname="Prior" name="Priors_work_as_expected"/>
    <testcase time="0.0120000000000005" classname="Prior" name="Invalid_prior_parameters_are_rejected"/>
    <testcase time="0.007000000000005" classname="Prior" name="Invalid_prior_parameters_are_rejected"/>
    <testcase time="0.00699999999999079" classname="Prior" name="Invalid_prior_parameters_are_rejected"/>
    <testcase time="0.007000000000005" classname="Prior" name="Invalid_prior_parameters_are_rejected"/>
    <testcase time="0.00699999999999079" classname="Prior" name="Invalid_prior_parameters_are_rejected"/>
    <testcase time="0.00200000000000955" classname="Prior" name="Invalid_prior_parameters_are_rejected"/>
    <testcase time="0.00199999999999534" classname="Prior" name="Invalid_prior_parameters_are_rejected"/>
  </testsuite>
  <testsuite name="Quantities" timestamp="2023-10-06T16:55:13Z" hostname="6581d1e5db0a" tests="12" skipped="0" failures="0" errors="0" time="0.091">
    <testcase time="0.0130000000000052" classname="Quantities" name="Simple_utility_functions_work_as_expected"/>
    <testcase time="0.00399999999999068" classname="Quantities" name="Simple_utility_functions_work_as_expected"/>
    <testcase time="0.00400000000000489" classname="Quantities" name="Simple_utility_functions_work_as_expected"/>
    <testcase time="0.00400000000000489" classname="Quantities" name="Simple_utility_functions_work_as_expected"/>
    <testcase time="0.00999999999999091" classname="Quantities" name="average_samples_by_index_works_as_expected"/>
    <testcase time="0.00600000000000023" classname="Quantities" name="average_samples_by_index_works_as_expected"/>
    <testcase time="0.00500000000000966" classname="Quantities" name="average_samples_by_index_works_as_expected"/>
    <testcase time="0.00600000000000023" classname="Quantities" name="average_samples_by_index_works_as_expected"/>
    <testcase time="0.00600000000000023" classname="Quantities" name="average_samples_by_index_works_as_expected"/>
    <testcase time="0.00600000000000023" classname="Quantities" name="average_samples_by_index_works_as_expected"/>
    <testcase time="0.0159999999999911" classname="Quantities" name="summary.Quantiles_works_as_expected"/>
    <testcase time="0.0110000000000099" classname="Quantities" name="as.data.frame.Quantiles_works_as_expected"/>
  </testsuite>
  <testsuite name="SurvivalExponential" timestamp="2023-10-06T16:55:13Z" hostname="6581d1e5db0a" tests="2" skipped="0" failures="0" errors="0" time="7.174">
    <testcase time="2.59299999999999" classname="SurvivalExponential" name="SurvivalExponential_can_recover_true_parameter_no_covariates_"/>
    <testcase time="4.581" classname="SurvivalExponential" name="SurvivalExponential_can_recover_true_parameter_including_covariates_"/>
  </testsuite>
  <testsuite name="SurvivalQuantities" timestamp="2023-10-06T16:55:20Z" hostname="6581d1e5db0a" tests="34" skipped="0" failures="0" errors="0" time="18.772">
    <testcase time="6.598" classname="SurvivalQuantities" name="smoke_test_for_summary_SurvivalQuantities_and_autoplot_SurvivalQuantities_"/>
    <testcase time="0.00500000000000966" classname="SurvivalQuantities" name="smoke_test_for_summary_SurvivalQuantities_and_autoplot_SurvivalQuantities_"/>
    <testcase time="0.00399999999999068" classname="SurvivalQuantities" name="smoke_test_for_summary_SurvivalQuantities_and_autoplot_SurvivalQuantities_"/>
    <testcase time="0.00499999999999545" classname="SurvivalQuantities" name="smoke_test_for_summary_SurvivalQuantities_and_autoplot_SurvivalQuantities_"/>
    <testcase time="2.768" classname="SurvivalQuantities" name="smoke_test_for_summary_SurvivalQuantities_and_autoplot_SurvivalQuantities_"/>
    <testcase time="0.00400000000000489" classname="SurvivalQuantities" name="smoke_test_for_summary_SurvivalQuantities_and_autoplot_SurvivalQuantities_"/>
    <testcase time="0.00400000000000489" classname="SurvivalQuantities" name="smoke_test_for_summary_SurvivalQuantities_and_autoplot_SurvivalQuantities_"/>
    <testcase time="1.36399999999999" classname="SurvivalQuantities" name="smoke_test_for_summary_SurvivalQuantities_and_autoplot_SurvivalQuantities_"/>
    <testcase time="0.00400000000000489" classname="SurvivalQuantities" name="smoke_test_for_summary_SurvivalQuantities_and_autoplot_SurvivalQuantities_"/>
    <testcase time="4.08200000000001" classname="SurvivalQuantities" name="smoke_test_for_summary_SurvivalQuantities_and_autoplot_SurvivalQuantities_"/>
    <testcase time="0.00499999999999545" classname="SurvivalQuantities" name="smoke_test_for_summary_SurvivalQuantities_and_autoplot_SurvivalQuantities_"/>
    <testcase time="0.00499999999999545" classname="SurvivalQuantities" name="smoke_test_for_summary_SurvivalQuantities_and_autoplot_SurvivalQuantities_"/>
    <testcase time="0.00500000000000966" classname="SurvivalQuantities" name="smoke_test_for_summary_SurvivalQuantities_and_autoplot_SurvivalQuantities_"/>
    <testcase time="0.00499999999999545" classname="SurvivalQuantities" name="smoke_test_for_summary_SurvivalQuantities_and_autoplot_SurvivalQuantities_"/>
    <testcase time="0.00400000000000489" classname="SurvivalQuantities" name="smoke_test_for_summary_SurvivalQuantities_and_autoplot_SurvivalQuantities_"/>
    <testcase time="0.00499999999999545" classname="SurvivalQuantities" name="smoke_test_for_summary_SurvivalQuantities_and_autoplot_SurvivalQuantities_"/>
    <testcase time="1.45699999999999" classname="SurvivalQuantities" name="smoke_test_for_summary_SurvivalQuantities_and_autoplot_SurvivalQuantities_"/>
    <testcase time="0.00500000000000966" classname="SurvivalQuantities" name="smoke_test_for_summary_SurvivalQuantities_and_autoplot_SurvivalQuantities_"/>
    <testcase time="0.00399999999999068" classname="SurvivalQuantities" name="smoke_test_for_summary_SurvivalQuantities_and_autoplot_SurvivalQuantities_"/>
    <testcase time="0.00400000000000489" classname="SurvivalQuantities" name="smoke_test_for_summary_SurvivalQuantities_and_autoplot_SurvivalQuantities_"/>
    <testcase time="0.00400000000000489" classname="SurvivalQuantities" name="smoke_test_for_summary_SurvivalQuantities_and_autoplot_SurvivalQuantities_"/>
    <testcase time="1.04199999999999" classname="SurvivalQuantities" name="smoke_test_for_summary_SurvivalQuantities_and_autoplot_SurvivalQuantities_"/>
    <testcase time="0.00600000000000023" classname="SurvivalQuantities" name="smoke_test_for_summary_SurvivalQuantities_and_autoplot_SurvivalQuantities_"/>
    <testcase time="0.00400000000000489" classname="SurvivalQuantities" name="smoke_test_for_summary_SurvivalQuantities_and_autoplot_SurvivalQuantities_"/>
    <testcase time="0.00399999999999068" classname="SurvivalQuantities" name="smoke_test_for_summary_SurvivalQuantities_and_autoplot_SurvivalQuantities_"/>
    <testcase time="0.00500000000000966" classname="SurvivalQuantities" name="smoke_test_for_summary_SurvivalQuantities_and_autoplot_SurvivalQuantities_"/>
    <testcase time="0.00399999999999068" classname="SurvivalQuantities" name="smoke_test_for_summary_SurvivalQuantities_and_autoplot_SurvivalQuantities_"/>
    <testcase time="1.33800000000001" classname="SurvivalQuantities" name="smoke_test_for_summary_SurvivalQuantities_and_autoplot_SurvivalQuantities_"/>
    <testcase time="0.00499999999999545" classname="SurvivalQuantities" name="smoke_test_for_summary_SurvivalQuantities_and_autoplot_SurvivalQuantities_"/>
    <testcase time="0.00499999999999545" classname="SurvivalQuantities" name="smoke_test_for_summary_SurvivalQuantities_and_autoplot_SurvivalQuantities_"/>
    <testcase time="0.00400000000000489" classname="SurvivalQuantities" name="smoke_test_for_summary_SurvivalQuantities_and_autoplot_SurvivalQuantities_"/>
    <testcase time="0.00499999999999545" classname="SurvivalQuantities" name="smoke_test_for_summary_SurvivalQuantities_and_autoplot_SurvivalQuantities_"/>
    <testcase time="0.00400000000000489" classname="SurvivalQuantities" name="smoke_test_for_summary_SurvivalQuantities_and_autoplot_SurvivalQuantities_"/>
    <testcase time="0.00499999999999545" classname="SurvivalQuantities" name="smoke_test_for_summary_SurvivalQuantities_and_autoplot_SurvivalQuantities_"/>
  </testsuite>
  <testsuite name="compile" timestamp="2023-10-06T16:55:39Z" hostname="6581d1e5db0a" tests="1" skipped="0" failures="0" errors="0" time="17.449">
    <testcase time="17.449" classname="compile" name="compileStanModel_doesn_t_error_if_the_directory_doesn_t_exist"/>
  </testsuite>
  <testsuite name="extract_quantities" timestamp="2023-10-06T16:55:57Z" hostname="6581d1e5db0a" tests="5" skipped="0" failures="0" errors="0" time="18.889">
    <testcase time="18.792" classname="extract_quantities" name="extract_quantities_works_as_expected"/>
    <testcase time="0.0310000000000059" classname="extract_quantities" name="extract_quantities_works_as_expected"/>
    <testcase time="0.0349999999999966" classname="extract_quantities" name="extract_quantities_works_as_expected"/>
    <testcase time="0.00600000000000023" classname="extract_quantities" name="extract_quantities_works_as_expected"/>
    <testcase time="0.0249999999999773" classname="extract_quantities" name="extract_quantities_works_as_expected"/>
  </testsuite>
  <testsuite name="jinjar_render" timestamp="2023-10-06T16:56:16Z" hostname="6581d1e5db0a" tests="3" skipped="0" failures="0" errors="0" time="0.034">
    <testcase time="0.0180000000000007" classname="jinjar_render" name="Basic_Jinjar_syntax_works_with_decorated_render_"/>
    <testcase time="0.0040000000000191" classname="jinjar_render" name="Basic_Jinjar_syntax_works_with_decorated_render_"/>
    <testcase time="0.0120000000000005" classname="jinjar_render" name="Global_variables_defined_by_decorated_render_are_usable"/>
  </testsuite>
  <testsuite name="longitudinal_plot" timestamp="2023-10-06T16:56:16Z" hostname="6581d1e5db0a" tests="1" skipped="1" failures="0" errors="0" time="0.335">
    <testcase time="0.33499999999998" classname="longitudinal_plot" name="longitudinal_plot_works_as_expected">
      <skipped message="Reason: On CRAN ('test-longitudinal_plot.R:42:5')"/>
    </testcase>
  </testsuite>
  <testsuite name="misc_models" timestamp="2023-10-06T16:56:16Z" hostname="6581d1e5db0a" tests="1" skipped="0" failures="0" errors="0" time="1.235">
    <testcase time="1.23500000000001" classname="misc_models" name="Longitudinal_Model_doesn_t_print_sampler_rejection_messages"/>
  </testsuite>
  <testsuite name="model_random_slope" timestamp="2023-10-06T16:56:17Z" hostname="6581d1e5db0a" tests="3" skipped="0" failures="0" errors="0" time="6.046">
    <testcase time="4.34899999999999" classname="model_random_slope" name="Random_Slope_Model_can_recover_known_parameter_values"/>
    <testcase time="1.42400000000001" classname="model_random_slope" name="Random_Slope_Model_can_recover_known_parameter_values"/>
    <testcase time="0.272999999999996" classname="model_random_slope" name="Random_Slope_Model_can_recover_known_parameter_values"/>
  </testsuite>
  <testsuite name="model_random_slope_2chain" timestamp="2023-10-06T16:56:23Z" hostname="6581d1e5db0a" tests="1" skipped="0" failures="0" errors="0" time="14.322">
    <testcase time="14.322" classname="model_random_slope_2chain" name="Can_recover_known_distribution_parameters_from_random_slope_model_when_using_multiple_chains"/>
  </testsuite>
  <testsuite name="simulations" timestamp="2023-10-06T16:56:38Z" hostname="6581d1e5db0a" tests="31" skipped="0" failures="0" errors="0" time="1.376">
    <testcase time="0.0219999999999914" classname="simulations" name="sim_lm_gsf_works_as_expected"/>
    <testcase time="0.0040000000000191" classname="simulations" name="sim_lm_gsf_works_as_expected"/>
    <testcase time="0.0229999999999961" classname="simulations" name="sim_lm_gsf_works_as_expected"/>
    <testcase time="0.00499999999999545" classname="simulations" name="sim_lm_gsf_works_as_expected"/>
    <testcase time="0.00399999999999068" classname="simulations" name="sim_lm_gsf_works_as_expected"/>
    <testcase time="0.0040000000000191" classname="simulations" name="sim_lm_gsf_works_as_expected"/>
    <testcase time="0.0029999999999859" classname="simulations" name="sim_lm_gsf_works_as_expected"/>
    <testcase time="0.0040000000000191" classname="simulations" name="sim_lm_gsf_works_as_expected"/>
    <testcase time="0.0120000000000005" classname="simulations" name="sim_lm_gsf_works_as_expected"/>
    <testcase time="0.00699999999997658" classname="simulations" name="sim_lm_random_slope_works_as_expected"/>
    <testcase time="0.0040000000000191" classname="simulations" name="sim_lm_random_slope_works_as_expected"/>
    <testcase time="0.0109999999999957" classname="simulations" name="sim_lm_random_slope_works_as_expected"/>
    <testcase time="0.00399999999999068" classname="simulations" name="sim_lm_random_slope_works_as_expected"/>
    <testcase time="0.0040000000000191" classname="simulations" name="sim_lm_random_slope_works_as_expected"/>
    <testcase time="0.0029999999999859" classname="simulations" name="sim_lm_random_slope_works_as_expected"/>
    <testcase time="0.00399999999999068" classname="simulations" name="sim_lm_random_slope_works_as_expected"/>
    <testcase time="0.0040000000000191" classname="simulations" name="sim_lm_random_slope_works_as_expected"/>
    <testcase time="0.0029999999999859" classname="simulations" name="sim_lm_random_slope_works_as_expected"/>
    <testcase time="0.381" classname="simulations" name="simulate_joint_data_works_as_expected"/>
    <testcase time="0.00200000000000955" classname="simulations" name="simulate_joint_data_works_as_expected"/>
    <testcase time="0.00100000000000477" classname="simulations" name="simulate_joint_data_works_as_expected"/>
    <testcase time="0.00399999999999068" classname="simulations" name="simulate_joint_data_works_as_expected"/>
    <testcase time="0.00399999999999068" classname="simulations" name="simulate_joint_data_works_as_expected"/>
    <testcase time="0.00200000000000955" classname="simulations" name="simulate_joint_data_works_as_expected"/>
    <testcase time="0.0029999999999859" classname="simulations" name="simulate_joint_data_works_as_expected"/>
    <testcase time="0.0120000000000005" classname="simulations" name="simulate_joint_data_works_as_expected"/>
    <testcase time="0.268000000000001" classname="simulations" name="simulate_joint_data_leads_to_valid_DataJoint_with_almost_only_default_arguments"/>
    <testcase time="0.285000000000025" classname="simulations" name="sim_os_exponential_creates_a_dataset_with_the_correct_parameter"/>
    <testcase time="0.281999999999982" classname="simulations" name="sim_os_weibull_creates_a_dataset_with_the_correct_parameter"/>
    <testcase time="0.00300000000001432" classname="simulations" name="sim_os_weibull_creates_a_dataset_with_the_correct_parameter"/>
    <testcase time="0.00399999999999068" classname="simulations" name="sim_os_weibull_creates_a_dataset_with_the_correct_parameter"/>
  </testsuite>
  <testsuite name="stan_functions" timestamp="2023-10-06T16:56:39Z" hostname="6581d1e5db0a" tests="4" skipped="0" failures="0" errors="0" time="1.416">
    <testcase time="0.425999999999988" classname="stan_functions" name="GSF_SLD_function_works_as_expected"/>
    <testcase time="0.472000000000008" classname="stan_functions" name="Normal_Log_Density_functions_work_as_expected"/>
    <testcase time="0.0240000000000009" classname="stan_functions" name="Normal_Log_Density_functions_work_as_expected"/>
    <testcase time="0.494" classname="stan_functions" name="GSF_Identity_Link_Function_works_as_expected"/>
  </testsuite>
  <testsuite name="survival_plot" timestamp="2023-10-06T16:56:40Z" hostname="6581d1e5db0a" tests="1" skipped="1" failures="0" errors="0" time="0.265">
    <testcase time="0.264999999999986" classname="survival_plot" name="survival_plot_works_as_expected">
      <skipped message="Reason: On CRAN ('test-survival_plot.R:66:5')"/>
    </testcase>
  </testsuite>
  <testsuite name="utilities" timestamp="2023-10-06T16:56:41Z" hostname="6581d1e5db0a" tests="29" skipped="0" failures="0" errors="0" time="0.239">
    <testcase time="0.0320000000000107" classname="utilities" name="get_missing_rownumbers_works_as_expected"/>
    <testcase time="0.0109999999999957" classname="utilities" name="remove_missing_rows_works_as_expected"/>
    <testcase time="0.00800000000000978" classname="utilities" name="expand_initial_values_works_as_expected"/>
    <testcase time="0.00899999999998613" classname="utilities" name="replace_with_lookup_works_and_sets_array_attributes_as_expected"/>
    <testcase time="0.0109999999999957" classname="utilities" name="replace_with_lookup_asserts_sizes_as_numbers_as_expected"/>
    <testcase time="0.0110000000000241" classname="utilities" name="replace_with_lookup_asserts_looked_up_sizes_as_numbers_as_expected"/>
    <testcase time="0.00699999999997658" classname="utilities" name="samples_median_ci_works_as_expected"/>
    <testcase time="0.00800000000000978" classname="utilities" name="samples_median_ci_works_as_expected"/>
    <testcase time="0.00800000000000978" classname="utilities" name="samples_median_ci_works_with_a_custom_credibility_level"/>
    <testcase time="0.00799999999998136" classname="utilities" name="samples_median_ci_works_with_a_custom_credibility_level"/>
    <testcase time="0.00900000000001455" classname="utilities" name="expand_time_grid_works_as_expected"/>
    <testcase time="0.00399999999999068" classname="utilities" name="expand_time_grid_works_as_expected"/>
    <testcase time="0.0040000000000191" classname="utilities" name="expand_time_grid_works_as_expected"/>
    <testcase time="0.00600000000000023" classname="utilities" name="expand_time_grid_works_as_expected"/>
    <testcase time="0.0120000000000005" classname="utilities" name="expand_time_grid_works_as_expected"/>
    <testcase time="0.00499999999999545" classname="utilities" name="expand_time_grid_works_as_expected"/>
    <testcase time="0.00600000000000023" classname="utilities" name="expand_time_grid_works_as_expected"/>
    <testcase time="0.00899999999998613" classname="utilities" name="expand_patients_works_as_expected"/>
    <testcase time="0.0040000000000191" classname="utilities" name="expand_patients_works_as_expected"/>
    <testcase time="0.0029999999999859" classname="utilities" name="expand_patients_works_as_expected"/>
    <testcase time="0.00399999999999068" classname="utilities" name="expand_patients_works_as_expected"/>
    <testcase time="0.00600000000000023" classname="utilities" name="expand_patients_works_as_expected"/>
    <testcase time="0.00500000000002387" classname="utilities" name="expand_patients_works_as_expected"/>
    <testcase time="0.00599999999997181" classname="utilities" name="expand_patients_works_as_expected"/>
    <testcase time="0.01400000000001" classname="utilities" name="decompose_patients_works_as_expected"/>
    <testcase time="0.00800000000000978" classname="utilities" name="decompose_patients_works_as_expected"/>
    <testcase time="0.00999999999999091" classname="utilities" name="decompose_patients_works_as_expected"/>
    <testcase time="0.00499999999999545" classname="utilities" name="decompose_patients_works_as_expected"/>
    <testcase time="0.00600000000000023" classname="utilities" name="decompose_patients_works_as_expected"/>
  </testsuite>
</testsuites>
