<?xml version="1.0" encoding="UTF-8"?>
<testsuites>
  <testsuite name="DataJoint" timestamp="2023-09-27T14:36:06Z" hostname="7224efcf8fca" tests="11" skipped="0" failures="0" errors="0" time="3.633">
    <testcase time="3.493" classname="DataJoint" name="DataJoint_errors_if_subjects_don_t_allign_after"/>
    <testcase time="0.0470000000000006" classname="DataJoint" name="DataJoint_errors_if_subjects_don_t_allign_after"/>
    <testcase time="0.0279999999999996" classname="DataJoint" name="DataJoint_errors_if_subjects_don_t_allign_after"/>
    <testcase time="0.00800000000000001" classname="DataJoint" name="DataJoint_errors_if_subjects_don_t_allign_after"/>
    <testcase time="0.016" classname="DataJoint" name="subset_DataJoint_works_as_expected"/>
    <testcase time="0.00600000000000023" classname="DataJoint" name="subset_DataJoint_works_as_expected"/>
    <testcase time="0.00499999999999989" classname="DataJoint" name="subset_DataJoint_works_as_expected"/>
    <testcase time="0.00600000000000023" classname="DataJoint" name="subset_DataJoint_works_as_expected"/>
    <testcase time="0.00599999999999934" classname="DataJoint" name="subset_DataJoint_works_as_expected"/>
    <testcase time="0.00600000000000023" classname="DataJoint" name="subset_DataJoint_works_as_expected"/>
    <testcase time="0.0120000000000005" classname="DataJoint" name="subset_DataJoint_works_as_expected"/>
  </testsuite>
  <testsuite name="DataLongitudinal" timestamp="2023-09-27T14:36:09Z" hostname="7224efcf8fca" tests="8" skipped="0" failures="0" errors="0" time="0.059">
    <testcase time="0.0279999999999996" classname="DataLongitudinal" name="DataLongitudinal_being_rendered_to_list_is_as_expected_for_simple_inputs"/>
    <testcase time="0.00400000000000045" classname="DataLongitudinal" name="DataLongitudinal_being_rendered_to_list_is_as_expected_for_simple_inputs"/>
    <testcase time="0.00499999999999989" classname="DataLongitudinal" name="DataLongitudinal_being_rendered_to_list_is_as_expected_for_simple_inputs"/>
    <testcase time="0.00399999999999956" classname="DataLongitudinal" name="DataLongitudinal_being_rendered_to_list_is_as_expected_for_simple_inputs"/>
    <testcase time="0.00499999999999989" classname="DataLongitudinal" name="DataLongitudinal_being_rendered_to_list_is_as_expected_for_simple_inputs"/>
    <testcase time="0.00500000000000078" classname="DataLongitudinal" name="DataLongitudinal_being_rendered_to_list_is_as_expected_for_simple_inputs"/>
    <testcase time="0.00399999999999956" classname="DataLongitudinal" name="DataLongitudinal_being_rendered_to_list_is_as_expected_for_simple_inputs"/>
    <testcase time="0.00400000000000045" classname="DataLongitudinal" name="DataLongitudinal_being_rendered_to_list_is_as_expected_for_simple_inputs"/>
  </testsuite>
  <testsuite name="DataSurvival" timestamp="2023-09-27T14:36:09Z" hostname="7224efcf8fca" tests="8" skipped="0" failures="0" errors="0" time="0.067">
    <testcase time="0.0289999999999999" classname="DataSurvival" name="Error_Handling"/>
    <testcase time="0.0129999999999999" classname="DataSurvival" name="DataSurvival_being_rendered_to_list_is_as_expected_for_simple_inputs"/>
    <testcase time="0.00399999999999956" classname="DataSurvival" name="DataSurvival_being_rendered_to_list_is_as_expected_for_simple_inputs"/>
    <testcase time="0.00499999999999989" classname="DataSurvival" name="DataSurvival_being_rendered_to_list_is_as_expected_for_simple_inputs"/>
    <testcase time="0.00400000000000045" classname="DataSurvival" name="DataSurvival_being_rendered_to_list_is_as_expected_for_simple_inputs"/>
    <testcase time="0.00399999999999956" classname="DataSurvival" name="DataSurvival_being_rendered_to_list_is_as_expected_for_simple_inputs"/>
    <testcase time="0.00400000000000045" classname="DataSurvival" name="DataSurvival_being_rendered_to_list_is_as_expected_for_simple_inputs"/>
    <testcase time="0.00399999999999956" classname="DataSurvival" name="DataSurvival_being_rendered_to_list_is_as_expected_for_simple_inputs"/>
  </testsuite>
  <testsuite name="JointModel" timestamp="2023-09-27T14:36:09Z" hostname="7224efcf8fca" tests="2" skipped="0" failures="0" errors="0" time="0.47">
    <testcase time="0.466" classname="JointModel" name="JointModel_smoke_tests"/>
    <testcase time="0.00400000000000045" classname="JointModel" name="JointModel_smoke_tests"/>
  </testsuite>
  <testsuite name="JointModelSamples" timestamp="2023-09-27T14:36:13Z" hostname="7224efcf8fca" tests="17" skipped="0" failures="0" errors="0" time="13.722">
    <testcase time="3.301" classname="JointModelSamples" name="longitudinal_works_as_expected_for_JointModelSamples"/>
    <testcase time="9.712" classname="JointModelSamples" name="longitudinal_works_as_expected_for_JointModelSamples"/>
    <testcase time="0.00900000000000034" classname="JointModelSamples" name="longitudinal_works_as_expected_for_JointModelSamples"/>
    <testcase time="0.00499999999999901" classname="JointModelSamples" name="longitudinal_works_as_expected_for_JointModelSamples"/>
    <testcase time="0.00100000000000122" classname="JointModelSamples" name="longitudinal_works_as_expected_for_JointModelSamples"/>
    <testcase time="0.00100000000000122" classname="JointModelSamples" name="longitudinal_works_as_expected_for_JointModelSamples"/>
    <testcase time="0.00399999999999778" classname="JointModelSamples" name="longitudinal_works_as_expected_for_JointModelSamples"/>
    <testcase time="0.00200000000000244" classname="JointModelSamples" name="longitudinal_works_as_expected_for_JointModelSamples"/>
    <testcase time="0.00399999999999778" classname="JointModelSamples" name="longitudinal_works_as_expected_for_JointModelSamples"/>
    <testcase time="0.00100000000000122" classname="JointModelSamples" name="longitudinal_works_as_expected_for_JointModelSamples"/>
    <testcase time="0.00400000000000134" classname="JointModelSamples" name="longitudinal_works_as_expected_for_JointModelSamples"/>
    <testcase time="0.0139999999999993" classname="JointModelSamples" name="longitudinal_works_as_expected_for_JointModelSamples"/>
    <testcase time="0.646999999999998" classname="JointModelSamples" name="longitudinal_allows_to_subset_patients_and_times"/>
    <testcase time="0.00200000000000244" classname="JointModelSamples" name="longitudinal_allows_to_subset_patients_and_times"/>
    <testcase time="0.00599999999999667" classname="JointModelSamples" name="longitudinal_allows_to_subset_patients_and_times"/>
    <testcase time="0.00500000000000256" classname="JointModelSamples" name="longitudinal_allows_to_subset_patients_and_times"/>
    <testcase time="0.00399999999999778" classname="JointModelSamples" name="longitudinal_allows_to_subset_patients_and_times"/>
  </testsuite>
  <testsuite name="LinkGSF" timestamp="2023-09-27T14:36:24Z" hostname="7224efcf8fca" tests="13" skipped="0" failures="0" errors="0" time="0.383">
    <testcase time="0.0160000000000018" classname="LinkGSF" name="LinkGSF_class_initialization_works_as_expected"/>
    <testcase time="0.00100000000000122" classname="LinkGSF" name="LinkGSF_class_initialization_works_as_expected"/>
    <testcase time="0.109000000000002" classname="LinkGSF" name="LinkGSF_user_constructor_works_as_expected_with_defaults"/>
    <testcase time="0.000999999999997669" classname="LinkGSF" name="LinkGSF_user_constructor_works_as_expected_with_defaults"/>
    <testcase time="0.0169999999999995" classname="LinkGSF" name="link_gsf_ttg_user_constructor_works_as_expected_with_defaults"/>
    <testcase time="0.00100000000000122" classname="LinkGSF" name="link_gsf_ttg_user_constructor_works_as_expected_with_defaults"/>
    <testcase time="0.0180000000000007" classname="LinkGSF" name="link_gsf_dsld_user_constructor_works_as_expected_with_defaults"/>
    <testcase time="0.00199999999999889" classname="LinkGSF" name="link_gsf_dsld_user_constructor_works_as_expected_with_defaults"/>
    <testcase time="0.0169999999999995" classname="LinkGSF" name="link_gsf_identity_user_constructor_works_as_expected_with_defaults"/>
    <testcase time="0.00200000000000244" classname="LinkGSF" name="link_gsf_identity_user_constructor_works_as_expected_with_defaults"/>
    <testcase time="0.097999999999999" classname="LinkGSF" name="LinkGSF_returns_correct_defaults_when_no_arguments_are_supplied"/>
    <testcase time="0.0459999999999994" classname="LinkGSF" name="LinkGSF_returns_correct_defaults_when_no_arguments_are_supplied"/>
    <testcase time="0.0549999999999997" classname="LinkGSF" name="LinkGSF_returns_correct_defaults_when_no_arguments_are_supplied"/>
  </testsuite>
  <testsuite name="LinkNone" timestamp="2023-09-27T14:36:24Z" hostname="7224efcf8fca" tests="5" skipped="0" failures="0" errors="0" time="0.034">
    <testcase time="0.0150000000000006" classname="LinkNone" name="LinkNone_object_is_generated_without_unexpected_input"/>
    <testcase time="0.00700000000000145" classname="LinkNone" name="LinkNone_object_is_generated_without_unexpected_input"/>
    <testcase time="0.00399999999999778" classname="LinkNone" name="LinkNone_object_is_generated_without_unexpected_input"/>
    <testcase time="0.00400000000000134" classname="LinkNone" name="LinkNone_object_is_generated_without_unexpected_input"/>
    <testcase time="0.00400000000000134" classname="LinkNone" name="LinkNone_object_is_generated_without_unexpected_input"/>
  </testsuite>
  <testsuite name="LinkRandomSlope" timestamp="2023-09-27T14:36:24Z" hostname="7224efcf8fca" tests="3" skipped="0" failures="0" errors="0" time="0.028">
    <testcase time="0.0179999999999971" classname="LinkRandomSlope" name="LinkRandomSlope_smoke_tests"/>
    <testcase time="0.00400000000000134" classname="LinkRandomSlope" name="LinkRandomSlope_smoke_tests"/>
    <testcase time="0.00600000000000023" classname="LinkRandomSlope" name="LinkRandomSlope_smoke_tests"/>
  </testsuite>
  <testsuite name="LongitudinalGSF" timestamp="2023-09-27T14:36:24Z" hostname="7224efcf8fca" tests="4" skipped="0" failures="0" errors="0" time="63.158">
    <testcase time="0.114999999999998" classname="LongitudinalGSF" name="LongitudinalGSF_works_as_expected_with_default_arguments"/>
    <testcase time="0.00100000000000122" classname="LongitudinalGSF" name="LongitudinalGSF_works_as_expected_with_default_arguments"/>
    <testcase time="62.932" classname="LongitudinalGSF" name="LongitudinalGSF_works_as_expected_with_a_single_study"/>
    <testcase time="0.109999999999999" classname="LongitudinalGSF" name="LongitudinalGSF_works_as_expected_with_a_single_study"/>
  </testsuite>
  <testsuite name="LongitudinalSamples" timestamp="2023-09-27T14:37:30Z" hostname="7224efcf8fca" tests="19" skipped="0" failures="0" errors="0" time="3.46">
    <testcase time="2.455" classname="LongitudinalSamples" name="LongitudinalSamples_can_be_initialized"/>
    <testcase time="0.00400000000000489" classname="LongitudinalSamples" name="LongitudinalSamples_can_be_initialized"/>
    <testcase time="0.00799999999999557" classname="LongitudinalSamples" name="subsetting_works_as_expected_for_LongitudinalSamples"/>
    <testcase time="0.00200000000000955" classname="LongitudinalSamples" name="subsetting_works_as_expected_for_LongitudinalSamples"/>
    <testcase time="0.00399999999999068" classname="LongitudinalSamples" name="subsetting_works_as_expected_for_LongitudinalSamples"/>
    <testcase time="0.77000000000001" classname="LongitudinalSamples" name="autoplot_works_as_expected_for_LongitudinalSamples"/>
    <testcase time="0.0699999999999932" classname="LongitudinalSamples" name="autoplot_works_as_expected_for_LongitudinalSamples"/>
    <testcase time="0.00499999999999545" classname="LongitudinalSamples" name="autoplot_works_as_expected_for_LongitudinalSamples"/>
    <testcase time="0.00500000000000966" classname="LongitudinalSamples" name="autoplot_works_as_expected_for_LongitudinalSamples"/>
    <testcase time="0.00499999999999545" classname="LongitudinalSamples" name="autoplot_works_as_expected_for_LongitudinalSamples"/>
    <testcase time="0.00400000000000489" classname="LongitudinalSamples" name="autoplot_works_as_expected_for_LongitudinalSamples"/>
    <testcase time="0.0549999999999926" classname="LongitudinalSamples" name="autoplot_works_as_expected_for_LongitudinalSamples"/>
    <testcase time="0.0150000000000006" classname="LongitudinalSamples" name="autoplot_works_as_expected_for_LongitudinalSamples"/>
    <testcase time="0.00399999999999068" classname="LongitudinalSamples" name="autoplot_works_as_expected_for_LongitudinalSamples"/>
    <testcase time="0.00400000000000489" classname="LongitudinalSamples" name="autoplot_works_as_expected_for_LongitudinalSamples"/>
    <testcase time="0.00399999999999068" classname="LongitudinalSamples" name="autoplot_works_as_expected_for_LongitudinalSamples"/>
    <testcase time="0.00400000000000489" classname="LongitudinalSamples" name="autoplot_works_as_expected_for_LongitudinalSamples"/>
    <testcase time="0.0379999999999967" classname="LongitudinalSamples" name="autoplot_works_as_expected_for_LongitudinalSamples"/>
    <testcase time="0.00400000000000489" classname="LongitudinalSamples" name="autoplot_works_as_expected_for_LongitudinalSamples"/>
  </testsuite>
  <testsuite name="ParameterList" timestamp="2023-09-27T14:37:31Z" hostname="7224efcf8fca" tests="3" skipped="0" failures="0" errors="0" time="0.024">
    <testcase time="0.0139999999999958" classname="ParameterList" name="ParameterList_smoke_tests"/>
    <testcase time="0.00400000000000489" classname="ParameterList" name="ParameterList_smoke_tests"/>
    <testcase time="0.00600000000000023" classname="ParameterList" name="ParameterList_smoke_tests"/>
  </testsuite>
  <testsuite name="Parameters" timestamp="2023-09-27T14:37:31Z" hostname="7224efcf8fca" tests="4" skipped="0" failures="0" errors="0" time="0.025">
    <testcase time="0.0130000000000052" classname="Parameters" name="Parameters_smoke_tests"/>
    <testcase time="0.00399999999999068" classname="Parameters" name="Parameters_smoke_tests"/>
    <testcase time="0.00400000000000489" classname="Parameters" name="Parameters_smoke_tests"/>
    <testcase time="0.00400000000000489" classname="Parameters" name="Parameters_smoke_tests"/>
  </testsuite>
  <testsuite name="Prior" timestamp="2023-09-27T14:37:31Z" hostname="7224efcf8fca" tests="11" skipped="0" failures="0" errors="0" time="0.069">
    <testcase time="0.0120000000000005" classname="Prior" name="Priors_work_as_expected"/>
    <testcase time="0.00499999999999545" classname="Prior" name="Priors_work_as_expected"/>
    <testcase time="0.00399999999999068" classname="Prior" name="Priors_work_as_expected"/>
    <testcase time="0.00400000000000489" classname="Prior" name="Priors_work_as_expected"/>
    <testcase time="0.0130000000000052" classname="Prior" name="Invalid_prior_parameters_are_rejected"/>
    <testcase time="0.007000000000005" classname="Prior" name="Invalid_prior_parameters_are_rejected"/>
    <testcase time="0.007000000000005" classname="Prior" name="Invalid_prior_parameters_are_rejected"/>
    <testcase time="0.00699999999999079" classname="Prior" name="Invalid_prior_parameters_are_rejected"/>
    <testcase time="0.007000000000005" classname="Prior" name="Invalid_prior_parameters_are_rejected"/>
    <testcase time="0.00199999999999534" classname="Prior" name="Invalid_prior_parameters_are_rejected"/>
    <testcase time="0.00100000000000477" classname="Prior" name="Invalid_prior_parameters_are_rejected"/>
  </testsuite>
  <testsuite name="SurvivalExponential" timestamp="2023-09-27T14:37:31Z" hostname="7224efcf8fca" tests="2" skipped="0" failures="0" errors="0" time="8.482">
    <testcase time="3.78" classname="SurvivalExponential" name="SurvivalExponential_can_recover_true_parameter_no_covariates_"/>
    <testcase time="4.702" classname="SurvivalExponential" name="SurvivalExponential_can_recover_true_parameter_including_covariates_"/>
  </testsuite>
  <testsuite name="SurvivalQuantities" timestamp="2023-09-27T14:37:39Z" hostname="7224efcf8fca" tests="40" skipped="0" failures="0" errors="0" time="19.369">
    <testcase time="6.774" classname="SurvivalQuantities" name="smoke_test_for_summary_SurvivalQuantities_and_autoplot_SurvivalQuantities_"/>
    <testcase time="0.00600000000000023" classname="SurvivalQuantities" name="smoke_test_for_summary_SurvivalQuantities_and_autoplot_SurvivalQuantities_"/>
    <testcase time="0.00499999999999545" classname="SurvivalQuantities" name="smoke_test_for_summary_SurvivalQuantities_and_autoplot_SurvivalQuantities_"/>
    <testcase time="0.00500000000000966" classname="SurvivalQuantities" name="smoke_test_for_summary_SurvivalQuantities_and_autoplot_SurvivalQuantities_"/>
    <testcase time="2.95399999999999" classname="SurvivalQuantities" name="smoke_test_for_summary_SurvivalQuantities_and_autoplot_SurvivalQuantities_"/>
    <testcase time="0.00400000000000489" classname="SurvivalQuantities" name="smoke_test_for_summary_SurvivalQuantities_and_autoplot_SurvivalQuantities_"/>
    <testcase time="0.00399999999999068" classname="SurvivalQuantities" name="smoke_test_for_summary_SurvivalQuantities_and_autoplot_SurvivalQuantities_"/>
    <testcase time="1.46700000000001" classname="SurvivalQuantities" name="smoke_test_for_summary_SurvivalQuantities_and_autoplot_SurvivalQuantities_"/>
    <testcase time="0.00399999999999068" classname="SurvivalQuantities" name="smoke_test_for_summary_SurvivalQuantities_and_autoplot_SurvivalQuantities_"/>
    <testcase time="4.083" classname="SurvivalQuantities" name="smoke_test_for_summary_SurvivalQuantities_and_autoplot_SurvivalQuantities_"/>
    <testcase time="0.00500000000000966" classname="SurvivalQuantities" name="smoke_test_for_summary_SurvivalQuantities_and_autoplot_SurvivalQuantities_"/>
    <testcase time="0.00600000000000023" classname="SurvivalQuantities" name="smoke_test_for_summary_SurvivalQuantities_and_autoplot_SurvivalQuantities_"/>
    <testcase time="0.00499999999999545" classname="SurvivalQuantities" name="smoke_test_for_summary_SurvivalQuantities_and_autoplot_SurvivalQuantities_"/>
    <testcase time="0.00499999999999545" classname="SurvivalQuantities" name="smoke_test_for_summary_SurvivalQuantities_and_autoplot_SurvivalQuantities_"/>
    <testcase time="0.00500000000000966" classname="SurvivalQuantities" name="smoke_test_for_summary_SurvivalQuantities_and_autoplot_SurvivalQuantities_"/>
    <testcase time="0.00499999999999545" classname="SurvivalQuantities" name="smoke_test_for_summary_SurvivalQuantities_and_autoplot_SurvivalQuantities_"/>
    <testcase time="1.56699999999999" classname="SurvivalQuantities" name="smoke_test_for_summary_SurvivalQuantities_and_autoplot_SurvivalQuantities_"/>
    <testcase time="0.00500000000000966" classname="SurvivalQuantities" name="smoke_test_for_summary_SurvivalQuantities_and_autoplot_SurvivalQuantities_"/>
    <testcase time="0.00499999999999545" classname="SurvivalQuantities" name="smoke_test_for_summary_SurvivalQuantities_and_autoplot_SurvivalQuantities_"/>
    <testcase time="0.00400000000000489" classname="SurvivalQuantities" name="smoke_test_for_summary_SurvivalQuantities_and_autoplot_SurvivalQuantities_"/>
    <testcase time="0.00399999999999068" classname="SurvivalQuantities" name="smoke_test_for_summary_SurvivalQuantities_and_autoplot_SurvivalQuantities_"/>
    <testcase time="1.04100000000001" classname="SurvivalQuantities" name="smoke_test_for_summary_SurvivalQuantities_and_autoplot_SurvivalQuantities_"/>
    <testcase time="0.00600000000000023" classname="SurvivalQuantities" name="smoke_test_for_summary_SurvivalQuantities_and_autoplot_SurvivalQuantities_"/>
    <testcase time="0.00399999999999068" classname="SurvivalQuantities" name="smoke_test_for_summary_SurvivalQuantities_and_autoplot_SurvivalQuantities_"/>
    <testcase time="0.00500000000000966" classname="SurvivalQuantities" name="smoke_test_for_summary_SurvivalQuantities_and_autoplot_SurvivalQuantities_"/>
    <testcase time="0.00499999999999545" classname="SurvivalQuantities" name="smoke_test_for_summary_SurvivalQuantities_and_autoplot_SurvivalQuantities_"/>
    <testcase time="0.00499999999999545" classname="SurvivalQuantities" name="smoke_test_for_summary_SurvivalQuantities_and_autoplot_SurvivalQuantities_"/>
    <testcase time="1.29600000000001" classname="SurvivalQuantities" name="smoke_test_for_summary_SurvivalQuantities_and_autoplot_SurvivalQuantities_"/>
    <testcase time="0.00600000000000023" classname="SurvivalQuantities" name="smoke_test_for_summary_SurvivalQuantities_and_autoplot_SurvivalQuantities_"/>
    <testcase time="0.00499999999999545" classname="SurvivalQuantities" name="smoke_test_for_summary_SurvivalQuantities_and_autoplot_SurvivalQuantities_"/>
    <testcase time="0.00499999999999545" classname="SurvivalQuantities" name="smoke_test_for_summary_SurvivalQuantities_and_autoplot_SurvivalQuantities_"/>
    <testcase time="0.00500000000000966" classname="SurvivalQuantities" name="smoke_test_for_summary_SurvivalQuantities_and_autoplot_SurvivalQuantities_"/>
    <testcase time="0.00499999999999545" classname="SurvivalQuantities" name="smoke_test_for_summary_SurvivalQuantities_and_autoplot_SurvivalQuantities_"/>
    <testcase time="0.00499999999999545" classname="SurvivalQuantities" name="smoke_test_for_summary_SurvivalQuantities_and_autoplot_SurvivalQuantities_"/>
    <testcase time="0.01400000000001" classname="SurvivalQuantities" name="average_samples_by_index_works_as_expected"/>
    <testcase time="0.00799999999999557" classname="SurvivalQuantities" name="average_samples_by_index_works_as_expected"/>
    <testcase time="0.007000000000005" classname="SurvivalQuantities" name="average_samples_by_index_works_as_expected"/>
    <testcase time="0.00799999999999557" classname="SurvivalQuantities" name="average_samples_by_index_works_as_expected"/>
    <testcase time="0.00799999999999557" classname="SurvivalQuantities" name="average_samples_by_index_works_as_expected"/>
    <testcase time="0.00900000000000034" classname="SurvivalQuantities" name="average_samples_by_index_works_as_expected"/>
  </testsuite>
  <testsuite name="compile" timestamp="2023-09-27T14:37:59Z" hostname="7224efcf8fca" tests="1" skipped="0" failures="0" errors="0" time="18.751">
    <testcase time="18.751" classname="compile" name="compileStanModel_doesn_t_error_if_the_directory_doesn_t_exist"/>
  </testsuite>
  <testsuite name="extract_survival_quantities" timestamp="2023-09-27T14:38:17Z" hostname="7224efcf8fca" tests="4" skipped="0" failures="0" errors="0" time="0.348">
    <testcase time="0.287000000000006" classname="extract_survival_quantities" name="extract_survival_quantities_works_as_expected"/>
    <testcase time="0.0219999999999914" classname="extract_survival_quantities" name="extract_survival_quantities_works_as_expected"/>
    <testcase time="0.032999999999987" classname="extract_survival_quantities" name="extract_survival_quantities_works_as_expected"/>
    <testcase time="0.00600000000000023" classname="extract_survival_quantities" name="extract_survival_quantities_works_as_expected"/>
  </testsuite>
  <testsuite name="jinjar_render" timestamp="2023-09-27T14:38:18Z" hostname="7224efcf8fca" tests="3" skipped="0" failures="0" errors="0" time="0.036">
    <testcase time="0.0180000000000007" classname="jinjar_render" name="Basic_Jinjar_syntax_works_with_decorated_render_"/>
    <testcase time="0.00500000000002387" classname="jinjar_render" name="Basic_Jinjar_syntax_works_with_decorated_render_"/>
    <testcase time="0.0129999999999768" classname="jinjar_render" name="Global_variables_defined_by_decorated_render_are_usable"/>
  </testsuite>
  <testsuite name="misc_models" timestamp="2023-09-27T14:38:18Z" hostname="7224efcf8fca" tests="1" skipped="0" failures="0" errors="0" time="1.343">
    <testcase time="1.34300000000002" classname="misc_models" name="Longitudinal_Model_doesn_t_print_sampler_rejection_messages"/>
  </testsuite>
  <testsuite name="model_random_slope" timestamp="2023-09-27T14:38:19Z" hostname="7224efcf8fca" tests="3" skipped="0" failures="0" errors="0" time="6.387">
    <testcase time="4.53100000000001" classname="model_random_slope" name="Random_Slope_Model_can_recover_known_parameter_values"/>
    <testcase time="1.57199999999997" classname="model_random_slope" name="Random_Slope_Model_can_recover_known_parameter_values"/>
    <testcase time="0.28400000000002" classname="model_random_slope" name="Random_Slope_Model_can_recover_known_parameter_values"/>
  </testsuite>
  <testsuite name="model_random_slope_2chain" timestamp="2023-09-27T14:38:25Z" hostname="7224efcf8fca" tests="1" skipped="0" failures="0" errors="0" time="15.248">
    <testcase time="15.248" classname="model_random_slope_2chain" name="Can_recover_known_distribution_parameters_from_random_slope_model_when_using_multiple_chains"/>
  </testsuite>
  <testsuite name="simulations" timestamp="2023-09-27T14:38:41Z" hostname="7224efcf8fca" tests="31" skipped="0" failures="0" errors="0" time="1.512">
    <testcase time="0.0229999999999961" classname="simulations" name="sim_lm_gsf_works_as_expected"/>
    <testcase time="0.0040000000000191" classname="simulations" name="sim_lm_gsf_works_as_expected"/>
    <testcase time="0.0229999999999961" classname="simulations" name="sim_lm_gsf_works_as_expected"/>
    <testcase time="0.00399999999999068" classname="simulations" name="sim_lm_gsf_works_as_expected"/>
    <testcase time="0.00399999999999068" classname="simulations" name="sim_lm_gsf_works_as_expected"/>
    <testcase time="0.0040000000000191" classname="simulations" name="sim_lm_gsf_works_as_expected"/>
    <testcase time="0.00399999999999068" classname="simulations" name="sim_lm_gsf_works_as_expected"/>
    <testcase time="0.00399999999999068" classname="simulations" name="sim_lm_gsf_works_as_expected"/>
    <testcase time="0.0040000000000191" classname="simulations" name="sim_lm_gsf_works_as_expected"/>
    <testcase time="0.00799999999998136" classname="simulations" name="sim_lm_random_slope_works_as_expected"/>
    <testcase time="0.0040000000000191" classname="simulations" name="sim_lm_random_slope_works_as_expected"/>
    <testcase time="0.0109999999999957" classname="simulations" name="sim_lm_random_slope_works_as_expected"/>
    <testcase time="0.00399999999999068" classname="simulations" name="sim_lm_random_slope_works_as_expected"/>
    <testcase time="0.00399999999999068" classname="simulations" name="sim_lm_random_slope_works_as_expected"/>
    <testcase time="0.0040000000000191" classname="simulations" name="sim_lm_random_slope_works_as_expected"/>
    <testcase time="0.00399999999999068" classname="simulations" name="sim_lm_random_slope_works_as_expected"/>
    <testcase time="0.00399999999999068" classname="simulations" name="sim_lm_random_slope_works_as_expected"/>
    <testcase time="0.00500000000002387" classname="simulations" name="sim_lm_random_slope_works_as_expected"/>
    <testcase time="0.418999999999983" classname="simulations" name="simulate_joint_data_works_as_expected"/>
    <testcase time="0.00100000000000477" classname="simulations" name="simulate_joint_data_works_as_expected"/>
    <testcase time="0.00200000000000955" classname="simulations" name="simulate_joint_data_works_as_expected"/>
    <testcase time="0.00399999999999068" classname="simulations" name="simulate_joint_data_works_as_expected"/>
    <testcase time="0.00499999999999545" classname="simulations" name="simulate_joint_data_works_as_expected"/>
    <testcase time="0.00100000000000477" classname="simulations" name="simulate_joint_data_works_as_expected"/>
    <testcase time="0.00499999999999545" classname="simulations" name="simulate_joint_data_works_as_expected"/>
    <testcase time="0.0109999999999957" classname="simulations" name="simulate_joint_data_works_as_expected"/>
    <testcase time="0.296000000000021" classname="simulations" name="simulate_joint_data_leads_to_valid_DataJoint_with_almost_only_default_arguments"/>
    <testcase time="0.316999999999979" classname="simulations" name="sim_os_exponential_creates_a_dataset_with_the_correct_parameter"/>
    <testcase time="0.320999999999998" classname="simulations" name="sim_os_weibull_creates_a_dataset_with_the_correct_parameter"/>
    <testcase time="0.0040000000000191" classname="simulations" name="sim_os_weibull_creates_a_dataset_with_the_correct_parameter"/>
    <testcase time="0.00399999999999068" classname="simulations" name="sim_os_weibull_creates_a_dataset_with_the_correct_parameter"/>
  </testsuite>
  <testsuite name="stan_functions" timestamp="2023-09-27T14:38:42Z" hostname="7224efcf8fca" tests="4" skipped="0" failures="0" errors="0" time="1.405">
    <testcase time="0.432999999999993" classname="stan_functions" name="GSF_SLD_function_works_as_expected"/>
    <testcase time="0.450000000000017" classname="stan_functions" name="Normal_Log_Density_functions_work_as_expected"/>
    <testcase time="0.0289999999999964" classname="stan_functions" name="Normal_Log_Density_functions_work_as_expected"/>
    <testcase time="0.492999999999995" classname="stan_functions" name="GSF_Identity_Link_Function_works_as_expected"/>
  </testsuite>
  <testsuite name="survival_plot" timestamp="2023-09-27T14:38:44Z" hostname="7224efcf8fca" tests="1" skipped="1" failures="0" errors="0" time="0.4">
    <testcase time="0.400000000000006" classname="survival_plot" name="survival_plot_works_as_expected">
      <skipped message="Reason: On CRAN ('test-survival_plot.R:66:5')"/>
    </testcase>
  </testsuite>
  <testsuite name="utilities" timestamp="2023-09-27T14:38:44Z" hostname="7224efcf8fca" tests="29" skipped="0" failures="0" errors="0" time="0.251">
    <testcase time="0.025999999999982" classname="utilities" name="get_missing_rownumbers_works_as_expected"/>
    <testcase time="0.0110000000000241" classname="utilities" name="remove_missing_rows_works_as_expected"/>
    <testcase time="0.00999999999999091" classname="utilities" name="expand_initial_values_works_as_expected"/>
    <testcase time="0.00899999999998613" classname="utilities" name="replace_with_lookup_works_and_sets_array_attributes_as_expected"/>
    <testcase time="0.0120000000000005" classname="utilities" name="replace_with_lookup_asserts_sizes_as_numbers_as_expected"/>
    <testcase time="0.0120000000000005" classname="utilities" name="replace_with_lookup_asserts_looked_up_sizes_as_numbers_as_expected"/>
    <testcase time="0.00900000000001455" classname="utilities" name="samples_median_ci_works_as_expected"/>
    <testcase time="0.00999999999999091" classname="utilities" name="samples_median_ci_works_as_expected"/>
    <testcase time="0.00900000000001455" classname="utilities" name="samples_median_ci_works_with_a_custom_credibility_level"/>
    <testcase time="0.0169999999999959" classname="utilities" name="samples_median_ci_works_with_a_custom_credibility_level"/>
    <testcase time="0.00999999999999091" classname="utilities" name="expand_time_grid_works_as_expected"/>
    <testcase time="0.00499999999999545" classname="utilities" name="expand_time_grid_works_as_expected"/>
    <testcase time="0.0040000000000191" classname="utilities" name="expand_time_grid_works_as_expected"/>
    <testcase time="0.00599999999997181" classname="utilities" name="expand_time_grid_works_as_expected"/>
    <testcase time="0.00500000000002387" classname="utilities" name="expand_time_grid_works_as_expected"/>
    <testcase time="0.00499999999999545" classname="utilities" name="expand_time_grid_works_as_expected"/>
    <testcase time="0.00600000000000023" classname="utilities" name="expand_time_grid_works_as_expected"/>
    <testcase time="0.00999999999999091" classname="utilities" name="expand_patients_works_as_expected"/>
    <testcase time="0.00399999999999068" classname="utilities" name="expand_patients_works_as_expected"/>
    <testcase time="0.0040000000000191" classname="utilities" name="expand_patients_works_as_expected"/>
    <testcase time="0.00399999999999068" classname="utilities" name="expand_patients_works_as_expected"/>
    <testcase time="0.00600000000000023" classname="utilities" name="expand_patients_works_as_expected"/>
    <testcase time="0.00499999999999545" classname="utilities" name="expand_patients_works_as_expected"/>
    <testcase time="0.00600000000000023" classname="utilities" name="expand_patients_works_as_expected"/>
    <testcase time="0.0150000000000148" classname="utilities" name="decompose_patients_works_as_expected"/>
    <testcase time="0.00899999999998613" classname="utilities" name="decompose_patients_works_as_expected"/>
    <testcase time="0.0109999999999957" classname="utilities" name="decompose_patients_works_as_expected"/>
    <testcase time="0.00500000000002387" classname="utilities" name="decompose_patients_works_as_expected"/>
    <testcase time="0.00600000000000023" classname="utilities" name="decompose_patients_works_as_expected"/>
  </testsuite>
</testsuites>
