<?xml version="1.0" encoding="UTF-8"?>
<testsuites>
  <testsuite name="DataJoint" timestamp="2023-09-20T15:50:32Z" hostname="23132344191b" tests="11" skipped="0" failures="0" errors="0" time="0.942">
    <testcase time="0.799" classname="DataJoint" name="DataJoint_errors_if_subjects_don_t_allign_after"/>
    <testcase time="0.0489999999999999" classname="DataJoint" name="DataJoint_errors_if_subjects_don_t_allign_after"/>
    <testcase time="0.0289999999999999" classname="DataJoint" name="DataJoint_errors_if_subjects_don_t_allign_after"/>
    <testcase time="0.0089999999999999" classname="DataJoint" name="DataJoint_errors_if_subjects_don_t_allign_after"/>
    <testcase time="0.0150000000000001" classname="DataJoint" name="subset_DataJoint_works_as_expected"/>
    <testcase time="0.00600000000000023" classname="DataJoint" name="subset_DataJoint_works_as_expected"/>
    <testcase time="0.00499999999999989" classname="DataJoint" name="subset_DataJoint_works_as_expected"/>
    <testcase time="0.00600000000000023" classname="DataJoint" name="subset_DataJoint_works_as_expected"/>
    <testcase time="0.00599999999999978" classname="DataJoint" name="subset_DataJoint_works_as_expected"/>
    <testcase time="0.00600000000000023" classname="DataJoint" name="subset_DataJoint_works_as_expected"/>
    <testcase time="0.012" classname="DataJoint" name="subset_DataJoint_works_as_expected"/>
  </testsuite>
  <testsuite name="DataLongitudinal" timestamp="2023-09-20T15:50:33Z" hostname="23132344191b" tests="8" skipped="0" failures="0" errors="0" time="0.062">
    <testcase time="0.0299999999999998" classname="DataLongitudinal" name="DataLongitudinal_being_rendered_to_list_is_as_expected_for_simple_inputs"/>
    <testcase time="0.004" classname="DataLongitudinal" name="DataLongitudinal_being_rendered_to_list_is_as_expected_for_simple_inputs"/>
    <testcase time="0.00499999999999989" classname="DataLongitudinal" name="DataLongitudinal_being_rendered_to_list_is_as_expected_for_simple_inputs"/>
    <testcase time="0.00499999999999989" classname="DataLongitudinal" name="DataLongitudinal_being_rendered_to_list_is_as_expected_for_simple_inputs"/>
    <testcase time="0.00500000000000034" classname="DataLongitudinal" name="DataLongitudinal_being_rendered_to_list_is_as_expected_for_simple_inputs"/>
    <testcase time="0.00499999999999989" classname="DataLongitudinal" name="DataLongitudinal_being_rendered_to_list_is_as_expected_for_simple_inputs"/>
    <testcase time="0.004" classname="DataLongitudinal" name="DataLongitudinal_being_rendered_to_list_is_as_expected_for_simple_inputs"/>
    <testcase time="0.004" classname="DataLongitudinal" name="DataLongitudinal_being_rendered_to_list_is_as_expected_for_simple_inputs"/>
  </testsuite>
  <testsuite name="DataSurvival" timestamp="2023-09-20T15:50:34Z" hostname="23132344191b" tests="8" skipped="0" failures="0" errors="0" time="0.071">
    <testcase time="0.032" classname="DataSurvival" name="Error_Handling"/>
    <testcase time="0.0129999999999999" classname="DataSurvival" name="DataSurvival_being_rendered_to_list_is_as_expected_for_simple_inputs"/>
    <testcase time="0.00499999999999989" classname="DataSurvival" name="DataSurvival_being_rendered_to_list_is_as_expected_for_simple_inputs"/>
    <testcase time="0.00500000000000034" classname="DataSurvival" name="DataSurvival_being_rendered_to_list_is_as_expected_for_simple_inputs"/>
    <testcase time="0.004" classname="DataSurvival" name="DataSurvival_being_rendered_to_list_is_as_expected_for_simple_inputs"/>
    <testcase time="0.004" classname="DataSurvival" name="DataSurvival_being_rendered_to_list_is_as_expected_for_simple_inputs"/>
    <testcase time="0.004" classname="DataSurvival" name="DataSurvival_being_rendered_to_list_is_as_expected_for_simple_inputs"/>
    <testcase time="0.004" classname="DataSurvival" name="DataSurvival_being_rendered_to_list_is_as_expected_for_simple_inputs"/>
  </testsuite>
  <testsuite name="JointModel" timestamp="2023-09-20T15:50:34Z" hostname="23132344191b" tests="2" skipped="0" failures="0" errors="0" time="0.502">
    <testcase time="0.497" classname="JointModel" name="JointModel_smoke_tests"/>
    <testcase time="0.00499999999999989" classname="JointModel" name="JointModel_smoke_tests"/>
  </testsuite>
  <testsuite name="JointModelSamples" timestamp="2023-09-20T15:51:08Z" hostname="23132344191b" tests="17" skipped="0" failures="0" errors="0" time="75.596">
    <testcase time="33.622" classname="JointModelSamples" name="longitudinal_works_as_expected_for_JointModelSamples"/>
    <testcase time="41.241" classname="JointModelSamples" name="longitudinal_works_as_expected_for_JointModelSamples"/>
    <testcase time="0.0100000000000051" classname="JointModelSamples" name="longitudinal_works_as_expected_for_JointModelSamples"/>
    <testcase time="0.00399999999999068" classname="JointModelSamples" name="longitudinal_works_as_expected_for_JointModelSamples"/>
    <testcase time="0.00100000000000477" classname="JointModelSamples" name="longitudinal_works_as_expected_for_JointModelSamples"/>
    <testcase time="0.000999999999990564" classname="JointModelSamples" name="longitudinal_works_as_expected_for_JointModelSamples"/>
    <testcase time="0.00400000000000489" classname="JointModelSamples" name="longitudinal_works_as_expected_for_JointModelSamples"/>
    <testcase time="0.00100000000000477" classname="JointModelSamples" name="longitudinal_works_as_expected_for_JointModelSamples"/>
    <testcase time="0.00499999999999545" classname="JointModelSamples" name="longitudinal_works_as_expected_for_JointModelSamples"/>
    <testcase time="0.00100000000000477" classname="JointModelSamples" name="longitudinal_works_as_expected_for_JointModelSamples"/>
    <testcase time="0.00399999999999068" classname="JointModelSamples" name="longitudinal_works_as_expected_for_JointModelSamples"/>
    <testcase time="0.0170000000000101" classname="JointModelSamples" name="longitudinal_works_as_expected_for_JointModelSamples"/>
    <testcase time="0.666999999999987" classname="JointModelSamples" name="longitudinal_allows_to_subset_patients_and_times"/>
    <testcase time="0.00200000000000955" classname="JointModelSamples" name="longitudinal_allows_to_subset_patients_and_times"/>
    <testcase time="0.00600000000000023" classname="JointModelSamples" name="longitudinal_allows_to_subset_patients_and_times"/>
    <testcase time="0.00499999999999545" classname="JointModelSamples" name="longitudinal_allows_to_subset_patients_and_times"/>
    <testcase time="0.00499999999999545" classname="JointModelSamples" name="longitudinal_allows_to_subset_patients_and_times"/>
  </testsuite>
  <testsuite name="LinkGSF" timestamp="2023-09-20T15:51:50Z" hostname="23132344191b" tests="13" skipped="0" failures="0" errors="0" time="0.396">
    <testcase time="0.0160000000000053" classname="LinkGSF" name="LinkGSF_class_initialization_works_as_expected"/>
    <testcase time="0.00199999999999534" classname="LinkGSF" name="LinkGSF_class_initialization_works_as_expected"/>
    <testcase time="0.112000000000009" classname="LinkGSF" name="LinkGSF_user_constructor_works_as_expected_with_defaults"/>
    <testcase time="0.000999999999990564" classname="LinkGSF" name="LinkGSF_user_constructor_works_as_expected_with_defaults"/>
    <testcase time="0.0170000000000101" classname="LinkGSF" name="link_gsf_ttg_user_constructor_works_as_expected_with_defaults"/>
    <testcase time="0.000999999999990564" classname="LinkGSF" name="link_gsf_ttg_user_constructor_works_as_expected_with_defaults"/>
    <testcase time="0.0190000000000055" classname="LinkGSF" name="link_gsf_dsld_user_constructor_works_as_expected_with_defaults"/>
    <testcase time="0.00199999999999534" classname="LinkGSF" name="link_gsf_dsld_user_constructor_works_as_expected_with_defaults"/>
    <testcase time="0.0180000000000007" classname="LinkGSF" name="link_gsf_identity_user_constructor_works_as_expected_with_defaults"/>
    <testcase time="0.00200000000000955" classname="LinkGSF" name="link_gsf_identity_user_constructor_works_as_expected_with_defaults"/>
    <testcase time="0.097999999999999" classname="LinkGSF" name="LinkGSF_returns_correct_defaults_when_no_arguments_are_supplied"/>
    <testcase time="0.0479999999999876" classname="LinkGSF" name="LinkGSF_returns_correct_defaults_when_no_arguments_are_supplied"/>
    <testcase time="0.0600000000000023" classname="LinkGSF" name="LinkGSF_returns_correct_defaults_when_no_arguments_are_supplied"/>
  </testsuite>
  <testsuite name="LinkNone" timestamp="2023-09-20T15:51:50Z" hostname="23132344191b" tests="5" skipped="0" failures="0" errors="0" time="0.036">
    <testcase time="0.0160000000000053" classname="LinkNone" name="LinkNone_object_is_generated_without_unexpected_input"/>
    <testcase time="0.007000000000005" classname="LinkNone" name="LinkNone_object_is_generated_without_unexpected_input"/>
    <testcase time="0.00499999999999545" classname="LinkNone" name="LinkNone_object_is_generated_without_unexpected_input"/>
    <testcase time="0.00400000000000489" classname="LinkNone" name="LinkNone_object_is_generated_without_unexpected_input"/>
    <testcase time="0.00399999999999068" classname="LinkNone" name="LinkNone_object_is_generated_without_unexpected_input"/>
  </testsuite>
  <testsuite name="LinkRandomSlope" timestamp="2023-09-20T15:51:50Z" hostname="23132344191b" tests="3" skipped="0" failures="0" errors="0" time="0.03">
    <testcase time="0.0200000000000102" classname="LinkRandomSlope" name="LinkRandomSlope_smoke_tests"/>
    <testcase time="0.00399999999999068" classname="LinkRandomSlope" name="LinkRandomSlope_smoke_tests"/>
    <testcase time="0.00600000000000023" classname="LinkRandomSlope" name="LinkRandomSlope_smoke_tests"/>
  </testsuite>
  <testsuite name="LongitudinalGSF" timestamp="2023-09-20T15:51:50Z" hostname="23132344191b" tests="4" skipped="0" failures="0" errors="0" time="100.076">
    <testcase time="0.120000000000005" classname="LongitudinalGSF" name="LongitudinalGSF_works_as_expected_with_default_arguments"/>
    <testcase time="0.00199999999999534" classname="LongitudinalGSF" name="LongitudinalGSF_works_as_expected_with_default_arguments"/>
    <testcase time="99.832" classname="LongitudinalGSF" name="LongitudinalGSF_works_as_expected_with_a_single_study"/>
    <testcase time="0.122000000000014" classname="LongitudinalGSF" name="LongitudinalGSF_works_as_expected_with_a_single_study"/>
  </testsuite>
  <testsuite name="LongitudinalSamples" timestamp="2023-09-20T15:53:33Z" hostname="23132344191b" tests="19" skipped="0" failures="0" errors="0" time="3.689">
    <testcase time="2.50299999999999" classname="LongitudinalSamples" name="LongitudinalSamples_can_be_initialized"/>
    <testcase time="0.00600000000000023" classname="LongitudinalSamples" name="LongitudinalSamples_can_be_initialized"/>
    <testcase time="0.0100000000000193" classname="LongitudinalSamples" name="subsetting_works_as_expected_for_LongitudinalSamples"/>
    <testcase time="0.00100000000000477" classname="LongitudinalSamples" name="subsetting_works_as_expected_for_LongitudinalSamples"/>
    <testcase time="0.00499999999999545" classname="LongitudinalSamples" name="subsetting_works_as_expected_for_LongitudinalSamples"/>
    <testcase time="0.925999999999988" classname="LongitudinalSamples" name="autoplot_works_as_expected_for_LongitudinalSamples"/>
    <testcase time="0.092000000000013" classname="LongitudinalSamples" name="autoplot_works_as_expected_for_LongitudinalSamples"/>
    <testcase time="0.00499999999999545" classname="LongitudinalSamples" name="autoplot_works_as_expected_for_LongitudinalSamples"/>
    <testcase time="0.00499999999999545" classname="LongitudinalSamples" name="autoplot_works_as_expected_for_LongitudinalSamples"/>
    <testcase time="0.00499999999999545" classname="LongitudinalSamples" name="autoplot_works_as_expected_for_LongitudinalSamples"/>
    <testcase time="0.00499999999999545" classname="LongitudinalSamples" name="autoplot_works_as_expected_for_LongitudinalSamples"/>
    <testcase time="0.0560000000000116" classname="LongitudinalSamples" name="autoplot_works_as_expected_for_LongitudinalSamples"/>
    <testcase time="0.00499999999999545" classname="LongitudinalSamples" name="autoplot_works_as_expected_for_LongitudinalSamples"/>
    <testcase time="0.00499999999999545" classname="LongitudinalSamples" name="autoplot_works_as_expected_for_LongitudinalSamples"/>
    <testcase time="0.00499999999999545" classname="LongitudinalSamples" name="autoplot_works_as_expected_for_LongitudinalSamples"/>
    <testcase time="0.00500000000002387" classname="LongitudinalSamples" name="autoplot_works_as_expected_for_LongitudinalSamples"/>
    <testcase time="0.00399999999999068" classname="LongitudinalSamples" name="autoplot_works_as_expected_for_LongitudinalSamples"/>
    <testcase time="0.0409999999999968" classname="LongitudinalSamples" name="autoplot_works_as_expected_for_LongitudinalSamples"/>
    <testcase time="0.00499999999999545" classname="LongitudinalSamples" name="autoplot_works_as_expected_for_LongitudinalSamples"/>
  </testsuite>
  <testsuite name="ParameterList" timestamp="2023-09-20T15:53:34Z" hostname="23132344191b" tests="3" skipped="0" failures="0" errors="0" time="0.025">
    <testcase time="0.0150000000000148" classname="ParameterList" name="ParameterList_smoke_tests"/>
    <testcase time="0.00399999999999068" classname="ParameterList" name="ParameterList_smoke_tests"/>
    <testcase time="0.00600000000000023" classname="ParameterList" name="ParameterList_smoke_tests"/>
  </testsuite>
  <testsuite name="Parameters" timestamp="2023-09-20T15:53:34Z" hostname="23132344191b" tests="4" skipped="0" failures="0" errors="0" time="0.027">
    <testcase time="0.01400000000001" classname="Parameters" name="Parameters_smoke_tests"/>
    <testcase time="0.00399999999999068" classname="Parameters" name="Parameters_smoke_tests"/>
    <testcase time="0.00499999999999545" classname="Parameters" name="Parameters_smoke_tests"/>
    <testcase time="0.00399999999999068" classname="Parameters" name="Parameters_smoke_tests"/>
  </testsuite>
  <testsuite name="Prior" timestamp="2023-09-20T15:53:34Z" hostname="23132344191b" tests="11" skipped="0" failures="0" errors="0" time="0.086">
    <testcase time="0.01400000000001" classname="Prior" name="Priors_work_as_expected"/>
    <testcase time="0.00399999999999068" classname="Prior" name="Priors_work_as_expected"/>
    <testcase time="0.00500000000002387" classname="Prior" name="Priors_work_as_expected"/>
    <testcase time="0.00399999999999068" classname="Prior" name="Priors_work_as_expected"/>
    <testcase time="0.0149999999999864" classname="Prior" name="Invalid_prior_parameters_are_rejected"/>
    <testcase time="0.00800000000000978" classname="Prior" name="Invalid_prior_parameters_are_rejected"/>
    <testcase time="0.007000000000005" classname="Prior" name="Invalid_prior_parameters_are_rejected"/>
    <testcase time="0.00899999999998613" classname="Prior" name="Invalid_prior_parameters_are_rejected"/>
    <testcase time="0.0169999999999959" classname="Prior" name="Invalid_prior_parameters_are_rejected"/>
    <testcase time="0.00200000000000955" classname="Prior" name="Invalid_prior_parameters_are_rejected"/>
    <testcase time="0.00100000000000477" classname="Prior" name="Invalid_prior_parameters_are_rejected"/>
  </testsuite>
  <testsuite name="SurvivalExponential" timestamp="2023-09-20T15:53:34Z" hostname="23132344191b" tests="2" skipped="0" failures="0" errors="0" time="29.851">
    <testcase time="24.945" classname="SurvivalExponential" name="SurvivalExponential_can_recover_true_parameter_no_covariates_"/>
    <testcase time="4.90600000000001" classname="SurvivalExponential" name="SurvivalExponential_can_recover_true_parameter_including_covariates_"/>
  </testsuite>
  <testsuite name="SurvivalSamples" timestamp="2023-09-20T15:54:04Z" hostname="23132344191b" tests="40" skipped="0" failures="0" errors="0" time="84.881">
    <testcase time="67.44" classname="SurvivalSamples" name="smoke_test_for_predict_SurvivalSamples_and_autoplot_SurvivalSamples_"/>
    <testcase time="0.007000000000005" classname="SurvivalSamples" name="smoke_test_for_predict_SurvivalSamples_and_autoplot_SurvivalSamples_"/>
    <testcase time="0.00499999999999545" classname="SurvivalSamples" name="smoke_test_for_predict_SurvivalSamples_and_autoplot_SurvivalSamples_"/>
    <testcase time="0.0050000000000523" classname="SurvivalSamples" name="smoke_test_for_predict_SurvivalSamples_and_autoplot_SurvivalSamples_"/>
    <testcase time="3.16999999999996" classname="SurvivalSamples" name="smoke_test_for_predict_SurvivalSamples_and_autoplot_SurvivalSamples_"/>
    <testcase time="0.00499999999999545" classname="SurvivalSamples" name="smoke_test_for_predict_SurvivalSamples_and_autoplot_SurvivalSamples_"/>
    <testcase time="0.0180000000000291" classname="SurvivalSamples" name="smoke_test_for_predict_SurvivalSamples_and_autoplot_SurvivalSamples_"/>
    <testcase time="1.51900000000001" classname="SurvivalSamples" name="smoke_test_for_predict_SurvivalSamples_and_autoplot_SurvivalSamples_"/>
    <testcase time="0.00499999999999545" classname="SurvivalSamples" name="smoke_test_for_predict_SurvivalSamples_and_autoplot_SurvivalSamples_"/>
    <testcase time="4.27499999999998" classname="SurvivalSamples" name="smoke_test_for_predict_SurvivalSamples_and_autoplot_SurvivalSamples_"/>
    <testcase time="0.00499999999999545" classname="SurvivalSamples" name="smoke_test_for_predict_SurvivalSamples_and_autoplot_SurvivalSamples_"/>
    <testcase time="0.00600000000002865" classname="SurvivalSamples" name="smoke_test_for_predict_SurvivalSamples_and_autoplot_SurvivalSamples_"/>
    <testcase time="0.00499999999999545" classname="SurvivalSamples" name="smoke_test_for_predict_SurvivalSamples_and_autoplot_SurvivalSamples_"/>
    <testcase time="0.00499999999999545" classname="SurvivalSamples" name="smoke_test_for_predict_SurvivalSamples_and_autoplot_SurvivalSamples_"/>
    <testcase time="0.00499999999999545" classname="SurvivalSamples" name="smoke_test_for_predict_SurvivalSamples_and_autoplot_SurvivalSamples_"/>
    <testcase time="0.00499999999999545" classname="SurvivalSamples" name="smoke_test_for_predict_SurvivalSamples_and_autoplot_SurvivalSamples_"/>
    <testcase time="3.11700000000002" classname="SurvivalSamples" name="smoke_test_for_predict_SurvivalSamples_and_autoplot_SurvivalSamples_"/>
    <testcase time="0.00599999999997181" classname="SurvivalSamples" name="smoke_test_for_predict_SurvivalSamples_and_autoplot_SurvivalSamples_"/>
    <testcase time="0.0040000000000191" classname="SurvivalSamples" name="smoke_test_for_predict_SurvivalSamples_and_autoplot_SurvivalSamples_"/>
    <testcase time="0.00499999999999545" classname="SurvivalSamples" name="smoke_test_for_predict_SurvivalSamples_and_autoplot_SurvivalSamples_"/>
    <testcase time="0.0040000000000191" classname="SurvivalSamples" name="smoke_test_for_predict_SurvivalSamples_and_autoplot_SurvivalSamples_"/>
    <testcase time="2.54499999999996" classname="SurvivalSamples" name="smoke_test_for_predict_SurvivalSamples_and_autoplot_SurvivalSamples_"/>
    <testcase time="0.00600000000002865" classname="SurvivalSamples" name="smoke_test_for_predict_SurvivalSamples_and_autoplot_SurvivalSamples_"/>
    <testcase time="0.0040000000000191" classname="SurvivalSamples" name="smoke_test_for_predict_SurvivalSamples_and_autoplot_SurvivalSamples_"/>
    <testcase time="0.0040000000000191" classname="SurvivalSamples" name="smoke_test_for_predict_SurvivalSamples_and_autoplot_SurvivalSamples_"/>
    <testcase time="0.00499999999999545" classname="SurvivalSamples" name="smoke_test_for_predict_SurvivalSamples_and_autoplot_SurvivalSamples_"/>
    <testcase time="0.00499999999999545" classname="SurvivalSamples" name="smoke_test_for_predict_SurvivalSamples_and_autoplot_SurvivalSamples_"/>
    <testcase time="2.61099999999999" classname="SurvivalSamples" name="smoke_test_for_predict_SurvivalSamples_and_autoplot_SurvivalSamples_"/>
    <testcase time="0.00599999999997181" classname="SurvivalSamples" name="smoke_test_for_predict_SurvivalSamples_and_autoplot_SurvivalSamples_"/>
    <testcase time="0.0050000000000523" classname="SurvivalSamples" name="smoke_test_for_predict_SurvivalSamples_and_autoplot_SurvivalSamples_"/>
    <testcase time="0.00499999999999545" classname="SurvivalSamples" name="smoke_test_for_predict_SurvivalSamples_and_autoplot_SurvivalSamples_"/>
    <testcase time="0.00499999999999545" classname="SurvivalSamples" name="smoke_test_for_predict_SurvivalSamples_and_autoplot_SurvivalSamples_"/>
    <testcase time="0.00499999999999545" classname="SurvivalSamples" name="smoke_test_for_predict_SurvivalSamples_and_autoplot_SurvivalSamples_"/>
    <testcase time="0.00499999999999545" classname="SurvivalSamples" name="smoke_test_for_predict_SurvivalSamples_and_autoplot_SurvivalSamples_"/>
    <testcase time="0.0149999999999864" classname="SurvivalSamples" name="summarise_by_group_works_as_expected"/>
    <testcase time="0.007000000000005" classname="SurvivalSamples" name="summarise_by_group_works_as_expected"/>
    <testcase time="0.007000000000005" classname="SurvivalSamples" name="summarise_by_group_works_as_expected"/>
    <testcase time="0.00799999999998136" classname="SurvivalSamples" name="summarise_by_group_works_as_expected"/>
    <testcase time="0.00900000000001455" classname="SurvivalSamples" name="summarise_by_group_works_as_expected"/>
    <testcase time="0.00799999999998136" classname="SurvivalSamples" name="summarise_by_group_works_as_expected"/>
  </testsuite>
  <testsuite name="compile" timestamp="2023-09-20T15:55:29Z" hostname="23132344191b" tests="1" skipped="0" failures="0" errors="0" time="9.238">
    <testcase time="9.238" classname="compile" name="compileStanModel_doesn_t_error_if_the_directory_doesn_t_exist"/>
  </testsuite>
  <testsuite name="extract_survival_quantities" timestamp="2023-09-20T15:55:38Z" hostname="23132344191b" tests="4" skipped="0" failures="0" errors="0" time="9.806">
    <testcase time="9.74000000000001" classname="extract_survival_quantities" name="extract_survival_quantities_works_as_expected"/>
    <testcase time="0.0230000000000246" classname="extract_survival_quantities" name="extract_survival_quantities_works_as_expected"/>
    <testcase time="0.0360000000000014" classname="extract_survival_quantities" name="extract_survival_quantities_works_as_expected"/>
    <testcase time="0.007000000000005" classname="extract_survival_quantities" name="extract_survival_quantities_works_as_expected"/>
  </testsuite>
  <testsuite name="jinjar_render" timestamp="2023-09-20T15:55:48Z" hostname="23132344191b" tests="3" skipped="0" failures="0" errors="0" time="0.037">
    <testcase time="0.0190000000000055" classname="jinjar_render" name="Basic_Jinjar_syntax_works_with_decorated_render_"/>
    <testcase time="0.00399999999996226" classname="jinjar_render" name="Basic_Jinjar_syntax_works_with_decorated_render_"/>
    <testcase time="0.01400000000001" classname="jinjar_render" name="Global_variables_defined_by_decorated_render_are_usable"/>
  </testsuite>
  <testsuite name="misc_models" timestamp="2023-09-20T15:55:48Z" hostname="23132344191b" tests="1" skipped="0" failures="0" errors="0" time="1.107">
    <testcase time="1.10700000000003" classname="misc_models" name="Longitudinal_Model_doesn_t_print_sampler_rejection_messages"/>
  </testsuite>
  <testsuite name="model_random_slope" timestamp="2023-09-20T15:55:49Z" hostname="23132344191b" tests="3" skipped="0" failures="0" errors="0" time="6.924">
    <testcase time="4.64999999999998" classname="model_random_slope" name="Random_Slope_Model_can_recover_known_parameter_values"/>
    <testcase time="1.97300000000001" classname="model_random_slope" name="Random_Slope_Model_can_recover_known_parameter_values"/>
    <testcase time="0.300999999999988" classname="model_random_slope" name="Random_Slope_Model_can_recover_known_parameter_values"/>
  </testsuite>
  <testsuite name="model_random_slope_2chain" timestamp="2023-09-20T15:55:56Z" hostname="23132344191b" tests="1" skipped="0" failures="0" errors="0" time="15.107">
    <testcase time="15.107" classname="model_random_slope_2chain" name="Can_recover_known_distribution_parameters_from_random_slope_model_when_using_multiple_chains"/>
  </testsuite>
  <testsuite name="simulations" timestamp="2023-09-20T15:56:11Z" hostname="23132344191b" tests="31" skipped="0" failures="0" errors="0" time="2.704">
    <testcase time="0.0260000000000105" classname="simulations" name="sim_lm_gsf_works_as_expected"/>
    <testcase time="0.00399999999996226" classname="simulations" name="sim_lm_gsf_works_as_expected"/>
    <testcase time="0.0260000000000105" classname="simulations" name="sim_lm_gsf_works_as_expected"/>
    <testcase time="0.0040000000000191" classname="simulations" name="sim_lm_gsf_works_as_expected"/>
    <testcase time="0.00499999999999545" classname="simulations" name="sim_lm_gsf_works_as_expected"/>
    <testcase time="0.0040000000000191" classname="simulations" name="sim_lm_gsf_works_as_expected"/>
    <testcase time="0.00399999999996226" classname="simulations" name="sim_lm_gsf_works_as_expected"/>
    <testcase time="0.0040000000000191" classname="simulations" name="sim_lm_gsf_works_as_expected"/>
    <testcase time="0.0040000000000191" classname="simulations" name="sim_lm_gsf_works_as_expected"/>
    <testcase time="0.00899999999995771" classname="simulations" name="sim_lm_random_slope_works_as_expected"/>
    <testcase time="0.0040000000000191" classname="simulations" name="sim_lm_random_slope_works_as_expected"/>
    <testcase time="0.0120000000000005" classname="simulations" name="sim_lm_random_slope_works_as_expected"/>
    <testcase time="0.0040000000000191" classname="simulations" name="sim_lm_random_slope_works_as_expected"/>
    <testcase time="0.00499999999999545" classname="simulations" name="sim_lm_random_slope_works_as_expected"/>
    <testcase time="0.00399999999996226" classname="simulations" name="sim_lm_random_slope_works_as_expected"/>
    <testcase time="0.0040000000000191" classname="simulations" name="sim_lm_random_slope_works_as_expected"/>
    <testcase time="0.0040000000000191" classname="simulations" name="sim_lm_random_slope_works_as_expected"/>
    <testcase time="0.00399999999996226" classname="simulations" name="sim_lm_random_slope_works_as_expected"/>
    <testcase time="1.166" classname="simulations" name="simulate_joint_data_works_as_expected"/>
    <testcase time="0.000999999999976353" classname="simulations" name="simulate_joint_data_works_as_expected"/>
    <testcase time="0.00200000000000955" classname="simulations" name="simulate_joint_data_works_as_expected"/>
    <testcase time="0.0040000000000191" classname="simulations" name="simulate_joint_data_works_as_expected"/>
    <testcase time="0.00499999999999545" classname="simulations" name="simulate_joint_data_works_as_expected"/>
    <testcase time="0.00200000000000955" classname="simulations" name="simulate_joint_data_works_as_expected"/>
    <testcase time="0.00399999999996226" classname="simulations" name="simulate_joint_data_works_as_expected"/>
    <testcase time="0.0130000000000337" classname="simulations" name="simulate_joint_data_works_as_expected"/>
    <testcase time="0.327999999999975" classname="simulations" name="simulate_joint_data_leads_to_valid_DataJoint_with_almost_only_default_arguments"/>
    <testcase time="0.363" classname="simulations" name="sim_os_exponential_creates_a_dataset_with_the_correct_parameter"/>
    <testcase time="0.675999999999988" classname="simulations" name="sim_os_weibull_creates_a_dataset_with_the_correct_parameter"/>
    <testcase time="0.0040000000000191" classname="simulations" name="sim_os_weibull_creates_a_dataset_with_the_correct_parameter"/>
    <testcase time="0.00499999999999545" classname="simulations" name="sim_os_weibull_creates_a_dataset_with_the_correct_parameter"/>
  </testsuite>
  <testsuite name="stan_functions" timestamp="2023-09-20T15:56:14Z" hostname="23132344191b" tests="4" skipped="0" failures="0" errors="0" time="1.505">
    <testcase time="0.468999999999994" classname="stan_functions" name="GSF_SLD_function_works_as_expected"/>
    <testcase time="0.48599999999999" classname="stan_functions" name="Normal_Log_Density_functions_work_as_expected"/>
    <testcase time="0.0260000000000105" classname="stan_functions" name="Normal_Log_Density_functions_work_as_expected"/>
    <testcase time="0.524000000000001" classname="stan_functions" name="GSF_Identity_Link_Function_works_as_expected"/>
  </testsuite>
  <testsuite name="survival_plot" timestamp="2023-09-20T15:56:15Z" hostname="23132344191b" tests="1" skipped="1" failures="0" errors="0" time="0.419">
    <testcase time="0.418999999999983" classname="survival_plot" name="survival_plot_works_as_expected">
      <skipped message="Reason: On CRAN ('test-survival_plot.R:66:5')"/>
    </testcase>
  </testsuite>
  <testsuite name="utilities" timestamp="2023-09-20T15:56:16Z" hostname="23132344191b" tests="29" skipped="0" failures="0" errors="0" time="0.265">
    <testcase time="0.0269999999999868" classname="utilities" name="get_missing_rownumbers_works_as_expected"/>
    <testcase time="0.0120000000000005" classname="utilities" name="remove_missing_rows_works_as_expected"/>
    <testcase time="0.00999999999999091" classname="utilities" name="expand_initial_values_works_as_expected"/>
    <testcase time="0.0100000000000477" classname="utilities" name="replace_with_lookup_works_and_sets_array_attributes_as_expected"/>
    <testcase time="0.0129999999999768" classname="utilities" name="replace_with_lookup_asserts_sizes_as_numbers_as_expected"/>
    <testcase time="0.0110000000000241" classname="utilities" name="replace_with_lookup_asserts_looked_up_sizes_as_numbers_as_expected"/>
    <testcase time="0.00999999999999091" classname="utilities" name="samples_median_ci_works_as_expected"/>
    <testcase time="0.00999999999999091" classname="utilities" name="samples_median_ci_works_as_expected"/>
    <testcase time="0.00900000000001455" classname="utilities" name="samples_median_ci_works_with_a_custom_credibility_level"/>
    <testcase time="0.00899999999995771" classname="utilities" name="samples_median_ci_works_with_a_custom_credibility_level"/>
    <testcase time="0.00999999999999091" classname="utilities" name="expand_time_grid_works_as_expected"/>
    <testcase time="0.0050000000000523" classname="utilities" name="expand_time_grid_works_as_expected"/>
    <testcase time="0.00399999999996226" classname="utilities" name="expand_time_grid_works_as_expected"/>
    <testcase time="0.0169999999999959" classname="utilities" name="expand_time_grid_works_as_expected"/>
    <testcase time="0.00600000000002865" classname="utilities" name="expand_time_grid_works_as_expected"/>
    <testcase time="0.00599999999997181" classname="utilities" name="expand_time_grid_works_as_expected"/>
    <testcase time="0.00600000000002865" classname="utilities" name="expand_time_grid_works_as_expected"/>
    <testcase time="0.0109999999999673" classname="utilities" name="expand_patients_works_as_expected"/>
    <testcase time="0.0040000000000191" classname="utilities" name="expand_patients_works_as_expected"/>
    <testcase time="0.0040000000000191" classname="utilities" name="expand_patients_works_as_expected"/>
    <testcase time="0.00499999999999545" classname="utilities" name="expand_patients_works_as_expected"/>
    <testcase time="0.00599999999997181" classname="utilities" name="expand_patients_works_as_expected"/>
    <testcase time="0.00600000000002865" classname="utilities" name="expand_patients_works_as_expected"/>
    <testcase time="0.00499999999999545" classname="utilities" name="expand_patients_works_as_expected"/>
    <testcase time="0.0169999999999959" classname="utilities" name="decompose_patients_works_as_expected"/>
    <testcase time="0.00900000000001455" classname="utilities" name="decompose_patients_works_as_expected"/>
    <testcase time="0.0109999999999673" classname="utilities" name="decompose_patients_works_as_expected"/>
    <testcase time="0.00600000000002865" classname="utilities" name="decompose_patients_works_as_expected"/>
    <testcase time="0.00599999999997181" classname="utilities" name="decompose_patients_works_as_expected"/>
  </testsuite>
</testsuites>
