<?xml version="1.0" encoding="UTF-8"?>
<testsuites>
  <testsuite name="DataJoint" timestamp="2023-09-25T16:42:32Z" hostname="dc9e6b84255b" tests="11" skipped="0" failures="0" errors="0" time="3.63">
    <testcase time="3.491" classname="DataJoint" name="DataJoint_errors_if_subjects_don_t_allign_after"/>
    <testcase time="0.0459999999999994" classname="DataJoint" name="DataJoint_errors_if_subjects_don_t_allign_after"/>
    <testcase time="0.0280000000000005" classname="DataJoint" name="DataJoint_errors_if_subjects_don_t_allign_after"/>
    <testcase time="0.00899999999999945" classname="DataJoint" name="DataJoint_errors_if_subjects_don_t_allign_after"/>
    <testcase time="0.0150000000000006" classname="DataJoint" name="subset_DataJoint_works_as_expected"/>
    <testcase time="0.00599999999999934" classname="DataJoint" name="subset_DataJoint_works_as_expected"/>
    <testcase time="0.00600000000000023" classname="DataJoint" name="subset_DataJoint_works_as_expected"/>
    <testcase time="0.00600000000000023" classname="DataJoint" name="subset_DataJoint_works_as_expected"/>
    <testcase time="0.00600000000000023" classname="DataJoint" name="subset_DataJoint_works_as_expected"/>
    <testcase time="0.00499999999999989" classname="DataJoint" name="subset_DataJoint_works_as_expected"/>
    <testcase time="0.0119999999999996" classname="DataJoint" name="subset_DataJoint_works_as_expected"/>
  </testsuite>
  <testsuite name="DataLongitudinal" timestamp="2023-09-25T16:42:36Z" hostname="dc9e6b84255b" tests="8" skipped="0" failures="0" errors="0" time="0.06">
    <testcase time="0.0289999999999999" classname="DataLongitudinal" name="DataLongitudinal_being_rendered_to_list_is_as_expected_for_simple_inputs"/>
    <testcase time="0.00400000000000045" classname="DataLongitudinal" name="DataLongitudinal_being_rendered_to_list_is_as_expected_for_simple_inputs"/>
    <testcase time="0.00499999999999989" classname="DataLongitudinal" name="DataLongitudinal_being_rendered_to_list_is_as_expected_for_simple_inputs"/>
    <testcase time="0.00499999999999989" classname="DataLongitudinal" name="DataLongitudinal_being_rendered_to_list_is_as_expected_for_simple_inputs"/>
    <testcase time="0.00400000000000045" classname="DataLongitudinal" name="DataLongitudinal_being_rendered_to_list_is_as_expected_for_simple_inputs"/>
    <testcase time="0.00499999999999989" classname="DataLongitudinal" name="DataLongitudinal_being_rendered_to_list_is_as_expected_for_simple_inputs"/>
    <testcase time="0.00399999999999956" classname="DataLongitudinal" name="DataLongitudinal_being_rendered_to_list_is_as_expected_for_simple_inputs"/>
    <testcase time="0.00400000000000045" classname="DataLongitudinal" name="DataLongitudinal_being_rendered_to_list_is_as_expected_for_simple_inputs"/>
  </testsuite>
  <testsuite name="DataSurvival" timestamp="2023-09-25T16:42:36Z" hostname="dc9e6b84255b" tests="8" skipped="0" failures="0" errors="0" time="0.068">
    <testcase time="0.0299999999999994" classname="DataSurvival" name="Error_Handling"/>
    <testcase time="0.0120000000000005" classname="DataSurvival" name="DataSurvival_being_rendered_to_list_is_as_expected_for_simple_inputs"/>
    <testcase time="0.00499999999999989" classname="DataSurvival" name="DataSurvival_being_rendered_to_list_is_as_expected_for_simple_inputs"/>
    <testcase time="0.00499999999999989" classname="DataSurvival" name="DataSurvival_being_rendered_to_list_is_as_expected_for_simple_inputs"/>
    <testcase time="0.00400000000000045" classname="DataSurvival" name="DataSurvival_being_rendered_to_list_is_as_expected_for_simple_inputs"/>
    <testcase time="0.00399999999999956" classname="DataSurvival" name="DataSurvival_being_rendered_to_list_is_as_expected_for_simple_inputs"/>
    <testcase time="0.00400000000000045" classname="DataSurvival" name="DataSurvival_being_rendered_to_list_is_as_expected_for_simple_inputs"/>
    <testcase time="0.00399999999999956" classname="DataSurvival" name="DataSurvival_being_rendered_to_list_is_as_expected_for_simple_inputs"/>
  </testsuite>
  <testsuite name="JointModel" timestamp="2023-09-25T16:42:36Z" hostname="dc9e6b84255b" tests="2" skipped="0" failures="0" errors="0" time="0.475">
    <testcase time="0.47" classname="JointModel" name="JointModel_smoke_tests"/>
    <testcase time="0.00500000000000078" classname="JointModel" name="JointModel_smoke_tests"/>
  </testsuite>
  <testsuite name="JointModelSamples" timestamp="2023-09-25T16:43:15Z" hostname="dc9e6b84255b" tests="17" skipped="0" failures="0" errors="0" time="86.286">
    <testcase time="38.637" classname="JointModelSamples" name="longitudinal_works_as_expected_for_JointModelSamples"/>
    <testcase time="46.921" classname="JointModelSamples" name="longitudinal_works_as_expected_for_JointModelSamples"/>
    <testcase time="0.0169999999999959" classname="JointModelSamples" name="longitudinal_works_as_expected_for_JointModelSamples"/>
    <testcase time="0.00499999999999545" classname="JointModelSamples" name="longitudinal_works_as_expected_for_JointModelSamples"/>
    <testcase time="0.00100000000000477" classname="JointModelSamples" name="longitudinal_works_as_expected_for_JointModelSamples"/>
    <testcase time="0.000999999999990564" classname="JointModelSamples" name="longitudinal_works_as_expected_for_JointModelSamples"/>
    <testcase time="0.00400000000000489" classname="JointModelSamples" name="longitudinal_works_as_expected_for_JointModelSamples"/>
    <testcase time="0.00199999999999534" classname="JointModelSamples" name="longitudinal_works_as_expected_for_JointModelSamples"/>
    <testcase time="0.00400000000000489" classname="JointModelSamples" name="longitudinal_works_as_expected_for_JointModelSamples"/>
    <testcase time="0.00100000000000477" classname="JointModelSamples" name="longitudinal_works_as_expected_for_JointModelSamples"/>
    <testcase time="0.00399999999999068" classname="JointModelSamples" name="longitudinal_works_as_expected_for_JointModelSamples"/>
    <testcase time="0.00400000000000489" classname="JointModelSamples" name="longitudinal_works_as_expected_for_JointModelSamples"/>
    <testcase time="0.667000000000002" classname="JointModelSamples" name="longitudinal_allows_to_subset_patients_and_times"/>
    <testcase time="0.00199999999999534" classname="JointModelSamples" name="longitudinal_allows_to_subset_patients_and_times"/>
    <testcase time="0.00600000000000023" classname="JointModelSamples" name="longitudinal_allows_to_subset_patients_and_times"/>
    <testcase time="0.00500000000000966" classname="JointModelSamples" name="longitudinal_allows_to_subset_patients_and_times"/>
    <testcase time="0.00499999999999545" classname="JointModelSamples" name="longitudinal_allows_to_subset_patients_and_times"/>
  </testsuite>
  <testsuite name="LinkGSF" timestamp="2023-09-25T16:44:02Z" hostname="dc9e6b84255b" tests="13" skipped="0" failures="0" errors="0" time="0.371">
    <testcase time="0.0160000000000053" classname="LinkGSF" name="LinkGSF_class_initialization_works_as_expected"/>
    <testcase time="0.000999999999990564" classname="LinkGSF" name="LinkGSF_class_initialization_works_as_expected"/>
    <testcase time="0.112000000000009" classname="LinkGSF" name="LinkGSF_user_constructor_works_as_expected_with_defaults"/>
    <testcase time="0.00199999999999534" classname="LinkGSF" name="LinkGSF_user_constructor_works_as_expected_with_defaults"/>
    <testcase time="0.0160000000000053" classname="LinkGSF" name="link_gsf_ttg_user_constructor_works_as_expected_with_defaults"/>
    <testcase time="0.000999999999990564" classname="LinkGSF" name="link_gsf_ttg_user_constructor_works_as_expected_with_defaults"/>
    <testcase time="0.0190000000000055" classname="LinkGSF" name="link_gsf_dsld_user_constructor_works_as_expected_with_defaults"/>
    <testcase time="0.000999999999990564" classname="LinkGSF" name="link_gsf_dsld_user_constructor_works_as_expected_with_defaults"/>
    <testcase time="0.0170000000000101" classname="LinkGSF" name="link_gsf_identity_user_constructor_works_as_expected_with_defaults"/>
    <testcase time="0.00199999999999534" classname="LinkGSF" name="link_gsf_identity_user_constructor_works_as_expected_with_defaults"/>
    <testcase time="0.0940000000000083" classname="LinkGSF" name="LinkGSF_returns_correct_defaults_when_no_arguments_are_supplied"/>
    <testcase time="0.0429999999999922" classname="LinkGSF" name="LinkGSF_returns_correct_defaults_when_no_arguments_are_supplied"/>
    <testcase time="0.046999999999997" classname="LinkGSF" name="LinkGSF_returns_correct_defaults_when_no_arguments_are_supplied"/>
  </testsuite>
  <testsuite name="LinkNone" timestamp="2023-09-25T16:44:03Z" hostname="dc9e6b84255b" tests="5" skipped="0" failures="0" errors="0" time="0.043">
    <testcase time="0.0150000000000006" classname="LinkNone" name="LinkNone_object_is_generated_without_unexpected_input"/>
    <testcase time="0.00600000000000023" classname="LinkNone" name="LinkNone_object_is_generated_without_unexpected_input"/>
    <testcase time="0.01400000000001" classname="LinkNone" name="LinkNone_object_is_generated_without_unexpected_input"/>
    <testcase time="0.00399999999999068" classname="LinkNone" name="LinkNone_object_is_generated_without_unexpected_input"/>
    <testcase time="0.00400000000000489" classname="LinkNone" name="LinkNone_object_is_generated_without_unexpected_input"/>
  </testsuite>
  <testsuite name="LinkRandomSlope" timestamp="2023-09-25T16:44:03Z" hostname="dc9e6b84255b" tests="3" skipped="0" failures="0" errors="0" time="0.027">
    <testcase time="0.0169999999999959" classname="LinkRandomSlope" name="LinkRandomSlope_smoke_tests"/>
    <testcase time="0.00499999999999545" classname="LinkRandomSlope" name="LinkRandomSlope_smoke_tests"/>
    <testcase time="0.00500000000000966" classname="LinkRandomSlope" name="LinkRandomSlope_smoke_tests"/>
  </testsuite>
  <testsuite name="LongitudinalGSF" timestamp="2023-09-25T16:44:03Z" hostname="dc9e6b84255b" tests="4" skipped="0" failures="0" errors="0" time="106.666">
    <testcase time="0.113" classname="LongitudinalGSF" name="LongitudinalGSF_works_as_expected_with_default_arguments"/>
    <testcase time="0.00199999999999534" classname="LongitudinalGSF" name="LongitudinalGSF_works_as_expected_with_default_arguments"/>
    <testcase time="106.442" classname="LongitudinalGSF" name="LongitudinalGSF_works_as_expected_with_a_single_study"/>
    <testcase time="0.109000000000009" classname="LongitudinalGSF" name="LongitudinalGSF_works_as_expected_with_a_single_study"/>
  </testsuite>
  <testsuite name="LongitudinalSamples" timestamp="2023-09-25T16:45:52Z" hostname="dc9e6b84255b" tests="19" skipped="0" failures="0" errors="0" time="3.42">
    <testcase time="2.38400000000001" classname="LongitudinalSamples" name="LongitudinalSamples_can_be_initialized"/>
    <testcase time="0.00600000000000023" classname="LongitudinalSamples" name="LongitudinalSamples_can_be_initialized"/>
    <testcase time="0.00999999999999091" classname="LongitudinalSamples" name="subsetting_works_as_expected_for_LongitudinalSamples"/>
    <testcase time="0.00100000000000477" classname="LongitudinalSamples" name="subsetting_works_as_expected_for_LongitudinalSamples"/>
    <testcase time="0.00499999999999545" classname="LongitudinalSamples" name="subsetting_works_as_expected_for_LongitudinalSamples"/>
    <testcase time="0.789999999999992" classname="LongitudinalSamples" name="autoplot_works_as_expected_for_LongitudinalSamples"/>
    <testcase time="0.085000000000008" classname="LongitudinalSamples" name="autoplot_works_as_expected_for_LongitudinalSamples"/>
    <testcase time="0.00600000000000023" classname="LongitudinalSamples" name="autoplot_works_as_expected_for_LongitudinalSamples"/>
    <testcase time="0.00499999999999545" classname="LongitudinalSamples" name="autoplot_works_as_expected_for_LongitudinalSamples"/>
    <testcase time="0.00399999999999068" classname="LongitudinalSamples" name="autoplot_works_as_expected_for_LongitudinalSamples"/>
    <testcase time="0.00500000000002387" classname="LongitudinalSamples" name="autoplot_works_as_expected_for_LongitudinalSamples"/>
    <testcase time="0.0529999999999973" classname="LongitudinalSamples" name="autoplot_works_as_expected_for_LongitudinalSamples"/>
    <testcase time="0.00499999999999545" classname="LongitudinalSamples" name="autoplot_works_as_expected_for_LongitudinalSamples"/>
    <testcase time="0.00399999999999068" classname="LongitudinalSamples" name="autoplot_works_as_expected_for_LongitudinalSamples"/>
    <testcase time="0.00499999999999545" classname="LongitudinalSamples" name="autoplot_works_as_expected_for_LongitudinalSamples"/>
    <testcase time="0.0040000000000191" classname="LongitudinalSamples" name="autoplot_works_as_expected_for_LongitudinalSamples"/>
    <testcase time="0.00399999999999068" classname="LongitudinalSamples" name="autoplot_works_as_expected_for_LongitudinalSamples"/>
    <testcase time="0.0389999999999873" classname="LongitudinalSamples" name="autoplot_works_as_expected_for_LongitudinalSamples"/>
    <testcase time="0.00500000000002387" classname="LongitudinalSamples" name="autoplot_works_as_expected_for_LongitudinalSamples"/>
  </testsuite>
  <testsuite name="ParameterList" timestamp="2023-09-25T16:45:53Z" hostname="dc9e6b84255b" tests="3" skipped="0" failures="0" errors="0" time="0.024">
    <testcase time="0.0139999999999816" classname="ParameterList" name="ParameterList_smoke_tests"/>
    <testcase time="0.00399999999999068" classname="ParameterList" name="ParameterList_smoke_tests"/>
    <testcase time="0.00600000000000023" classname="ParameterList" name="ParameterList_smoke_tests"/>
  </testsuite>
  <testsuite name="Parameters" timestamp="2023-09-25T16:45:53Z" hostname="dc9e6b84255b" tests="4" skipped="0" failures="0" errors="0" time="0.026">
    <testcase time="0.0130000000000052" classname="Parameters" name="Parameters_smoke_tests"/>
    <testcase time="0.0040000000000191" classname="Parameters" name="Parameters_smoke_tests"/>
    <testcase time="0.00499999999999545" classname="Parameters" name="Parameters_smoke_tests"/>
    <testcase time="0.00399999999999068" classname="Parameters" name="Parameters_smoke_tests"/>
  </testsuite>
  <testsuite name="Prior" timestamp="2023-09-25T16:45:53Z" hostname="dc9e6b84255b" tests="11" skipped="0" failures="0" errors="0" time="0.081">
    <testcase time="0.0130000000000052" classname="Prior" name="Priors_work_as_expected"/>
    <testcase time="0.00499999999999545" classname="Prior" name="Priors_work_as_expected"/>
    <testcase time="0.00399999999999068" classname="Prior" name="Priors_work_as_expected"/>
    <testcase time="0.0040000000000191" classname="Prior" name="Priors_work_as_expected"/>
    <testcase time="0.0139999999999816" classname="Prior" name="Invalid_prior_parameters_are_rejected"/>
    <testcase time="0.0160000000000196" classname="Prior" name="Invalid_prior_parameters_are_rejected"/>
    <testcase time="0.007000000000005" classname="Prior" name="Invalid_prior_parameters_are_rejected"/>
    <testcase time="0.00799999999998136" classname="Prior" name="Invalid_prior_parameters_are_rejected"/>
    <testcase time="0.007000000000005" classname="Prior" name="Invalid_prior_parameters_are_rejected"/>
    <testcase time="0.00100000000000477" classname="Prior" name="Invalid_prior_parameters_are_rejected"/>
    <testcase time="0.00200000000000955" classname="Prior" name="Invalid_prior_parameters_are_rejected"/>
  </testsuite>
  <testsuite name="SurvivalExponential" timestamp="2023-09-25T16:45:53Z" hostname="dc9e6b84255b" tests="2" skipped="0" failures="0" errors="0" time="37.105">
    <testcase time="32.367" classname="SurvivalExponential" name="SurvivalExponential_can_recover_true_parameter_no_covariates_"/>
    <testcase time="4.738" classname="SurvivalExponential" name="SurvivalExponential_can_recover_true_parameter_including_covariates_"/>
  </testsuite>
  <testsuite name="SurvivalSamples" timestamp="2023-09-25T16:46:30Z" hostname="dc9e6b84255b" tests="40" skipped="0" failures="0" errors="0" time="96.371">
    <testcase time="79.486" classname="SurvivalSamples" name="smoke_test_for_predict_SurvivalSamples_and_autoplot_SurvivalSamples_"/>
    <testcase time="0.00599999999997181" classname="SurvivalSamples" name="smoke_test_for_predict_SurvivalSamples_and_autoplot_SurvivalSamples_"/>
    <testcase time="0.00499999999999545" classname="SurvivalSamples" name="smoke_test_for_predict_SurvivalSamples_and_autoplot_SurvivalSamples_"/>
    <testcase time="0.00499999999999545" classname="SurvivalSamples" name="smoke_test_for_predict_SurvivalSamples_and_autoplot_SurvivalSamples_"/>
    <testcase time="3.02600000000001" classname="SurvivalSamples" name="smoke_test_for_predict_SurvivalSamples_and_autoplot_SurvivalSamples_"/>
    <testcase time="0.0040000000000191" classname="SurvivalSamples" name="smoke_test_for_predict_SurvivalSamples_and_autoplot_SurvivalSamples_"/>
    <testcase time="0.00499999999999545" classname="SurvivalSamples" name="smoke_test_for_predict_SurvivalSamples_and_autoplot_SurvivalSamples_"/>
    <testcase time="1.46699999999998" classname="SurvivalSamples" name="smoke_test_for_predict_SurvivalSamples_and_autoplot_SurvivalSamples_"/>
    <testcase time="0.00499999999999545" classname="SurvivalSamples" name="smoke_test_for_predict_SurvivalSamples_and_autoplot_SurvivalSamples_"/>
    <testcase time="4.20500000000004" classname="SurvivalSamples" name="smoke_test_for_predict_SurvivalSamples_and_autoplot_SurvivalSamples_"/>
    <testcase time="0.00499999999999545" classname="SurvivalSamples" name="smoke_test_for_predict_SurvivalSamples_and_autoplot_SurvivalSamples_"/>
    <testcase time="0.00499999999999545" classname="SurvivalSamples" name="smoke_test_for_predict_SurvivalSamples_and_autoplot_SurvivalSamples_"/>
    <testcase time="0.00499999999999545" classname="SurvivalSamples" name="smoke_test_for_predict_SurvivalSamples_and_autoplot_SurvivalSamples_"/>
    <testcase time="0.00499999999999545" classname="SurvivalSamples" name="smoke_test_for_predict_SurvivalSamples_and_autoplot_SurvivalSamples_"/>
    <testcase time="0.00599999999997181" classname="SurvivalSamples" name="smoke_test_for_predict_SurvivalSamples_and_autoplot_SurvivalSamples_"/>
    <testcase time="0.00499999999999545" classname="SurvivalSamples" name="smoke_test_for_predict_SurvivalSamples_and_autoplot_SurvivalSamples_"/>
    <testcase time="2.99000000000001" classname="SurvivalSamples" name="smoke_test_for_predict_SurvivalSamples_and_autoplot_SurvivalSamples_"/>
    <testcase time="0.00600000000002865" classname="SurvivalSamples" name="smoke_test_for_predict_SurvivalSamples_and_autoplot_SurvivalSamples_"/>
    <testcase time="0.00399999999996226" classname="SurvivalSamples" name="smoke_test_for_predict_SurvivalSamples_and_autoplot_SurvivalSamples_"/>
    <testcase time="0.0040000000000191" classname="SurvivalSamples" name="smoke_test_for_predict_SurvivalSamples_and_autoplot_SurvivalSamples_"/>
    <testcase time="0.00499999999999545" classname="SurvivalSamples" name="smoke_test_for_predict_SurvivalSamples_and_autoplot_SurvivalSamples_"/>
    <testcase time="2.476" classname="SurvivalSamples" name="smoke_test_for_predict_SurvivalSamples_and_autoplot_SurvivalSamples_"/>
    <testcase time="0.00600000000002865" classname="SurvivalSamples" name="smoke_test_for_predict_SurvivalSamples_and_autoplot_SurvivalSamples_"/>
    <testcase time="0.00499999999999545" classname="SurvivalSamples" name="smoke_test_for_predict_SurvivalSamples_and_autoplot_SurvivalSamples_"/>
    <testcase time="0.00499999999999545" classname="SurvivalSamples" name="smoke_test_for_predict_SurvivalSamples_and_autoplot_SurvivalSamples_"/>
    <testcase time="0.00499999999999545" classname="SurvivalSamples" name="smoke_test_for_predict_SurvivalSamples_and_autoplot_SurvivalSamples_"/>
    <testcase time="0.00499999999999545" classname="SurvivalSamples" name="smoke_test_for_predict_SurvivalSamples_and_autoplot_SurvivalSamples_"/>
    <testcase time="2.53199999999998" classname="SurvivalSamples" name="smoke_test_for_predict_SurvivalSamples_and_autoplot_SurvivalSamples_"/>
    <testcase time="0.00600000000002865" classname="SurvivalSamples" name="smoke_test_for_predict_SurvivalSamples_and_autoplot_SurvivalSamples_"/>
    <testcase time="0.00499999999999545" classname="SurvivalSamples" name="smoke_test_for_predict_SurvivalSamples_and_autoplot_SurvivalSamples_"/>
    <testcase time="0.00499999999999545" classname="SurvivalSamples" name="smoke_test_for_predict_SurvivalSamples_and_autoplot_SurvivalSamples_"/>
    <testcase time="0.00499999999999545" classname="SurvivalSamples" name="smoke_test_for_predict_SurvivalSamples_and_autoplot_SurvivalSamples_"/>
    <testcase time="0.00499999999999545" classname="SurvivalSamples" name="smoke_test_for_predict_SurvivalSamples_and_autoplot_SurvivalSamples_"/>
    <testcase time="0.00499999999999545" classname="SurvivalSamples" name="smoke_test_for_predict_SurvivalSamples_and_autoplot_SurvivalSamples_"/>
    <testcase time="0.01400000000001" classname="SurvivalSamples" name="summarise_by_group_works_as_expected"/>
    <testcase time="0.007000000000005" classname="SurvivalSamples" name="summarise_by_group_works_as_expected"/>
    <testcase time="0.007000000000005" classname="SurvivalSamples" name="summarise_by_group_works_as_expected"/>
    <testcase time="0.00799999999998136" classname="SurvivalSamples" name="summarise_by_group_works_as_expected"/>
    <testcase time="0.00799999999998136" classname="SurvivalSamples" name="summarise_by_group_works_as_expected"/>
    <testcase time="0.0080000000000382" classname="SurvivalSamples" name="summarise_by_group_works_as_expected"/>
  </testsuite>
  <testsuite name="compile" timestamp="2023-09-25T16:48:07Z" hostname="dc9e6b84255b" tests="1" skipped="0" failures="0" errors="0" time="18.219">
    <testcase time="18.219" classname="compile" name="compileStanModel_doesn_t_error_if_the_directory_doesn_t_exist"/>
  </testsuite>
  <testsuite name="extract_survival_quantities" timestamp="2023-09-25T16:48:25Z" hostname="dc9e6b84255b" tests="4" skipped="0" failures="0" errors="0" time="19.056">
    <testcase time="18.994" classname="extract_survival_quantities" name="extract_survival_quantities_works_as_expected"/>
    <testcase time="0.0220000000000482" classname="extract_survival_quantities" name="extract_survival_quantities_works_as_expected"/>
    <testcase time="0.0339999999999918" classname="extract_survival_quantities" name="extract_survival_quantities_works_as_expected"/>
    <testcase time="0.00600000000002865" classname="extract_survival_quantities" name="extract_survival_quantities_works_as_expected"/>
  </testsuite>
  <testsuite name="jinjar_render" timestamp="2023-09-25T16:48:44Z" hostname="dc9e6b84255b" tests="3" skipped="0" failures="0" errors="0" time="0.036">
    <testcase time="0.0179999999999723" classname="jinjar_render" name="Basic_Jinjar_syntax_works_with_decorated_render_"/>
    <testcase time="0.00499999999999545" classname="jinjar_render" name="Basic_Jinjar_syntax_works_with_decorated_render_"/>
    <testcase time="0.0130000000000337" classname="jinjar_render" name="Global_variables_defined_by_decorated_render_are_usable"/>
  </testsuite>
  <testsuite name="misc_models" timestamp="2023-09-25T16:48:44Z" hostname="dc9e6b84255b" tests="3" skipped="0" failures="0" errors="0" time="0.924">
    <testcase time="0.902999999999963" classname="misc_models" name="Longitudinal_Model_doesn_t_print_sampler_rejection_messages"/>
    <testcase time="0.01400000000001" classname="misc_models" name="Longitudinal_Model_doesn_t_print_sampler_rejection_messages"/>
    <testcase time="0.007000000000005" classname="misc_models" name="Longitudinal_Model_doesn_t_print_sampler_rejection_messages"/>
  </testsuite>
  <testsuite name="model_random_slope" timestamp="2023-09-25T16:48:45Z" hostname="dc9e6b84255b" tests="3" skipped="0" failures="0" errors="1" time="1.485">
    <testcase time="1.46499999999997" classname="model_random_slope" name="Random_Slope_Model_can_recover_known_parameter_values"/>
    <testcase time="0.0130000000000337" classname="model_random_slope" name="Random_Slope_Model_can_recover_known_parameter_values"/>
    <testcase time="0.007000000000005" classname="model_random_slope" name="Random_Slope_Model_can_recover_known_parameter_values">
      <error type="error" message="Error: No chains finished successfully. Unable to retrieve the draws. ('test-model_random_slope.R:72:5')">Error: No chains finished successfully. Unable to retrieve the draws.
Backtrace:
    x
 1. \-mp@results$summary(vars) at test-model_random_slope.R:72:4
 2.   \-self$draws(variables)
 3.     \-private$read_csv_(...)</error>
    </testcase>
  </testsuite>
  <testsuite name="model_random_slope_2chain" timestamp="2023-09-25T16:48:46Z" hostname="dc9e6b84255b" tests="1" skipped="0" failures="0" errors="0" time="15.578">
    <testcase time="15.578" classname="model_random_slope_2chain" name="Can_recover_known_distribution_parameters_from_random_slope_model_when_using_multiple_chains"/>
  </testsuite>
  <testsuite name="simulations" timestamp="2023-09-25T16:49:02Z" hostname="dc9e6b84255b" tests="31" skipped="0" failures="0" errors="0" time="1.813">
    <testcase time="0.0219999999999914" classname="simulations" name="sim_lm_gsf_works_as_expected"/>
    <testcase time="0.0040000000000191" classname="simulations" name="sim_lm_gsf_works_as_expected"/>
    <testcase time="0.0249999999999773" classname="simulations" name="sim_lm_gsf_works_as_expected"/>
    <testcase time="0.0040000000000191" classname="simulations" name="sim_lm_gsf_works_as_expected"/>
    <testcase time="0.0040000000000191" classname="simulations" name="sim_lm_gsf_works_as_expected"/>
    <testcase time="0.00399999999996226" classname="simulations" name="sim_lm_gsf_works_as_expected"/>
    <testcase time="0.0040000000000191" classname="simulations" name="sim_lm_gsf_works_as_expected"/>
    <testcase time="0.0040000000000191" classname="simulations" name="sim_lm_gsf_works_as_expected"/>
    <testcase time="0.00399999999996226" classname="simulations" name="sim_lm_gsf_works_as_expected"/>
    <testcase time="0.0080000000000382" classname="simulations" name="sim_lm_random_slope_works_as_expected"/>
    <testcase time="0.00399999999996226" classname="simulations" name="sim_lm_random_slope_works_as_expected"/>
    <testcase time="0.0110000000000241" classname="simulations" name="sim_lm_random_slope_works_as_expected"/>
    <testcase time="0.0040000000000191" classname="simulations" name="sim_lm_random_slope_works_as_expected"/>
    <testcase time="0.00499999999999545" classname="simulations" name="sim_lm_random_slope_works_as_expected"/>
    <testcase time="0.00399999999996226" classname="simulations" name="sim_lm_random_slope_works_as_expected"/>
    <testcase time="0.0040000000000191" classname="simulations" name="sim_lm_random_slope_works_as_expected"/>
    <testcase time="0.0040000000000191" classname="simulations" name="sim_lm_random_slope_works_as_expected"/>
    <testcase time="0.00399999999996226" classname="simulations" name="sim_lm_random_slope_works_as_expected"/>
    <testcase time="0.425000000000011" classname="simulations" name="simulate_joint_data_works_as_expected"/>
    <testcase time="0.00200000000000955" classname="simulations" name="simulate_joint_data_works_as_expected"/>
    <testcase time="0.000999999999976353" classname="simulations" name="simulate_joint_data_works_as_expected"/>
    <testcase time="0.0040000000000191" classname="simulations" name="simulate_joint_data_works_as_expected"/>
    <testcase time="0.00499999999999545" classname="simulations" name="simulate_joint_data_works_as_expected"/>
    <testcase time="0.00200000000000955" classname="simulations" name="simulate_joint_data_works_as_expected"/>
    <testcase time="0.0040000000000191" classname="simulations" name="simulate_joint_data_works_as_expected"/>
    <testcase time="0.0120000000000005" classname="simulations" name="simulate_joint_data_works_as_expected"/>
    <testcase time="0.301999999999964" classname="simulations" name="simulate_joint_data_leads_to_valid_DataJoint_with_almost_only_default_arguments"/>
    <testcase time="0.614000000000033" classname="simulations" name="sim_os_exponential_creates_a_dataset_with_the_correct_parameter"/>
    <testcase time="0.310000000000002" classname="simulations" name="sim_os_weibull_creates_a_dataset_with_the_correct_parameter"/>
    <testcase time="0.00499999999999545" classname="simulations" name="sim_os_weibull_creates_a_dataset_with_the_correct_parameter"/>
    <testcase time="0.00399999999996226" classname="simulations" name="sim_os_weibull_creates_a_dataset_with_the_correct_parameter"/>
  </testsuite>
  <testsuite name="stan_functions" timestamp="2023-09-25T16:49:04Z" hostname="dc9e6b84255b" tests="3" skipped="0" failures="0" errors="3" time="1.263">
    <testcase time="0.355000000000018" classname="stan_functions" name="GSF_SLD_function_works_as_expected">
      <error type="error" message="Error: No chains finished successfully. Unable to retrieve the draws. ('test-stan_functions.R:63:5')">Error: No chains finished successfully. Unable to retrieve the draws.
Backtrace:
    x
 1. \-fit$draws(variables = "sld_results") at test-stan_functions.R:63:4
 2.   \-private$read_csv_(...)</error>
    </testcase>
    <testcase time="0.435999999999979" classname="stan_functions" name="Normal_Log_Density_functions_work_as_expected">
      <error type="error" message="Error: No chains finished successfully. Unable to retrieve the draws. ('test-stan_functions.R:105:5')">Error: No chains finished successfully. Unable to retrieve the draws.
Backtrace:
    x
 1. \-fit$draws(variables = "nrm_logden_results") at test-stan_functions.R:105:4
 2.   \-private$read_csv_(...)</error>
    </testcase>
    <testcase time="0.472000000000037" classname="stan_functions" name="GSF_Identity_Link_Function_works_as_expected">
      <error type="error" message="Error: No chains finished successfully. Unable to retrieve the draws. ('test-stan_functions.R:167:5')">Error: No chains finished successfully. Unable to retrieve the draws.
Backtrace:
    x
 1. \-fit$draws(variables = "results") at test-stan_functions.R:167:4
 2.   \-private$read_csv_(...)</error>
    </testcase>
  </testsuite>
  <testsuite name="survival_plot" timestamp="2023-09-25T16:49:05Z" hostname="dc9e6b84255b" tests="1" skipped="1" failures="0" errors="0" time="0.414">
    <testcase time="0.413999999999987" classname="survival_plot" name="survival_plot_works_as_expected">
      <skipped message="Reason: On CRAN ('test-survival_plot.R:66:5')"/>
    </testcase>
  </testsuite>
  <testsuite name="utilities" timestamp="2023-09-25T16:49:05Z" hostname="dc9e6b84255b" tests="29" skipped="0" failures="0" errors="0" time="0.251">
    <testcase time="0.0260000000000105" classname="utilities" name="get_missing_rownumbers_works_as_expected"/>
    <testcase time="0.0120000000000005" classname="utilities" name="remove_missing_rows_works_as_expected"/>
    <testcase time="0.0109999999999673" classname="utilities" name="expand_initial_values_works_as_expected"/>
    <testcase time="0.0190000000000055" classname="utilities" name="replace_with_lookup_works_and_sets_array_attributes_as_expected"/>
    <testcase time="0.0110000000000241" classname="utilities" name="replace_with_lookup_asserts_sizes_as_numbers_as_expected"/>
    <testcase time="0.0110000000000241" classname="utilities" name="replace_with_lookup_asserts_looked_up_sizes_as_numbers_as_expected"/>
    <testcase time="0.00899999999995771" classname="utilities" name="samples_median_ci_works_as_expected"/>
    <testcase time="0.00900000000001455" classname="utilities" name="samples_median_ci_works_as_expected"/>
    <testcase time="0.00799999999998136" classname="utilities" name="samples_median_ci_works_with_a_custom_credibility_level"/>
    <testcase time="0.0080000000000382" classname="utilities" name="samples_median_ci_works_with_a_custom_credibility_level"/>
    <testcase time="0.00999999999999091" classname="utilities" name="expand_time_grid_works_as_expected"/>
    <testcase time="0.00399999999996226" classname="utilities" name="expand_time_grid_works_as_expected"/>
    <testcase time="0.0040000000000191" classname="utilities" name="expand_time_grid_works_as_expected"/>
    <testcase time="0.00600000000002865" classname="utilities" name="expand_time_grid_works_as_expected"/>
    <testcase time="0.00599999999997181" classname="utilities" name="expand_time_grid_works_as_expected"/>
    <testcase time="0.00499999999999545" classname="utilities" name="expand_time_grid_works_as_expected"/>
    <testcase time="0.00600000000002865" classname="utilities" name="expand_time_grid_works_as_expected"/>
    <testcase time="0.00899999999995771" classname="utilities" name="expand_patients_works_as_expected"/>
    <testcase time="0.0050000000000523" classname="utilities" name="expand_patients_works_as_expected"/>
    <testcase time="0.00399999999996226" classname="utilities" name="expand_patients_works_as_expected"/>
    <testcase time="0.0040000000000191" classname="utilities" name="expand_patients_works_as_expected"/>
    <testcase time="0.00499999999999545" classname="utilities" name="expand_patients_works_as_expected"/>
    <testcase time="0.00599999999997181" classname="utilities" name="expand_patients_works_as_expected"/>
    <testcase time="0.0050000000000523" classname="utilities" name="expand_patients_works_as_expected"/>
    <testcase time="0.0159999999999627" classname="utilities" name="decompose_patients_works_as_expected"/>
    <testcase time="0.00900000000001455" classname="utilities" name="decompose_patients_works_as_expected"/>
    <testcase time="0.0109999999999673" classname="utilities" name="decompose_patients_works_as_expected"/>
    <testcase time="0.00600000000002865" classname="utilities" name="decompose_patients_works_as_expected"/>
    <testcase time="0.00599999999997181" classname="utilities" name="decompose_patients_works_as_expected"/>
  </testsuite>
</testsuites>
