<?xml version="1.0" encoding="UTF-8"?>
<testsuites>
  <testsuite name="DataLongitudinal" timestamp="2025-02-20T16:28:19Z" hostname="a3d2ce6087b0" tests="10" skipped="0" failures="0" errors="0" time="2.587">
    <testcase time="2.557" classname="character(0)" name="DataLongitudinal_being_rendered_to_list_is_as_expected_for_simple_inputs"/>
    <testcase time="0.0179999999999998" classname="character(0)" name="DataLongitudinal_being_rendered_to_list_is_as_expected_for_simple_inputs"/>
    <testcase time="0.00699999999999967" classname="character(0)" name="DataLongitudinal_being_rendered_to_list_is_as_expected_for_simple_inputs"/>
    <testcase time="0.00100000000000033" classname="character(0)" name="DataLongitudinal_being_rendered_to_list_is_as_expected_for_simple_inputs"/>
    <testcase time="0" classname="character(0)" name="DataLongitudinal_being_rendered_to_list_is_as_expected_for_simple_inputs"/>
    <testcase time="0.00100000000000033" classname="character(0)" name="DataLongitudinal_being_rendered_to_list_is_as_expected_for_simple_inputs"/>
    <testcase time="0.000999999999999446" classname="character(0)" name="DataLongitudinal_being_rendered_to_list_is_as_expected_for_simple_inputs"/>
    <testcase time="0" classname="character(0)" name="DataLongitudinal_being_rendered_to_list_is_as_expected_for_simple_inputs"/>
    <testcase time="0.00100000000000033" classname="character(0)" name="DataLongitudinal_being_rendered_to_list_is_as_expected_for_simple_inputs"/>
    <testcase time="0.000999999999999446" classname="character(0)" name="DataLongitudinal_being_rendered_to_list_is_as_expected_for_simple_inputs"/>
  </testsuite>
  <testsuite name="DataLongitudinal" timestamp="2025-02-20T16:28:19Z" hostname="a3d2ce6087b0" tests="2" skipped="0" failures="0" errors="0" time="0.002">
    <testcase time="0.00100000000000033" classname="character(0)" name="DataSurvival_print_method_works_as_expected"/>
    <testcase time="0.00100000000000033" classname="character(0)" name="DataSurvival_print_method_works_as_expected"/>
  </testsuite>
  <testsuite name="DataSubject" timestamp="2025-02-20T16:28:20Z" hostname="a3d2ce6087b0" tests="14" skipped="0" failures="0" errors="0" time="0.176">
    <testcase time="0.167999999999999" classname="character(0)" name="DataSubject_works_as_expected"/>
    <testcase time="0.00100000000000033" classname="character(0)" name="DataSubject_works_as_expected"/>
    <testcase time="0" classname="character(0)" name="DataSubject_works_as_expected"/>
    <testcase time="0.00100000000000033" classname="character(0)" name="DataSubject_works_as_expected"/>
    <testcase time="0.000999999999999446" classname="character(0)" name="DataSubject_works_as_expected"/>
    <testcase time="0" classname="character(0)" name="DataSubject_works_as_expected"/>
    <testcase time="0.00100000000000033" classname="character(0)" name="DataSubject_works_as_expected"/>
    <testcase time="0.00100000000000033" classname="character(0)" name="DataSubject_works_as_expected"/>
    <testcase time="0" classname="character(0)" name="DataSubject_works_as_expected"/>
    <testcase time="0.000999999999999446" classname="character(0)" name="DataSubject_works_as_expected"/>
    <testcase time="0.00100000000000033" classname="character(0)" name="DataSubject_works_as_expected"/>
    <testcase time="0" classname="character(0)" name="DataSubject_works_as_expected"/>
    <testcase time="0.000999999999999446" classname="character(0)" name="DataSubject_works_as_expected"/>
    <testcase time="0" classname="character(0)" name="DataSubject_works_as_expected"/>
  </testsuite>
  <testsuite name="DataSubject" timestamp="2025-02-20T16:28:20Z" hostname="a3d2ce6087b0" tests="1" skipped="0" failures="0" errors="0" time="0.001">
    <testcase time="0.00100000000000033" classname="character(0)" name="DataSubject_print_method_works_as_expected"/>
  </testsuite>
  <testsuite name="DataJoint" timestamp="2025-02-20T16:28:20Z" hostname="a3d2ce6087b0" tests="15" skipped="0" failures="0" errors="0" time="0.137">
    <testcase time="0.122999999999999" classname="character(0)" name="DataJoint_basic_usage"/>
    <testcase time="0.00100000000000033" classname="character(0)" name="DataJoint_basic_usage"/>
    <testcase time="0.00100000000000033" classname="character(0)" name="DataJoint_basic_usage"/>
    <testcase time="0.000999999999999446" classname="character(0)" name="DataJoint_basic_usage"/>
    <testcase time="0.00100000000000033" classname="character(0)" name="DataJoint_basic_usage"/>
    <testcase time="0.00100000000000033" classname="character(0)" name="DataJoint_basic_usage"/>
    <testcase time="0.00199999999999978" classname="character(0)" name="DataJoint_basic_usage"/>
    <testcase time="0.000999999999999446" classname="character(0)" name="DataJoint_basic_usage"/>
    <testcase time="0.00100000000000033" classname="character(0)" name="DataJoint_basic_usage"/>
    <testcase time="0.00100000000000033" classname="character(0)" name="DataJoint_basic_usage"/>
    <testcase time="0" classname="character(0)" name="DataJoint_basic_usage"/>
    <testcase time="0.000999999999999446" classname="character(0)" name="DataJoint_basic_usage"/>
    <testcase time="0.00100000000000033" classname="character(0)" name="DataJoint_basic_usage"/>
    <testcase time="0.00100000000000033" classname="character(0)" name="DataJoint_basic_usage"/>
    <testcase time="0.000999999999999446" classname="character(0)" name="DataJoint_basic_usage"/>
  </testsuite>
  <testsuite name="DataJoint" timestamp="2025-02-20T16:28:20Z" hostname="a3d2ce6087b0" tests="6" skipped="0" failures="0" errors="0" time="0.008">
    <testcase time="0.00300000000000011" classname="character(0)" name="DataJoint_errors_if_inconsistent_subject_IDs"/>
    <testcase time="0.00100000000000033" classname="character(0)" name="DataJoint_errors_if_inconsistent_subject_IDs"/>
    <testcase time="0.000999999999999446" classname="character(0)" name="DataJoint_errors_if_inconsistent_subject_IDs"/>
    <testcase time="0.00100000000000033" classname="character(0)" name="DataJoint_errors_if_inconsistent_subject_IDs"/>
    <testcase time="0.00100000000000033" classname="character(0)" name="DataJoint_errors_if_inconsistent_subject_IDs"/>
    <testcase time="0.000999999999999446" classname="character(0)" name="DataJoint_errors_if_inconsistent_subject_IDs"/>
  </testsuite>
  <testsuite name="DataJoint" timestamp="2025-02-20T16:28:20Z" hostname="a3d2ce6087b0" tests="3" skipped="0" failures="0" errors="0" time="0.003">
    <testcase time="0.00199999999999978" classname="character(0)" name="DataJoint_sorts_handles_pre_factored_levels_correctly"/>
    <testcase time="0" classname="character(0)" name="DataJoint_sorts_handles_pre_factored_levels_correctly"/>
    <testcase time="0.00100000000000033" classname="character(0)" name="DataJoint_sorts_handles_pre_factored_levels_correctly"/>
  </testsuite>
  <testsuite name="DataJoint" timestamp="2025-02-20T16:28:20Z" hostname="a3d2ce6087b0" tests="3" skipped="0" failures="0" errors="0" time="0.003">
    <testcase time="0.00100000000000033" classname="character(0)" name="DataJoint_sorts_handles_character_to_factor_levels_correctly"/>
    <testcase time="0.000999999999999446" classname="character(0)" name="DataJoint_sorts_handles_character_to_factor_levels_correctly"/>
    <testcase time="0.00100000000000033" classname="character(0)" name="DataJoint_sorts_handles_character_to_factor_levels_correctly"/>
  </testsuite>
  <testsuite name="DataJoint" timestamp="2025-02-20T16:28:20Z" hostname="a3d2ce6087b0" tests="7" skipped="0" failures="0" errors="0" time="0.005">
    <testcase time="0.00100000000000033" classname="character(0)" name="subset_DataJoint_works_as_expected"/>
    <testcase time="0.000999999999999446" classname="character(0)" name="subset_DataJoint_works_as_expected"/>
    <testcase time="0" classname="character(0)" name="subset_DataJoint_works_as_expected"/>
    <testcase time="0.00100000000000033" classname="character(0)" name="subset_DataJoint_works_as_expected"/>
    <testcase time="0.000999999999999446" classname="character(0)" name="subset_DataJoint_works_as_expected"/>
    <testcase time="0" classname="character(0)" name="subset_DataJoint_works_as_expected"/>
    <testcase time="0.00100000000000033" classname="character(0)" name="subset_DataJoint_works_as_expected"/>
  </testsuite>
  <testsuite name="DataJoint" timestamp="2025-02-20T16:28:20Z" hostname="a3d2ce6087b0" tests="1" skipped="0" failures="0" errors="0" time="0.001">
    <testcase time="0.00100000000000033" classname="character(0)" name="Error_Handling"/>
  </testsuite>
  <testsuite name="DataJoint" timestamp="2025-02-20T16:28:20Z" hostname="a3d2ce6087b0" tests="3" skipped="0" failures="0" errors="0" time="0.003">
    <testcase time="0.00199999999999978" classname="character(0)" name="DataJoint_print_method_works_as_expected"/>
    <testcase time="0.00100000000000033" classname="character(0)" name="DataJoint_print_method_works_as_expected"/>
    <testcase time="0" classname="character(0)" name="DataJoint_print_method_works_as_expected"/>
  </testsuite>
  <testsuite name="DataSurvival" timestamp="2025-02-20T16:28:20Z" hostname="a3d2ce6087b0" tests="14" skipped="0" failures="0" errors="0" time="0.241">
    <testcase time="0.228999999999999" classname="character(0)" name="DataSurvival_being_rendered_to_list_is_as_expected_for_simple_inputs"/>
    <testcase time="0.00100000000000033" classname="character(0)" name="DataSurvival_being_rendered_to_list_is_as_expected_for_simple_inputs"/>
    <testcase time="0.00100000000000033" classname="character(0)" name="DataSurvival_being_rendered_to_list_is_as_expected_for_simple_inputs"/>
    <testcase time="0.000999999999999446" classname="character(0)" name="DataSurvival_being_rendered_to_list_is_as_expected_for_simple_inputs"/>
    <testcase time="0.00100000000000033" classname="character(0)" name="DataSurvival_being_rendered_to_list_is_as_expected_for_simple_inputs"/>
    <testcase time="0.00100000000000033" classname="character(0)" name="DataSurvival_being_rendered_to_list_is_as_expected_for_simple_inputs"/>
    <testcase time="0.000999999999999446" classname="character(0)" name="DataSurvival_being_rendered_to_list_is_as_expected_for_simple_inputs"/>
    <testcase time="0.00100000000000033" classname="character(0)" name="DataSurvival_being_rendered_to_list_is_as_expected_for_simple_inputs"/>
    <testcase time="0.000999999999999446" classname="character(0)" name="DataSurvival_being_rendered_to_list_is_as_expected_for_simple_inputs"/>
    <testcase time="0.00100000000000033" classname="character(0)" name="DataSurvival_being_rendered_to_list_is_as_expected_for_simple_inputs"/>
    <testcase time="0.00100000000000033" classname="character(0)" name="DataSurvival_being_rendered_to_list_is_as_expected_for_simple_inputs"/>
    <testcase time="0" classname="character(0)" name="DataSurvival_being_rendered_to_list_is_as_expected_for_simple_inputs"/>
    <testcase time="0.000999999999999446" classname="character(0)" name="DataSurvival_being_rendered_to_list_is_as_expected_for_simple_inputs"/>
    <testcase time="0.00100000000000033" classname="character(0)" name="DataSurvival_being_rendered_to_list_is_as_expected_for_simple_inputs"/>
  </testsuite>
  <testsuite name="DataSurvival" timestamp="2025-02-20T16:28:20Z" hostname="a3d2ce6087b0" tests="1" skipped="0" failures="0" errors="0" time="0.002">
    <testcase time="0.00199999999999978" classname="character(0)" name="DataSurvival_print_method_works_as_expected"/>
  </testsuite>
  <testsuite name="DataSurvival" timestamp="2025-02-20T16:28:20Z" hostname="a3d2ce6087b0" tests="7" skipped="0" failures="0" errors="0" time="0.005">
    <testcase time="0.00100000000000033" classname="character(0)" name="mirror_design_matrix_works_as_expected"/>
    <testcase time="0.000999999999999446" classname="character(0)" name="mirror_design_matrix_works_as_expected"/>
    <testcase time="0.00100000000000033" classname="character(0)" name="mirror_design_matrix_works_as_expected"/>
    <testcase time="0" classname="character(0)" name="mirror_design_matrix_works_as_expected"/>
    <testcase time="0.00100000000000033" classname="character(0)" name="mirror_design_matrix_works_as_expected"/>
    <testcase time="0.000999999999999446" classname="character(0)" name="mirror_design_matrix_works_as_expected"/>
    <testcase time="0" classname="character(0)" name="mirror_design_matrix_works_as_expected"/>
  </testsuite>
  <testsuite name="GridPrediction" timestamp="2025-02-20T16:30:17Z" hostname="a3d2ce6087b0" tests="5" skipped="0" failures="0" errors="0" time="116.527">
    <testcase time="116.523" classname="character(0)" name="GridPrediction_works_as_expected_for_Survival_models"/>
    <testcase time="0.000999999999990564" classname="character(0)" name="GridPrediction_works_as_expected_for_Survival_models"/>
    <testcase time="0.00100000000000477" classname="character(0)" name="GridPrediction_works_as_expected_for_Survival_models"/>
    <testcase time="0.00100000000000477" classname="character(0)" name="GridPrediction_works_as_expected_for_Survival_models"/>
    <testcase time="0.000999999999990564" classname="character(0)" name="GridPrediction_works_as_expected_for_Survival_models"/>
  </testsuite>
  <testsuite name="GridPrediction" timestamp="2025-02-20T16:30:17Z" hostname="a3d2ce6087b0" tests="4" skipped="0" failures="0" errors="0" time="0.005">
    <testcase time="0.00300000000000011" classname="character(0)" name="GridPrediction_error_handling_works_as_expected"/>
    <testcase time="0.00100000000000477" classname="character(0)" name="GridPrediction_error_handling_works_as_expected"/>
    <testcase time="0.00100000000000477" classname="character(0)" name="GridPrediction_error_handling_works_as_expected"/>
    <testcase time="0" classname="character(0)" name="GridPrediction_error_handling_works_as_expected"/>
  </testsuite>
  <testsuite name="GridPrediction" timestamp="2025-02-20T16:30:17Z" hostname="a3d2ce6087b0" tests="3" skipped="0" failures="0" errors="0" time="0.003">
    <testcase time="0.00199999999999534" classname="character(0)" name="getPredictionNames_works_as_expected"/>
    <testcase time="0.00100000000000477" classname="character(0)" name="getPredictionNames_works_as_expected"/>
    <testcase time="0" classname="character(0)" name="getPredictionNames_works_as_expected"/>
  </testsuite>
  <testsuite name="GridPrediction" timestamp="2025-02-20T16:30:17Z" hostname="a3d2ce6087b0" tests="1" skipped="0" failures="0" errors="0" time="0.002">
    <testcase time="0.00199999999999534" classname="character(0)" name="GridPrediction_throws_an_error_if_key_column_already_exists"/>
  </testsuite>
  <testsuite name="GridPrediction" timestamp="2025-02-20T16:30:17Z" hostname="a3d2ce6087b0" tests="5" skipped="0" failures="0" errors="0" time="0.004">
    <testcase time="0.00199999999999534" classname="character(0)" name="GridPrediction_works_for_survival_only_models"/>
    <testcase time="0" classname="character(0)" name="GridPrediction_works_for_survival_only_models"/>
    <testcase time="0.00100000000000477" classname="character(0)" name="GridPrediction_works_for_survival_only_models"/>
    <testcase time="0.00100000000000477" classname="character(0)" name="GridPrediction_works_for_survival_only_models"/>
    <testcase time="0" classname="character(0)" name="GridPrediction_works_for_survival_only_models"/>
  </testsuite>
  <testsuite name="JointModel" timestamp="2025-02-20T16:30:19Z" hostname="a3d2ce6087b0" tests="2" skipped="0" failures="0" errors="0" time="2.315">
    <testcase time="2.31399999999999" classname="character(0)" name="JointModel_smoke_tests"/>
    <testcase time="0.00100000000000477" classname="character(0)" name="JointModel_smoke_tests"/>
  </testsuite>
  <testsuite name="JointModel" timestamp="2025-02-20T16:30:19Z" hostname="a3d2ce6087b0" tests="5" skipped="0" failures="0" errors="0" time="0.007">
    <testcase time="0.00300000000000011" classname="character(0)" name="JointModel_print_method_works_as_expected"/>
    <testcase time="0.000999999999990564" classname="character(0)" name="JointModel_print_method_works_as_expected"/>
    <testcase time="0.00100000000000477" classname="character(0)" name="JointModel_print_method_works_as_expected"/>
    <testcase time="0.00100000000000477" classname="character(0)" name="JointModel_print_method_works_as_expected"/>
    <testcase time="0.000999999999990564" classname="character(0)" name="JointModel_print_method_works_as_expected"/>
  </testsuite>
  <testsuite name="JointModel" timestamp="2025-02-20T16:30:19Z" hostname="a3d2ce6087b0" tests="12" skipped="0" failures="0" errors="0" time="0.009">
    <testcase time="0.00200000000000955" classname="character(0)" name="Log_Lik_variables_are_produced_correctly"/>
    <testcase time="0.000999999999990564" classname="character(0)" name="Log_Lik_variables_are_produced_correctly"/>
    <testcase time="0" classname="character(0)" name="Log_Lik_variables_are_produced_correctly"/>
    <testcase time="0.00100000000000477" classname="character(0)" name="Log_Lik_variables_are_produced_correctly"/>
    <testcase time="0" classname="character(0)" name="Log_Lik_variables_are_produced_correctly"/>
    <testcase time="0.00100000000000477" classname="character(0)" name="Log_Lik_variables_are_produced_correctly"/>
    <testcase time="0.000999999999990564" classname="character(0)" name="Log_Lik_variables_are_produced_correctly"/>
    <testcase time="0" classname="character(0)" name="Log_Lik_variables_are_produced_correctly"/>
    <testcase time="0.00100000000000477" classname="character(0)" name="Log_Lik_variables_are_produced_correctly"/>
    <testcase time="0.00100000000000477" classname="character(0)" name="Log_Lik_variables_are_produced_correctly"/>
    <testcase time="0" classname="character(0)" name="Log_Lik_variables_are_produced_correctly"/>
    <testcase time="0.000999999999990564" classname="character(0)" name="Log_Lik_variables_are_produced_correctly"/>
  </testsuite>
  <testsuite name="JointModelSamples" timestamp="2025-02-20T16:30:48Z" hostname="a3d2ce6087b0" tests="1" skipped="0" failures="0" errors="0" time="29.276">
    <testcase time="29.276" classname="character(0)" name="print_works_as_expected_for_JointModelSamples"/>
  </testsuite>
  <testsuite name="Link" timestamp="2025-02-20T16:30:50Z" hostname="a3d2ce6087b0" tests="4" skipped="0" failures="0" errors="0" time="1.664">
    <testcase time="1.66200000000001" classname="character(0)" name="link_none_works_as_expected"/>
    <testcase time="0.00100000000000477" classname="character(0)" name="link_none_works_as_expected"/>
    <testcase time="0" classname="character(0)" name="link_none_works_as_expected"/>
    <testcase time="0.00100000000000477" classname="character(0)" name="link_none_works_as_expected"/>
  </testsuite>
  <testsuite name="Link" timestamp="2025-02-20T16:30:50Z" hostname="a3d2ce6087b0" tests="4" skipped="0" failures="0" errors="0" time="0.003">
    <testcase time="0.00100000000000477" classname="character(0)" name="Link_works_as_expected"/>
    <testcase time="0.000999999999976353" classname="character(0)" name="Link_works_as_expected"/>
    <testcase time="0" classname="character(0)" name="Link_works_as_expected"/>
    <testcase time="0.00100000000000477" classname="character(0)" name="Link_works_as_expected"/>
  </testsuite>
  <testsuite name="Link" timestamp="2025-02-20T16:30:50Z" hostname="a3d2ce6087b0" tests="5" skipped="0" failures="0" errors="0" time="0.003">
    <testcase time="0.00100000000000477" classname="character(0)" name="Link_prints_as_expected"/>
    <testcase time="0.00100000000000477" classname="character(0)" name="Link_prints_as_expected"/>
    <testcase time="0" classname="character(0)" name="Link_prints_as_expected"/>
    <testcase time="0.00100000000000477" classname="character(0)" name="Link_prints_as_expected"/>
    <testcase time="0" classname="character(0)" name="Link_prints_as_expected"/>
  </testsuite>
  <testsuite name="LinkComponent" timestamp="2025-02-20T16:30:53Z" hostname="a3d2ce6087b0" tests="5" skipped="0" failures="0" errors="0" time="3.137">
    <testcase time="3.13499999999999" classname="character(0)" name="all_link_files_pass_stan_s_syntax_checker"/>
    <testcase time="0.00100000000000477" classname="character(0)" name="all_link_files_pass_stan_s_syntax_checker"/>
    <testcase time="0" classname="character(0)" name="all_link_files_pass_stan_s_syntax_checker"/>
    <testcase time="0.00100000000000477" classname="character(0)" name="all_link_files_pass_stan_s_syntax_checker"/>
    <testcase time="0" classname="character(0)" name="all_link_files_pass_stan_s_syntax_checker"/>
  </testsuite>
  <testsuite name="LinkComponent" timestamp="2025-02-20T16:30:53Z" hostname="a3d2ce6087b0" tests="2" skipped="0" failures="0" errors="0" time="0.002">
    <testcase time="0.00199999999998113" classname="character(0)" name="complete_models_with_links_pass_stan_s_syntax_checker"/>
    <testcase time="0" classname="character(0)" name="complete_models_with_links_pass_stan_s_syntax_checker"/>
  </testsuite>
  <testsuite name="LinkComponent" timestamp="2025-02-20T16:30:53Z" hostname="a3d2ce6087b0" tests="3" skipped="0" failures="0" errors="0" time="0.003">
    <testcase time="0.00200000000000955" classname="character(0)" name="LinkComponents_are_constructed_correctly_and_can_access_key_components"/>
    <testcase time="0" classname="character(0)" name="LinkComponents_are_constructed_correctly_and_can_access_key_components"/>
    <testcase time="0.00100000000000477" classname="character(0)" name="LinkComponents_are_constructed_correctly_and_can_access_key_components"/>
  </testsuite>
  <testsuite name="LinkComponent" timestamp="2025-02-20T16:30:53Z" hostname="a3d2ce6087b0" tests="6" skipped="0" failures="0" errors="0" time="0.004">
    <testcase time="0.00100000000000477" classname="character(0)" name="Model_specific_links_return_the_correct_stan_code"/>
    <testcase time="0.00100000000000477" classname="character(0)" name="Model_specific_links_return_the_correct_stan_code"/>
    <testcase time="0" classname="character(0)" name="Model_specific_links_return_the_correct_stan_code"/>
    <testcase time="0.000999999999976353" classname="character(0)" name="Model_specific_links_return_the_correct_stan_code"/>
    <testcase time="0" classname="character(0)" name="Model_specific_links_return_the_correct_stan_code"/>
    <testcase time="0.00100000000000477" classname="character(0)" name="Model_specific_links_return_the_correct_stan_code"/>
  </testsuite>
  <testsuite name="LinkComponent" timestamp="2025-02-20T16:30:53Z" hostname="a3d2ce6087b0" tests="3" skipped="0" failures="0" errors="0" time="0.002">
    <testcase time="0.00100000000000477" classname="character(0)" name="print_works_as_expected"/>
    <testcase time="0" classname="character(0)" name="print_works_as_expected"/>
    <testcase time="0.00100000000000477" classname="character(0)" name="print_works_as_expected"/>
  </testsuite>
  <testsuite name="LinkComponent" timestamp="2025-02-20T16:30:53Z" hostname="a3d2ce6087b0" tests="4" skipped="0" failures="0" errors="0" time="0.003">
    <testcase time="0.00200000000000955" classname="character(0)" name="PromiseLinkComponents_work_as_expected"/>
    <testcase time="0" classname="character(0)" name="PromiseLinkComponents_work_as_expected"/>
    <testcase time="0.000999999999976353" classname="character(0)" name="PromiseLinkComponents_work_as_expected"/>
    <testcase time="0" classname="character(0)" name="PromiseLinkComponents_work_as_expected"/>
  </testsuite>
  <testsuite name="LongitudinalClaretBruno" timestamp="2025-02-20T16:30:59Z" hostname="a3d2ce6087b0" tests="2" skipped="0" failures="0" errors="0" time="6.092">
    <testcase time="6.09100000000001" classname="character(0)" name="LongitudinalClaretBruno_works_as_expected_with_default_arguments"/>
    <testcase time="0.00100000000000477" classname="character(0)" name="LongitudinalClaretBruno_works_as_expected_with_default_arguments"/>
  </testsuite>
  <testsuite name="LongitudinalClaretBruno" timestamp="2025-02-20T16:30:59Z" hostname="a3d2ce6087b0" tests="2" skipped="0" failures="0" errors="0" time="0.002">
    <testcase time="0.00100000000000477" classname="character(0)" name="Print_method_for_LongitudinalClaretBruno_works_as_expected"/>
    <testcase time="0.00100000000000477" classname="character(0)" name="Print_method_for_LongitudinalClaretBruno_works_as_expected"/>
  </testsuite>
  <testsuite name="LongitudinalClaretBruno" timestamp="2025-02-20T16:30:59Z" hostname="a3d2ce6087b0" tests="3" skipped="0" failures="0" errors="0" time="0.002">
    <testcase time="0.000999999999976353" classname="character(0)" name="Centralised_parameterisation_compiles_without_issues"/>
    <testcase time="0.00100000000000477" classname="character(0)" name="Centralised_parameterisation_compiles_without_issues"/>
    <testcase time="0" classname="character(0)" name="Centralised_parameterisation_compiles_without_issues"/>
  </testsuite>
  <testsuite name="LongitudinalClaretBruno" timestamp="2025-02-20T16:30:59Z" hostname="a3d2ce6087b0" tests="3" skipped="0" failures="0" errors="0" time="0.003">
    <testcase time="0.00200000000000955" classname="character(0)" name="Non_Centralised_parameterisation_compiles_without_issues"/>
    <testcase time="0" classname="character(0)" name="Non_Centralised_parameterisation_compiles_without_issues"/>
    <testcase time="0.00100000000000477" classname="character(0)" name="Non_Centralised_parameterisation_compiles_without_issues"/>
  </testsuite>
  <testsuite name="LongitudinalClaretBruno" timestamp="2025-02-20T16:30:59Z" hostname="a3d2ce6087b0" tests="3" skipped="0" failures="0" errors="0" time="0.002">
    <testcase time="0.00100000000000477" classname="character(0)" name="Centralised_parameterisation_compiles_without_issues"/>
    <testcase time="0.000999999999976353" classname="character(0)" name="Centralised_parameterisation_compiles_without_issues"/>
    <testcase time="0" classname="character(0)" name="Centralised_parameterisation_compiles_without_issues"/>
  </testsuite>
  <testsuite name="LongitudinalClaretBruno" timestamp="2025-02-20T16:30:59Z" hostname="a3d2ce6087b0" tests="3" skipped="0" failures="0" errors="0" time="0.003">
    <testcase time="0.00200000000000955" classname="character(0)" name="Non_Centralised_parameterisation_compiles_without_issues"/>
    <testcase time="0" classname="character(0)" name="Non_Centralised_parameterisation_compiles_without_issues"/>
    <testcase time="0.00100000000000477" classname="character(0)" name="Non_Centralised_parameterisation_compiles_without_issues"/>
  </testsuite>
  <testsuite name="LongitudinalClaretBruno" timestamp="2025-02-20T16:30:59Z" hostname="a3d2ce6087b0" tests="1" skipped="1" failures="0" errors="0" time="0.001">
    <testcase time="0.00100000000000477" classname="character(0)" name="Can_recover_known_distributional_parameters_from_a_SF_joint_model">
      <skipped message="Reason: is_full_test() is not TRUE ('test-LongitudinalClaretBruno.R:91:5')"/>
    </testcase>
  </testsuite>
  <testsuite name="LongitudinalClaretBruno" timestamp="2025-02-20T16:30:59Z" hostname="a3d2ce6087b0" tests="2" skipped="0" failures="0" errors="0" time="0.011">
    <testcase time="0.00999999999999091" classname="character(0)" name="Quantity_models_pass_the_parser"/>
    <testcase time="0.00100000000000477" classname="character(0)" name="Quantity_models_pass_the_parser"/>
  </testsuite>
  <testsuite name="LongitudinalClaretBruno" timestamp="2025-02-20T16:30:59Z" hostname="a3d2ce6087b0" tests="7" skipped="0" failures="0" errors="0" time="0.004">
    <testcase time="0.00100000000000477" classname="character(0)" name="Can_generate_valid_initial_values"/>
    <testcase time="0.00100000000000477" classname="character(0)" name="Can_generate_valid_initial_values"/>
    <testcase time="0" classname="character(0)" name="Can_generate_valid_initial_values"/>
    <testcase time="0.000999999999976353" classname="character(0)" name="Can_generate_valid_initial_values"/>
    <testcase time="0" classname="character(0)" name="Can_generate_valid_initial_values"/>
    <testcase time="0.00100000000000477" classname="character(0)" name="Can_generate_valid_initial_values"/>
    <testcase time="0" classname="character(0)" name="Can_generate_valid_initial_values"/>
  </testsuite>
  <testsuite name="LongitudinalClaretBruno" timestamp="2025-02-20T16:30:59Z" hostname="a3d2ce6087b0" tests="1" skipped="0" failures="0" errors="0" time="0.002">
    <testcase time="0.00200000000000955" classname="character(0)" name="Unscaled_variance_pass_the_parser"/>
  </testsuite>
  <testsuite name="LongitudinalClaretBruno" timestamp="2025-02-20T16:30:59Z" hostname="a3d2ce6087b0" tests="1" skipped="1" failures="0" errors="0" time="0.001">
    <testcase time="0.00100000000000477" classname="character(0)" name="Can_recover_known_distributional_parameters_from_unscaled_variance_ClaretBruno_model">
      <skipped message="Reason: is_full_test() is not TRUE ('test-LongitudinalClaretBruno.R:364:5')"/>
    </testcase>
  </testsuite>
  <testsuite name="LongitudinalGSF" timestamp="2025-02-20T16:31:06Z" hostname="a3d2ce6087b0" tests="2" skipped="0" failures="0" errors="0" time="6.931">
    <testcase time="6.93000000000001" classname="character(0)" name="LongitudinalGSF_works_as_expected_with_default_arguments"/>
    <testcase time="0.000999999999976353" classname="character(0)" name="LongitudinalGSF_works_as_expected_with_default_arguments"/>
  </testsuite>
  <testsuite name="LongitudinalGSF" timestamp="2025-02-20T16:31:06Z" hostname="a3d2ce6087b0" tests="2" skipped="0" failures="0" errors="0" time="0.003">
    <testcase time="0.00200000000000955" classname="character(0)" name="Print_method_for_LongitudinalGSF_works_as_expected"/>
    <testcase time="0.00100000000000477" classname="character(0)" name="Print_method_for_LongitudinalGSF_works_as_expected"/>
  </testsuite>
  <testsuite name="LongitudinalGSF" timestamp="2025-02-20T16:31:06Z" hostname="a3d2ce6087b0" tests="3" skipped="0" failures="0" errors="0" time="0.003">
    <testcase time="0.00200000000000955" classname="character(0)" name="Centralised_parameterisation_compiles_without_issues"/>
    <testcase time="0" classname="character(0)" name="Centralised_parameterisation_compiles_without_issues"/>
    <testcase time="0.000999999999976353" classname="character(0)" name="Centralised_parameterisation_compiles_without_issues"/>
  </testsuite>
  <testsuite name="LongitudinalGSF" timestamp="2025-02-20T16:31:06Z" hostname="a3d2ce6087b0" tests="3" skipped="0" failures="0" errors="0" time="0.002">
    <testcase time="0.00100000000000477" classname="character(0)" name="Non_Centralised_parameterisation_compiles_without_issues"/>
    <testcase time="0.00100000000000477" classname="character(0)" name="Non_Centralised_parameterisation_compiles_without_issues"/>
    <testcase time="0" classname="character(0)" name="Non_Centralised_parameterisation_compiles_without_issues"/>
  </testsuite>
  <testsuite name="LongitudinalGSF" timestamp="2025-02-20T16:31:06Z" hostname="a3d2ce6087b0" tests="4" skipped="0" failures="0" errors="0" time="0.003">
    <testcase time="0.00200000000000955" classname="character(0)" name="Can_load_and_compile_growth_shrinkage_links"/>
    <testcase time="0" classname="character(0)" name="Can_load_and_compile_growth_shrinkage_links"/>
    <testcase time="0.00100000000000477" classname="character(0)" name="Can_load_and_compile_growth_shrinkage_links"/>
    <testcase time="0" classname="character(0)" name="Can_load_and_compile_growth_shrinkage_links"/>
  </testsuite>
  <testsuite name="LongitudinalGSF" timestamp="2025-02-20T16:31:06Z" hostname="a3d2ce6087b0" tests="1" skipped="1" failures="0" errors="0" time="0.002">
    <testcase time="0.00199999999998113" classname="character(0)" name="Can_recover_known_distributional_parameters_from_a_full_GSF_joint_model">
      <skipped message="Reason: is_full_test() is not TRUE ('test-LongitudinalGSF.R:83:5')"/>
    </testcase>
  </testsuite>
  <testsuite name="LongitudinalGSF" timestamp="2025-02-20T16:31:06Z" hostname="a3d2ce6087b0" tests="2" skipped="0" failures="0" errors="0" time="0.011">
    <testcase time="0.00999999999999091" classname="character(0)" name="Quantity_models_pass_the_parser"/>
    <testcase time="0.00100000000000477" classname="character(0)" name="Quantity_models_pass_the_parser"/>
  </testsuite>
  <testsuite name="LongitudinalGSF" timestamp="2025-02-20T16:31:06Z" hostname="a3d2ce6087b0" tests="7" skipped="0" failures="0" errors="0" time="0.004">
    <testcase time="0.00100000000000477" classname="character(0)" name="Can_generate_valid_initial_values"/>
    <testcase time="0.00100000000000477" classname="character(0)" name="Can_generate_valid_initial_values"/>
    <testcase time="0" classname="character(0)" name="Can_generate_valid_initial_values"/>
    <testcase time="0.00100000000000477" classname="character(0)" name="Can_generate_valid_initial_values"/>
    <testcase time="0" classname="character(0)" name="Can_generate_valid_initial_values"/>
    <testcase time="0.00100000000000477" classname="character(0)" name="Can_generate_valid_initial_values"/>
    <testcase time="0" classname="character(0)" name="Can_generate_valid_initial_values"/>
  </testsuite>
  <testsuite name="LongitudinalGSF" timestamp="2025-02-20T16:31:06Z" hostname="a3d2ce6087b0" tests="1" skipped="0" failures="0" errors="0" time="0.002">
    <testcase time="0.00199999999998113" classname="character(0)" name="Unscaled_variance_GSF_mode_pass_the_parser"/>
  </testsuite>
  <testsuite name="LongitudinalGSF" timestamp="2025-02-20T16:31:06Z" hostname="a3d2ce6087b0" tests="1" skipped="1" failures="0" errors="0" time="0.001">
    <testcase time="0.00100000000000477" classname="character(0)" name="Can_recover_known_distributional_parameters_from_unscaled_variance_GSF_model">
      <skipped message="Reason: is_full_test() is not TRUE ('test-LongitudinalGSF.R:334:5')"/>
    </testcase>
  </testsuite>
  <testsuite name="Grid" timestamp="2025-02-20T16:31:50Z" hostname="a3d2ce6087b0" tests="15" skipped="0" failures="0" errors="0" time="43.748">
    <testcase time="43.733" classname="character(0)" name="Grid_objects_work_with_QuantityGenerator_and_QuantityCollapser"/>
    <testcase time="0.00600000000000023" classname="character(0)" name="Grid_objects_work_with_QuantityGenerator_and_QuantityCollapser"/>
    <testcase time="0.00100000000000477" classname="character(0)" name="Grid_objects_work_with_QuantityGenerator_and_QuantityCollapser"/>
    <testcase time="0" classname="character(0)" name="Grid_objects_work_with_QuantityGenerator_and_QuantityCollapser"/>
    <testcase time="0.00100000000000477" classname="character(0)" name="Grid_objects_work_with_QuantityGenerator_and_QuantityCollapser"/>
    <testcase time="0.00100000000000477" classname="character(0)" name="Grid_objects_work_with_QuantityGenerator_and_QuantityCollapser"/>
    <testcase time="0" classname="character(0)" name="Grid_objects_work_with_QuantityGenerator_and_QuantityCollapser"/>
    <testcase time="0.000999999999976353" classname="character(0)" name="Grid_objects_work_with_QuantityGenerator_and_QuantityCollapser"/>
    <testcase time="0.00100000000000477" classname="character(0)" name="Grid_objects_work_with_QuantityGenerator_and_QuantityCollapser"/>
    <testcase time="0" classname="character(0)" name="Grid_objects_work_with_QuantityGenerator_and_QuantityCollapser"/>
    <testcase time="0.00100000000000477" classname="character(0)" name="Grid_objects_work_with_QuantityGenerator_and_QuantityCollapser"/>
    <testcase time="0.00100000000000477" classname="character(0)" name="Grid_objects_work_with_QuantityGenerator_and_QuantityCollapser"/>
    <testcase time="0.00100000000000477" classname="character(0)" name="Grid_objects_work_with_QuantityGenerator_and_QuantityCollapser"/>
    <testcase time="0" classname="character(0)" name="Grid_objects_work_with_QuantityGenerator_and_QuantityCollapser"/>
    <testcase time="0.00100000000000477" classname="character(0)" name="Grid_objects_work_with_QuantityGenerator_and_QuantityCollapser"/>
  </testsuite>
  <testsuite name="Grid" timestamp="2025-02-20T16:31:50Z" hostname="a3d2ce6087b0" tests="11" skipped="0" failures="0" errors="0" time="0.006">
    <testcase time="0.00199999999998113" classname="character(0)" name="GridObservered_Constructs_correct_quantities"/>
    <testcase time="0" classname="character(0)" name="GridObservered_Constructs_correct_quantities"/>
    <testcase time="0.00100000000000477" classname="character(0)" name="GridObservered_Constructs_correct_quantities"/>
    <testcase time="0" classname="character(0)" name="GridObservered_Constructs_correct_quantities"/>
    <testcase time="0.00100000000000477" classname="character(0)" name="GridObservered_Constructs_correct_quantities"/>
    <testcase time="0" classname="character(0)" name="GridObservered_Constructs_correct_quantities"/>
    <testcase time="0.00100000000000477" classname="character(0)" name="GridObservered_Constructs_correct_quantities"/>
    <testcase time="0" classname="character(0)" name="GridObservered_Constructs_correct_quantities"/>
    <testcase time="0" classname="character(0)" name="GridObservered_Constructs_correct_quantities"/>
    <testcase time="0.00100000000000477" classname="character(0)" name="GridObservered_Constructs_correct_quantities"/>
    <testcase time="0" classname="character(0)" name="GridObservered_Constructs_correct_quantities"/>
  </testsuite>
  <testsuite name="Grid" timestamp="2025-02-20T16:31:50Z" hostname="a3d2ce6087b0" tests="4" skipped="0" failures="0" errors="0" time="0.002">
    <testcase time="0.00199999999998113" classname="character(0)" name="subjects_to_list_works_as_expected"/>
    <testcase time="0" classname="character(0)" name="subjects_to_list_works_as_expected"/>
    <testcase time="0" classname="character(0)" name="subjects_to_list_works_as_expected"/>
    <testcase time="0" classname="character(0)" name="subjects_to_list_works_as_expected"/>
  </testsuite>
  <testsuite name="Grid" timestamp="2025-02-20T16:31:50Z" hostname="a3d2ce6087b0" tests="4" skipped="0" failures="0" errors="0" time="0.003">
    <testcase time="0.00200000000000955" classname="character(0)" name="coalesceGridTime_works_as_expected"/>
    <testcase time="0" classname="character(0)" name="coalesceGridTime_works_as_expected"/>
    <testcase time="0.000999999999976353" classname="character(0)" name="coalesceGridTime_works_as_expected"/>
    <testcase time="0" classname="character(0)" name="coalesceGridTime_works_as_expected"/>
  </testsuite>
  <testsuite name="Grid" timestamp="2025-02-20T16:31:50Z" hostname="a3d2ce6087b0" tests="5" skipped="0" failures="0" errors="0" time="0.004">
    <testcase time="0.00200000000000955" classname="character(0)" name="GridPopulation_works_as_expected_for_GSF_models"/>
    <testcase time="0" classname="character(0)" name="GridPopulation_works_as_expected_for_GSF_models"/>
    <testcase time="0.00100000000000477" classname="character(0)" name="GridPopulation_works_as_expected_for_GSF_models"/>
    <testcase time="0" classname="character(0)" name="GridPopulation_works_as_expected_for_GSF_models"/>
    <testcase time="0.00100000000000477" classname="character(0)" name="GridPopulation_works_as_expected_for_GSF_models"/>
  </testsuite>
  <testsuite name="Grid" timestamp="2025-02-20T16:31:50Z" hostname="a3d2ce6087b0" tests="5" skipped="0" failures="0" errors="0" time="0.003">
    <testcase time="0.00100000000000477" classname="character(0)" name="GridPopulation_works_as_expected_for_Longitudinal_models"/>
    <testcase time="0.000999999999976353" classname="character(0)" name="GridPopulation_works_as_expected_for_Longitudinal_models"/>
    <testcase time="0" classname="character(0)" name="GridPopulation_works_as_expected_for_Longitudinal_models"/>
    <testcase time="0.00100000000000477" classname="character(0)" name="GridPopulation_works_as_expected_for_Longitudinal_models"/>
    <testcase time="0" classname="character(0)" name="GridPopulation_works_as_expected_for_Longitudinal_models"/>
  </testsuite>
  <testsuite name="Grid" timestamp="2025-02-20T16:31:50Z" hostname="a3d2ce6087b0" tests="1" skipped="0" failures="0" errors="0" time="0.002">
    <testcase time="0.00200000000000955" classname="character(0)" name="GridPopulation_doesn_t_work_with_SurvivalQuantities"/>
  </testsuite>
  <testsuite name="Grid" timestamp="2025-02-20T16:31:50Z" hostname="a3d2ce6087b0" tests="1" skipped="0" failures="0" errors="0" time="0.001">
    <testcase time="0.00100000000000477" classname="character(0)" name="GridFixed_bug_has_been_fixed"/>
  </testsuite>
  <testsuite name="LongitudinalQuantiles" timestamp="2025-02-20T16:31:54Z" hostname="a3d2ce6087b0" tests="10" skipped="0" failures="0" errors="0" time="4.102">
    <testcase time="4.09399999999999" classname="character(0)" name="Test_that_LongitudinalQuantities_works_as_expected"/>
    <testcase time="0.00100000000000477" classname="character(0)" name="Test_that_LongitudinalQuantities_works_as_expected"/>
    <testcase time="0.00100000000000477" classname="character(0)" name="Test_that_LongitudinalQuantities_works_as_expected"/>
    <testcase time="0.00100000000000477" classname="character(0)" name="Test_that_LongitudinalQuantities_works_as_expected"/>
    <testcase time="0.000999999999976353" classname="character(0)" name="Test_that_LongitudinalQuantities_works_as_expected"/>
    <testcase time="0.00100000000000477" classname="character(0)" name="Test_that_LongitudinalQuantities_works_as_expected"/>
    <testcase time="0.00100000000000477" classname="character(0)" name="Test_that_LongitudinalQuantities_works_as_expected"/>
    <testcase time="0.00100000000000477" classname="character(0)" name="Test_that_LongitudinalQuantities_works_as_expected"/>
    <testcase time="0.00100000000000477" classname="character(0)" name="Test_that_LongitudinalQuantities_works_as_expected"/>
    <testcase time="0" classname="character(0)" name="Test_that_LongitudinalQuantities_works_as_expected"/>
  </testsuite>
  <testsuite name="LongitudinalQuantiles" timestamp="2025-02-20T16:31:54Z" hostname="a3d2ce6087b0" tests="15" skipped="0" failures="0" errors="0" time="0.014">
    <testcase time="0.00199999999998113" classname="character(0)" name="autoplot.LongitudinalQuantities_works_as_expected"/>
    <testcase time="0.00100000000000477" classname="character(0)" name="autoplot.LongitudinalQuantities_works_as_expected"/>
    <testcase time="0.00100000000000477" classname="character(0)" name="autoplot.LongitudinalQuantities_works_as_expected"/>
    <testcase time="0.00100000000000477" classname="character(0)" name="autoplot.LongitudinalQuantities_works_as_expected"/>
    <testcase time="0.00100000000000477" classname="character(0)" name="autoplot.LongitudinalQuantities_works_as_expected"/>
    <testcase time="0.000999999999976353" classname="character(0)" name="autoplot.LongitudinalQuantities_works_as_expected"/>
    <testcase time="0.00100000000000477" classname="character(0)" name="autoplot.LongitudinalQuantities_works_as_expected"/>
    <testcase time="0.00100000000000477" classname="character(0)" name="autoplot.LongitudinalQuantities_works_as_expected"/>
    <testcase time="0.00100000000000477" classname="character(0)" name="autoplot.LongitudinalQuantities_works_as_expected"/>
    <testcase time="0.00100000000000477" classname="character(0)" name="autoplot.LongitudinalQuantities_works_as_expected"/>
    <testcase time="0" classname="character(0)" name="autoplot.LongitudinalQuantities_works_as_expected"/>
    <testcase time="0.000999999999976353" classname="character(0)" name="autoplot.LongitudinalQuantities_works_as_expected"/>
    <testcase time="0" classname="character(0)" name="autoplot.LongitudinalQuantities_works_as_expected"/>
    <testcase time="0.00100000000000477" classname="character(0)" name="autoplot.LongitudinalQuantities_works_as_expected"/>
    <testcase time="0.00100000000000477" classname="character(0)" name="autoplot.LongitudinalQuantities_works_as_expected"/>
  </testsuite>
  <testsuite name="LongitudinalQuantiles" timestamp="2025-02-20T16:31:54Z" hostname="a3d2ce6087b0" tests="2" skipped="0" failures="0" errors="0" time="0.002">
    <testcase time="0.00100000000000477" classname="character(0)" name="LongitudinalQuantities_print_method_works_as_expected"/>
    <testcase time="0.00100000000000477" classname="character(0)" name="LongitudinalQuantities_print_method_works_as_expected"/>
  </testsuite>
  <testsuite name="LongitudinalQuantiles" timestamp="2025-02-20T16:31:54Z" hostname="a3d2ce6087b0" tests="1" skipped="0" failures="0" errors="0" time="0.001">
    <testcase time="0.00100000000000477" classname="character(0)" name="LongitudinalQuantities_can_recover_known_results"/>
  </testsuite>
  <testsuite name="LongitudinalQuantiles" timestamp="2025-02-20T16:31:54Z" hostname="a3d2ce6087b0" tests="1" skipped="0" failures="0" errors="0" time="0.002">
    <testcase time="0.00199999999998113" classname="character(0)" name="LongitudinalQuantities_correctly_subsets_subjects_and_rebuilds_correct_value_for_each_sample"/>
  </testsuite>
  <testsuite name="LongitudinalSteinFojo" timestamp="2025-02-20T16:32:01Z" hostname="a3d2ce6087b0" tests="2" skipped="0" failures="0" errors="0" time="7.34">
    <testcase time="7.339" classname="character(0)" name="LongitudinalSteinFojo_works_as_expected_with_default_arguments"/>
    <testcase time="0.00100000000000477" classname="character(0)" name="LongitudinalSteinFojo_works_as_expected_with_default_arguments"/>
  </testsuite>
  <testsuite name="LongitudinalSteinFojo" timestamp="2025-02-20T16:32:01Z" hostname="a3d2ce6087b0" tests="2" skipped="0" failures="0" errors="0" time="0.003">
    <testcase time="0.00200000000000955" classname="character(0)" name="Print_method_for_LongitudinalSteinFojo_works_as_expected"/>
    <testcase time="0.00100000000000477" classname="character(0)" name="Print_method_for_LongitudinalSteinFojo_works_as_expected"/>
  </testsuite>
  <testsuite name="LongitudinalSteinFojo" timestamp="2025-02-20T16:32:01Z" hostname="a3d2ce6087b0" tests="3" skipped="0" failures="0" errors="0" time="0.002">
    <testcase time="0.00100000000000477" classname="character(0)" name="Centralised_parameterisation_compiles_without_issues"/>
    <testcase time="0.000999999999976353" classname="character(0)" name="Centralised_parameterisation_compiles_without_issues"/>
    <testcase time="0" classname="character(0)" name="Centralised_parameterisation_compiles_without_issues"/>
  </testsuite>
  <testsuite name="LongitudinalSteinFojo" timestamp="2025-02-20T16:32:01Z" hostname="a3d2ce6087b0" tests="3" skipped="0" failures="0" errors="0" time="0.003">
    <testcase time="0.00200000000000955" classname="character(0)" name="Non_Centralised_parameterisation_compiles_without_issues"/>
    <testcase time="0" classname="character(0)" name="Non_Centralised_parameterisation_compiles_without_issues"/>
    <testcase time="0.00100000000000477" classname="character(0)" name="Non_Centralised_parameterisation_compiles_without_issues"/>
  </testsuite>
  <testsuite name="LongitudinalSteinFojo" timestamp="2025-02-20T16:32:01Z" hostname="a3d2ce6087b0" tests="3" skipped="0" failures="0" errors="0" time="0.003">
    <testcase time="0.00200000000000955" classname="character(0)" name="Centralised_parameterisation_compiles_without_issues"/>
    <testcase time="0.000999999999976353" classname="character(0)" name="Centralised_parameterisation_compiles_without_issues"/>
    <testcase time="0" classname="character(0)" name="Centralised_parameterisation_compiles_without_issues"/>
  </testsuite>
  <testsuite name="LongitudinalSteinFojo" timestamp="2025-02-20T16:32:01Z" hostname="a3d2ce6087b0" tests="3" skipped="0" failures="0" errors="0" time="0.003">
    <testcase time="0.00200000000000955" classname="character(0)" name="Non_Centralised_parameterisation_compiles_without_issues"/>
    <testcase time="0.00100000000000477" classname="character(0)" name="Non_Centralised_parameterisation_compiles_without_issues"/>
    <testcase time="0" classname="character(0)" name="Non_Centralised_parameterisation_compiles_without_issues"/>
  </testsuite>
  <testsuite name="LongitudinalSteinFojo" timestamp="2025-02-20T16:32:01Z" hostname="a3d2ce6087b0" tests="4" skipped="0" failures="0" errors="0" time="0.004">
    <testcase time="0.00200000000000955" classname="character(0)" name="Can_load_and_compile_growth_shrinkage_links"/>
    <testcase time="0.000999999999976353" classname="character(0)" name="Can_load_and_compile_growth_shrinkage_links"/>
    <testcase time="0" classname="character(0)" name="Can_load_and_compile_growth_shrinkage_links"/>
    <testcase time="0.00100000000000477" classname="character(0)" name="Can_load_and_compile_growth_shrinkage_links"/>
  </testsuite>
  <testsuite name="LongitudinalSteinFojo" timestamp="2025-02-20T16:32:01Z" hostname="a3d2ce6087b0" tests="1" skipped="1" failures="0" errors="0" time="0.001">
    <testcase time="0.00100000000000477" classname="character(0)" name="Can_recover_known_distributional_parameters_from_a_SF_joint_model">
      <skipped message="Reason: is_full_test() is not TRUE ('test-LongitudinalSteinFojo.R:110:5')"/>
    </testcase>
  </testsuite>
  <testsuite name="LongitudinalSteinFojo" timestamp="2025-02-20T16:32:01Z" hostname="a3d2ce6087b0" tests="1" skipped="1" failures="0" errors="0" time="0.011">
    <testcase time="0.0109999999999957" classname="character(0)" name="Can_recover_known_distributional_parameters_from_a_SF_joint_model_with_growth_link">
      <skipped message="Reason: is_full_test() is not TRUE ('test-LongitudinalSteinFojo.R:275:5')"/>
    </testcase>
  </testsuite>
  <testsuite name="LongitudinalSteinFojo" timestamp="2025-02-20T16:32:01Z" hostname="a3d2ce6087b0" tests="2" skipped="0" failures="0" errors="0" time="0.01">
    <testcase time="0.00999999999999091" classname="character(0)" name="Quantity_models_pass_the_parser"/>
    <testcase time="0" classname="character(0)" name="Quantity_models_pass_the_parser"/>
  </testsuite>
  <testsuite name="LongitudinalSteinFojo" timestamp="2025-02-20T16:32:01Z" hostname="a3d2ce6087b0" tests="6" skipped="0" failures="0" errors="0" time="0.004">
    <testcase time="0.00200000000000955" classname="character(0)" name="Can_generate_valid_initial_values"/>
    <testcase time="0" classname="character(0)" name="Can_generate_valid_initial_values"/>
    <testcase time="0.00100000000000477" classname="character(0)" name="Can_generate_valid_initial_values"/>
    <testcase time="0" classname="character(0)" name="Can_generate_valid_initial_values"/>
    <testcase time="0.00100000000000477" classname="character(0)" name="Can_generate_valid_initial_values"/>
    <testcase time="0" classname="character(0)" name="Can_generate_valid_initial_values"/>
  </testsuite>
  <testsuite name="LongitudinalSteinFojo" timestamp="2025-02-20T16:32:01Z" hostname="a3d2ce6087b0" tests="1" skipped="0" failures="0" errors="0" time="0.002">
    <testcase time="0.00199999999998113" classname="character(0)" name="Unscaled_variance_SF_mode_pass_the_parser"/>
  </testsuite>
  <testsuite name="LongitudinalSteinFojo" timestamp="2025-02-20T16:32:01Z" hostname="a3d2ce6087b0" tests="1" skipped="1" failures="0" errors="0" time="0.002">
    <testcase time="0.00200000000000955" classname="character(0)" name="Can_recover_known_distributional_parameters_from_unscaled_variance_SF_model">
      <skipped message="Reason: is_full_test() is not TRUE ('test-LongitudinalSteinFojo.R:539:5')"/>
    </testcase>
  </testsuite>
  <testsuite name="Parameter" timestamp="2025-02-20T16:32:02Z" hostname="a3d2ce6087b0" tests="2" skipped="0" failures="0" errors="0" time="0.173">
    <testcase time="0.171999999999997" classname="character(0)" name="Parameters_smoke_tests"/>
    <testcase time="0.00100000000000477" classname="character(0)" name="Parameters_smoke_tests"/>
  </testsuite>
  <testsuite name="Parameter" timestamp="2025-02-20T16:32:02Z" hostname="a3d2ce6087b0" tests="3" skipped="0" failures="0" errors="0" time="0.005">
    <testcase time="0.00300000000001432" classname="character(0)" name="show_works_for_Paramneter_objects"/>
    <testcase time="0.000999999999976353" classname="character(0)" name="show_works_for_Paramneter_objects"/>
    <testcase time="0.00100000000000477" classname="character(0)" name="show_works_for_Paramneter_objects"/>
  </testsuite>
  <testsuite name="ParameterList" timestamp="2025-02-20T16:32:02Z" hostname="a3d2ce6087b0" tests="4" skipped="0" failures="0" errors="0" time="0.112">
    <testcase time="0.109000000000009" classname="character(0)" name="ParameterList_smoke_tests"/>
    <testcase time="0.00100000000000477" classname="character(0)" name="ParameterList_smoke_tests"/>
    <testcase time="0.00100000000000477" classname="character(0)" name="ParameterList_smoke_tests"/>
    <testcase time="0.000999999999976353" classname="character(0)" name="ParameterList_smoke_tests"/>
  </testsuite>
  <testsuite name="ParameterList" timestamp="2025-02-20T16:32:02Z" hostname="a3d2ce6087b0" tests="1" skipped="0" failures="0" errors="0" time="0.003">
    <testcase time="0.00300000000001432" classname="character(0)" name="show_works_for_ParameterList_objects"/>
  </testsuite>
  <testsuite name="Prior" timestamp="2025-02-20T16:32:03Z" hostname="a3d2ce6087b0" tests="8" skipped="0" failures="0" errors="0" time="0.856">
    <testcase time="0.852000000000004" classname="character(0)" name="Priors_work_as_expected"/>
    <testcase time="0.00100000000000477" classname="character(0)" name="Priors_work_as_expected"/>
    <testcase time="0" classname="character(0)" name="Priors_work_as_expected"/>
    <testcase time="0.000999999999976353" classname="character(0)" name="Priors_work_as_expected"/>
    <testcase time="0" classname="character(0)" name="Priors_work_as_expected"/>
    <testcase time="0.00100000000000477" classname="character(0)" name="Priors_work_as_expected"/>
    <testcase time="0.00100000000000477" classname="character(0)" name="Priors_work_as_expected"/>
    <testcase time="0" classname="character(0)" name="Priors_work_as_expected"/>
  </testsuite>
  <testsuite name="Prior" timestamp="2025-02-20T16:32:03Z" hostname="a3d2ce6087b0" tests="15" skipped="0" failures="0" errors="0" time="0.01">
    <testcase time="0.00300000000001432" classname="character(0)" name="Invalid_prior_parameters_are_rejected"/>
    <testcase time="0" classname="character(0)" name="Invalid_prior_parameters_are_rejected"/>
    <testcase time="0.000999999999976353" classname="character(0)" name="Invalid_prior_parameters_are_rejected"/>
    <testcase time="0" classname="character(0)" name="Invalid_prior_parameters_are_rejected"/>
    <testcase time="0.00100000000000477" classname="character(0)" name="Invalid_prior_parameters_are_rejected"/>
    <testcase time="0" classname="character(0)" name="Invalid_prior_parameters_are_rejected"/>
    <testcase time="0.00100000000000477" classname="character(0)" name="Invalid_prior_parameters_are_rejected"/>
    <testcase time="0" classname="character(0)" name="Invalid_prior_parameters_are_rejected"/>
    <testcase time="0.00100000000000477" classname="character(0)" name="Invalid_prior_parameters_are_rejected"/>
    <testcase time="0" classname="character(0)" name="Invalid_prior_parameters_are_rejected"/>
    <testcase time="0.00100000000000477" classname="character(0)" name="Invalid_prior_parameters_are_rejected"/>
    <testcase time="0" classname="character(0)" name="Invalid_prior_parameters_are_rejected"/>
    <testcase time="0.00100000000000477" classname="character(0)" name="Invalid_prior_parameters_are_rejected"/>
    <testcase time="0" classname="character(0)" name="Invalid_prior_parameters_are_rejected"/>
    <testcase time="0.000999999999976353" classname="character(0)" name="Invalid_prior_parameters_are_rejected"/>
  </testsuite>
  <testsuite name="Prior" timestamp="2025-02-20T16:32:03Z" hostname="a3d2ce6087b0" tests="11" skipped="0" failures="0" errors="0" time="0.008">
    <testcase time="0.00200000000000955" classname="character(0)" name="show_works_for_Prior_objects"/>
    <testcase time="0" classname="character(0)" name="show_works_for_Prior_objects"/>
    <testcase time="0.00100000000000477" classname="character(0)" name="show_works_for_Prior_objects"/>
    <testcase time="0" classname="character(0)" name="show_works_for_Prior_objects"/>
    <testcase time="0.00100000000000477" classname="character(0)" name="show_works_for_Prior_objects"/>
    <testcase time="0.00100000000000477" classname="character(0)" name="show_works_for_Prior_objects"/>
    <testcase time="0" classname="character(0)" name="show_works_for_Prior_objects"/>
    <testcase time="0.000999999999976353" classname="character(0)" name="show_works_for_Prior_objects"/>
    <testcase time="0.00100000000000477" classname="character(0)" name="show_works_for_Prior_objects"/>
    <testcase time="0" classname="character(0)" name="show_works_for_Prior_objects"/>
    <testcase time="0.00100000000000477" classname="character(0)" name="show_works_for_Prior_objects"/>
  </testsuite>
  <testsuite name="Prior" timestamp="2025-02-20T16:32:03Z" hostname="a3d2ce6087b0" tests="3" skipped="0" failures="0" errors="0" time="0.002">
    <testcase time="0.00100000000000477" classname="character(0)" name="jmpost.prior_shrinkage_works_as_expected"/>
    <testcase time="0.00100000000000477" classname="character(0)" name="jmpost.prior_shrinkage_works_as_expected"/>
    <testcase time="0" classname="character(0)" name="jmpost.prior_shrinkage_works_as_expected"/>
  </testsuite>
  <testsuite name="Prior" timestamp="2025-02-20T16:32:03Z" hostname="a3d2ce6087b0" tests="7" skipped="0" failures="0" errors="0" time="0.005">
    <testcase time="0.00199999999998113" classname="character(0)" name="Limits_work_as_expected"/>
    <testcase time="0" classname="character(0)" name="Limits_work_as_expected"/>
    <testcase time="0.00100000000000477" classname="character(0)" name="Limits_work_as_expected"/>
    <testcase time="0" classname="character(0)" name="Limits_work_as_expected"/>
    <testcase time="0.00100000000000477" classname="character(0)" name="Limits_work_as_expected"/>
    <testcase time="0" classname="character(0)" name="Limits_work_as_expected"/>
    <testcase time="0.00100000000000477" classname="character(0)" name="Limits_work_as_expected"/>
  </testsuite>
  <testsuite name="Prior" timestamp="2025-02-20T16:32:03Z" hostname="a3d2ce6087b0" tests="2" skipped="0" failures="0" errors="0" time="0.002">
    <testcase time="0.00200000000000955" classname="character(0)" name="median_Prior_works_as_expected"/>
    <testcase time="0" classname="character(0)" name="median_Prior_works_as_expected"/>
  </testsuite>
  <testsuite name="Prior" timestamp="2025-02-20T16:32:03Z" hostname="a3d2ce6087b0" tests="4" skipped="0" failures="0" errors="0" time="0.004">
    <testcase time="0.00199999999998113" classname="character(0)" name="Parameters_in_priors_must_be_length_1_422"/>
    <testcase time="0.00100000000000477" classname="character(0)" name="Parameters_in_priors_must_be_length_1_422"/>
    <testcase time="0" classname="character(0)" name="Parameters_in_priors_must_be_length_1_422"/>
    <testcase time="0.00100000000000477" classname="character(0)" name="Parameters_in_priors_must_be_length_1_422"/>
  </testsuite>
  <testsuite name="Quantities" timestamp="2025-02-20T16:32:03Z" hostname="a3d2ce6087b0" tests="3" skipped="0" failures="0" errors="0" time="0.134">
    <testcase time="0.13300000000001" classname="character(0)" name="Simple_utility_functions_work_as_expected"/>
    <testcase time="0.000999999999976353" classname="character(0)" name="Simple_utility_functions_work_as_expected"/>
    <testcase time="0" classname="character(0)" name="Simple_utility_functions_work_as_expected"/>
  </testsuite>
  <testsuite name="Quantities" timestamp="2025-02-20T16:32:03Z" hostname="a3d2ce6087b0" tests="4" skipped="0" failures="0" errors="0" time="0.007">
    <testcase time="0.00200000000000955" classname="character(0)" name="collapse_quantities_works_as_expected"/>
    <testcase time="0.00100000000000477" classname="character(0)" name="collapse_quantities_works_as_expected"/>
    <testcase time="0" classname="character(0)" name="collapse_quantities_works_as_expected"/>
    <testcase time="0.00399999999999068" classname="character(0)" name="collapse_quantities_works_as_expected"/>
  </testsuite>
  <testsuite name="Quantities" timestamp="2025-02-20T16:32:03Z" hostname="a3d2ce6087b0" tests="1" skipped="0" failures="0" errors="0" time="0.002">
    <testcase time="0.00200000000000955" classname="character(0)" name="summary.Quantiles_works_as_expected"/>
  </testsuite>
  <testsuite name="Quantities" timestamp="2025-02-20T16:32:03Z" hostname="a3d2ce6087b0" tests="1" skipped="0" failures="0" errors="0" time="0.002">
    <testcase time="0.00200000000000955" classname="character(0)" name="as.data.frame.Quantiles_works_as_expected"/>
  </testsuite>
  <testsuite name="Quantities" timestamp="2025-02-20T16:32:03Z" hostname="a3d2ce6087b0" tests="1" skipped="0" failures="0" errors="0" time="0.001">
    <testcase time="0.000999999999976353" classname="character(0)" name="Quantities_print_method_works_as_expected"/>
  </testsuite>
  <testsuite name="SimGroup" timestamp="2025-02-20T16:32:03Z" hostname="a3d2ce6087b0" tests="7" skipped="0" failures="0" errors="0" time="0.084">
    <testcase time="0.078000000000003" classname="character(0)" name="SimGroup_works_as_expected"/>
    <testcase time="0.00100000000000477" classname="character(0)" name="SimGroup_works_as_expected"/>
    <testcase time="0.00100000000000477" classname="character(0)" name="SimGroup_works_as_expected"/>
    <testcase time="0.00100000000000477" classname="character(0)" name="SimGroup_works_as_expected"/>
    <testcase time="0.00100000000000477" classname="character(0)" name="SimGroup_works_as_expected"/>
    <testcase time="0.000999999999976353" classname="character(0)" name="SimGroup_works_as_expected"/>
    <testcase time="0.00100000000000477" classname="character(0)" name="SimGroup_works_as_expected"/>
  </testsuite>
  <testsuite name="SimJointData" timestamp="2025-02-20T16:32:04Z" hostname="a3d2ce6087b0" tests="8" skipped="0" failures="0" errors="0" time="0.849">
    <testcase time="0.843000000000018" classname="character(0)" name="SimJointData_works_as_expected"/>
    <testcase time="0.000999999999976353" classname="character(0)" name="SimJointData_works_as_expected"/>
    <testcase time="0.00100000000000477" classname="character(0)" name="SimJointData_works_as_expected"/>
    <testcase time="0.00100000000000477" classname="character(0)" name="SimJointData_works_as_expected"/>
    <testcase time="0.00100000000000477" classname="character(0)" name="SimJointData_works_as_expected"/>
    <testcase time="0.00100000000000477" classname="character(0)" name="SimJointData_works_as_expected"/>
    <testcase time="0" classname="character(0)" name="SimJointData_works_as_expected"/>
    <testcase time="0.00100000000000477" classname="character(0)" name="SimJointData_works_as_expected"/>
  </testsuite>
  <testsuite name="SimJointData" timestamp="2025-02-20T16:32:04Z" hostname="a3d2ce6087b0" tests="1" skipped="0" failures="0" errors="0" time="0.003">
    <testcase time="0.0029999999999859" classname="character(0)" name="SimJointData_leads_to_valid_DataJoint_with_almost_only_default_arguments"/>
  </testsuite>
  <testsuite name="SimJointData" timestamp="2025-02-20T16:32:04Z" hostname="a3d2ce6087b0" tests="1" skipped="0" failures="0" errors="0" time="0.003">
    <testcase time="0.00300000000001432" classname="character(0)" name="print_methods_work_as_expected"/>
  </testsuite>
  <testsuite name="SimLongitudinalClaretBruno" timestamp="2025-02-20T16:32:04Z" hostname="a3d2ce6087b0" tests="16" skipped="0" failures="0" errors="0" time="0.148">
    <testcase time="0.133999999999986" classname="character(0)" name="SimLongitudinalClaretBruno_works_as_expected"/>
    <testcase time="0.00100000000000477" classname="character(0)" name="SimLongitudinalClaretBruno_works_as_expected"/>
    <testcase time="0" classname="character(0)" name="SimLongitudinalClaretBruno_works_as_expected"/>
    <testcase time="0.00100000000000477" classname="character(0)" name="SimLongitudinalClaretBruno_works_as_expected"/>
    <testcase time="0.00100000000000477" classname="character(0)" name="SimLongitudinalClaretBruno_works_as_expected"/>
    <testcase time="0.000999999999976353" classname="character(0)" name="SimLongitudinalClaretBruno_works_as_expected"/>
    <testcase time="0.00100000000000477" classname="character(0)" name="SimLongitudinalClaretBruno_works_as_expected"/>
    <testcase time="0.00100000000000477" classname="character(0)" name="SimLongitudinalClaretBruno_works_as_expected"/>
    <testcase time="0.00100000000000477" classname="character(0)" name="SimLongitudinalClaretBruno_works_as_expected"/>
    <testcase time="0.00100000000000477" classname="character(0)" name="SimLongitudinalClaretBruno_works_as_expected"/>
    <testcase time="0.00100000000000477" classname="character(0)" name="SimLongitudinalClaretBruno_works_as_expected"/>
    <testcase time="0.000999999999976353" classname="character(0)" name="SimLongitudinalClaretBruno_works_as_expected"/>
    <testcase time="0.00100000000000477" classname="character(0)" name="SimLongitudinalClaretBruno_works_as_expected"/>
    <testcase time="0.00100000000000477" classname="character(0)" name="SimLongitudinalClaretBruno_works_as_expected"/>
    <testcase time="0.00100000000000477" classname="character(0)" name="SimLongitudinalClaretBruno_works_as_expected"/>
    <testcase time="0.00100000000000477" classname="character(0)" name="SimLongitudinalClaretBruno_works_as_expected"/>
  </testsuite>
  <testsuite name="SimLongitudinalClaretBruno" timestamp="2025-02-20T16:32:04Z" hostname="a3d2ce6087b0" tests="1" skipped="0" failures="0" errors="0" time="0.002">
    <testcase time="0.00199999999998113" classname="character(0)" name="print_methods_work_as_expected"/>
  </testsuite>
  <testsuite name="SimLongitudinalGSF" timestamp="2025-02-20T16:32:04Z" hostname="a3d2ce6087b0" tests="16" skipped="0" failures="0" errors="0" time="0.151">
    <testcase time="0.137" classname="character(0)" name="SimLongitudinalGSF_works_as_expected"/>
    <testcase time="0.00100000000000477" classname="character(0)" name="SimLongitudinalGSF_works_as_expected"/>
    <testcase time="0.00100000000000477" classname="character(0)" name="SimLongitudinalGSF_works_as_expected"/>
    <testcase time="0.00100000000000477" classname="character(0)" name="SimLongitudinalGSF_works_as_expected"/>
    <testcase time="0.00100000000000477" classname="character(0)" name="SimLongitudinalGSF_works_as_expected"/>
    <testcase time="0.00100000000000477" classname="character(0)" name="SimLongitudinalGSF_works_as_expected"/>
    <testcase time="0.000999999999976353" classname="character(0)" name="SimLongitudinalGSF_works_as_expected"/>
    <testcase time="0.00100000000000477" classname="character(0)" name="SimLongitudinalGSF_works_as_expected"/>
    <testcase time="0.00100000000000477" classname="character(0)" name="SimLongitudinalGSF_works_as_expected"/>
    <testcase time="0.00100000000000477" classname="character(0)" name="SimLongitudinalGSF_works_as_expected"/>
    <testcase time="0" classname="character(0)" name="SimLongitudinalGSF_works_as_expected"/>
    <testcase time="0.00100000000000477" classname="character(0)" name="SimLongitudinalGSF_works_as_expected"/>
    <testcase time="0.00100000000000477" classname="character(0)" name="SimLongitudinalGSF_works_as_expected"/>
    <testcase time="0.000999999999976353" classname="character(0)" name="SimLongitudinalGSF_works_as_expected"/>
    <testcase time="0.00100000000000477" classname="character(0)" name="SimLongitudinalGSF_works_as_expected"/>
    <testcase time="0.00100000000000477" classname="character(0)" name="SimLongitudinalGSF_works_as_expected"/>
  </testsuite>
  <testsuite name="SimLongitudinalGSF" timestamp="2025-02-20T16:32:04Z" hostname="a3d2ce6087b0" tests="1" skipped="0" failures="0" errors="0" time="0.002">
    <testcase time="0.00200000000000955" classname="character(0)" name="print_methods_work_as_expected"/>
  </testsuite>
  <testsuite name="SimLongitudinalRandomSlope" timestamp="2025-02-20T16:32:04Z" hostname="a3d2ce6087b0" tests="15" skipped="0" failures="0" errors="0" time="0.43">
    <testcase time="0.418999999999983" classname="character(0)" name="SimLongitudinalRandomSlope_works_as_expected"/>
    <testcase time="0.00100000000000477" classname="character(0)" name="SimLongitudinalRandomSlope_works_as_expected"/>
    <testcase time="0.00100000000000477" classname="character(0)" name="SimLongitudinalRandomSlope_works_as_expected"/>
    <testcase time="0.00100000000000477" classname="character(0)" name="SimLongitudinalRandomSlope_works_as_expected"/>
    <testcase time="0.00100000000000477" classname="character(0)" name="SimLongitudinalRandomSlope_works_as_expected"/>
    <testcase time="0" classname="character(0)" name="SimLongitudinalRandomSlope_works_as_expected"/>
    <testcase time="0.000999999999976353" classname="character(0)" name="SimLongitudinalRandomSlope_works_as_expected"/>
    <testcase time="0.00100000000000477" classname="character(0)" name="SimLongitudinalRandomSlope_works_as_expected"/>
    <testcase time="0.00100000000000477" classname="character(0)" name="SimLongitudinalRandomSlope_works_as_expected"/>
    <testcase time="0.00100000000000477" classname="character(0)" name="SimLongitudinalRandomSlope_works_as_expected"/>
    <testcase time="0.00100000000000477" classname="character(0)" name="SimLongitudinalRandomSlope_works_as_expected"/>
    <testcase time="0" classname="character(0)" name="SimLongitudinalRandomSlope_works_as_expected"/>
    <testcase time="0.00100000000000477" classname="character(0)" name="SimLongitudinalRandomSlope_works_as_expected"/>
    <testcase time="0.000999999999976353" classname="character(0)" name="SimLongitudinalRandomSlope_works_as_expected"/>
    <testcase time="0" classname="character(0)" name="SimLongitudinalRandomSlope_works_as_expected"/>
  </testsuite>
  <testsuite name="SimLongitudinalRandomSlope" timestamp="2025-02-20T16:32:04Z" hostname="a3d2ce6087b0" tests="1" skipped="0" failures="0" errors="0" time="0.002">
    <testcase time="0.00200000000000955" classname="character(0)" name="SimLongitudinalRandomSlope_correctly_generates_a_dataset_with_known_parameters"/>
  </testsuite>
  <testsuite name="SimLongitudinalRandomSlope" timestamp="2025-02-20T16:32:04Z" hostname="a3d2ce6087b0" tests="1" skipped="0" failures="0" errors="0" time="0.002">
    <testcase time="0.00200000000000955" classname="character(0)" name="print_methods_work_as_expected"/>
  </testsuite>
  <testsuite name="SimLongitudinalSteinFojo" timestamp="2025-02-20T16:32:04Z" hostname="a3d2ce6087b0" tests="15" skipped="0" failures="0" errors="0" time="0.141">
    <testcase time="0.129999999999995" classname="character(0)" name="SimLongitudinalSteinFojo_works_as_expected"/>
    <testcase time="0.00100000000000477" classname="character(0)" name="SimLongitudinalSteinFojo_works_as_expected"/>
    <testcase time="0.00100000000000477" classname="character(0)" name="SimLongitudinalSteinFojo_works_as_expected"/>
    <testcase time="0.000999999999976353" classname="character(0)" name="SimLongitudinalSteinFojo_works_as_expected"/>
    <testcase time="0.00100000000000477" classname="character(0)" name="SimLongitudinalSteinFojo_works_as_expected"/>
    <testcase time="0.00100000000000477" classname="character(0)" name="SimLongitudinalSteinFojo_works_as_expected"/>
    <testcase time="0" classname="character(0)" name="SimLongitudinalSteinFojo_works_as_expected"/>
    <testcase time="0.00100000000000477" classname="character(0)" name="SimLongitudinalSteinFojo_works_as_expected"/>
    <testcase time="0.00100000000000477" classname="character(0)" name="SimLongitudinalSteinFojo_works_as_expected"/>
    <testcase time="0.00100000000000477" classname="character(0)" name="SimLongitudinalSteinFojo_works_as_expected"/>
    <testcase time="0" classname="character(0)" name="SimLongitudinalSteinFojo_works_as_expected"/>
    <testcase time="0.000999999999976353" classname="character(0)" name="SimLongitudinalSteinFojo_works_as_expected"/>
    <testcase time="0.00100000000000477" classname="character(0)" name="SimLongitudinalSteinFojo_works_as_expected"/>
    <testcase time="0" classname="character(0)" name="SimLongitudinalSteinFojo_works_as_expected"/>
    <testcase time="0.00100000000000477" classname="character(0)" name="SimLongitudinalSteinFojo_works_as_expected"/>
  </testsuite>
  <testsuite name="SimLongitudinalSteinFojo" timestamp="2025-02-20T16:32:05Z" hostname="a3d2ce6087b0" tests="1" skipped="0" failures="0" errors="0" time="0.003">
    <testcase time="0.00300000000001432" classname="character(0)" name="print_methods_work_as_expected"/>
  </testsuite>
  <testsuite name="SimSurvival" timestamp="2025-02-20T16:32:07Z" hostname="a3d2ce6087b0" tests="1" skipped="0" failures="0" errors="0" time="2.936">
    <testcase time="2.93599999999998" classname="character(0)" name="SimSurvivalExponential_creates_a_dataset_with_the_correct_parameter"/>
  </testsuite>
  <testsuite name="SimSurvival" timestamp="2025-02-20T16:32:07Z" hostname="a3d2ce6087b0" tests="3" skipped="0" failures="0" errors="0" time="0.003">
    <testcase time="0.00200000000000955" classname="character(0)" name="SimSurvivalWeibullPH_creates_a_dataset_with_the_correct_parameter"/>
    <testcase time="0" classname="character(0)" name="SimSurvivalWeibullPH_creates_a_dataset_with_the_correct_parameter"/>
    <testcase time="0.00100000000000477" classname="character(0)" name="SimSurvivalWeibullPH_creates_a_dataset_with_the_correct_parameter"/>
  </testsuite>
  <testsuite name="SimSurvival" timestamp="2025-02-20T16:32:07Z" hostname="a3d2ce6087b0" tests="4" skipped="0" failures="0" errors="0" time="0.003">
    <testcase time="0.00200000000000955" classname="character(0)" name="print_methods_work_as_expected"/>
    <testcase time="0" classname="character(0)" name="print_methods_work_as_expected"/>
    <testcase time="0.000999999999976353" classname="character(0)" name="print_methods_work_as_expected"/>
    <testcase time="0" classname="character(0)" name="print_methods_work_as_expected"/>
  </testsuite>
  <testsuite name="StanModel" timestamp="2025-02-20T16:32:08Z" hostname="a3d2ce6087b0" tests="1" skipped="0" failures="0" errors="0" time="0.072">
    <testcase time="0.0720000000000027" classname="character(0)" name="StanModel_print_function_works_as_expected"/>
  </testsuite>
  <testsuite name="StanModule" timestamp="2025-02-20T16:32:08Z" hostname="a3d2ce6087b0" tests="4" skipped="0" failures="0" errors="0" time="0.454">
    <testcase time="0.451999999999998" classname="character(0)" name="StanModule_print_method_works_as_expected"/>
    <testcase time="0.00100000000000477" classname="character(0)" name="StanModule_print_method_works_as_expected"/>
    <testcase time="0" classname="character(0)" name="StanModule_print_method_works_as_expected"/>
    <testcase time="0.00100000000000477" classname="character(0)" name="StanModule_print_method_works_as_expected"/>
  </testsuite>
  <testsuite name="StanModule" timestamp="2025-02-20T16:32:08Z" hostname="a3d2ce6087b0" tests="7" skipped="0" failures="0" errors="0" time="0.005">
    <testcase time="0.00200000000000955" classname="character(0)" name="StanModule_can_read_basic_stan_programs"/>
    <testcase time="0" classname="character(0)" name="StanModule_can_read_basic_stan_programs"/>
    <testcase time="0.000999999999976353" classname="character(0)" name="StanModule_can_read_basic_stan_programs"/>
    <testcase time="0" classname="character(0)" name="StanModule_can_read_basic_stan_programs"/>
    <testcase time="0.00100000000000477" classname="character(0)" name="StanModule_can_read_basic_stan_programs"/>
    <testcase time="0" classname="character(0)" name="StanModule_can_read_basic_stan_programs"/>
    <testcase time="0.00100000000000477" classname="character(0)" name="StanModule_can_read_basic_stan_programs"/>
  </testsuite>
  <testsuite name="StanModule" timestamp="2025-02-20T16:32:08Z" hostname="a3d2ce6087b0" tests="7" skipped="0" failures="0" errors="0" time="0.004">
    <testcase time="0.00100000000000477" classname="character(0)" name="StanModule_can_handle_trailing_characters"/>
    <testcase time="0.00100000000000477" classname="character(0)" name="StanModule_can_handle_trailing_characters"/>
    <testcase time="0" classname="character(0)" name="StanModule_can_handle_trailing_characters"/>
    <testcase time="0.00100000000000477" classname="character(0)" name="StanModule_can_handle_trailing_characters"/>
    <testcase time="0" classname="character(0)" name="StanModule_can_handle_trailing_characters"/>
    <testcase time="0.000999999999976353" classname="character(0)" name="StanModule_can_handle_trailing_characters"/>
    <testcase time="0" classname="character(0)" name="StanModule_can_handle_trailing_characters"/>
  </testsuite>
  <testsuite name="StanModule" timestamp="2025-02-20T16:32:08Z" hostname="a3d2ce6087b0" tests="7" skipped="0" failures="0" errors="0" time="0.005">
    <testcase time="0.00200000000000955" classname="character(0)" name="StanModule_works_with_in_line_code"/>
    <testcase time="0.00100000000000477" classname="character(0)" name="StanModule_works_with_in_line_code"/>
    <testcase time="0" classname="character(0)" name="StanModule_works_with_in_line_code"/>
    <testcase time="0.00100000000000477" classname="character(0)" name="StanModule_works_with_in_line_code"/>
    <testcase time="0" classname="character(0)" name="StanModule_works_with_in_line_code"/>
    <testcase time="0.00100000000000477" classname="character(0)" name="StanModule_works_with_in_line_code"/>
    <testcase time="0" classname="character(0)" name="StanModule_works_with_in_line_code"/>
  </testsuite>
  <testsuite name="StanModule" timestamp="2025-02-20T16:32:08Z" hostname="a3d2ce6087b0" tests="2" skipped="0" failures="0" errors="0" time="0.003">
    <testcase time="0.00199999999998113" classname="character(0)" name="StanModule_throws_an_error_for_1_line_blocks"/>
    <testcase time="0.00100000000000477" classname="character(0)" name="StanModule_throws_an_error_for_1_line_blocks"/>
  </testsuite>
  <testsuite name="StanModule" timestamp="2025-02-20T16:32:08Z" hostname="a3d2ce6087b0" tests="1" skipped="0" failures="0" errors="0" time="0.001">
    <testcase time="0.00100000000000477" classname="character(0)" name="StanModule_throws_an_error_for_code_after_the_closing_bracket"/>
  </testsuite>
  <testsuite name="StanModule" timestamp="2025-02-20T16:32:08Z" hostname="a3d2ce6087b0" tests="7" skipped="0" failures="0" errors="0" time="0.005">
    <testcase time="0.00200000000000955" classname="character(0)" name="StanModule_can_load_vignette_example_code"/>
    <testcase time="0.000999999999976353" classname="character(0)" name="StanModule_can_load_vignette_example_code"/>
    <testcase time="0" classname="character(0)" name="StanModule_can_load_vignette_example_code"/>
    <testcase time="0.00100000000000477" classname="character(0)" name="StanModule_can_load_vignette_example_code"/>
    <testcase time="0" classname="character(0)" name="StanModule_can_load_vignette_example_code"/>
    <testcase time="0.00100000000000477" classname="character(0)" name="StanModule_can_load_vignette_example_code"/>
    <testcase time="0" classname="character(0)" name="StanModule_can_load_vignette_example_code"/>
  </testsuite>
  <testsuite name="StanModule" timestamp="2025-02-20T16:32:08Z" hostname="a3d2ce6087b0" tests="21" skipped="0" failures="0" errors="0" time="0.013">
    <testcase time="0.00200000000000955" classname="character(0)" name="StanModule.merge_works_as_expected"/>
    <testcase time="0.00100000000000477" classname="character(0)" name="StanModule.merge_works_as_expected"/>
    <testcase time="0" classname="character(0)" name="StanModule.merge_works_as_expected"/>
    <testcase time="0.000999999999976353" classname="character(0)" name="StanModule.merge_works_as_expected"/>
    <testcase time="0" classname="character(0)" name="StanModule.merge_works_as_expected"/>
    <testcase time="0.00100000000000477" classname="character(0)" name="StanModule.merge_works_as_expected"/>
    <testcase time="0" classname="character(0)" name="StanModule.merge_works_as_expected"/>
    <testcase time="0.00100000000000477" classname="character(0)" name="StanModule.merge_works_as_expected"/>
    <testcase time="0" classname="character(0)" name="StanModule.merge_works_as_expected"/>
    <testcase time="0.00100000000000477" classname="character(0)" name="StanModule.merge_works_as_expected"/>
    <testcase time="0" classname="character(0)" name="StanModule.merge_works_as_expected"/>
    <testcase time="0.00100000000000477" classname="character(0)" name="StanModule.merge_works_as_expected"/>
    <testcase time="0" classname="character(0)" name="StanModule.merge_works_as_expected"/>
    <testcase time="0.00100000000000477" classname="character(0)" name="StanModule.merge_works_as_expected"/>
    <testcase time="0" classname="character(0)" name="StanModule.merge_works_as_expected"/>
    <testcase time="0.000999999999976353" classname="character(0)" name="StanModule.merge_works_as_expected"/>
    <testcase time="0" classname="character(0)" name="StanModule.merge_works_as_expected"/>
    <testcase time="0.00100000000000477" classname="character(0)" name="StanModule.merge_works_as_expected"/>
    <testcase time="0" classname="character(0)" name="StanModule.merge_works_as_expected"/>
    <testcase time="0.00100000000000477" classname="character(0)" name="StanModule.merge_works_as_expected"/>
    <testcase time="0.00100000000000477" classname="character(0)" name="StanModule.merge_works_as_expected"/>
  </testsuite>
  <testsuite name="StanModule" timestamp="2025-02-20T16:32:08Z" hostname="a3d2ce6087b0" tests="1" skipped="0" failures="0" errors="0" time="0.001">
    <testcase time="0.00100000000000477" classname="character(0)" name="StanModule_throws_a_warning_if_non_empty_string_generates_empty_object"/>
  </testsuite>
  <testsuite name="SurvivalExponential" timestamp="2025-02-20T16:32:10Z" hostname="a3d2ce6087b0" tests="2" skipped="0" failures="0" errors="0" time="1.592">
    <testcase time="1.59099999999998" classname="character(0)" name="Can_load_and_compile_SurvivalExponential_model"/>
    <testcase time="0.00100000000000477" classname="character(0)" name="Can_load_and_compile_SurvivalExponential_model"/>
  </testsuite>
  <testsuite name="SurvivalExponential" timestamp="2025-02-20T16:32:10Z" hostname="a3d2ce6087b0" tests="1" skipped="1" failures="0" errors="0" time="0.002">
    <testcase time="0.00200000000000955" classname="character(0)" name="SurvivalExponential_can_recover_true_parameter_including_covariates_">
      <skipped message="Reason: is_full_test() is not TRUE ('test-SurvivalExponential.R:23:5')"/>
    </testcase>
  </testsuite>
  <testsuite name="SurvivalExponential" timestamp="2025-02-20T16:32:10Z" hostname="a3d2ce6087b0" tests="2" skipped="0" failures="0" errors="0" time="0.014">
    <testcase time="0.01400000000001" classname="character(0)" name="Print_method_for_SurvivalExponential_works_as_expected"/>
    <testcase time="0" classname="character(0)" name="Print_method_for_SurvivalExponential_works_as_expected"/>
  </testsuite>
  <testsuite name="SurvivalGamma" timestamp="2025-02-20T16:32:11Z" hostname="a3d2ce6087b0" tests="2" skipped="0" failures="0" errors="0" time="1.407">
    <testcase time="1.40599999999998" classname="character(0)" name="Print_method_for_SurvivalGamma_works_as_expected"/>
    <testcase time="0.00100000000000477" classname="character(0)" name="Print_method_for_SurvivalGamma_works_as_expected"/>
  </testsuite>
  <testsuite name="SurvivalGamma" timestamp="2025-02-20T16:32:11Z" hostname="a3d2ce6087b0" tests="2" skipped="0" failures="0" errors="0" time="0.002">
    <testcase time="0.00100000000000477" classname="character(0)" name="Can_load_and_compile_SurvivalGamma_model"/>
    <testcase time="0.00100000000000477" classname="character(0)" name="Can_load_and_compile_SurvivalGamma_model"/>
  </testsuite>
  <testsuite name="SurvivalGamma" timestamp="2025-02-20T16:32:11Z" hostname="a3d2ce6087b0" tests="1" skipped="0" failures="0" errors="0" time="0.002">
    <testcase time="0.00200000000000955" classname="character(0)" name="SimSurvivalGamma_is_consistant_with_flexsurv"/>
  </testsuite>
  <testsuite name="SurvivalGamma" timestamp="2025-02-20T16:32:11Z" hostname="a3d2ce6087b0" tests="1" skipped="1" failures="0" errors="0" time="0.001">
    <testcase time="0.000999999999976353" classname="character(0)" name="SurvivalGamma_can_recover_known_values">
      <skipped message="Reason: is_full_test() is not TRUE ('test-SurvivalGamma.R:50:5')"/>
    </testcase>
  </testsuite>
  <testsuite name="SurvivalLoglogistic" timestamp="2025-02-20T16:32:12Z" hostname="a3d2ce6087b0" tests="2" skipped="0" failures="0" errors="0" time="1.428">
    <testcase time="1.42700000000002" classname="character(0)" name="Can_load_and_compile_SurvivalLogLogistic_model"/>
    <testcase time="0.00100000000000477" classname="character(0)" name="Can_load_and_compile_SurvivalLogLogistic_model"/>
  </testsuite>
  <testsuite name="SurvivalLoglogistic" timestamp="2025-02-20T16:32:12Z" hostname="a3d2ce6087b0" tests="1" skipped="0" failures="0" errors="0" time="0.001">
    <testcase time="0.000999999999976353" classname="character(0)" name="sim_os_loglogistic_is_consistant_with_flexsurv"/>
  </testsuite>
  <testsuite name="SurvivalLoglogistic" timestamp="2025-02-20T16:32:12Z" hostname="a3d2ce6087b0" tests="1" skipped="1" failures="0" errors="0" time="0.002">
    <testcase time="0.00200000000000955" classname="character(0)" name="SurvivalLogLogistic_can_recover_known_values">
      <skipped message="Reason: is_full_test() is not TRUE ('test-SurvivalLoglogistic.R:35:5')"/>
    </testcase>
  </testsuite>
  <testsuite name="SurvivalLoglogistic" timestamp="2025-02-20T16:32:12Z" hostname="a3d2ce6087b0" tests="2" skipped="0" failures="0" errors="0" time="0.011">
    <testcase time="0.0109999999999957" classname="character(0)" name="Print_method_for_SurvivalLogLogistic_works_as_expected"/>
    <testcase time="0" classname="character(0)" name="Print_method_for_SurvivalLogLogistic_works_as_expected"/>
  </testsuite>
  <testsuite name="LongitudinalRandomSlope" timestamp="2025-02-20T16:32:37Z" hostname="a3d2ce6087b0" tests="2" skipped="0" failures="0" errors="0" time="24.973">
    <testcase time="24.972" classname="character(0)" name="Print_method_for_LongitudinalRandomSlope_works_as_expected"/>
    <testcase time="0.000999999999976353" classname="character(0)" name="Print_method_for_LongitudinalRandomSlope_works_as_expected"/>
  </testsuite>
  <testsuite name="LongitudinalRandomSlope" timestamp="2025-02-20T16:32:37Z" hostname="a3d2ce6087b0" tests="1" skipped="0" failures="0" errors="0" time="0.004">
    <testcase time="0.0040000000000191" classname="character(0)" name="LongitudinalRandomSlope_correctly_generates_an_intercept_per_study"/>
  </testsuite>
  <testsuite name="LongitudinalRandomSlope" timestamp="2025-02-20T16:32:37Z" hostname="a3d2ce6087b0" tests="2" skipped="0" failures="0" errors="0" time="0.004">
    <testcase time="0.0029999999999859" classname="character(0)" name="Random_Slope_Model_can_recover_known_parameter_values"/>
    <testcase time="0.0010000000000332" classname="character(0)" name="Random_Slope_Model_can_recover_known_parameter_values"/>
  </testsuite>
  <testsuite name="LongitudinalRandomSlope" timestamp="2025-02-20T16:32:37Z" hostname="a3d2ce6087b0" tests="2" skipped="0" failures="0" errors="0" time="0.003">
    <testcase time="0.0029999999999859" classname="character(0)" name="Random_Slope_Model_left_censoring_works_as_expected"/>
    <testcase time="0" classname="character(0)" name="Random_Slope_Model_left_censoring_works_as_expected"/>
  </testsuite>
  <testsuite name="LongitudinalRandomSlope" timestamp="2025-02-20T16:32:37Z" hostname="a3d2ce6087b0" tests="2" skipped="0" failures="0" errors="0" time="0.003">
    <testcase time="0.00200000000000955" classname="character(0)" name="Quantity_models_pass_the_parser"/>
    <testcase time="0.000999999999976353" classname="character(0)" name="Quantity_models_pass_the_parser"/>
  </testsuite>
  <testsuite name="LongitudinalRandomSlope" timestamp="2025-02-20T16:32:37Z" hostname="a3d2ce6087b0" tests="4" skipped="0" failures="0" errors="0" time="0.003">
    <testcase time="0.00200000000000955" classname="character(0)" name="Can_generate_valid_initial_values"/>
    <testcase time="0" classname="character(0)" name="Can_generate_valid_initial_values"/>
    <testcase time="0.000999999999976353" classname="character(0)" name="Can_generate_valid_initial_values"/>
    <testcase time="0" classname="character(0)" name="Can_generate_valid_initial_values"/>
  </testsuite>
  <testsuite name="SurvivalWeibullPH" timestamp="2025-02-20T16:32:39Z" hostname="a3d2ce6087b0" tests="2" skipped="0" failures="0" errors="0" time="1.361">
    <testcase time="1.36100000000005" classname="character(0)" name="Print_method_for_SurvivalWeibullPH_works_as_expected"/>
    <testcase time="0" classname="character(0)" name="Print_method_for_SurvivalWeibullPH_works_as_expected"/>
  </testsuite>
  <testsuite name="SurvivalWeibullPH" timestamp="2025-02-20T16:32:39Z" hostname="a3d2ce6087b0" tests="2" skipped="0" failures="0" errors="0" time="0.003">
    <testcase time="0.0029999999999859" classname="character(0)" name="Can_load_and_compile_SurvivalWeibullPH_model"/>
    <testcase time="0" classname="character(0)" name="Can_load_and_compile_SurvivalWeibullPH_model"/>
  </testsuite>
  <testsuite name="SurvivalWeibullPH" timestamp="2025-02-20T16:32:39Z" hostname="a3d2ce6087b0" tests="1" skipped="1" failures="0" errors="0" time="0.002">
    <testcase time="0.00200000000000955" classname="character(0)" name="SurvivalWeibullPH_can_recover_known_values">
      <skipped message="Reason: is_full_test() is not TRUE ('test-SurvivalWeibullPH.R:41:5')"/>
    </testcase>
  </testsuite>
  <testsuite name="SurvivalQuantities" timestamp="2025-02-20T16:33:07Z" hostname="a3d2ce6087b0" tests="13" skipped="0" failures="0" errors="0" time="27.877">
    <testcase time="27.871" classname="character(0)" name="SurvivalQuantities_and_autoplot.SurvivalQuantities_works_as_expected"/>
    <testcase time="0" classname="character(0)" name="SurvivalQuantities_and_autoplot.SurvivalQuantities_works_as_expected"/>
    <testcase time="0.000999999999976353" classname="character(0)" name="SurvivalQuantities_and_autoplot.SurvivalQuantities_works_as_expected"/>
    <testcase time="0" classname="character(0)" name="SurvivalQuantities_and_autoplot.SurvivalQuantities_works_as_expected"/>
    <testcase time="0.0010000000000332" classname="character(0)" name="SurvivalQuantities_and_autoplot.SurvivalQuantities_works_as_expected"/>
    <testcase time="0" classname="character(0)" name="SurvivalQuantities_and_autoplot.SurvivalQuantities_works_as_expected"/>
    <testcase time="0.000999999999976353" classname="character(0)" name="SurvivalQuantities_and_autoplot.SurvivalQuantities_works_as_expected"/>
    <testcase time="0" classname="character(0)" name="SurvivalQuantities_and_autoplot.SurvivalQuantities_works_as_expected"/>
    <testcase time="0.0010000000000332" classname="character(0)" name="SurvivalQuantities_and_autoplot.SurvivalQuantities_works_as_expected"/>
    <testcase time="0" classname="character(0)" name="SurvivalQuantities_and_autoplot.SurvivalQuantities_works_as_expected"/>
    <testcase time="0.000999999999976353" classname="character(0)" name="SurvivalQuantities_and_autoplot.SurvivalQuantities_works_as_expected"/>
    <testcase time="0" classname="character(0)" name="SurvivalQuantities_and_autoplot.SurvivalQuantities_works_as_expected"/>
    <testcase time="0.0010000000000332" classname="character(0)" name="SurvivalQuantities_and_autoplot.SurvivalQuantities_works_as_expected"/>
  </testsuite>
  <testsuite name="SurvivalQuantities" timestamp="2025-02-20T16:33:07Z" hostname="a3d2ce6087b0" tests="18" skipped="0" failures="0" errors="0" time="0.011">
    <testcase time="0.00199999999995271" classname="character(0)" name="autoplot.SurvivalSamples_works_as_expected"/>
    <testcase time="0" classname="character(0)" name="autoplot.SurvivalSamples_works_as_expected"/>
    <testcase time="0.0010000000000332" classname="character(0)" name="autoplot.SurvivalSamples_works_as_expected"/>
    <testcase time="0" classname="character(0)" name="autoplot.SurvivalSamples_works_as_expected"/>
    <testcase time="0.000999999999976353" classname="character(0)" name="autoplot.SurvivalSamples_works_as_expected"/>
    <testcase time="0" classname="character(0)" name="autoplot.SurvivalSamples_works_as_expected"/>
    <testcase time="0.0010000000000332" classname="character(0)" name="autoplot.SurvivalSamples_works_as_expected"/>
    <testcase time="0" classname="character(0)" name="autoplot.SurvivalSamples_works_as_expected"/>
    <testcase time="0.000999999999976353" classname="character(0)" name="autoplot.SurvivalSamples_works_as_expected"/>
    <testcase time="0" classname="character(0)" name="autoplot.SurvivalSamples_works_as_expected"/>
    <testcase time="0.000999999999976353" classname="character(0)" name="autoplot.SurvivalSamples_works_as_expected"/>
    <testcase time="0" classname="character(0)" name="autoplot.SurvivalSamples_works_as_expected"/>
    <testcase time="0.0010000000000332" classname="character(0)" name="autoplot.SurvivalSamples_works_as_expected"/>
    <testcase time="0" classname="character(0)" name="autoplot.SurvivalSamples_works_as_expected"/>
    <testcase time="0.000999999999976353" classname="character(0)" name="autoplot.SurvivalSamples_works_as_expected"/>
    <testcase time="0" classname="character(0)" name="autoplot.SurvivalSamples_works_as_expected"/>
    <testcase time="0.0010000000000332" classname="character(0)" name="autoplot.SurvivalSamples_works_as_expected"/>
    <testcase time="0.000999999999976353" classname="character(0)" name="autoplot.SurvivalSamples_works_as_expected"/>
  </testsuite>
  <testsuite name="SurvivalQuantities" timestamp="2025-02-20T16:33:07Z" hostname="a3d2ce6087b0" tests="2" skipped="0" failures="0" errors="0" time="0.002">
    <testcase time="0.0010000000000332" classname="character(0)" name="SurvivalQuantities_print_method_works_as_expected"/>
    <testcase time="0.000999999999976353" classname="character(0)" name="SurvivalQuantities_print_method_works_as_expected"/>
  </testsuite>
  <testsuite name="SurvivalQuantities" timestamp="2025-02-20T16:33:07Z" hostname="a3d2ce6087b0" tests="7" skipped="0" failures="0" errors="0" time="0.005">
    <testcase time="0.00200000000000955" classname="character(0)" name="SurvivalQuantities_works_with_time_0"/>
    <testcase time="0" classname="character(0)" name="SurvivalQuantities_works_with_time_0"/>
    <testcase time="0.000999999999976353" classname="character(0)" name="SurvivalQuantities_works_with_time_0"/>
    <testcase time="0" classname="character(0)" name="SurvivalQuantities_works_with_time_0"/>
    <testcase time="0.0010000000000332" classname="character(0)" name="SurvivalQuantities_works_with_time_0"/>
    <testcase time="0" classname="character(0)" name="SurvivalQuantities_works_with_time_0"/>
    <testcase time="0.000999999999976353" classname="character(0)" name="SurvivalQuantities_works_with_time_0"/>
  </testsuite>
  <testsuite name="brms_compare" timestamp="2025-02-20T16:33:07Z" hostname="a3d2ce6087b0" tests="1" skipped="1" failures="0" errors="0" time="0.062">
    <testcase time="0.0620000000000118" classname="character(0)" name="jmpost_and_brms_get_similar_loo_for_longitudinal_models">
      <skipped message="Reason: is_full_test() is not TRUE ('test-brms_compare.R:5:5')"/>
    </testcase>
  </testsuite>
  <testsuite name="brms_compare" timestamp="2025-02-20T16:33:07Z" hostname="a3d2ce6087b0" tests="1" skipped="1" failures="0" errors="0" time="0.011">
    <testcase time="0.0109999999999673" classname="character(0)" name="jmpost_and_brms_get_similar_loo_for_survival_models">
      <skipped message="Reason: is_full_test() is not TRUE ('test-brms_compare.R:182:5')"/>
    </testcase>
  </testsuite>
  <testsuite name="compile" timestamp="2025-02-20T16:33:14Z" hostname="a3d2ce6087b0" tests="1" skipped="0" failures="0" errors="0" time="6.793">
    <testcase time="6.79300000000001" classname="character(0)" name="compileStanModel_doesn_t_error_if_the_directory_doesn_t_exist"/>
  </testsuite>
  <testsuite name="extract_quantities" timestamp="2025-02-20T16:33:21Z" hostname="a3d2ce6087b0" tests="5" skipped="0" failures="0" errors="0" time="7.885">
    <testcase time="7.88100000000003" classname="character(0)" name="extract_quantities_works_as_expected"/>
    <testcase time="0.000999999999976353" classname="character(0)" name="extract_quantities_works_as_expected"/>
    <testcase time="0.0010000000000332" classname="character(0)" name="extract_quantities_works_as_expected"/>
    <testcase time="0.000999999999976353" classname="character(0)" name="extract_quantities_works_as_expected"/>
    <testcase time="0.000999999999976353" classname="character(0)" name="extract_quantities_works_as_expected"/>
  </testsuite>
  <testsuite name="initialValues" timestamp="2025-02-20T16:33:23Z" hostname="a3d2ce6087b0" tests="5" skipped="0" failures="0" errors="0" time="1.67">
    <testcase time="1.66800000000001" classname="character(0)" name="initialValues_works_as_expected"/>
    <testcase time="0.0010000000000332" classname="character(0)" name="initialValues_works_as_expected"/>
    <testcase time="0" classname="character(0)" name="initialValues_works_as_expected"/>
    <testcase time="0.000999999999976353" classname="character(0)" name="initialValues_works_as_expected"/>
    <testcase time="0" classname="character(0)" name="initialValues_works_as_expected"/>
  </testsuite>
  <testsuite name="initialValues" timestamp="2025-02-20T16:33:23Z" hostname="a3d2ce6087b0" tests="9" skipped="0" failures="0" errors="0" time="0.006">
    <testcase time="0.00200000000000955" classname="character(0)" name="ensure_initial_values_works_as_expected"/>
    <testcase time="0.000999999999976353" classname="character(0)" name="ensure_initial_values_works_as_expected"/>
    <testcase time="0" classname="character(0)" name="ensure_initial_values_works_as_expected"/>
    <testcase time="0.0010000000000332" classname="character(0)" name="ensure_initial_values_works_as_expected"/>
    <testcase time="0" classname="character(0)" name="ensure_initial_values_works_as_expected"/>
    <testcase time="0.000999999999976353" classname="character(0)" name="ensure_initial_values_works_as_expected"/>
    <testcase time="0" classname="character(0)" name="ensure_initial_values_works_as_expected"/>
    <testcase time="0.0010000000000332" classname="character(0)" name="ensure_initial_values_works_as_expected"/>
    <testcase time="0" classname="character(0)" name="ensure_initial_values_works_as_expected"/>
  </testsuite>
  <testsuite name="initialValues" timestamp="2025-02-20T16:33:23Z" hostname="a3d2ce6087b0" tests="400" skipped="0" failures="0" errors="0" time="0.507">
    <testcase time="0.00199999999995271" classname="character(0)" name="intial_values_for_fixed_distributions_gives_valid_values"/>
    <testcase time="0.0010000000000332" classname="character(0)" name="intial_values_for_fixed_distributions_gives_valid_values"/>
    <testcase time="0" classname="character(0)" name="intial_values_for_fixed_distributions_gives_valid_values"/>
    <testcase time="0.000999999999976353" classname="character(0)" name="intial_values_for_fixed_distributions_gives_valid_values"/>
    <testcase time="0" classname="character(0)" name="intial_values_for_fixed_distributions_gives_valid_values"/>
    <testcase time="0.0010000000000332" classname="character(0)" name="intial_values_for_fixed_distributions_gives_valid_values"/>
    <testcase time="0" classname="character(0)" name="intial_values_for_fixed_distributions_gives_valid_values"/>
    <testcase time="0.000999999999976353" classname="character(0)" name="intial_values_for_fixed_distributions_gives_valid_values"/>
    <testcase time="0" classname="character(0)" name="intial_values_for_fixed_distributions_gives_valid_values"/>
    <testcase time="0.0010000000000332" classname="character(0)" name="intial_values_for_fixed_distributions_gives_valid_values"/>
    <testcase time="0.000999999999976353" classname="character(0)" name="intial_values_for_fixed_distributions_gives_valid_values"/>
    <testcase time="0" classname="character(0)" name="intial_values_for_fixed_distributions_gives_valid_values"/>
    <testcase time="0.000999999999976353" classname="character(0)" name="intial_values_for_fixed_distributions_gives_valid_values"/>
    <testcase time="0" classname="character(0)" name="intial_values_for_fixed_distributions_gives_valid_values"/>
    <testcase time="0.0010000000000332" classname="character(0)" name="intial_values_for_fixed_distributions_gives_valid_values"/>
    <testcase time="0" classname="character(0)" name="intial_values_for_fixed_distributions_gives_valid_values"/>
    <testcase time="0.000999999999976353" classname="character(0)" name="intial_values_for_fixed_distributions_gives_valid_values"/>
    <testcase time="0" classname="character(0)" name="intial_values_for_fixed_distributions_gives_valid_values"/>
    <testcase time="0.0010000000000332" classname="character(0)" name="intial_values_for_fixed_distributions_gives_valid_values"/>
    <testcase time="0" classname="character(0)" name="intial_values_for_fixed_distributions_gives_valid_values"/>
    <testcase time="0.000999999999976353" classname="character(0)" name="intial_values_for_fixed_distributions_gives_valid_values"/>
    <testcase time="0" classname="character(0)" name="intial_values_for_fixed_distributions_gives_valid_values"/>
    <testcase time="0.000999999999976353" classname="character(0)" name="intial_values_for_fixed_distributions_gives_valid_values"/>
    <testcase time="0.0010000000000332" classname="character(0)" name="intial_values_for_fixed_distributions_gives_valid_values"/>
    <testcase time="0" classname="character(0)" name="intial_values_for_fixed_distributions_gives_valid_values"/>
    <testcase time="0.000999999999976353" classname="character(0)" name="intial_values_for_fixed_distributions_gives_valid_values"/>
    <testcase time="0" classname="character(0)" name="intial_values_for_fixed_distributions_gives_valid_values"/>
    <testcase time="0.0010000000000332" classname="character(0)" name="intial_values_for_fixed_distributions_gives_valid_values"/>
    <testcase time="0" classname="character(0)" name="intial_values_for_fixed_distributions_gives_valid_values"/>
    <testcase time="0.000999999999976353" classname="character(0)" name="intial_values_for_fixed_distributions_gives_valid_values"/>
    <testcase time="0" classname="character(0)" name="intial_values_for_fixed_distributions_gives_valid_values"/>
    <testcase time="0.0010000000000332" classname="character(0)" name="intial_values_for_fixed_distributions_gives_valid_values"/>
    <testcase time="0.000999999999976353" classname="character(0)" name="intial_values_for_fixed_distributions_gives_valid_values"/>
    <testcase time="0" classname="character(0)" name="intial_values_for_fixed_distributions_gives_valid_values"/>
    <testcase time="0.000999999999976353" classname="character(0)" name="intial_values_for_fixed_distributions_gives_valid_values"/>
    <testcase time="0" classname="character(0)" name="intial_values_for_fixed_distributions_gives_valid_values"/>
    <testcase time="0.0010000000000332" classname="character(0)" name="intial_values_for_fixed_distributions_gives_valid_values"/>
    <testcase time="0.000999999999976353" classname="character(0)" name="intial_values_for_fixed_distributions_gives_valid_values"/>
    <testcase time="0" classname="character(0)" name="intial_values_for_fixed_distributions_gives_valid_values"/>
    <testcase time="0.0010000000000332" classname="character(0)" name="intial_values_for_fixed_distributions_gives_valid_values"/>
    <testcase time="0" classname="character(0)" name="intial_values_for_fixed_distributions_gives_valid_values"/>
    <testcase time="0.000999999999976353" classname="character(0)" name="intial_values_for_fixed_distributions_gives_valid_values"/>
    <testcase time="0.000999999999976353" classname="character(0)" name="intial_values_for_fixed_distributions_gives_valid_values"/>
    <testcase time="0" classname="character(0)" name="intial_values_for_fixed_distributions_gives_valid_values"/>
    <testcase time="0.0010000000000332" classname="character(0)" name="intial_values_for_fixed_distributions_gives_valid_values"/>
    <testcase time="0.000999999999976353" classname="character(0)" name="intial_values_for_fixed_distributions_gives_valid_values"/>
    <testcase time="0" classname="character(0)" name="intial_values_for_fixed_distributions_gives_valid_values"/>
    <testcase time="0.0010000000000332" classname="character(0)" name="intial_values_for_fixed_distributions_gives_valid_values"/>
    <testcase time="0.000999999999976353" classname="character(0)" name="intial_values_for_fixed_distributions_gives_valid_values"/>
    <testcase time="0" classname="character(0)" name="intial_values_for_fixed_distributions_gives_valid_values"/>
    <testcase time="0.0010000000000332" classname="character(0)" name="intial_values_for_fixed_distributions_gives_valid_values"/>
    <testcase time="0" classname="character(0)" name="intial_values_for_fixed_distributions_gives_valid_values"/>
    <testcase time="0.000999999999976353" classname="character(0)" name="intial_values_for_fixed_distributions_gives_valid_values"/>
    <testcase time="0.000999999999976353" classname="character(0)" name="intial_values_for_fixed_distributions_gives_valid_values"/>
    <testcase time="0" classname="character(0)" name="intial_values_for_fixed_distributions_gives_valid_values"/>
    <testcase time="0.0010000000000332" classname="character(0)" name="intial_values_for_fixed_distributions_gives_valid_values"/>
    <testcase time="0.000999999999976353" classname="character(0)" name="intial_values_for_fixed_distributions_gives_valid_values"/>
    <testcase time="0" classname="character(0)" name="intial_values_for_fixed_distributions_gives_valid_values"/>
    <testcase time="0.0010000000000332" classname="character(0)" name="intial_values_for_fixed_distributions_gives_valid_values"/>
    <testcase time="0.000999999999976353" classname="character(0)" name="intial_values_for_fixed_distributions_gives_valid_values"/>
    <testcase time="0.000999999999976353" classname="character(0)" name="intial_values_for_fixed_distributions_gives_valid_values"/>
    <testcase time="0" classname="character(0)" name="intial_values_for_fixed_distributions_gives_valid_values"/>
    <testcase time="0.0010000000000332" classname="character(0)" name="intial_values_for_fixed_distributions_gives_valid_values"/>
    <testcase time="0.000999999999976353" classname="character(0)" name="intial_values_for_fixed_distributions_gives_valid_values"/>
    <testcase time="0" classname="character(0)" name="intial_values_for_fixed_distributions_gives_valid_values"/>
    <testcase time="0.0010000000000332" classname="character(0)" name="intial_values_for_fixed_distributions_gives_valid_values"/>
    <testcase time="0.000999999999976353" classname="character(0)" name="intial_values_for_fixed_distributions_gives_valid_values"/>
    <testcase time="0.0010000000000332" classname="character(0)" name="intial_values_for_fixed_distributions_gives_valid_values"/>
    <testcase time="0" classname="character(0)" name="intial_values_for_fixed_distributions_gives_valid_values"/>
    <testcase time="0.000999999999976353" classname="character(0)" name="intial_values_for_fixed_distributions_gives_valid_values"/>
    <testcase time="0.000999999999976353" classname="character(0)" name="intial_values_for_fixed_distributions_gives_valid_values"/>
    <testcase time="0.0010000000000332" classname="character(0)" name="intial_values_for_fixed_distributions_gives_valid_values"/>
    <testcase time="0" classname="character(0)" name="intial_values_for_fixed_distributions_gives_valid_values"/>
    <testcase time="0.000999999999976353" classname="character(0)" name="intial_values_for_fixed_distributions_gives_valid_values"/>
    <testcase time="0.0010000000000332" classname="character(0)" name="intial_values_for_fixed_distributions_gives_valid_values"/>
    <testcase time="0" classname="character(0)" name="intial_values_for_fixed_distributions_gives_valid_values"/>
    <testcase time="0.000999999999976353" classname="character(0)" name="intial_values_for_fixed_distributions_gives_valid_values"/>
    <testcase time="0.000999999999976353" classname="character(0)" name="intial_values_for_fixed_distributions_gives_valid_values"/>
    <testcase time="0.0010000000000332" classname="character(0)" name="intial_values_for_fixed_distributions_gives_valid_values"/>
    <testcase time="0" classname="character(0)" name="intial_values_for_fixed_distributions_gives_valid_values"/>
    <testcase time="0.000999999999976353" classname="character(0)" name="intial_values_for_fixed_distributions_gives_valid_values"/>
    <testcase time="0.0010000000000332" classname="character(0)" name="intial_values_for_fixed_distributions_gives_valid_values"/>
    <testcase time="0.000999999999976353" classname="character(0)" name="intial_values_for_fixed_distributions_gives_valid_values"/>
    <testcase time="0.0010000000000332" classname="character(0)" name="intial_values_for_fixed_distributions_gives_valid_values"/>
    <testcase time="0" classname="character(0)" name="intial_values_for_fixed_distributions_gives_valid_values"/>
    <testcase time="0.000999999999976353" classname="character(0)" name="intial_values_for_fixed_distributions_gives_valid_values"/>
    <testcase time="0.000999999999976353" classname="character(0)" name="intial_values_for_fixed_distributions_gives_valid_values"/>
    <testcase time="0.0010000000000332" classname="character(0)" name="intial_values_for_fixed_distributions_gives_valid_values"/>
    <testcase time="0.000999999999976353" classname="character(0)" name="intial_values_for_fixed_distributions_gives_valid_values"/>
    <testcase time="0.0010000000000332" classname="character(0)" name="intial_values_for_fixed_distributions_gives_valid_values"/>
    <testcase time="0.00999999999999091" classname="character(0)" name="intial_values_for_fixed_distributions_gives_valid_values"/>
    <testcase time="0.000999999999976353" classname="character(0)" name="intial_values_for_fixed_distributions_gives_valid_values"/>
    <testcase time="0.0010000000000332" classname="character(0)" name="intial_values_for_fixed_distributions_gives_valid_values"/>
    <testcase time="0.000999999999976353" classname="character(0)" name="intial_values_for_fixed_distributions_gives_valid_values"/>
    <testcase time="0.000999999999976353" classname="character(0)" name="intial_values_for_fixed_distributions_gives_valid_values"/>
    <testcase time="0.0010000000000332" classname="character(0)" name="intial_values_for_fixed_distributions_gives_valid_values"/>
    <testcase time="0" classname="character(0)" name="intial_values_for_fixed_distributions_gives_valid_values"/>
    <testcase time="0.000999999999976353" classname="character(0)" name="intial_values_for_fixed_distributions_gives_valid_values"/>
    <testcase time="0.0010000000000332" classname="character(0)" name="intial_values_for_fixed_distributions_gives_valid_values"/>
    <testcase time="0.000999999999976353" classname="character(0)" name="intial_values_for_fixed_distributions_gives_valid_values"/>
    <testcase time="0.0010000000000332" classname="character(0)" name="intial_values_for_fixed_distributions_gives_valid_values"/>
    <testcase time="0" classname="character(0)" name="intial_values_for_fixed_distributions_gives_valid_values"/>
    <testcase time="0" classname="character(0)" name="intial_values_for_fixed_distributions_gives_valid_values"/>
    <testcase time="0.000999999999976353" classname="character(0)" name="intial_values_for_fixed_distributions_gives_valid_values"/>
    <testcase time="0.0010000000000332" classname="character(0)" name="intial_values_for_fixed_distributions_gives_valid_values"/>
    <testcase time="0.000999999999976353" classname="character(0)" name="intial_values_for_fixed_distributions_gives_valid_values"/>
    <testcase time="0.0010000000000332" classname="character(0)" name="intial_values_for_fixed_distributions_gives_valid_values"/>
    <testcase time="0.000999999999976353" classname="character(0)" name="intial_values_for_fixed_distributions_gives_valid_values"/>
    <testcase time="0.000999999999976353" classname="character(0)" name="intial_values_for_fixed_distributions_gives_valid_values"/>
    <testcase time="0" classname="character(0)" name="intial_values_for_fixed_distributions_gives_valid_values"/>
    <testcase time="0.0010000000000332" classname="character(0)" name="intial_values_for_fixed_distributions_gives_valid_values"/>
    <testcase time="0.000999999999976353" classname="character(0)" name="intial_values_for_fixed_distributions_gives_valid_values"/>
    <testcase time="0.0010000000000332" classname="character(0)" name="intial_values_for_fixed_distributions_gives_valid_values"/>
    <testcase time="0.000999999999976353" classname="character(0)" name="intial_values_for_fixed_distributions_gives_valid_values"/>
    <testcase time="0.0010000000000332" classname="character(0)" name="intial_values_for_fixed_distributions_gives_valid_values"/>
    <testcase time="0.000999999999976353" classname="character(0)" name="intial_values_for_fixed_distributions_gives_valid_values"/>
    <testcase time="0.000999999999976353" classname="character(0)" name="intial_values_for_fixed_distributions_gives_valid_values"/>
    <testcase time="0.0010000000000332" classname="character(0)" name="intial_values_for_fixed_distributions_gives_valid_values"/>
    <testcase time="0" classname="character(0)" name="intial_values_for_fixed_distributions_gives_valid_values"/>
    <testcase time="0.000999999999976353" classname="character(0)" name="intial_values_for_fixed_distributions_gives_valid_values"/>
    <testcase time="0.0010000000000332" classname="character(0)" name="intial_values_for_fixed_distributions_gives_valid_values"/>
    <testcase time="0.000999999999976353" classname="character(0)" name="intial_values_for_fixed_distributions_gives_valid_values"/>
    <testcase time="0.000999999999976353" classname="character(0)" name="intial_values_for_fixed_distributions_gives_valid_values"/>
    <testcase time="0.0010000000000332" classname="character(0)" name="intial_values_for_fixed_distributions_gives_valid_values"/>
    <testcase time="0.000999999999976353" classname="character(0)" name="intial_values_for_fixed_distributions_gives_valid_values"/>
    <testcase time="0.0010000000000332" classname="character(0)" name="intial_values_for_fixed_distributions_gives_valid_values"/>
    <testcase time="0.000999999999976353" classname="character(0)" name="intial_values_for_fixed_distributions_gives_valid_values"/>
    <testcase time="0.0010000000000332" classname="character(0)" name="intial_values_for_fixed_distributions_gives_valid_values"/>
    <testcase time="0.000999999999976353" classname="character(0)" name="intial_values_for_fixed_distributions_gives_valid_values"/>
    <testcase time="0.000999999999976353" classname="character(0)" name="intial_values_for_fixed_distributions_gives_valid_values"/>
    <testcase time="0.0010000000000332" classname="character(0)" name="intial_values_for_fixed_distributions_gives_valid_values"/>
    <testcase time="0.000999999999976353" classname="character(0)" name="intial_values_for_fixed_distributions_gives_valid_values"/>
    <testcase time="0.0010000000000332" classname="character(0)" name="intial_values_for_fixed_distributions_gives_valid_values"/>
    <testcase time="0.000999999999976353" classname="character(0)" name="intial_values_for_fixed_distributions_gives_valid_values"/>
    <testcase time="0.000999999999976353" classname="character(0)" name="intial_values_for_fixed_distributions_gives_valid_values"/>
    <testcase time="0.0010000000000332" classname="character(0)" name="intial_values_for_fixed_distributions_gives_valid_values"/>
    <testcase time="0.000999999999976353" classname="character(0)" name="intial_values_for_fixed_distributions_gives_valid_values"/>
    <testcase time="0.0010000000000332" classname="character(0)" name="intial_values_for_fixed_distributions_gives_valid_values"/>
    <testcase time="0.000999999999976353" classname="character(0)" name="intial_values_for_fixed_distributions_gives_valid_values"/>
    <testcase time="0.000999999999976353" classname="character(0)" name="intial_values_for_fixed_distributions_gives_valid_values"/>
    <testcase time="0.0010000000000332" classname="character(0)" name="intial_values_for_fixed_distributions_gives_valid_values"/>
    <testcase time="0.000999999999976353" classname="character(0)" name="intial_values_for_fixed_distributions_gives_valid_values"/>
    <testcase time="0.0010000000000332" classname="character(0)" name="intial_values_for_fixed_distributions_gives_valid_values"/>
    <testcase time="0.000999999999976353" classname="character(0)" name="intial_values_for_fixed_distributions_gives_valid_values"/>
    <testcase time="0.0010000000000332" classname="character(0)" name="intial_values_for_fixed_distributions_gives_valid_values"/>
    <testcase time="0.000999999999976353" classname="character(0)" name="intial_values_for_fixed_distributions_gives_valid_values"/>
    <testcase time="0.000999999999976353" classname="character(0)" name="intial_values_for_fixed_distributions_gives_valid_values"/>
    <testcase time="0.0010000000000332" classname="character(0)" name="intial_values_for_fixed_distributions_gives_valid_values"/>
    <testcase time="0.000999999999976353" classname="character(0)" name="intial_values_for_fixed_distributions_gives_valid_values"/>
    <testcase time="0.0010000000000332" classname="character(0)" name="intial_values_for_fixed_distributions_gives_valid_values"/>
    <testcase time="0.000999999999976353" classname="character(0)" name="intial_values_for_fixed_distributions_gives_valid_values"/>
    <testcase time="0.000999999999976353" classname="character(0)" name="intial_values_for_fixed_distributions_gives_valid_values"/>
    <testcase time="0.0010000000000332" classname="character(0)" name="intial_values_for_fixed_distributions_gives_valid_values"/>
    <testcase time="0.000999999999976353" classname="character(0)" name="intial_values_for_fixed_distributions_gives_valid_values"/>
    <testcase time="0.0010000000000332" classname="character(0)" name="intial_values_for_fixed_distributions_gives_valid_values"/>
    <testcase time="0.000999999999976353" classname="character(0)" name="intial_values_for_fixed_distributions_gives_valid_values"/>
    <testcase time="0.0010000000000332" classname="character(0)" name="intial_values_for_fixed_distributions_gives_valid_values"/>
    <testcase time="0.000999999999976353" classname="character(0)" name="intial_values_for_fixed_distributions_gives_valid_values"/>
    <testcase time="0.000999999999976353" classname="character(0)" name="intial_values_for_fixed_distributions_gives_valid_values"/>
    <testcase time="0.0010000000000332" classname="character(0)" name="intial_values_for_fixed_distributions_gives_valid_values"/>
    <testcase time="0.00200000000000955" classname="character(0)" name="intial_values_for_fixed_distributions_gives_valid_values"/>
    <testcase time="0.000999999999976353" classname="character(0)" name="intial_values_for_fixed_distributions_gives_valid_values"/>
    <testcase time="0.000999999999976353" classname="character(0)" name="intial_values_for_fixed_distributions_gives_valid_values"/>
    <testcase time="0.0010000000000332" classname="character(0)" name="intial_values_for_fixed_distributions_gives_valid_values"/>
    <testcase time="0.000999999999976353" classname="character(0)" name="intial_values_for_fixed_distributions_gives_valid_values"/>
    <testcase time="0.0010000000000332" classname="character(0)" name="intial_values_for_fixed_distributions_gives_valid_values"/>
    <testcase time="0.000999999999976353" classname="character(0)" name="intial_values_for_fixed_distributions_gives_valid_values"/>
    <testcase time="0.0010000000000332" classname="character(0)" name="intial_values_for_fixed_distributions_gives_valid_values"/>
    <testcase time="0.000999999999976353" classname="character(0)" name="intial_values_for_fixed_distributions_gives_valid_values"/>
    <testcase time="0.000999999999976353" classname="character(0)" name="intial_values_for_fixed_distributions_gives_valid_values"/>
    <testcase time="0.0010000000000332" classname="character(0)" name="intial_values_for_fixed_distributions_gives_valid_values"/>
    <testcase time="0.000999999999976353" classname="character(0)" name="intial_values_for_fixed_distributions_gives_valid_values"/>
    <testcase time="0.000999999999976353" classname="character(0)" name="intial_values_for_fixed_distributions_gives_valid_values"/>
    <testcase time="0.000999999999976353" classname="character(0)" name="intial_values_for_fixed_distributions_gives_valid_values"/>
    <testcase time="0.0010000000000332" classname="character(0)" name="intial_values_for_fixed_distributions_gives_valid_values"/>
    <testcase time="0.000999999999976353" classname="character(0)" name="intial_values_for_fixed_distributions_gives_valid_values"/>
    <testcase time="0.0010000000000332" classname="character(0)" name="intial_values_for_fixed_distributions_gives_valid_values"/>
    <testcase time="0.000999999999976353" classname="character(0)" name="intial_values_for_fixed_distributions_gives_valid_values"/>
    <testcase time="0.00200000000000955" classname="character(0)" name="intial_values_for_fixed_distributions_gives_valid_values"/>
    <testcase time="0.000999999999976353" classname="character(0)" name="intial_values_for_fixed_distributions_gives_valid_values"/>
    <testcase time="0.0010000000000332" classname="character(0)" name="intial_values_for_fixed_distributions_gives_valid_values"/>
    <testcase time="0.000999999999976353" classname="character(0)" name="intial_values_for_fixed_distributions_gives_valid_values"/>
    <testcase time="0.0010000000000332" classname="character(0)" name="intial_values_for_fixed_distributions_gives_valid_values"/>
    <testcase time="0.00199999999995271" classname="character(0)" name="intial_values_for_fixed_distributions_gives_valid_values"/>
    <testcase time="0.0010000000000332" classname="character(0)" name="intial_values_for_fixed_distributions_gives_valid_values"/>
    <testcase time="0.000999999999976353" classname="character(0)" name="intial_values_for_fixed_distributions_gives_valid_values"/>
    <testcase time="0.0010000000000332" classname="character(0)" name="intial_values_for_fixed_distributions_gives_valid_values"/>
    <testcase time="0.000999999999976353" classname="character(0)" name="intial_values_for_fixed_distributions_gives_valid_values"/>
    <testcase time="0.0010000000000332" classname="character(0)" name="intial_values_for_fixed_distributions_gives_valid_values"/>
    <testcase time="0.00199999999995271" classname="character(0)" name="intial_values_for_fixed_distributions_gives_valid_values"/>
    <testcase time="0.0010000000000332" classname="character(0)" name="intial_values_for_fixed_distributions_gives_valid_values"/>
    <testcase time="0.000999999999976353" classname="character(0)" name="intial_values_for_fixed_distributions_gives_valid_values"/>
    <testcase time="0.0010000000000332" classname="character(0)" name="intial_values_for_fixed_distributions_gives_valid_values"/>
    <testcase time="0.00199999999995271" classname="character(0)" name="intial_values_for_fixed_distributions_gives_valid_values"/>
    <testcase time="0.0010000000000332" classname="character(0)" name="intial_values_for_fixed_distributions_gives_valid_values"/>
    <testcase time="0.000999999999976353" classname="character(0)" name="intial_values_for_fixed_distributions_gives_valid_values"/>
    <testcase time="0.0010000000000332" classname="character(0)" name="intial_values_for_fixed_distributions_gives_valid_values"/>
    <testcase time="0.00200000000000955" classname="character(0)" name="intial_values_for_fixed_distributions_gives_valid_values"/>
    <testcase time="0.000999999999976353" classname="character(0)" name="intial_values_for_fixed_distributions_gives_valid_values"/>
    <testcase time="0.000999999999976353" classname="character(0)" name="intial_values_for_fixed_distributions_gives_valid_values"/>
    <testcase time="0.0010000000000332" classname="character(0)" name="intial_values_for_fixed_distributions_gives_valid_values"/>
    <testcase time="0.00200000000000955" classname="character(0)" name="intial_values_for_fixed_distributions_gives_valid_values"/>
    <testcase time="0.000999999999976353" classname="character(0)" name="intial_values_for_fixed_distributions_gives_valid_values"/>
    <testcase time="0.000999999999976353" classname="character(0)" name="intial_values_for_fixed_distributions_gives_valid_values"/>
    <testcase time="0.0010000000000332" classname="character(0)" name="intial_values_for_fixed_distributions_gives_valid_values"/>
    <testcase time="0.00200000000000955" classname="character(0)" name="intial_values_for_fixed_distributions_gives_valid_values"/>
    <testcase time="0.000999999999976353" classname="character(0)" name="intial_values_for_fixed_distributions_gives_valid_values"/>
    <testcase time="0.0010000000000332" classname="character(0)" name="intial_values_for_fixed_distributions_gives_valid_values"/>
    <testcase time="0.000999999999976353" classname="character(0)" name="intial_values_for_fixed_distributions_gives_valid_values"/>
    <testcase time="0.00200000000000955" classname="character(0)" name="intial_values_for_fixed_distributions_gives_valid_values"/>
    <testcase time="0.000999999999976353" classname="character(0)" name="intial_values_for_fixed_distributions_gives_valid_values"/>
    <testcase time="0.0010000000000332" classname="character(0)" name="intial_values_for_fixed_distributions_gives_valid_values"/>
    <testcase time="0.00199999999995271" classname="character(0)" name="intial_values_for_fixed_distributions_gives_valid_values"/>
    <testcase time="0.0010000000000332" classname="character(0)" name="intial_values_for_fixed_distributions_gives_valid_values"/>
    <testcase time="0.000999999999976353" classname="character(0)" name="intial_values_for_fixed_distributions_gives_valid_values"/>
    <testcase time="0.0010000000000332" classname="character(0)" name="intial_values_for_fixed_distributions_gives_valid_values"/>
    <testcase time="0.00200000000000955" classname="character(0)" name="intial_values_for_fixed_distributions_gives_valid_values"/>
    <testcase time="0.000999999999976353" classname="character(0)" name="intial_values_for_fixed_distributions_gives_valid_values"/>
    <testcase time="0.000999999999976353" classname="character(0)" name="intial_values_for_fixed_distributions_gives_valid_values"/>
    <testcase time="0.00200000000000955" classname="character(0)" name="intial_values_for_fixed_distributions_gives_valid_values"/>
    <testcase time="0.0010000000000332" classname="character(0)" name="intial_values_for_fixed_distributions_gives_valid_values"/>
    <testcase time="0.000999999999976353" classname="character(0)" name="intial_values_for_fixed_distributions_gives_valid_values"/>
    <testcase time="0.00200000000000955" classname="character(0)" name="intial_values_for_fixed_distributions_gives_valid_values"/>
    <testcase time="0.000999999999976353" classname="character(0)" name="intial_values_for_fixed_distributions_gives_valid_values"/>
    <testcase time="0.0010000000000332" classname="character(0)" name="intial_values_for_fixed_distributions_gives_valid_values"/>
    <testcase time="0.00200000000000955" classname="character(0)" name="intial_values_for_fixed_distributions_gives_valid_values"/>
    <testcase time="0.000999999999976353" classname="character(0)" name="intial_values_for_fixed_distributions_gives_valid_values"/>
    <testcase time="0.00200000000000955" classname="character(0)" name="intial_values_for_fixed_distributions_gives_valid_values"/>
    <testcase time="0.000999999999976353" classname="character(0)" name="intial_values_for_fixed_distributions_gives_valid_values"/>
    <testcase time="0.0010000000000332" classname="character(0)" name="intial_values_for_fixed_distributions_gives_valid_values"/>
    <testcase time="0.00199999999995271" classname="character(0)" name="intial_values_for_fixed_distributions_gives_valid_values"/>
    <testcase time="0.0010000000000332" classname="character(0)" name="intial_values_for_fixed_distributions_gives_valid_values"/>
    <testcase time="0.000999999999976353" classname="character(0)" name="intial_values_for_fixed_distributions_gives_valid_values"/>
    <testcase time="0.00200000000000955" classname="character(0)" name="intial_values_for_fixed_distributions_gives_valid_values"/>
    <testcase time="0.0010000000000332" classname="character(0)" name="intial_values_for_fixed_distributions_gives_valid_values"/>
    <testcase time="0.000999999999976353" classname="character(0)" name="intial_values_for_fixed_distributions_gives_valid_values"/>
    <testcase time="0.00200000000000955" classname="character(0)" name="intial_values_for_fixed_distributions_gives_valid_values"/>
    <testcase time="0.000999999999976353" classname="character(0)" name="intial_values_for_fixed_distributions_gives_valid_values"/>
    <testcase time="0.00200000000000955" classname="character(0)" name="intial_values_for_fixed_distributions_gives_valid_values"/>
    <testcase time="0.000999999999976353" classname="character(0)" name="intial_values_for_fixed_distributions_gives_valid_values"/>
    <testcase time="0.0010000000000332" classname="character(0)" name="intial_values_for_fixed_distributions_gives_valid_values"/>
    <testcase time="0.00200000000000955" classname="character(0)" name="intial_values_for_fixed_distributions_gives_valid_values"/>
    <testcase time="0.000999999999976353" classname="character(0)" name="intial_values_for_fixed_distributions_gives_valid_values"/>
    <testcase time="0.00200000000000955" classname="character(0)" name="intial_values_for_fixed_distributions_gives_valid_values"/>
    <testcase time="0.000999999999976353" classname="character(0)" name="intial_values_for_fixed_distributions_gives_valid_values"/>
    <testcase time="0.0010000000000332" classname="character(0)" name="intial_values_for_fixed_distributions_gives_valid_values"/>
    <testcase time="0.00200000000000955" classname="character(0)" name="intial_values_for_fixed_distributions_gives_valid_values"/>
    <testcase time="0.000999999999976353" classname="character(0)" name="intial_values_for_fixed_distributions_gives_valid_values"/>
    <testcase time="0.00200000000000955" classname="character(0)" name="intial_values_for_fixed_distributions_gives_valid_values"/>
    <testcase time="0.000999999999976353" classname="character(0)" name="intial_values_for_fixed_distributions_gives_valid_values"/>
    <testcase time="0.00200000000000955" classname="character(0)" name="intial_values_for_fixed_distributions_gives_valid_values"/>
    <testcase time="0.000999999999976353" classname="character(0)" name="intial_values_for_fixed_distributions_gives_valid_values"/>
    <testcase time="0.00200000000000955" classname="character(0)" name="intial_values_for_fixed_distributions_gives_valid_values"/>
    <testcase time="0.0010000000000332" classname="character(0)" name="intial_values_for_fixed_distributions_gives_valid_values"/>
    <testcase time="0.00200000000000955" classname="character(0)" name="intial_values_for_fixed_distributions_gives_valid_values"/>
    <testcase time="0.000999999999976353" classname="character(0)" name="intial_values_for_fixed_distributions_gives_valid_values"/>
    <testcase time="0.00200000000000955" classname="character(0)" name="intial_values_for_fixed_distributions_gives_valid_values"/>
    <testcase time="0.000999999999976353" classname="character(0)" name="intial_values_for_fixed_distributions_gives_valid_values"/>
    <testcase time="0.00200000000000955" classname="character(0)" name="intial_values_for_fixed_distributions_gives_valid_values"/>
    <testcase time="0.000999999999976353" classname="character(0)" name="intial_values_for_fixed_distributions_gives_valid_values"/>
    <testcase time="0.0010000000000332" classname="character(0)" name="intial_values_for_fixed_distributions_gives_valid_values"/>
    <testcase time="0.00200000000000955" classname="character(0)" name="intial_values_for_fixed_distributions_gives_valid_values"/>
    <testcase time="0.00499999999999545" classname="character(0)" name="intial_values_for_fixed_distributions_gives_valid_values"/>
    <testcase time="0.00200000000000955" classname="character(0)" name="intial_values_for_fixed_distributions_gives_valid_values"/>
    <testcase time="0.000999999999976353" classname="character(0)" name="intial_values_for_fixed_distributions_gives_valid_values"/>
    <testcase time="0.00200000000000955" classname="character(0)" name="intial_values_for_fixed_distributions_gives_valid_values"/>
    <testcase time="0.000999999999976353" classname="character(0)" name="intial_values_for_fixed_distributions_gives_valid_values"/>
    <testcase time="0.00200000000000955" classname="character(0)" name="intial_values_for_fixed_distributions_gives_valid_values"/>
    <testcase time="0.0010000000000332" classname="character(0)" name="intial_values_for_fixed_distributions_gives_valid_values"/>
    <testcase time="0.000999999999976353" classname="character(0)" name="intial_values_for_fixed_distributions_gives_valid_values"/>
    <testcase time="0.00200000000000955" classname="character(0)" name="intial_values_for_fixed_distributions_gives_valid_values"/>
    <testcase time="0.00200000000000955" classname="character(0)" name="intial_values_for_fixed_distributions_gives_valid_values"/>
    <testcase time="0.00199999999995271" classname="character(0)" name="intial_values_for_fixed_distributions_gives_valid_values"/>
    <testcase time="0.0010000000000332" classname="character(0)" name="intial_values_for_fixed_distributions_gives_valid_values"/>
    <testcase time="0.00200000000000955" classname="character(0)" name="intial_values_for_fixed_distributions_gives_valid_values"/>
    <testcase time="0.000999999999976353" classname="character(0)" name="intial_values_for_fixed_distributions_gives_valid_values"/>
    <testcase time="0.00200000000000955" classname="character(0)" name="intial_values_for_fixed_distributions_gives_valid_values"/>
    <testcase time="0.000999999999976353" classname="character(0)" name="intial_values_for_fixed_distributions_gives_valid_values"/>
    <testcase time="0.00200000000000955" classname="character(0)" name="intial_values_for_fixed_distributions_gives_valid_values"/>
    <testcase time="0.0010000000000332" classname="character(0)" name="intial_values_for_fixed_distributions_gives_valid_values"/>
    <testcase time="0.00199999999995271" classname="character(0)" name="intial_values_for_fixed_distributions_gives_valid_values"/>
    <testcase time="0.00200000000000955" classname="character(0)" name="intial_values_for_fixed_distributions_gives_valid_values"/>
    <testcase time="0.0010000000000332" classname="character(0)" name="intial_values_for_fixed_distributions_gives_valid_values"/>
    <testcase time="0.00200000000000955" classname="character(0)" name="intial_values_for_fixed_distributions_gives_valid_values"/>
    <testcase time="0.000999999999976353" classname="character(0)" name="intial_values_for_fixed_distributions_gives_valid_values"/>
    <testcase time="0.00200000000000955" classname="character(0)" name="intial_values_for_fixed_distributions_gives_valid_values"/>
    <testcase time="0.000999999999976353" classname="character(0)" name="intial_values_for_fixed_distributions_gives_valid_values"/>
    <testcase time="0.00200000000000955" classname="character(0)" name="intial_values_for_fixed_distributions_gives_valid_values"/>
    <testcase time="0.00200000000000955" classname="character(0)" name="intial_values_for_fixed_distributions_gives_valid_values"/>
    <testcase time="0.000999999999976353" classname="character(0)" name="intial_values_for_fixed_distributions_gives_valid_values"/>
    <testcase time="0.00200000000000955" classname="character(0)" name="intial_values_for_fixed_distributions_gives_valid_values"/>
    <testcase time="0.00200000000000955" classname="character(0)" name="intial_values_for_fixed_distributions_gives_valid_values"/>
    <testcase time="0.000999999999976353" classname="character(0)" name="intial_values_for_fixed_distributions_gives_valid_values"/>
    <testcase time="0.00200000000000955" classname="character(0)" name="intial_values_for_fixed_distributions_gives_valid_values"/>
    <testcase time="0.00200000000000955" classname="character(0)" name="intial_values_for_fixed_distributions_gives_valid_values"/>
    <testcase time="0.000999999999976353" classname="character(0)" name="intial_values_for_fixed_distributions_gives_valid_values"/>
    <testcase time="0.00200000000000955" classname="character(0)" name="intial_values_for_fixed_distributions_gives_valid_values"/>
    <testcase time="0.0010000000000332" classname="character(0)" name="intial_values_for_fixed_distributions_gives_valid_values"/>
    <testcase time="0.00200000000000955" classname="character(0)" name="intial_values_for_fixed_distributions_gives_valid_values"/>
    <testcase time="0.000999999999976353" classname="character(0)" name="intial_values_for_fixed_distributions_gives_valid_values"/>
    <testcase time="0.00200000000000955" classname="character(0)" name="intial_values_for_fixed_distributions_gives_valid_values"/>
    <testcase time="0.00200000000000955" classname="character(0)" name="intial_values_for_fixed_distributions_gives_valid_values"/>
    <testcase time="0.00199999999995271" classname="character(0)" name="intial_values_for_fixed_distributions_gives_valid_values"/>
    <testcase time="0.0010000000000332" classname="character(0)" name="intial_values_for_fixed_distributions_gives_valid_values"/>
    <testcase time="0.00200000000000955" classname="character(0)" name="intial_values_for_fixed_distributions_gives_valid_values"/>
    <testcase time="0.000999999999976353" classname="character(0)" name="intial_values_for_fixed_distributions_gives_valid_values"/>
    <testcase time="0.00200000000000955" classname="character(0)" name="intial_values_for_fixed_distributions_gives_valid_values"/>
    <testcase time="0.000999999999976353" classname="character(0)" name="intial_values_for_fixed_distributions_gives_valid_values"/>
    <testcase time="0.00200000000000955" classname="character(0)" name="intial_values_for_fixed_distributions_gives_valid_values"/>
    <testcase time="0.00200000000000955" classname="character(0)" name="intial_values_for_fixed_distributions_gives_valid_values"/>
    <testcase time="0.000999999999976353" classname="character(0)" name="intial_values_for_fixed_distributions_gives_valid_values"/>
    <testcase time="0.00200000000000955" classname="character(0)" name="intial_values_for_fixed_distributions_gives_valid_values"/>
    <testcase time="0.0010000000000332" classname="character(0)" name="intial_values_for_fixed_distributions_gives_valid_values"/>
    <testcase time="0.00200000000000955" classname="character(0)" name="intial_values_for_fixed_distributions_gives_valid_values"/>
    <testcase time="0.000999999999976353" classname="character(0)" name="intial_values_for_fixed_distributions_gives_valid_values"/>
    <testcase time="0.00200000000000955" classname="character(0)" name="intial_values_for_fixed_distributions_gives_valid_values"/>
    <testcase time="0.00200000000000955" classname="character(0)" name="intial_values_for_fixed_distributions_gives_valid_values"/>
    <testcase time="0.000999999999976353" classname="character(0)" name="intial_values_for_fixed_distributions_gives_valid_values"/>
    <testcase time="0.00200000000000955" classname="character(0)" name="intial_values_for_fixed_distributions_gives_valid_values"/>
    <testcase time="0.00200000000000955" classname="character(0)" name="intial_values_for_fixed_distributions_gives_valid_values"/>
    <testcase time="0.000999999999976353" classname="character(0)" name="intial_values_for_fixed_distributions_gives_valid_values"/>
    <testcase time="0.00200000000000955" classname="character(0)" name="intial_values_for_fixed_distributions_gives_valid_values"/>
    <testcase time="0.000999999999976353" classname="character(0)" name="intial_values_for_fixed_distributions_gives_valid_values"/>
    <testcase time="0.00200000000000955" classname="character(0)" name="intial_values_for_fixed_distributions_gives_valid_values"/>
    <testcase time="0.00200000000000955" classname="character(0)" name="intial_values_for_fixed_distributions_gives_valid_values"/>
    <testcase time="0.00200000000000955" classname="character(0)" name="intial_values_for_fixed_distributions_gives_valid_values"/>
    <testcase time="0.000999999999976353" classname="character(0)" name="intial_values_for_fixed_distributions_gives_valid_values"/>
    <testcase time="0.00200000000000955" classname="character(0)" name="intial_values_for_fixed_distributions_gives_valid_values"/>
    <testcase time="0.00200000000000955" classname="character(0)" name="intial_values_for_fixed_distributions_gives_valid_values"/>
    <testcase time="0.000999999999976353" classname="character(0)" name="intial_values_for_fixed_distributions_gives_valid_values"/>
    <testcase time="0.00200000000000955" classname="character(0)" name="intial_values_for_fixed_distributions_gives_valid_values"/>
    <testcase time="0.00200000000000955" classname="character(0)" name="intial_values_for_fixed_distributions_gives_valid_values"/>
    <testcase time="0.000999999999976353" classname="character(0)" name="intial_values_for_fixed_distributions_gives_valid_values"/>
    <testcase time="0.00200000000000955" classname="character(0)" name="intial_values_for_fixed_distributions_gives_valid_values"/>
    <testcase time="0.00200000000000955" classname="character(0)" name="intial_values_for_fixed_distributions_gives_valid_values"/>
    <testcase time="0.000999999999976353" classname="character(0)" name="intial_values_for_fixed_distributions_gives_valid_values"/>
    <testcase time="0.00200000000000955" classname="character(0)" name="intial_values_for_fixed_distributions_gives_valid_values"/>
    <testcase time="0.00200000000000955" classname="character(0)" name="intial_values_for_fixed_distributions_gives_valid_values"/>
    <testcase time="0.0010000000000332" classname="character(0)" name="intial_values_for_fixed_distributions_gives_valid_values"/>
    <testcase time="0.00199999999995271" classname="character(0)" name="intial_values_for_fixed_distributions_gives_valid_values"/>
    <testcase time="0.00200000000000955" classname="character(0)" name="intial_values_for_fixed_distributions_gives_valid_values"/>
    <testcase time="0.00200000000000955" classname="character(0)" name="intial_values_for_fixed_distributions_gives_valid_values"/>
    <testcase time="0.000999999999976353" classname="character(0)" name="intial_values_for_fixed_distributions_gives_valid_values"/>
    <testcase time="0.00200000000000955" classname="character(0)" name="intial_values_for_fixed_distributions_gives_valid_values"/>
    <testcase time="0.00200000000000955" classname="character(0)" name="intial_values_for_fixed_distributions_gives_valid_values"/>
    <testcase time="0.00200000000000955" classname="character(0)" name="intial_values_for_fixed_distributions_gives_valid_values"/>
    <testcase time="0.000999999999976353" classname="character(0)" name="intial_values_for_fixed_distributions_gives_valid_values"/>
    <testcase time="0.00200000000000955" classname="character(0)" name="intial_values_for_fixed_distributions_gives_valid_values"/>
    <testcase time="0.00200000000000955" classname="character(0)" name="intial_values_for_fixed_distributions_gives_valid_values"/>
    <testcase time="0.00200000000000955" classname="character(0)" name="intial_values_for_fixed_distributions_gives_valid_values"/>
    <testcase time="0.000999999999976353" classname="character(0)" name="intial_values_for_fixed_distributions_gives_valid_values"/>
    <testcase time="0.00200000000000955" classname="character(0)" name="intial_values_for_fixed_distributions_gives_valid_values"/>
    <testcase time="0.00200000000000955" classname="character(0)" name="intial_values_for_fixed_distributions_gives_valid_values"/>
    <testcase time="0.00200000000000955" classname="character(0)" name="intial_values_for_fixed_distributions_gives_valid_values"/>
    <testcase time="0.000999999999976353" classname="character(0)" name="intial_values_for_fixed_distributions_gives_valid_values"/>
    <testcase time="0.00200000000000955" classname="character(0)" name="intial_values_for_fixed_distributions_gives_valid_values"/>
    <testcase time="0.00200000000000955" classname="character(0)" name="intial_values_for_fixed_distributions_gives_valid_values"/>
    <testcase time="0.00200000000000955" classname="character(0)" name="intial_values_for_fixed_distributions_gives_valid_values"/>
    <testcase time="0.00200000000000955" classname="character(0)" name="intial_values_for_fixed_distributions_gives_valid_values"/>
    <testcase time="0.000999999999976353" classname="character(0)" name="intial_values_for_fixed_distributions_gives_valid_values"/>
    <testcase time="0.00200000000000955" classname="character(0)" name="intial_values_for_fixed_distributions_gives_valid_values"/>
    <testcase time="0.00200000000000955" classname="character(0)" name="intial_values_for_fixed_distributions_gives_valid_values"/>
    <testcase time="0.00199999999995271" classname="character(0)" name="intial_values_for_fixed_distributions_gives_valid_values"/>
    <testcase time="0.00200000000000955" classname="character(0)" name="intial_values_for_fixed_distributions_gives_valid_values"/>
    <testcase time="0.00200000000000955" classname="character(0)" name="intial_values_for_fixed_distributions_gives_valid_values"/>
    <testcase time="0.00200000000000955" classname="character(0)" name="intial_values_for_fixed_distributions_gives_valid_values"/>
    <testcase time="0.00200000000000955" classname="character(0)" name="intial_values_for_fixed_distributions_gives_valid_values"/>
    <testcase time="0.00200000000000955" classname="character(0)" name="intial_values_for_fixed_distributions_gives_valid_values"/>
    <testcase time="0.00199999999995271" classname="character(0)" name="intial_values_for_fixed_distributions_gives_valid_values"/>
    <testcase time="0.0010000000000332" classname="character(0)" name="intial_values_for_fixed_distributions_gives_valid_values"/>
    <testcase time="0.00599999999997181" classname="character(0)" name="intial_values_for_fixed_distributions_gives_valid_values"/>
    <testcase time="0.00200000000000955" classname="character(0)" name="intial_values_for_fixed_distributions_gives_valid_values"/>
    <testcase time="0.00200000000000955" classname="character(0)" name="intial_values_for_fixed_distributions_gives_valid_values"/>
    <testcase time="0.000999999999976353" classname="character(0)" name="intial_values_for_fixed_distributions_gives_valid_values"/>
    <testcase time="0.000999999999976353" classname="character(0)" name="intial_values_for_fixed_distributions_gives_valid_values"/>
    <testcase time="0.00200000000000955" classname="character(0)" name="intial_values_for_fixed_distributions_gives_valid_values"/>
    <testcase time="0.00200000000000955" classname="character(0)" name="intial_values_for_fixed_distributions_gives_valid_values"/>
    <testcase time="0.00200000000000955" classname="character(0)" name="intial_values_for_fixed_distributions_gives_valid_values"/>
    <testcase time="0.00200000000000955" classname="character(0)" name="intial_values_for_fixed_distributions_gives_valid_values"/>
    <testcase time="0.00199999999995271" classname="character(0)" name="intial_values_for_fixed_distributions_gives_valid_values"/>
    <testcase time="0.0010000000000332" classname="character(0)" name="intial_values_for_fixed_distributions_gives_valid_values"/>
    <testcase time="0.00200000000000955" classname="character(0)" name="intial_values_for_fixed_distributions_gives_valid_values"/>
    <testcase time="0.00200000000000955" classname="character(0)" name="intial_values_for_fixed_distributions_gives_valid_values"/>
    <testcase time="0.00199999999995271" classname="character(0)" name="intial_values_for_fixed_distributions_gives_valid_values"/>
    <testcase time="0.00200000000000955" classname="character(0)" name="intial_values_for_fixed_distributions_gives_valid_values"/>
    <testcase time="0.00200000000000955" classname="character(0)" name="intial_values_for_fixed_distributions_gives_valid_values"/>
    <testcase time="0.00200000000000955" classname="character(0)" name="intial_values_for_fixed_distributions_gives_valid_values"/>
    <testcase time="0.00200000000000955" classname="character(0)" name="intial_values_for_fixed_distributions_gives_valid_values"/>
    <testcase time="0.00199999999995271" classname="character(0)" name="intial_values_for_fixed_distributions_gives_valid_values"/>
    <testcase time="0.0010000000000332" classname="character(0)" name="intial_values_for_fixed_distributions_gives_valid_values"/>
    <testcase time="0.00200000000000955" classname="character(0)" name="intial_values_for_fixed_distributions_gives_valid_values"/>
    <testcase time="0.00200000000000955" classname="character(0)" name="intial_values_for_fixed_distributions_gives_valid_values"/>
    <testcase time="0.00199999999995271" classname="character(0)" name="intial_values_for_fixed_distributions_gives_valid_values"/>
    <testcase time="0.00200000000000955" classname="character(0)" name="intial_values_for_fixed_distributions_gives_valid_values"/>
    <testcase time="0.00200000000000955" classname="character(0)" name="intial_values_for_fixed_distributions_gives_valid_values"/>
    <testcase time="0.00200000000000955" classname="character(0)" name="intial_values_for_fixed_distributions_gives_valid_values"/>
    <testcase time="0.00200000000000955" classname="character(0)" name="intial_values_for_fixed_distributions_gives_valid_values"/>
    <testcase time="0.00200000000000955" classname="character(0)" name="intial_values_for_fixed_distributions_gives_valid_values"/>
    <testcase time="0.00199999999995271" classname="character(0)" name="intial_values_for_fixed_distributions_gives_valid_values"/>
    <testcase time="0.0010000000000332" classname="character(0)" name="intial_values_for_fixed_distributions_gives_valid_values"/>
  </testsuite>
  <testsuite name="jinjar_render" timestamp="2025-02-20T16:33:24Z" hostname="a3d2ce6087b0" tests="2" skipped="0" failures="0" errors="0" time="0.055">
    <testcase time="0.0539999999999736" classname="character(0)" name="Basic_Jinjar_syntax_works_with_decorated_render_"/>
    <testcase time="0.0010000000000332" classname="character(0)" name="Basic_Jinjar_syntax_works_with_decorated_render_"/>
  </testsuite>
  <testsuite name="jinjar_render" timestamp="2025-02-20T16:33:24Z" hostname="a3d2ce6087b0" tests="1" skipped="0" failures="0" errors="0" time="0.002">
    <testcase time="0.00200000000000955" classname="character(0)" name="Global_variables_defined_by_decorated_render_are_usable"/>
  </testsuite>
  <testsuite name="longitudinal_plot" timestamp="2025-02-20T16:33:24Z" hostname="a3d2ce6087b0" tests="2" skipped="0" failures="0" errors="0" time="0.415">
    <testcase time="0.414999999999964" classname="character(0)" name="longitudinal_plot_works_as_expected"/>
    <testcase time="0" classname="character(0)" name="longitudinal_plot_works_as_expected"/>
  </testsuite>
  <testsuite name="misc_models" timestamp="2025-02-20T16:33:32Z" hostname="a3d2ce6087b0" tests="1" skipped="0" failures="0" errors="0" time="8.214">
    <testcase time="8.214" classname="character(0)" name="Longitudinal_Model_doesn_t_print_sampler_rejection_messages"/>
  </testsuite>
  <testsuite name="brierScore" timestamp="2025-02-20T16:33:45Z" hostname="a3d2ce6087b0" tests="1" skipped="0" failures="0" errors="0" time="12.488">
    <testcase time="12.488" classname="character(0)" name="brierScore_SurvivalQuantities_returns_same_results_as_survreg"/>
  </testsuite>
  <testsuite name="brierScore" timestamp="2025-02-20T16:33:45Z" hostname="a3d2ce6087b0" tests="1" skipped="0" failures="0" errors="0" time="0.003">
    <testcase time="0.0029999999999859" classname="character(0)" name="brier_score_weight_matrix_is_correctly_calculated"/>
  </testsuite>
  <testsuite name="brierScore" timestamp="2025-02-20T16:33:45Z" hostname="a3d2ce6087b0" tests="1" skipped="0" failures="0" errors="0" time="0.003">
    <testcase time="0.00300000000004275" classname="character(0)" name="match_order_works_as_expected"/>
  </testsuite>
  <testsuite name="brierScore" timestamp="2025-02-20T16:33:45Z" hostname="a3d2ce6087b0" tests="1" skipped="0" failures="0" errors="0" time="0.003">
    <testcase time="0.0029999999999859" classname="character(0)" name="bs_get_squared_dist_works_as_expected"/>
  </testsuite>
  <testsuite name="brierScore" timestamp="2025-02-20T16:33:45Z" hostname="a3d2ce6087b0" tests="2" skipped="0" failures="0" errors="0" time="0.004">
    <testcase time="0.0029999999999859" classname="character(0)" name="reverse_km_event_first_and_reverse_km_cen_first_work_as_expected"/>
    <testcase time="0.0010000000000332" classname="character(0)" name="reverse_km_event_first_and_reverse_km_cen_first_work_as_expected"/>
  </testsuite>
  <testsuite name="brierScore" timestamp="2025-02-20T16:33:45Z" hostname="a3d2ce6087b0" tests="1" skipped="0" failures="0" errors="0" time="0.003">
    <testcase time="0.0029999999999859" classname="character(0)" name="brierScore_works_on_logical_events_438"/>
  </testsuite>
  <testsuite name="options" timestamp="2025-02-20T16:33:45Z" hostname="a3d2ce6087b0" tests="4" skipped="0" failures="0" errors="0" time="0.054">
    <testcase time="0.0529999999999973" classname="character(0)" name="Can_alter_Gaussian_Quadrature_arguments"/>
    <testcase time="0" classname="character(0)" name="Can_alter_Gaussian_Quadrature_arguments"/>
    <testcase time="0.000999999999976353" classname="character(0)" name="Can_alter_Gaussian_Quadrature_arguments"/>
    <testcase time="0" classname="character(0)" name="Can_alter_Gaussian_Quadrature_arguments"/>
  </testsuite>
  <testsuite name="model_multi_chain" timestamp="2025-02-20T16:34:08Z" hostname="a3d2ce6087b0" tests="1" skipped="0" failures="0" errors="0" time="23.148">
    <testcase time="23.148" classname="character(0)" name="Can_recover_known_distribution_parameters_from_random_slope_model_when_using_multiple_chains"/>
  </testsuite>
  <testsuite name="survival_plot" timestamp="2025-02-20T16:34:09Z" hostname="a3d2ce6087b0" tests="6" skipped="0" failures="0" errors="0" time="0.631">
    <testcase time="0.625999999999976" classname="character(0)" name="survival_plot_works_as_expected"/>
    <testcase time="0.0010000000000332" classname="character(0)" name="survival_plot_works_as_expected"/>
    <testcase time="0.000999999999976353" classname="character(0)" name="survival_plot_works_as_expected"/>
    <testcase time="0.0010000000000332" classname="character(0)" name="survival_plot_works_as_expected"/>
    <testcase time="0.000999999999976353" classname="character(0)" name="survival_plot_works_as_expected"/>
    <testcase time="0.000999999999976353" classname="character(0)" name="survival_plot_works_as_expected"/>
  </testsuite>
  <testsuite name="utilities" timestamp="2025-02-20T16:34:09Z" hostname="a3d2ce6087b0" tests="1" skipped="0" failures="0" errors="0" time="0.282">
    <testcase time="0.282000000000039" classname="character(0)" name="get_missing_rownumbers_works_as_expected"/>
  </testsuite>
  <testsuite name="utilities" timestamp="2025-02-20T16:34:09Z" hostname="a3d2ce6087b0" tests="1" skipped="0" failures="0" errors="0" time="0.002">
    <testcase time="0.00200000000000955" classname="character(0)" name="remove_missing_rows_works_as_expected"/>
  </testsuite>
  <testsuite name="utilities" timestamp="2025-02-20T16:34:09Z" hostname="a3d2ce6087b0" tests="1" skipped="0" failures="0" errors="0" time="0.002">
    <testcase time="0.00199999999995271" classname="character(0)" name="expand_initial_values_works_as_expected"/>
  </testsuite>
  <testsuite name="utilities" timestamp="2025-02-20T16:34:09Z" hostname="a3d2ce6087b0" tests="1" skipped="0" failures="0" errors="0" time="0.002">
    <testcase time="0.00200000000000955" classname="character(0)" name="replace_with_lookup_works_and_sets_array_attributes_as_expected"/>
  </testsuite>
  <testsuite name="utilities" timestamp="2025-02-20T16:34:09Z" hostname="a3d2ce6087b0" tests="1" skipped="0" failures="0" errors="0" time="0.002">
    <testcase time="0.00200000000000955" classname="character(0)" name="replace_with_lookup_asserts_sizes_as_numbers_as_expected"/>
  </testsuite>
  <testsuite name="utilities" timestamp="2025-02-20T16:34:09Z" hostname="a3d2ce6087b0" tests="1" skipped="0" failures="0" errors="0" time="0.002">
    <testcase time="0.00200000000000955" classname="character(0)" name="replace_with_lookup_asserts_looked_up_sizes_as_numbers_as_expected"/>
  </testsuite>
  <testsuite name="utilities" timestamp="2025-02-20T16:34:09Z" hostname="a3d2ce6087b0" tests="2" skipped="0" failures="0" errors="0" time="0.002">
    <testcase time="0.000999999999976353" classname="character(0)" name="samples_median_ci_works_as_expected"/>
    <testcase time="0.0010000000000332" classname="character(0)" name="samples_median_ci_works_as_expected"/>
  </testsuite>
  <testsuite name="utilities" timestamp="2025-02-20T16:34:09Z" hostname="a3d2ce6087b0" tests="2" skipped="0" failures="0" errors="0" time="0.002">
    <testcase time="0.00200000000000955" classname="character(0)" name="samples_median_ci_works_with_a_custom_credibility_level"/>
    <testcase time="0" classname="character(0)" name="samples_median_ci_works_with_a_custom_credibility_level"/>
  </testsuite>
  <testsuite name="utilities" timestamp="2025-02-20T16:34:09Z" hostname="a3d2ce6087b0" tests="8" skipped="0" failures="0" errors="0" time="0.006">
    <testcase time="0.00199999999995271" classname="character(0)" name="validate_time_grid_works_as_expected"/>
    <testcase time="0.0010000000000332" classname="character(0)" name="validate_time_grid_works_as_expected"/>
    <testcase time="0" classname="character(0)" name="validate_time_grid_works_as_expected"/>
    <testcase time="0.000999999999976353" classname="character(0)" name="validate_time_grid_works_as_expected"/>
    <testcase time="0" classname="character(0)" name="validate_time_grid_works_as_expected"/>
    <testcase time="0.0010000000000332" classname="character(0)" name="validate_time_grid_works_as_expected"/>
    <testcase time="0" classname="character(0)" name="validate_time_grid_works_as_expected"/>
    <testcase time="0.000999999999976353" classname="character(0)" name="validate_time_grid_works_as_expected"/>
  </testsuite>
  <testsuite name="utilities" timestamp="2025-02-20T16:34:09Z" hostname="a3d2ce6087b0" tests="7" skipped="0" failures="0" errors="0" time="0.004">
    <testcase time="0.000999999999976353" classname="character(0)" name="expand_subjects_works_as_expected"/>
    <testcase time="0.0010000000000332" classname="character(0)" name="expand_subjects_works_as_expected"/>
    <testcase time="0" classname="character(0)" name="expand_subjects_works_as_expected"/>
    <testcase time="0.000999999999976353" classname="character(0)" name="expand_subjects_works_as_expected"/>
    <testcase time="0" classname="character(0)" name="expand_subjects_works_as_expected"/>
    <testcase time="0.0010000000000332" classname="character(0)" name="expand_subjects_works_as_expected"/>
    <testcase time="0" classname="character(0)" name="expand_subjects_works_as_expected"/>
  </testsuite>
  <testsuite name="utilities" timestamp="2025-02-20T16:34:09Z" hostname="a3d2ce6087b0" tests="5" skipped="0" failures="0" errors="0" time="0.004">
    <testcase time="0.00200000000000955" classname="character(0)" name="decompose_subjects_works_as_expected"/>
    <testcase time="0.000999999999976353" classname="character(0)" name="decompose_subjects_works_as_expected"/>
    <testcase time="0" classname="character(0)" name="decompose_subjects_works_as_expected"/>
    <testcase time="0.000999999999976353" classname="character(0)" name="decompose_subjects_works_as_expected"/>
    <testcase time="0" classname="character(0)" name="decompose_subjects_works_as_expected"/>
  </testsuite>
  <testsuite name="utilities" timestamp="2025-02-20T16:34:09Z" hostname="a3d2ce6087b0" tests="2" skipped="0" failures="0" errors="0" time="0.002">
    <testcase time="0.00200000000000955" classname="character(0)" name="add_missing_stan_blocks_works_as_expected"/>
    <testcase time="0" classname="character(0)" name="add_missing_stan_blocks_works_as_expected"/>
  </testsuite>
  <testsuite name="stan_functions" timestamp="2025-02-20T16:34:13Z" hostname="a3d2ce6087b0" tests="1" skipped="0" failures="0" errors="0" time="4.12">
    <testcase time="4.12" classname="character(0)" name="GSF_SLD_function_works_as_expected"/>
  </testsuite>
  <testsuite name="stan_functions" timestamp="2025-02-20T16:34:13Z" hostname="a3d2ce6087b0" tests="2" skipped="0" failures="0" errors="0" time="0.003">
    <testcase time="0.00200000000000955" classname="character(0)" name="Normal_Log_Density_functions_work_as_expected"/>
    <testcase time="0.000999999999976353" classname="character(0)" name="Normal_Log_Density_functions_work_as_expected"/>
  </testsuite>
  <testsuite name="stan_functions" timestamp="2025-02-20T16:34:13Z" hostname="a3d2ce6087b0" tests="1" skipped="0" failures="0" errors="0" time="0.002">
    <testcase time="0.00200000000000955" classname="character(0)" name="GSF_Identity_Link_Function_works_as_expected"/>
  </testsuite>
</testsuites>
