<?xml version="1.0" encoding="UTF-8"?>
<testsuites>
  <testsuite name="DataJoint" timestamp="2023-10-09T10:52:46Z" hostname="3714a447defd" tests="11" skipped="0" failures="0" errors="0" time="4.418">
    <testcase time="4.242" classname="DataJoint" name="DataJoint_errors_if_subjects_don_t_allign_after"/>
    <testcase time="0.0579999999999998" classname="DataJoint" name="DataJoint_errors_if_subjects_don_t_allign_after"/>
    <testcase time="0.0340000000000007" classname="DataJoint" name="DataJoint_errors_if_subjects_don_t_allign_after"/>
    <testcase time="0.0109999999999992" classname="DataJoint" name="DataJoint_errors_if_subjects_don_t_allign_after"/>
    <testcase time="0.0200000000000005" classname="DataJoint" name="subset_DataJoint_works_as_expected"/>
    <testcase time="0.00800000000000001" classname="DataJoint" name="subset_DataJoint_works_as_expected"/>
    <testcase time="0.00699999999999967" classname="DataJoint" name="subset_DataJoint_works_as_expected"/>
    <testcase time="0.00800000000000001" classname="DataJoint" name="subset_DataJoint_works_as_expected"/>
    <testcase time="0.00800000000000001" classname="DataJoint" name="subset_DataJoint_works_as_expected"/>
    <testcase time="0.00700000000000056" classname="DataJoint" name="subset_DataJoint_works_as_expected"/>
    <testcase time="0.0149999999999997" classname="DataJoint" name="subset_DataJoint_works_as_expected"/>
  </testsuite>
  <testsuite name="DataLongitudinal" timestamp="2023-10-09T10:52:50Z" hostname="3714a447defd" tests="8" skipped="0" failures="0" errors="0" time="0.077">
    <testcase time="0.0359999999999996" classname="DataLongitudinal" name="DataLongitudinal_being_rendered_to_list_is_as_expected_for_simple_inputs"/>
    <testcase time="0.00500000000000078" classname="DataLongitudinal" name="DataLongitudinal_being_rendered_to_list_is_as_expected_for_simple_inputs"/>
    <testcase time="0.00699999999999967" classname="DataLongitudinal" name="DataLongitudinal_being_rendered_to_list_is_as_expected_for_simple_inputs"/>
    <testcase time="0.00600000000000023" classname="DataLongitudinal" name="DataLongitudinal_being_rendered_to_list_is_as_expected_for_simple_inputs"/>
    <testcase time="0.00599999999999934" classname="DataLongitudinal" name="DataLongitudinal_being_rendered_to_list_is_as_expected_for_simple_inputs"/>
    <testcase time="0.00500000000000078" classname="DataLongitudinal" name="DataLongitudinal_being_rendered_to_list_is_as_expected_for_simple_inputs"/>
    <testcase time="0.00599999999999934" classname="DataLongitudinal" name="DataLongitudinal_being_rendered_to_list_is_as_expected_for_simple_inputs"/>
    <testcase time="0.00600000000000023" classname="DataLongitudinal" name="DataLongitudinal_being_rendered_to_list_is_as_expected_for_simple_inputs"/>
  </testsuite>
  <testsuite name="DataSurvival" timestamp="2023-10-09T10:52:50Z" hostname="3714a447defd" tests="8" skipped="0" failures="0" errors="0" time="0.086">
    <testcase time="0.0360000000000005" classname="DataSurvival" name="Error_Handling"/>
    <testcase time="0.016" classname="DataSurvival" name="DataSurvival_being_rendered_to_list_is_as_expected_for_simple_inputs"/>
    <testcase time="0.00599999999999934" classname="DataSurvival" name="DataSurvival_being_rendered_to_list_is_as_expected_for_simple_inputs"/>
    <testcase time="0.00600000000000023" classname="DataSurvival" name="DataSurvival_being_rendered_to_list_is_as_expected_for_simple_inputs"/>
    <testcase time="0.00600000000000023" classname="DataSurvival" name="DataSurvival_being_rendered_to_list_is_as_expected_for_simple_inputs"/>
    <testcase time="0.00499999999999989" classname="DataSurvival" name="DataSurvival_being_rendered_to_list_is_as_expected_for_simple_inputs"/>
    <testcase time="0.00499999999999989" classname="DataSurvival" name="DataSurvival_being_rendered_to_list_is_as_expected_for_simple_inputs"/>
    <testcase time="0.00600000000000023" classname="DataSurvival" name="DataSurvival_being_rendered_to_list_is_as_expected_for_simple_inputs"/>
  </testsuite>
  <testsuite name="JointModel" timestamp="2023-10-09T10:52:50Z" hostname="3714a447defd" tests="2" skipped="0" failures="0" errors="0" time="0.552">
    <testcase time="0.545999999999999" classname="JointModel" name="JointModel_smoke_tests"/>
    <testcase time="0.00600000000000023" classname="JointModel" name="JointModel_smoke_tests"/>
  </testsuite>
  <testsuite name="LinkGSF" timestamp="2023-10-09T10:52:51Z" hostname="3714a447defd" tests="13" skipped="0" failures="0" errors="0" time="0.389">
    <testcase time="0.0150000000000006" classname="LinkGSF" name="LinkGSF_class_initialization_works_as_expected"/>
    <testcase time="0.00199999999999978" classname="LinkGSF" name="LinkGSF_class_initialization_works_as_expected"/>
    <testcase time="0.0949999999999998" classname="LinkGSF" name="LinkGSF_user_constructor_works_as_expected_with_defaults"/>
    <testcase time="0.00199999999999978" classname="LinkGSF" name="LinkGSF_user_constructor_works_as_expected_with_defaults"/>
    <testcase time="0.0170000000000003" classname="LinkGSF" name="link_gsf_ttg_user_constructor_works_as_expected_with_defaults"/>
    <testcase time="0.00199999999999978" classname="LinkGSF" name="link_gsf_ttg_user_constructor_works_as_expected_with_defaults"/>
    <testcase time="0.0200000000000005" classname="LinkGSF" name="link_gsf_dsld_user_constructor_works_as_expected_with_defaults"/>
    <testcase time="0.00199999999999978" classname="LinkGSF" name="link_gsf_dsld_user_constructor_works_as_expected_with_defaults"/>
    <testcase time="0.0190000000000001" classname="LinkGSF" name="link_gsf_identity_user_constructor_works_as_expected_with_defaults"/>
    <testcase time="0.00199999999999978" classname="LinkGSF" name="link_gsf_identity_user_constructor_works_as_expected_with_defaults"/>
    <testcase time="0.0979999999999999" classname="LinkGSF" name="LinkGSF_returns_correct_defaults_when_no_arguments_are_supplied"/>
    <testcase time="0.0600000000000005" classname="LinkGSF" name="LinkGSF_returns_correct_defaults_when_no_arguments_are_supplied"/>
    <testcase time="0.0549999999999997" classname="LinkGSF" name="LinkGSF_returns_correct_defaults_when_no_arguments_are_supplied"/>
  </testsuite>
  <testsuite name="LinkNone" timestamp="2023-10-09T10:52:51Z" hostname="3714a447defd" tests="5" skipped="0" failures="0" errors="0" time="0.043">
    <testcase time="0.0179999999999998" classname="LinkNone" name="LinkNone_object_is_generated_without_unexpected_input"/>
    <testcase time="0.00900000000000034" classname="LinkNone" name="LinkNone_object_is_generated_without_unexpected_input"/>
    <testcase time="0.00499999999999989" classname="LinkNone" name="LinkNone_object_is_generated_without_unexpected_input"/>
    <testcase time="0.00600000000000023" classname="LinkNone" name="LinkNone_object_is_generated_without_unexpected_input"/>
    <testcase time="0.00499999999999989" classname="LinkNone" name="LinkNone_object_is_generated_without_unexpected_input"/>
  </testsuite>
  <testsuite name="LinkRandomSlope" timestamp="2023-10-09T10:52:51Z" hostname="3714a447defd" tests="3" skipped="0" failures="0" errors="0" time="0.038">
    <testcase time="0.0249999999999995" classname="LinkRandomSlope" name="LinkRandomSlope_smoke_tests"/>
    <testcase time="0.00499999999999989" classname="LinkRandomSlope" name="LinkRandomSlope_smoke_tests"/>
    <testcase time="0.00800000000000001" classname="LinkRandomSlope" name="LinkRandomSlope_smoke_tests"/>
  </testsuite>
  <testsuite name="LongitudinalGSF" timestamp="2023-10-09T10:52:51Z" hostname="3714a447defd" tests="4" skipped="0" failures="0" errors="0" time="60.399">
    <testcase time="0.144" classname="LongitudinalGSF" name="LongitudinalGSF_works_as_expected_with_default_arguments"/>
    <testcase time="0.00200000000000067" classname="LongitudinalGSF" name="LongitudinalGSF_works_as_expected_with_default_arguments"/>
    <testcase time="60.117" classname="LongitudinalGSF" name="LongitudinalGSF_works_as_expected_with_a_single_study"/>
    <testcase time="0.135999999999996" classname="LongitudinalGSF" name="LongitudinalGSF_works_as_expected_with_a_single_study"/>
  </testsuite>
  <testsuite name="LongitudinalQuantiles" timestamp="2023-10-09T10:53:52Z" hostname="3714a447defd" tests="26" skipped="0" failures="0" errors="0" time="62.03">
    <testcase time="9.91800000000001" classname="LongitudinalQuantiles" name="Test_that_LongitudinalQuantities_works_as_expected"/>
    <testcase time="0.00799999999999557" classname="LongitudinalQuantiles" name="Test_that_LongitudinalQuantities_works_as_expected"/>
    <testcase time="0.00600000000000023" classname="LongitudinalQuantiles" name="Test_that_LongitudinalQuantities_works_as_expected"/>
    <testcase time="0.007000000000005" classname="LongitudinalQuantiles" name="Test_that_LongitudinalQuantities_works_as_expected"/>
    <testcase time="3.363" classname="LongitudinalQuantiles" name="Test_that_LongitudinalQuantities_works_as_expected"/>
    <testcase time="0.00600000000000023" classname="LongitudinalQuantiles" name="Test_that_LongitudinalQuantities_works_as_expected"/>
    <testcase time="0.00499999999999545" classname="LongitudinalQuantiles" name="Test_that_LongitudinalQuantities_works_as_expected"/>
    <testcase time="1.756" classname="LongitudinalQuantiles" name="Test_that_LongitudinalQuantities_works_as_expected"/>
    <testcase time="0.00600000000000023" classname="LongitudinalQuantiles" name="Test_that_LongitudinalQuantities_works_as_expected"/>
    <testcase time="0.00799999999999557" classname="LongitudinalQuantiles" name="Test_that_LongitudinalQuantities_works_as_expected"/>
    <testcase time="1.93600000000001" classname="LongitudinalQuantiles" name="Test_that_LongitudinalQuantities_works_as_expected"/>
    <testcase time="0.00600000000000023" classname="LongitudinalQuantiles" name="Test_that_LongitudinalQuantities_works_as_expected"/>
    <testcase time="0.00600000000000023" classname="LongitudinalQuantiles" name="Test_that_LongitudinalQuantities_works_as_expected"/>
    <testcase time="0.00600000000000023" classname="LongitudinalQuantiles" name="Test_that_LongitudinalQuantities_works_as_expected"/>
    <testcase time="0.00600000000000023" classname="LongitudinalQuantiles" name="Test_that_LongitudinalQuantities_works_as_expected"/>
    <testcase time="0.00499999999999545" classname="LongitudinalQuantiles" name="Test_that_LongitudinalQuantities_works_as_expected"/>
    <testcase time="0.070999999999998" classname="LongitudinalQuantiles" name="Test_that_LongitudinalQuantities_works_as_expected"/>
    <testcase time="1.387" classname="LongitudinalQuantiles" name="Test_that_LongitudinalQuantities_works_as_expected"/>
    <testcase time="0.0139999999999958" classname="LongitudinalQuantiles" name="Test_that_LongitudinalQuantities_works_as_expected"/>
    <testcase time="0.0120000000000005" classname="LongitudinalQuantiles" name="Test_that_LongitudinalQuantities_works_as_expected"/>
    <testcase time="0.00800000000000978" classname="LongitudinalQuantiles" name="Test_that_LongitudinalQuantities_works_as_expected"/>
    <testcase time="0.00799999999999557" classname="LongitudinalQuantiles" name="Test_that_LongitudinalQuantities_works_as_expected"/>
    <testcase time="0.007000000000005" classname="LongitudinalQuantiles" name="Test_that_LongitudinalQuantities_works_as_expected"/>
    <testcase time="0.00699999999999079" classname="LongitudinalQuantiles" name="Test_that_LongitudinalQuantities_works_as_expected"/>
    <testcase time="0.0770000000000124" classname="LongitudinalQuantiles" name="Test_that_LongitudinalQuantities_works_as_expected"/>
    <testcase time="43.391" classname="LongitudinalQuantiles" name="LongitudinalQuantities_can_recover_known_results"/>
  </testsuite>
  <testsuite name="ParameterList" timestamp="2023-10-09T10:54:54Z" hostname="3714a447defd" tests="3" skipped="0" failures="0" errors="0" time="0.031">
    <testcase time="0.0190000000000055" classname="ParameterList" name="ParameterList_smoke_tests"/>
    <testcase time="0.00499999999999545" classname="ParameterList" name="ParameterList_smoke_tests"/>
    <testcase time="0.007000000000005" classname="ParameterList" name="ParameterList_smoke_tests"/>
  </testsuite>
  <testsuite name="Parameters" timestamp="2023-10-09T10:54:54Z" hostname="3714a447defd" tests="4" skipped="0" failures="0" errors="0" time="0.041">
    <testcase time="0.0159999999999911" classname="Parameters" name="Parameters_smoke_tests"/>
    <testcase time="0.0150000000000148" classname="Parameters" name="Parameters_smoke_tests"/>
    <testcase time="0.00499999999999545" classname="Parameters" name="Parameters_smoke_tests"/>
    <testcase time="0.00499999999999545" classname="Parameters" name="Parameters_smoke_tests"/>
  </testsuite>
  <testsuite name="Prior" timestamp="2023-10-09T10:54:54Z" hostname="3714a447defd" tests="11" skipped="0" failures="0" errors="0" time="0.089">
    <testcase time="0.0149999999999864" classname="Prior" name="Priors_work_as_expected"/>
    <testcase time="0.00600000000000023" classname="Prior" name="Priors_work_as_expected"/>
    <testcase time="0.00499999999999545" classname="Prior" name="Priors_work_as_expected"/>
    <testcase time="0.00500000000002387" classname="Prior" name="Priors_work_as_expected"/>
    <testcase time="0.0169999999999959" classname="Prior" name="Invalid_prior_parameters_are_rejected"/>
    <testcase time="0.00899999999998613" classname="Prior" name="Invalid_prior_parameters_are_rejected"/>
    <testcase time="0.0100000000000193" classname="Prior" name="Invalid_prior_parameters_are_rejected"/>
    <testcase time="0.00899999999998613" classname="Prior" name="Invalid_prior_parameters_are_rejected"/>
    <testcase time="0.00900000000001455" classname="Prior" name="Invalid_prior_parameters_are_rejected"/>
    <testcase time="0.00199999999998113" classname="Prior" name="Invalid_prior_parameters_are_rejected"/>
    <testcase time="0.00200000000000955" classname="Prior" name="Invalid_prior_parameters_are_rejected"/>
  </testsuite>
  <testsuite name="Quantities" timestamp="2023-10-09T10:54:54Z" hostname="3714a447defd" tests="12" skipped="0" failures="0" errors="0" time="0.122">
    <testcase time="0.0180000000000007" classname="Quantities" name="Simple_utility_functions_work_as_expected"/>
    <testcase time="0.00499999999999545" classname="Quantities" name="Simple_utility_functions_work_as_expected"/>
    <testcase time="0.00600000000000023" classname="Quantities" name="Simple_utility_functions_work_as_expected"/>
    <testcase time="0.00499999999999545" classname="Quantities" name="Simple_utility_functions_work_as_expected"/>
    <testcase time="0.01400000000001" classname="Quantities" name="average_samples_by_index_works_as_expected"/>
    <testcase time="0.007000000000005" classname="Quantities" name="average_samples_by_index_works_as_expected"/>
    <testcase time="0.00699999999997658" classname="Quantities" name="average_samples_by_index_works_as_expected"/>
    <testcase time="0.00800000000000978" classname="Quantities" name="average_samples_by_index_works_as_expected"/>
    <testcase time="0.00900000000001455" classname="Quantities" name="average_samples_by_index_works_as_expected"/>
    <testcase time="0.00799999999998136" classname="Quantities" name="average_samples_by_index_works_as_expected"/>
    <testcase time="0.021000000000015" classname="Quantities" name="summary.Quantiles_works_as_expected"/>
    <testcase time="0.0139999999999816" classname="Quantities" name="as.data.frame.Quantiles_works_as_expected"/>
  </testsuite>
  <testsuite name="SurvivalExponential" timestamp="2023-10-09T10:54:54Z" hostname="3714a447defd" tests="2" skipped="0" failures="0" errors="0" time="9.124">
    <testcase time="3.36700000000002" classname="SurvivalExponential" name="SurvivalExponential_can_recover_true_parameter_no_covariates_"/>
    <testcase time="5.75699999999998" classname="SurvivalExponential" name="SurvivalExponential_can_recover_true_parameter_including_covariates_"/>
  </testsuite>
  <testsuite name="SurvivalQuantities" timestamp="2023-10-09T10:55:03Z" hostname="3714a447defd" tests="34" skipped="0" failures="0" errors="0" time="23.961">
    <testcase time="8.44200000000001" classname="SurvivalQuantities" name="smoke_test_for_summary_SurvivalQuantities_and_autoplot_SurvivalQuantities_"/>
    <testcase time="0.007000000000005" classname="SurvivalQuantities" name="smoke_test_for_summary_SurvivalQuantities_and_autoplot_SurvivalQuantities_"/>
    <testcase time="0.00600000000000023" classname="SurvivalQuantities" name="smoke_test_for_summary_SurvivalQuantities_and_autoplot_SurvivalQuantities_"/>
    <testcase time="0.007000000000005" classname="SurvivalQuantities" name="smoke_test_for_summary_SurvivalQuantities_and_autoplot_SurvivalQuantities_"/>
    <testcase time="3.46000000000001" classname="SurvivalQuantities" name="smoke_test_for_summary_SurvivalQuantities_and_autoplot_SurvivalQuantities_"/>
    <testcase time="0.00599999999997181" classname="SurvivalQuantities" name="smoke_test_for_summary_SurvivalQuantities_and_autoplot_SurvivalQuantities_"/>
    <testcase time="0.00600000000000023" classname="SurvivalQuantities" name="smoke_test_for_summary_SurvivalQuantities_and_autoplot_SurvivalQuantities_"/>
    <testcase time="1.76500000000001" classname="SurvivalQuantities" name="smoke_test_for_summary_SurvivalQuantities_and_autoplot_SurvivalQuantities_"/>
    <testcase time="0.00600000000000023" classname="SurvivalQuantities" name="smoke_test_for_summary_SurvivalQuantities_and_autoplot_SurvivalQuantities_"/>
    <testcase time="5.209" classname="SurvivalQuantities" name="smoke_test_for_summary_SurvivalQuantities_and_autoplot_SurvivalQuantities_"/>
    <testcase time="0.007000000000005" classname="SurvivalQuantities" name="smoke_test_for_summary_SurvivalQuantities_and_autoplot_SurvivalQuantities_"/>
    <testcase time="0.00600000000000023" classname="SurvivalQuantities" name="smoke_test_for_summary_SurvivalQuantities_and_autoplot_SurvivalQuantities_"/>
    <testcase time="0.00699999999997658" classname="SurvivalQuantities" name="smoke_test_for_summary_SurvivalQuantities_and_autoplot_SurvivalQuantities_"/>
    <testcase time="0.00600000000000023" classname="SurvivalQuantities" name="smoke_test_for_summary_SurvivalQuantities_and_autoplot_SurvivalQuantities_"/>
    <testcase time="0.007000000000005" classname="SurvivalQuantities" name="smoke_test_for_summary_SurvivalQuantities_and_autoplot_SurvivalQuantities_"/>
    <testcase time="0.00600000000000023" classname="SurvivalQuantities" name="smoke_test_for_summary_SurvivalQuantities_and_autoplot_SurvivalQuantities_"/>
    <testcase time="1.93300000000002" classname="SurvivalQuantities" name="smoke_test_for_summary_SurvivalQuantities_and_autoplot_SurvivalQuantities_"/>
    <testcase time="0.00699999999997658" classname="SurvivalQuantities" name="smoke_test_for_summary_SurvivalQuantities_and_autoplot_SurvivalQuantities_"/>
    <testcase time="0.0160000000000196" classname="SurvivalQuantities" name="smoke_test_for_summary_SurvivalQuantities_and_autoplot_SurvivalQuantities_"/>
    <testcase time="0.00899999999998613" classname="SurvivalQuantities" name="smoke_test_for_summary_SurvivalQuantities_and_autoplot_SurvivalQuantities_"/>
    <testcase time="0.007000000000005" classname="SurvivalQuantities" name="smoke_test_for_summary_SurvivalQuantities_and_autoplot_SurvivalQuantities_"/>
    <testcase time="1.30799999999999" classname="SurvivalQuantities" name="smoke_test_for_summary_SurvivalQuantities_and_autoplot_SurvivalQuantities_"/>
    <testcase time="0.00800000000000978" classname="SurvivalQuantities" name="smoke_test_for_summary_SurvivalQuantities_and_autoplot_SurvivalQuantities_"/>
    <testcase time="0.00600000000000023" classname="SurvivalQuantities" name="smoke_test_for_summary_SurvivalQuantities_and_autoplot_SurvivalQuantities_"/>
    <testcase time="0.007000000000005" classname="SurvivalQuantities" name="smoke_test_for_summary_SurvivalQuantities_and_autoplot_SurvivalQuantities_"/>
    <testcase time="0.00600000000000023" classname="SurvivalQuantities" name="smoke_test_for_summary_SurvivalQuantities_and_autoplot_SurvivalQuantities_"/>
    <testcase time="0.00600000000000023" classname="SurvivalQuantities" name="smoke_test_for_summary_SurvivalQuantities_and_autoplot_SurvivalQuantities_"/>
    <testcase time="1.655" classname="SurvivalQuantities" name="smoke_test_for_summary_SurvivalQuantities_and_autoplot_SurvivalQuantities_"/>
    <testcase time="0.00799999999998136" classname="SurvivalQuantities" name="smoke_test_for_summary_SurvivalQuantities_and_autoplot_SurvivalQuantities_"/>
    <testcase time="0.00600000000000023" classname="SurvivalQuantities" name="smoke_test_for_summary_SurvivalQuantities_and_autoplot_SurvivalQuantities_"/>
    <testcase time="0.007000000000005" classname="SurvivalQuantities" name="smoke_test_for_summary_SurvivalQuantities_and_autoplot_SurvivalQuantities_"/>
    <testcase time="0.007000000000005" classname="SurvivalQuantities" name="smoke_test_for_summary_SurvivalQuantities_and_autoplot_SurvivalQuantities_"/>
    <testcase time="0.00600000000000023" classname="SurvivalQuantities" name="smoke_test_for_summary_SurvivalQuantities_and_autoplot_SurvivalQuantities_"/>
    <testcase time="0.00600000000000023" classname="SurvivalQuantities" name="smoke_test_for_summary_SurvivalQuantities_and_autoplot_SurvivalQuantities_"/>
  </testsuite>
  <testsuite name="compile" timestamp="2023-10-09T10:55:27Z" hostname="3714a447defd" tests="1" skipped="0" failures="0" errors="0" time="21.424">
    <testcase time="21.424" classname="compile" name="compileStanModel_doesn_t_error_if_the_directory_doesn_t_exist"/>
  </testsuite>
  <testsuite name="extract_quantities" timestamp="2023-10-09T10:55:49Z" hostname="3714a447defd" tests="5" skipped="0" failures="0" errors="0" time="23.635">
    <testcase time="23.49" classname="extract_quantities" name="extract_quantities_works_as_expected"/>
    <testcase time="0.0480000000000018" classname="extract_quantities" name="extract_quantities_works_as_expected"/>
    <testcase time="0.0560000000000116" classname="extract_quantities" name="extract_quantities_works_as_expected"/>
    <testcase time="0.00899999999998613" classname="extract_quantities" name="extract_quantities_works_as_expected"/>
    <testcase time="0.0320000000000107" classname="extract_quantities" name="extract_quantities_works_as_expected"/>
  </testsuite>
  <testsuite name="jinjar_render" timestamp="2023-10-09T10:56:12Z" hostname="3714a447defd" tests="3" skipped="0" failures="0" errors="0" time="0.05">
    <testcase time="0.0229999999999961" classname="jinjar_render" name="Basic_Jinjar_syntax_works_with_decorated_render_"/>
    <testcase time="0.007000000000005" classname="jinjar_render" name="Basic_Jinjar_syntax_works_with_decorated_render_"/>
    <testcase time="0.0200000000000102" classname="jinjar_render" name="Global_variables_defined_by_decorated_render_are_usable"/>
  </testsuite>
  <testsuite name="longitudinal_plot" timestamp="2023-10-09T10:56:12Z" hostname="3714a447defd" tests="1" skipped="1" failures="0" errors="0" time="0.473">
    <testcase time="0.472999999999985" classname="longitudinal_plot" name="longitudinal_plot_works_as_expected">
      <skipped message="Reason: On CRAN ('test-longitudinal_plot.R:42:5')"/>
    </testcase>
  </testsuite>
  <testsuite name="misc_models" timestamp="2023-10-09T10:56:13Z" hostname="3714a447defd" tests="1" skipped="0" failures="0" errors="0" time="1.694">
    <testcase time="1.69400000000002" classname="misc_models" name="Longitudinal_Model_doesn_t_print_sampler_rejection_messages"/>
  </testsuite>
  <testsuite name="model_random_slope" timestamp="2023-10-09T10:56:14Z" hostname="3714a447defd" tests="3" skipped="0" failures="0" errors="0" time="7.841">
    <testcase time="5.63499999999999" classname="model_random_slope" name="Random_Slope_Model_can_recover_known_parameter_values"/>
    <testcase time="1.857" classname="model_random_slope" name="Random_Slope_Model_can_recover_known_parameter_values"/>
    <testcase time="0.34899999999999" classname="model_random_slope" name="Random_Slope_Model_can_recover_known_parameter_values"/>
  </testsuite>
  <testsuite name="model_random_slope_2chain" timestamp="2023-10-09T10:56:22Z" hostname="3714a447defd" tests="1" skipped="0" failures="0" errors="0" time="18.32">
    <testcase time="18.32" classname="model_random_slope_2chain" name="Can_recover_known_distribution_parameters_from_random_slope_model_when_using_multiple_chains"/>
  </testsuite>
  <testsuite name="simulations" timestamp="2023-10-09T10:56:41Z" hostname="3714a447defd" tests="31" skipped="0" failures="0" errors="0" time="1.956">
    <testcase time="0.0289999999999964" classname="simulations" name="sim_lm_gsf_works_as_expected"/>
    <testcase time="0.00600000000000023" classname="simulations" name="sim_lm_gsf_works_as_expected"/>
    <testcase time="0.0319999999999823" classname="simulations" name="sim_lm_gsf_works_as_expected"/>
    <testcase time="0.00600000000000023" classname="simulations" name="sim_lm_gsf_works_as_expected"/>
    <testcase time="0.00600000000000023" classname="simulations" name="sim_lm_gsf_works_as_expected"/>
    <testcase time="0.00499999999999545" classname="simulations" name="sim_lm_gsf_works_as_expected"/>
    <testcase time="0.00600000000000023" classname="simulations" name="sim_lm_gsf_works_as_expected"/>
    <testcase time="0.00500000000002387" classname="simulations" name="sim_lm_gsf_works_as_expected"/>
    <testcase time="0.00499999999999545" classname="simulations" name="sim_lm_gsf_works_as_expected"/>
    <testcase time="0.0109999999999957" classname="simulations" name="sim_lm_random_slope_works_as_expected"/>
    <testcase time="0.00600000000000023" classname="simulations" name="sim_lm_random_slope_works_as_expected"/>
    <testcase time="0.0149999999999864" classname="simulations" name="sim_lm_random_slope_works_as_expected"/>
    <testcase time="0.007000000000005" classname="simulations" name="sim_lm_random_slope_works_as_expected"/>
    <testcase time="0.00600000000000023" classname="simulations" name="sim_lm_random_slope_works_as_expected"/>
    <testcase time="0.0190000000000055" classname="simulations" name="sim_lm_random_slope_works_as_expected"/>
    <testcase time="0.00499999999999545" classname="simulations" name="sim_lm_random_slope_works_as_expected"/>
    <testcase time="0.007000000000005" classname="simulations" name="sim_lm_random_slope_works_as_expected"/>
    <testcase time="0.00600000000000023" classname="simulations" name="sim_lm_random_slope_works_as_expected"/>
    <testcase time="0.525000000000006" classname="simulations" name="simulate_joint_data_works_as_expected"/>
    <testcase time="0.00199999999998113" classname="simulations" name="simulate_joint_data_works_as_expected"/>
    <testcase time="0.00200000000000955" classname="simulations" name="simulate_joint_data_works_as_expected"/>
    <testcase time="0.00499999999999545" classname="simulations" name="simulate_joint_data_works_as_expected"/>
    <testcase time="0.00600000000000023" classname="simulations" name="simulate_joint_data_works_as_expected"/>
    <testcase time="0.00300000000001432" classname="simulations" name="simulate_joint_data_works_as_expected"/>
    <testcase time="0.00499999999999545" classname="simulations" name="simulate_joint_data_works_as_expected"/>
    <testcase time="0.0159999999999911" classname="simulations" name="simulate_joint_data_works_as_expected"/>
    <testcase time="0.402999999999992" classname="simulations" name="simulate_joint_data_leads_to_valid_DataJoint_with_almost_only_default_arguments"/>
    <testcase time="0.392000000000024" classname="simulations" name="sim_os_exponential_creates_a_dataset_with_the_correct_parameter"/>
    <testcase time="0.402999999999992" classname="simulations" name="sim_os_weibull_creates_a_dataset_with_the_correct_parameter"/>
    <testcase time="0.00600000000000023" classname="simulations" name="sim_os_weibull_creates_a_dataset_with_the_correct_parameter"/>
    <testcase time="0.00600000000000023" classname="simulations" name="sim_os_weibull_creates_a_dataset_with_the_correct_parameter"/>
  </testsuite>
  <testsuite name="stan_functions" timestamp="2023-10-09T10:56:43Z" hostname="3714a447defd" tests="4" skipped="0" failures="0" errors="0" time="1.705">
    <testcase time="0.530000000000001" classname="stan_functions" name="GSF_SLD_function_works_as_expected"/>
    <testcase time="0.567999999999984" classname="stan_functions" name="Normal_Log_Density_functions_work_as_expected"/>
    <testcase time="0.0289999999999964" classname="stan_functions" name="Normal_Log_Density_functions_work_as_expected"/>
    <testcase time="0.578000000000003" classname="stan_functions" name="GSF_Identity_Link_Function_works_as_expected"/>
  </testsuite>
  <testsuite name="survival_plot" timestamp="2023-10-09T10:56:44Z" hostname="3714a447defd" tests="1" skipped="1" failures="0" errors="0" time="0.333">
    <testcase time="0.332999999999998" classname="survival_plot" name="survival_plot_works_as_expected">
      <skipped message="Reason: On CRAN ('test-survival_plot.R:66:5')"/>
    </testcase>
  </testsuite>
  <testsuite name="utilities" timestamp="2023-10-09T10:56:45Z" hostname="3714a447defd" tests="31" skipped="0" failures="0" errors="0" time="0.335">
    <testcase time="0.0440000000000111" classname="utilities" name="get_missing_rownumbers_works_as_expected"/>
    <testcase time="0.0130000000000052" classname="utilities" name="remove_missing_rows_works_as_expected"/>
    <testcase time="0.0120000000000005" classname="utilities" name="expand_initial_values_works_as_expected"/>
    <testcase time="0.0120000000000005" classname="utilities" name="replace_with_lookup_works_and_sets_array_attributes_as_expected"/>
    <testcase time="0.0139999999999816" classname="utilities" name="replace_with_lookup_asserts_sizes_as_numbers_as_expected"/>
    <testcase time="0.01400000000001" classname="utilities" name="replace_with_lookup_asserts_looked_up_sizes_as_numbers_as_expected"/>
    <testcase time="0.0109999999999957" classname="utilities" name="samples_median_ci_works_as_expected"/>
    <testcase time="0.0100000000000193" classname="utilities" name="samples_median_ci_works_as_expected"/>
    <testcase time="0.0109999999999957" classname="utilities" name="samples_median_ci_works_with_a_custom_credibility_level"/>
    <testcase time="0.00999999999999091" classname="utilities" name="samples_median_ci_works_with_a_custom_credibility_level"/>
    <testcase time="0.0120000000000005" classname="utilities" name="expand_time_grid_works_as_expected"/>
    <testcase time="0.0150000000000148" classname="utilities" name="expand_time_grid_works_as_expected"/>
    <testcase time="0.00600000000000023" classname="utilities" name="expand_time_grid_works_as_expected"/>
    <testcase time="0.00699999999997658" classname="utilities" name="expand_time_grid_works_as_expected"/>
    <testcase time="0.007000000000005" classname="utilities" name="expand_time_grid_works_as_expected"/>
    <testcase time="0.007000000000005" classname="utilities" name="expand_time_grid_works_as_expected"/>
    <testcase time="0.007000000000005" classname="utilities" name="expand_time_grid_works_as_expected"/>
    <testcase time="0.0120000000000005" classname="utilities" name="expand_patients_works_as_expected"/>
    <testcase time="0.00499999999999545" classname="utilities" name="expand_patients_works_as_expected"/>
    <testcase time="0.00499999999999545" classname="utilities" name="expand_patients_works_as_expected"/>
    <testcase time="0.00600000000000023" classname="utilities" name="expand_patients_works_as_expected"/>
    <testcase time="0.007000000000005" classname="utilities" name="expand_patients_works_as_expected"/>
    <testcase time="0.00600000000000023" classname="utilities" name="expand_patients_works_as_expected"/>
    <testcase time="0.007000000000005" classname="utilities" name="expand_patients_works_as_expected"/>
    <testcase time="0.0180000000000007" classname="utilities" name="decompose_patients_works_as_expected"/>
    <testcase time="0.0109999999999957" classname="utilities" name="decompose_patients_works_as_expected"/>
    <testcase time="0.0120000000000005" classname="utilities" name="decompose_patients_works_as_expected"/>
    <testcase time="0.007000000000005" classname="utilities" name="decompose_patients_works_as_expected"/>
    <testcase time="0.00799999999998136" classname="utilities" name="decompose_patients_works_as_expected"/>
    <testcase time="0.0130000000000052" classname="utilities" name="add_missing_stan_blocks_works_as_expected"/>
    <testcase time="0.00600000000000023" classname="utilities" name="add_missing_stan_blocks_works_as_expected"/>
  </testsuite>
</testsuites>
